0	06:33:13.078	Custom indicator fadedbckgrnd2__1 GBPUSD,M5: loaded successfully
0	06:33:13.078	Custom indicator FixedChartScale GBPUSD,M5: loaded successfully
0	06:33:13.187	Custom indicator Price Pro Value Chart Profissional - PT-BR GBPUSD,M5: loaded successfully
0	06:33:13.203	fadedbckgrnd2__1 GBPUSD,M5: initialized
0	06:33:13.219	FixedChartScale GBPUSD,M5: initialized
0	06:33:13.375	Price Pro Value Chart Profissional - PT-BR GBPUSD,M5: Alert: Falha: Preencha o campo ID Metatrader.
3	06:33:13.375	Price Pro Value Chart Profissional - PT-BR GBPUSD,M5: initialization failed (1)
0	06:33:13.375	Price Pro Value Chart Profissional - PT-BR GBPUSD,M5: uninit reason 8
0	06:33:13.391	Custom indicator Price Pro Value Chart Profissional - PT-BR GBPUSD,M5: removed
0	06:33:13.410	Custom indicator fadedbckgrnd2__1 EURGBP,M5: loaded successfully
0	06:33:13.410	Custom indicator FixedChartScale EURGBP,M5: loaded successfully
0	06:33:13.519	Custom indicator Price Pro Value Chart Profissional - PT-BR EURGBP,M5: loaded successfully
0	06:33:13.535	fadedbckgrnd2__1 EURGBP,M5: initialized
0	06:33:13.550	FixedChartScale EURGBP,M5: initialized
0	06:33:13.691	Price Pro Value Chart Profissional - PT-BR EURGBP,M5: Alert: Falha: Preencha o campo ID Metatrader.
3	06:33:13.691	Price Pro Value Chart Profissional - PT-BR EURGBP,M5: initialization failed (1)
0	06:33:13.691	Price Pro Value Chart Profissional - PT-BR EURGBP,M5: uninit reason 8
0	06:33:13.691	Custom indicator Price Pro Value Chart Profissional - PT-BR EURGBP,M5: removed
0	06:33:13.724	Custom indicator fadedbckgrnd2__1 EURJPY,M5: loaded successfully
0	06:33:13.739	Custom indicator FixedChartScale EURJPY,M5: loaded successfully
0	06:33:13.833	Custom indicator Price Pro Value Chart Profissional - PT-BR EURJPY,M5: loaded successfully
0	06:33:13.849	fadedbckgrnd2__1 EURJPY,M5: initialized
0	06:33:13.864	FixedChartScale EURJPY,M5: initialized
0	06:33:14.020	Price Pro Value Chart Profissional - PT-BR EURJPY,M5: Alert: Falha: Preencha o campo ID Metatrader.
3	06:33:14.020	Price Pro Value Chart Profissional - PT-BR EURJPY,M5: initialization failed (1)
0	06:33:14.020	Price Pro Value Chart Profissional - PT-BR EURJPY,M5: uninit reason 8
0	06:33:14.020	Custom indicator Price Pro Value Chart Profissional - PT-BR EURJPY,M5: removed
0	06:33:14.053	Custom indicator fadedbckgrnd2__1 GBPJPY,M5: loaded successfully
0	06:33:14.053	Custom indicator FixedChartScale GBPJPY,M5: loaded successfully
0	06:33:14.162	Custom indicator Price Pro Value Chart Profissional - PT-BR GBPJPY,M5: loaded successfully
0	06:33:14.178	fadedbckgrnd2__1 GBPJPY,M5: initialized
0	06:33:14.194	FixedChartScale GBPJPY,M5: initialized
0	06:33:14.350	Price Pro Value Chart Profissional - PT-BR GBPJPY,M5: Alert: Falha: Preencha o campo ID Metatrader.
3	06:33:14.350	Price Pro Value Chart Profissional - PT-BR GBPJPY,M5: initialization failed (1)
0	06:33:14.350	Price Pro Value Chart Profissional - PT-BR GBPJPY,M5: uninit reason 8
0	06:33:14.365	Custom indicator Price Pro Value Chart Profissional - PT-BR GBPJPY,M5: removed
0	06:33:14.389	Custom indicator fadedbckgrnd2__1 EURUSD,M5: loaded successfully
0	06:33:14.405	Custom indicator FixedChartScale EURUSD,M5: loaded successfully
0	06:33:14.498	Custom indicator Price Pro Value Chart Profissional - PT-BR EURUSD,M5: loaded successfully
0	06:33:14.514	fadedbckgrnd2__1 EURUSD,M5: initialized
0	06:33:14.530	FixedChartScale EURUSD,M5: initialized
0	06:33:14.670	Price Pro Value Chart Profissional - PT-BR EURUSD,M5: Alert: Falha: Preencha o campo ID Metatrader.
3	06:33:14.670	Price Pro Value Chart Profissional - PT-BR EURUSD,M5: initialization failed (1)
0	06:33:14.670	Price Pro Value Chart Profissional - PT-BR EURUSD,M5: uninit reason 8
0	06:33:14.670	Custom indicator Price Pro Value Chart Profissional - PT-BR EURUSD,M5: removed
0	06:33:14.702	Custom indicator fadedbckgrnd2__1 AUDJPY,M5: loaded successfully
0	06:33:14.718	Custom indicator FixedChartScale AUDJPY,M5: loaded successfully
0	06:33:14.811	Custom indicator Price Pro Value Chart Profissional - PT-BR AUDJPY,M5: loaded successfully
0	06:33:14.827	fadedbckgrnd2__1 AUDJPY,M5: initialized
0	06:33:14.843	FixedChartScale AUDJPY,M5: initialized
0	06:33:14.999	Price Pro Value Chart Profissional - PT-BR AUDJPY,M5: Alert: Falha: Preencha o campo ID Metatrader.
3	06:33:14.999	Price Pro Value Chart Profissional - PT-BR AUDJPY,M5: initialization failed (1)
0	06:33:14.999	Price Pro Value Chart Profissional - PT-BR AUDJPY,M5: uninit reason 8
0	06:33:14.999	Custom indicator Price Pro Value Chart Profissional - PT-BR AUDJPY,M5: removed
0	06:33:15.051	Custom indicator fadedbckgrnd2__1 USDJPY,M5: loaded successfully
0	06:33:15.067	Custom indicator FixedChartScale USDJPY,M5: loaded successfully
0	06:33:15.176	Custom indicator Price Pro Value Chart Profissional - PT-BR USDJPY,M5: loaded successfully
0	06:33:15.192	fadedbckgrnd2__1 USDJPY,M5: initialized
0	06:33:15.208	FixedChartScale USDJPY,M5: initialized
0	06:33:15.348	Price Pro Value Chart Profissional - PT-BR USDJPY,M5: Alert: Falha: Preencha o campo ID Metatrader.
3	06:33:15.348	Price Pro Value Chart Profissional - PT-BR USDJPY,M5: initialization failed (1)
0	06:33:15.348	Price Pro Value Chart Profissional - PT-BR USDJPY,M5: uninit reason 8
0	06:33:15.364	Custom indicator Price Pro Value Chart Profissional - PT-BR USDJPY,M5: removed
0	06:33:28.782	fadedbckgrnd2__1 GBPUSD,M5: uninit reason 7
0	06:33:28.782	FixedChartScale GBPUSD,M5: uninit reason 7
0	06:33:28.782	Custom indicator fadedbckgrnd2__1 GBPUSD,M5: removed
0	06:33:28.782	Custom indicator FixedChartScale GBPUSD,M5: removed
0	06:33:28.798	Custom indicator fadedbckgrnd2__1 GBPUSD,M5: loaded successfully
0	06:33:28.798	Custom indicator FixedChartScale GBPUSD,M5: loaded successfully
0	06:33:28.923	Custom indicator Price Pro Value Chart Profissional - PT-BR GBPUSD,M5: loaded successfully
0	06:33:28.938	fadedbckgrnd2__1 GBPUSD,M5: initialized
0	06:33:28.938	FixedChartScale GBPUSD,M5: initialized
0	06:33:29.907	Price Pro Value Chart Profissional - PT-BR GBPUSD,M5: initialized
0	06:33:46.786	fadedbckgrnd2__1 EURJPY,M5: uninit reason 7
0	06:33:46.786	FixedChartScale EURJPY,M5: uninit reason 7
0	06:33:46.801	Custom indicator fadedbckgrnd2__1 EURJPY,M5: removed
0	06:33:46.801	Custom indicator FixedChartScale EURJPY,M5: removed
0	06:33:46.801	Custom indicator fadedbckgrnd2__1 EURJPY,M5: loaded successfully
0	06:33:46.816	Custom indicator FixedChartScale EURJPY,M5: loaded successfully
0	06:33:46.910	Custom indicator Price Pro Value Chart Profissional - PT-BR EURJPY,M5: loaded successfully
0	06:33:46.926	fadedbckgrnd2__1 EURJPY,M5: initialized
0	06:33:46.941	FixedChartScale EURJPY,M5: initialized
0	06:33:47.207	Price Pro Value Chart Profissional - PT-BR EURJPY,M5: initialized
0	06:33:47.207	Price Pro Value Chart Profissional - PT-BR EURJPY,M5: Alert: PRICE PRO RAFA  - EURJPY  - 5 M - CALL (compra)!
0	06:33:47.302	Price Pro Value Chart Profissional - PT-BR EURJPY,M5: Alert: PRICE PRO RAFA  - EURJPY está abaixo do nível -5
0	06:34:04.710	fadedbckgrnd2__1 EURUSD,M5: uninit reason 7
0	06:34:04.710	FixedChartScale EURUSD,M5: uninit reason 7
0	06:34:04.710	Custom indicator fadedbckgrnd2__1 EURUSD,M5: removed
0	06:34:04.710	Custom indicator FixedChartScale EURUSD,M5: removed
0	06:34:04.710	Custom indicator fadedbckgrnd2__1 EURUSD,M5: loaded successfully
0	06:34:04.726	Custom indicator FixedChartScale EURUSD,M5: loaded successfully
0	06:34:04.819	Custom indicator Price Pro Value Chart Profissional - PT-BR EURUSD,M5: loaded successfully
0	06:34:04.835	fadedbckgrnd2__1 EURUSD,M5: initialized
0	06:34:04.835	FixedChartScale EURUSD,M5: initialized
0	06:34:05.070	Price Pro Value Chart Profissional - PT-BR EURUSD,M5: initialized
0	06:34:05.101	Price Pro Value Chart Profissional - PT-BR EURUSD,M5: Alert: PRICE PRO RAFA  - EURUSD está abaixo do nível -5
0	06:34:21.571	fadedbckgrnd2__1 AUDJPY,M5: uninit reason 7
0	06:34:21.571	FixedChartScale AUDJPY,M5: uninit reason 7
0	06:34:21.571	Custom indicator fadedbckgrnd2__1 AUDJPY,M5: removed
0	06:34:21.571	Custom indicator FixedChartScale AUDJPY,M5: removed
0	06:34:21.586	Custom indicator fadedbckgrnd2__1 AUDJPY,M5: loaded successfully
0	06:34:21.602	Custom indicator FixedChartScale AUDJPY,M5: loaded successfully
0	06:34:21.696	Custom indicator Price Pro Value Chart Profissional - PT-BR AUDJPY,M5: loaded successfully
0	06:34:21.711	fadedbckgrnd2__1 AUDJPY,M5: initialized
0	06:34:21.727	FixedChartScale AUDJPY,M5: initialized
0	06:34:21.962	Price Pro Value Chart Profissional - PT-BR AUDJPY,M5: initialized
0	06:34:21.962	Price Pro Value Chart Profissional - PT-BR AUDJPY,M5: Alert: PRICE PRO RAFA  - AUDJPY está abaixo do nível -5
0	06:34:50.706	fadedbckgrnd2__1 EURGBP,M5: uninit reason 7
0	06:34:50.706	FixedChartScale EURGBP,M5: uninit reason 7
0	06:34:50.706	Custom indicator fadedbckgrnd2__1 EURGBP,M5: removed
0	06:34:50.706	Custom indicator FixedChartScale EURGBP,M5: removed
0	06:34:50.721	Custom indicator fadedbckgrnd2__1 EURGBP,M5: loaded successfully
0	06:34:50.721	Custom indicator FixedChartScale EURGBP,M5: loaded successfully
0	06:34:50.818	Custom indicator Price Pro Value Chart Profissional - PT-BR EURGBP,M5: loaded successfully
0	06:34:50.834	fadedbckgrnd2__1 EURGBP,M5: initialized
0	06:34:50.850	FixedChartScale EURGBP,M5: initialized
0	06:34:51.100	Price Pro Value Chart Profissional - PT-BR EURGBP,M5: initialized
0	06:34:51.115	Price Pro Value Chart Profissional - PT-BR EURGBP,M5: Alert: PRICE PRO RAFA  - EURGBP  - 5 M - CALL (compra)!
0	06:34:59.370	Price Pro Value Chart Profissional - PT-BR AUDJPY,M5: Alert: PRICE PRO RAFA  - AUDJPY  - 5 M - CALL (compra)!
0	06:35:26.407	fadedbckgrnd2__1 GBPJPY,M5: uninit reason 7
0	06:35:26.407	FixedChartScale GBPJPY,M5: uninit reason 7
0	06:35:26.407	Custom indicator fadedbckgrnd2__1 GBPJPY,M5: removed
0	06:35:26.407	Custom indicator FixedChartScale GBPJPY,M5: removed
0	06:35:26.422	Custom indicator fadedbckgrnd2__1 GBPJPY,M5: loaded successfully
0	06:35:26.422	Custom indicator FixedChartScale GBPJPY,M5: loaded successfully
0	06:35:26.516	Custom indicator Price Pro Value Chart Profissional - PT-BR GBPJPY,M5: loaded successfully
0	06:35:26.532	fadedbckgrnd2__1 GBPJPY,M5: initialized
0	06:35:26.547	FixedChartScale GBPJPY,M5: initialized
0	06:35:26.766	Price Pro Value Chart Profissional - PT-BR GBPJPY,M5: initialized
0	06:35:26.797	Price Pro Value Chart Profissional - PT-BR GBPJPY,M5: Alert: PRICE PRO RAFA  - GBPJPY  - 5 M - CALL (compra)!
0	06:35:34.275	fadedbckgrnd2__1 USDJPY,M5: uninit reason 7
0	06:35:34.275	FixedChartScale USDJPY,M5: uninit reason 7
0	06:35:34.275	Custom indicator fadedbckgrnd2__1 USDJPY,M5: removed
0	06:35:34.275	Custom indicator FixedChartScale USDJPY,M5: removed
0	06:35:34.290	Custom indicator fadedbckgrnd2__1 USDJPY,M5: loaded successfully
0	06:35:34.290	Custom indicator FixedChartScale USDJPY,M5: loaded successfully
0	06:35:34.400	Custom indicator Price Pro Value Chart Profissional - PT-BR USDJPY,M5: loaded successfully
0	06:35:34.415	fadedbckgrnd2__1 USDJPY,M5: initialized
0	06:35:34.415	FixedChartScale USDJPY,M5: initialized
0	06:35:34.666	Price Pro Value Chart Profissional - PT-BR USDJPY,M5: initialized
0	06:36:33.820	Price Pro Value Chart Profissional - PT-BR GBPJPY,M5: Alert: PRICE PRO RAFA  - GBPJPY está abaixo do nível -5
0	06:40:56.349	Price Pro Value Chart Profissional - PT-BR GBPJPY,M5: Alert: PRICE PRO RAFA  - GBPJPY está abaixo do nível -5
0	06:50:58.636	Price Pro Value Chart Profissional - PT-BR GBPUSD,M5: Alert: PRICE PRO RAFA  - GBPUSD está acima do nível 5
0	06:51:50.333	Price Pro Value Chart Profissional - PT-BR EURGBP,M5: Alert: PRICE PRO RAFA  - EURGBP está abaixo do nível -5
0	06:52:04.486	Price Pro Value Chart Profissional - PT-BR USDJPY,M5: Alert: PRICE PRO RAFA  - USDJPY está abaixo do nível -5
0	06:53:14.720	Price Pro Value Chart Profissional - PT-BR EURUSD,M5: Alert: PRICE PRO RAFA  - EURUSD está acima do nível 5
0	06:55:00.758	Price Pro Value Chart Profissional - PT-BR GBPUSD,M5: Alert: PRICE PRO RAFA  - GBPUSD está acima do nível 5
0	06:55:06.188	Price Pro Value Chart Profissional - PT-BR EURGBP,M5: Alert: PRICE PRO RAFA  - EURGBP está abaixo do nível -5
0	07:00:00.347	Price Pro Value Chart Profissional - PT-BR GBPJPY,M5: Alert: PRICE PRO RAFA  - GBPJPY  - 5 M - PUT (venda)!
0	07:00:01.577	Price Pro Value Chart Profissional - PT-BR GBPJPY,M5: Alert: PRICE PRO RAFA  - GBPJPY está acima do nível 5
0	07:02:09.560	Price Pro Value Chart Profissional - PT-BR EURJPY,M5: Alert: PRICE PRO RAFA  - EURJPY está abaixo do nível -5
0	07:02:30.626	Price Pro Value Chart Profissional - PT-BR EURGBP,M5: Alert: PRICE PRO RAFA  - EURGBP está abaixo do nível -5
0	07:05:19.195	Price Pro Value Chart Profissional - PT-BR EURJPY,M5: Alert: PRICE PRO RAFA  - EURJPY está abaixo do nível -5
0	07:05:25.638	Price Pro Value Chart Profissional - PT-BR EURUSD,M5: Alert: PRICE PRO RAFA  - EURUSD está abaixo do nível -5
0	07:05:25.684	Price Pro Value Chart Profissional - PT-BR AUDJPY,M5: Alert: PRICE PRO RAFA  - AUDJPY está abaixo do nível -5
0	07:07:58.562	Price Pro Value Chart Profissional - PT-BR GBPUSD,M5: Alert: PRICE PRO RAFA  - GBPUSD está abaixo do nível -5
0	07:09:59.384	Price Pro Value Chart Profissional - PT-BR EURUSD,M5: CALL - Sinal enviado para Price Pro!
0	07:09:59.478	Price Pro Value Chart Profissional - PT-BR EURUSD,M5: Alert: PRICE PRO RAFA  - EURUSD  - 5 M - CALL (compra)!
0	07:10:12.425	Price Pro Value Chart Profissional - PT-BR GBPUSD,M5: Alert: PRICE PRO RAFA  - GBPUSD está abaixo do nível -5
0	07:10:51.716	Price Pro Value Chart Profissional - PT-BR EURJPY,M5: Alert: PRICE PRO RAFA  - EURJPY está abaixo do nível -5
0	07:11:02.237	Price Pro Value Chart Profissional - PT-BR AUDJPY,M5: Alert: PRICE PRO RAFA  - AUDJPY está abaixo do nível -5
0	07:12:02.293	Price Pro Value Chart Profissional - PT-BR USDJPY,M5: Alert: PRICE PRO RAFA  - USDJPY está acima do nível 5
0	07:14:59.177	Price Pro Value Chart Profissional - PT-BR GBPUSD,M5: CALL - Sinal enviado para Price Pro!
0	07:14:59.192	Price Pro Value Chart Profissional - PT-BR USDJPY,M5: PUT - Sinal enviado para Price Pro!
0	07:14:59.660	Price Pro Value Chart Profissional - PT-BR GBPUSD,M5: Alert: PRICE PRO RAFA  - GBPUSD  - 5 M - CALL (compra)!
0	07:14:59.930	Price Pro Value Chart Profissional - PT-BR USDJPY,M5: Alert: PRICE PRO RAFA  - USDJPY  - 5 M - PUT (venda)!
0	07:15:01.056	Price Pro Value Chart Profissional - PT-BR EURGBP,M5: Alert: PRICE PRO RAFA  - EURGBP está acima do nível 5
0	07:30:12.060	Price Pro Value Chart Profissional - PT-BR EURGBP,M5: Alert: PRICE PRO RAFA  - EURGBP está acima do nível 5
0	07:30:41.822	Price Pro Value Chart Profissional - PT-BR GBPJPY,M5: Alert: PRICE PRO RAFA  - GBPJPY está abaixo do nível -5
0	07:32:20.894	Price Pro Value Chart Profissional - PT-BR EURJPY,M5: Alert: PRICE PRO RAFA  - EURJPY está abaixo do nível -5
0	07:34:59.566	Price Pro Value Chart Profissional - PT-BR GBPJPY,M5: Alert: PRICE PRO RAFA  - GBPJPY  - 5 M - CALL (compra)!
0	07:34:59.846	Price Pro Value Chart Profissional - PT-BR EURGBP,M5: Alert: PRICE PRO RAFA  - EURGBP está acima do nível 5
0	07:39:59.175	Price Pro Value Chart Profissional - PT-BR EURGBP,M5: PUT - Sinal enviado para Price Pro!
0	07:40:01.488	Price Pro Value Chart Profissional - PT-BR EURGBP,M5: Alert: PRICE PRO RAFA  - EURGBP  - 5 M - PUT (venda)!
0	07:42:07.408	Price Pro Value Chart Profissional - PT-BR AUDJPY,M5: Alert: PRICE PRO RAFA  - AUDJPY está abaixo do nível -5
0	07:47:42.961	Price Pro Value Chart Profissional - PT-BR USDJPY,M5: Alert: PRICE PRO RAFA  - USDJPY está acima do nível 5
0	07:48:24.980	Price Pro Value Chart Profissional - PT-BR AUDJPY,M5: Alert: PRICE PRO RAFA  - AUDJPY está abaixo do nível -5
0	07:49:36.647	Price Pro Value Chart Profissional - PT-BR EURUSD,M5: Alert: PRICE PRO RAFA  - EURUSD está acima do nível 5
0	07:49:59.413	Price Pro Value Chart Profissional - PT-BR EURUSD,M5: Alert: PRICE PRO RAFA  - EURUSD está acima do nível 5
0	07:51:15.675	Price Pro Value Chart Profissional - PT-BR AUDJPY,M5: Alert: PRICE PRO RAFA  - AUDJPY está abaixo do nível -5
0	07:55:28.398	Price Pro Value Chart Profissional - PT-BR EURJPY,M5: Alert: PRICE PRO RAFA  - EURJPY está acima do nível 5
0	07:57:28.310	Price Pro Value Chart Profissional - PT-BR EURUSD,M5: Alert: PRICE PRO RAFA  - EURUSD está acima do nível 5
0	07:59:59.210	Price Pro Value Chart Profissional - PT-BR EURUSD,M5: Alert: PRICE PRO RAFA  - EURUSD  - 5 M - PUT (venda)!
0	08:00:00.191	Price Pro Value Chart Profissional - PT-BR GBPUSD,M5: Alert: PRICE PRO RAFA  - GBPUSD  - 5 M - CALL (compra)!
0	08:00:00.529	Price Pro Value Chart Profissional - PT-BR GBPJPY,M5: Alert: PRICE PRO RAFA  - GBPJPY  - 5 M - CALL (compra)!
0	08:00:12.763	Price Pro Value Chart Profissional - PT-BR EURGBP,M5: Alert: PRICE PRO RAFA  - EURGBP  - 5 M - PUT (venda)!
0	08:06:16.099	Price Pro Value Chart Profissional - PT-BR AUDJPY,M5: Alert: PRICE PRO RAFA  - AUDJPY está abaixo do nível -5
0	08:06:53.929	Price Pro Value Chart Profissional - PT-BR GBPJPY,M5: Alert: PRICE PRO RAFA  - GBPJPY está abaixo do nível -5
0	08:09:59.340	Price Pro Value Chart Profissional - PT-BR AUDJPY,M5: Alert: PRICE PRO RAFA  - AUDJPY  - 5 M - CALL (compra)!
0	08:20:26.711	Price Pro Value Chart Profissional - PT-BR AUDJPY,M5: Alert: PRICE PRO RAFA  - AUDJPY está acima do nível 5
0	08:21:15.797	Price Pro Value Chart Profissional - PT-BR EURGBP,M5: Alert: PRICE PRO RAFA  - EURGBP está abaixo do nível -5
0	08:24:59.249	Price Pro Value Chart Profissional - PT-BR EURGBP,M5: Alert: PRICE PRO RAFA  - EURGBP  - 5 M - CALL (compra)!
0	08:25:09.704	Price Pro Value Chart Profissional - PT-BR GBPUSD,M5: Alert: PRICE PRO RAFA  - GBPUSD está acima do nível 5
0	08:26:05.411	Price Pro Value Chart Profissional - PT-BR EURUSD,M5: Alert: PRICE PRO RAFA  - EURUSD está abaixo do nível -5
0	08:26:20.669	Price Pro Value Chart Profissional - PT-BR EURJPY,M5: Alert: PRICE PRO RAFA  - EURJPY está abaixo do nível -5
0	08:30:44.725	Price Pro Value Chart Profissional - PT-BR EURJPY,M5: Alert: PRICE PRO RAFA  - EURJPY está abaixo do nível -5
0	08:34:24.262	Price Pro Value Chart Profissional - PT-BR GBPUSD,M5: Alert: PRICE PRO RAFA  - GBPUSD está acima do nível 5
0	08:34:47.373	Price Pro Value Chart Profissional - PT-BR AUDJPY,M5: Alert: PRICE PRO RAFA  - AUDJPY está acima do nível 5
0	08:34:59.066	Price Pro Value Chart Profissional - PT-BR AUDJPY,M5: Alert: PRICE PRO RAFA  - AUDJPY  - 5 M - PUT (venda)!
0	08:35:46.183	Price Pro Value Chart Profissional - PT-BR EURJPY,M5: Alert: PRICE PRO RAFA  - EURJPY está abaixo do nível -5
0	08:39:56.305	Price Pro Value Chart Profissional - PT-BR GBPUSD,M5: Alert: PRICE PRO RAFA  - GBPUSD está acima do nível 5
0	08:39:59.155	Price Pro Value Chart Profissional - PT-BR GBPUSD,M5: Alert: PRICE PRO RAFA  - GBPUSD  - 5 M - PUT (venda)!
0	08:40:17.802	Price Pro Value Chart Profissional - PT-BR EURJPY,M5: Alert: PRICE PRO RAFA  - EURJPY está abaixo do nível -5
0	08:44:59.550	Price Pro Value Chart Profissional - PT-BR EURJPY,M5: Alert: PRICE PRO RAFA  - EURJPY  - 5 M - CALL (compra)!
0	08:46:58.000	Price Pro Value Chart Profissional - PT-BR GBPJPY,M5: Alert: PRICE PRO RAFA  - GBPJPY está acima do nível 5
0	08:47:45.222	Price Pro Value Chart Profissional - PT-BR USDJPY,M5: Alert: PRICE PRO RAFA  - USDJPY está abaixo do nível -7
0	08:54:42.032	Price Pro Value Chart Profissional - PT-BR EURUSD,M5: Alert: PRICE PRO RAFA  - EURUSD está abaixo do nível -5
0	08:54:59.128	Price Pro Value Chart Profissional - PT-BR EURUSD,M5: Alert: PRICE PRO RAFA  - EURUSD  - 5 M - CALL (compra)!
0	08:56:33.229	Price Pro Value Chart Profissional - PT-BR EURGBP,M5: Alert: PRICE PRO RAFA  - EURGBP está abaixo do nível -5
0	08:58:14.478	Price Pro Value Chart Profissional - PT-BR GBPUSD,M5: Alert: PRICE PRO RAFA  - GBPUSD está abaixo do nível -5
0	08:59:59.339	Price Pro Value Chart Profissional - PT-BR EURJPY,M5: Alert: PRICE PRO RAFA  - EURJPY  - 5 M - CALL (compra)!
0	08:59:59.837	Price Pro Value Chart Profissional - PT-BR EURUSD,M5: Alert: PRICE PRO RAFA  - EURUSD  - 5 M - CALL (compra)!
0	09:00:05.434	Price Pro Value Chart Profissional - PT-BR EURUSD,M5: Alert: PRICE PRO RAFA  - EURUSD está abaixo do nível -7
0	09:00:27.796	Price Pro Value Chart Profissional - PT-BR GBPJPY,M5: Alert: PRICE PRO RAFA  - GBPJPY está abaixo do nível -5
0	09:00:47.747	Price Pro Value Chart Profissional - PT-BR GBPUSD,M5: Alert: PRICE PRO RAFA  - GBPUSD está abaixo do nível -5
0	09:04:59.593	Price Pro Value Chart Profissional - PT-BR GBPUSD,M5: Alert: PRICE PRO RAFA  - GBPUSD está abaixo do nível -5
0	09:15:47.591	Price Pro Value Chart Profissional - PT-BR GBPJPY,M5: Alert: PRICE PRO RAFA  - GBPJPY está acima do nível 5
0	09:18:40.527	Price Pro Value Chart Profissional - PT-BR EURGBP,M5: Alert: PRICE PRO RAFA  - EURGBP está abaixo do nível -5
0	09:20:11.839	Price Pro Value Chart Profissional - PT-BR GBPJPY,M5: Alert: PRICE PRO RAFA  - GBPJPY está acima do nível 5
0	09:24:26.261	Price Pro Value Chart Profissional - PT-BR USDJPY,M5: Alert: PRICE PRO RAFA  - USDJPY está acima do nível 7
0	09:24:59.326	Price Pro Value Chart Profissional - PT-BR GBPJPY,M5: Alert: PRICE PRO RAFA  - GBPJPY  - 5 M - PUT (venda)!
0	09:24:59.342	Price Pro Value Chart Profissional - PT-BR USDJPY,M5: Alert: PRICE PRO RAFA  - USDJPY  - 5 M - PUT (venda)!
0	09:25:09.442	Price Pro Value Chart Profissional - PT-BR EURUSD,M5: Alert: PRICE PRO RAFA  - EURUSD está abaixo do nível -5
0	09:25:33.828	Price Pro Value Chart Profissional - PT-BR GBPUSD,M5: Alert: PRICE PRO RAFA  - GBPUSD está abaixo do nível -5
0	09:30:58.637	Price Pro Value Chart Profissional - PT-BR AUDJPY,M5: Alert: PRICE PRO RAFA  - AUDJPY está acima do nível 5
0	09:31:23.080	Price Pro Value Chart Profissional - PT-BR EURJPY,M5: Alert: PRICE PRO RAFA  - EURJPY está acima do nível 5
0	09:32:07.934	Price Pro Value Chart Profissional - PT-BR EURUSD,M5: Alert: PRICE PRO RAFA  - EURUSD está abaixo do nível -5
0	09:33:10.618	Price Pro Value Chart Profissional - PT-BR GBPUSD,M5: Alert: PRICE PRO RAFA  - GBPUSD está abaixo do nível -5
0	09:34:59.196	Price Pro Value Chart Profissional - PT-BR EURUSD,M5: Alert: PRICE PRO RAFA  - EURUSD  - 5 M - CALL (compra)!
0	09:34:59.327	Price Pro Value Chart Profissional - PT-BR GBPUSD,M5: CALL - Sinal enviado para Price Pro!
0	09:34:59.405	Price Pro Value Chart Profissional - PT-BR GBPUSD,M5: Alert: PRICE PRO RAFA  - GBPUSD  - 5 M - CALL (compra)!
0	09:40:03.477	Price Pro Value Chart Profissional - PT-BR EURJPY,M5: Alert: PRICE PRO RAFA  - EURJPY está acima do nível 5
0	09:44:59.072	Price Pro Value Chart Profissional - PT-BR EURJPY,M5: Alert: PRICE PRO RAFA  - EURJPY  - 5 M - PUT (venda)!
0	09:49:14.134	Price Pro Value Chart Profissional - PT-BR EURGBP,M5: Alert: PRICE PRO RAFA  - EURGBP está abaixo do nível -5
0	09:49:59.382	Price Pro Value Chart Profissional - PT-BR EURGBP,M5: CALL - Sinal enviado para Price Pro!
0	09:49:59.789	Price Pro Value Chart Profissional - PT-BR EURGBP,M5: Alert: PRICE PRO RAFA  - EURGBP  - 5 M - CALL (compra)!
0	09:50:28.337	Price Pro Value Chart Profissional - PT-BR GBPJPY,M5: Alert: PRICE PRO RAFA  - GBPJPY está acima do nível 5
0	09:56:59.456	Price Pro Value Chart Profissional - PT-BR AUDJPY,M5: Alert: PRICE PRO RAFA  - AUDJPY está acima do nível 5
0	09:59:59.812	Price Pro Value Chart Profissional - PT-BR EURGBP,M5: Alert: PRICE PRO RAFA  - EURGBP  - 5 M - CALL (compra)!
0	09:59:59.946	Price Pro Value Chart Profissional - PT-BR AUDJPY,M5: Alert: PRICE PRO RAFA  - AUDJPY está acima do nível 5
0	10:00:01.274	Price Pro Value Chart Profissional - PT-BR EURUSD,M5: Alert: PRICE PRO RAFA  - EURUSD  - 5 M - CALL (compra)!
0	10:03:54.934	Price Pro Value Chart Profissional - PT-BR GBPUSD,M5: Alert: PRICE PRO RAFA  - GBPUSD está acima do nível 5
0	10:04:59.364	Price Pro Value Chart Profissional - PT-BR GBPUSD,M5: PUT - Sinal enviado para Price Pro!
0	10:04:59.380	Price Pro Value Chart Profissional - PT-BR GBPUSD,M5: Alert: PRICE PRO RAFA  - GBPUSD  - 5 M - PUT (venda)!
0	10:07:26.113	Price Pro Value Chart Profissional - PT-BR USDJPY,M5: Alert: PRICE PRO RAFA  - USDJPY está abaixo do nível -5
0	10:09:59.093	Price Pro Value Chart Profissional - PT-BR USDJPY,M5: Alert: PRICE PRO RAFA  - USDJPY  - 5 M - CALL (compra)!
0	10:17:07.470	Price Pro Value Chart Profissional - PT-BR EURJPY,M5: Alert: PRICE PRO RAFA  - EURJPY está abaixo do nível -5
0	10:18:08.877	Price Pro Value Chart Profissional - PT-BR EURUSD,M5: Alert: PRICE PRO RAFA  - EURUSD está abaixo do nível -5
0	10:19:59.118	Price Pro Value Chart Profissional - PT-BR EURUSD,M5: CALL - Sinal enviado para Price Pro!
0	10:19:59.337	Price Pro Value Chart Profissional - PT-BR EURUSD,M5: Alert: PRICE PRO RAFA  - EURUSD  - 5 M - CALL (compra)!
0	10:27:03.016	Price Pro Value Chart Profissional - PT-BR EURJPY,M5: Alert: PRICE PRO RAFA  - EURJPY está abaixo do nível -5
0	10:27:26.294	Price Pro Value Chart Profissional - PT-BR EURGBP,M5: Alert: PRICE PRO RAFA  - EURGBP está abaixo do nível -5
0	10:27:26.581	Price Pro Value Chart Profissional - PT-BR AUDJPY,M5: Alert: PRICE PRO RAFA  - AUDJPY está abaixo do nível -5
0	10:31:05.994	Price Pro Value Chart Profissional - PT-BR EURGBP,M5: Alert: PRICE PRO RAFA  - EURGBP está abaixo do nível -5
0	10:31:56.569	Price Pro Value Chart Profissional - PT-BR EURJPY,M5: Alert: PRICE PRO RAFA  - EURJPY está abaixo do nível -5
0	10:32:10.590	Price Pro Value Chart Profissional - PT-BR AUDJPY,M5: Alert: PRICE PRO RAFA  - AUDJPY está abaixo do nível -5
0	10:33:38.487	Price Pro Value Chart Profissional - PT-BR GBPJPY,M5: Alert: PRICE PRO RAFA  - GBPJPY está abaixo do nível -5
0	10:34:59.263	Price Pro Value Chart Profissional - PT-BR AUDJPY,M5: Alert: PRICE PRO RAFA  - AUDJPY  - 5 M - CALL (compra)!
0	10:34:59.519	Price Pro Value Chart Profissional - PT-BR EURJPY,M5: Alert: PRICE PRO RAFA  - EURJPY  - 5 M - CALL (compra)!
0	10:50:02.468	Price Pro Value Chart Profissional - PT-BR GBPUSD,M5: Alert: PRICE PRO RAFA  - GBPUSD está abaixo do nível -5
0	10:55:09.281	Price Pro Value Chart Profissional - PT-BR USDJPY,M5: Alert: PRICE PRO RAFA  - USDJPY está abaixo do nível -5
0	10:55:17.951	Price Pro Value Chart Profissional - PT-BR GBPJPY,M5: Alert: PRICE PRO RAFA  - GBPJPY está abaixo do nível -5
0	10:59:59.050	Price Pro Value Chart Profissional - PT-BR EURGBP,M5: Alert: PRICE PRO RAFA  - EURGBP está acima do nível 5
0	10:59:59.220	Price Pro Value Chart Profissional - PT-BR EURGBP,M5: Alert: PRICE PRO RAFA  - EURGBP  - 5 M - PUT (venda)!
0	10:59:59.454	Price Pro Value Chart Profissional - PT-BR GBPUSD,M5: Alert: PRICE PRO RAFA  - GBPUSD está abaixo do nível -5
0	10:59:59.907	Price Pro Value Chart Profissional - PT-BR GBPJPY,M5: Alert: PRICE PRO RAFA  - GBPJPY  - 5 M - CALL (compra)!
0	11:00:10.544	Price Pro Value Chart Profissional - PT-BR USDJPY,M5: Alert: PRICE PRO RAFA  - USDJPY está acima do nível 5
0	11:00:40.356	Price Pro Value Chart Profissional - PT-BR EURUSD,M5: Alert: PRICE PRO RAFA  - EURUSD está abaixo do nível -5
0	11:04:59.197	Price Pro Value Chart Profissional - PT-BR GBPUSD,M5: Alert: PRICE PRO RAFA  - GBPUSD  - 5 M - CALL (compra)!
0	11:04:59.197	Price Pro Value Chart Profissional - PT-BR EURUSD,M5: Alert: PRICE PRO RAFA  - EURUSD  - 5 M - CALL (compra)!
0	11:04:59.295	Price Pro Value Chart Profissional - PT-BR USDJPY,M5: Alert: PRICE PRO RAFA  - USDJPY  - 5 M - PUT (venda)!
0	11:10:04.500	Price Pro Value Chart Profissional - PT-BR EURJPY,M5: Alert: PRICE PRO RAFA  - EURJPY está abaixo do nível -5
0	11:16:03.096	Price Pro Value Chart Profissional - PT-BR GBPJPY,M5: Alert: PRICE PRO RAFA  - GBPJPY está abaixo do nível -5
0	11:25:00.545	Price Pro Value Chart Profissional - PT-BR AUDJPY,M5: Alert: PRICE PRO RAFA  - AUDJPY está acima do nível 5
0	11:26:17.153	Price Pro Value Chart Profissional - PT-BR USDJPY,M5: Alert: PRICE PRO RAFA  - USDJPY está abaixo do nível -5
0	11:26:38.051	Price Pro Value Chart Profissional - PT-BR EURGBP,M5: Alert: PRICE PRO RAFA  - EURGBP está abaixo do nível -5
0	11:29:59.175	Price Pro Value Chart Profissional - PT-BR AUDJPY,M5: Alert: PRICE PRO RAFA  - AUDJPY  - 5 M - PUT (venda)!
0	11:30:00.295	Price Pro Value Chart Profissional - PT-BR GBPUSD,M5: Alert: PRICE PRO RAFA  - GBPUSD está acima do nível 5
0	11:30:27.445	Price Pro Value Chart Profissional - PT-BR EURUSD,M5: Alert: PRICE PRO RAFA  - EURUSD está acima do nível 5
0	11:30:27.553	Price Pro Value Chart Profissional - PT-BR USDJPY,M5: Alert: PRICE PRO RAFA  - USDJPY está abaixo do nível -5
0	11:39:13.333	Price Pro Value Chart Profissional - PT-BR EURGBP,M5: Alert: PRICE PRO RAFA  - EURGBP está abaixo do nível -5
0	11:43:21.412	Price Pro Value Chart Profissional - PT-BR AUDJPY,M5: Alert: PRICE PRO RAFA  - AUDJPY está abaixo do nível -5
0	11:45:00.745	Price Pro Value Chart Profissional - PT-BR AUDJPY,M5: Alert: PRICE PRO RAFA  - AUDJPY está abaixo do nível -5
0	11:46:49.043	Price Pro Value Chart Profissional - PT-BR USDJPY,M5: Alert: PRICE PRO RAFA  - USDJPY está acima do nível 5
0	11:47:31.572	Price Pro Value Chart Profissional - PT-BR EURUSD,M5: Alert: PRICE PRO RAFA  - EURUSD está abaixo do nível -5
0	11:48:11.156	fadedbckgrnd2__1 EURGBP,M5: uninit reason 4
0	11:48:11.156	FixedChartScale EURGBP,M5: uninit reason 4
0	11:48:11.156	Price Pro Value Chart Profissional - PT-BR EURGBP,M5: uninit reason 4
0	11:48:11.159	Custom indicator fadedbckgrnd2__1 EURGBP,M5: removed
0	11:48:11.159	Custom indicator FixedChartScale EURGBP,M5: removed
0	11:48:11.174	Custom indicator Price Pro Value Chart Profissional - PT-BR EURGBP,M5: removed
0	11:48:58.648	Price Pro Value Chart Profissional - PT-BR GBPUSD,M5: Alert: PRICE PRO RAFA  - GBPUSD está abaixo do nível -5
0	11:49:35.433	fadedbckgrnd2__1 GBPUSD,M5: uninit reason 4
0	11:49:35.433	FixedChartScale GBPUSD,M5: uninit reason 4
0	11:49:35.433	Price Pro Value Chart Profissional - PT-BR GBPUSD,M5: uninit reason 4
0	11:49:35.449	Custom indicator fadedbckgrnd2__1 GBPUSD,M5: removed
0	11:49:35.449	Custom indicator FixedChartScale GBPUSD,M5: removed
0	11:49:35.449	Custom indicator Price Pro Value Chart Profissional - PT-BR GBPUSD,M5: removed
0	11:49:59.022	Price Pro Value Chart Profissional - PT-BR USDJPY,M5: PUT - Sinal enviado para Price Pro!
0	11:49:59.037	Price Pro Value Chart Profissional - PT-BR EURUSD,M5: CALL - Sinal enviado para Price Pro!
0	11:50:00.240	Price Pro Value Chart Profissional - PT-BR USDJPY,M5: Alert: PRICE PRO RAFA  - USDJPY  - 5 M - PUT (venda)!
0	11:50:00.484	Price Pro Value Chart Profissional - PT-BR EURUSD,M5: Alert: PRICE PRO RAFA  - EURUSD  - 5 M - CALL (compra)!
0	11:50:25.456	Price Pro Value Chart Profissional - PT-BR GBPJPY,M5: Alert: PRICE PRO RAFA  - GBPJPY está acima do nível 5
0	11:54:59.601	Price Pro Value Chart Profissional - PT-BR GBPJPY,M5: PUT - Sinal enviado para Price Pro!
0	11:55:00.179	Price Pro Value Chart Profissional - PT-BR GBPJPY,M5: Alert: PRICE PRO RAFA  - GBPJPY  - 5 M - PUT (venda)!
0	11:58:38.396	Price Pro Value Chart Profissional - PT-BR AUDJPY,M5: Alert: PRICE PRO RAFA  - AUDJPY está abaixo do nível -5
0	12:00:03.487	Price Pro Value Chart Profissional - PT-BR AUDJPY,M5: Alert: PRICE PRO RAFA  - AUDJPY  - 5 M - CALL (compra)!
0	12:00:50.399	Price Pro Value Chart Profissional - PT-BR AUDJPY,M5: Alert: PRICE PRO RAFA  - AUDJPY está abaixo do nível -5
0	12:04:59.857	Price Pro Value Chart Profissional - PT-BR AUDJPY,M5: CALL - Sinal enviado para Price Pro!
0	12:05:00.246	Price Pro Value Chart Profissional - PT-BR AUDJPY,M5: Alert: PRICE PRO RAFA  - AUDJPY  - 5 M - CALL (compra)!
0	12:05:29.859	Price Pro Value Chart Profissional - PT-BR USDJPY,M5: Alert: PRICE PRO RAFA  - USDJPY está abaixo do nível -5
0	12:06:04.541	Price Pro Value Chart Profissional - PT-BR EURUSD,M5: Alert: PRICE PRO RAFA  - EURUSD está acima do nível 5
0	12:07:41.254	Price Pro Value Chart Profissional - PT-BR GBPJPY,M5: Alert: PRICE PRO RAFA  - GBPJPY está acima do nível 5
0	12:09:59.595	Price Pro Value Chart Profissional - PT-BR GBPJPY,M5: PUT - Sinal enviado para Price Pro!
0	12:10:00.376	Price Pro Value Chart Profissional - PT-BR GBPJPY,M5: Alert: PRICE PRO RAFA  - GBPJPY  - 5 M - PUT (venda)!
0	12:10:06.306	Price Pro Value Chart Profissional - PT-BR USDJPY,M5: Alert: PRICE PRO RAFA  - USDJPY está abaixo do nível -5
0	12:15:21.314	Price Pro Value Chart Profissional - PT-BR EURUSD,M5: Alert: PRICE PRO RAFA  - EURUSD está acima do nível 5
0	12:15:25.960	Price Pro Value Chart Profissional - PT-BR USDJPY,M5: Alert: PRICE PRO RAFA  - USDJPY está abaixo do nível -5
0	12:30:12.106	Price Pro Value Chart Profissional - PT-BR AUDJPY,M5: Alert: PRICE PRO RAFA  - AUDJPY está abaixo do nível -5
0	12:34:52.574	Price Pro Value Chart Profissional - PT-BR USDJPY,M5: Alert: PRICE PRO RAFA  - USDJPY está acima do nível 5
0	12:44:35.518	Price Pro Value Chart Profissional - PT-BR USDJPY,M5: Alert: PRICE PRO RAFA  - USDJPY está acima do nível 5
0	12:48:10.871	Price Pro Value Chart Profissional - PT-BR USDJPY,M5: Alert: PRICE PRO RAFA  - USDJPY está acima do nível 5
0	12:58:21.718	Price Pro Value Chart Profissional - PT-BR EURUSD,M5: Alert: PRICE PRO RAFA  - EURUSD está acima do nível 5
0	12:59:59.208	Price Pro Value Chart Profissional - PT-BR EURUSD,M5: PUT - Sinal enviado para Price Pro!
0	13:00:01.364	Price Pro Value Chart Profissional - PT-BR EURUSD,M5: Alert: PRICE PRO RAFA  - EURUSD  - 5 M - PUT (venda)!
0	13:00:01.397	Price Pro Value Chart Profissional - PT-BR EURJPY,M5: Alert: PRICE PRO RAFA  - EURJPY  - 5 M - PUT (venda)!
0	13:00:10.513	Price Pro Value Chart Profissional - PT-BR EURJPY,M5: Alert: PRICE PRO RAFA  - EURJPY está acima do nível 5
0	13:00:18.434	Price Pro Value Chart Profissional - PT-BR GBPJPY,M5: Alert: PRICE PRO RAFA  - GBPJPY está acima do nível 5
0	13:00:25.619	Price Pro Value Chart Profissional - PT-BR AUDJPY,M5: Alert: PRICE PRO RAFA  - AUDJPY está acima do nível 5
0	13:00:38.651	Price Pro Value Chart Profissional - PT-BR USDJPY,M5: Alert: PRICE PRO RAFA  - USDJPY está abaixo do nível -5
0	13:04:59.959	Price Pro Value Chart Profissional - PT-BR GBPJPY,M5: PUT - Sinal enviado para Price Pro!
0	13:04:59.959	Price Pro Value Chart Profissional - PT-BR AUDJPY,M5: PUT - Sinal enviado para Price Pro!
0	13:04:59.975	Price Pro Value Chart Profissional - PT-BR EURJPY,M5: PUT - Sinal enviado para Price Pro!
0	13:05:00.194	Price Pro Value Chart Profissional - PT-BR GBPJPY,M5: Alert: PRICE PRO RAFA  - GBPJPY  - 5 M - PUT (venda)!
0	13:05:00.306	Price Pro Value Chart Profissional - PT-BR EURJPY,M5: Alert: PRICE PRO RAFA  - EURJPY  - 5 M - PUT (venda)!
0	13:05:00.415	Price Pro Value Chart Profissional - PT-BR AUDJPY,M5: Alert: PRICE PRO RAFA  - AUDJPY  - 5 M - PUT (venda)!
0	13:11:38.320	Price Pro Value Chart Profissional - PT-BR USDJPY,M5: Alert: PRICE PRO RAFA  - USDJPY está abaixo do nível -5
0	13:15:50.665	Price Pro Value Chart Profissional - PT-BR EURJPY,M5: uninit reason 5
0	13:15:50.835	Price Pro Value Chart Profissional - PT-BR EURJPY,M5: initialized
0	13:15:52.886	Price Pro Value Chart Profissional - PT-BR EURJPY,M5: Alert: PRICE PRO RAFA  - EURJPY  - 5 M - PUT (venda)!
0	13:16:20.683	fadedbckgrnd2__1 EURUSD,M5: uninit reason 7
0	13:16:20.683	FixedChartScale EURUSD,M5: uninit reason 7
0	13:16:20.683	Price Pro Value Chart Profissional - PT-BR EURUSD,M5: uninit reason 7
0	13:16:20.685	Custom indicator fadedbckgrnd2__1 EURUSD,M5: removed
0	13:16:20.687	Custom indicator FixedChartScale EURUSD,M5: removed
0	13:16:20.700	Custom indicator Price Pro Value Chart Profissional - PT-BR EURUSD,M5: removed
0	13:16:20.708	Custom indicator fadedbckgrnd2__1 EURUSD,M5: loaded successfully
0	13:16:20.717	Custom indicator FixedChartScale EURUSD,M5: loaded successfully
0	13:16:20.813	Custom indicator Price Pro Value Chart Profissional - PT-BR EURUSD,M5: loaded successfully
0	13:16:20.825	fadedbckgrnd2__1 EURUSD,M5: initialized
0	13:16:20.837	FixedChartScale EURUSD,M5: initialized
0	13:16:21.085	Price Pro Value Chart Profissional - PT-BR EURUSD,M5: initialized
0	13:16:26.061	fadedbckgrnd2__1 AUDJPY,M5: uninit reason 7
0	13:16:26.061	FixedChartScale AUDJPY,M5: uninit reason 7
0	13:16:26.061	Price Pro Value Chart Profissional - PT-BR AUDJPY,M5: uninit reason 7
0	13:16:26.063	Custom indicator fadedbckgrnd2__1 AUDJPY,M5: removed
0	13:16:26.065	Custom indicator FixedChartScale AUDJPY,M5: removed
0	13:16:26.078	Custom indicator Price Pro Value Chart Profissional - PT-BR AUDJPY,M5: removed
0	13:16:26.086	Custom indicator fadedbckgrnd2__1 AUDJPY,M5: loaded successfully
0	13:16:26.094	Custom indicator FixedChartScale AUDJPY,M5: loaded successfully
0	13:16:26.203	Custom indicator Price Pro Value Chart Profissional - PT-BR AUDJPY,M5: loaded successfully
0	13:16:26.216	fadedbckgrnd2__1 AUDJPY,M5: initialized
0	13:16:26.229	FixedChartScale AUDJPY,M5: initialized
0	13:16:26.533	Price Pro Value Chart Profissional - PT-BR AUDJPY,M5: initialized
0	13:16:26.886	Price Pro Value Chart Profissional - PT-BR AUDJPY,M5: Alert: PRICE PRO RAFA  - AUDJPY está acima do nível 5
0	13:16:31.332	fadedbckgrnd2__1 USDJPY,M5: uninit reason 7
0	13:16:31.332	FixedChartScale USDJPY,M5: uninit reason 7
0	13:16:31.332	Price Pro Value Chart Profissional - PT-BR USDJPY,M5: uninit reason 7
0	13:16:31.334	Custom indicator fadedbckgrnd2__1 USDJPY,M5: removed
0	13:16:31.335	Custom indicator FixedChartScale USDJPY,M5: removed
0	13:16:31.349	Custom indicator Price Pro Value Chart Profissional - PT-BR USDJPY,M5: removed
0	13:16:31.357	Custom indicator fadedbckgrnd2__1 USDJPY,M5: loaded successfully
0	13:16:31.365	Custom indicator FixedChartScale USDJPY,M5: loaded successfully
0	13:16:31.463	Custom indicator Price Pro Value Chart Profissional - PT-BR USDJPY,M5: loaded successfully
0	13:16:31.476	fadedbckgrnd2__1 USDJPY,M5: initialized
0	13:16:31.488	FixedChartScale USDJPY,M5: initialized
0	13:16:31.721	Price Pro Value Chart Profissional - PT-BR USDJPY,M5: initialized
0	13:16:46.540	fadedbckgrnd2__1 GBPJPY,M5: uninit reason 7
0	13:16:46.540	FixedChartScale GBPJPY,M5: uninit reason 7
0	13:16:46.540	Price Pro Value Chart Profissional - PT-BR GBPJPY,M5: uninit reason 7
0	13:16:46.542	Custom indicator fadedbckgrnd2__1 GBPJPY,M5: removed
0	13:16:46.543	Custom indicator FixedChartScale GBPJPY,M5: removed
0	13:16:46.556	Custom indicator Price Pro Value Chart Profissional - PT-BR GBPJPY,M5: removed
0	13:16:46.564	Custom indicator fadedbckgrnd2__1 GBPJPY,M5: loaded successfully
0	13:16:46.572	Custom indicator FixedChartScale GBPJPY,M5: loaded successfully
0	13:16:46.671	Custom indicator Price Pro Value Chart Profissional - PT-BR GBPJPY,M5: loaded successfully
0	13:16:46.685	fadedbckgrnd2__1 GBPJPY,M5: initialized
0	13:16:46.696	FixedChartScale GBPJPY,M5: initialized
0	13:16:46.959	Price Pro Value Chart Profissional - PT-BR GBPJPY,M5: initialized
0	13:17:34.141	Custom indicator fadedbckgrnd2__1 GBPUSD,M5: loaded successfully
0	13:17:34.151	Custom indicator FixedChartScale GBPUSD,M5: loaded successfully
0	13:17:34.256	Custom indicator Price Pro Value Chart Profissional - PT-BR GBPUSD,M5: loaded successfully
0	13:17:34.269	fadedbckgrnd2__1 GBPUSD,M5: initialized
0	13:17:34.282	FixedChartScale GBPUSD,M5: initialized
0	13:17:34.800	Price Pro Value Chart Profissional - PT-BR GBPUSD,M5: initialized
0	13:21:05.668	fadedbckgrnd2__1 GBPUSD,M5: uninit reason 4
0	13:21:05.668	FixedChartScale GBPUSD,M5: uninit reason 4
0	13:21:05.668	Price Pro Value Chart Profissional - PT-BR GBPUSD,M5: uninit reason 4
0	13:21:05.669	Price Pro Value Chart Profissional - PT-BR GBPUSD,M5: ButtonDelete: Failed to delete the button! Error code = 4202
0	13:21:05.671	Custom indicator fadedbckgrnd2__1 GBPUSD,M5: removed
0	13:21:05.672	Custom indicator FixedChartScale GBPUSD,M5: removed
0	13:21:05.685	Custom indicator Price Pro Value Chart Profissional - PT-BR GBPUSD,M5: removed
0	13:27:08.210	Price Pro Value Chart Profissional - PT-BR EURUSD,M5: Alert: PRICE PRO RAFA  - EURUSD está acima do nível 5
0	13:31:03.396	Price Pro Value Chart Profissional - PT-BR EURJPY,M5: Alert: PRICE PRO RAFA  - EURJPY está acima do nível 5
0	13:32:15.658	Price Pro Value Chart Profissional - PT-BR GBPJPY,M5: Alert: PRICE PRO RAFA  - GBPJPY está acima do nível 5
0	13:33:22.071	Price Pro Value Chart Profissional - PT-BR USDJPY,M5: Alert: PRICE PRO RAFA  - USDJPY está acima do nível 5
0	13:34:59.002	Price Pro Value Chart Profissional - PT-BR EURJPY,M5: PUT - Sinal enviado para Price Pro!
0	13:34:59.244	Price Pro Value Chart Profissional - PT-BR GBPJPY,M5: PUT - Sinal enviado para Price Pro!
0	13:35:00.262	Price Pro Value Chart Profissional - PT-BR GBPJPY,M5: Alert: PRICE PRO RAFA  - GBPJPY  - 5 M - PUT (venda)!
0	13:35:00.622	Price Pro Value Chart Profissional - PT-BR EURJPY,M5: Alert: PRICE PRO RAFA  - EURJPY  - 5 M - PUT (venda)!
0	13:36:43.554	Price Pro Value Chart Profissional - PT-BR USDJPY,M5: Alert: PRICE PRO RAFA  - USDJPY está acima do nível 5
0	13:39:09.501	Price Pro Value Chart Profissional - PT-BR EURUSD,M5: Alert: PRICE PRO RAFA  - EURUSD está abaixo do nível -5
0	13:39:13.416	fadedbckgrnd2__1 USDJPY,M5: uninit reason 3
0	13:39:13.416	FixedChartScale USDJPY,M5: uninit reason 3
0	13:39:13.416	Price Pro Value Chart Profissional - PT-BR USDJPY,M5: uninit reason 3
0	13:39:13.416	Price Pro Value Chart Profissional - PT-BR USDJPY,M5: ButtonDelete: Failed to delete the button! Error code = 4202
0	13:39:13.418	fadedbckgrnd2__1 AUDUSD,M5: initialized
0	13:39:13.418	FixedChartScale AUDUSD,M5: initialized
0	13:39:13.530	Price Pro Value Chart Profissional - PT-BR AUDUSD,M5: initialized
0	13:39:14.390	Price Pro Value Chart Profissional - PT-BR AUDUSD,M5: Alert: PRICE PRO RAFA  - AUDUSD está abaixo do nível -5
0	13:39:53.104	fadedbckgrnd2__1 AUDUSD,M5: uninit reason 3
0	13:39:53.104	FixedChartScale AUDUSD,M5: uninit reason 3
0	13:39:53.104	Price Pro Value Chart Profissional - PT-BR AUDUSD,M5: uninit reason 3
0	13:39:53.104	Price Pro Value Chart Profissional - PT-BR AUDUSD,M5: ButtonDelete: Failed to delete the button! Error code = 4202
0	13:39:53.106	fadedbckgrnd2__1 AUDCAD,M5: initialized
0	13:39:53.106	FixedChartScale AUDCAD,M5: initialized
0	13:39:53.211	Price Pro Value Chart Profissional - PT-BR AUDCAD,M5: initialized
0	13:39:53.552	Price Pro Value Chart Profissional - PT-BR AUDCAD,M5: Alert: PRICE PRO RAFA  - AUDCAD está abaixo do nível -5
0	13:40:21.722	Price Pro Value Chart Profissional - PT-BR EURUSD,M5: Alert: PRICE PRO RAFA  - EURUSD está abaixo do nível -5
0	13:44:59.607	Price Pro Value Chart Profissional - PT-BR EURUSD,M5: CALL - Sinal enviado para Price Pro!
0	13:45:00.904	Price Pro Value Chart Profissional - PT-BR EURUSD,M5: Alert: PRICE PRO RAFA  - EURUSD  - 5 M - CALL (compra)!
0	13:49:57.317	fadedbckgrnd2__1 EURJPY,M5: uninit reason 9
0	13:49:57.317	FixedChartScale EURJPY,M5: uninit reason 9
0	13:49:57.317	Price Pro Value Chart Profissional - PT-BR EURJPY,M5: uninit reason 9
0	13:49:57.317	Price Pro Value Chart Profissional - PT-BR EURJPY,M5: ButtonDelete: Failed to delete the button! Error code = 4202
0	13:49:57.317	fadedbckgrnd2__1 GBPJPY,M5: uninit reason 9
0	13:49:57.317	FixedChartScale GBPJPY,M5: uninit reason 9
0	13:49:57.317	Price Pro Value Chart Profissional - PT-BR GBPJPY,M5: uninit reason 9
0	13:49:57.318	Price Pro Value Chart Profissional - PT-BR GBPJPY,M5: ButtonDelete: Failed to delete the button! Error code = 4202
0	13:49:57.318	fadedbckgrnd2__1 EURUSD,M5: uninit reason 9
0	13:49:57.318	FixedChartScale EURUSD,M5: uninit reason 9
0	13:49:57.318	Price Pro Value Chart Profissional - PT-BR EURUSD,M5: uninit reason 9
0	13:49:57.319	Price Pro Value Chart Profissional - PT-BR EURUSD,M5: ButtonDelete: Failed to delete the button! Error code = 4202
0	13:49:57.319	fadedbckgrnd2__1 AUDJPY,M5: uninit reason 9
0	13:49:57.319	FixedChartScale AUDJPY,M5: uninit reason 9
0	13:49:57.319	Price Pro Value Chart Profissional - PT-BR AUDJPY,M5: uninit reason 9
0	13:49:57.320	Price Pro Value Chart Profissional - PT-BR AUDJPY,M5: ButtonDelete: Failed to delete the button! Error code = 4202
0	13:49:57.320	fadedbckgrnd2__1 AUDCAD,M5: uninit reason 9
0	13:49:57.320	FixedChartScale AUDCAD,M5: uninit reason 9
0	13:49:57.320	Price Pro Value Chart Profissional - PT-BR AUDCAD,M5: uninit reason 9
0	13:49:57.320	Price Pro Value Chart Profissional - PT-BR AUDCAD,M5: ButtonDelete: Failed to delete the button! Error code = 4202
0	13:49:57.373	Custom indicator fadedbckgrnd2__1 EURJPY,M5: removed
0	13:49:57.375	Custom indicator FixedChartScale EURJPY,M5: removed
0	13:49:57.434	Custom indicator Price Pro Value Chart Profissional - PT-BR EURJPY,M5: removed
0	13:49:57.441	Custom indicator fadedbckgrnd2__1 GBPJPY,M5: removed
0	13:49:57.443	Custom indicator FixedChartScale GBPJPY,M5: removed
0	13:49:57.473	Custom indicator Price Pro Value Chart Profissional - PT-BR GBPJPY,M5: removed
0	13:49:57.482	Custom indicator fadedbckgrnd2__1 EURUSD,M5: removed
0	13:49:57.485	Custom indicator FixedChartScale EURUSD,M5: removed
0	13:49:57.503	Custom indicator Price Pro Value Chart Profissional - PT-BR EURUSD,M5: removed
0	13:49:57.507	Custom indicator fadedbckgrnd2__1 AUDJPY,M5: removed
0	13:49:57.508	Custom indicator FixedChartScale AUDJPY,M5: removed
0	13:49:57.524	Custom indicator Price Pro Value Chart Profissional - PT-BR AUDJPY,M5: removed
0	13:49:57.528	Custom indicator fadedbckgrnd2__1 AUDCAD,M5: removed
0	13:49:57.529	Custom indicator FixedChartScale AUDCAD,M5: removed
0	13:49:57.544	Custom indicator Price Pro Value Chart Profissional - PT-BR AUDCAD,M5: removed
0	13:51:32.722	Custom indicator fadedbckgrnd2__1 EURJPY,M5: loaded successfully
0	13:51:32.730	Custom indicator FixedChartScale EURJPY,M5: loaded successfully
0	13:51:32.830	Custom indicator Price Pro Value Chart Profissional - PT-BR EURJPY,M5: loaded successfully
0	13:51:32.843	fadedbckgrnd2__1 EURJPY,M5: initialized
0	13:51:32.855	FixedChartScale EURJPY,M5: initialized
0	13:51:33.010	Price Pro Value Chart Profissional - PT-BR EURJPY,M5: Alert: Falha: Preencha o campo ID Metatrader.
3	13:51:33.010	Price Pro Value Chart Profissional - PT-BR EURJPY,M5: initialization failed (1)
0	13:51:33.010	Price Pro Value Chart Profissional - PT-BR EURJPY,M5: uninit reason 8
0	13:51:33.010	Price Pro Value Chart Profissional - PT-BR EURJPY,M5: ButtonDelete: Failed to delete the button! Error code = 4202
0	13:51:33.024	Custom indicator Price Pro Value Chart Profissional - PT-BR EURJPY,M5: removed
0	13:51:33.049	Custom indicator fadedbckgrnd2__1 GBPJPY,M5: loaded successfully
0	13:51:33.058	Custom indicator FixedChartScale GBPJPY,M5: loaded successfully
0	13:51:33.176	Custom indicator Price Pro Value Chart Profissional - PT-BR GBPJPY,M5: loaded successfully
0	13:51:33.190	fadedbckgrnd2__1 GBPJPY,M5: initialized
0	13:51:33.203	FixedChartScale GBPJPY,M5: initialized
0	13:51:33.356	Price Pro Value Chart Profissional - PT-BR GBPJPY,M5: Alert: Falha: Preencha o campo ID Metatrader.
3	13:51:33.356	Price Pro Value Chart Profissional - PT-BR GBPJPY,M5: initialization failed (1)
0	13:51:33.356	Price Pro Value Chart Profissional - PT-BR GBPJPY,M5: uninit reason 8
0	13:51:33.356	Price Pro Value Chart Profissional - PT-BR GBPJPY,M5: ButtonDelete: Failed to delete the button! Error code = 4202
0	13:51:33.369	Custom indicator Price Pro Value Chart Profissional - PT-BR GBPJPY,M5: removed
0	13:51:33.396	Custom indicator fadedbckgrnd2__1 EURUSD,M5: loaded successfully
0	13:51:33.405	Custom indicator FixedChartScale EURUSD,M5: loaded successfully
0	13:51:33.516	Custom indicator Price Pro Value Chart Profissional - PT-BR EURUSD,M5: loaded successfully
0	13:51:33.529	fadedbckgrnd2__1 EURUSD,M5: initialized
0	13:51:33.541	FixedChartScale EURUSD,M5: initialized
0	13:51:33.690	Price Pro Value Chart Profissional - PT-BR EURUSD,M5: Alert: Falha: Preencha o campo ID Metatrader.
3	13:51:33.690	Price Pro Value Chart Profissional - PT-BR EURUSD,M5: initialization failed (1)
0	13:51:33.690	Price Pro Value Chart Profissional - PT-BR EURUSD,M5: uninit reason 8
0	13:51:33.690	Price Pro Value Chart Profissional - PT-BR EURUSD,M5: ButtonDelete: Failed to delete the button! Error code = 4202
0	13:51:33.703	Custom indicator Price Pro Value Chart Profissional - PT-BR EURUSD,M5: removed
0	13:51:33.731	Custom indicator fadedbckgrnd2__1 AUDJPY,M5: loaded successfully
0	13:51:33.740	Custom indicator FixedChartScale AUDJPY,M5: loaded successfully
0	13:51:33.874	Custom indicator Price Pro Value Chart Profissional - PT-BR AUDJPY,M5: loaded successfully
0	13:51:33.886	fadedbckgrnd2__1 AUDJPY,M5: initialized
0	13:51:33.899	FixedChartScale AUDJPY,M5: initialized
0	13:51:34.035	Price Pro Value Chart Profissional - PT-BR AUDJPY,M5: Alert: Falha: Preencha o campo ID Metatrader.
3	13:51:34.035	Price Pro Value Chart Profissional - PT-BR AUDJPY,M5: initialization failed (1)
0	13:51:34.035	Price Pro Value Chart Profissional - PT-BR AUDJPY,M5: uninit reason 8
0	13:51:34.035	Price Pro Value Chart Profissional - PT-BR AUDJPY,M5: ButtonDelete: Failed to delete the button! Error code = 4202
0	13:51:34.048	Custom indicator Price Pro Value Chart Profissional - PT-BR AUDJPY,M5: removed
0	13:51:34.071	Custom indicator fadedbckgrnd2__1 AUDCAD,M5: loaded successfully
0	13:51:34.079	Custom indicator FixedChartScale AUDCAD,M5: loaded successfully
0	13:51:34.189	Custom indicator Price Pro Value Chart Profissional - PT-BR AUDCAD,M5: loaded successfully
0	13:51:34.203	fadedbckgrnd2__1 AUDCAD,M5: initialized
0	13:51:34.215	FixedChartScale AUDCAD,M5: initialized
0	13:51:34.362	Price Pro Value Chart Profissional - PT-BR AUDCAD,M5: Alert: Falha: Preencha o campo ID Metatrader.
3	13:51:34.362	Price Pro Value Chart Profissional - PT-BR AUDCAD,M5: initialization failed (1)
0	13:51:34.362	Price Pro Value Chart Profissional - PT-BR AUDCAD,M5: uninit reason 8
0	13:51:34.362	Price Pro Value Chart Profissional - PT-BR AUDCAD,M5: ButtonDelete: Failed to delete the button! Error code = 4202
0	13:51:34.376	Custom indicator Price Pro Value Chart Profissional - PT-BR AUDCAD,M5: removed
0	13:52:00.395	fadedbckgrnd2__1 EURJPY,M5: uninit reason 7
0	13:52:00.395	FixedChartScale EURJPY,M5: uninit reason 7
0	13:52:00.397	Custom indicator fadedbckgrnd2__1 EURJPY,M5: removed
0	13:52:00.398	Custom indicator FixedChartScale EURJPY,M5: removed
0	13:52:00.406	Custom indicator fadedbckgrnd2__1 EURJPY,M5: loaded successfully
0	13:52:00.414	Custom indicator FixedChartScale EURJPY,M5: loaded successfully
0	13:52:00.525	Custom indicator Price Pro Value Chart Profissional - PT-BR EURJPY,M5: loaded successfully
0	13:52:00.538	fadedbckgrnd2__1 EURJPY,M5: initialized
0	13:52:00.549	FixedChartScale EURJPY,M5: initialized
0	13:52:00.854	Price Pro Value Chart Profissional - PT-BR EURJPY,M5: initialized
0	13:52:00.861	Price Pro Value Chart Profissional - PT-BR EURJPY,M5: Alert: PRICE PRO RAFA  - EURJPY  - 5 M - CALL (compra)!
0	13:52:05.497	fadedbckgrnd2__1 GBPJPY,M5: uninit reason 7
0	13:52:05.497	FixedChartScale GBPJPY,M5: uninit reason 7
0	13:52:05.499	Custom indicator fadedbckgrnd2__1 GBPJPY,M5: removed
0	13:52:05.500	Custom indicator FixedChartScale GBPJPY,M5: removed
0	13:52:05.509	Custom indicator fadedbckgrnd2__1 GBPJPY,M5: loaded successfully
0	13:52:05.518	Custom indicator FixedChartScale GBPJPY,M5: loaded successfully
0	13:52:05.622	Custom indicator Price Pro Value Chart Profissional - PT-BR GBPJPY,M5: loaded successfully
0	13:52:05.636	fadedbckgrnd2__1 GBPJPY,M5: initialized
0	13:52:05.648	FixedChartScale GBPJPY,M5: initialized
0	13:52:05.866	Price Pro Value Chart Profissional - PT-BR GBPJPY,M5: initialized
0	13:52:10.813	fadedbckgrnd2__1 EURUSD,M5: uninit reason 7
0	13:52:10.813	FixedChartScale EURUSD,M5: uninit reason 7
0	13:52:10.814	Custom indicator fadedbckgrnd2__1 EURUSD,M5: removed
0	13:52:10.815	Custom indicator FixedChartScale EURUSD,M5: removed
0	13:52:10.824	Custom indicator fadedbckgrnd2__1 EURUSD,M5: loaded successfully
0	13:52:10.832	Custom indicator FixedChartScale EURUSD,M5: loaded successfully
0	13:52:10.930	Custom indicator Price Pro Value Chart Profissional - PT-BR EURUSD,M5: loaded successfully
0	13:52:10.943	fadedbckgrnd2__1 EURUSD,M5: initialized
0	13:52:10.954	FixedChartScale EURUSD,M5: initialized
0	13:52:11.193	Price Pro Value Chart Profissional - PT-BR EURUSD,M5: initialized
0	13:52:12.997	Price Pro Value Chart Profissional - PT-BR EURUSD,M5: Alert: PRICE PRO RAFA  - EURUSD  - 5 M - CALL (compra)!
0	13:52:15.538	fadedbckgrnd2__1 AUDJPY,M5: uninit reason 7
0	13:52:15.539	FixedChartScale AUDJPY,M5: uninit reason 7
0	13:52:15.540	Custom indicator fadedbckgrnd2__1 AUDJPY,M5: removed
0	13:52:15.541	Custom indicator FixedChartScale AUDJPY,M5: removed
0	13:52:15.549	Custom indicator fadedbckgrnd2__1 AUDJPY,M5: loaded successfully
0	13:52:15.558	Custom indicator FixedChartScale AUDJPY,M5: loaded successfully
0	13:52:15.664	Custom indicator Price Pro Value Chart Profissional - PT-BR AUDJPY,M5: loaded successfully
0	13:52:15.679	fadedbckgrnd2__1 AUDJPY,M5: initialized
0	13:52:15.691	FixedChartScale AUDJPY,M5: initialized
0	13:52:15.902	Price Pro Value Chart Profissional - PT-BR AUDJPY,M5: initialized
0	13:52:16.321	Price Pro Value Chart Profissional - PT-BR EURUSD,M5: Alert: PRICE PRO RAFA  - EURUSD está abaixo do nível -8
0	13:52:19.291	fadedbckgrnd2__1 AUDCAD,M5: uninit reason 7
0	13:52:19.291	FixedChartScale AUDCAD,M5: uninit reason 7
0	13:52:19.292	Custom indicator fadedbckgrnd2__1 AUDCAD,M5: removed
0	13:52:19.293	Custom indicator FixedChartScale AUDCAD,M5: removed
0	13:52:19.302	Custom indicator fadedbckgrnd2__1 AUDCAD,M5: loaded successfully
0	13:52:19.310	Custom indicator FixedChartScale AUDCAD,M5: loaded successfully
0	13:52:19.414	Custom indicator Price Pro Value Chart Profissional - PT-BR AUDCAD,M5: loaded successfully
0	13:52:19.427	fadedbckgrnd2__1 AUDCAD,M5: initialized
0	13:52:19.438	FixedChartScale AUDCAD,M5: initialized
0	13:52:19.643	Price Pro Value Chart Profissional - PT-BR AUDCAD,M5: initialized
0	13:52:23.587	Price Pro Value Chart Profissional - PT-BR AUDCAD,M5: Alert: PRICE PRO RAFA  - AUDCAD  - 5 M - CALL (compra)!
0	13:53:04.873	fadedbckgrnd2__1 AUDJPY,M5: uninit reason 7
0	13:53:04.873	FixedChartScale AUDJPY,M5: uninit reason 7
0	13:53:04.873	Price Pro Value Chart Profissional - PT-BR AUDJPY,M5: uninit reason 7
0	13:53:04.874	Price Pro Value Chart Profissional - PT-BR AUDJPY,M5: ButtonDelete: Failed to delete the button! Error code = 4202
0	13:53:04.875	Custom indicator fadedbckgrnd2__1 AUDJPY,M5: removed
0	13:53:04.877	Custom indicator FixedChartScale AUDJPY,M5: removed
0	13:53:04.890	Custom indicator Price Pro Value Chart Profissional - PT-BR AUDJPY,M5: removed
0	13:53:04.898	Custom indicator fadedbckgrnd2__1 AUDJPY,M5: loaded successfully
0	13:53:04.907	Custom indicator FixedChartScale AUDJPY,M5: loaded successfully
0	13:53:05.006	Custom indicator Price Pro Value Chart Profissional - PT-BR AUDJPY,M5: loaded successfully
0	13:53:05.020	fadedbckgrnd2__1 AUDJPY,M5: initialized
0	13:53:05.032	FixedChartScale AUDJPY,M5: initialized
0	13:53:05.617	Price Pro Value Chart Profissional - PT-BR AUDJPY,M5: initialized
0	13:53:13.635	fadedbckgrnd2__1 GBPJPY,M5: uninit reason 7
0	13:53:13.635	FixedChartScale GBPJPY,M5: uninit reason 7
0	13:53:13.635	Price Pro Value Chart Profissional - PT-BR GBPJPY,M5: uninit reason 7
0	13:53:13.635	Price Pro Value Chart Profissional - PT-BR GBPJPY,M5: ButtonDelete: Failed to delete the button! Error code = 4202
0	13:53:13.637	Custom indicator fadedbckgrnd2__1 GBPJPY,M5: removed
0	13:53:13.638	Custom indicator FixedChartScale GBPJPY,M5: removed
0	13:53:13.651	Custom indicator Price Pro Value Chart Profissional - PT-BR GBPJPY,M5: removed
0	13:53:13.659	Custom indicator fadedbckgrnd2__1 GBPJPY,M5: loaded successfully
0	13:53:13.668	Custom indicator FixedChartScale GBPJPY,M5: loaded successfully
0	13:53:13.767	Custom indicator Price Pro Value Chart Profissional - PT-BR GBPJPY,M5: loaded successfully
0	13:53:13.780	fadedbckgrnd2__1 GBPJPY,M5: initialized
0	13:53:13.791	FixedChartScale GBPJPY,M5: initialized
0	13:53:16.860	Price Pro Value Chart Profissional - PT-BR GBPJPY,M5: initialized
0	13:55:34.788	Price Pro Value Chart Profissional - PT-BR EURJPY,M5: Alert: PRICE PRO RAFA  - EURJPY está abaixo do nível -5
0	13:59:59.430	Price Pro Value Chart Profissional - PT-BR EURJPY,M5: CALL - Sinal enviado para Price Pro!
0	14:00:01.361	Price Pro Value Chart Profissional - PT-BR EURJPY,M5: Alert: PRICE PRO RAFA  - EURJPY  - 5 M - CALL (compra)!
0	14:00:09.253	Price Pro Value Chart Profissional - PT-BR EURUSD,M5: Alert: PRICE PRO RAFA  - EURUSD  - 5 M - CALL (compra)!
0	14:00:11.788	Price Pro Value Chart Profissional - PT-BR EURUSD,M5: Alert: PRICE PRO RAFA  - EURUSD está abaixo do nível -9
0	14:02:55.373	Price Pro Value Chart Profissional - PT-BR AUDJPY,M5: Alert: PRICE PRO RAFA  - AUDJPY está acima do nível 5
0	14:05:16.052	Price Pro Value Chart Profissional - PT-BR AUDJPY,M5: Alert: PRICE PRO RAFA  - AUDJPY está acima do nível 5
0	14:08:30.034	Price Pro Value Chart Profissional - PT-BR GBPJPY,M5: Alert: PRICE PRO RAFA  - GBPJPY está acima do nível 5
0	14:09:59.022	Price Pro Value Chart Profissional - PT-BR AUDJPY,M5: PUT - Sinal enviado para Price Pro!
0	14:09:59.545	Price Pro Value Chart Profissional - PT-BR GBPJPY,M5: PUT - Sinal enviado para Price Pro!
0	14:10:00.617	Price Pro Value Chart Profissional - PT-BR GBPJPY,M5: Alert: PRICE PRO RAFA  - GBPJPY  - 5 M - PUT (venda)!
0	14:10:00.903	Price Pro Value Chart Profissional - PT-BR AUDJPY,M5: Alert: PRICE PRO RAFA  - AUDJPY  - 5 M - PUT (venda)!
0	14:20:08.548	Price Pro Value Chart Profissional - PT-BR EURUSD,M5: Alert: PRICE PRO RAFA  - EURUSD está acima do nível 5
0	14:24:59.229	Price Pro Value Chart Profissional - PT-BR EURUSD,M5: PUT - Sinal enviado para Price Pro!
0	14:25:00.488	Price Pro Value Chart Profissional - PT-BR EURUSD,M5: Alert: PRICE PRO RAFA  - EURUSD  - 5 M - PUT (venda)!
0	14:31:32.210	fadedbckgrnd2__1 EURUSD,M5: uninit reason 7
0	14:31:32.210	FixedChartScale EURUSD,M5: uninit reason 7
0	14:31:32.210	Price Pro Value Chart Profissional - PT-BR EURUSD,M5: uninit reason 7
0	14:31:32.210	Price Pro Value Chart Profissional - PT-BR EURUSD,M5: ButtonDelete: Failed to delete the button! Error code = 4202
0	14:31:32.212	Custom indicator fadedbckgrnd2__1 EURUSD,M5: removed
0	14:31:32.213	Custom indicator FixedChartScale EURUSD,M5: removed
0	14:31:32.227	Custom indicator Price Pro Value Chart Profissional - PT-BR EURUSD,M5: removed
0	14:31:32.235	Custom indicator fadedbckgrnd2__1 EURUSD,M5: loaded successfully
0	14:31:32.243	Custom indicator FixedChartScale EURUSD,M5: loaded successfully
0	14:31:32.352	Custom indicator Price Pro Value Chart Profissional - PT-BR EURUSD,M5: loaded successfully
0	14:31:32.366	fadedbckgrnd2__1 EURUSD,M5: initialized
0	14:31:32.377	FixedChartScale EURUSD,M5: initialized
0	14:31:32.761	Price Pro Value Chart Profissional - PT-BR EURUSD,M5: initialized
0	14:31:35.100	Price Pro Value Chart Profissional - PT-BR EURUSD,M5: Alert: PRICE PRO RAFA  - EURUSD  - 5 M - PUT (venda)!
0	14:31:35.141	Price Pro Value Chart Profissional - PT-BR EURUSD,M5: Alert: PRICE PRO RAFA  - EURUSD está acima do nível 5
0	14:32:08.490	fadedbckgrnd2__1 AUDCAD,M5: uninit reason 7
0	14:32:08.490	FixedChartScale AUDCAD,M5: uninit reason 7
0	14:32:08.490	Price Pro Value Chart Profissional - PT-BR AUDCAD,M5: uninit reason 7
0	14:32:08.491	Price Pro Value Chart Profissional - PT-BR AUDCAD,M5: ButtonDelete: Failed to delete the button! Error code = 4202
0	14:32:08.492	Custom indicator fadedbckgrnd2__1 AUDCAD,M5: removed
0	14:32:08.494	Custom indicator FixedChartScale AUDCAD,M5: removed
0	14:32:08.506	Custom indicator Price Pro Value Chart Profissional - PT-BR AUDCAD,M5: removed
0	14:32:08.515	Custom indicator fadedbckgrnd2__1 AUDCAD,M5: loaded successfully
0	14:32:08.523	Custom indicator FixedChartScale AUDCAD,M5: loaded successfully
0	14:32:08.626	Custom indicator Price Pro Value Chart Profissional - PT-BR AUDCAD,M5: loaded successfully
0	14:32:08.642	fadedbckgrnd2__1 AUDCAD,M5: initialized
0	14:32:08.654	FixedChartScale AUDCAD,M5: initialized
0	14:32:09.023	Price Pro Value Chart Profissional - PT-BR AUDCAD,M5: initialized
0	14:33:45.357	fadedbckgrnd2__1 EURUSD,M5: uninit reason 3
0	14:33:45.357	FixedChartScale EURUSD,M5: uninit reason 3
0	14:33:45.357	Price Pro Value Chart Profissional - PT-BR EURUSD,M5: uninit reason 3
0	14:33:45.358	Price Pro Value Chart Profissional - PT-BR EURUSD,M5: ButtonDelete: Failed to delete the button! Error code = 4202
0	14:33:45.361	fadedbckgrnd2__1 EURUSD,M1: initialized
0	14:33:45.361	FixedChartScale EURUSD,M1: initialized
0	14:33:45.362	Price Pro Value Chart Profissional - PT-BR EURUSD,M1: Alert: EM CÁLCULO POR HORAS E M1, UTILIZE MENOS DE 3 HORAS DE BACKTEST
0	14:33:45.454	Price Pro Value Chart Profissional - PT-BR EURUSD,M1: initialized
0	14:33:51.138	fadedbckgrnd2__1 EURUSD,M1: uninit reason 7
0	14:33:51.138	FixedChartScale EURUSD,M1: uninit reason 7
0	14:33:51.138	Price Pro Value Chart Profissional - PT-BR EURUSD,M1: uninit reason 7
0	14:33:51.141	Price Pro Value Chart Profissional - PT-BR EURUSD,M1: ButtonDelete: Failed to delete the button! Error code = 4202
0	14:33:51.142	Custom indicator fadedbckgrnd2__1 EURUSD,M1: removed
0	14:33:51.144	Custom indicator FixedChartScale EURUSD,M1: removed
0	14:33:51.158	Custom indicator Price Pro Value Chart Profissional - PT-BR EURUSD,M1: removed
0	14:33:51.169	Custom indicator fadedbckgrnd2__1 EURUSD,M1: loaded successfully
0	14:33:51.179	Custom indicator FixedChartScale EURUSD,M1: loaded successfully
0	14:33:51.190	Custom indicator iclock_mod1 EURUSD,M1: loaded successfully
0	14:33:51.300	Custom indicator Price Pro Value Chart Profissional - PT-BR EURUSD,M1: loaded successfully
0	14:33:51.316	fadedbckgrnd2__1 EURUSD,M1: initialized
0	14:33:51.329	FixedChartScale EURUSD,M1: initialized
0	14:33:51.346	iclock_mod1 EURUSD,M1: initialized
0	14:33:51.634	Price Pro Value Chart Profissional - PT-BR EURUSD,M1: initialized
0	14:33:51.699	Guns Catalogador EURUSD,M1: Alert: Acesso liberado. Obrigado!
1	14:33:51.699	Guns Catalogador EURUSD,M1: cannot set millisecond timer (16)
0	14:34:09.612	iclock_mod1 EURUSD,M1: uninit reason 1
0	14:34:09.614	Custom indicator iclock_mod1 EURUSD,M1: removed
0	14:36:07.414	Price Pro Value Chart Profissional - PT-BR GBPJPY,M5: Alert: PRICE PRO RAFA  - GBPJPY está acima do nível 5
0	14:36:14.357	Price Pro Value Chart Profissional - PT-BR EURUSD,M1: uninit reason 5
0	14:36:14.520	Price Pro Value Chart Profissional - PT-BR EURUSD,M1: initialized
0	14:36:15.328	Price Pro Value Chart Profissional - PT-BR EURUSD,M1: Alert: PRICE PRO RAFA  - EURUSD está abaixo do nível -5
0	14:36:58.190	fadedbckgrnd2__1 EURJPY,M5: uninit reason 3
0	14:36:58.191	FixedChartScale EURJPY,M5: uninit reason 3
0	14:36:58.191	Price Pro Value Chart Profissional - PT-BR EURJPY,M5: uninit reason 3
0	14:36:58.191	Price Pro Value Chart Profissional - PT-BR EURJPY,M5: ButtonDelete: Failed to delete the button! Error code = 4202
0	14:36:58.192	fadedbckgrnd2__1 EURJPY,M1: initialized
0	14:36:58.193	FixedChartScale EURJPY,M1: initialized
0	14:36:58.193	Price Pro Value Chart Profissional - PT-BR EURJPY,M1: Alert: EM CÁLCULO POR HORAS E M1, UTILIZE MENOS DE 3 HORAS DE BACKTEST
0	14:36:58.313	Price Pro Value Chart Profissional - PT-BR EURJPY,M1: initialized
0	14:37:02.344	fadedbckgrnd2__1 EURJPY,M1: uninit reason 7
0	14:37:02.344	FixedChartScale EURJPY,M1: uninit reason 7
0	14:37:02.344	Price Pro Value Chart Profissional - PT-BR EURJPY,M1: uninit reason 7
0	14:37:02.347	Price Pro Value Chart Profissional - PT-BR EURJPY,M1: ButtonDelete: Failed to delete the button! Error code = 4202
0	14:37:02.349	Custom indicator fadedbckgrnd2__1 EURJPY,M1: removed
0	14:37:02.350	Custom indicator FixedChartScale EURJPY,M1: removed
0	14:37:02.364	Custom indicator Price Pro Value Chart Profissional - PT-BR EURJPY,M1: removed
0	14:37:02.373	Custom indicator fadedbckgrnd2__1 EURJPY,M1: loaded successfully
0	14:37:02.383	Custom indicator FixedChartScale EURJPY,M1: loaded successfully
0	14:37:02.493	Custom indicator Price Pro Value Chart Profissional - PT-BR EURJPY,M1: loaded successfully
0	14:37:02.509	fadedbckgrnd2__1 EURJPY,M1: initialized
0	14:37:02.521	FixedChartScale EURJPY,M1: initialized
0	14:37:02.723	Price Pro Value Chart Profissional - PT-BR EURJPY,M1: initialized
0	14:37:02.748	Price Pro Value Chart Profissional - PT-BR EURJPY,M1: Alert: PRICE PRO RAFA  - EURJPY está acima do nível 5
0	14:37:10.417	fadedbckgrnd2__1 GBPJPY,M5: uninit reason 7
0	14:37:10.417	FixedChartScale GBPJPY,M5: uninit reason 7
0	14:37:10.417	Price Pro Value Chart Profissional - PT-BR GBPJPY,M5: uninit reason 7
0	14:37:10.418	Price Pro Value Chart Profissional - PT-BR GBPJPY,M5: ButtonDelete: Failed to delete the button! Error code = 4202
0	14:37:10.419	Custom indicator fadedbckgrnd2__1 GBPJPY,M5: removed
0	14:37:10.420	Custom indicator FixedChartScale GBPJPY,M5: removed
0	14:37:10.435	Custom indicator Price Pro Value Chart Profissional - PT-BR GBPJPY,M5: removed
0	14:37:10.444	Custom indicator fadedbckgrnd2__1 GBPJPY,M5: loaded successfully
0	14:37:10.452	Custom indicator FixedChartScale GBPJPY,M5: loaded successfully
0	14:37:10.558	Custom indicator Price Pro Value Chart Profissional - PT-BR GBPJPY,M5: loaded successfully
0	14:37:10.574	fadedbckgrnd2__1 GBPJPY,M5: initialized
0	14:37:10.587	FixedChartScale GBPJPY,M5: initialized
0	14:37:10.733	Price Pro Value Chart Profissional - PT-BR GBPJPY,M5: Alert: Tempo de expiração: 1 M, menor que TimeFrame: M5, afeta backtest
0	14:37:10.845	Price Pro Value Chart Profissional - PT-BR GBPJPY,M5: initialized
0	14:37:10.852	Price Pro Value Chart Profissional - PT-BR GBPJPY,M5: Alert: PRICE PRO RAFA  - GBPJPY está acima do nível 5
0	14:37:13.542	fadedbckgrnd2__1 GBPJPY,M5: uninit reason 3
0	14:37:13.542	FixedChartScale GBPJPY,M5: uninit reason 3
0	14:37:13.542	Price Pro Value Chart Profissional - PT-BR GBPJPY,M5: uninit reason 3
0	14:37:13.543	fadedbckgrnd2__1 GBPJPY,M1: initialized
0	14:37:13.543	FixedChartScale GBPJPY,M1: initialized
0	14:37:13.725	Price Pro Value Chart Profissional - PT-BR GBPJPY,M1: initialized
0	14:37:21.210	fadedbckgrnd2__1 AUDJPY,M5: uninit reason 4
0	14:37:21.210	FixedChartScale AUDJPY,M5: uninit reason 4
0	14:37:21.210	Price Pro Value Chart Profissional - PT-BR AUDJPY,M5: uninit reason 4
0	14:37:21.210	Price Pro Value Chart Profissional - PT-BR AUDJPY,M5: ButtonDelete: Failed to delete the button! Error code = 4202
0	14:37:21.213	Custom indicator fadedbckgrnd2__1 AUDJPY,M5: removed
0	14:37:21.214	Custom indicator FixedChartScale AUDJPY,M5: removed
0	14:37:21.227	Custom indicator Price Pro Value Chart Profissional - PT-BR AUDJPY,M5: removed
0	14:37:24.417	fadedbckgrnd2__1 AUDCAD,M5: uninit reason 4
0	14:37:24.417	FixedChartScale AUDCAD,M5: uninit reason 4
0	14:37:24.417	Price Pro Value Chart Profissional - PT-BR AUDCAD,M5: uninit reason 4
0	14:37:24.417	Price Pro Value Chart Profissional - PT-BR AUDCAD,M5: ButtonDelete: Failed to delete the button! Error code = 4202
0	14:37:24.420	Custom indicator fadedbckgrnd2__1 AUDCAD,M5: removed
0	14:37:24.422	Custom indicator FixedChartScale AUDCAD,M5: removed
0	14:37:24.435	Custom indicator Price Pro Value Chart Profissional - PT-BR AUDCAD,M5: removed
0	14:37:32.684	Price Pro Value Chart Profissional - PT-BR GBPJPY,M1: Alert: PRICE PRO RAFA  - GBPJPY está acima do nível 5
0	14:37:59.382	fadedbckgrnd2__1 GBPJPY,M1: uninit reason 3
0	14:37:59.382	FixedChartScale GBPJPY,M1: uninit reason 3
0	14:37:59.382	Price Pro Value Chart Profissional - PT-BR GBPJPY,M1: uninit reason 3
0	14:37:59.385	fadedbckgrnd2__1 GBPUSD,M1: initialized
0	14:37:59.385	FixedChartScale GBPUSD,M1: initialized
0	14:37:59.519	Price Pro Value Chart Profissional - PT-BR GBPUSD,M1: initialized
0	14:38:51.037	Price Pro Value Chart Profissional - PT-BR GBPUSD,M1: uninit reason 5
0	14:38:51.144	Price Pro Value Chart Profissional - PT-BR GBPUSD,M1: initialized
0	14:38:59.244	Price Pro Value Chart Profissional - PT-BR EURJPY,M1: Alert: PRICE PRO RAFA  - EURJPY está acima do nível 5
0	14:38:59.671	Price Pro Value Chart Profissional - PT-BR EURJPY,M1: PUT - Sinal enviado para Price Pro!
0	14:40:38.432	fadedbckgrnd2__1 EURUSD,M1: uninit reason 7
0	14:40:38.432	FixedChartScale EURUSD,M1: uninit reason 7
0	14:40:38.432	Price Pro Value Chart Profissional - PT-BR EURUSD,M1: uninit reason 7
0	14:40:38.435	Custom indicator fadedbckgrnd2__1 EURUSD,M1: removed
0	14:40:38.437	Custom indicator FixedChartScale EURUSD,M1: removed
0	14:40:38.451	Custom indicator Price Pro Value Chart Profissional - PT-BR EURUSD,M1: removed
0	14:40:38.461	Custom indicator fadedbckgrnd2__1 EURUSD,M1: loaded successfully
0	14:40:38.469	Custom indicator FixedChartScale EURUSD,M1: loaded successfully
0	14:40:38.579	Custom indicator Price Pro Value Chart Profissional - PT-BR EURUSD,M1: loaded successfully
0	14:40:38.596	fadedbckgrnd2__1 EURUSD,M1: initialized
0	14:40:38.609	FixedChartScale EURUSD,M1: initialized
0	14:40:38.888	Price Pro Value Chart Profissional - PT-BR EURUSD,M1: initialized
0	14:40:44.101	fadedbckgrnd2__1 EURJPY,M1: uninit reason 7
0	14:40:44.101	FixedChartScale EURJPY,M1: uninit reason 7
0	14:40:44.101	Price Pro Value Chart Profissional - PT-BR EURJPY,M1: uninit reason 7
0	14:40:44.105	Custom indicator fadedbckgrnd2__1 EURJPY,M1: removed
0	14:40:44.106	Custom indicator FixedChartScale EURJPY,M1: removed
0	14:40:44.119	Custom indicator Price Pro Value Chart Profissional - PT-BR EURJPY,M1: removed
0	14:40:44.128	Custom indicator fadedbckgrnd2__1 EURJPY,M1: loaded successfully
0	14:40:44.136	Custom indicator FixedChartScale EURJPY,M1: loaded successfully
0	14:40:44.247	Custom indicator Price Pro Value Chart Profissional - PT-BR EURJPY,M1: loaded successfully
0	14:40:44.262	fadedbckgrnd2__1 EURJPY,M1: initialized
0	14:40:44.274	FixedChartScale EURJPY,M1: initialized
0	14:40:44.503	Price Pro Value Chart Profissional - PT-BR EURJPY,M1: initialized
0	14:41:07.468	Price Pro Value Chart Profissional - PT-BR EURUSD,M1: Alert: PRICE PRO RAFA  - EURUSD está acima do nível 5
0	14:41:13.443	Custom indicator fadedbckgrnd2__1 EURGBP,M1: loaded successfully
0	14:41:13.451	Custom indicator FixedChartScale EURGBP,M1: loaded successfully
0	14:41:13.561	Custom indicator Price Pro Value Chart Profissional - PT-BR EURGBP,M1: loaded successfully
0	14:41:13.577	fadedbckgrnd2__1 EURGBP,M1: initialized
0	14:41:13.589	FixedChartScale EURGBP,M1: initialized
0	14:41:13.867	Price Pro Value Chart Profissional - PT-BR EURGBP,M1: initialized
0	14:41:14.022	Price Pro Value Chart Profissional - PT-BR EURGBP,M1: Alert: PRICE PRO RAFA  - EURGBP está acima do nível 5
0	14:41:58.188	Custom indicator fadedbckgrnd2__1 AUDUSD,M1: loaded successfully
0	14:41:58.197	Custom indicator FixedChartScale AUDUSD,M1: loaded successfully
0	14:41:58.301	Custom indicator Price Pro Value Chart Profissional - PT-BR AUDUSD,M1: loaded successfully
0	14:41:58.316	fadedbckgrnd2__1 AUDUSD,M1: initialized
0	14:41:58.327	FixedChartScale AUDUSD,M1: initialized
0	14:41:58.570	Price Pro Value Chart Profissional - PT-BR AUDUSD,M1: initialized
0	14:42:00.698	Price Pro Value Chart Profissional - PT-BR EURGBP,M1: Alert: PRICE PRO RAFA  - EURGBP  - 1 M - PUT (venda)!
0	14:42:06.715	Custom indicator fadedbckgrnd2__1 USDJPY,M1: loaded successfully
0	14:42:06.724	Custom indicator FixedChartScale USDJPY,M1: loaded successfully
0	14:42:06.823	Custom indicator Price Pro Value Chart Profissional - PT-BR USDJPY,M1: loaded successfully
0	14:42:06.838	fadedbckgrnd2__1 USDJPY,M1: initialized
0	14:42:06.849	FixedChartScale USDJPY,M1: initialized
0	14:42:07.097	Price Pro Value Chart Profissional - PT-BR USDJPY,M1: initialized
0	14:42:09.136	Price Pro Value Chart Profissional - PT-BR USDJPY,M1: Alert: PRICE PRO RAFA  - USDJPY está abaixo do nível -5
0	14:42:39.890	fadedbckgrnd2__1 AUDUSD,M1: uninit reason 4
0	14:42:39.890	FixedChartScale AUDUSD,M1: uninit reason 4
0	14:42:39.890	Price Pro Value Chart Profissional - PT-BR AUDUSD,M1: uninit reason 4
0	14:42:39.894	Custom indicator fadedbckgrnd2__1 AUDUSD,M1: removed
0	14:42:39.895	Custom indicator FixedChartScale AUDUSD,M1: removed
0	14:42:39.908	Custom indicator Price Pro Value Chart Profissional - PT-BR AUDUSD,M1: removed
0	14:45:00.798	Price Pro Value Chart Profissional - PT-BR EURUSD,M1: Alert: PRICE PRO RAFA  - EURUSD está abaixo do nível -5
0	14:45:00.818	Price Pro Value Chart Profissional - PT-BR USDJPY,M1: Alert: PRICE PRO RAFA  - USDJPY está acima do nível 5
0	14:45:01.456	Price Pro Value Chart Profissional - PT-BR GBPUSD,M1: Alert: PRICE PRO RAFA  - GBPUSD está abaixo do nível -6
0	14:45:16.121	Custom indicator fadedbckgrnd2__1 GBPJPY,M1: loaded successfully
0	14:45:16.130	Custom indicator FixedChartScale GBPJPY,M1: loaded successfully
0	14:45:16.235	Custom indicator Price Pro Value Chart Profissional - PT-BR GBPJPY,M1: loaded successfully
0	14:45:16.251	fadedbckgrnd2__1 GBPJPY,M1: initialized
0	14:45:16.262	FixedChartScale GBPJPY,M1: initialized
0	14:45:16.502	Price Pro Value Chart Profissional - PT-BR GBPJPY,M1: initialized
0	14:45:16.559	Price Pro Value Chart Profissional - PT-BR GBPJPY,M1: Alert: PRICE PRO RAFA  - GBPJPY está abaixo do nível -5
0	14:46:00.276	Price Pro Value Chart Profissional - PT-BR GBPJPY,M1: Alert: PRICE PRO RAFA  - GBPJPY  - 1 M - CALL (compra)!
0	14:46:00.532	Price Pro Value Chart Profissional - PT-BR EURJPY,M1: Alert: PRICE PRO RAFA  - EURJPY está abaixo do nível -5
0	14:46:00.779	Price Pro Value Chart Profissional - PT-BR EURUSD,M1: Alert: PRICE PRO RAFA  - EURUSD  - 1 M - CALL (compra)!
0	14:49:14.987	Price Pro Value Chart Profissional - PT-BR USDJPY,M1: Alert: PRICE PRO RAFA  - USDJPY está abaixo do nível -5
0	14:50:03.239	Price Pro Value Chart Profissional - PT-BR USDJPY,M1: Alert: PRICE PRO RAFA  - USDJPY está abaixo do nível -5
0	14:50:07.953	Price Pro Value Chart Profissional - PT-BR EURJPY,M1: Alert: PRICE PRO RAFA  - EURJPY está abaixo do nível -5
0	14:51:20.057	Price Pro Value Chart Profissional - PT-BR USDJPY,M1: Alert: PRICE PRO RAFA  - USDJPY está abaixo do nível -5
0	14:51:28.013	Price Pro Value Chart Profissional - PT-BR GBPJPY,M1: Alert: PRICE PRO RAFA  - GBPJPY está abaixo do nível -5
0	14:51:28.681	Price Pro Value Chart Profissional - PT-BR GBPUSD,M1: Alert: PRICE PRO RAFA  - GBPUSD está abaixo do nível -6
0	14:51:48.840	Price Pro Value Chart Profissional - PT-BR EURGBP,M1: Alert: PRICE PRO RAFA  - EURGBP está acima do nível 7
0	14:52:00.467	Price Pro Value Chart Profissional - PT-BR GBPJPY,M1: Alert: PRICE PRO RAFA  - GBPJPY  - 1 M - CALL (compra)!
0	14:52:30.015	Price Pro Value Chart Profissional - PT-BR EURUSD,M1: Alert: PRICE PRO RAFA  - EURUSD está acima do nível 5
0	14:53:00.489	Price Pro Value Chart Profissional - PT-BR EURUSD,M1: Alert: PRICE PRO RAFA  - EURUSD  - 1 M - PUT (venda)!
0	14:53:43.350	Price Pro Value Chart Profissional - PT-BR EURGBP,M1: Alert: PRICE PRO RAFA  - EURGBP está acima do nível 7
0	14:54:04.477	Price Pro Value Chart Profissional - PT-BR USDJPY,M1: Alert: PRICE PRO RAFA  - USDJPY está acima do nível 5
0	14:54:32.683	Price Pro Value Chart Profissional - PT-BR EURGBP,M1: Alert: PRICE PRO RAFA  - EURGBP está acima do nível 7
0	14:55:00.507	Price Pro Value Chart Profissional - PT-BR EURGBP,M1: Alert: PRICE PRO RAFA  - EURGBP  - 1 M - PUT (venda)!
0	14:57:09.270	Price Pro Value Chart Profissional - PT-BR EURJPY,M1: Alert: PRICE PRO RAFA  - EURJPY está acima do nível 5
0	14:58:06.970	Price Pro Value Chart Profissional - PT-BR GBPJPY,M1: Alert: PRICE PRO RAFA  - GBPJPY está abaixo do nível -5
0	14:58:38.545	Price Pro Value Chart Profissional - PT-BR EURUSD,M1: Alert: PRICE PRO RAFA  - EURUSD está acima do nível 5
0	14:58:40.443	Price Pro Value Chart Profissional - PT-BR USDJPY,M1: Alert: PRICE PRO RAFA  - USDJPY está abaixo do nível -5
0	14:58:46.079	Price Pro Value Chart Profissional - PT-BR EURJPY,M1: Alert: PRICE PRO RAFA  - EURJPY está acima do nível 5
0	14:59:00.303	Price Pro Value Chart Profissional - PT-BR EURUSD,M1: Alert: PRICE PRO RAFA  - EURUSD  - 1 M - PUT (venda)!
0	14:59:01.754	Price Pro Value Chart Profissional - PT-BR USDJPY,M1: Alert: PRICE PRO RAFA  - USDJPY  - 1 M - CALL (compra)!
0	15:00:13.558	Price Pro Value Chart Profissional - PT-BR EURUSD,M1: Alert: PRICE PRO RAFA  - EURUSD está acima do nível 9
0	15:00:24.416	Price Pro Value Chart Profissional - PT-BR EURGBP,M1: Alert: PRICE PRO RAFA  - EURGBP está acima do nível 7
0	15:00:24.471	Price Pro Value Chart Profissional - PT-BR EURJPY,M1: Alert: PRICE PRO RAFA  - EURJPY está acima do nível 5
0	15:00:32.178	Price Pro Value Chart Profissional - PT-BR GBPUSD,M1: Alert: PRICE PRO RAFA  - GBPUSD está acima do nível 6
0	15:01:00.305	Price Pro Value Chart Profissional - PT-BR EURJPY,M1: Alert: PRICE PRO RAFA  - EURJPY  - 1 M - PUT (venda)!
0	15:01:00.349	Price Pro Value Chart Profissional - PT-BR GBPUSD,M1: Alert: PRICE PRO RAFA  - GBPUSD  - 1 M - PUT (venda)!
0	15:01:12.381	Price Pro Value Chart Profissional - PT-BR GBPJPY,M1: Alert: PRICE PRO RAFA  - GBPJPY está acima do nível 5
0	15:04:17.982	Price Pro Value Chart Profissional - PT-BR USDJPY,M1: Alert: PRICE PRO RAFA  - USDJPY está abaixo do nível -5
0	15:04:58.929	Price Pro Value Chart Profissional - PT-BR EURUSD,M1: Alert: PRICE PRO RAFA  - EURUSD está acima do nível 5
0	15:05:00.323	Price Pro Value Chart Profissional - PT-BR USDJPY,M1: Alert: PRICE PRO RAFA  - USDJPY  - 1 M - CALL (compra)!
0	15:05:00.672	Price Pro Value Chart Profissional - PT-BR EURUSD,M1: Alert: PRICE PRO RAFA  - EURUSD está acima do nível 5
0	15:08:47.557	Price Pro Value Chart Profissional - PT-BR EURJPY,M1: Alert: PRICE PRO RAFA  - EURJPY está acima do nível 5
0	15:08:56.615	Price Pro Value Chart Profissional - PT-BR USDJPY,M1: Alert: PRICE PRO RAFA  - USDJPY está acima do nível 5
0	15:09:00.394	Price Pro Value Chart Profissional - PT-BR EURJPY,M1: Alert: PRICE PRO RAFA  - EURJPY está acima do nível 5
0	15:09:00.937	Price Pro Value Chart Profissional - PT-BR USDJPY,M1: Alert: PRICE PRO RAFA  - USDJPY está acima do nível 5
0	15:09:26.311	Price Pro Value Chart Profissional - PT-BR EURGBP,M1: Alert: PRICE PRO RAFA  - EURGBP está acima do nível 7
0	15:10:00.337	Price Pro Value Chart Profissional - PT-BR EURGBP,M1: Alert: PRICE PRO RAFA  - EURGBP  - 1 M - PUT (venda)!
0	15:10:02.419	Price Pro Value Chart Profissional - PT-BR EURJPY,M1: Alert: PRICE PRO RAFA  - EURJPY  - 1 M - PUT (venda)!
0	15:10:23.021	Price Pro Value Chart Profissional - PT-BR USDJPY,M1: Alert: PRICE PRO RAFA  - USDJPY está acima do nível 5
0	15:13:20.297	fadedbckgrnd2__1 EURGBP,M1: uninit reason 4
0	15:13:20.297	FixedChartScale EURGBP,M1: uninit reason 4
0	15:13:20.297	Price Pro Value Chart Profissional - PT-BR EURGBP,M1: uninit reason 4
0	15:13:20.301	Custom indicator fadedbckgrnd2__1 EURGBP,M1: removed
0	15:13:20.302	Custom indicator FixedChartScale EURGBP,M1: removed
0	15:13:20.316	Custom indicator Price Pro Value Chart Profissional - PT-BR EURGBP,M1: removed
0	15:15:47.806	Price Pro Value Chart Profissional - PT-BR USDJPY,M1: Alert: PRICE PRO RAFA  - USDJPY está acima do nível 5
0	15:15:49.459	Price Pro Value Chart Profissional - PT-BR EURJPY,M1: Alert: PRICE PRO RAFA  - EURJPY está acima do nível 5
0	15:15:59.672	Price Pro Value Chart Profissional - PT-BR USDJPY,M1: PUT - Sinal enviado para Price Pro!
0	15:16:00.238	Price Pro Value Chart Profissional - PT-BR EURJPY,M1: Alert: PRICE PRO RAFA  - EURJPY  - 1 M - PUT (venda)!
0	15:16:00.256	Price Pro Value Chart Profissional - PT-BR USDJPY,M1: Alert: PRICE PRO RAFA  - USDJPY  - 1 M - PUT (venda)!
0	15:16:01.681	Price Pro Value Chart Profissional - PT-BR EURJPY,M1: uninit reason 5
0	15:16:01.930	Price Pro Value Chart Profissional - PT-BR EURJPY,M1: initialized
0	15:16:01.956	Price Pro Value Chart Profissional - PT-BR EURJPY,M1: Alert: PRICE PRO RAFA  - EURJPY  - 1 M - PUT (venda)!
0	15:16:14.839	fadedbckgrnd2__1 EURUSD,M1: uninit reason 7
0	15:16:14.839	FixedChartScale EURUSD,M1: uninit reason 7
0	15:16:14.839	Price Pro Value Chart Profissional - PT-BR EURUSD,M1: uninit reason 7
0	15:16:14.843	Custom indicator fadedbckgrnd2__1 EURUSD,M1: removed
0	15:16:14.844	Custom indicator FixedChartScale EURUSD,M1: removed
0	15:16:14.858	Custom indicator Price Pro Value Chart Profissional - PT-BR EURUSD,M1: removed
0	15:16:14.867	Custom indicator fadedbckgrnd2__1 EURUSD,M1: loaded successfully
0	15:16:14.877	Custom indicator FixedChartScale EURUSD,M1: loaded successfully
0	15:16:14.988	Custom indicator Price Pro Value Chart Profissional - PT-BR EURUSD,M1: loaded successfully
0	15:16:15.004	fadedbckgrnd2__1 EURUSD,M1: initialized
0	15:16:15.016	FixedChartScale EURUSD,M1: initialized
0	15:16:15.266	Price Pro Value Chart Profissional - PT-BR EURUSD,M1: initialized
0	15:16:23.666	fadedbckgrnd2__1 USDJPY,M1: uninit reason 7
0	15:16:23.666	FixedChartScale USDJPY,M1: uninit reason 7
0	15:16:23.666	Price Pro Value Chart Profissional - PT-BR USDJPY,M1: uninit reason 7
0	15:16:23.670	Custom indicator fadedbckgrnd2__1 USDJPY,M1: removed
0	15:16:23.671	Custom indicator FixedChartScale USDJPY,M1: removed
0	15:16:23.684	Custom indicator Price Pro Value Chart Profissional - PT-BR USDJPY,M1: removed
0	15:16:23.693	Custom indicator fadedbckgrnd2__1 USDJPY,M1: loaded successfully
0	15:16:23.702	Custom indicator FixedChartScale USDJPY,M1: loaded successfully
0	15:16:23.804	Custom indicator Price Pro Value Chart Profissional - PT-BR USDJPY,M1: loaded successfully
0	15:16:23.818	fadedbckgrnd2__1 USDJPY,M1: initialized
0	15:16:23.829	FixedChartScale USDJPY,M1: initialized
0	15:16:24.064	Price Pro Value Chart Profissional - PT-BR USDJPY,M1: initialized
0	15:16:24.093	Price Pro Value Chart Profissional - PT-BR USDJPY,M1: Alert: PRICE PRO RAFA  - USDJPY  - 1 M - PUT (venda)!
0	15:16:28.728	fadedbckgrnd2__1 GBPJPY,M1: uninit reason 7
0	15:16:28.729	FixedChartScale GBPJPY,M1: uninit reason 7
0	15:16:28.729	Price Pro Value Chart Profissional - PT-BR GBPJPY,M1: uninit reason 7
0	15:16:28.732	Custom indicator fadedbckgrnd2__1 GBPJPY,M1: removed
0	15:16:28.733	Custom indicator FixedChartScale GBPJPY,M1: removed
0	15:16:28.747	Custom indicator Price Pro Value Chart Profissional - PT-BR GBPJPY,M1: removed
0	15:16:28.759	Custom indicator fadedbckgrnd2__1 GBPJPY,M1: loaded successfully
0	15:16:28.768	Custom indicator FixedChartScale GBPJPY,M1: loaded successfully
0	15:16:28.875	Custom indicator Price Pro Value Chart Profissional - PT-BR GBPJPY,M1: loaded successfully
0	15:16:28.891	fadedbckgrnd2__1 GBPJPY,M1: initialized
0	15:16:28.902	FixedChartScale GBPJPY,M1: initialized
0	15:16:29.171	Price Pro Value Chart Profissional - PT-BR GBPJPY,M1: initialized
0	15:16:34.408	Price Pro Value Chart Profissional - PT-BR GBPUSD,M1: Alert: PRICE PRO RAFA  - GBPUSD está abaixo do nível -6
0	15:16:34.520	fadedbckgrnd2__1 GBPUSD,M1: uninit reason 7
0	15:16:34.520	FixedChartScale GBPUSD,M1: uninit reason 7
0	15:16:34.520	Price Pro Value Chart Profissional - PT-BR GBPUSD,M1: uninit reason 7
0	15:16:34.524	Custom indicator fadedbckgrnd2__1 GBPUSD,M1: removed
0	15:16:34.525	Custom indicator FixedChartScale GBPUSD,M1: removed
0	15:16:34.539	Custom indicator Price Pro Value Chart Profissional - PT-BR GBPUSD,M1: removed
0	15:16:34.549	Custom indicator fadedbckgrnd2__1 GBPUSD,M1: loaded successfully
0	15:16:34.557	Custom indicator FixedChartScale GBPUSD,M1: loaded successfully
0	15:16:34.667	Custom indicator Price Pro Value Chart Profissional - PT-BR GBPUSD,M1: loaded successfully
0	15:16:34.681	fadedbckgrnd2__1 GBPUSD,M1: initialized
0	15:16:34.693	FixedChartScale GBPUSD,M1: initialized
0	15:16:34.917	Price Pro Value Chart Profissional - PT-BR GBPUSD,M1: initialized
0	15:16:34.946	Price Pro Value Chart Profissional - PT-BR GBPUSD,M1: Alert: PRICE PRO RAFA  - GBPUSD está abaixo do nível -5
0	15:17:07.938	Price Pro Value Chart Profissional - PT-BR EURUSD,M1: Alert: PRICE PRO RAFA  - EURUSD está abaixo do nível -5
0	15:17:08.799	Price Pro Value Chart Profissional - PT-BR GBPUSD,M1: Alert: PRICE PRO RAFA  - GBPUSD está abaixo do nível -6
0	15:17:45.788	fadedbckgrnd2__1 USDJPY,M1: uninit reason 3
0	15:17:45.788	FixedChartScale USDJPY,M1: uninit reason 3
0	15:17:45.789	Price Pro Value Chart Profissional - PT-BR USDJPY,M1: uninit reason 3
0	15:17:45.792	fadedbckgrnd2__1 AUDUSD,M1: initialized
0	15:17:45.793	FixedChartScale AUDUSD,M1: initialized
0	15:17:45.879	Price Pro Value Chart Profissional - PT-BR AUDUSD,M1: initialized
0	15:17:59.299	Price Pro Value Chart Profissional - PT-BR EURUSD,M1: CALL - Sinal enviado para Price Pro!
0	15:17:59.974	Price Pro Value Chart Profissional - PT-BR GBPUSD,M1: CALL - Sinal enviado para Price Pro!
0	15:18:00.608	Price Pro Value Chart Profissional - PT-BR GBPUSD,M1: Alert: PRICE PRO RAFA  - GBPUSD  - 1 M - CALL (compra)!
0	15:18:00.627	Price Pro Value Chart Profissional - PT-BR EURUSD,M1: Alert: PRICE PRO RAFA  - EURUSD  - 1 M - CALL (compra)!
0	15:18:04.031	fadedbckgrnd2__1 AUDUSD,M1: uninit reason 7
0	15:18:04.031	FixedChartScale AUDUSD,M1: uninit reason 7
0	15:18:04.031	Price Pro Value Chart Profissional - PT-BR AUDUSD,M1: uninit reason 7
0	15:18:04.034	Custom indicator fadedbckgrnd2__1 AUDUSD,M1: removed
0	15:18:04.035	Custom indicator FixedChartScale AUDUSD,M1: removed
0	15:18:04.049	Custom indicator Price Pro Value Chart Profissional - PT-BR AUDUSD,M1: removed
0	15:18:04.059	Custom indicator fadedbckgrnd2__1 AUDUSD,M1: loaded successfully
0	15:18:04.068	Custom indicator FixedChartScale AUDUSD,M1: loaded successfully
0	15:18:04.175	Custom indicator Price Pro Value Chart Profissional - PT-BR AUDUSD,M1: loaded successfully
0	15:18:04.190	fadedbckgrnd2__1 AUDUSD,M1: initialized
0	15:18:04.201	FixedChartScale AUDUSD,M1: initialized
0	15:18:04.452	Price Pro Value Chart Profissional - PT-BR AUDUSD,M1: initialized
0	15:20:49.476	Price Pro Value Chart Profissional - PT-BR AUDUSD,M1: Alert: PRICE PRO RAFA  - AUDUSD está acima do nível 6
0	15:20:57.379	Price Pro Value Chart Profissional - PT-BR EURUSD,M1: Alert: PRICE PRO RAFA  - EURUSD está acima do nível 5
0	15:20:59.589	Price Pro Value Chart Profissional - PT-BR AUDUSD,M1: PUT - Sinal enviado para Price Pro!
0	15:21:00.833	Price Pro Value Chart Profissional - PT-BR AUDUSD,M1: Alert: PRICE PRO RAFA  - AUDUSD  - 1 M - PUT (venda)!
0	15:21:43.534	Price Pro Value Chart Profissional - PT-BR EURUSD,M1: Alert: PRICE PRO RAFA  - EURUSD está acima do nível 5
0	15:21:44.376	Price Pro Value Chart Profissional - PT-BR GBPUSD,M1: Alert: PRICE PRO RAFA  - GBPUSD está acima do nível 6
0	15:21:45.015	Price Pro Value Chart Profissional - PT-BR GBPJPY,M1: Alert: PRICE PRO RAFA  - GBPJPY está acima do nível 5
0	15:21:50.855	Price Pro Value Chart Profissional - PT-BR EURJPY,M1: Alert: PRICE PRO RAFA  - EURJPY está acima do nível 5
0	15:22:00.229	Price Pro Value Chart Profissional - PT-BR EURJPY,M1: Alert: PRICE PRO RAFA  - EURJPY  - 1 M - PUT (venda)!
0	15:22:00.253	Price Pro Value Chart Profissional - PT-BR EURUSD,M1: Alert: PRICE PRO RAFA  - EURUSD  - 1 M - PUT (venda)!
0	15:22:00.272	Price Pro Value Chart Profissional - PT-BR GBPJPY,M1: Alert: PRICE PRO RAFA  - GBPJPY  - 1 M - PUT (venda)!
0	15:22:00.483	Price Pro Value Chart Profissional - PT-BR GBPUSD,M1: Alert: PRICE PRO RAFA  - GBPUSD  - 1 M - PUT (venda)!
0	15:22:47.596	fadedbckgrnd2__1 AUDUSD,M1: uninit reason 4
0	15:22:47.596	FixedChartScale AUDUSD,M1: uninit reason 4
0	15:22:47.596	Price Pro Value Chart Profissional - PT-BR AUDUSD,M1: uninit reason 4
0	15:22:47.601	Custom indicator fadedbckgrnd2__1 AUDUSD,M1: removed
0	15:22:47.602	Custom indicator FixedChartScale AUDUSD,M1: removed
0	15:22:47.616	Custom indicator Price Pro Value Chart Profissional - PT-BR AUDUSD,M1: removed
0	15:27:06.538	Price Pro Value Chart Profissional - PT-BR GBPUSD,M1: Alert: PRICE PRO RAFA  - GBPUSD está acima do nível 6
0	15:28:07.676	Price Pro Value Chart Profissional - PT-BR EURUSD,M1: Alert: PRICE PRO RAFA  - EURUSD está abaixo do nível -5
0	15:29:20.878	Price Pro Value Chart Profissional - PT-BR EURUSD,M1: Alert: PRICE PRO RAFA  - EURUSD está abaixo do nível -5
0	15:31:16.636	Price Pro Value Chart Profissional - PT-BR EURUSD,M1: Alert: PRICE PRO RAFA  - EURUSD está abaixo do nível -5
0	15:31:27.267	Price Pro Value Chart Profissional - PT-BR EURJPY,M1: Alert: PRICE PRO RAFA  - EURJPY está abaixo do nível -5
0	15:32:00.164	Price Pro Value Chart Profissional - PT-BR EURUSD,M1: Alert: PRICE PRO RAFA  - EURUSD  - 1 M - CALL (compra)!
0	15:33:33.626	Price Pro Value Chart Profissional - PT-BR GBPJPY,M1: Alert: PRICE PRO RAFA  - GBPJPY está acima do nível 5
0	15:34:07.919	Price Pro Value Chart Profissional - PT-BR GBPJPY,M1: Alert: PRICE PRO RAFA  - GBPJPY está acima do nível 5
0	15:35:21.030	Price Pro Value Chart Profissional - PT-BR GBPJPY,M1: Alert: PRICE PRO RAFA  - GBPJPY está acima do nível 5
0	15:35:59.268	Price Pro Value Chart Profissional - PT-BR GBPJPY,M1: PUT - Sinal enviado para Price Pro!
0	15:36:00.625	Price Pro Value Chart Profissional - PT-BR GBPJPY,M1: Alert: PRICE PRO RAFA  - GBPJPY  - 1 M - PUT (venda)!
0	15:36:00.892	Price Pro Value Chart Profissional - PT-BR EURJPY,M1: Alert: PRICE PRO RAFA  - EURJPY está acima do nível 5
0	15:36:59.902	Price Pro Value Chart Profissional - PT-BR EURJPY,M1: PUT - Sinal enviado para Price Pro!
0	15:37:00.386	Price Pro Value Chart Profissional - PT-BR EURJPY,M1: Alert: PRICE PRO RAFA  - EURJPY  - 1 M - PUT (venda)!
0	15:37:39.913	Price Pro Value Chart Profissional - PT-BR GBPUSD,M1: Alert: PRICE PRO RAFA  - GBPUSD está abaixo do nível -6
0	15:37:56.368	Price Pro Value Chart Profissional - PT-BR EURUSD,M1: Alert: PRICE PRO RAFA  - EURUSD está abaixo do nível -5
0	15:37:59.340	Price Pro Value Chart Profissional - PT-BR GBPUSD,M1: CALL - Sinal enviado para Price Pro!
0	15:38:05.354	Price Pro Value Chart Profissional - PT-BR GBPUSD,M1: Alert: PRICE PRO RAFA  - GBPUSD  - 1 M - CALL (compra)!
0	15:38:23.975	Price Pro Value Chart Profissional - PT-BR EURUSD,M1: Alert: PRICE PRO RAFA  - EURUSD está abaixo do nível -5
0	15:39:00.446	Price Pro Value Chart Profissional - PT-BR EURUSD,M1: Alert: PRICE PRO RAFA  - EURUSD  - 1 M - CALL (compra)!
0	15:46:48.166	Price Pro Value Chart Profissional - PT-BR EURJPY,M1: Alert: PRICE PRO RAFA  - EURJPY está abaixo do nível -5
0	15:47:15.611	Price Pro Value Chart Profissional - PT-BR EURJPY,M1: Alert: PRICE PRO RAFA  - EURJPY está abaixo do nível -5
0	15:47:38.222	Price Pro Value Chart Profissional - PT-BR GBPJPY,M1: Alert: PRICE PRO RAFA  - GBPJPY está abaixo do nível -5
0	15:47:41.502	fadedbckgrnd2__1 GBPJPY,M1: uninit reason 4
0	15:47:41.502	FixedChartScale GBPJPY,M1: uninit reason 4
0	15:47:41.503	Price Pro Value Chart Profissional - PT-BR GBPJPY,M1: uninit reason 4
0	15:47:41.508	Custom indicator fadedbckgrnd2__1 GBPJPY,M1: removed
0	15:47:41.509	Custom indicator FixedChartScale GBPJPY,M1: removed
0	15:47:41.522	Custom indicator Price Pro Value Chart Profissional - PT-BR GBPJPY,M1: removed
0	15:47:43.419	fadedbckgrnd2__1 EURJPY,M1: uninit reason 4
0	15:47:43.419	FixedChartScale EURJPY,M1: uninit reason 4
0	15:47:43.419	Price Pro Value Chart Profissional - PT-BR EURJPY,M1: uninit reason 4
0	15:47:43.424	Custom indicator fadedbckgrnd2__1 EURJPY,M1: removed
0	15:47:43.426	Custom indicator FixedChartScale EURJPY,M1: removed
0	15:47:43.439	Custom indicator Price Pro Value Chart Profissional - PT-BR EURJPY,M1: removed
0	15:48:06.076	Price Pro Value Chart Profissional - PT-BR GBPUSD,M1: Alert: PRICE PRO RAFA  - GBPUSD está abaixo do nível -6
0	15:48:21.308	fadedbckgrnd2__1 GBPUSD,M1: uninit reason 4
0	15:48:21.308	FixedChartScale GBPUSD,M1: uninit reason 4
0	15:48:21.308	Price Pro Value Chart Profissional - PT-BR GBPUSD,M1: uninit reason 4
0	15:48:21.315	Custom indicator fadedbckgrnd2__1 GBPUSD,M1: removed
0	15:48:21.316	Custom indicator FixedChartScale GBPUSD,M1: removed
0	15:48:21.330	Custom indicator Price Pro Value Chart Profissional - PT-BR GBPUSD,M1: removed
0	15:48:59.927	Price Pro Value Chart Profissional - PT-BR EURUSD,M1: Alert: PRICE PRO RAFA  - EURUSD está abaixo do nível -5
0	15:49:02.570	Price Pro Value Chart Profissional - PT-BR EURUSD,M1: CALL - Sinal enviado para Price Pro!
0	15:49:02.596	Price Pro Value Chart Profissional - PT-BR EURUSD,M1: Alert: PRICE PRO RAFA  - EURUSD  - 1 M - CALL (compra)!
0	15:49:22.259	fadedbckgrnd2__1 EURUSD,M1: uninit reason 9
0	15:49:22.261	FixedChartScale EURUSD,M1: uninit reason 9
0	15:49:22.261	Price Pro Value Chart Profissional - PT-BR EURUSD,M1: uninit reason 9
0	15:49:22.311	Custom indicator fadedbckgrnd2__1 EURUSD,M1: removed
0	15:49:22.314	Custom indicator FixedChartScale EURUSD,M1: removed
0	15:49:22.332	Custom indicator Price Pro Value Chart Profissional - PT-BR EURUSD,M1: removed
