0	06:37:02.680	Custom indicator fadedbckgrnd2__1 EURUSD,M15: loaded successfully
0	06:37:02.696	Custom indicator FixedChartScale EURUSD,M15: loaded successfully
0	06:37:02.805	Custom indicator Price Pro Value Chart Profissional - PT-BR EURUSD,M15: loaded successfully
0	06:37:02.821	fadedbckgrnd2__1 EURUSD,M15: initialized
0	06:37:02.837	FixedChartScale EURUSD,M15: initialized
0	06:37:03.008	Price Pro Value Chart Profissional - PT-BR EURUSD,M15: Alert: Falha: Preencha o campo ID Metatrader.
3	06:37:03.008	Price Pro Value Chart Profissional - PT-BR EURUSD,M15: initialization failed (1)
0	06:37:03.008	Price Pro Value Chart Profissional - PT-BR EURUSD,M15: uninit reason 8
0	06:37:03.008	Price Pro Value Chart Profissional - PT-BR EURUSD,M15: ButtonDelete: Failed to delete the button! Error code = 4202
0	06:37:03.024	Custom indicator Price Pro Value Chart Profissional - PT-BR EURUSD,M15: removed
0	06:37:03.068	Custom indicator fadedbckgrnd2__1 EURGBP,M15: loaded successfully
0	06:37:03.072	Custom indicator FixedChartScale EURGBP,M15: loaded successfully
0	06:37:03.181	Custom indicator Price Pro Value Chart Profissional - PT-BR EURGBP,M15: loaded successfully
0	06:37:03.197	fadedbckgrnd2__1 EURGBP,M15: initialized
0	06:37:03.212	FixedChartScale EURGBP,M15: initialized
0	06:37:03.353	Price Pro Value Chart Profissional - PT-BR EURGBP,M15: Alert: Falha: Preencha o campo ID Metatrader.
3	06:37:03.353	Price Pro Value Chart Profissional - PT-BR EURGBP,M15: initialization failed (1)
0	06:37:03.353	Price Pro Value Chart Profissional - PT-BR EURGBP,M15: uninit reason 8
0	06:37:03.353	Price Pro Value Chart Profissional - PT-BR EURGBP,M15: ButtonDelete: Failed to delete the button! Error code = 4202
0	06:37:03.369	Custom indicator Price Pro Value Chart Profissional - PT-BR EURGBP,M15: removed
0	06:37:03.392	Custom indicator fadedbckgrnd2__1 GBPUSD,M15: loaded successfully
0	06:37:03.392	Custom indicator FixedChartScale GBPUSD,M15: loaded successfully
0	06:37:03.502	Custom indicator Price Pro Value Chart Profissional - PT-BR GBPUSD,M15: loaded successfully
0	06:37:03.517	fadedbckgrnd2__1 GBPUSD,M15: initialized
0	06:37:03.533	FixedChartScale GBPUSD,M15: initialized
0	06:37:03.674	Price Pro Value Chart Profissional - PT-BR GBPUSD,M15: Alert: Falha: Preencha o campo ID Metatrader.
3	06:37:03.674	Price Pro Value Chart Profissional - PT-BR GBPUSD,M15: initialization failed (1)
0	06:37:03.674	Price Pro Value Chart Profissional - PT-BR GBPUSD,M15: uninit reason 8
0	06:37:03.674	Price Pro Value Chart Profissional - PT-BR GBPUSD,M15: ButtonDelete: Failed to delete the button! Error code = 4202
0	06:37:03.674	Custom indicator Price Pro Value Chart Profissional - PT-BR GBPUSD,M15: removed
0	06:37:03.706	Custom indicator fadedbckgrnd2__1 AUDUSD,M15: loaded successfully
0	06:37:03.706	Custom indicator FixedChartScale AUDUSD,M15: loaded successfully
0	06:37:03.816	Custom indicator Price Pro Value Chart Profissional - PT-BR AUDUSD,M15: loaded successfully
0	06:37:03.831	fadedbckgrnd2__1 AUDUSD,M15: initialized
0	06:37:03.831	FixedChartScale AUDUSD,M15: initialized
0	06:37:03.972	Price Pro Value Chart Profissional - PT-BR AUDUSD,M15: Alert: Falha: Preencha o campo ID Metatrader.
3	06:37:03.972	Price Pro Value Chart Profissional - PT-BR AUDUSD,M15: initialization failed (1)
0	06:37:03.972	Price Pro Value Chart Profissional - PT-BR AUDUSD,M15: uninit reason 8
0	06:37:03.972	Price Pro Value Chart Profissional - PT-BR AUDUSD,M15: ButtonDelete: Failed to delete the button! Error code = 4202
0	06:37:03.988	Custom indicator Price Pro Value Chart Profissional - PT-BR AUDUSD,M15: removed
0	06:37:04.022	Custom indicator fadedbckgrnd2__1 EURJPY,M15: loaded successfully
0	06:37:04.026	Custom indicator FixedChartScale EURJPY,M15: loaded successfully
0	06:37:04.120	Custom indicator Price Pro Value Chart Profissional - PT-BR EURJPY,M15: loaded successfully
0	06:37:04.135	fadedbckgrnd2__1 EURJPY,M15: initialized
0	06:37:04.135	FixedChartScale EURJPY,M15: initialized
0	06:37:04.276	Price Pro Value Chart Profissional - PT-BR EURJPY,M15: Alert: Falha: Preencha o campo ID Metatrader.
3	06:37:04.276	Price Pro Value Chart Profissional - PT-BR EURJPY,M15: initialization failed (1)
0	06:37:04.276	Price Pro Value Chart Profissional - PT-BR EURJPY,M15: uninit reason 8
0	06:37:04.276	Price Pro Value Chart Profissional - PT-BR EURJPY,M15: ButtonDelete: Failed to delete the button! Error code = 4202
0	06:37:04.291	Custom indicator Price Pro Value Chart Profissional - PT-BR EURJPY,M15: removed
0	06:37:04.447	Custom indicator fadedbckgrnd2__1 GBPJPY,M15: loaded successfully
0	06:37:04.454	Custom indicator FixedChartScale GBPJPY,M15: loaded successfully
0	06:37:04.548	Custom indicator Price Pro Value Chart Profissional - PT-BR GBPJPY,M15: loaded successfully
0	06:37:04.563	fadedbckgrnd2__1 GBPJPY,M15: initialized
0	06:37:04.563	FixedChartScale GBPJPY,M15: initialized
0	06:37:04.704	Price Pro Value Chart Profissional - PT-BR GBPJPY,M15: Alert: Falha: Preencha o campo ID Metatrader.
3	06:37:04.704	Price Pro Value Chart Profissional - PT-BR GBPJPY,M15: initialization failed (1)
0	06:37:04.704	Price Pro Value Chart Profissional - PT-BR GBPJPY,M15: uninit reason 8
0	06:37:04.704	Price Pro Value Chart Profissional - PT-BR GBPJPY,M15: ButtonDelete: Failed to delete the button! Error code = 4202
0	06:37:04.719	Custom indicator Price Pro Value Chart Profissional - PT-BR GBPJPY,M15: removed
0	06:37:20.074	fadedbckgrnd2__1 EURUSD,M15: uninit reason 7
0	06:37:20.074	FixedChartScale EURUSD,M15: uninit reason 7
0	06:37:20.074	Custom indicator fadedbckgrnd2__1 EURUSD,M15: removed
0	06:37:20.074	Custom indicator FixedChartScale EURUSD,M15: removed
0	06:37:20.074	Custom indicator fadedbckgrnd2__1 EURUSD,M15: loaded successfully
0	06:37:20.089	Custom indicator FixedChartScale EURUSD,M15: loaded successfully
0	06:37:20.199	Custom indicator Price Pro Value Chart Profissional - PT-BR EURUSD,M15: loaded successfully
0	06:37:20.230	fadedbckgrnd2__1 EURUSD,M15: initialized
0	06:37:20.230	FixedChartScale EURUSD,M15: initialized
0	06:37:20.592	Price Pro Value Chart Profissional - PT-BR EURUSD,M15: initialized
0	06:37:40.855	Price Pro Value Chart Profissional - PT-BR EURUSD,M15: uninit reason 5
0	06:37:40.855	Price Pro Value Chart Profissional - PT-BR EURUSD,M15: ButtonDelete: Failed to delete the button! Error code = 4202
0	06:37:41.048	Price Pro Value Chart Profissional - PT-BR EURUSD,M15: initialized
0	06:38:11.320	fadedbckgrnd2__1 EURGBP,M15: uninit reason 7
0	06:38:11.320	FixedChartScale EURGBP,M15: uninit reason 7
0	06:38:11.320	Custom indicator fadedbckgrnd2__1 EURGBP,M15: removed
0	06:38:11.320	Custom indicator FixedChartScale EURGBP,M15: removed
0	06:38:11.320	Custom indicator fadedbckgrnd2__1 EURGBP,M15: loaded successfully
0	06:38:11.336	Custom indicator FixedChartScale EURGBP,M15: loaded successfully
0	06:38:11.430	Custom indicator Price Pro Value Chart Profissional - PT-BR EURGBP,M15: loaded successfully
0	06:38:11.445	fadedbckgrnd2__1 EURGBP,M15: initialized
0	06:38:11.461	FixedChartScale EURGBP,M15: initialized
0	06:38:11.695	Price Pro Value Chart Profissional - PT-BR EURGBP,M15: initialized
0	06:38:43.729	fadedbckgrnd2__1 GBPUSD,M15: uninit reason 7
0	06:38:43.729	FixedChartScale GBPUSD,M15: uninit reason 7
0	06:38:43.729	Custom indicator fadedbckgrnd2__1 GBPUSD,M15: removed
0	06:38:43.729	Custom indicator FixedChartScale GBPUSD,M15: removed
0	06:38:43.745	Custom indicator fadedbckgrnd2__1 GBPUSD,M15: loaded successfully
0	06:38:43.745	Custom indicator FixedChartScale GBPUSD,M15: loaded successfully
0	06:38:43.839	Custom indicator Price Pro Value Chart Profissional - PT-BR GBPUSD,M15: loaded successfully
0	06:38:43.854	fadedbckgrnd2__1 GBPUSD,M15: initialized
0	06:38:43.870	FixedChartScale GBPUSD,M15: initialized
0	06:38:44.104	Price Pro Value Chart Profissional - PT-BR GBPUSD,M15: initialized
0	06:38:50.013	Price Pro Value Chart Profissional - PT-BR GBPUSD,M15: Alert: PRICE PRO RAFA  - GBPUSD está acima do nível 6
0	06:38:53.463	fadedbckgrnd2__1 AUDUSD,M15: uninit reason 7
0	06:38:53.463	FixedChartScale AUDUSD,M15: uninit reason 7
0	06:38:53.463	Custom indicator fadedbckgrnd2__1 AUDUSD,M15: removed
0	06:38:53.463	Custom indicator FixedChartScale AUDUSD,M15: removed
0	06:38:53.478	Custom indicator fadedbckgrnd2__1 AUDUSD,M15: loaded successfully
0	06:38:53.478	Custom indicator FixedChartScale AUDUSD,M15: loaded successfully
0	06:38:53.572	Custom indicator Price Pro Value Chart Profissional - PT-BR AUDUSD,M15: loaded successfully
0	06:38:53.588	fadedbckgrnd2__1 AUDUSD,M15: initialized
0	06:38:53.603	FixedChartScale AUDUSD,M15: initialized
0	06:38:53.838	Price Pro Value Chart Profissional - PT-BR AUDUSD,M15: initialized
0	06:38:57.266	fadedbckgrnd2__1 EURJPY,M15: uninit reason 7
0	06:38:57.266	FixedChartScale EURJPY,M15: uninit reason 7
0	06:38:57.266	Custom indicator fadedbckgrnd2__1 EURJPY,M15: removed
0	06:38:57.266	Custom indicator FixedChartScale EURJPY,M15: removed
0	06:38:57.281	Custom indicator fadedbckgrnd2__1 EURJPY,M15: loaded successfully
0	06:38:57.281	Custom indicator FixedChartScale EURJPY,M15: loaded successfully
0	06:38:57.390	Custom indicator Price Pro Value Chart Profissional - PT-BR EURJPY,M15: loaded successfully
0	06:38:57.406	fadedbckgrnd2__1 EURJPY,M15: initialized
0	06:38:57.406	FixedChartScale EURJPY,M15: initialized
0	06:38:57.625	Price Pro Value Chart Profissional - PT-BR EURJPY,M15: initialized
0	06:39:02.292	fadedbckgrnd2__1 GBPJPY,M15: uninit reason 7
0	06:39:02.292	FixedChartScale GBPJPY,M15: uninit reason 7
0	06:39:02.292	Custom indicator fadedbckgrnd2__1 GBPJPY,M15: removed
0	06:39:02.292	Custom indicator FixedChartScale GBPJPY,M15: removed
0	06:39:02.292	Custom indicator fadedbckgrnd2__1 GBPJPY,M15: loaded successfully
0	06:39:02.308	Custom indicator FixedChartScale GBPJPY,M15: loaded successfully
0	06:39:02.402	Custom indicator Price Pro Value Chart Profissional - PT-BR GBPJPY,M15: loaded successfully
0	06:39:02.417	fadedbckgrnd2__1 GBPJPY,M15: initialized
0	06:39:02.433	FixedChartScale GBPJPY,M15: initialized
0	06:39:02.698	Price Pro Value Chart Profissional - PT-BR GBPJPY,M15: initialized
0	06:39:02.714	Price Pro Value Chart Profissional - PT-BR GBPJPY,M15: Alert: PRICE PRO RAFA  - GBPJPY  - 15 M - PUT (venda)!
0	06:39:06.736	Price Pro Value Chart Profissional - PT-BR GBPJPY,M15: Alert: PRICE PRO RAFA  - GBPJPY está acima do nível 8
0	06:39:17.279	fadedbckgrnd2__1 AUDUSD,M15: uninit reason 7
0	06:39:17.295	FixedChartScale AUDUSD,M15: uninit reason 7
0	06:39:17.295	Price Pro Value Chart Profissional - PT-BR AUDUSD,M15: uninit reason 7
0	06:39:17.295	Price Pro Value Chart Profissional - PT-BR AUDUSD,M15: ButtonDelete: Failed to delete the button! Error code = 4202
0	06:39:17.295	Custom indicator fadedbckgrnd2__1 AUDUSD,M15: removed
0	06:39:17.295	Custom indicator FixedChartScale AUDUSD,M15: removed
0	06:39:17.311	Custom indicator Price Pro Value Chart Profissional - PT-BR AUDUSD,M15: removed
0	06:39:17.311	Custom indicator fadedbckgrnd2__1 AUDUSD,M15: loaded successfully
0	06:39:17.326	Custom indicator FixedChartScale AUDUSD,M15: loaded successfully
0	06:39:17.420	Custom indicator Price Pro Value Chart Profissional - PT-BR AUDUSD,M15: loaded successfully
0	06:39:17.436	fadedbckgrnd2__1 AUDUSD,M15: initialized
0	06:39:17.451	FixedChartScale AUDUSD,M15: initialized
0	06:39:17.717	Price Pro Value Chart Profissional - PT-BR AUDUSD,M15: initialized
0	06:39:19.495	Price Pro Value Chart Profissional - PT-BR AUDUSD,M15: Alert: PRICE PRO RAFA  - AUDUSD está acima do nível 5
0	06:39:32.557	fadedbckgrnd2__1 EURJPY,M15: uninit reason 7
0	06:39:32.557	FixedChartScale EURJPY,M15: uninit reason 7
0	06:39:32.557	Price Pro Value Chart Profissional - PT-BR EURJPY,M15: uninit reason 7
0	06:39:32.557	Price Pro Value Chart Profissional - PT-BR EURJPY,M15: ButtonDelete: Failed to delete the button! Error code = 4202
0	06:39:32.557	Custom indicator fadedbckgrnd2__1 EURJPY,M15: removed
0	06:39:32.557	Custom indicator FixedChartScale EURJPY,M15: removed
0	06:39:32.573	Custom indicator Price Pro Value Chart Profissional - PT-BR EURJPY,M15: removed
0	06:39:32.589	Custom indicator fadedbckgrnd2__1 EURJPY,M15: loaded successfully
0	06:39:32.589	Custom indicator FixedChartScale EURJPY,M15: loaded successfully
0	06:39:32.698	Custom indicator Price Pro Value Chart Profissional - PT-BR EURJPY,M15: loaded successfully
0	06:39:32.714	fadedbckgrnd2__1 EURJPY,M15: initialized
0	06:39:32.714	FixedChartScale EURJPY,M15: initialized
0	06:39:33.136	Price Pro Value Chart Profissional - PT-BR EURJPY,M15: initialized
0	06:41:06.569	fadedbckgrnd2__1 AUDUSD,M15: uninit reason 3
0	06:41:06.569	FixedChartScale AUDUSD,M15: uninit reason 3
0	06:41:06.569	Price Pro Value Chart Profissional - PT-BR AUDUSD,M15: uninit reason 3
0	06:41:06.569	Price Pro Value Chart Profissional - PT-BR AUDUSD,M15: ButtonDelete: Failed to delete the button! Error code = 4202
0	06:41:06.569	fadedbckgrnd2__1 AUDJPY,M15: initialized
0	06:41:06.569	FixedChartScale AUDJPY,M15: initialized
0	06:41:06.694	Price Pro Value Chart Profissional - PT-BR AUDJPY,M15: initialized
0	06:42:02.154	fadedbckgrnd2__1 GBPJPY,M15: uninit reason 3
0	06:42:02.154	FixedChartScale GBPJPY,M15: uninit reason 3
0	06:42:02.154	Price Pro Value Chart Profissional - PT-BR GBPJPY,M15: uninit reason 3
0	06:42:02.154	Price Pro Value Chart Profissional - PT-BR GBPJPY,M15: ButtonDelete: Failed to delete the button! Error code = 4202
0	06:42:02.154	fadedbckgrnd2__1 AUDCAD,M15: initialized
0	06:42:02.154	FixedChartScale AUDCAD,M15: initialized
0	06:42:02.262	Price Pro Value Chart Profissional - PT-BR AUDCAD,M15: initialized
0	06:42:13.862	fadedbckgrnd2__1 AUDCAD,M15: uninit reason 7
0	06:42:13.862	FixedChartScale AUDCAD,M15: uninit reason 7
0	06:42:13.862	Price Pro Value Chart Profissional - PT-BR AUDCAD,M15: uninit reason 7
0	06:42:13.862	Price Pro Value Chart Profissional - PT-BR AUDCAD,M15: ButtonDelete: Failed to delete the button! Error code = 4202
0	06:42:13.862	Custom indicator fadedbckgrnd2__1 AUDCAD,M15: removed
0	06:42:13.862	Custom indicator FixedChartScale AUDCAD,M15: removed
0	06:42:13.878	Custom indicator Price Pro Value Chart Profissional - PT-BR AUDCAD,M15: removed
0	06:42:13.878	Custom indicator fadedbckgrnd2__1 AUDCAD,M15: loaded successfully
0	06:42:13.893	Custom indicator FixedChartScale AUDCAD,M15: loaded successfully
0	06:42:13.987	Custom indicator Price Pro Value Chart Profissional - PT-BR AUDCAD,M15: loaded successfully
0	06:42:14.003	fadedbckgrnd2__1 AUDCAD,M15: initialized
0	06:42:14.018	FixedChartScale AUDCAD,M15: initialized
0	06:42:14.268	Price Pro Value Chart Profissional - PT-BR AUDCAD,M15: initialized
0	06:49:54.730	Price Pro Value Chart Profissional - PT-BR EURUSD,M15: Alert: PRICE PRO RAFA  - EURUSD está acima do nível 5
0	06:59:41.475	Price Pro Value Chart Profissional - PT-BR GBPUSD,M15: Alert: PRICE PRO RAFA  - GBPUSD está acima do nível 6
0	07:00:03.662	Price Pro Value Chart Profissional - PT-BR GBPUSD,M15: Alert: PRICE PRO RAFA  - GBPUSD  - 15 M - PUT (venda)!
0	07:00:03.662	Price Pro Value Chart Profissional - PT-BR AUDJPY,M15: Alert: PRICE PRO RAFA  - AUDJPY  - 15 M - PUT (venda)!
0	07:00:04.750	Price Pro Value Chart Profissional - PT-BR AUDCAD,M15: Alert: PRICE PRO RAFA  - AUDCAD  - 15 M - PUT (venda)!
0	07:04:38.986	Price Pro Value Chart Profissional - PT-BR AUDCAD,M15: Alert: PRICE PRO RAFA  - AUDCAD está acima do nível 5
0	07:11:28.690	Price Pro Value Chart Profissional - PT-BR AUDJPY,M15: Alert: PRICE PRO RAFA  - AUDJPY está acima do nível 5
0	07:13:41.652	Price Pro Value Chart Profissional - PT-BR EURUSD,M15: Alert: PRICE PRO RAFA  - EURUSD está acima do nível 5
0	07:15:02.008	Price Pro Value Chart Profissional - PT-BR AUDCAD,M15: PUT - Sinal enviado para Price Pro!
0	07:15:02.196	Price Pro Value Chart Profissional - PT-BR AUDJPY,M15: PUT - Sinal enviado para Price Pro!
0	07:15:02.289	Price Pro Value Chart Profissional - PT-BR AUDJPY,M15: Alert: PRICE PRO RAFA  - AUDJPY  - 15 M - PUT (venda)!
0	07:15:02.415	Price Pro Value Chart Profissional - PT-BR EURUSD,M15: PUT - Sinal enviado para Price Pro!
0	07:15:02.618	Price Pro Value Chart Profissional - PT-BR EURUSD,M15: Alert: PRICE PRO RAFA  - EURUSD  - 15 M - PUT (venda)!
0	07:15:02.618	Price Pro Value Chart Profissional - PT-BR AUDCAD,M15: Alert: PRICE PRO RAFA  - AUDCAD  - 15 M - PUT (venda)!
0	07:18:45.693	Price Pro Value Chart Profissional - PT-BR EURGBP,M15: Alert: PRICE PRO RAFA  - EURGBP está acima do nível 5
0	08:00:06.201	Price Pro Value Chart Profissional - PT-BR EURJPY,M15: Alert: PRICE PRO RAFA  - EURJPY  - 15 M - PUT (venda)!
0	08:16:53.976	Price Pro Value Chart Profissional - PT-BR EURUSD,M15: Alert: PRICE PRO RAFA  - EURUSD está abaixo do nível -5
0	08:17:01.517	Price Pro Value Chart Profissional - PT-BR GBPUSD,M15: Alert: PRICE PRO RAFA  - GBPUSD está abaixo do nível -5
0	08:30:01.790	Price Pro Value Chart Profissional - PT-BR EURUSD,M15: CALL - Sinal enviado para Price Pro!
0	08:30:02.009	Price Pro Value Chart Profissional - PT-BR EURUSD,M15: Alert: PRICE PRO RAFA  - EURUSD  - 15 M - CALL (compra)!
0	08:30:02.009	Price Pro Value Chart Profissional - PT-BR GBPUSD,M15: Alert: PRICE PRO RAFA  - GBPUSD  - 15 M - CALL (compra)!
0	08:53:33.137	Price Pro Value Chart Profissional - PT-BR EURGBP,M15: Alert: PRICE PRO RAFA  - EURGBP está abaixo do nível -5
0	09:00:02.057	Price Pro Value Chart Profissional - PT-BR EURGBP,M15: Alert: PRICE PRO RAFA  - EURGBP  - 15 M - CALL (compra)!
0	09:00:15.816	Price Pro Value Chart Profissional - PT-BR EURGBP,M15: CALL - Sinal enviado para Price Pro!
0	09:06:16.839	Price Pro Value Chart Profissional - PT-BR AUDCAD,M15: Alert: PRICE PRO RAFA  - AUDCAD está abaixo do nível -5
0	09:15:01.869	Price Pro Value Chart Profissional - PT-BR AUDCAD,M15: CALL - Sinal enviado para Price Pro!
0	09:15:02.103	Price Pro Value Chart Profissional - PT-BR AUDCAD,M15: Alert: PRICE PRO RAFA  - AUDCAD  - 15 M - CALL (compra)!
0	09:39:33.550	Price Pro Value Chart Profissional - PT-BR EURGBP,M15: Alert: PRICE PRO RAFA  - EURGBP está acima do nível 5
0	09:45:01.716	Price Pro Value Chart Profissional - PT-BR EURGBP,M15: PUT - Sinal enviado para Price Pro!
0	09:45:01.937	Price Pro Value Chart Profissional - PT-BR EURGBP,M15: Alert: PRICE PRO RAFA  - EURGBP  - 15 M - PUT (venda)!
0	09:50:11.201	fadedbckgrnd2__1 GBPUSD,M15: uninit reason 7
0	09:50:11.201	FixedChartScale GBPUSD,M15: uninit reason 7
0	09:50:11.201	Price Pro Value Chart Profissional - PT-BR GBPUSD,M15: uninit reason 7
0	09:50:11.201	Price Pro Value Chart Profissional - PT-BR GBPUSD,M15: ButtonDelete: Failed to delete the button! Error code = 4202
0	09:50:11.201	Custom indicator fadedbckgrnd2__1 GBPUSD,M15: removed
0	09:50:11.217	Custom indicator FixedChartScale GBPUSD,M15: removed
0	09:50:11.217	Custom indicator Price Pro Value Chart Profissional - PT-BR GBPUSD,M15: removed
0	09:50:11.232	Custom indicator fadedbckgrnd2__1 GBPUSD,M15: loaded successfully
0	09:50:11.232	Custom indicator FixedChartScale GBPUSD,M15: loaded successfully
0	09:50:11.357	Custom indicator Price Pro Value Chart Profissional - PT-BR GBPUSD,M15: loaded successfully
0	09:50:11.373	fadedbckgrnd2__1 GBPUSD,M15: initialized
0	09:50:11.373	FixedChartScale GBPUSD,M15: initialized
0	09:50:11.623	Price Pro Value Chart Profissional - PT-BR GBPUSD,M15: initialized
0	09:50:19.249	fadedbckgrnd2__1 EURJPY,M15: uninit reason 7
0	09:50:19.249	FixedChartScale EURJPY,M15: uninit reason 7
0	09:50:19.249	Price Pro Value Chart Profissional - PT-BR EURJPY,M15: uninit reason 7
0	09:50:19.249	Price Pro Value Chart Profissional - PT-BR EURJPY,M15: ButtonDelete: Failed to delete the button! Error code = 4202
0	09:50:19.249	Custom indicator fadedbckgrnd2__1 EURJPY,M15: removed
0	09:50:19.249	Custom indicator FixedChartScale EURJPY,M15: removed
0	09:50:19.264	Custom indicator Price Pro Value Chart Profissional - PT-BR EURJPY,M15: removed
0	09:50:19.279	Custom indicator fadedbckgrnd2__1 EURJPY,M15: loaded successfully
0	09:50:19.279	Custom indicator FixedChartScale EURJPY,M15: loaded successfully
0	09:50:19.389	Custom indicator Price Pro Value Chart Profissional - PT-BR EURJPY,M15: loaded successfully
0	09:50:19.389	fadedbckgrnd2__1 EURJPY,M15: initialized
0	09:50:19.404	FixedChartScale EURJPY,M15: initialized
0	09:50:19.639	Price Pro Value Chart Profissional - PT-BR EURJPY,M15: initialized
0	09:52:03.672	Price Pro Value Chart Profissional - PT-BR AUDJPY,M15: Alert: PRICE PRO RAFA  - AUDJPY está acima do nível 5
0	10:00:01.863	Price Pro Value Chart Profissional - PT-BR AUDJPY,M15: Alert: PRICE PRO RAFA  - AUDJPY  - 15 M - PUT (venda)!
0	10:00:13.891	Price Pro Value Chart Profissional - PT-BR AUDJPY,M15: PUT - Sinal enviado para Price Pro!
0	10:00:44.156	fadedbckgrnd2__1 AUDJPY,M15: uninit reason 7
0	10:00:44.156	FixedChartScale AUDJPY,M15: uninit reason 7
0	10:00:44.156	Price Pro Value Chart Profissional - PT-BR AUDJPY,M15: uninit reason 7
0	10:00:44.156	Price Pro Value Chart Profissional - PT-BR AUDJPY,M15: ButtonDelete: Failed to delete the button! Error code = 4202
0	10:00:44.156	Custom indicator fadedbckgrnd2__1 AUDJPY,M15: removed
0	10:00:44.156	Custom indicator FixedChartScale AUDJPY,M15: removed
0	10:00:44.171	Custom indicator Price Pro Value Chart Profissional - PT-BR AUDJPY,M15: removed
0	10:00:44.171	Custom indicator fadedbckgrnd2__1 AUDJPY,M15: loaded successfully
0	10:00:44.187	Custom indicator FixedChartScale AUDJPY,M15: loaded successfully
0	10:00:44.296	Custom indicator Price Pro Value Chart Profissional - PT-BR AUDJPY,M15: loaded successfully
0	10:00:44.312	fadedbckgrnd2__1 AUDJPY,M15: initialized
0	10:00:44.312	FixedChartScale AUDJPY,M15: initialized
0	10:00:44.562	Price Pro Value Chart Profissional - PT-BR AUDJPY,M15: initialized
0	10:00:45.312	Price Pro Value Chart Profissional - PT-BR AUDJPY,M15: Alert: PRICE PRO RAFA  - AUDJPY  - 15 M - PUT (venda)!
0	10:00:59.041	Price Pro Value Chart Profissional - PT-BR AUDJPY,M15: PUT - Sinal enviado para Price Pro!
0	10:02:27.626	Price Pro Value Chart Profissional - PT-BR EURUSD,M15: Alert: PRICE PRO RAFA  - EURUSD está acima do nível 5
0	10:06:11.334	fadedbckgrnd2__1 EURUSD,M15: uninit reason 7
0	10:06:11.334	FixedChartScale EURUSD,M15: uninit reason 7
0	10:06:11.334	Price Pro Value Chart Profissional - PT-BR EURUSD,M15: uninit reason 7
0	10:06:11.334	Price Pro Value Chart Profissional - PT-BR EURUSD,M15: ButtonDelete: Failed to delete the button! Error code = 4202
0	10:06:11.334	Custom indicator fadedbckgrnd2__1 EURUSD,M15: removed
0	10:06:11.334	Custom indicator FixedChartScale EURUSD,M15: removed
0	10:06:11.350	Custom indicator Price Pro Value Chart Profissional - PT-BR EURUSD,M15: removed
0	10:06:11.350	Custom indicator fadedbckgrnd2__1 EURUSD,M15: loaded successfully
0	10:06:11.366	Custom indicator FixedChartScale EURUSD,M15: loaded successfully
0	10:06:11.468	Custom indicator Price Pro Value Chart Profissional - PT-BR EURUSD,M15: loaded successfully
0	10:06:11.468	fadedbckgrnd2__1 EURUSD,M15: initialized
0	10:06:11.484	FixedChartScale EURUSD,M15: initialized
0	10:06:11.719	Price Pro Value Chart Profissional - PT-BR EURUSD,M15: initialized
0	10:06:12.536	Price Pro Value Chart Profissional - PT-BR EURUSD,M15: Alert: PRICE PRO RAFA  - EURUSD está acima do nível 5
0	10:22:31.991	Price Pro Value Chart Profissional - PT-BR GBPUSD,M15: Alert: PRICE PRO RAFA  - GBPUSD está acima do nível 5
0	10:22:47.453	fadedbckgrnd2__1 GBPUSD,M15: uninit reason 7
0	10:22:47.453	FixedChartScale GBPUSD,M15: uninit reason 7
0	10:22:47.453	Price Pro Value Chart Profissional - PT-BR GBPUSD,M15: uninit reason 7
0	10:22:47.453	Price Pro Value Chart Profissional - PT-BR GBPUSD,M15: ButtonDelete: Failed to delete the button! Error code = 4202
0	10:22:47.453	Custom indicator fadedbckgrnd2__1 GBPUSD,M15: removed
0	10:22:47.453	Custom indicator FixedChartScale GBPUSD,M15: removed
0	10:22:47.468	Custom indicator Price Pro Value Chart Profissional - PT-BR GBPUSD,M15: removed
0	10:22:47.468	Custom indicator fadedbckgrnd2__1 GBPUSD,M15: loaded successfully
0	10:22:47.484	Custom indicator FixedChartScale GBPUSD,M15: loaded successfully
0	10:22:47.592	Custom indicator Price Pro Value Chart Profissional - PT-BR GBPUSD,M15: loaded successfully
0	10:22:47.607	fadedbckgrnd2__1 GBPUSD,M15: initialized
0	10:22:47.623	FixedChartScale GBPUSD,M15: initialized
0	10:22:47.936	Price Pro Value Chart Profissional - PT-BR GBPUSD,M15: initialized
0	10:22:47.936	Price Pro Value Chart Profissional - PT-BR GBPUSD,M15: Alert: PRICE PRO RAFA  - GBPUSD está acima do nível 5
0	10:26:24.268	fadedbckgrnd2__1 EURUSD,M15: uninit reason 9
0	10:26:24.268	FixedChartScale EURUSD,M15: uninit reason 9
0	10:26:24.274	Price Pro Value Chart Profissional - PT-BR EURUSD,M15: uninit reason 9
0	10:26:24.274	Price Pro Value Chart Profissional - PT-BR EURUSD,M15: ButtonDelete: Failed to delete the button! Error code = 4202
0	10:26:24.274	fadedbckgrnd2__1 EURGBP,M15: uninit reason 9
0	10:26:24.274	FixedChartScale EURGBP,M15: uninit reason 9
0	10:26:24.274	Price Pro Value Chart Profissional - PT-BR EURGBP,M15: uninit reason 9
0	10:26:24.275	Price Pro Value Chart Profissional - PT-BR EURGBP,M15: ButtonDelete: Failed to delete the button! Error code = 4202
0	10:26:24.275	fadedbckgrnd2__1 GBPUSD,M15: uninit reason 9
0	10:26:24.275	FixedChartScale GBPUSD,M15: uninit reason 9
0	10:26:24.275	Price Pro Value Chart Profissional - PT-BR GBPUSD,M15: uninit reason 9
0	10:26:24.275	Price Pro Value Chart Profissional - PT-BR GBPUSD,M15: ButtonDelete: Failed to delete the button! Error code = 4202
0	10:26:24.275	fadedbckgrnd2__1 AUDJPY,M15: uninit reason 9
0	10:26:24.275	FixedChartScale AUDJPY,M15: uninit reason 9
0	10:26:24.275	Price Pro Value Chart Profissional - PT-BR AUDJPY,M15: uninit reason 9
0	10:26:24.276	Price Pro Value Chart Profissional - PT-BR AUDJPY,M15: ButtonDelete: Failed to delete the button! Error code = 4202
0	10:26:24.276	fadedbckgrnd2__1 EURJPY,M15: uninit reason 9
0	10:26:24.276	FixedChartScale EURJPY,M15: uninit reason 9
0	10:26:24.276	Price Pro Value Chart Profissional - PT-BR EURJPY,M15: uninit reason 9
0	10:26:24.276	Price Pro Value Chart Profissional - PT-BR EURJPY,M15: ButtonDelete: Failed to delete the button! Error code = 4202
0	10:26:24.276	fadedbckgrnd2__1 AUDCAD,M15: uninit reason 9
0	10:26:24.276	FixedChartScale AUDCAD,M15: uninit reason 9
0	10:26:24.276	Price Pro Value Chart Profissional - PT-BR AUDCAD,M15: uninit reason 9
0	10:26:24.276	Price Pro Value Chart Profissional - PT-BR AUDCAD,M15: ButtonDelete: Failed to delete the button! Error code = 4202
0	10:26:24.319	Custom indicator fadedbckgrnd2__1 EURUSD,M15: removed
0	10:26:24.319	Custom indicator FixedChartScale EURUSD,M15: removed
0	10:26:24.335	Custom indicator Price Pro Value Chart Profissional - PT-BR EURUSD,M15: removed
0	10:26:24.335	Custom indicator fadedbckgrnd2__1 EURGBP,M15: removed
0	10:26:24.351	Custom indicator FixedChartScale EURGBP,M15: removed
0	10:26:24.366	Custom indicator Price Pro Value Chart Profissional - PT-BR EURGBP,M15: removed
0	10:26:24.366	Custom indicator fadedbckgrnd2__1 GBPUSD,M15: removed
0	10:26:24.366	Custom indicator FixedChartScale GBPUSD,M15: removed
0	10:26:24.382	Custom indicator Price Pro Value Chart Profissional - PT-BR GBPUSD,M15: removed
0	10:26:24.398	Custom indicator fadedbckgrnd2__1 AUDJPY,M15: removed
0	10:26:24.398	Custom indicator FixedChartScale AUDJPY,M15: removed
0	10:26:24.413	Custom indicator Price Pro Value Chart Profissional - PT-BR AUDJPY,M15: removed
0	10:26:24.413	Custom indicator fadedbckgrnd2__1 EURJPY,M15: removed
0	10:26:24.413	Custom indicator FixedChartScale EURJPY,M15: removed
0	10:26:24.429	Custom indicator Price Pro Value Chart Profissional - PT-BR EURJPY,M15: removed
0	10:26:24.444	Custom indicator fadedbckgrnd2__1 AUDCAD,M15: removed
0	10:26:24.444	Custom indicator FixedChartScale AUDCAD,M15: removed
0	10:26:24.460	Custom indicator Price Pro Value Chart Profissional - PT-BR AUDCAD,M15: removed
