0	06:32:48.931	Custom indicator fadedbckgrnd2__1 EURUSD,M15: loaded successfully
0	06:32:48.945	Custom indicator FixedChartScale EURUSD,M15: loaded successfully
0	06:32:49.155	Custom indicator Price Pro Value Chart Profissional - PT-BR EURUSD,M15: loaded successfully
0	06:32:49.200	fadedbckgrnd2__1 EURUSD,M15: initialized
0	06:32:49.226	FixedChartScale EURUSD,M15: initialized
0	06:32:49.639	Price Pro Value Chart Profissional - PT-BR EURUSD,M15: Alert: Falha: Preencha o campo ID Metatrader.
3	06:32:49.639	Price Pro Value Chart Profissional - PT-BR EURUSD,M15: initialization failed (1)
0	06:32:49.639	Price Pro Value Chart Profissional - PT-BR EURUSD,M15: uninit reason 8
0	06:32:49.639	Price Pro Value Chart Profissional - PT-BR EURUSD,M15: ButtonDelete: Failed to delete the button! Error code = 4202
0	06:32:49.664	Custom indicator Price Pro Value Chart Profissional - PT-BR EURUSD,M15: removed
0	06:32:49.702	Custom indicator fadedbckgrnd2__1 EURGBP,M15: loaded successfully
0	06:32:49.718	Custom indicator FixedChartScale EURGBP,M15: loaded successfully
0	06:32:49.883	Custom indicator Price Pro Value Chart Profissional - PT-BR EURGBP,M15: loaded successfully
0	06:32:49.928	fadedbckgrnd2__1 EURGBP,M15: initialized
0	06:32:49.948	FixedChartScale EURGBP,M15: initialized
0	06:32:50.264	Price Pro Value Chart Profissional - PT-BR EURGBP,M15: Alert: Falha: Preencha o campo ID Metatrader.
3	06:32:50.264	Price Pro Value Chart Profissional - PT-BR EURGBP,M15: initialization failed (1)
0	06:32:50.264	Price Pro Value Chart Profissional - PT-BR EURGBP,M15: uninit reason 8
0	06:32:50.264	Price Pro Value Chart Profissional - PT-BR EURGBP,M15: ButtonDelete: Failed to delete the button! Error code = 4202
0	06:32:50.293	Custom indicator Price Pro Value Chart Profissional - PT-BR EURGBP,M15: removed
0	06:32:50.319	Custom indicator fadedbckgrnd2__1 GBPUSD,M15: loaded successfully
0	06:32:50.346	Custom indicator FixedChartScale GBPUSD,M15: loaded successfully
0	06:32:50.514	Custom indicator Price Pro Value Chart Profissional - PT-BR GBPUSD,M15: loaded successfully
0	06:32:50.531	fadedbckgrnd2__1 GBPUSD,M15: initialized
0	06:32:50.546	FixedChartScale GBPUSD,M15: initialized
0	06:32:50.732	Price Pro Value Chart Profissional - PT-BR GBPUSD,M15: Alert: Falha: Preencha o campo ID Metatrader.
3	06:32:50.732	Price Pro Value Chart Profissional - PT-BR GBPUSD,M15: initialization failed (1)
0	06:32:50.732	Price Pro Value Chart Profissional - PT-BR GBPUSD,M15: uninit reason 8
0	06:32:50.732	Price Pro Value Chart Profissional - PT-BR GBPUSD,M15: ButtonDelete: Failed to delete the button! Error code = 4202
0	06:32:50.751	Custom indicator Price Pro Value Chart Profissional - PT-BR GBPUSD,M15: removed
0	06:32:50.775	Custom indicator fadedbckgrnd2__1 AUDJPY,M15: loaded successfully
0	06:32:50.785	Custom indicator FixedChartScale AUDJPY,M15: loaded successfully
0	06:32:50.909	Custom indicator Price Pro Value Chart Profissional - PT-BR AUDJPY,M15: loaded successfully
0	06:32:50.924	fadedbckgrnd2__1 AUDJPY,M15: initialized
0	06:32:50.937	FixedChartScale AUDJPY,M15: initialized
0	06:32:51.111	Price Pro Value Chart Profissional - PT-BR AUDJPY,M15: Alert: Falha: Preencha o campo ID Metatrader.
3	06:32:51.111	Price Pro Value Chart Profissional - PT-BR AUDJPY,M15: initialization failed (1)
0	06:32:51.111	Price Pro Value Chart Profissional - PT-BR AUDJPY,M15: uninit reason 8
0	06:32:51.111	Price Pro Value Chart Profissional - PT-BR AUDJPY,M15: ButtonDelete: Failed to delete the button! Error code = 4202
0	06:32:51.126	Custom indicator Price Pro Value Chart Profissional - PT-BR AUDJPY,M15: removed
0	06:32:51.150	Custom indicator fadedbckgrnd2__1 EURJPY,M15: loaded successfully
0	06:32:51.159	Custom indicator FixedChartScale EURJPY,M15: loaded successfully
0	06:32:51.296	Custom indicator Price Pro Value Chart Profissional - PT-BR EURJPY,M15: loaded successfully
0	06:32:51.313	fadedbckgrnd2__1 EURJPY,M15: initialized
0	06:32:51.326	FixedChartScale EURJPY,M15: initialized
0	06:32:51.513	Price Pro Value Chart Profissional - PT-BR EURJPY,M15: Alert: Falha: Preencha o campo ID Metatrader.
3	06:32:51.513	Price Pro Value Chart Profissional - PT-BR EURJPY,M15: initialization failed (1)
0	06:32:51.513	Price Pro Value Chart Profissional - PT-BR EURJPY,M15: uninit reason 8
0	06:32:51.513	Price Pro Value Chart Profissional - PT-BR EURJPY,M15: ButtonDelete: Failed to delete the button! Error code = 4202
0	06:32:51.529	Custom indicator Price Pro Value Chart Profissional - PT-BR EURJPY,M15: removed
0	06:32:51.552	Custom indicator fadedbckgrnd2__1 AUDCAD,M15: loaded successfully
0	06:32:51.562	Custom indicator FixedChartScale AUDCAD,M15: loaded successfully
0	06:32:51.688	Custom indicator Price Pro Value Chart Profissional - PT-BR AUDCAD,M15: loaded successfully
0	06:32:51.706	fadedbckgrnd2__1 AUDCAD,M15: initialized
0	06:32:51.721	FixedChartScale AUDCAD,M15: initialized
0	06:32:51.875	Price Pro Value Chart Profissional - PT-BR AUDCAD,M15: Alert: Falha: Preencha o campo ID Metatrader.
3	06:32:51.875	Price Pro Value Chart Profissional - PT-BR AUDCAD,M15: initialization failed (1)
0	06:32:51.875	Price Pro Value Chart Profissional - PT-BR AUDCAD,M15: uninit reason 8
0	06:32:51.875	Price Pro Value Chart Profissional - PT-BR AUDCAD,M15: ButtonDelete: Failed to delete the button! Error code = 4202
0	06:32:51.888	Custom indicator Price Pro Value Chart Profissional - PT-BR AUDCAD,M15: removed
0	06:33:34.418	fadedbckgrnd2__1 EURUSD,M15: uninit reason 7
0	06:33:34.418	FixedChartScale EURUSD,M15: uninit reason 7
0	06:33:34.419	Custom indicator fadedbckgrnd2__1 EURUSD,M15: removed
0	06:33:34.421	Custom indicator FixedChartScale EURUSD,M15: removed
0	06:33:34.430	Custom indicator fadedbckgrnd2__1 EURUSD,M15: loaded successfully
0	06:33:34.438	Custom indicator FixedChartScale EURUSD,M15: loaded successfully
0	06:33:34.545	Custom indicator Price Pro Value Chart Profissional - PT-BR EURUSD,M15: loaded successfully
0	06:33:34.558	fadedbckgrnd2__1 EURUSD,M15: initialized
0	06:33:34.571	FixedChartScale EURUSD,M15: initialized
0	06:33:38.863	Price Pro Value Chart Profissional - PT-BR EURUSD,M15: initialized
0	06:33:43.843	fadedbckgrnd2__1 GBPUSD,M15: uninit reason 7
0	06:33:43.843	FixedChartScale GBPUSD,M15: uninit reason 7
0	06:33:43.843	Custom indicator fadedbckgrnd2__1 GBPUSD,M15: removed
0	06:33:43.843	Custom indicator FixedChartScale GBPUSD,M15: removed
0	06:33:43.859	Custom indicator fadedbckgrnd2__1 GBPUSD,M15: loaded successfully
0	06:33:43.859	Custom indicator FixedChartScale GBPUSD,M15: loaded successfully
0	06:33:43.968	Custom indicator Price Pro Value Chart Profissional - PT-BR GBPUSD,M15: loaded successfully
0	06:33:43.984	fadedbckgrnd2__1 GBPUSD,M15: initialized
0	06:33:44.000	FixedChartScale GBPUSD,M15: initialized
0	06:33:44.266	Price Pro Value Chart Profissional - PT-BR GBPUSD,M15: initialized
0	06:33:44.266	Price Pro Value Chart Profissional - PT-BR GBPUSD,M15: Alert: PRICE PRO RAFA  - GBPUSD  - 15 M - PUT (venda)!
0	06:33:48.422	Price Pro Value Chart Profissional - PT-BR GBPUSD,M15: Alert: PRICE PRO RAFA  - GBPUSD está acima do nível 7
0	06:34:12.677	Price Pro Value Chart Profissional - PT-BR EURUSD,M15: uninit reason 5
0	06:34:12.677	Price Pro Value Chart Profissional - PT-BR EURUSD,M15: ButtonDelete: Failed to delete the button! Error code = 4202
0	06:34:12.806	Price Pro Value Chart Profissional - PT-BR EURUSD,M15: initialized
0	06:34:33.105	Price Pro Value Chart Profissional - PT-BR EURUSD,M15: uninit reason 5
0	06:34:33.247	Price Pro Value Chart Profissional - PT-BR EURUSD,M15: initialized
0	06:34:43.497	Price Pro Value Chart Profissional - PT-BR EURUSD,M15: uninit reason 5
0	06:34:43.624	Price Pro Value Chart Profissional - PT-BR EURUSD,M15: initialized
0	06:34:58.933	Price Pro Value Chart Profissional - PT-BR EURUSD,M15: uninit reason 5
0	06:34:59.032	Price Pro Value Chart Profissional - PT-BR EURUSD,M15: initialized
0	06:35:26.597	fadedbckgrnd2__1 GBPUSD,M15: uninit reason 7
0	06:35:26.597	FixedChartScale GBPUSD,M15: uninit reason 7
0	06:35:26.597	Price Pro Value Chart Profissional - PT-BR GBPUSD,M15: uninit reason 7
0	06:35:26.597	Price Pro Value Chart Profissional - PT-BR GBPUSD,M15: ButtonDelete: Failed to delete the button! Error code = 4202
0	06:35:26.597	Custom indicator fadedbckgrnd2__1 GBPUSD,M15: removed
0	06:35:26.612	Custom indicator FixedChartScale GBPUSD,M15: removed
0	06:35:26.612	Custom indicator Price Pro Value Chart Profissional - PT-BR GBPUSD,M15: removed
0	06:35:26.628	Custom indicator fadedbckgrnd2__1 GBPUSD,M15: loaded successfully
0	06:35:26.628	Custom indicator FixedChartScale GBPUSD,M15: loaded successfully
0	06:35:26.737	Custom indicator Price Pro Value Chart Profissional - PT-BR GBPUSD,M15: loaded successfully
0	06:35:26.737	fadedbckgrnd2__1 GBPUSD,M15: initialized
0	06:35:26.753	FixedChartScale GBPUSD,M15: initialized
0	06:35:27.018	Price Pro Value Chart Profissional - PT-BR GBPUSD,M15: initialized
0	06:35:27.018	Price Pro Value Chart Profissional - PT-BR GBPUSD,M15: Alert: PRICE PRO RAFA  - GBPUSD  - 15 M - PUT (venda)!
0	06:35:29.853	Price Pro Value Chart Profissional - PT-BR GBPUSD,M15: Alert: PRICE PRO RAFA  - GBPUSD está acima do nível 6
0	06:35:31.536	fadedbckgrnd2__1 EURJPY,M15: uninit reason 7
0	06:35:31.536	FixedChartScale EURJPY,M15: uninit reason 7
0	06:35:31.536	Custom indicator fadedbckgrnd2__1 EURJPY,M15: removed
0	06:35:31.536	Custom indicator FixedChartScale EURJPY,M15: removed
0	06:35:31.552	Custom indicator fadedbckgrnd2__1 EURJPY,M15: loaded successfully
0	06:35:31.552	Custom indicator FixedChartScale EURJPY,M15: loaded successfully
0	06:35:31.645	Custom indicator Price Pro Value Chart Profissional - PT-BR EURJPY,M15: loaded successfully
0	06:35:31.661	fadedbckgrnd2__1 EURJPY,M15: initialized
0	06:35:31.677	FixedChartScale EURJPY,M15: initialized
0	06:35:31.880	Price Pro Value Chart Profissional - PT-BR EURJPY,M15: initialized
0	06:35:37.390	fadedbckgrnd2__1 EURGBP,M15: uninit reason 7
0	06:35:37.390	FixedChartScale EURGBP,M15: uninit reason 7
0	06:35:37.390	Custom indicator fadedbckgrnd2__1 EURGBP,M15: removed
0	06:35:37.405	Custom indicator FixedChartScale EURGBP,M15: removed
0	06:35:37.405	Custom indicator fadedbckgrnd2__1 EURGBP,M15: loaded successfully
0	06:35:37.421	Custom indicator FixedChartScale EURGBP,M15: loaded successfully
0	06:35:37.514	Custom indicator Price Pro Value Chart Profissional - PT-BR EURGBP,M15: loaded successfully
0	06:35:37.514	fadedbckgrnd2__1 EURGBP,M15: initialized
0	06:35:37.530	FixedChartScale EURGBP,M15: initialized
0	06:35:37.780	Price Pro Value Chart Profissional - PT-BR EURGBP,M15: initialized
0	06:35:37.952	Price Pro Value Chart Profissional - PT-BR EURGBP,M15: Alert: PRICE PRO RAFA  - EURGBP  - 15 M - CALL (compra)!
0	06:35:41.735	fadedbckgrnd2__1 AUDJPY,M15: uninit reason 7
0	06:35:41.735	FixedChartScale AUDJPY,M15: uninit reason 7
0	06:35:41.735	Custom indicator fadedbckgrnd2__1 AUDJPY,M15: removed
0	06:35:41.735	Custom indicator FixedChartScale AUDJPY,M15: removed
0	06:35:41.735	Custom indicator fadedbckgrnd2__1 AUDJPY,M15: loaded successfully
0	06:35:41.751	Custom indicator FixedChartScale AUDJPY,M15: loaded successfully
0	06:35:41.845	Custom indicator Price Pro Value Chart Profissional - PT-BR AUDJPY,M15: loaded successfully
0	06:35:41.860	fadedbckgrnd2__1 AUDJPY,M15: initialized
0	06:35:41.876	FixedChartScale AUDJPY,M15: initialized
0	06:35:42.080	Price Pro Value Chart Profissional - PT-BR AUDJPY,M15: initialized
0	06:35:46.271	fadedbckgrnd2__1 AUDCAD,M15: uninit reason 7
0	06:35:46.271	FixedChartScale AUDCAD,M15: uninit reason 7
0	06:35:46.271	Custom indicator fadedbckgrnd2__1 AUDCAD,M15: removed
0	06:35:46.271	Custom indicator FixedChartScale AUDCAD,M15: removed
0	06:35:46.271	Custom indicator fadedbckgrnd2__1 AUDCAD,M15: loaded successfully
0	06:35:46.287	Custom indicator FixedChartScale AUDCAD,M15: loaded successfully
0	06:35:46.381	Custom indicator Price Pro Value Chart Profissional - PT-BR AUDCAD,M15: loaded successfully
0	06:35:46.396	fadedbckgrnd2__1 AUDCAD,M15: initialized
0	06:35:46.412	FixedChartScale AUDCAD,M15: initialized
0	06:35:46.600	Price Pro Value Chart Profissional - PT-BR AUDCAD,M15: initialized
0	06:38:36.234	fadedbckgrnd2__1 AUDJPY,M15: uninit reason 3
0	06:38:36.234	FixedChartScale AUDJPY,M15: uninit reason 3
0	06:38:36.234	Price Pro Value Chart Profissional - PT-BR AUDJPY,M15: uninit reason 3
0	06:38:36.234	fadedbckgrnd2__1 GBPJPY,M15: initialized
0	06:38:36.234	FixedChartScale GBPJPY,M15: initialized
0	06:38:36.344	Price Pro Value Chart Profissional - PT-BR GBPJPY,M15: initialized
0	06:38:36.531	Price Pro Value Chart Profissional - PT-BR GBPJPY,M15: Alert: PRICE PRO RAFA  - GBPJPY  - 15 M - PUT (venda)!
0	06:38:38.634	Price Pro Value Chart Profissional - PT-BR GBPJPY,M15: Alert: PRICE PRO RAFA  - GBPJPY está acima do nível 5
0	06:40:03.322	fadedbckgrnd2__1 AUDCAD,M15: uninit reason 3
0	06:40:03.322	FixedChartScale AUDCAD,M15: uninit reason 3
0	06:40:03.322	Price Pro Value Chart Profissional - PT-BR AUDCAD,M15: uninit reason 3
0	06:40:03.322	fadedbckgrnd2__1 USDCAD,M15: initialized
0	06:40:03.322	FixedChartScale USDCAD,M15: initialized
0	06:40:03.415	Price Pro Value Chart Profissional - PT-BR USDCAD,M15: initialized
0	06:40:17.209	fadedbckgrnd2__1 GBPJPY,M15: uninit reason 3
0	06:40:17.209	FixedChartScale GBPJPY,M15: uninit reason 3
0	06:40:17.209	Price Pro Value Chart Profissional - PT-BR GBPJPY,M15: uninit reason 3
0	06:40:17.209	fadedbckgrnd2__1 NZDUSD,M15: initialized
0	06:40:17.209	FixedChartScale NZDUSD,M15: initialized
1	06:40:17.209	FixedChartScale NZDUSD,M15: array out of range in 'FixedChartScale.mq4' (64,19)
1	06:40:17.209	Price Pro Value Chart Profissional - PT-BR NZDUSD,M15: array out of range in 'Price Pro Value Chart Profissional - PT-BR.mq4' (1513,20)
3	06:40:17.209	Price Pro Value Chart Profissional - PT-BR NZDUSD,M15: not initialized
0	06:40:17.209	Price Pro Value Chart Profissional - PT-BR NZDUSD,M15: uninit reason 8
0	06:40:17.224	Custom indicator Price Pro Value Chart Profissional - PT-BR NZDUSD,M15: removed
0	06:40:27.806	fadedbckgrnd2__1 NZDUSD,M15: uninit reason 7
0	06:40:27.806	FixedChartScale NZDUSD,M15: uninit reason 7
0	06:40:27.806	Custom indicator fadedbckgrnd2__1 NZDUSD,M15: removed
0	06:40:27.806	Custom indicator FixedChartScale NZDUSD,M15: removed
0	06:40:27.822	Custom indicator fadedbckgrnd2__1 NZDUSD,M15: loaded successfully
0	06:40:27.838	Custom indicator FixedChartScale NZDUSD,M15: loaded successfully
0	06:40:27.931	Custom indicator Price Pro Value Chart Profissional - PT-BR NZDUSD,M15: loaded successfully
0	06:40:27.947	fadedbckgrnd2__1 NZDUSD,M15: initialized
0	06:40:27.963	FixedChartScale NZDUSD,M15: initialized
0	06:40:28.229	Price Pro Value Chart Profissional - PT-BR NZDUSD,M15: initialized
0	06:44:59.911	Price Pro Value Chart Profissional - PT-BR GBPUSD,M15: Alert: PRICE PRO RAFA  - GBPUSD  - 15 M - PUT (venda)!
0	06:47:20.992	Price Pro Value Chart Profissional - PT-BR EURUSD,M15: uninit reason 5
0	06:47:21.369	Price Pro Value Chart Profissional - PT-BR EURUSD,M15: initialized
0	06:47:53.265	fadedbckgrnd2__1 GBPUSD,M15: uninit reason 7
0	06:47:53.265	FixedChartScale GBPUSD,M15: uninit reason 7
0	06:47:53.265	Price Pro Value Chart Profissional - PT-BR GBPUSD,M15: uninit reason 7
0	06:47:53.265	Custom indicator fadedbckgrnd2__1 GBPUSD,M15: removed
0	06:47:53.265	Custom indicator FixedChartScale GBPUSD,M15: removed
0	06:47:53.280	Custom indicator Price Pro Value Chart Profissional - PT-BR GBPUSD,M15: removed
0	06:47:53.296	Custom indicator fadedbckgrnd2__1 GBPUSD,M15: loaded successfully
0	06:47:53.296	Custom indicator FixedChartScale GBPUSD,M15: loaded successfully
0	06:47:53.389	Custom indicator Price Pro Value Chart Profissional - PT-BR GBPUSD,M15: loaded successfully
0	06:47:53.405	fadedbckgrnd2__1 GBPUSD,M15: initialized
0	06:47:53.420	FixedChartScale GBPUSD,M15: initialized
0	06:47:53.655	Price Pro Value Chart Profissional - PT-BR GBPUSD,M15: initialized
0	06:47:53.749	Price Pro Value Chart Profissional - PT-BR GBPUSD,M15: Alert: PRICE PRO RAFA  - GBPUSD  - 15 M - PUT (venda)!
0	06:48:15.551	fadedbckgrnd2__1 EURJPY,M15: uninit reason 7
0	06:48:15.551	FixedChartScale EURJPY,M15: uninit reason 7
0	06:48:15.551	Price Pro Value Chart Profissional - PT-BR EURJPY,M15: uninit reason 7
0	06:48:15.551	Custom indicator fadedbckgrnd2__1 EURJPY,M15: removed
0	06:48:15.551	Custom indicator FixedChartScale EURJPY,M15: removed
0	06:48:15.566	Custom indicator Price Pro Value Chart Profissional - PT-BR EURJPY,M15: removed
0	06:48:15.581	Custom indicator fadedbckgrnd2__1 EURJPY,M15: loaded successfully
0	06:48:15.581	Custom indicator FixedChartScale EURJPY,M15: loaded successfully
0	06:48:15.675	Custom indicator Price Pro Value Chart Profissional - PT-BR EURJPY,M15: loaded successfully
0	06:48:15.691	fadedbckgrnd2__1 EURJPY,M15: initialized
0	06:48:15.706	FixedChartScale EURJPY,M15: initialized
0	06:48:15.956	Price Pro Value Chart Profissional - PT-BR EURJPY,M15: initialized
0	06:48:38.789	fadedbckgrnd2__1 EURGBP,M15: uninit reason 7
0	06:48:38.789	FixedChartScale EURGBP,M15: uninit reason 7
0	06:48:38.789	Price Pro Value Chart Profissional - PT-BR EURGBP,M15: uninit reason 7
0	06:48:38.789	Custom indicator fadedbckgrnd2__1 EURGBP,M15: removed
0	06:48:38.789	Custom indicator FixedChartScale EURGBP,M15: removed
0	06:48:38.804	Custom indicator Price Pro Value Chart Profissional - PT-BR EURGBP,M15: removed
0	06:48:38.804	Custom indicator fadedbckgrnd2__1 EURGBP,M15: loaded successfully
0	06:48:38.820	Custom indicator FixedChartScale EURGBP,M15: loaded successfully
0	06:48:38.914	Custom indicator Price Pro Value Chart Profissional - PT-BR EURGBP,M15: loaded successfully
0	06:48:38.929	fadedbckgrnd2__1 EURGBP,M15: initialized
0	06:48:38.945	FixedChartScale EURGBP,M15: initialized
0	06:48:39.336	Price Pro Value Chart Profissional - PT-BR EURGBP,M15: initialized
0	06:48:49.068	Price Pro Value Chart Profissional - PT-BR EURGBP,M15: Alert: PRICE PRO RAFA  - EURGBP  - 15 M - CALL (compra)!
0	06:49:12.802	fadedbckgrnd2__1 NZDUSD,M15: uninit reason 7
0	06:49:12.802	FixedChartScale NZDUSD,M15: uninit reason 7
0	06:49:12.802	Price Pro Value Chart Profissional - PT-BR NZDUSD,M15: uninit reason 7
0	06:49:12.802	Custom indicator fadedbckgrnd2__1 NZDUSD,M15: removed
0	06:49:12.802	Custom indicator FixedChartScale NZDUSD,M15: removed
0	06:49:12.817	Custom indicator Price Pro Value Chart Profissional - PT-BR NZDUSD,M15: removed
0	06:49:12.832	Custom indicator fadedbckgrnd2__1 NZDUSD,M15: loaded successfully
0	06:49:12.832	Custom indicator FixedChartScale NZDUSD,M15: loaded successfully
0	06:49:12.926	Custom indicator Price Pro Value Chart Profissional - PT-BR NZDUSD,M15: loaded successfully
0	06:49:12.942	fadedbckgrnd2__1 NZDUSD,M15: initialized
0	06:49:12.957	FixedChartScale NZDUSD,M15: initialized
0	06:49:13.207	Price Pro Value Chart Profissional - PT-BR NZDUSD,M15: initialized
0	06:49:31.625	fadedbckgrnd2__1 NZDUSD,M15: uninit reason 7
0	06:49:31.625	FixedChartScale NZDUSD,M15: uninit reason 7
0	06:49:31.625	Price Pro Value Chart Profissional - PT-BR NZDUSD,M15: uninit reason 7
0	06:49:31.625	Custom indicator fadedbckgrnd2__1 NZDUSD,M15: removed
0	06:49:31.625	Custom indicator FixedChartScale NZDUSD,M15: removed
0	06:49:31.641	Custom indicator Price Pro Value Chart Profissional - PT-BR NZDUSD,M15: removed
0	06:49:31.656	Custom indicator fadedbckgrnd2__1 NZDUSD,M15: loaded successfully
0	06:49:31.656	Custom indicator FixedChartScale NZDUSD,M15: loaded successfully
0	06:49:31.750	Custom indicator Price Pro Value Chart Profissional - PT-BR NZDUSD,M15: loaded successfully
0	06:49:31.766	fadedbckgrnd2__1 NZDUSD,M15: initialized
0	06:49:31.781	FixedChartScale NZDUSD,M15: initialized
0	06:49:32.016	Price Pro Value Chart Profissional - PT-BR NZDUSD,M15: initialized
0	06:49:43.714	fadedbckgrnd2__1 USDCAD,M15: uninit reason 7
0	06:49:43.714	FixedChartScale USDCAD,M15: uninit reason 7
0	06:49:43.714	Price Pro Value Chart Profissional - PT-BR USDCAD,M15: uninit reason 7
0	06:49:43.730	Custom indicator fadedbckgrnd2__1 USDCAD,M15: removed
0	06:49:43.730	Custom indicator FixedChartScale USDCAD,M15: removed
0	06:49:43.730	Custom indicator Price Pro Value Chart Profissional - PT-BR USDCAD,M15: removed
0	06:49:43.745	Custom indicator fadedbckgrnd2__1 USDCAD,M15: loaded successfully
0	06:49:43.745	Custom indicator FixedChartScale USDCAD,M15: loaded successfully
0	06:49:43.855	Custom indicator Price Pro Value Chart Profissional - PT-BR USDCAD,M15: loaded successfully
0	06:49:43.870	fadedbckgrnd2__1 USDCAD,M15: initialized
0	06:49:43.870	FixedChartScale USDCAD,M15: initialized
0	06:49:44.136	Price Pro Value Chart Profissional - PT-BR USDCAD,M15: initialized
0	06:51:20.078	Price Pro Value Chart Profissional - PT-BR EURUSD,M15: uninit reason 5
0	06:51:20.214	Price Pro Value Chart Profissional - PT-BR EURUSD,M15: initialized
0	06:51:42.512	fadedbckgrnd2__1 EURUSD,M15: uninit reason 7
0	06:51:42.512	FixedChartScale EURUSD,M15: uninit reason 7
0	06:51:42.512	Price Pro Value Chart Profissional - PT-BR EURUSD,M15: uninit reason 7
0	06:51:42.512	Custom indicator fadedbckgrnd2__1 EURUSD,M15: removed
0	06:51:42.512	Custom indicator FixedChartScale EURUSD,M15: removed
0	06:51:42.528	Custom indicator Price Pro Value Chart Profissional - PT-BR EURUSD,M15: removed
0	06:51:42.543	Custom indicator fadedbckgrnd2__1 EURUSD,M15: loaded successfully
0	06:51:42.543	Custom indicator FixedChartScale EURUSD,M15: loaded successfully
0	06:51:42.637	Custom indicator Price Pro Value Chart Profissional - PT-BR EURUSD,M15: loaded successfully
0	06:51:42.653	fadedbckgrnd2__1 EURUSD,M15: initialized
0	06:51:42.668	FixedChartScale EURUSD,M15: initialized
0	06:51:42.903	Price Pro Value Chart Profissional - PT-BR EURUSD,M15: initialized
0	07:00:23.667	Price Pro Value Chart Profissional - PT-BR GBPUSD,M15: Alert: PRICE PRO RAFA  - GBPUSD  - 15 M - PUT (venda)!
0	07:31:43.053	Price Pro Value Chart Profissional - PT-BR EURUSD,M15: Alert: PRICE PRO RAFA  - EURUSD está abaixo do nível -6
0	07:34:01.660	Price Pro Value Chart Profissional - PT-BR EURJPY,M15: Alert: PRICE PRO RAFA  - EURJPY está abaixo do nível -5
0	07:42:25.560	Price Pro Value Chart Profissional - PT-BR GBPUSD,M15: Alert: PRICE PRO RAFA  - GBPUSD está abaixo do nível -5
0	07:45:00.736	Price Pro Value Chart Profissional - PT-BR GBPUSD,M15: Alert: PRICE PRO RAFA  - GBPUSD  - 15 M - CALL (compra)!
0	07:56:41.510	fadedbckgrnd2__1 GBPUSD,M15: uninit reason 7
0	07:56:41.510	FixedChartScale GBPUSD,M15: uninit reason 7
0	07:56:41.510	Price Pro Value Chart Profissional - PT-BR GBPUSD,M15: uninit reason 7
0	07:56:41.510	Custom indicator fadedbckgrnd2__1 GBPUSD,M15: removed
0	07:56:41.510	Custom indicator FixedChartScale GBPUSD,M15: removed
0	07:56:41.526	Custom indicator Price Pro Value Chart Profissional - PT-BR GBPUSD,M15: removed
0	07:56:41.541	Custom indicator fadedbckgrnd2__1 GBPUSD,M15: loaded successfully
0	07:56:41.541	Custom indicator FixedChartScale GBPUSD,M15: loaded successfully
0	07:56:41.651	Custom indicator Price Pro Value Chart Profissional - PT-BR GBPUSD,M15: loaded successfully
0	07:56:41.651	fadedbckgrnd2__1 GBPUSD,M15: initialized
0	07:56:41.666	FixedChartScale GBPUSD,M15: initialized
0	07:56:41.963	Price Pro Value Chart Profissional - PT-BR GBPUSD,M15: initialized
0	07:56:41.963	Price Pro Value Chart Profissional - PT-BR GBPUSD,M15: Alert: PRICE PRO RAFA  - GBPUSD  - 15 M - CALL (compra)!
0	07:56:41.981	Price Pro Value Chart Profissional - PT-BR GBPUSD,M15: Alert: PRICE PRO RAFA  - GBPUSD está abaixo do nível -5
0	07:57:02.615	Price Pro Value Chart Profissional - PT-BR EURUSD,M15: Alert: PRICE PRO RAFA  - EURUSD está abaixo do nível -6
0	07:57:11.328	Price Pro Value Chart Profissional - PT-BR EURJPY,M15: Alert: PRICE PRO RAFA  - EURJPY está abaixo do nível -5
0	07:57:12.202	Price Pro Value Chart Profissional - PT-BR NZDUSD,M15: Alert: PRICE PRO RAFA  - NZDUSD está acima do nível 5
0	07:59:59.409	Price Pro Value Chart Profissional - PT-BR NZDUSD,M15: PUT - Sinal enviado para Price Pro!
0	07:59:59.909	Price Pro Value Chart Profissional - PT-BR NZDUSD,M15: Alert: PRICE PRO RAFA  - NZDUSD  - 15 M - PUT (venda)!
0	08:00:01.030	Price Pro Value Chart Profissional - PT-BR GBPUSD,M15: Alert: PRICE PRO RAFA  - GBPUSD  - 15 M - CALL (compra)!
0	08:00:02.168	Price Pro Value Chart Profissional - PT-BR EURUSD,M15: Alert: PRICE PRO RAFA  - EURUSD  - 15 M - CALL (compra)!
0	08:00:05.125	Price Pro Value Chart Profissional - PT-BR EURJPY,M15: Alert: PRICE PRO RAFA  - EURJPY  - 15 M - CALL (compra)!
0	08:24:15.583	Price Pro Value Chart Profissional - PT-BR EURJPY,M15: Alert: PRICE PRO RAFA  - EURJPY está acima do nível 5
0	08:30:00.357	Price Pro Value Chart Profissional - PT-BR USDCAD,M15: Alert: PRICE PRO RAFA  - USDCAD está acima do nível 6
0	08:33:59.673	Price Pro Value Chart Profissional - PT-BR EURUSD,M15: Alert: PRICE PRO RAFA  - EURUSD está abaixo do nível -6
0	08:44:59.444	Price Pro Value Chart Profissional - PT-BR USDCAD,M15: PUT - Sinal enviado para Price Pro!
0	08:45:00.741	Price Pro Value Chart Profissional - PT-BR USDCAD,M15: Alert: PRICE PRO RAFA  - USDCAD  - 15 M - PUT (venda)!
0	09:30:08.227	Price Pro Value Chart Profissional - PT-BR GBPUSD,M15: Alert: PRICE PRO RAFA  - GBPUSD está abaixo do nível -5
0	09:33:30.700	Price Pro Value Chart Profissional - PT-BR EURJPY,M15: Alert: PRICE PRO RAFA  - EURJPY está acima do nível 5
0	09:44:59.063	Price Pro Value Chart Profissional - PT-BR EURJPY,M15: PUT - Sinal enviado para Price Pro!
0	09:44:59.860	Price Pro Value Chart Profissional - PT-BR EURJPY,M15: Alert: PRICE PRO RAFA  - EURJPY  - 15 M - PUT (venda)!
0	09:48:16.607	Price Pro Value Chart Profissional - PT-BR NZDUSD,M15: Alert: PRICE PRO RAFA  - NZDUSD está abaixo do nível -6
0	09:49:18.369	Price Pro Value Chart Profissional - PT-BR GBPUSD,M15: Alert: PRICE PRO RAFA  - GBPUSD está abaixo do nível -5
0	09:56:43.649	Price Pro Value Chart Profissional - PT-BR EURUSD,M15: Alert: PRICE PRO RAFA  - EURUSD está abaixo do nível -5
0	09:59:59.779	Price Pro Value Chart Profissional - PT-BR GBPUSD,M15: CALL - Sinal enviado para Price Pro!
0	09:59:59.779	Price Pro Value Chart Profissional - PT-BR EURUSD,M15: CALL - Sinal enviado para Price Pro!
0	09:59:59.779	Price Pro Value Chart Profissional - PT-BR NZDUSD,M15: CALL - Sinal enviado para Price Pro!
0	09:59:59.810	Price Pro Value Chart Profissional - PT-BR GBPUSD,M15: Alert: PRICE PRO RAFA  - GBPUSD  - 15 M - CALL (compra)!
0	09:59:59.960	Price Pro Value Chart Profissional - PT-BR EURUSD,M15: Alert: PRICE PRO RAFA  - EURUSD  - 15 M - CALL (compra)!
0	09:59:59.991	Price Pro Value Chart Profissional - PT-BR NZDUSD,M15: Alert: PRICE PRO RAFA  - NZDUSD  - 15 M - CALL (compra)!
0	10:49:22.510	fadedbckgrnd2__1 EURUSD,M15: uninit reason 7
0	10:49:22.510	FixedChartScale EURUSD,M15: uninit reason 7
0	10:49:22.510	Price Pro Value Chart Profissional - PT-BR EURUSD,M15: uninit reason 7
0	10:49:22.510	Custom indicator fadedbckgrnd2__1 EURUSD,M15: removed
0	10:49:22.510	Custom indicator FixedChartScale EURUSD,M15: removed
0	10:49:22.525	Custom indicator Price Pro Value Chart Profissional - PT-BR EURUSD,M15: removed
0	10:49:22.525	Custom indicator fadedbckgrnd2__1 EURUSD,M15: loaded successfully
0	10:49:22.541	Custom indicator FixedChartScale EURUSD,M15: loaded successfully
0	10:49:22.635	Custom indicator Price Pro Value Chart Profissional - PT-BR EURUSD,M15: loaded successfully
0	10:49:22.650	fadedbckgrnd2__1 EURUSD,M15: initialized
0	10:49:22.666	FixedChartScale EURUSD,M15: initialized
0	10:49:22.978	Price Pro Value Chart Profissional - PT-BR EURUSD,M15: initialized
0	10:49:30.065	fadedbckgrnd2__1 GBPUSD,M15: uninit reason 7
0	10:49:30.065	FixedChartScale GBPUSD,M15: uninit reason 7
0	10:49:30.065	Price Pro Value Chart Profissional - PT-BR GBPUSD,M15: uninit reason 7
0	10:49:30.065	Custom indicator fadedbckgrnd2__1 GBPUSD,M15: removed
0	10:49:30.065	Custom indicator FixedChartScale GBPUSD,M15: removed
0	10:49:30.080	Custom indicator Price Pro Value Chart Profissional - PT-BR GBPUSD,M15: removed
0	10:49:30.080	Custom indicator fadedbckgrnd2__1 GBPUSD,M15: loaded successfully
0	10:49:30.096	Custom indicator FixedChartScale GBPUSD,M15: loaded successfully
0	10:49:30.189	Custom indicator Price Pro Value Chart Profissional - PT-BR GBPUSD,M15: loaded successfully
0	10:49:30.205	fadedbckgrnd2__1 GBPUSD,M15: initialized
0	10:49:30.221	FixedChartScale GBPUSD,M15: initialized
0	10:49:30.471	Price Pro Value Chart Profissional - PT-BR GBPUSD,M15: initialized
0	10:49:37.914	fadedbckgrnd2__1 EURJPY,M15: uninit reason 7
0	10:49:37.914	FixedChartScale EURJPY,M15: uninit reason 7
0	10:49:37.914	Price Pro Value Chart Profissional - PT-BR EURJPY,M15: uninit reason 7
0	10:49:37.914	Custom indicator fadedbckgrnd2__1 EURJPY,M15: removed
0	10:49:37.914	Custom indicator FixedChartScale EURJPY,M15: removed
0	10:49:37.929	Custom indicator Price Pro Value Chart Profissional - PT-BR EURJPY,M15: removed
0	10:49:37.929	Custom indicator fadedbckgrnd2__1 EURJPY,M15: loaded successfully
0	10:49:37.945	Custom indicator FixedChartScale EURJPY,M15: loaded successfully
0	10:49:38.039	Custom indicator Price Pro Value Chart Profissional - PT-BR EURJPY,M15: loaded successfully
0	10:49:38.054	fadedbckgrnd2__1 EURJPY,M15: initialized
0	10:49:38.070	FixedChartScale EURJPY,M15: initialized
0	10:49:38.304	Price Pro Value Chart Profissional - PT-BR EURJPY,M15: initialized
0	10:49:44.290	fadedbckgrnd2__1 NZDUSD,M15: uninit reason 7
0	10:49:44.290	FixedChartScale NZDUSD,M15: uninit reason 7
0	10:49:44.290	Price Pro Value Chart Profissional - PT-BR NZDUSD,M15: uninit reason 7
0	10:49:44.290	Custom indicator fadedbckgrnd2__1 NZDUSD,M15: removed
0	10:49:44.290	Custom indicator FixedChartScale NZDUSD,M15: removed
0	10:49:44.305	Custom indicator Price Pro Value Chart Profissional - PT-BR NZDUSD,M15: removed
0	10:49:44.305	Custom indicator fadedbckgrnd2__1 NZDUSD,M15: loaded successfully
0	10:49:44.321	Custom indicator FixedChartScale NZDUSD,M15: loaded successfully
0	10:49:44.415	Custom indicator Price Pro Value Chart Profissional - PT-BR NZDUSD,M15: loaded successfully
0	10:49:44.430	fadedbckgrnd2__1 NZDUSD,M15: initialized
0	10:49:44.446	FixedChartScale NZDUSD,M15: initialized
0	10:49:44.665	Price Pro Value Chart Profissional - PT-BR NZDUSD,M15: initialized
0	10:49:50.668	fadedbckgrnd2__1 EURGBP,M15: uninit reason 7
0	10:49:50.668	FixedChartScale EURGBP,M15: uninit reason 7
0	10:49:50.668	Price Pro Value Chart Profissional - PT-BR EURGBP,M15: uninit reason 7
0	10:49:50.668	Custom indicator fadedbckgrnd2__1 EURGBP,M15: removed
0	10:49:50.668	Custom indicator FixedChartScale EURGBP,M15: removed
0	10:49:50.683	Custom indicator Price Pro Value Chart Profissional - PT-BR EURGBP,M15: removed
0	10:49:50.699	Custom indicator fadedbckgrnd2__1 EURGBP,M15: loaded successfully
0	10:49:50.699	Custom indicator FixedChartScale EURGBP,M15: loaded successfully
0	10:49:50.808	Custom indicator Price Pro Value Chart Profissional - PT-BR EURGBP,M15: loaded successfully
0	10:49:50.808	fadedbckgrnd2__1 EURGBP,M15: initialized
0	10:49:50.824	FixedChartScale EURGBP,M15: initialized
0	10:49:51.074	Price Pro Value Chart Profissional - PT-BR EURGBP,M15: initialized
0	10:50:03.818	fadedbckgrnd2__1 USDCAD,M15: uninit reason 7
0	10:50:03.818	FixedChartScale USDCAD,M15: uninit reason 7
0	10:50:03.818	Price Pro Value Chart Profissional - PT-BR USDCAD,M15: uninit reason 7
0	10:50:03.818	Custom indicator fadedbckgrnd2__1 USDCAD,M15: removed
0	10:50:03.818	Custom indicator FixedChartScale USDCAD,M15: removed
0	10:50:03.833	Custom indicator Price Pro Value Chart Profissional - PT-BR USDCAD,M15: removed
0	10:50:03.833	Custom indicator fadedbckgrnd2__1 USDCAD,M15: loaded successfully
0	10:50:03.849	Custom indicator FixedChartScale USDCAD,M15: loaded successfully
0	10:50:03.943	Custom indicator Price Pro Value Chart Profissional - PT-BR USDCAD,M15: loaded successfully
0	10:50:03.958	fadedbckgrnd2__1 USDCAD,M15: initialized
0	10:50:03.958	FixedChartScale USDCAD,M15: initialized
0	10:50:04.193	Price Pro Value Chart Profissional - PT-BR USDCAD,M15: initialized
0	10:50:20.452	fadedbckgrnd2__1 EURGBP,M15: uninit reason 7
0	10:50:20.452	FixedChartScale EURGBP,M15: uninit reason 7
0	10:50:20.452	Price Pro Value Chart Profissional - PT-BR EURGBP,M15: uninit reason 7
0	10:50:20.452	Custom indicator fadedbckgrnd2__1 EURGBP,M15: removed
0	10:50:20.452	Custom indicator FixedChartScale EURGBP,M15: removed
0	10:50:20.467	Custom indicator Price Pro Value Chart Profissional - PT-BR EURGBP,M15: removed
0	10:50:20.467	Custom indicator fadedbckgrnd2__1 EURGBP,M15: loaded successfully
0	10:50:20.483	Custom indicator FixedChartScale EURGBP,M15: loaded successfully
0	10:50:20.592	Custom indicator Price Pro Value Chart Profissional - PT-BR EURGBP,M15: loaded successfully
0	10:50:20.592	fadedbckgrnd2__1 EURGBP,M15: initialized
0	10:50:20.608	FixedChartScale EURGBP,M15: initialized
0	10:50:20.842	Price Pro Value Chart Profissional - PT-BR EURGBP,M15: initialized
0	10:51:29.468	fadedbckgrnd2__1 NZDUSD,M15: uninit reason 3
0	10:51:29.468	FixedChartScale NZDUSD,M15: uninit reason 3
0	10:51:29.468	Price Pro Value Chart Profissional - PT-BR NZDUSD,M15: uninit reason 3
0	10:51:29.468	fadedbckgrnd2__1 AUDUSD,M15: initialized
0	10:51:29.468	FixedChartScale AUDUSD,M15: initialized
0	10:51:29.578	Price Pro Value Chart Profissional - PT-BR AUDUSD,M15: initialized
0	10:51:29.749	Price Pro Value Chart Profissional - PT-BR AUDUSD,M15: Alert: PRICE PRO RAFA  - AUDUSD  - 15 M - CALL (compra)!
0	10:51:31.395	Price Pro Value Chart Profissional - PT-BR AUDUSD,M15: Alert: PRICE PRO RAFA  - AUDUSD está abaixo do nível -5
0	10:51:35.791	fadedbckgrnd2__1 USDCAD,M15: uninit reason 3
0	10:51:35.791	FixedChartScale USDCAD,M15: uninit reason 3
0	10:51:35.791	Price Pro Value Chart Profissional - PT-BR USDCAD,M15: uninit reason 3
0	10:51:35.791	fadedbckgrnd2__1 AUDCAD,M15: initialized
0	10:51:35.791	FixedChartScale AUDCAD,M15: initialized
0	10:51:35.900	Price Pro Value Chart Profissional - PT-BR AUDCAD,M15: initialized
0	10:51:42.606	Price Pro Value Chart Profissional - PT-BR AUDCAD,M15: Alert: PRICE PRO RAFA  - AUDCAD  - 15 M - CALL (compra)!
0	10:52:07.815	fadedbckgrnd2__1 AUDUSD,M15: uninit reason 7
0	10:52:07.815	FixedChartScale AUDUSD,M15: uninit reason 7
0	10:52:07.815	Price Pro Value Chart Profissional - PT-BR AUDUSD,M15: uninit reason 7
0	10:52:07.815	Custom indicator fadedbckgrnd2__1 AUDUSD,M15: removed
0	10:52:07.815	Custom indicator FixedChartScale AUDUSD,M15: removed
0	10:52:07.830	Custom indicator Price Pro Value Chart Profissional - PT-BR AUDUSD,M15: removed
0	10:52:07.845	Custom indicator fadedbckgrnd2__1 AUDUSD,M15: loaded successfully
0	10:52:07.845	Custom indicator FixedChartScale AUDUSD,M15: loaded successfully
0	10:52:07.939	Custom indicator Price Pro Value Chart Profissional - PT-BR AUDUSD,M15: loaded successfully
0	10:52:07.955	fadedbckgrnd2__1 AUDUSD,M15: initialized
0	10:52:07.970	FixedChartScale AUDUSD,M15: initialized
0	10:52:08.221	Price Pro Value Chart Profissional - PT-BR AUDUSD,M15: initialized
0	10:52:08.236	Price Pro Value Chart Profissional - PT-BR AUDUSD,M15: Alert: PRICE PRO RAFA  - AUDUSD  - 15 M - CALL (compra)!
0	10:56:55.961	Price Pro Value Chart Profissional - PT-BR EURJPY,M15: Alert: PRICE PRO RAFA  - EURJPY está abaixo do nível -5
0	11:00:01.386	Price Pro Value Chart Profissional - PT-BR AUDUSD,M15: Alert: PRICE PRO RAFA  - AUDUSD  - 15 M - CALL (compra)!
0	11:23:19.363	Price Pro Value Chart Profissional - PT-BR EURJPY,M15: Alert: PRICE PRO RAFA  - EURJPY está acima do nível 5
0	11:39:03.014	Price Pro Value Chart Profissional - PT-BR EURJPY,M15: Alert: PRICE PRO RAFA  - EURJPY está acima do nível 5
0	11:51:18.310	Price Pro Value Chart Profissional - PT-BR EURGBP,M15: Alert: PRICE PRO RAFA  - EURGBP está acima do nível 7
0	11:51:22.360	Price Pro Value Chart Profissional - PT-BR EURJPY,M15: Alert: PRICE PRO RAFA  - EURJPY está acima do nível 5
0	12:00:01.359	Price Pro Value Chart Profissional - PT-BR EURJPY,M15: Alert: PRICE PRO RAFA  - EURJPY  - 15 M - PUT (venda)!
0	12:00:02.462	Price Pro Value Chart Profissional - PT-BR AUDCAD,M15: Alert: PRICE PRO RAFA  - AUDCAD  - 15 M - CALL (compra)!
0	12:04:10.975	Price Pro Value Chart Profissional - PT-BR EURJPY,M15: Alert: PRICE PRO RAFA  - EURJPY está acima do nível 5
0	12:05:20.761	Price Pro Value Chart Profissional - PT-BR EURGBP,M15: Alert: PRICE PRO RAFA  - EURGBP está acima do nível 7
0	12:06:40.192	Price Pro Value Chart Profissional - PT-BR EURUSD,M15: Alert: PRICE PRO RAFA  - EURUSD está acima do nível 5
0	12:14:59.778	Price Pro Value Chart Profissional - PT-BR EURJPY,M15: Alert: PRICE PRO RAFA  - EURJPY  - 15 M - PUT (venda)!
0	13:00:01.640	Price Pro Value Chart Profissional - PT-BR EURGBP,M15: Alert: PRICE PRO RAFA  - EURGBP  - 15 M - CALL (compra)!
0	13:24:25.513	fadedbckgrnd2__1 EURUSD,M15: uninit reason 9
0	13:24:25.513	FixedChartScale EURUSD,M15: uninit reason 9
0	13:24:25.513	Price Pro Value Chart Profissional - PT-BR EURUSD,M15: uninit reason 9
0	13:24:25.513	fadedbckgrnd2__1 EURGBP,M15: uninit reason 9
0	13:24:25.514	FixedChartScale EURGBP,M15: uninit reason 9
0	13:24:25.514	Price Pro Value Chart Profissional - PT-BR EURGBP,M15: uninit reason 9
0	13:24:25.514	fadedbckgrnd2__1 GBPUSD,M15: uninit reason 9
0	13:24:25.514	FixedChartScale GBPUSD,M15: uninit reason 9
0	13:24:25.514	Price Pro Value Chart Profissional - PT-BR GBPUSD,M15: uninit reason 9
0	13:24:25.514	fadedbckgrnd2__1 AUDUSD,M15: uninit reason 9
0	13:24:25.515	FixedChartScale AUDUSD,M15: uninit reason 9
0	13:24:25.515	Price Pro Value Chart Profissional - PT-BR AUDUSD,M15: uninit reason 9
0	13:24:25.515	fadedbckgrnd2__1 EURJPY,M15: uninit reason 9
0	13:24:25.515	FixedChartScale EURJPY,M15: uninit reason 9
0	13:24:25.515	Price Pro Value Chart Profissional - PT-BR EURJPY,M15: uninit reason 9
0	13:24:25.515	fadedbckgrnd2__1 AUDCAD,M15: uninit reason 9
0	13:24:25.515	FixedChartScale AUDCAD,M15: uninit reason 9
0	13:24:25.515	Price Pro Value Chart Profissional - PT-BR AUDCAD,M15: uninit reason 9
0	13:24:25.594	Custom indicator fadedbckgrnd2__1 EURUSD,M15: removed
0	13:24:25.594	Custom indicator FixedChartScale EURUSD,M15: removed
0	13:24:25.610	Custom indicator Price Pro Value Chart Profissional - PT-BR EURUSD,M15: removed
0	13:24:25.610	Custom indicator fadedbckgrnd2__1 EURGBP,M15: removed
0	13:24:25.610	Custom indicator FixedChartScale EURGBP,M15: removed
0	13:24:25.625	Custom indicator Price Pro Value Chart Profissional - PT-BR EURGBP,M15: removed
0	13:24:25.625	Custom indicator fadedbckgrnd2__1 GBPUSD,M15: removed
0	13:24:25.625	Custom indicator FixedChartScale GBPUSD,M15: removed
0	13:24:25.641	Custom indicator Price Pro Value Chart Profissional - PT-BR GBPUSD,M15: removed
0	13:24:25.668	Custom indicator fadedbckgrnd2__1 AUDUSD,M15: removed
0	13:24:25.669	Custom indicator FixedChartScale AUDUSD,M15: removed
0	13:24:25.679	Custom indicator Price Pro Value Chart Profissional - PT-BR AUDUSD,M15: removed
0	13:24:25.679	Custom indicator fadedbckgrnd2__1 EURJPY,M15: removed
0	13:24:25.679	Custom indicator FixedChartScale EURJPY,M15: removed
0	13:24:25.695	Custom indicator Price Pro Value Chart Profissional - PT-BR EURJPY,M15: removed
0	13:24:25.716	Custom indicator fadedbckgrnd2__1 AUDCAD,M15: removed
0	13:24:25.717	Custom indicator FixedChartScale AUDCAD,M15: removed
0	13:24:25.730	Custom indicator Price Pro Value Chart Profissional - PT-BR AUDCAD,M15: removed
0	13:24:32.904	Custom indicator fadedbckgrnd2__1 EURUSD,M15: loaded successfully
0	13:24:32.915	Custom indicator FixedChartScale EURUSD,M15: loaded successfully
0	13:24:33.031	Custom indicator Price Pro Value Chart Profissional - PT-BR EURUSD,M15: loaded successfully
0	13:24:33.046	fadedbckgrnd2__1 EURUSD,M15: initialized
0	13:24:33.058	FixedChartScale EURUSD,M15: initialized
0	13:24:33.225	Price Pro Value Chart Profissional - PT-BR EURUSD,M15: Alert: Falha: Preencha o campo ID Metatrader.
3	13:24:33.225	Price Pro Value Chart Profissional - PT-BR EURUSD,M15: initialization failed (1)
0	13:24:33.225	Price Pro Value Chart Profissional - PT-BR EURUSD,M15: uninit reason 8
0	13:24:33.238	Custom indicator Price Pro Value Chart Profissional - PT-BR EURUSD,M15: removed
0	13:24:33.263	Custom indicator fadedbckgrnd2__1 EURGBP,M15: loaded successfully
0	13:24:33.272	Custom indicator FixedChartScale EURGBP,M15: loaded successfully
0	13:24:33.387	Custom indicator Price Pro Value Chart Profissional - PT-BR EURGBP,M15: loaded successfully
0	13:24:33.402	fadedbckgrnd2__1 EURGBP,M15: initialized
0	13:24:33.417	FixedChartScale EURGBP,M15: initialized
0	13:24:33.598	Price Pro Value Chart Profissional - PT-BR EURGBP,M15: Alert: Falha: Preencha o campo ID Metatrader.
3	13:24:33.598	Price Pro Value Chart Profissional - PT-BR EURGBP,M15: initialization failed (1)
0	13:24:33.598	Price Pro Value Chart Profissional - PT-BR EURGBP,M15: uninit reason 8
0	13:24:33.614	Custom indicator Price Pro Value Chart Profissional - PT-BR EURGBP,M15: removed
0	13:24:33.634	Custom indicator fadedbckgrnd2__1 GBPUSD,M15: loaded successfully
0	13:24:33.642	Custom indicator FixedChartScale GBPUSD,M15: loaded successfully
0	13:24:33.773	Custom indicator Price Pro Value Chart Profissional - PT-BR GBPUSD,M15: loaded successfully
0	13:24:33.797	fadedbckgrnd2__1 GBPUSD,M15: initialized
0	13:24:33.814	FixedChartScale GBPUSD,M15: initialized
0	13:24:33.974	Price Pro Value Chart Profissional - PT-BR GBPUSD,M15: Alert: Falha: Preencha o campo ID Metatrader.
3	13:24:33.974	Price Pro Value Chart Profissional - PT-BR GBPUSD,M15: initialization failed (1)
0	13:24:33.974	Price Pro Value Chart Profissional - PT-BR GBPUSD,M15: uninit reason 8
0	13:24:33.991	Custom indicator Price Pro Value Chart Profissional - PT-BR GBPUSD,M15: removed
0	13:24:34.018	Custom indicator fadedbckgrnd2__1 AUDUSD,M15: loaded successfully
0	13:24:34.027	Custom indicator FixedChartScale AUDUSD,M15: loaded successfully
0	13:24:34.139	Custom indicator Price Pro Value Chart Profissional - PT-BR AUDUSD,M15: loaded successfully
0	13:24:34.154	fadedbckgrnd2__1 AUDUSD,M15: initialized
0	13:24:34.164	FixedChartScale AUDUSD,M15: initialized
0	13:24:34.325	Price Pro Value Chart Profissional - PT-BR AUDUSD,M15: Alert: Falha: Preencha o campo ID Metatrader.
3	13:24:34.325	Price Pro Value Chart Profissional - PT-BR AUDUSD,M15: initialization failed (1)
0	13:24:34.325	Price Pro Value Chart Profissional - PT-BR AUDUSD,M15: uninit reason 8
0	13:24:34.341	Custom indicator Price Pro Value Chart Profissional - PT-BR AUDUSD,M15: removed
0	13:24:34.362	Custom indicator fadedbckgrnd2__1 EURJPY,M15: loaded successfully
0	13:24:34.369	Custom indicator FixedChartScale EURJPY,M15: loaded successfully
0	13:24:34.481	Custom indicator Price Pro Value Chart Profissional - PT-BR EURJPY,M15: loaded successfully
0	13:24:34.496	fadedbckgrnd2__1 EURJPY,M15: initialized
0	13:24:34.508	FixedChartScale EURJPY,M15: initialized
0	13:24:34.680	Price Pro Value Chart Profissional - PT-BR EURJPY,M15: Alert: Falha: Preencha o campo ID Metatrader.
3	13:24:34.680	Price Pro Value Chart Profissional - PT-BR EURJPY,M15: initialization failed (1)
0	13:24:34.680	Price Pro Value Chart Profissional - PT-BR EURJPY,M15: uninit reason 8
0	13:24:34.694	Custom indicator Price Pro Value Chart Profissional - PT-BR EURJPY,M15: removed
0	13:24:34.715	Custom indicator fadedbckgrnd2__1 AUDCAD,M15: loaded successfully
0	13:24:34.725	Custom indicator FixedChartScale AUDCAD,M15: loaded successfully
0	13:24:34.839	Custom indicator Price Pro Value Chart Profissional - PT-BR AUDCAD,M15: loaded successfully
0	13:24:34.856	fadedbckgrnd2__1 AUDCAD,M15: initialized
0	13:24:34.871	FixedChartScale AUDCAD,M15: initialized
0	13:24:35.032	Price Pro Value Chart Profissional - PT-BR AUDCAD,M15: Alert: Falha: Preencha o campo ID Metatrader.
3	13:24:35.032	Price Pro Value Chart Profissional - PT-BR AUDCAD,M15: initialization failed (1)
0	13:24:35.032	Price Pro Value Chart Profissional - PT-BR AUDCAD,M15: uninit reason 8
0	13:24:35.047	Custom indicator Price Pro Value Chart Profissional - PT-BR AUDCAD,M15: removed
0	13:24:51.946	fadedbckgrnd2__1 EURUSD,M15: uninit reason 7
0	13:24:51.946	FixedChartScale EURUSD,M15: uninit reason 7
0	13:24:51.946	Custom indicator fadedbckgrnd2__1 EURUSD,M15: removed
0	13:24:51.946	Custom indicator FixedChartScale EURUSD,M15: removed
0	13:24:51.962	Custom indicator fadedbckgrnd2__1 EURUSD,M15: loaded successfully
0	13:24:51.962	Custom indicator FixedChartScale EURUSD,M15: loaded successfully
0	13:24:52.071	Custom indicator Price Pro Value Chart Profissional - PT-BR EURUSD,M15: loaded successfully
0	13:24:52.087	fadedbckgrnd2__1 EURUSD,M15: initialized
0	13:24:52.102	FixedChartScale EURUSD,M15: initialized
0	13:24:52.227	Price Pro Value Chart Profissional - PT-BR EURUSD,M15: Alert: Falha: Preencha o campo ID Metatrader.
3	13:24:52.227	Price Pro Value Chart Profissional - PT-BR EURUSD,M15: initialization failed (1)
0	13:24:52.227	Price Pro Value Chart Profissional - PT-BR EURUSD,M15: uninit reason 8
0	13:24:52.243	Custom indicator Price Pro Value Chart Profissional - PT-BR EURUSD,M15: removed
0	13:25:00.896	fadedbckgrnd2__1 GBPUSD,M15: uninit reason 7
0	13:25:00.896	FixedChartScale GBPUSD,M15: uninit reason 7
0	13:25:00.896	Custom indicator fadedbckgrnd2__1 GBPUSD,M15: removed
0	13:25:00.896	Custom indicator FixedChartScale GBPUSD,M15: removed
0	13:25:00.911	Custom indicator fadedbckgrnd2__1 GBPUSD,M15: loaded successfully
0	13:25:00.911	Custom indicator FixedChartScale GBPUSD,M15: loaded successfully
0	13:25:01.020	Custom indicator Price Pro Value Chart Profissional - PT-BR GBPUSD,M15: loaded successfully
0	17:07:04.845	Custom indicator fadedbckgrnd2__1 EURUSD,M15: loaded successfully
0	17:07:04.845	Custom indicator FixedChartScale EURUSD,M15: loaded successfully
0	17:07:04.861	fadedbckgrnd2__1 EURUSD,M15: initialized
0	17:07:04.883	FixedChartScale EURUSD,M15: initialized
0	17:07:04.898	Custom indicator fadedbckgrnd2__1 EURGBP,M15: loaded successfully
0	17:07:04.914	Custom indicator FixedChartScale EURGBP,M15: loaded successfully
0	17:07:04.999	Custom indicator Price Pro Value Chart Profissional - PT-BR EURGBP,M15: loaded successfully
0	17:07:05.014	fadedbckgrnd2__1 EURGBP,M15: initialized
0	17:07:05.030	FixedChartScale EURGBP,M15: initialized
0	17:07:05.183	Price Pro Value Chart Profissional - PT-BR EURGBP,M15: Alert: Falha: Preencha o campo ID Metatrader.
3	17:07:05.183	Price Pro Value Chart Profissional - PT-BR EURGBP,M15: initialization failed (1)
0	17:07:05.183	Price Pro Value Chart Profissional - PT-BR EURGBP,M15: uninit reason 8
0	17:07:05.183	Custom indicator Price Pro Value Chart Profissional - PT-BR EURGBP,M15: removed
0	17:07:05.217	Custom indicator fadedbckgrnd2__1 GBPUSD,M15: loaded successfully
0	17:07:05.221	Custom indicator FixedChartScale GBPUSD,M15: loaded successfully
0	17:07:05.236	fadedbckgrnd2__1 GBPUSD,M15: initialized
0	17:07:05.236	FixedChartScale GBPUSD,M15: initialized
0	17:07:05.268	Custom indicator fadedbckgrnd2__1 AUDUSD,M15: loaded successfully
0	17:07:05.268	Custom indicator FixedChartScale AUDUSD,M15: loaded successfully
0	17:07:05.361	Custom indicator Price Pro Value Chart Profissional - PT-BR AUDUSD,M15: loaded successfully
0	17:07:05.383	fadedbckgrnd2__1 AUDUSD,M15: initialized
0	17:07:05.383	FixedChartScale AUDUSD,M15: initialized
0	17:07:05.539	Price Pro Value Chart Profissional - PT-BR AUDUSD,M15: Alert: Falha: Preencha o campo ID Metatrader.
3	17:07:05.539	Price Pro Value Chart Profissional - PT-BR AUDUSD,M15: initialization failed (1)
0	17:07:05.539	Price Pro Value Chart Profissional - PT-BR AUDUSD,M15: uninit reason 8
0	17:07:05.557	Custom indicator Price Pro Value Chart Profissional - PT-BR AUDUSD,M15: removed
0	17:07:05.615	Custom indicator fadedbckgrnd2__1 EURJPY,M15: loaded successfully
0	17:07:05.625	Custom indicator FixedChartScale EURJPY,M15: loaded successfully
0	17:07:05.725	Custom indicator Price Pro Value Chart Profissional - PT-BR EURJPY,M15: loaded successfully
0	17:07:05.741	fadedbckgrnd2__1 EURJPY,M15: initialized
0	17:07:05.756	FixedChartScale EURJPY,M15: initialized
0	17:07:05.894	Price Pro Value Chart Profissional - PT-BR EURJPY,M15: Alert: Falha: Preencha o campo ID Metatrader.
3	17:07:05.894	Price Pro Value Chart Profissional - PT-BR EURJPY,M15: initialization failed (1)
0	17:07:05.894	Price Pro Value Chart Profissional - PT-BR EURJPY,M15: uninit reason 8
0	17:07:05.910	Custom indicator Price Pro Value Chart Profissional - PT-BR EURJPY,M15: removed
0	17:07:05.933	Custom indicator fadedbckgrnd2__1 AUDCAD,M15: loaded successfully
0	17:07:05.933	Custom indicator FixedChartScale AUDCAD,M15: loaded successfully
0	17:07:06.038	Custom indicator Price Pro Value Chart Profissional - PT-BR AUDCAD,M15: loaded successfully
