0	06:54:01.104	Custom indicator fadedbckgrnd2__1 EURUSD,M1: loaded successfully
0	06:54:01.115	Custom indicator FixedChartScale EURUSD,M1: loaded successfully
0	06:54:01.252	Custom indicator Price Pro Value Chart Profissional - PT-BR EURUSD,M1: loaded successfully
0	06:54:01.267	fadedbckgrnd2__1 EURUSD,M1: initialized
0	06:54:01.283	FixedChartScale EURUSD,M1: initialized
0	06:54:01.516	Price Pro Value Chart Profissional - PT-BR EURUSD,M1: Alert: Falha: Preencha o campo ID Metatrader.
3	06:54:01.516	Price Pro Value Chart Profissional - PT-BR EURUSD,M1: initialization failed (1)
0	06:54:01.516	Price Pro Value Chart Profissional - PT-BR EURUSD,M1: uninit reason 8
0	06:54:01.532	Custom indicator Price Pro Value Chart Profissional - PT-BR EURUSD,M1: removed
0	06:55:12.199	fadedbckgrnd2__1 EURUSD,M1: uninit reason 7
0	06:55:12.199	FixedChartScale EURUSD,M1: uninit reason 7
0	06:55:12.199	Custom indicator fadedbckgrnd2__1 EURUSD,M1: removed
0	06:55:12.199	Custom indicator FixedChartScale EURUSD,M1: removed
0	06:55:12.199	Custom indicator fadedbckgrnd2__1 EURUSD,M1: loaded successfully
0	06:55:12.215	Custom indicator FixedChartScale EURUSD,M1: loaded successfully
0	06:55:12.308	Custom indicator Price Pro Value Chart Profissional - PT-BR EURUSD,M1: loaded successfully
0	06:55:12.324	fadedbckgrnd2__1 EURUSD,M1: initialized
0	06:55:12.340	FixedChartScale EURUSD,M1: initialized
0	06:55:12.839	Price Pro Value Chart Profissional - PT-BR EURUSD,M1: initialized
0	06:55:15.854	Price Pro Value Chart Profissional - PT-BR EURUSD,M1: Alert: PRICE PRO RAFA  - EURUSD  - 1 M - PUT (venda)!
0	06:55:46.070	Custom indicator fadedbckgrnd2__1 GBPUSD,M1: loaded successfully
0	06:55:46.070	Custom indicator FixedChartScale GBPUSD,M1: loaded successfully
0	06:55:46.179	Custom indicator Price Pro Value Chart Profissional - PT-BR GBPUSD,M1: loaded successfully
0	06:55:46.195	fadedbckgrnd2__1 GBPUSD,M1: initialized
0	06:55:46.195	FixedChartScale GBPUSD,M1: initialized
0	06:55:46.711	Price Pro Value Chart Profissional - PT-BR GBPUSD,M1: initialized
0	06:55:54.078	Custom indicator fadedbckgrnd2__1 EURGBP,M1: loaded successfully
0	06:55:54.078	Custom indicator FixedChartScale EURGBP,M1: loaded successfully
0	06:55:54.171	Custom indicator Price Pro Value Chart Profissional - PT-BR EURGBP,M1: loaded successfully
0	06:55:54.187	fadedbckgrnd2__1 EURGBP,M1: initialized
0	06:55:54.203	FixedChartScale EURGBP,M1: initialized
0	06:55:55.281	Price Pro Value Chart Profissional - PT-BR EURGBP,M1: initialized
0	06:55:55.499	Price Pro Value Chart Profissional - PT-BR EURUSD,M1: Alert: PRICE PRO RAFA  - EURUSD está acima do nível 9
0	06:55:59.482	Price Pro Value Chart Profissional - PT-BR EURGBP,M1: Alert: PRICE PRO RAFA  - EURGBP  - 1 M - PUT (venda)!
0	06:55:59.513	Price Pro Value Chart Profissional - PT-BR EURUSD,M1: PUT - Sinal enviado para Price Pro!
0	06:56:01.349	Price Pro Value Chart Profissional - PT-BR EURUSD,M1: Alert: PRICE PRO RAFA  - EURUSD  - 1 M - PUT (venda)!
0	06:56:02.456	Price Pro Value Chart Profissional - PT-BR EURGBP,M1: Alert: PRICE PRO RAFA  - EURGBP  - 1 M - PUT (venda)!
0	06:56:06.393	Price Pro Value Chart Profissional - PT-BR EURGBP,M1: Alert: PRICE PRO RAFA  - EURGBP está acima do nível 11
0	06:57:07.012	Price Pro Value Chart Profissional - PT-BR GBPUSD,M1: Alert: PRICE PRO RAFA  - GBPUSD está acima do nível 5
0	06:57:39.504	Price Pro Value Chart Profissional - PT-BR EURGBP,M1: Alert: PRICE PRO RAFA  - EURGBP está abaixo do nível -5
0	06:57:59.454	Price Pro Value Chart Profissional - PT-BR GBPUSD,M1: PUT - Sinal enviado para Price Pro!
0	06:58:01.157	Price Pro Value Chart Profissional - PT-BR GBPUSD,M1: Alert: PRICE PRO RAFA  - GBPUSD  - 1 M - PUT (venda)!
0	06:58:38.889	Price Pro Value Chart Profissional - PT-BR EURGBP,M1: Alert: PRICE PRO RAFA  - EURGBP está abaixo do nível -5
0	07:00:05.314	Price Pro Value Chart Profissional - PT-BR EURUSD,M1: Alert: PRICE PRO RAFA  - EURUSD está acima do nível 5
0	07:02:14.813	Price Pro Value Chart Profissional - PT-BR EURGBP,M1: Alert: PRICE PRO RAFA  - EURGBP está acima do nível 5
0	07:03:01.846	Price Pro Value Chart Profissional - PT-BR EURGBP,M1: Alert: PRICE PRO RAFA  - EURGBP  - 1 M - PUT (venda)!
0	07:03:48.691	Price Pro Value Chart Profissional - PT-BR GBPUSD,M1: Alert: PRICE PRO RAFA  - GBPUSD está acima do nível 5
0	07:04:02.444	Price Pro Value Chart Profissional - PT-BR GBPUSD,M1: Alert: PRICE PRO RAFA  - GBPUSD está acima do nível 5
0	07:04:17.123	Price Pro Value Chart Profissional - PT-BR EURUSD,M1: Alert: PRICE PRO RAFA  - EURUSD está acima do nível 9
0	07:04:59.937	Price Pro Value Chart Profissional - PT-BR GBPUSD,M1: PUT - Sinal enviado para Price Pro!
0	07:05:01.280	Price Pro Value Chart Profissional - PT-BR GBPUSD,M1: Alert: PRICE PRO RAFA  - GBPUSD  - 1 M - PUT (venda)!
0	07:09:03.433	Price Pro Value Chart Profissional - PT-BR GBPUSD,M1: Alert: PRICE PRO RAFA  - GBPUSD está abaixo do nível -5
0	07:09:59.256	Price Pro Value Chart Profissional - PT-BR GBPUSD,M1: CALL - Sinal enviado para Price Pro!
0	07:10:01.349	Price Pro Value Chart Profissional - PT-BR GBPUSD,M1: Alert: PRICE PRO RAFA  - GBPUSD  - 1 M - CALL (compra)!
0	07:10:21.162	Price Pro Value Chart Profissional - PT-BR EURGBP,M1: Alert: PRICE PRO RAFA  - EURGBP está acima do nível 5
0	07:15:05.359	Price Pro Value Chart Profissional - PT-BR GBPUSD,M1: Alert: PRICE PRO RAFA  - GBPUSD está abaixo do nível -5
0	07:15:26.323	Price Pro Value Chart Profissional - PT-BR EURGBP,M1: Alert: PRICE PRO RAFA  - EURGBP está abaixo do nível -5
0	07:16:04.253	Price Pro Value Chart Profissional - PT-BR EURGBP,M1: Alert: PRICE PRO RAFA  - EURGBP  - 1 M - CALL (compra)!
0	07:17:42.468	Price Pro Value Chart Profissional - PT-BR GBPUSD,M1: Alert: PRICE PRO RAFA  - GBPUSD está acima do nível 5
0	07:18:09.442	Price Pro Value Chart Profissional - PT-BR GBPUSD,M1: Alert: PRICE PRO RAFA  - GBPUSD está acima do nível 5
0	07:21:33.738	Price Pro Value Chart Profissional - PT-BR GBPUSD,M1: Alert: PRICE PRO RAFA  - GBPUSD está abaixo do nível -5
0	07:22:21.112	Price Pro Value Chart Profissional - PT-BR GBPUSD,M1: Alert: PRICE PRO RAFA  - GBPUSD está abaixo do nível -5
0	07:22:22.074	Price Pro Value Chart Profissional - PT-BR EURGBP,M1: Alert: PRICE PRO RAFA  - EURGBP está acima do nível 5
0	07:22:59.332	Price Pro Value Chart Profissional - PT-BR GBPUSD,M1: CALL - Sinal enviado para Price Pro!
0	07:23:03.815	Price Pro Value Chart Profissional - PT-BR GBPUSD,M1: Alert: PRICE PRO RAFA  - GBPUSD  - 1 M - CALL (compra)!
0	07:23:05.897	Price Pro Value Chart Profissional - PT-BR EURGBP,M1: Alert: PRICE PRO RAFA  - EURGBP  - 1 M - PUT (venda)!
0	07:28:01.595	Price Pro Value Chart Profissional - PT-BR GBPUSD,M1: Alert: PRICE PRO RAFA  - GBPUSD está abaixo do nível -5
0	07:28:59.761	Price Pro Value Chart Profissional - PT-BR GBPUSD,M1: CALL - Sinal enviado para Price Pro!
0	07:29:01.244	Price Pro Value Chart Profissional - PT-BR GBPUSD,M1: Alert: PRICE PRO RAFA  - GBPUSD  - 1 M - CALL (compra)!
0	07:30:41.978	Price Pro Value Chart Profissional - PT-BR EURGBP,M1: Alert: PRICE PRO RAFA  - EURGBP está abaixo do nível -5
0	07:31:01.292	Price Pro Value Chart Profissional - PT-BR EURGBP,M1: Alert: PRICE PRO RAFA  - EURGBP  - 1 M - CALL (compra)!
0	07:33:29.617	Price Pro Value Chart Profissional - PT-BR EURUSD,M1: Alert: PRICE PRO RAFA  - EURUSD está abaixo do nível -9
0	07:33:59.023	Price Pro Value Chart Profissional - PT-BR EURUSD,M1: CALL - Sinal enviado para Price Pro!
0	07:35:33.690	Price Pro Value Chart Profissional - PT-BR GBPUSD,M1: Alert: PRICE PRO RAFA  - GBPUSD está acima do nível 5
0	07:35:59.159	Price Pro Value Chart Profissional - PT-BR GBPUSD,M1: PUT - Sinal enviado para Price Pro!
0	07:36:01.033	Price Pro Value Chart Profissional - PT-BR GBPUSD,M1: Alert: PRICE PRO RAFA  - GBPUSD  - 1 M - PUT (venda)!
0	07:36:42.237	Price Pro Value Chart Profissional - PT-BR EURGBP,M1: Alert: PRICE PRO RAFA  - EURGBP está abaixo do nível -5
0	07:40:45.937	Price Pro Value Chart Profissional - PT-BR EURGBP,M1: Alert: PRICE PRO RAFA  - EURGBP está acima do nível 5
0	07:47:58.521	Price Pro Value Chart Profissional - PT-BR EURGBP,M1: Alert: PRICE PRO RAFA  - EURGBP está acima do nível 5
0	07:48:01.342	Price Pro Value Chart Profissional - PT-BR EURGBP,M1: Alert: PRICE PRO RAFA  - EURGBP  - 1 M - PUT (venda)!
0	07:49:42.739	Price Pro Value Chart Profissional - PT-BR GBPUSD,M1: Alert: PRICE PRO RAFA  - GBPUSD está acima do nível 5
0	07:50:29.928	Price Pro Value Chart Profissional - PT-BR GBPUSD,M1: Alert: PRICE PRO RAFA  - GBPUSD está abaixo do nível -5
0	07:53:43.499	Price Pro Value Chart Profissional - PT-BR EURGBP,M1: Alert: PRICE PRO RAFA  - EURGBP está acima do nível 5
0	07:53:54.442	fadedbckgrnd2__1 EURGBP,M1: uninit reason 3
0	07:53:54.442	FixedChartScale EURGBP,M1: uninit reason 3
0	07:53:54.442	Price Pro Value Chart Profissional - PT-BR EURGBP,M1: uninit reason 3
0	07:53:54.457	fadedbckgrnd2__1 AUDUSD,M1: initialized
0	07:53:54.457	FixedChartScale AUDUSD,M1: initialized
0	07:53:54.630	Price Pro Value Chart Profissional - PT-BR AUDUSD,M1: initialized
0	07:57:03.815	Price Pro Value Chart Profissional - PT-BR GBPUSD,M1: Alert: PRICE PRO RAFA  - GBPUSD está acima do nível 5
0	07:58:45.531	Price Pro Value Chart Profissional - PT-BR GBPUSD,M1: Alert: PRICE PRO RAFA  - GBPUSD está acima do nível 5
0	07:59:44.788	Price Pro Value Chart Profissional - PT-BR GBPUSD,M1: Alert: PRICE PRO RAFA  - GBPUSD está acima do nível 5
0	08:00:02.363	Price Pro Value Chart Profissional - PT-BR GBPUSD,M1: Alert: PRICE PRO RAFA  - GBPUSD  - 1 M - PUT (venda)!
0	08:00:05.953	Price Pro Value Chart Profissional - PT-BR AUDUSD,M1: Alert: PRICE PRO RAFA  - AUDUSD está acima do nível 7
0	08:05:17.280	Price Pro Value Chart Profissional - PT-BR GBPUSD,M1: Alert: PRICE PRO RAFA  - GBPUSD está abaixo do nível -5
0	08:06:03.878	Price Pro Value Chart Profissional - PT-BR GBPUSD,M1: Alert: PRICE PRO RAFA  - GBPUSD  - 1 M - CALL (compra)!
0	08:11:17.801	Price Pro Value Chart Profissional - PT-BR GBPUSD,M1: Alert: PRICE PRO RAFA  - GBPUSD está abaixo do nível -5
0	08:11:59.665	Price Pro Value Chart Profissional - PT-BR GBPUSD,M1: CALL - Sinal enviado para Price Pro!
0	08:12:01.040	Price Pro Value Chart Profissional - PT-BR GBPUSD,M1: Alert: PRICE PRO RAFA  - GBPUSD  - 1 M - CALL (compra)!
0	08:15:37.588	Price Pro Value Chart Profissional - PT-BR GBPUSD,M1: Alert: PRICE PRO RAFA  - GBPUSD está acima do nível 5
0	08:16:35.594	Price Pro Value Chart Profissional - PT-BR GBPUSD,M1: Alert: PRICE PRO RAFA  - GBPUSD está acima do nível 5
0	08:17:04.205	Price Pro Value Chart Profissional - PT-BR GBPUSD,M1: Alert: PRICE PRO RAFA  - GBPUSD está acima do nível 5
0	08:18:22.110	Price Pro Value Chart Profissional - PT-BR GBPUSD,M1: Alert: PRICE PRO RAFA  - GBPUSD está acima do nível 5
0	08:20:21.846	Price Pro Value Chart Profissional - PT-BR GBPUSD,M1: Alert: PRICE PRO RAFA  - GBPUSD está abaixo do nível -5
0	08:21:01.265	Price Pro Value Chart Profissional - PT-BR GBPUSD,M1: Alert: PRICE PRO RAFA  - GBPUSD  - 1 M - CALL (compra)!
0	08:26:23.334	Price Pro Value Chart Profissional - PT-BR GBPUSD,M1: Alert: PRICE PRO RAFA  - GBPUSD está abaixo do nível -5
0	08:27:01.794	Price Pro Value Chart Profissional - PT-BR GBPUSD,M1: Alert: PRICE PRO RAFA  - GBPUSD  - 1 M - CALL (compra)!
0	08:32:10.740	Price Pro Value Chart Profissional - PT-BR GBPUSD,M1: Alert: PRICE PRO RAFA  - GBPUSD está abaixo do nível -5
0	08:33:01.299	Price Pro Value Chart Profissional - PT-BR GBPUSD,M1: Alert: PRICE PRO RAFA  - GBPUSD  - 1 M - CALL (compra)!
0	08:37:24.838	Price Pro Value Chart Profissional - PT-BR GBPUSD,M1: Alert: PRICE PRO RAFA  - GBPUSD está acima do nível 5
0	08:38:40.268	Price Pro Value Chart Profissional - PT-BR GBPUSD,M1: Alert: PRICE PRO RAFA  - GBPUSD está acima do nível 5
0	08:44:15.965	Price Pro Value Chart Profissional - PT-BR GBPUSD,M1: Alert: PRICE PRO RAFA  - GBPUSD está abaixo do nível -5
0	08:47:28.558	Price Pro Value Chart Profissional - PT-BR GBPUSD,M1: Alert: PRICE PRO RAFA  - GBPUSD está acima do nível 5
0	08:48:01.181	Price Pro Value Chart Profissional - PT-BR GBPUSD,M1: Alert: PRICE PRO RAFA  - GBPUSD  - 1 M - PUT (venda)!
0	08:53:41.071	Price Pro Value Chart Profissional - PT-BR GBPUSD,M1: Alert: PRICE PRO RAFA  - GBPUSD está acima do nível 5
0	08:53:48.460	Price Pro Value Chart Profissional - PT-BR AUDUSD,M1: Alert: PRICE PRO RAFA  - AUDUSD está acima do nível 10
0	08:54:01.296	Price Pro Value Chart Profissional - PT-BR GBPUSD,M1: Alert: PRICE PRO RAFA  - GBPUSD  - 1 M - PUT (venda)!
0	08:54:04.060	Price Pro Value Chart Profissional - PT-BR AUDUSD,M1: Alert: PRICE PRO RAFA  - AUDUSD está acima do nível 10
0	08:54:59.645	Price Pro Value Chart Profissional - PT-BR AUDUSD,M1: PUT - Sinal enviado para Price Pro!
0	08:55:01.066	Price Pro Value Chart Profissional - PT-BR AUDUSD,M1: Alert: PRICE PRO RAFA  - AUDUSD  - 1 M - PUT (venda)!
0	08:56:01.690	Price Pro Value Chart Profissional - PT-BR GBPUSD,M1: Alert: PRICE PRO RAFA  - GBPUSD está abaixo do nível -5
0	08:57:01.291	Price Pro Value Chart Profissional - PT-BR GBPUSD,M1: Alert: PRICE PRO RAFA  - GBPUSD  - 1 M - CALL (compra)!
0	09:05:19.667	Price Pro Value Chart Profissional - PT-BR EURUSD,M1: Alert: PRICE PRO RAFA  - EURUSD está acima do nível 5
0	09:06:01.309	Price Pro Value Chart Profissional - PT-BR EURUSD,M1: Alert: PRICE PRO RAFA  - EURUSD  - 1 M - PUT (venda)!
0	09:12:08.307	Price Pro Value Chart Profissional - PT-BR EURUSD,M1: Alert: PRICE PRO RAFA  - EURUSD está abaixo do nível -5
0	09:13:26.584	Price Pro Value Chart Profissional - PT-BR EURUSD,M1: Alert: PRICE PRO RAFA  - EURUSD está abaixo do nível -5
0	09:14:01.172	Price Pro Value Chart Profissional - PT-BR EURUSD,M1: Alert: PRICE PRO RAFA  - EURUSD  - 1 M - CALL (compra)!
0	09:20:10.932	Price Pro Value Chart Profissional - PT-BR EURUSD,M1: Alert: PRICE PRO RAFA  - EURUSD está acima do nível 5
0	09:21:20.258	Price Pro Value Chart Profissional - PT-BR EURUSD,M1: Alert: PRICE PRO RAFA  - EURUSD está acima do nível 5
0	09:25:04.519	Price Pro Value Chart Profissional - PT-BR EURUSD,M1: Alert: PRICE PRO RAFA  - EURUSD está acima do nível 5
0	09:26:01.045	Price Pro Value Chart Profissional - PT-BR EURUSD,M1: Alert: PRICE PRO RAFA  - EURUSD  - 1 M - PUT (venda)!
0	09:30:02.889	Price Pro Value Chart Profissional - PT-BR GBPUSD,M1: Alert: PRICE PRO RAFA  - GBPUSD está acima do nível 8
0	09:30:11.617	Price Pro Value Chart Profissional - PT-BR EURUSD,M1: Alert: PRICE PRO RAFA  - EURUSD está abaixo do nível -5
0	09:30:19.841	Price Pro Value Chart Profissional - PT-BR AUDUSD,M1: Alert: PRICE PRO RAFA  - AUDUSD está acima do nível 10
0	09:30:59.116	Price Pro Value Chart Profissional - PT-BR GBPUSD,M1: PUT - Sinal enviado para Price Pro!
0	09:30:59.131	Price Pro Value Chart Profissional - PT-BR AUDUSD,M1: PUT - Sinal enviado para Price Pro!
0	09:31:01.068	Price Pro Value Chart Profissional - PT-BR GBPUSD,M1: Alert: PRICE PRO RAFA  - GBPUSD  - 1 M - PUT (venda)!
0	09:31:01.089	Price Pro Value Chart Profissional - PT-BR AUDUSD,M1: Alert: PRICE PRO RAFA  - AUDUSD  - 1 M - PUT (venda)!
0	09:40:25.219	Price Pro Value Chart Profissional - PT-BR EURUSD,M1: Alert: PRICE PRO RAFA  - EURUSD está abaixo do nível -5
0	09:43:14.885	fadedbckgrnd2__1 AUDUSD,M1: uninit reason 3
0	09:43:14.885	FixedChartScale AUDUSD,M1: uninit reason 3
0	09:43:14.885	Price Pro Value Chart Profissional - PT-BR AUDUSD,M1: uninit reason 3
0	09:43:14.885	fadedbckgrnd2__1 EURJPY,M1: initialized
0	09:43:14.885	FixedChartScale EURJPY,M1: initialized
0	09:43:15.134	Price Pro Value Chart Profissional - PT-BR EURJPY,M1: initialized
0	09:43:15.181	Price Pro Value Chart Profissional - PT-BR EURJPY,M1: Alert: PRICE PRO RAFA  - EURJPY está acima do nível 5
0	09:43:34.669	fadedbckgrnd2__1 EURUSD,M1: uninit reason 7
0	09:43:34.669	FixedChartScale EURUSD,M1: uninit reason 7
0	09:43:34.669	Price Pro Value Chart Profissional - PT-BR EURUSD,M1: uninit reason 7
0	09:43:34.669	Custom indicator fadedbckgrnd2__1 EURUSD,M1: removed
0	09:43:34.669	Custom indicator FixedChartScale EURUSD,M1: removed
0	09:43:34.684	Custom indicator Price Pro Value Chart Profissional - PT-BR EURUSD,M1: removed
0	09:43:34.699	Custom indicator fadedbckgrnd2__1 EURUSD,M1: loaded successfully
0	09:43:34.699	Custom indicator FixedChartScale EURUSD,M1: loaded successfully
0	09:43:34.793	Custom indicator Price Pro Value Chart Profissional - PT-BR EURUSD,M1: loaded successfully
0	09:43:34.809	fadedbckgrnd2__1 EURUSD,M1: initialized
0	09:43:34.824	FixedChartScale EURUSD,M1: initialized
0	09:43:35.090	Price Pro Value Chart Profissional - PT-BR EURUSD,M1: initialized
0	09:43:41.842	fadedbckgrnd2__1 EURJPY,M1: uninit reason 7
0	09:43:41.842	FixedChartScale EURJPY,M1: uninit reason 7
0	09:43:41.842	Price Pro Value Chart Profissional - PT-BR EURJPY,M1: uninit reason 7
0	09:43:41.842	Custom indicator fadedbckgrnd2__1 EURJPY,M1: removed
0	09:43:41.842	Custom indicator FixedChartScale EURJPY,M1: removed
0	09:43:41.857	Custom indicator Price Pro Value Chart Profissional - PT-BR EURJPY,M1: removed
0	09:43:41.873	Custom indicator fadedbckgrnd2__1 EURJPY,M1: loaded successfully
0	09:43:41.873	Custom indicator FixedChartScale EURJPY,M1: loaded successfully
0	09:43:41.982	Custom indicator Price Pro Value Chart Profissional - PT-BR EURJPY,M1: loaded successfully
0	09:43:41.998	fadedbckgrnd2__1 EURJPY,M1: initialized
0	09:43:42.014	FixedChartScale EURJPY,M1: initialized
0	09:43:42.264	Price Pro Value Chart Profissional - PT-BR EURJPY,M1: initialized
0	09:44:52.105	Price Pro Value Chart Profissional - PT-BR EURUSD,M1: Alert: PRICE PRO RAFA  - EURUSD está abaixo do nível -7
0	09:45:01.146	Price Pro Value Chart Profissional - PT-BR EURUSD,M1: Alert: PRICE PRO RAFA  - EURUSD  - 1 M - CALL (compra)!
0	09:45:44.264	Price Pro Value Chart Profissional - PT-BR EURJPY,M1: Alert: PRICE PRO RAFA  - EURJPY está acima do nível 5
0	09:46:24.148	Price Pro Value Chart Profissional - PT-BR EURJPY,M1: Alert: PRICE PRO RAFA  - EURJPY está acima do nível 5
0	09:49:37.742	Price Pro Value Chart Profissional - PT-BR EURJPY,M1: Alert: PRICE PRO RAFA  - EURJPY está acima do nível 5
0	09:49:59.497	Price Pro Value Chart Profissional - PT-BR EURJPY,M1: PUT - Sinal enviado para Price Pro!
0	09:50:01.449	Price Pro Value Chart Profissional - PT-BR EURJPY,M1: Alert: PRICE PRO RAFA  - EURJPY  - 1 M - PUT (venda)!
0	10:01:42.162	Price Pro Value Chart Profissional - PT-BR GBPUSD,M1: Alert: PRICE PRO RAFA  - GBPUSD está abaixo do nível -5
0	10:02:01.149	Price Pro Value Chart Profissional - PT-BR GBPUSD,M1: Alert: PRICE PRO RAFA  - GBPUSD  - 1 M - CALL (compra)!
0	10:05:04.709	Price Pro Value Chart Profissional - PT-BR GBPUSD,M1: Alert: PRICE PRO RAFA  - GBPUSD está acima do nível 5
0	10:07:00.329	Price Pro Value Chart Profissional - PT-BR EURJPY,M1: Alert: PRICE PRO RAFA  - EURJPY está abaixo do nível -5
0	10:07:01.077	Price Pro Value Chart Profissional - PT-BR EURJPY,M1: Alert: PRICE PRO RAFA  - EURJPY  - 1 M - CALL (compra)!
0	10:09:15.963	Price Pro Value Chart Profissional - PT-BR GBPUSD,M1: Alert: PRICE PRO RAFA  - GBPUSD está acima do nível 5
0	10:10:01.022	Price Pro Value Chart Profissional - PT-BR GBPUSD,M1: Alert: PRICE PRO RAFA  - GBPUSD  - 1 M - PUT (venda)!
0	10:12:01.344	Price Pro Value Chart Profissional - PT-BR EURJPY,M1: Alert: PRICE PRO RAFA  - EURJPY está abaixo do nível -5
0	10:13:00.934	Price Pro Value Chart Profissional - PT-BR EURJPY,M1: Alert: PRICE PRO RAFA  - EURJPY  - 1 M - CALL (compra)!
0	10:15:00.689	Price Pro Value Chart Profissional - PT-BR GBPUSD,M1: Alert: PRICE PRO RAFA  - GBPUSD está abaixo do nível -5
0	10:15:00.987	Price Pro Value Chart Profissional - PT-BR GBPUSD,M1: Alert: PRICE PRO RAFA  - GBPUSD  - 1 M - CALL (compra)!
0	10:17:32.729	Price Pro Value Chart Profissional - PT-BR GBPUSD,M1: Alert: PRICE PRO RAFA  - GBPUSD está acima do nível 5
0	10:18:01.422	Price Pro Value Chart Profissional - PT-BR GBPUSD,M1: Alert: PRICE PRO RAFA  - GBPUSD  - 1 M - PUT (venda)!
0	10:19:51.892	Price Pro Value Chart Profissional - PT-BR EURJPY,M1: Alert: PRICE PRO RAFA  - EURJPY está abaixo do nível -5
0	10:19:59.157	Price Pro Value Chart Profissional - PT-BR EURJPY,M1: CALL - Sinal enviado para Price Pro!
0	10:20:01.046	Price Pro Value Chart Profissional - PT-BR EURJPY,M1: Alert: PRICE PRO RAFA  - EURJPY  - 1 M - CALL (compra)!
0	10:23:05.632	Price Pro Value Chart Profissional - PT-BR GBPUSD,M1: Alert: PRICE PRO RAFA  - GBPUSD está acima do nível 5
0	10:24:01.030	Price Pro Value Chart Profissional - PT-BR GBPUSD,M1: Alert: PRICE PRO RAFA  - GBPUSD  - 1 M - PUT (venda)!
0	10:30:08.942	Price Pro Value Chart Profissional - PT-BR GBPUSD,M1: Alert: PRICE PRO RAFA  - GBPUSD está abaixo do nível -5
0	10:31:01.022	Price Pro Value Chart Profissional - PT-BR GBPUSD,M1: Alert: PRICE PRO RAFA  - GBPUSD  - 1 M - CALL (compra)!
0	10:31:16.057	Price Pro Value Chart Profissional - PT-BR EURUSD,M1: Alert: PRICE PRO RAFA  - EURUSD está abaixo do nível -7
0	10:31:59.299	Price Pro Value Chart Profissional - PT-BR EURUSD,M1: CALL - Sinal enviado para Price Pro!
0	10:32:01.204	Price Pro Value Chart Profissional - PT-BR EURUSD,M1: Alert: PRICE PRO RAFA  - EURUSD  - 1 M - CALL (compra)!
0	10:37:54.117	Price Pro Value Chart Profissional - PT-BR GBPUSD,M1: Alert: PRICE PRO RAFA  - GBPUSD está acima do nível 5
0	10:38:01.358	Price Pro Value Chart Profissional - PT-BR GBPUSD,M1: Alert: PRICE PRO RAFA  - GBPUSD  - 1 M - PUT (venda)!
0	10:39:23.408	Price Pro Value Chart Profissional - PT-BR EURJPY,M1: Alert: PRICE PRO RAFA  - EURJPY está abaixo do nível -5
0	10:40:07.860	Price Pro Value Chart Profissional - PT-BR EURJPY,M1: Alert: PRICE PRO RAFA  - EURJPY está abaixo do nível -5
0	10:40:46.400	Price Pro Value Chart Profissional - PT-BR GBPUSD,M1: Alert: PRICE PRO RAFA  - GBPUSD está abaixo do nível -5
0	10:40:59.680	Price Pro Value Chart Profissional - PT-BR EURJPY,M1: CALL - Sinal enviado para Price Pro!
0	10:41:00.976	Price Pro Value Chart Profissional - PT-BR EURJPY,M1: Alert: PRICE PRO RAFA  - EURJPY  - 1 M - CALL (compra)!
0	10:41:01.272	Price Pro Value Chart Profissional - PT-BR GBPUSD,M1: Alert: PRICE PRO RAFA  - GBPUSD  - 1 M - CALL (compra)!
0	10:45:11.900	Price Pro Value Chart Profissional - PT-BR EURJPY,M1: Alert: PRICE PRO RAFA  - EURJPY está acima do nível 5
0	10:46:01.261	Price Pro Value Chart Profissional - PT-BR EURJPY,M1: Alert: PRICE PRO RAFA  - EURJPY está acima do nível 5
0	10:46:12.863	Price Pro Value Chart Profissional - PT-BR GBPUSD,M1: Alert: PRICE PRO RAFA  - GBPUSD está acima do nível 5
0	10:46:59.029	Price Pro Value Chart Profissional - PT-BR EURJPY,M1: PUT - Sinal enviado para Price Pro!
0	10:47:01.388	Price Pro Value Chart Profissional - PT-BR EURJPY,M1: Alert: PRICE PRO RAFA  - EURJPY  - 1 M - PUT (venda)!
0	10:47:02.197	Price Pro Value Chart Profissional - PT-BR EURUSD,M1: Alert: PRICE PRO RAFA  - EURUSD está acima do nível 7
0	10:52:56.522	Price Pro Value Chart Profissional - PT-BR GBPUSD,M1: Alert: PRICE PRO RAFA  - GBPUSD está abaixo do nível -5
0	10:53:01.036	Price Pro Value Chart Profissional - PT-BR GBPUSD,M1: Alert: PRICE PRO RAFA  - GBPUSD  - 1 M - CALL (compra)!
0	10:53:06.774	Price Pro Value Chart Profissional - PT-BR EURJPY,M1: Alert: PRICE PRO RAFA  - EURJPY está abaixo do nível -5
0	10:53:59.766	Price Pro Value Chart Profissional - PT-BR EURJPY,M1: CALL - Sinal enviado para Price Pro!
0	10:54:01.235	Price Pro Value Chart Profissional - PT-BR EURJPY,M1: Alert: PRICE PRO RAFA  - EURJPY  - 1 M - CALL (compra)!
0	10:59:23.751	Price Pro Value Chart Profissional - PT-BR GBPUSD,M1: Alert: PRICE PRO RAFA  - GBPUSD está abaixo do nível -5
0	11:00:01.567	Price Pro Value Chart Profissional - PT-BR GBPUSD,M1: Alert: PRICE PRO RAFA  - GBPUSD  - 1 M - CALL (compra)!
0	11:00:12.983	Price Pro Value Chart Profissional - PT-BR EURUSD,M1: Alert: PRICE PRO RAFA  - EURUSD está acima do nível 5
0	11:00:20.842	Price Pro Value Chart Profissional - PT-BR GBPUSD,M1: Alert: PRICE PRO RAFA  - GBPUSD está acima do nível 5
0	11:00:23.386	Price Pro Value Chart Profissional - PT-BR EURJPY,M1: Alert: PRICE PRO RAFA  - EURJPY está abaixo do nível -5
0	11:00:59.169	Price Pro Value Chart Profissional - PT-BR EURJPY,M1: CALL - Sinal enviado para Price Pro!
0	11:01:00.980	Price Pro Value Chart Profissional - PT-BR EURJPY,M1: Alert: PRICE PRO RAFA  - EURJPY  - 1 M - CALL (compra)!
0	11:01:03.838	Price Pro Value Chart Profissional - PT-BR EURUSD,M1: Alert: PRICE PRO RAFA  - EURUSD está abaixo do nível -5
0	11:02:01.299	Price Pro Value Chart Profissional - PT-BR EURUSD,M1: Alert: PRICE PRO RAFA  - EURUSD  - 1 M - CALL (compra)!
0	11:05:01.537	Price Pro Value Chart Profissional - PT-BR EURUSD,M1: Alert: PRICE PRO RAFA  - EURUSD está acima do nível 5
0	11:05:10.057	Price Pro Value Chart Profissional - PT-BR GBPUSD,M1: Alert: PRICE PRO RAFA  - GBPUSD está acima do nível 5
0	11:06:02.831	Price Pro Value Chart Profissional - PT-BR EURUSD,M1: Alert: PRICE PRO RAFA  - EURUSD está acima do nível 5
0	11:06:04.492	Price Pro Value Chart Profissional - PT-BR GBPUSD,M1: Alert: PRICE PRO RAFA  - GBPUSD está acima do nível 5
0	11:06:28.603	Price Pro Value Chart Profissional - PT-BR EURJPY,M1: Alert: PRICE PRO RAFA  - EURJPY está acima do nível 5
0	11:07:05.174	Price Pro Value Chart Profissional - PT-BR EURJPY,M1: Alert: PRICE PRO RAFA  - EURJPY  - 1 M - PUT (venda)!
0	11:07:22.963	Price Pro Value Chart Profissional - PT-BR EURUSD,M1: Alert: PRICE PRO RAFA  - EURUSD está acima do nível 5
0	11:07:27.202	Price Pro Value Chart Profissional - PT-BR GBPUSD,M1: Alert: PRICE PRO RAFA  - GBPUSD está acima do nível 5
0	11:08:06.254	Price Pro Value Chart Profissional - PT-BR EURUSD,M1: Alert: PRICE PRO RAFA  - EURUSD está acima do nível 5
0	11:08:06.368	Price Pro Value Chart Profissional - PT-BR GBPUSD,M1: Alert: PRICE PRO RAFA  - GBPUSD  - 1 M - PUT (venda)!
0	11:12:01.989	Price Pro Value Chart Profissional - PT-BR EURJPY,M1: Alert: PRICE PRO RAFA  - EURJPY está acima do nível 5
0	11:12:49.263	Price Pro Value Chart Profissional - PT-BR EURUSD,M1: Alert: PRICE PRO RAFA  - EURUSD está acima do nível 5
0	11:12:59.858	Price Pro Value Chart Profissional - PT-BR EURJPY,M1: PUT - Sinal enviado para Price Pro!
0	11:13:01.091	Price Pro Value Chart Profissional - PT-BR EURJPY,M1: Alert: PRICE PRO RAFA  - EURJPY  - 1 M - PUT (venda)!
0	11:13:03.843	Price Pro Value Chart Profissional - PT-BR EURUSD,M1: Alert: PRICE PRO RAFA  - EURUSD está acima do nível 5
0	11:13:05.774	Price Pro Value Chart Profissional - PT-BR GBPUSD,M1: Alert: PRICE PRO RAFA  - GBPUSD está acima do nível 5
0	11:15:27.592	Price Pro Value Chart Profissional - PT-BR EURUSD,M1: Alert: PRICE PRO RAFA  - EURUSD está acima do nível 5
0	11:19:53.431	Price Pro Value Chart Profissional - PT-BR EURUSD,M1: Alert: PRICE PRO RAFA  - EURUSD está abaixo do nível -5
0	11:19:56.796	Price Pro Value Chart Profissional - PT-BR GBPUSD,M1: Alert: PRICE PRO RAFA  - GBPUSD está abaixo do nível -5
0	11:20:09.997	Price Pro Value Chart Profissional - PT-BR EURUSD,M1: Alert: PRICE PRO RAFA  - EURUSD está abaixo do nível -5
0	11:20:10.610	Price Pro Value Chart Profissional - PT-BR EURJPY,M1: Alert: PRICE PRO RAFA  - EURJPY está abaixo do nível -5
0	11:20:16.579	Price Pro Value Chart Profissional - PT-BR GBPUSD,M1: Alert: PRICE PRO RAFA  - GBPUSD está abaixo do nível -5
0	11:20:59.378	Price Pro Value Chart Profissional - PT-BR EURJPY,M1: CALL - Sinal enviado para Price Pro!
0	11:21:01.284	Price Pro Value Chart Profissional - PT-BR EURJPY,M1: Alert: PRICE PRO RAFA  - EURJPY  - 1 M - CALL (compra)!
0	11:21:01.415	Price Pro Value Chart Profissional - PT-BR EURUSD,M1: Alert: PRICE PRO RAFA  - EURUSD  - 1 M - CALL (compra)!
0	11:23:00.466	Price Pro Value Chart Profissional - PT-BR GBPUSD,M1: Alert: PRICE PRO RAFA  - GBPUSD está acima do nível 5
0	11:23:01.328	Price Pro Value Chart Profissional - PT-BR GBPUSD,M1: Alert: PRICE PRO RAFA  - GBPUSD está acima do nível 5
0	11:24:01.103	Price Pro Value Chart Profissional - PT-BR GBPUSD,M1: Alert: PRICE PRO RAFA  - GBPUSD  - 1 M - PUT (venda)!
0	11:26:18.647	Price Pro Value Chart Profissional - PT-BR EURUSD,M1: Alert: PRICE PRO RAFA  - EURUSD está acima do nível 5
0	11:27:01.120	Price Pro Value Chart Profissional - PT-BR EURUSD,M1: Alert: PRICE PRO RAFA  - EURUSD  - 1 M - PUT (venda)!
0	11:29:25.065	Price Pro Value Chart Profissional - PT-BR GBPUSD,M1: Alert: PRICE PRO RAFA  - GBPUSD está acima do nível 5
0	11:30:01.187	Price Pro Value Chart Profissional - PT-BR GBPUSD,M1: Alert: PRICE PRO RAFA  - GBPUSD  - 1 M - PUT (venda)!
0	11:30:48.371	Price Pro Value Chart Profissional - PT-BR EURJPY,M1: Alert: PRICE PRO RAFA  - EURJPY está acima do nível 5
0	11:31:01.843	Price Pro Value Chart Profissional - PT-BR EURJPY,M1: Alert: PRICE PRO RAFA  - EURJPY está acima do nível 5
0	11:31:59.831	Price Pro Value Chart Profissional - PT-BR EURJPY,M1: PUT - Sinal enviado para Price Pro!
0	11:32:00.987	Price Pro Value Chart Profissional - PT-BR EURJPY,M1: Alert: PRICE PRO RAFA  - EURJPY  - 1 M - PUT (venda)!
0	11:38:17.907	Price Pro Value Chart Profissional - PT-BR GBPUSD,M1: Alert: PRICE PRO RAFA  - GBPUSD está abaixo do nível -5
0	11:39:01.306	Price Pro Value Chart Profissional - PT-BR GBPUSD,M1: Alert: PRICE PRO RAFA  - GBPUSD está abaixo do nível -5
0	11:39:13.913	Price Pro Value Chart Profissional - PT-BR EURJPY,M1: Alert: PRICE PRO RAFA  - EURJPY está acima do nível 5
0	11:40:01.495	Price Pro Value Chart Profissional - PT-BR GBPUSD,M1: Alert: PRICE PRO RAFA  - GBPUSD  - 1 M - CALL (compra)!
0	11:40:14.046	Price Pro Value Chart Profissional - PT-BR EURJPY,M1: Alert: PRICE PRO RAFA  - EURJPY está acima do nível 5
0	11:40:14.532	Price Pro Value Chart Profissional - PT-BR EURUSD,M1: Alert: PRICE PRO RAFA  - EURUSD está acima do nível 5
0	11:41:05.170	Price Pro Value Chart Profissional - PT-BR EURUSD,M1: Alert: PRICE PRO RAFA  - EURUSD está acima do nível 5
0	11:41:18.919	Price Pro Value Chart Profissional - PT-BR GBPUSD,M1: Alert: PRICE PRO RAFA  - GBPUSD está acima do nível 5
0	11:41:38.944	Price Pro Value Chart Profissional - PT-BR EURJPY,M1: Alert: PRICE PRO RAFA  - EURJPY está acima do nível 5
0	11:42:01.145	Price Pro Value Chart Profissional - PT-BR EURUSD,M1: Alert: PRICE PRO RAFA  - EURUSD  - 1 M - PUT (venda)!
0	11:42:01.163	Price Pro Value Chart Profissional - PT-BR GBPUSD,M1: Alert: PRICE PRO RAFA  - GBPUSD  - 1 M - PUT (venda)!
0	11:42:17.527	Price Pro Value Chart Profissional - PT-BR EURJPY,M1: Alert: PRICE PRO RAFA  - EURJPY está acima do nível 5
0	11:43:08.720	Price Pro Value Chart Profissional - PT-BR EURJPY,M1: Alert: PRICE PRO RAFA  - EURJPY está acima do nível 5
0	11:44:42.306	Price Pro Value Chart Profissional - PT-BR EURJPY,M1: Alert: PRICE PRO RAFA  - EURJPY está acima do nível 5
0	11:45:35.440	Price Pro Value Chart Profissional - PT-BR GBPUSD,M1: Alert: PRICE PRO RAFA  - GBPUSD está abaixo do nível -5
0	11:46:10.798	Price Pro Value Chart Profissional - PT-BR GBPUSD,M1: Alert: PRICE PRO RAFA  - GBPUSD está abaixo do nível -5
0	11:46:59.047	Price Pro Value Chart Profissional - PT-BR GBPUSD,M1: CALL - Sinal enviado para Price Pro!
0	11:47:49.004	Price Pro Value Chart Profissional - PT-BR EURUSD,M1: Alert: PRICE PRO RAFA  - EURUSD está acima do nível 5
0	11:48:01.208	Price Pro Value Chart Profissional - PT-BR EURUSD,M1: Alert: PRICE PRO RAFA  - EURUSD  - 1 M - PUT (venda)!
0	11:49:23.207	Price Pro Value Chart Profissional - PT-BR EURJPY,M1: Alert: PRICE PRO RAFA  - EURJPY está acima do nível 5
0	11:50:01.244	Price Pro Value Chart Profissional - PT-BR EURJPY,M1: Alert: PRICE PRO RAFA  - EURJPY  - 1 M - PUT (venda)!
0	11:50:18.978	Price Pro Value Chart Profissional - PT-BR GBPUSD,M1: Alert: PRICE PRO RAFA  - GBPUSD está acima do nível 5
0	11:50:59.341	Price Pro Value Chart Profissional - PT-BR GBPUSD,M1: PUT - Sinal enviado para Price Pro!
0	11:51:01.513	Price Pro Value Chart Profissional - PT-BR GBPUSD,M1: Alert: PRICE PRO RAFA  - GBPUSD  - 1 M - PUT (venda)!
0	11:54:01.238	Price Pro Value Chart Profissional - PT-BR EURUSD,M1: Alert: PRICE PRO RAFA  - EURUSD está acima do nível 5
0	11:55:01.105	Price Pro Value Chart Profissional - PT-BR EURUSD,M1: Alert: PRICE PRO RAFA  - EURUSD  - 1 M - PUT (venda)!
0	12:02:11.436	Price Pro Value Chart Profissional - PT-BR GBPUSD,M1: Alert: PRICE PRO RAFA  - GBPUSD está abaixo do nível -5
0	12:02:50.503	Price Pro Value Chart Profissional - PT-BR EURUSD,M1: Alert: PRICE PRO RAFA  - EURUSD está abaixo do nível -5
0	12:02:59.142	Price Pro Value Chart Profissional - PT-BR GBPUSD,M1: CALL - Sinal enviado para Price Pro!
0	12:03:01.033	Price Pro Value Chart Profissional - PT-BR EURUSD,M1: Alert: PRICE PRO RAFA  - EURUSD  - 1 M - CALL (compra)!
0	12:03:01.079	Price Pro Value Chart Profissional - PT-BR GBPUSD,M1: Alert: PRICE PRO RAFA  - GBPUSD  - 1 M - CALL (compra)!
0	12:08:50.782	Price Pro Value Chart Profissional - PT-BR GBPUSD,M1: Alert: PRICE PRO RAFA  - GBPUSD está abaixo do nível -5
0	12:12:01.653	Price Pro Value Chart Profissional - PT-BR EURUSD,M1: Alert: PRICE PRO RAFA  - EURUSD está acima do nível 5
0	12:12:04.409	Price Pro Value Chart Profissional - PT-BR GBPUSD,M1: Alert: PRICE PRO RAFA  - GBPUSD está acima do nível 5
0	12:12:59.794	Price Pro Value Chart Profissional - PT-BR GBPUSD,M1: PUT - Sinal enviado para Price Pro!
0	12:13:01.715	Price Pro Value Chart Profissional - PT-BR GBPUSD,M1: Alert: PRICE PRO RAFA  - GBPUSD  - 1 M - PUT (venda)!
0	12:13:02.530	Price Pro Value Chart Profissional - PT-BR EURUSD,M1: Alert: PRICE PRO RAFA  - EURUSD  - 1 M - PUT (venda)!
0	12:14:57.917	Price Pro Value Chart Profissional - PT-BR EURJPY,M1: Alert: PRICE PRO RAFA  - EURJPY está abaixo do nível -6
0	12:18:08.348	Price Pro Value Chart Profissional - PT-BR EURUSD,M1: Alert: PRICE PRO RAFA  - EURUSD está acima do nível 5
0	12:19:36.525	Price Pro Value Chart Profissional - PT-BR EURUSD,M1: Alert: PRICE PRO RAFA  - EURUSD está acima do nível 5
0	12:20:01.199	Price Pro Value Chart Profissional - PT-BR EURUSD,M1: Alert: PRICE PRO RAFA  - EURUSD  - 1 M - PUT (venda)!
0	12:21:12.306	Price Pro Value Chart Profissional - PT-BR EURJPY,M1: Alert: PRICE PRO RAFA  - EURJPY está acima do nível 6
0	12:23:25.065	Price Pro Value Chart Profissional - PT-BR EURJPY,M1: Alert: PRICE PRO RAFA  - EURJPY está acima do nível 6
0	12:23:37.925	Price Pro Value Chart Profissional - PT-BR GBPUSD,M1: Alert: PRICE PRO RAFA  - GBPUSD está abaixo do nível -5
0	12:24:01.114	Price Pro Value Chart Profissional - PT-BR GBPUSD,M1: Alert: PRICE PRO RAFA  - GBPUSD  - 1 M - CALL (compra)!
0	12:24:50.856	Price Pro Value Chart Profissional - PT-BR EURJPY,M1: Alert: PRICE PRO RAFA  - EURJPY está acima do nível 6
0	12:25:02.169	Price Pro Value Chart Profissional - PT-BR EURJPY,M1: Alert: PRICE PRO RAFA  - EURJPY está acima do nível 6
0	12:25:09.326	Price Pro Value Chart Profissional - PT-BR EURUSD,M1: Alert: PRICE PRO RAFA  - EURUSD está abaixo do nível -5
0	12:25:59.662	Price Pro Value Chart Profissional - PT-BR EURJPY,M1: PUT - Sinal enviado para Price Pro!
0	12:26:01.224	Price Pro Value Chart Profissional - PT-BR EURJPY,M1: Alert: PRICE PRO RAFA  - EURJPY  - 1 M - PUT (venda)!
0	12:26:02.656	Price Pro Value Chart Profissional - PT-BR EURUSD,M1: Alert: PRICE PRO RAFA  - EURUSD está abaixo do nível -5
0	12:27:01.073	Price Pro Value Chart Profissional - PT-BR EURUSD,M1: Alert: PRICE PRO RAFA  - EURUSD  - 1 M - CALL (compra)!
0	12:29:20.905	Price Pro Value Chart Profissional - PT-BR GBPUSD,M1: Alert: PRICE PRO RAFA  - GBPUSD está abaixo do nível -5
0	12:30:01.105	Price Pro Value Chart Profissional - PT-BR GBPUSD,M1: Alert: PRICE PRO RAFA  - GBPUSD  - 1 M - CALL (compra)!
0	12:31:20.340	Price Pro Value Chart Profissional - PT-BR GBPUSD,M1: Alert: PRICE PRO RAFA  - GBPUSD está acima do nível 5
0	12:34:51.439	Price Pro Value Chart Profissional - PT-BR EURJPY,M1: Alert: PRICE PRO RAFA  - EURJPY está acima do nível 6
0	12:35:01.202	Price Pro Value Chart Profissional - PT-BR EURJPY,M1: Alert: PRICE PRO RAFA  - EURJPY  - 1 M - PUT (venda)!
0	12:36:56.113	Price Pro Value Chart Profissional - PT-BR EURUSD,M1: Alert: PRICE PRO RAFA  - EURUSD está abaixo do nível -5
0	12:36:57.304	Price Pro Value Chart Profissional - PT-BR GBPUSD,M1: Alert: PRICE PRO RAFA  - GBPUSD está abaixo do nível -5
0	12:37:01.414	Price Pro Value Chart Profissional - PT-BR GBPUSD,M1: Alert: PRICE PRO RAFA  - GBPUSD  - 1 M - CALL (compra)!
0	12:37:04.077	Price Pro Value Chart Profissional - PT-BR EURUSD,M1: Alert: PRICE PRO RAFA  - EURUSD está abaixo do nível -5
0	12:38:01.140	Price Pro Value Chart Profissional - PT-BR EURUSD,M1: Alert: PRICE PRO RAFA  - EURUSD  - 1 M - CALL (compra)!
0	12:42:30.554	Price Pro Value Chart Profissional - PT-BR GBPUSD,M1: Alert: PRICE PRO RAFA  - GBPUSD está abaixo do nível -5
0	12:42:59.051	Price Pro Value Chart Profissional - PT-BR GBPUSD,M1: CALL - Sinal enviado para Price Pro!
0	12:43:02.659	Price Pro Value Chart Profissional - PT-BR GBPUSD,M1: Alert: PRICE PRO RAFA  - GBPUSD  - 1 M - CALL (compra)!
0	12:45:49.584	Price Pro Value Chart Profissional - PT-BR GBPUSD,M1: Alert: PRICE PRO RAFA  - GBPUSD está acima do nível 5
0	12:47:02.721	Price Pro Value Chart Profissional - PT-BR GBPUSD,M1: Alert: PRICE PRO RAFA  - GBPUSD está acima do nível 5
0	12:48:01.882	Price Pro Value Chart Profissional - PT-BR GBPUSD,M1: Alert: PRICE PRO RAFA  - GBPUSD  - 1 M - PUT (venda)!
0	12:53:55.811	Price Pro Value Chart Profissional - PT-BR GBPUSD,M1: Alert: PRICE PRO RAFA  - GBPUSD está abaixo do nível -5
0	12:54:02.897	Price Pro Value Chart Profissional - PT-BR GBPUSD,M1: Alert: PRICE PRO RAFA  - GBPUSD está abaixo do nível -5
0	12:54:19.997	Price Pro Value Chart Profissional - PT-BR EURUSD,M1: Alert: PRICE PRO RAFA  - EURUSD está acima do nível 5
0	12:55:02.134	Price Pro Value Chart Profissional - PT-BR EURUSD,M1: Alert: PRICE PRO RAFA  - EURUSD  - 1 M - PUT (venda)!
0	12:55:55.142	Price Pro Value Chart Profissional - PT-BR GBPUSD,M1: Alert: PRICE PRO RAFA  - GBPUSD está acima do nível 5
0	12:56:01.255	Price Pro Value Chart Profissional - PT-BR GBPUSD,M1: Alert: PRICE PRO RAFA  - GBPUSD  - 1 M - PUT (venda)!
0	13:00:02.339	Price Pro Value Chart Profissional - PT-BR EURJPY,M1: Alert: PRICE PRO RAFA  - EURJPY está abaixo do nível -5
0	13:00:11.476	Price Pro Value Chart Profissional - PT-BR GBPUSD,M1: Alert: PRICE PRO RAFA  - GBPUSD está acima do nível 10
0	13:01:19.569	Price Pro Value Chart Profissional - PT-BR EURJPY,M1: Alert: PRICE PRO RAFA  - EURJPY está abaixo do nível -7
0	13:01:59.422	Price Pro Value Chart Profissional - PT-BR EURJPY,M1: CALL - Sinal enviado para Price Pro!
0	13:02:01.515	Price Pro Value Chart Profissional - PT-BR EURJPY,M1: Alert: PRICE PRO RAFA  - EURJPY  - 1 M - CALL (compra)!
0	13:07:40.533	Price Pro Value Chart Profissional - PT-BR EURJPY,M1: Alert: PRICE PRO RAFA  - EURJPY está abaixo do nível -7
0	13:08:01.188	Price Pro Value Chart Profissional - PT-BR EURJPY,M1: Alert: PRICE PRO RAFA  - EURJPY  - 1 M - CALL (compra)!
0	13:08:52.545	Price Pro Value Chart Profissional - PT-BR GBPUSD,M1: Alert: PRICE PRO RAFA  - GBPUSD está abaixo do nível -6
0	13:09:01.748	Price Pro Value Chart Profissional - PT-BR GBPUSD,M1: Alert: PRICE PRO RAFA  - GBPUSD  - 1 M - CALL (compra)!
0	13:16:00.022	Price Pro Value Chart Profissional - PT-BR EURUSD,M1: uninit reason 5
0	13:16:00.146	Price Pro Value Chart Profissional - PT-BR EURUSD,M1: initialized
0	13:16:36.946	fadedbckgrnd2__1 EURUSD,M1: uninit reason 7
0	13:16:36.946	FixedChartScale EURUSD,M1: uninit reason 7
0	13:16:36.946	Price Pro Value Chart Profissional - PT-BR EURUSD,M1: uninit reason 7
0	13:16:36.946	Custom indicator fadedbckgrnd2__1 EURUSD,M1: removed
0	13:16:36.962	Custom indicator FixedChartScale EURUSD,M1: removed
0	13:16:36.962	Custom indicator Price Pro Value Chart Profissional - PT-BR EURUSD,M1: removed
0	13:16:36.977	Custom indicator fadedbckgrnd2__1 EURUSD,M1: loaded successfully
0	13:16:36.977	Custom indicator FixedChartScale EURUSD,M1: loaded successfully
0	13:16:37.087	Custom indicator Price Pro Value Chart Profissional - PT-BR EURUSD,M1: loaded successfully
0	13:16:37.102	fadedbckgrnd2__1 EURUSD,M1: initialized
0	13:16:37.102	FixedChartScale EURUSD,M1: initialized
0	13:16:37.431	Price Pro Value Chart Profissional - PT-BR EURUSD,M1: initialized
0	13:17:06.184	fadedbckgrnd2__1 EURJPY,M1: uninit reason 7
0	13:17:06.184	FixedChartScale EURJPY,M1: uninit reason 7
0	13:17:06.184	Price Pro Value Chart Profissional - PT-BR EURJPY,M1: uninit reason 7
0	13:17:06.184	Custom indicator fadedbckgrnd2__1 EURJPY,M1: removed
0	13:17:06.184	Custom indicator FixedChartScale EURJPY,M1: removed
0	13:17:06.199	Custom indicator Price Pro Value Chart Profissional - PT-BR EURJPY,M1: removed
0	13:17:06.199	Custom indicator fadedbckgrnd2__1 EURJPY,M1: loaded successfully
0	13:17:06.215	Custom indicator FixedChartScale EURJPY,M1: loaded successfully
0	13:17:06.309	Custom indicator Price Pro Value Chart Profissional - PT-BR EURJPY,M1: loaded successfully
0	13:17:06.324	fadedbckgrnd2__1 EURJPY,M1: initialized
0	13:17:06.340	FixedChartScale EURJPY,M1: initialized
0	13:17:06.559	Price Pro Value Chart Profissional - PT-BR EURJPY,M1: initialized
0	13:17:13.719	fadedbckgrnd2__1 GBPUSD,M1: uninit reason 7
0	13:17:13.719	FixedChartScale GBPUSD,M1: uninit reason 7
0	13:17:13.719	Price Pro Value Chart Profissional - PT-BR GBPUSD,M1: uninit reason 7
0	13:17:13.719	Custom indicator fadedbckgrnd2__1 GBPUSD,M1: removed
0	13:17:13.719	Custom indicator FixedChartScale GBPUSD,M1: removed
0	13:17:13.734	Custom indicator Price Pro Value Chart Profissional - PT-BR GBPUSD,M1: removed
0	13:17:13.749	Custom indicator fadedbckgrnd2__1 GBPUSD,M1: loaded successfully
0	13:17:13.749	Custom indicator FixedChartScale GBPUSD,M1: loaded successfully
0	13:17:13.843	Custom indicator Price Pro Value Chart Profissional - PT-BR GBPUSD,M1: loaded successfully
0	13:17:13.858	fadedbckgrnd2__1 GBPUSD,M1: initialized
0	13:17:13.874	FixedChartScale GBPUSD,M1: initialized
0	13:17:14.124	Price Pro Value Chart Profissional - PT-BR GBPUSD,M1: initialized
0	13:17:14.155	Price Pro Value Chart Profissional - PT-BR GBPUSD,M1: Alert: PRICE PRO RAFA  - GBPUSD  - 1 M - CALL (compra)!
0	13:17:17.387	Price Pro Value Chart Profissional - PT-BR GBPUSD,M1: Alert: PRICE PRO RAFA  - GBPUSD está abaixo do nível -6
0	13:20:10.304	fadedbckgrnd2__1 EURJPY,M1: uninit reason 3
0	13:20:10.304	FixedChartScale EURJPY,M1: uninit reason 3
0	13:20:10.304	Price Pro Value Chart Profissional - PT-BR EURJPY,M1: uninit reason 3
0	13:20:10.304	fadedbckgrnd2__1 EURGBP,M1: initialized
0	13:20:10.304	FixedChartScale EURGBP,M1: initialized
0	13:20:10.398	Price Pro Value Chart Profissional - PT-BR EURGBP,M1: initialized
0	13:20:47.441	fadedbckgrnd2__1 EURGBP,M1: uninit reason 3
0	13:20:47.441	FixedChartScale EURGBP,M1: uninit reason 3
0	13:20:47.441	Price Pro Value Chart Profissional - PT-BR EURGBP,M1: uninit reason 3
0	13:20:47.441	fadedbckgrnd2__1 USDJPY,M1: initialized
0	13:20:47.441	FixedChartScale USDJPY,M1: initialized
0	13:20:47.566	Price Pro Value Chart Profissional - PT-BR USDJPY,M1: initialized
0	13:20:49.617	Price Pro Value Chart Profissional - PT-BR USDJPY,M1: Alert: PRICE PRO RAFA  - USDJPY  - 1 M - PUT (venda)!
0	13:20:49.852	Price Pro Value Chart Profissional - PT-BR USDJPY,M1: Alert: PRICE PRO RAFA  - USDJPY está acima do nível 5
0	13:21:21.193	fadedbckgrnd2__1 USDJPY,M1: uninit reason 3
0	13:21:21.193	FixedChartScale USDJPY,M1: uninit reason 3
0	13:21:21.193	Price Pro Value Chart Profissional - PT-BR USDJPY,M1: uninit reason 3
0	13:21:21.193	fadedbckgrnd2__1 EURGBP,M1: initialized
0	13:21:21.193	FixedChartScale EURGBP,M1: initialized
0	13:21:21.287	Price Pro Value Chart Profissional - PT-BR EURGBP,M1: initialized
0	13:22:01.757	Price Pro Value Chart Profissional - PT-BR EURUSD,M1: Alert: PRICE PRO RAFA  - EURUSD está abaixo do nível -9
0	13:22:01.778	Price Pro Value Chart Profissional - PT-BR GBPUSD,M1: Alert: PRICE PRO RAFA  - GBPUSD está abaixo do nível -8
0	13:22:03.444	Price Pro Value Chart Profissional - PT-BR EURGBP,M1: Alert: PRICE PRO RAFA  - EURGBP está abaixo do nível -8
0	13:22:59.349	Price Pro Value Chart Profissional - PT-BR GBPUSD,M1: CALL - Sinal enviado para Price Pro!
0	13:22:59.349	Price Pro Value Chart Profissional - PT-BR EURGBP,M1: CALL - Sinal enviado para Price Pro!
0	13:22:59.661	Price Pro Value Chart Profissional - PT-BR EURUSD,M1: CALL - Sinal enviado para Price Pro!
0	13:23:00.957	Price Pro Value Chart Profissional - PT-BR GBPUSD,M1: Alert: PRICE PRO RAFA  - GBPUSD  - 1 M - CALL (compra)!
0	13:23:01.041	Price Pro Value Chart Profissional - PT-BR EURGBP,M1: Alert: PRICE PRO RAFA  - EURGBP  - 1 M - CALL (compra)!
0	13:23:01.197	Price Pro Value Chart Profissional - PT-BR EURUSD,M1: Alert: PRICE PRO RAFA  - EURUSD  - 1 M - CALL (compra)!
0	13:26:07.651	Price Pro Value Chart Profissional - PT-BR EURUSD,M1: uninit reason 5
0	13:26:07.772	Price Pro Value Chart Profissional - PT-BR EURUSD,M1: initialized
0	13:26:13.831	Custom indicator 2Trend EURUSD,M1: loaded successfully
0	13:26:16.060	2Trend EURUSD,M1: initialized
0	13:26:48.385	fadedbckgrnd2__1 EURGBP,M1: uninit reason 7
0	13:26:48.385	FixedChartScale EURGBP,M1: uninit reason 7
0	13:26:48.385	Price Pro Value Chart Profissional - PT-BR EURGBP,M1: uninit reason 7
0	13:26:48.385	Custom indicator fadedbckgrnd2__1 EURGBP,M1: removed
0	13:26:48.385	Custom indicator FixedChartScale EURGBP,M1: removed
0	13:26:48.401	Custom indicator Price Pro Value Chart Profissional - PT-BR EURGBP,M1: removed
0	13:26:48.401	Custom indicator fadedbckgrnd2__1 EURGBP,M1: loaded successfully
0	13:26:48.417	Custom indicator FixedChartScale EURGBP,M1: loaded successfully
0	13:26:48.510	Custom indicator Price Pro Value Chart Profissional - PT-BR EURGBP,M1: loaded successfully
0	13:26:48.526	Custom indicator 2Trend EURGBP,M1: loaded successfully
0	13:26:48.526	fadedbckgrnd2__1 EURGBP,M1: initialized
0	13:26:48.542	FixedChartScale EURGBP,M1: initialized
0	13:26:48.776	Price Pro Value Chart Profissional - PT-BR EURGBP,M1: initialized
0	13:26:48.792	2Trend EURGBP,M1: initialized
0	13:27:12.221	fadedbckgrnd2__1 GBPUSD,M1: uninit reason 7
0	13:27:12.221	FixedChartScale GBPUSD,M1: uninit reason 7
0	13:27:12.221	Price Pro Value Chart Profissional - PT-BR GBPUSD,M1: uninit reason 7
0	13:27:12.221	Custom indicator fadedbckgrnd2__1 GBPUSD,M1: removed
0	13:27:12.221	Custom indicator FixedChartScale GBPUSD,M1: removed
0	13:27:12.237	Custom indicator Price Pro Value Chart Profissional - PT-BR GBPUSD,M1: removed
0	13:27:12.252	Custom indicator fadedbckgrnd2__1 GBPUSD,M1: loaded successfully
0	13:27:12.252	Custom indicator FixedChartScale GBPUSD,M1: loaded successfully
0	13:27:12.346	Custom indicator Price Pro Value Chart Profissional - PT-BR GBPUSD,M1: loaded successfully
0	13:27:12.362	Custom indicator 2Trend GBPUSD,M1: loaded successfully
0	13:27:12.377	fadedbckgrnd2__1 GBPUSD,M1: initialized
0	13:27:12.377	FixedChartScale GBPUSD,M1: initialized
0	13:27:12.705	Price Pro Value Chart Profissional - PT-BR GBPUSD,M1: initialized
0	13:27:12.721	2Trend GBPUSD,M1: initialized
0	13:29:55.414	2Trend GBPUSD,M1: uninit reason 1
0	13:29:55.414	Custom indicator 2Trend GBPUSD,M1: removed
0	13:30:42.913	Price Pro Value Chart Profissional - PT-BR GBPUSD,M1: uninit reason 5
0	13:30:43.030	Price Pro Value Chart Profissional - PT-BR GBPUSD,M1: initialized
0	13:31:42.360	Price Pro Value Chart Profissional - PT-BR GBPUSD,M1: uninit reason 5
0	13:31:42.499	Price Pro Value Chart Profissional - PT-BR GBPUSD,M1: initialized
0	13:31:52.600	fadedbckgrnd2__1 GBPUSD,M1: uninit reason 3
0	13:31:52.600	FixedChartScale GBPUSD,M1: uninit reason 3
0	13:31:52.600	Price Pro Value Chart Profissional - PT-BR GBPUSD,M1: uninit reason 3
0	13:31:52.600	fadedbckgrnd2__1 GBPUSD,M5: initialized
0	13:31:52.600	FixedChartScale GBPUSD,M5: initialized
0	13:31:52.600	Price Pro Value Chart Profissional - PT-BR GBPUSD,M5: Alert: Tempo de expiração: 1 M, menor que TimeFrame: M5, afeta backtest
0	13:31:52.695	Price Pro Value Chart Profissional - PT-BR GBPUSD,M5: initialized
0	13:31:56.619	fadedbckgrnd2__1 EURGBP,M1: uninit reason 3
0	13:31:56.619	FixedChartScale EURGBP,M1: uninit reason 3
0	13:31:56.619	Price Pro Value Chart Profissional - PT-BR EURGBP,M1: uninit reason 3
0	13:31:56.635	2Trend EURGBP,M1: uninit reason 3
0	13:31:56.635	fadedbckgrnd2__1 EURGBP,M5: initialized
0	13:31:56.635	FixedChartScale EURGBP,M5: initialized
0	13:31:56.635	Price Pro Value Chart Profissional - PT-BR EURGBP,M5: Alert: Tempo de expiração: 1 M, menor que TimeFrame: M5, afeta backtest
0	13:31:56.697	Price Pro Value Chart Profissional - PT-BR EURGBP,M5: initialized
0	13:31:56.697	2Trend EURGBP,M5: initialized
0	13:32:00.917	fadedbckgrnd2__1 EURUSD,M1: uninit reason 3
0	13:32:00.917	FixedChartScale EURUSD,M1: uninit reason 3
0	13:32:00.917	Price Pro Value Chart Profissional - PT-BR EURUSD,M1: uninit reason 3
0	13:32:00.917	2Trend EURUSD,M1: uninit reason 3
0	13:32:00.932	fadedbckgrnd2__1 EURUSD,M5: initialized
0	13:32:00.932	FixedChartScale EURUSD,M5: initialized
0	13:32:00.932	Price Pro Value Chart Profissional - PT-BR EURUSD,M5: Alert: Tempo de expiração: 1 M, menor que TimeFrame: M5, afeta backtest
0	13:32:00.979	Price Pro Value Chart Profissional - PT-BR EURUSD,M5: initialized
0	13:32:00.979	2Trend EURUSD,M5: initialized
0	13:32:01.068	Price Pro Value Chart Profissional - PT-BR EURGBP,M5: Alert: PRICE PRO RAFA  - EURGBP  - 1 M - CALL (compra)!
0	13:32:05.498	fadedbckgrnd2__1 EURUSD,M5: uninit reason 7
0	13:32:05.498	FixedChartScale EURUSD,M5: uninit reason 7
0	13:32:05.498	Price Pro Value Chart Profissional - PT-BR EURUSD,M5: uninit reason 7
0	13:32:05.498	2Trend EURUSD,M5: uninit reason 7
0	13:32:05.498	Custom indicator fadedbckgrnd2__1 EURUSD,M5: removed
0	13:32:05.514	Custom indicator FixedChartScale EURUSD,M5: removed
0	13:32:05.514	Custom indicator Price Pro Value Chart Profissional - PT-BR EURUSD,M5: removed
0	13:32:05.514	Custom indicator 2Trend EURUSD,M5: removed
0	13:32:05.529	Custom indicator fadedbckgrnd2__1 EURUSD,M5: loaded successfully
0	13:32:05.545	Custom indicator FixedChartScale EURUSD,M5: loaded successfully
0	13:32:05.639	Custom indicator Price Pro Value Chart Profissional - PT-BR EURUSD,M5: loaded successfully
0	13:32:05.654	fadedbckgrnd2__1 EURUSD,M5: initialized
0	13:32:05.654	FixedChartScale EURUSD,M5: initialized
0	13:32:05.842	Price Pro Value Chart Profissional - PT-BR EURUSD,M5: initialized
0	13:32:18.539	Custom indicator 2Trend EURUSD,M5: loaded successfully
0	13:32:26.901	2Trend EURUSD,M5: initialized
0	13:32:51.307	Price Pro Value Chart Profissional - PT-BR EURUSD,M5: uninit reason 5
0	13:32:51.307	Price Pro Value Chart Profissional - PT-BR EURUSD,M5: ButtonDelete: Failed to delete the button! Error code = 4202
0	13:32:51.451	Price Pro Value Chart Profissional - PT-BR EURUSD,M5: initialized
0	13:33:45.430	fadedbckgrnd2__1 EURGBP,M5: uninit reason 7
0	13:33:45.430	FixedChartScale EURGBP,M5: uninit reason 7
0	13:33:45.430	Price Pro Value Chart Profissional - PT-BR EURGBP,M5: uninit reason 7
0	13:33:45.430	2Trend EURGBP,M5: uninit reason 7
0	13:33:45.430	Custom indicator fadedbckgrnd2__1 EURGBP,M5: removed
0	13:33:45.430	Custom indicator FixedChartScale EURGBP,M5: removed
0	13:33:45.445	Custom indicator Price Pro Value Chart Profissional - PT-BR EURGBP,M5: removed
0	13:33:45.445	Custom indicator 2Trend EURGBP,M5: removed
0	13:33:45.461	Custom indicator fadedbckgrnd2__1 EURGBP,M5: loaded successfully
0	13:33:45.461	Custom indicator FixedChartScale EURGBP,M5: loaded successfully
0	13:33:45.570	Custom indicator Price Pro Value Chart Profissional - PT-BR EURGBP,M5: loaded successfully
0	13:33:45.586	Custom indicator 2Trend EURGBP,M5: loaded successfully
0	13:33:45.601	fadedbckgrnd2__1 EURGBP,M5: initialized
0	13:33:45.617	FixedChartScale EURGBP,M5: initialized
0	13:33:45.851	Price Pro Value Chart Profissional - PT-BR EURGBP,M5: initialized
0	13:33:45.867	2Trend EURGBP,M5: initialized
0	13:33:49.909	Price Pro Value Chart Profissional - PT-BR EURGBP,M5: Alert: PRICE PRO RAFA  - EURGBP  - 5 M - CALL (compra)!
0	13:33:50.762	Price Pro Value Chart Profissional - PT-BR EURGBP,M5: Alert: PRICE PRO RAFA  - EURGBP está abaixo do nível -8
0	13:33:53.032	fadedbckgrnd2__1 GBPUSD,M5: uninit reason 7
0	13:33:53.032	FixedChartScale GBPUSD,M5: uninit reason 7
0	13:33:53.032	Price Pro Value Chart Profissional - PT-BR GBPUSD,M5: uninit reason 7
0	13:33:53.032	Custom indicator fadedbckgrnd2__1 GBPUSD,M5: removed
0	13:33:53.047	Custom indicator FixedChartScale GBPUSD,M5: removed
0	13:33:53.047	Custom indicator Price Pro Value Chart Profissional - PT-BR GBPUSD,M5: removed
0	13:33:53.063	Custom indicator fadedbckgrnd2__1 GBPUSD,M5: loaded successfully
0	13:33:53.063	Custom indicator FixedChartScale GBPUSD,M5: loaded successfully
0	13:33:53.172	Custom indicator Price Pro Value Chart Profissional - PT-BR GBPUSD,M5: loaded successfully
0	13:33:53.188	Custom indicator 2Trend GBPUSD,M5: loaded successfully
0	13:33:53.188	fadedbckgrnd2__1 GBPUSD,M5: initialized
0	13:33:53.204	FixedChartScale GBPUSD,M5: initialized
0	13:33:53.454	Price Pro Value Chart Profissional - PT-BR GBPUSD,M5: initialized
0	13:33:53.469	2Trend GBPUSD,M5: initialized
0	13:38:07.588	Custom indicator 2Trend EURUSD,M5: loaded successfully
0	13:38:17.054	2Trend EURUSD,M5: initialized
0	13:38:26.627	2Trend EURUSD,M5: uninit reason 5
0	13:38:26.652	2Trend EURUSD,M5: initialized
0	13:41:48.386	Custom indicator Trend direction & force index eMOD EURUSD,M5: loaded successfully
0	13:41:57.642	Trend direction & force index eMOD EURUSD,M5: initialized
0	13:42:04.939	Trend direction & force index eMOD EURUSD,M5: uninit reason 1
0	13:42:04.939	Custom indicator Trend direction & force index eMOD EURUSD,M5: removed
0	13:42:08.028	2Trend EURUSD,M5: uninit reason 1
0	13:42:08.028	Custom indicator 2Trend EURUSD,M5: removed
0	13:42:09.618	2Trend EURUSD,M5: uninit reason 1
0	13:42:09.618	Custom indicator 2Trend EURUSD,M5: removed
0	13:42:28.518	Price Pro Value Chart Profissional - PT-BR EURUSD,M5: uninit reason 5
0	13:42:28.518	Price Pro Value Chart Profissional - PT-BR EURUSD,M5: ButtonDelete: Failed to delete the button! Error code = 4202
0	13:42:36.089	Price Pro Value Chart Profissional - PT-BR EURUSD,M5: initialized
0	13:43:18.482	fadedbckgrnd2__1 EURGBP,M5: uninit reason 7
0	13:43:18.482	FixedChartScale EURGBP,M5: uninit reason 7
0	13:43:18.482	Price Pro Value Chart Profissional - PT-BR EURGBP,M5: uninit reason 7
0	13:43:18.482	Price Pro Value Chart Profissional - PT-BR EURGBP,M5: ButtonDelete: Failed to delete the button! Error code = 4202
0	13:43:18.482	2Trend EURGBP,M5: uninit reason 7
0	13:43:18.482	Custom indicator fadedbckgrnd2__1 EURGBP,M5: removed
0	13:43:18.482	Custom indicator FixedChartScale EURGBP,M5: removed
0	13:43:18.498	Custom indicator Price Pro Value Chart Profissional - PT-BR EURGBP,M5: removed
0	13:43:18.498	Custom indicator 2Trend EURGBP,M5: removed
0	13:43:18.513	Custom indicator fadedbckgrnd2__1 EURGBP,M5: loaded successfully
0	13:43:18.513	Custom indicator FixedChartScale EURGBP,M5: loaded successfully
0	13:43:18.607	Custom indicator Price Pro Value Chart Profissional - PT-BR EURGBP,M5: loaded successfully
0	13:43:18.623	fadedbckgrnd2__1 EURGBP,M5: initialized
0	13:43:18.638	FixedChartScale EURGBP,M5: initialized
0	13:43:18.873	Price Pro Value Chart Profissional - PT-BR EURGBP,M5: initialized
0	13:43:22.801	fadedbckgrnd2__1 GBPUSD,M5: uninit reason 7
0	13:43:22.801	FixedChartScale GBPUSD,M5: uninit reason 7
0	13:43:22.801	Price Pro Value Chart Profissional - PT-BR GBPUSD,M5: uninit reason 7
0	13:43:22.801	Price Pro Value Chart Profissional - PT-BR GBPUSD,M5: ButtonDelete: Failed to delete the button! Error code = 4202
0	13:43:22.801	2Trend GBPUSD,M5: uninit reason 7
0	13:43:22.801	Custom indicator fadedbckgrnd2__1 GBPUSD,M5: removed
0	13:43:22.801	Custom indicator FixedChartScale GBPUSD,M5: removed
0	13:43:22.817	Custom indicator Price Pro Value Chart Profissional - PT-BR GBPUSD,M5: removed
0	13:43:22.817	Custom indicator 2Trend GBPUSD,M5: removed
0	13:43:22.832	Custom indicator fadedbckgrnd2__1 GBPUSD,M5: loaded successfully
0	13:43:22.832	Custom indicator FixedChartScale GBPUSD,M5: loaded successfully
0	13:43:22.926	Custom indicator Price Pro Value Chart Profissional - PT-BR GBPUSD,M5: loaded successfully
0	13:43:22.942	fadedbckgrnd2__1 GBPUSD,M5: initialized
0	13:43:22.957	FixedChartScale GBPUSD,M5: initialized
0	13:43:23.145	Price Pro Value Chart Profissional - PT-BR GBPUSD,M5: initialized
0	13:44:22.341	fadedbckgrnd2__1 GBPUSD,M5: uninit reason 3
0	13:44:22.341	FixedChartScale GBPUSD,M5: uninit reason 3
0	13:44:22.341	Price Pro Value Chart Profissional - PT-BR GBPUSD,M5: uninit reason 3
0	13:44:22.341	Price Pro Value Chart Profissional - PT-BR GBPUSD,M5: ButtonDelete: Failed to delete the button! Error code = 4202
0	13:44:22.356	fadedbckgrnd2__1 GBPUSD,M15: initialized
0	13:44:22.356	FixedChartScale GBPUSD,M15: initialized
0	13:44:22.356	Price Pro Value Chart Profissional - PT-BR GBPUSD,M15: Alert: Tempo de expiração: 5 M, menor que TimeFrame: M15, afeta backtest
0	13:44:22.466	Price Pro Value Chart Profissional - PT-BR GBPUSD,M15: initialized
0	13:44:22.609	Price Pro Value Chart Profissional - PT-BR GBPUSD,M15: Alert: PRICE PRO RAFA  - GBPUSD está abaixo do nível -5
0	13:44:24.307	Price Pro Value Chart Profissional - PT-BR GBPUSD,M15: Alert: PRICE PRO RAFA  - GBPUSD  - 5 M - CALL (compra)!
0	13:45:11.931	Price Pro Value Chart Profissional - PT-BR GBPUSD,M15: uninit reason 5
0	13:45:11.931	Price Pro Value Chart Profissional - PT-BR GBPUSD,M15: ButtonDelete: Failed to delete the button! Error code = 4202
0	13:45:12.029	Price Pro Value Chart Profissional - PT-BR GBPUSD,M15: initialized
0	13:45:12.310	Price Pro Value Chart Profissional - PT-BR GBPUSD,M15: Alert: PRICE PRO RAFA  - GBPUSD  - 15 M - CALL (compra)!
0	13:46:42.865	fadedbckgrnd2__1 EURGBP,M5: uninit reason 3
0	13:46:42.865	FixedChartScale EURGBP,M5: uninit reason 3
0	13:46:42.865	Price Pro Value Chart Profissional - PT-BR EURGBP,M5: uninit reason 3
0	13:46:42.865	Price Pro Value Chart Profissional - PT-BR EURGBP,M5: ButtonDelete: Failed to delete the button! Error code = 4202
0	13:46:42.865	fadedbckgrnd2__1 EURGBP,M15: initialized
0	13:46:42.865	FixedChartScale EURGBP,M15: initialized
0	13:46:42.865	Price Pro Value Chart Profissional - PT-BR EURGBP,M15: Alert: Tempo de expiração: 5 M, menor que TimeFrame: M15, afeta backtest
0	13:46:43.131	Price Pro Value Chart Profissional - PT-BR EURGBP,M15: initialized
0	13:46:47.868	Price Pro Value Chart Profissional - PT-BR EURGBP,M15: Alert: PRICE PRO RAFA  - EURGBP  - 5 M - CALL (compra)!
0	13:46:51.437	fadedbckgrnd2__1 EURGBP,M15: uninit reason 7
0	13:46:51.437	FixedChartScale EURGBP,M15: uninit reason 7
0	13:46:51.437	Price Pro Value Chart Profissional - PT-BR EURGBP,M15: uninit reason 7
0	13:46:51.437	Price Pro Value Chart Profissional - PT-BR EURGBP,M15: ButtonDelete: Failed to delete the button! Error code = 4202
0	13:46:51.437	Custom indicator fadedbckgrnd2__1 EURGBP,M15: removed
0	13:46:51.437	Custom indicator FixedChartScale EURGBP,M15: removed
0	13:46:51.452	Custom indicator Price Pro Value Chart Profissional - PT-BR EURGBP,M15: removed
0	13:46:51.468	Custom indicator fadedbckgrnd2__1 EURGBP,M15: loaded successfully
0	13:46:51.468	Custom indicator FixedChartScale EURGBP,M15: loaded successfully
0	13:46:51.577	Custom indicator Price Pro Value Chart Profissional - PT-BR EURGBP,M15: loaded successfully
0	13:46:51.577	fadedbckgrnd2__1 EURGBP,M15: initialized
0	13:46:51.593	FixedChartScale EURGBP,M15: initialized
0	13:46:51.827	Price Pro Value Chart Profissional - PT-BR EURGBP,M15: initialized
0	13:46:54.736	Price Pro Value Chart Profissional - PT-BR EURGBP,M15: Alert: PRICE PRO RAFA  - EURGBP  - 15 M - CALL (compra)!
0	13:47:38.586	fadedbckgrnd2__1 EURUSD,M5: uninit reason 7
0	13:47:38.586	FixedChartScale EURUSD,M5: uninit reason 7
0	13:47:38.586	Price Pro Value Chart Profissional - PT-BR EURUSD,M5: uninit reason 7
0	13:47:38.586	Price Pro Value Chart Profissional - PT-BR EURUSD,M5: ButtonDelete: Failed to delete the button! Error code = 4202
0	13:47:38.586	Custom indicator fadedbckgrnd2__1 EURUSD,M5: removed
0	13:47:38.586	Custom indicator FixedChartScale EURUSD,M5: removed
0	13:47:38.601	Custom indicator Price Pro Value Chart Profissional - PT-BR EURUSD,M5: removed
0	13:47:38.601	Custom indicator fadedbckgrnd2__1 EURUSD,M5: loaded successfully
0	13:47:38.617	Custom indicator FixedChartScale EURUSD,M5: loaded successfully
0	13:47:38.711	Custom indicator Price Pro Value Chart Profissional - PT-BR EURUSD,M5: loaded successfully
0	13:47:38.726	fadedbckgrnd2__1 EURUSD,M5: initialized
0	13:47:38.726	FixedChartScale EURUSD,M5: initialized
0	13:47:39.399	Price Pro Value Chart Profissional - PT-BR EURUSD,M5: initialized
0	13:47:39.445	Price Pro Value Chart Profissional - PT-BR EURUSD,M5: Alert: PRICE PRO RAFA  - EURUSD  - 15 M - CALL (compra)!
0	13:48:03.219	Price Pro Value Chart Profissional - PT-BR EURUSD,M5: uninit reason 5
0	13:48:03.235	Price Pro Value Chart Profissional - PT-BR EURUSD,M5: ButtonDelete: Failed to delete the button! Error code = 4202
0	13:48:03.817	Price Pro Value Chart Profissional - PT-BR EURUSD,M5: initialized
0	13:48:03.833	Price Pro Value Chart Profissional - PT-BR EURUSD,M5: Alert: PRICE PRO RAFA  - EURUSD  - 15 M - CALL (compra)!
0	13:48:13.775	fadedbckgrnd2__1 EURUSD,M5: uninit reason 3
0	13:48:13.775	FixedChartScale EURUSD,M5: uninit reason 3
0	13:48:13.775	Price Pro Value Chart Profissional - PT-BR EURUSD,M5: uninit reason 3
0	13:48:13.775	Price Pro Value Chart Profissional - PT-BR EURUSD,M5: ButtonDelete: Failed to delete the button! Error code = 4202
0	13:48:13.775	fadedbckgrnd2__1 EURUSD,M15: initialized
0	13:48:13.775	FixedChartScale EURUSD,M15: initialized
0	13:48:13.900	Price Pro Value Chart Profissional - PT-BR EURUSD,M15: initialized
0	13:48:17.766	Price Pro Value Chart Profissional - PT-BR EURUSD,M15: Alert: PRICE PRO RAFA  - EURUSD  - 15 M - CALL (compra)!
0	13:48:20.484	fadedbckgrnd2__1 EURGBP,M15: uninit reason 7
0	13:48:20.484	FixedChartScale EURGBP,M15: uninit reason 7
0	13:48:20.484	Price Pro Value Chart Profissional - PT-BR EURGBP,M15: uninit reason 7
0	13:48:20.484	Price Pro Value Chart Profissional - PT-BR EURGBP,M15: ButtonDelete: Failed to delete the button! Error code = 4202
0	13:48:20.484	Custom indicator fadedbckgrnd2__1 EURGBP,M15: removed
0	13:48:20.484	Custom indicator FixedChartScale EURGBP,M15: removed
0	13:48:20.500	Custom indicator Price Pro Value Chart Profissional - PT-BR EURGBP,M15: removed
0	13:48:20.500	Custom indicator fadedbckgrnd2__1 EURGBP,M15: loaded successfully
0	13:48:20.515	Custom indicator FixedChartScale EURGBP,M15: loaded successfully
0	13:48:20.609	Custom indicator Price Pro Value Chart Profissional - PT-BR EURGBP,M15: loaded successfully
0	13:48:20.625	fadedbckgrnd2__1 EURGBP,M15: initialized
0	13:48:20.640	FixedChartScale EURGBP,M15: initialized
0	13:48:21.156	Price Pro Value Chart Profissional - PT-BR EURGBP,M15: initialized
0	13:48:23.813	Price Pro Value Chart Profissional - PT-BR EURGBP,M15: Alert: PRICE PRO RAFA  - EURGBP  - 15 M - CALL (compra)!
0	13:48:26.323	Price Pro Value Chart Profissional - PT-BR EURUSD,M15: CALL - Sinal enviado para Price Pro!
0	13:48:28.790	fadedbckgrnd2__1 GBPUSD,M15: uninit reason 7
0	13:48:28.790	FixedChartScale GBPUSD,M15: uninit reason 7
0	13:48:28.790	Price Pro Value Chart Profissional - PT-BR GBPUSD,M15: uninit reason 7
0	13:48:28.790	Price Pro Value Chart Profissional - PT-BR GBPUSD,M15: ButtonDelete: Failed to delete the button! Error code = 4202
0	13:48:28.806	Custom indicator fadedbckgrnd2__1 GBPUSD,M15: removed
0	13:48:28.806	Custom indicator FixedChartScale GBPUSD,M15: removed
0	13:48:28.806	Custom indicator Price Pro Value Chart Profissional - PT-BR GBPUSD,M15: removed
0	13:48:28.821	Custom indicator fadedbckgrnd2__1 GBPUSD,M15: loaded successfully
0	13:48:28.837	Custom indicator FixedChartScale GBPUSD,M15: loaded successfully
0	13:48:28.946	Custom indicator Price Pro Value Chart Profissional - PT-BR GBPUSD,M15: loaded successfully
0	13:48:28.962	fadedbckgrnd2__1 GBPUSD,M15: initialized
0	13:48:28.978	FixedChartScale GBPUSD,M15: initialized
0	13:48:29.790	Price Pro Value Chart Profissional - PT-BR GBPUSD,M15: initialized
0	13:48:32.368	Price Pro Value Chart Profissional - PT-BR GBPUSD,M15: Alert: PRICE PRO RAFA  - GBPUSD  - 15 M - CALL (compra)!
0	13:48:35.633	Price Pro Value Chart Profissional - PT-BR GBPUSD,M15: CALL - Sinal enviado para Price Pro!
0	13:48:48.924	Custom indicator fadedbckgrnd2__1 USDJPY,M15: loaded successfully
0	13:48:48.940	Custom indicator FixedChartScale USDJPY,M15: loaded successfully
0	13:48:49.034	Custom indicator Price Pro Value Chart Profissional - PT-BR USDJPY,M15: loaded successfully
0	13:48:49.049	fadedbckgrnd2__1 USDJPY,M15: initialized
0	13:48:49.049	FixedChartScale USDJPY,M15: initialized
0	13:48:49.300	Price Pro Value Chart Profissional - PT-BR USDJPY,M15: initialized
0	13:48:49.362	Price Pro Value Chart Profissional - PT-BR USDJPY,M15: Alert: PRICE PRO RAFA  - USDJPY  - 15 M - PUT (venda)!
0	13:48:56.773	Custom indicator fadedbckgrnd2__1 AUDUSD,M15: loaded successfully
0	13:48:56.789	Custom indicator FixedChartScale AUDUSD,M15: loaded successfully
0	13:48:56.883	Custom indicator Price Pro Value Chart Profissional - PT-BR AUDUSD,M15: loaded successfully
0	13:48:56.898	fadedbckgrnd2__1 AUDUSD,M15: initialized
0	13:48:56.914	FixedChartScale AUDUSD,M15: initialized
0	13:48:57.164	Price Pro Value Chart Profissional - PT-BR AUDUSD,M15: initialized
0	13:49:01.060	Price Pro Value Chart Profissional - PT-BR AUDUSD,M15: Alert: PRICE PRO RAFA  - AUDUSD  - 15 M - CALL (compra)!
0	13:49:08.857	Custom indicator fadedbckgrnd2__1 EURJPY,M15: loaded successfully
0	13:49:08.857	Custom indicator FixedChartScale EURJPY,M15: loaded successfully
0	13:49:08.966	Custom indicator Price Pro Value Chart Profissional - PT-BR EURJPY,M15: loaded successfully
0	13:49:08.982	fadedbckgrnd2__1 EURJPY,M15: initialized
0	13:49:08.982	FixedChartScale EURJPY,M15: initialized
0	13:49:09.232	Price Pro Value Chart Profissional - PT-BR EURJPY,M15: initialized
0	13:49:12.780	Price Pro Value Chart Profissional - PT-BR EURJPY,M15: Alert: PRICE PRO RAFA  - EURJPY  - 15 M - CALL (compra)!
0	13:49:24.393	Custom indicator fadedbckgrnd2__1 GBPJPY,M15: loaded successfully
0	13:49:24.409	Custom indicator FixedChartScale GBPJPY,M15: loaded successfully
0	13:49:24.503	Custom indicator Price Pro Value Chart Profissional - PT-BR GBPJPY,M15: loaded successfully
0	13:49:24.518	fadedbckgrnd2__1 GBPJPY,M15: initialized
0	13:49:24.534	FixedChartScale GBPJPY,M15: initialized
0	13:49:24.784	Price Pro Value Chart Profissional - PT-BR GBPJPY,M15: initialized
0	13:49:25.206	Price Pro Value Chart Profissional - PT-BR GBPJPY,M15: Alert: PRICE PRO RAFA  - GBPJPY  - 15 M - CALL (compra)!
0	13:49:30.759	Price Pro Value Chart Profissional - PT-BR GBPJPY,M15: Alert: PRICE PRO RAFA  - GBPJPY está abaixo do nível -8
0	13:49:38.929	Custom indicator fadedbckgrnd2__1 AUDJPY,M15: loaded successfully
0	13:49:38.945	Custom indicator FixedChartScale AUDJPY,M15: loaded successfully
0	13:49:39.070	Custom indicator Price Pro Value Chart Profissional - PT-BR AUDJPY,M15: loaded successfully
0	13:49:39.070	fadedbckgrnd2__1 AUDJPY,M15: initialized
0	13:49:39.086	FixedChartScale AUDJPY,M15: initialized
0	13:49:39.851	Price Pro Value Chart Profissional - PT-BR AUDJPY,M15: initialized
0	13:49:42.246	Price Pro Value Chart Profissional - PT-BR AUDJPY,M15: Alert: PRICE PRO RAFA  - AUDJPY  - 15 M - CALL (compra)!
0	13:49:52.346	Custom indicator fadedbckgrnd2__1 AUDCAD,M15: loaded successfully
0	13:49:52.362	Custom indicator FixedChartScale AUDCAD,M15: loaded successfully
0	13:49:52.455	Custom indicator Price Pro Value Chart Profissional - PT-BR AUDCAD,M15: loaded successfully
0	13:49:52.471	fadedbckgrnd2__1 AUDCAD,M15: initialized
0	13:49:52.487	FixedChartScale AUDCAD,M15: initialized
0	13:49:53.221	Price Pro Value Chart Profissional - PT-BR AUDCAD,M15: initialized
0	13:49:55.027	Price Pro Value Chart Profissional - PT-BR AUDCAD,M15: Alert: PRICE PRO RAFA  - AUDCAD  - 15 M - CALL (compra)!
0	13:57:48.978	Price Pro Value Chart Profissional - PT-BR USDJPY,M15: Alert: PRICE PRO RAFA  - USDJPY está acima do nível 5
0	14:00:04.378	Price Pro Value Chart Profissional - PT-BR AUDUSD,M15: Alert: PRICE PRO RAFA  - AUDUSD está abaixo do nível -5
0	14:00:24.462	Price Pro Value Chart Profissional - PT-BR GBPJPY,M15: Alert: PRICE PRO RAFA  - GBPJPY está abaixo do nível -8
0	14:01:46.180	fadedbckgrnd2__1 AUDCAD,M15: uninit reason 4
0	14:01:46.180	FixedChartScale AUDCAD,M15: uninit reason 4
0	14:01:46.180	Price Pro Value Chart Profissional - PT-BR AUDCAD,M15: uninit reason 4
0	14:01:46.180	Price Pro Value Chart Profissional - PT-BR AUDCAD,M15: ButtonDelete: Failed to delete the button! Error code = 4202
0	14:01:46.180	Custom indicator fadedbckgrnd2__1 AUDCAD,M15: removed
0	14:01:46.180	Custom indicator FixedChartScale AUDCAD,M15: removed
0	14:01:46.195	Custom indicator Price Pro Value Chart Profissional - PT-BR AUDCAD,M15: removed
0	14:01:51.497	fadedbckgrnd2__1 AUDJPY,M15: uninit reason 4
0	14:01:51.497	FixedChartScale AUDJPY,M15: uninit reason 4
0	14:01:51.497	Price Pro Value Chart Profissional - PT-BR AUDJPY,M15: uninit reason 4
0	14:01:51.497	Price Pro Value Chart Profissional - PT-BR AUDJPY,M15: ButtonDelete: Failed to delete the button! Error code = 4202
0	14:01:51.499	Custom indicator fadedbckgrnd2__1 AUDJPY,M15: removed
0	14:01:51.499	Custom indicator FixedChartScale AUDJPY,M15: removed
0	14:01:51.515	Custom indicator Price Pro Value Chart Profissional - PT-BR AUDJPY,M15: removed
0	14:02:14.801	fadedbckgrnd2__1 USDJPY,M15: uninit reason 4
0	14:02:14.801	FixedChartScale USDJPY,M15: uninit reason 4
0	14:02:14.801	Price Pro Value Chart Profissional - PT-BR USDJPY,M15: uninit reason 4
0	14:02:14.801	Price Pro Value Chart Profissional - PT-BR USDJPY,M15: ButtonDelete: Failed to delete the button! Error code = 4202
0	14:02:14.802	Custom indicator fadedbckgrnd2__1 USDJPY,M15: removed
0	14:02:14.802	Custom indicator FixedChartScale USDJPY,M15: removed
0	14:02:14.818	Custom indicator Price Pro Value Chart Profissional - PT-BR USDJPY,M15: removed
0	14:24:29.071	Price Pro Value Chart Profissional - PT-BR AUDUSD,M15: Alert: PRICE PRO RAFA  - AUDUSD está abaixo do nível -5
0	15:12:01.486	Price Pro Value Chart Profissional - PT-BR AUDUSD,M15: Alert: PRICE PRO RAFA  - AUDUSD está acima do nível 5
0	15:20:31.806	Price Pro Value Chart Profissional - PT-BR AUDUSD,M15: Alert: PRICE PRO RAFA  - AUDUSD está acima do nível 5
0	15:28:45.379	fadedbckgrnd2__1 EURUSD,M15: uninit reason 9
0	15:28:45.379	FixedChartScale EURUSD,M15: uninit reason 9
0	15:28:45.379	Price Pro Value Chart Profissional - PT-BR EURUSD,M15: uninit reason 9
0	15:28:45.380	Price Pro Value Chart Profissional - PT-BR EURUSD,M15: ButtonDelete: Failed to delete the button! Error code = 4202
0	15:28:45.380	fadedbckgrnd2__1 EURGBP,M15: uninit reason 9
0	15:28:45.380	FixedChartScale EURGBP,M15: uninit reason 9
0	15:28:45.380	Price Pro Value Chart Profissional - PT-BR EURGBP,M15: uninit reason 9
0	15:28:45.381	Price Pro Value Chart Profissional - PT-BR EURGBP,M15: ButtonDelete: Failed to delete the button! Error code = 4202
0	15:28:45.381	fadedbckgrnd2__1 GBPUSD,M15: uninit reason 9
0	15:28:45.381	FixedChartScale GBPUSD,M15: uninit reason 9
0	15:28:45.381	Price Pro Value Chart Profissional - PT-BR GBPUSD,M15: uninit reason 9
0	15:28:45.382	Price Pro Value Chart Profissional - PT-BR GBPUSD,M15: ButtonDelete: Failed to delete the button! Error code = 4202
0	15:28:45.382	fadedbckgrnd2__1 AUDUSD,M15: uninit reason 9
0	15:28:45.382	FixedChartScale AUDUSD,M15: uninit reason 9
0	15:28:45.382	Price Pro Value Chart Profissional - PT-BR AUDUSD,M15: uninit reason 9
0	15:28:45.382	Price Pro Value Chart Profissional - PT-BR AUDUSD,M15: ButtonDelete: Failed to delete the button! Error code = 4202
0	15:28:45.383	fadedbckgrnd2__1 EURJPY,M15: uninit reason 9
0	15:28:45.383	FixedChartScale EURJPY,M15: uninit reason 9
0	15:28:45.383	Price Pro Value Chart Profissional - PT-BR EURJPY,M15: uninit reason 9
0	15:28:45.383	Price Pro Value Chart Profissional - PT-BR EURJPY,M15: ButtonDelete: Failed to delete the button! Error code = 4202
0	15:28:45.383	fadedbckgrnd2__1 GBPJPY,M15: uninit reason 9
0	15:28:45.383	FixedChartScale GBPJPY,M15: uninit reason 9
0	15:28:45.383	Price Pro Value Chart Profissional - PT-BR GBPJPY,M15: uninit reason 9
0	15:28:45.384	Price Pro Value Chart Profissional - PT-BR GBPJPY,M15: ButtonDelete: Failed to delete the button! Error code = 4202
0	15:28:45.427	Custom indicator fadedbckgrnd2__1 EURUSD,M15: removed
0	15:28:45.428	Custom indicator FixedChartScale EURUSD,M15: removed
0	15:28:45.428	Custom indicator Price Pro Value Chart Profissional - PT-BR EURUSD,M15: removed
0	15:28:45.444	Custom indicator fadedbckgrnd2__1 EURGBP,M15: removed
0	15:28:45.444	Custom indicator FixedChartScale EURGBP,M15: removed
0	15:28:45.459	Custom indicator Price Pro Value Chart Profissional - PT-BR EURGBP,M15: removed
0	15:28:45.459	Custom indicator fadedbckgrnd2__1 GBPUSD,M15: removed
0	15:28:45.459	Custom indicator FixedChartScale GBPUSD,M15: removed
0	15:28:45.475	Custom indicator Price Pro Value Chart Profissional - PT-BR GBPUSD,M15: removed
0	15:28:45.491	Custom indicator fadedbckgrnd2__1 AUDUSD,M15: removed
0	15:28:45.491	Custom indicator FixedChartScale AUDUSD,M15: removed
0	15:28:45.506	Custom indicator Price Pro Value Chart Profissional - PT-BR AUDUSD,M15: removed
0	15:28:45.506	Custom indicator fadedbckgrnd2__1 EURJPY,M15: removed
0	15:28:45.522	Custom indicator FixedChartScale EURJPY,M15: removed
0	15:28:45.522	Custom indicator Price Pro Value Chart Profissional - PT-BR EURJPY,M15: removed
0	15:28:45.538	Custom indicator fadedbckgrnd2__1 GBPJPY,M15: removed
0	15:28:45.538	Custom indicator FixedChartScale GBPJPY,M15: removed
0	15:28:45.553	Custom indicator Price Pro Value Chart Profissional - PT-BR GBPJPY,M15: removed
