0	06:37:28.230	Alpari MT4 build 1359 started (Alpari International)
0	06:37:28.230	Windows 10 Pro x64, IE 11, UAC, 8 x Intel Core i7-7700HQ  @ 2.80GHz, Memory: 12681 / 16267 Mb, Disk: 389 / 476 Gb, GMT-3
0	06:37:28.230	Data Folder: C:\Users\Administrator\AppData\Roaming\MetaQuotes\Terminal\287469DEA9630EA94D0715D755974F1B
2	06:37:29.487	Custom indicator fadedbckgrnd2__1 GBPUSD,M5: loaded successfully
2	06:37:29.495	Custom indicator FixedChartScale GBPUSD,M5: loaded successfully
2	06:37:29.603	Custom indicator Price Pro Value Chart Profissional - PT-BR GBPUSD,M5: loaded successfully
2	06:37:29.795	Custom indicator Price Pro Value Chart Profissional - PT-BR GBPUSD,M5: removed
2	06:37:29.818	Custom indicator fadedbckgrnd2__1 EURGBP,M5: loaded successfully
2	06:37:29.826	Custom indicator FixedChartScale EURGBP,M5: loaded successfully
2	06:37:29.924	Custom indicator Price Pro Value Chart Profissional - PT-BR EURGBP,M5: loaded successfully
2	06:37:30.119	Custom indicator Price Pro Value Chart Profissional - PT-BR EURGBP,M5: removed
2	06:37:30.141	Custom indicator fadedbckgrnd2__1 EURJPY,M5: loaded successfully
2	06:37:30.149	Custom indicator FixedChartScale EURJPY,M5: loaded successfully
2	06:37:30.257	Custom indicator Price Pro Value Chart Profissional - PT-BR EURJPY,M5: loaded successfully
2	06:37:30.441	Custom indicator Price Pro Value Chart Profissional - PT-BR EURJPY,M5: removed
2	06:37:30.469	Custom indicator fadedbckgrnd2__1 GBPJPY,M5: loaded successfully
2	06:37:30.478	Custom indicator FixedChartScale GBPJPY,M5: loaded successfully
2	06:37:30.578	Custom indicator Price Pro Value Chart Profissional - PT-BR GBPJPY,M5: loaded successfully
2	06:37:30.758	Custom indicator Price Pro Value Chart Profissional - PT-BR GBPJPY,M5: removed
2	06:37:30.785	Custom indicator fadedbckgrnd2__1 EURUSD,M5: loaded successfully
2	06:37:30.793	Custom indicator FixedChartScale EURUSD,M5: loaded successfully
2	06:37:30.892	Custom indicator Price Pro Value Chart Profissional - PT-BR EURUSD,M5: loaded successfully
2	06:37:31.070	Custom indicator Price Pro Value Chart Profissional - PT-BR EURUSD,M5: removed
2	06:37:31.097	Custom indicator fadedbckgrnd2__1 AUDUSD,M5: loaded successfully
2	06:37:31.105	Custom indicator FixedChartScale AUDUSD,M5: loaded successfully
2	06:37:31.243	Custom indicator Price Pro Value Chart Profissional - PT-BR AUDUSD,M5: loaded successfully
2	06:37:31.444	Custom indicator Price Pro Value Chart Profissional - PT-BR AUDUSD,M5: removed
0	06:37:31.676	HistoryCenter: synchronize 'GBPUSD5'
0	06:37:32.471	HistoryCenter: 201 bars imported in 'GBPUSD5'
0	06:37:32.471	HistoryCenter: synchronize 'EURUSD5'
0	06:37:32.519	'15069840': login on Alpari-Demo through Demo.Europe.2:444 (ping: 235.35 ms)
0	06:37:33.222	HistoryCenter: 201 bars imported in 'EURUSD5'
0	06:37:33.222	HistoryCenter: synchronize 'GBPJPY5'
0	06:37:33.971	HistoryCenter: 201 bars imported in 'GBPJPY5'
0	06:37:33.971	HistoryCenter: synchronize 'EURJPY5'
0	06:37:34.605	'15069840': login datacenter on Alpari-Demo through Demo.Europe.2:444 (ping: 235.35 ms)
0	06:37:34.715	HistoryCenter: 201 bars imported in 'EURJPY5'
0	06:37:34.715	HistoryCenter: synchronize 'EURGBP5'
0	06:37:35.209	'15069840': previous successful authorization performed from 177.13.221.165
0	06:37:35.497	HistoryCenter: 201 bars imported in 'EURGBP5'
0	06:37:36.043	HistoryCenter: synchronize 'AUDUSD5'
0	06:37:36.784	HistoryCenter: 2 bars imported in 'AUDUSD5'
2	06:37:43.168	Custom indicator fadedbckgrnd2__1 GBPUSD,M5: removed
2	06:37:43.168	Custom indicator FixedChartScale GBPUSD,M5: removed
2	06:37:43.184	Custom indicator fadedbckgrnd2__1 GBPUSD,M5: loaded successfully
2	06:37:43.192	Custom indicator FixedChartScale GBPUSD,M5: loaded successfully
2	06:37:43.320	Custom indicator Price Pro Value Chart Profissional - PT-BR GBPUSD,M5: loaded successfully
0	06:37:43.925	HistoryCenter: synchronize 'GBPUSD5'
0	06:37:44.695	HistoryCenter: 2 bars imported in 'GBPUSD5'
0	06:37:45.786	HistoryCenter: synchronize 'GBPUSD5'
0	06:37:46.562	HistoryCenter: 2 bars imported in 'GBPUSD5'
0	06:37:47.640	HistoryCenter: synchronize 'GBPUSD5'
0	06:37:48.376	HistoryCenter: 2 bars imported in 'GBPUSD5'
0	06:37:48.918	HistoryCenter: synchronize 'GBPUSD5'
0	06:37:49.654	HistoryCenter: 2 bars imported in 'GBPUSD5'
0	06:37:50.709	HistoryCenter: synchronize 'GBPUSD5'
0	06:37:51.459	HistoryCenter: 2 bars imported in 'GBPUSD5'
0	06:37:51.995	HistoryCenter: synchronize 'GBPUSD5'
0	06:37:52.717	HistoryCenter: 2 bars imported in 'GBPUSD5'
0	06:37:53.817	HistoryCenter: synchronize 'GBPUSD5'
0	06:37:54.566	HistoryCenter: 2 bars imported in 'GBPUSD5'
0	06:37:55.635	HistoryCenter: synchronize 'GBPUSD5'
0	06:37:56.360	HistoryCenter: 2 bars imported in 'GBPUSD5'
0	06:37:56.901	HistoryCenter: synchronize 'GBPUSD5'
0	06:37:57.673	HistoryCenter: 2 bars imported in 'GBPUSD5'
0	06:37:58.755	HistoryCenter: synchronize 'GBPUSD5'
0	06:37:59.513	HistoryCenter: 2 bars imported in 'GBPUSD5'
0	06:38:00.589	HistoryCenter: synchronize 'GBPUSD5'
0	06:38:01.312	HistoryCenter: 2 bars imported in 'GBPUSD5'
0	06:38:01.855	HistoryCenter: synchronize 'GBPUSD5'
0	06:38:02.580	HistoryCenter: 2 bars imported in 'GBPUSD5'
0	06:38:03.662	HistoryCenter: synchronize 'GBPUSD5'
0	06:38:04.403	HistoryCenter: 2 bars imported in 'GBPUSD5'
0	06:38:04.956	HistoryCenter: synchronize 'GBPUSD5'
0	06:38:05.713	HistoryCenter: 2 bars imported in 'GBPUSD5'
2	06:38:13.552	Custom indicator fadedbckgrnd2__1 GBPUSD,M5: removed
2	06:38:13.552	Custom indicator FixedChartScale GBPUSD,M5: removed
2	06:38:13.567	Custom indicator Price Pro Value Chart Profissional - PT-BR GBPUSD,M5: removed
2	06:38:13.582	Custom indicator fadedbckgrnd2__1 GBPUSD,M5: loaded successfully
2	06:38:13.590	Custom indicator FixedChartScale GBPUSD,M5: loaded successfully
2	06:38:13.687	Custom indicator Price Pro Value Chart Profissional - PT-BR GBPUSD,M5: loaded successfully
0	06:38:14.325	HistoryCenter: synchronize 'GBPUSD5'
0	06:38:15.062	HistoryCenter: 2 bars imported in 'GBPUSD5'
0	06:38:16.144	HistoryCenter: synchronize 'GBPUSD5'
0	06:38:16.891	HistoryCenter: 2 bars imported in 'GBPUSD5'
0	06:38:17.943	HistoryCenter: synchronize 'GBPUSD5'
0	06:38:18.511	'15069840': auto connecting to a better access point Demo.Europe.9:1119 (ping is 258.67 ms)
0	06:38:18.717	HistoryCenter: 2 bars imported in 'GBPUSD5'
0	06:38:19.244	HistoryCenter: synchronize 'GBPUSD5'
0	06:38:19.340	'15069840': login on Alpari-Demo through Demo.Europe.9:1119 (ping: 258.67 ms)
0	06:38:19.997	HistoryCenter: 2 bars imported in 'GBPUSD5'
0	06:38:21.081	HistoryCenter: synchronize 'GBPUSD5'
0	06:38:21.254	'15069840': login datacenter on Alpari-Demo through Demo.Europe.9:1119 (ping: 258.67 ms)
0	06:38:21.845	HistoryCenter: 2 bars imported in 'GBPUSD5'
0	06:38:21.905	'15069840': previous successful authorization performed from 177.13.220.247
0	06:38:22.385	HistoryCenter: synchronize 'GBPUSD5'
0	06:38:23.172	HistoryCenter: 2 bars imported in 'GBPUSD5'
2	06:38:23.507	Custom indicator fadedbckgrnd2__1 EURJPY,M5: removed
2	06:38:23.507	Custom indicator FixedChartScale EURJPY,M5: removed
2	06:38:23.515	Custom indicator fadedbckgrnd2__1 EURJPY,M5: loaded successfully
2	06:38:23.523	Custom indicator FixedChartScale EURJPY,M5: loaded successfully
2	06:38:23.643	Custom indicator Price Pro Value Chart Profissional - PT-BR EURJPY,M5: loaded successfully
0	06:38:24.246	HistoryCenter: synchronize 'EURJPY5'
0	06:38:24.982	HistoryCenter: 2 bars imported in 'EURJPY5'
0	06:38:24.982	HistoryCenter: synchronize 'GBPUSD5'
0	06:38:25.737	HistoryCenter: 2 bars imported in 'GBPUSD5'
0	06:38:26.298	HistoryCenter: synchronize 'EURJPY5'
2	06:38:26.864	Custom indicator fadedbckgrnd2__1 EURUSD,M5: removed
2	06:38:26.864	Custom indicator FixedChartScale EURUSD,M5: removed
2	06:38:26.872	Custom indicator fadedbckgrnd2__1 EURUSD,M5: loaded successfully
2	06:38:26.888	Custom indicator FixedChartScale EURUSD,M5: loaded successfully
2	06:38:26.984	Custom indicator Price Pro Value Chart Profissional - PT-BR EURUSD,M5: loaded successfully
0	06:38:27.024	HistoryCenter: 2 bars imported in 'EURJPY5'
0	06:38:27.024	HistoryCenter: synchronize 'GBPUSD5'
0	06:38:27.777	HistoryCenter: 2 bars imported in 'GBPUSD5'
0	06:38:27.777	HistoryCenter: synchronize 'EURUSD5'
0	06:38:28.512	HistoryCenter: 2 bars imported in 'EURUSD5'
0	06:38:28.512	HistoryCenter: synchronize 'EURJPY5'
0	06:38:29.259	HistoryCenter: 2 bars imported in 'EURJPY5'
0	06:38:29.259	HistoryCenter: synchronize 'EURUSD5'
0	06:38:29.984	HistoryCenter: 2 bars imported in 'EURUSD5'
0	06:38:29.984	HistoryCenter: synchronize 'EURJPY5'
0	06:38:30.748	HistoryCenter: 2 bars imported in 'EURJPY5'
0	06:38:30.748	HistoryCenter: synchronize 'GBPUSD5'
0	06:38:31.525	HistoryCenter: 2 bars imported in 'GBPUSD5'
0	06:38:32.060	HistoryCenter: synchronize 'EURUSD5'
0	06:38:32.859	HistoryCenter: 2 bars imported in 'EURUSD5'
0	06:38:32.859	HistoryCenter: synchronize 'EURJPY5'
0	06:38:33.620	HistoryCenter: 2 bars imported in 'EURJPY5'
0	06:38:33.620	HistoryCenter: synchronize 'EURUSD5'
0	06:38:34.372	HistoryCenter: 2 bars imported in 'EURUSD5'
0	06:38:34.372	HistoryCenter: synchronize 'EURJPY5'
0	06:38:35.146	HistoryCenter: 2 bars imported in 'EURJPY5'
0	06:38:35.683	HistoryCenter: synchronize 'EURUSD5'
0	06:38:36.419	HistoryCenter: 2 bars imported in 'EURUSD5'
0	06:38:37.497	HistoryCenter: synchronize 'EURUSD5'
0	06:38:38.245	HistoryCenter: 2 bars imported in 'EURUSD5'
0	06:38:39.312	HistoryCenter: synchronize 'EURUSD5'
0	06:38:40.110	HistoryCenter: 2 bars imported in 'EURUSD5'
0	06:38:40.655	HistoryCenter: synchronize 'EURUSD5'
0	06:38:41.407	HistoryCenter: 2 bars imported in 'EURUSD5'
0	06:38:42.461	HistoryCenter: synchronize 'EURUSD5'
0	06:38:43.221	HistoryCenter: 2 bars imported in 'EURUSD5'
2	06:38:43.320	Custom indicator fadedbckgrnd2__1 EURGBP,M5: removed
2	06:38:43.320	Custom indicator FixedChartScale EURGBP,M5: removed
2	06:38:43.328	Custom indicator fadedbckgrnd2__1 EURGBP,M5: loaded successfully
2	06:38:43.336	Custom indicator FixedChartScale EURGBP,M5: loaded successfully
2	06:38:43.432	Custom indicator Price Pro Value Chart Profissional - PT-BR EURGBP,M5: loaded successfully
0	06:38:43.754	HistoryCenter: synchronize 'EURGBP5'
0	06:38:44.489	HistoryCenter: 2 bars imported in 'EURGBP5'
0	06:38:44.489	HistoryCenter: synchronize 'EURUSD5'
0	06:38:45.232	HistoryCenter: 2 bars imported in 'EURUSD5'
0	06:38:45.759	HistoryCenter: synchronize 'EURUSD5'
0	06:38:46.505	HistoryCenter: 2 bars imported in 'EURUSD5'
0	06:38:46.505	HistoryCenter: synchronize 'EURGBP5'
2	06:38:47.055	Custom indicator fadedbckgrnd2__1 GBPJPY,M5: removed
2	06:38:47.055	Custom indicator FixedChartScale GBPJPY,M5: removed
2	06:38:47.063	Custom indicator fadedbckgrnd2__1 GBPJPY,M5: loaded successfully
2	06:38:47.079	Custom indicator FixedChartScale GBPJPY,M5: loaded successfully
2	06:38:47.183	Custom indicator Price Pro Value Chart Profissional - PT-BR GBPJPY,M5: loaded successfully
0	06:38:47.261	HistoryCenter: 2 bars imported in 'EURGBP5'
0	06:38:47.775	HistoryCenter: synchronize 'GBPJPY5'
0	06:38:48.498	HistoryCenter: 2 bars imported in 'GBPJPY5'
0	06:38:48.498	HistoryCenter: synchronize 'EURGBP5'
0	06:38:49.275	HistoryCenter: 2 bars imported in 'EURGBP5'
0	06:38:49.275	HistoryCenter: synchronize 'GBPJPY5'
0	06:38:50.025	HistoryCenter: 2 bars imported in 'GBPJPY5'
0	06:38:50.025	HistoryCenter: synchronize 'EURGBP5'
0	06:38:50.775	HistoryCenter: 2 bars imported in 'EURGBP5'
0	06:38:50.775	HistoryCenter: synchronize 'GBPJPY5'
0	06:38:51.505	HistoryCenter: 2 bars imported in 'GBPJPY5'
0	06:38:52.048	HistoryCenter: synchronize 'EURGBP5'
0	06:38:52.806	HistoryCenter: 2 bars imported in 'EURGBP5'
0	06:38:52.806	HistoryCenter: synchronize 'GBPJPY5'
0	06:38:53.544	HistoryCenter: 2 bars imported in 'GBPJPY5'
0	06:38:54.095	HistoryCenter: synchronize 'EURGBP5'
0	06:38:54.900	HistoryCenter: 2 bars imported in 'EURGBP5'
0	06:38:54.900	HistoryCenter: synchronize 'GBPJPY5'
0	06:38:55.709	HistoryCenter: 2 bars imported in 'GBPJPY5'
0	06:38:55.709	HistoryCenter: synchronize 'EURGBP5'
0	06:38:56.445	HistoryCenter: 2 bars imported in 'EURGBP5'
0	06:38:56.988	HistoryCenter: synchronize 'EURGBP5'
0	06:38:57.751	HistoryCenter: 2 bars imported in 'EURGBP5'
2	06:39:03.192	Custom indicator fadedbckgrnd2__1 AUDUSD,M5: removed
2	06:39:03.192	Custom indicator FixedChartScale AUDUSD,M5: removed
2	06:39:03.200	Custom indicator fadedbckgrnd2__1 AUDUSD,M5: loaded successfully
2	06:39:03.216	Custom indicator FixedChartScale AUDUSD,M5: loaded successfully
2	06:39:03.312	Custom indicator Price Pro Value Chart Profissional - PT-BR AUDUSD,M5: loaded successfully
0	06:39:03.638	HistoryCenter: synchronize 'AUDUSD5'
0	06:39:04.357	HistoryCenter: 2 bars imported in 'AUDUSD5'
0	06:39:05.450	HistoryCenter: synchronize 'AUDUSD5'
0	06:39:06.186	HistoryCenter: 2 bars imported in 'AUDUSD5'
0	06:39:06.715	HistoryCenter: synchronize 'AUDUSD5'
0	06:39:07.455	HistoryCenter: 2 bars imported in 'AUDUSD5'
0	06:39:08.001	HistoryCenter: synchronize 'AUDUSD5'
0	06:39:08.734	HistoryCenter: 2 bars imported in 'AUDUSD5'
0	06:39:09.815	HistoryCenter: synchronize 'AUDUSD5'
0	06:39:10.553	HistoryCenter: 2 bars imported in 'AUDUSD5'
0	06:39:11.624	HistoryCenter: synchronize 'AUDUSD5'
0	06:39:12.365	HistoryCenter: 2 bars imported in 'AUDUSD5'
0	06:39:12.897	HistoryCenter: synchronize 'AUDUSD5'
0	06:39:13.614	HistoryCenter: 2 bars imported in 'AUDUSD5'
0	06:39:14.681	HistoryCenter: synchronize 'AUDUSD5'
0	06:39:15.411	HistoryCenter: 2 bars imported in 'AUDUSD5'
0	06:39:15.944	HistoryCenter: synchronize 'AUDUSD5'
0	06:39:16.692	HistoryCenter: 2 bars imported in 'AUDUSD5'
0	06:39:17.773	HistoryCenter: synchronize 'AUDUSD5'
0	06:39:18.505	HistoryCenter: 2 bars imported in 'AUDUSD5'
2	06:39:25.678	Custom indicator fadedbckgrnd2__1 EURUSD,M5: removed
2	06:39:25.678	Custom indicator FixedChartScale EURUSD,M5: removed
2	06:39:25.695	Custom indicator Price Pro Value Chart Profissional - PT-BR EURUSD,M5: removed
2	06:39:25.702	Custom indicator fadedbckgrnd2__1 EURUSD,M5: loaded successfully
2	06:39:25.710	Custom indicator FixedChartScale EURUSD,M5: loaded successfully
2	06:39:25.806	Custom indicator Price Pro Value Chart Profissional - PT-BR EURUSD,M5: loaded successfully
0	06:39:26.564	HistoryCenter: synchronize 'EURUSD5'
0	06:39:27.462	HistoryCenter: 2 bars imported in 'EURUSD5'
0	06:39:28.535	HistoryCenter: synchronize 'EURUSD5'
0	06:39:29.275	HistoryCenter: 2 bars imported in 'EURUSD5'
0	06:39:30.350	HistoryCenter: synchronize 'EURUSD5'
0	06:39:31.103	HistoryCenter: 2 bars imported in 'EURUSD5'
0	06:39:32.178	HistoryCenter: synchronize 'EURUSD5'
0	06:39:32.933	HistoryCenter: 2 bars imported in 'EURUSD5'
0	06:39:33.488	HistoryCenter: synchronize 'EURUSD5'
0	06:39:34.230	HistoryCenter: 2 bars imported in 'EURUSD5'
0	06:39:35.288	HistoryCenter: synchronize 'EURUSD5'
0	06:39:36.058	HistoryCenter: 2 bars imported in 'EURUSD5'
0	06:39:37.149	HistoryCenter: synchronize 'EURUSD5'
0	06:39:37.882	HistoryCenter: 2 bars imported in 'EURUSD5'
0	06:39:38.424	HistoryCenter: synchronize 'EURUSD5'
0	06:39:39.150	HistoryCenter: 2 bars imported in 'EURUSD5'
0	06:39:40.206	HistoryCenter: synchronize 'EURUSD5'
0	06:39:40.940	HistoryCenter: 2 bars imported in 'EURUSD5'
0	06:39:41.473	HistoryCenter: synchronize 'EURUSD5'
0	06:39:42.204	HistoryCenter: 2 bars imported in 'EURUSD5'
0	06:39:43.279	HistoryCenter: synchronize 'EURUSD5'
0	06:39:44.038	HistoryCenter: 2 bars imported in 'EURUSD5'
0	06:39:45.113	HistoryCenter: synchronize 'EURUSD5'
0	06:39:45.875	HistoryCenter: 2 bars imported in 'EURUSD5'
0	06:39:46.421	HistoryCenter: synchronize 'EURUSD5'
0	06:39:47.178	HistoryCenter: 2 bars imported in 'EURUSD5'
0	06:59:59.997	HistoryCenter: synchronize 'EURJPY5'
0	07:00:00.752	HistoryCenter: 2 bars imported in 'EURJPY5'
0	07:00:02.357	HistoryCenter: synchronize 'GBPJPY5'
0	07:00:03.903	HistoryCenter: 2 bars imported in 'GBPJPY5'
0	07:00:03.903	HistoryCenter: synchronize 'AUDUSD5'
0	07:00:04.671	HistoryCenter: 2 bars imported in 'AUDUSD5'
0	07:00:04.671	HistoryCenter: synchronize 'EURGBP5'
0	07:00:05.421	HistoryCenter: 2 bars imported in 'EURGBP5'
0	07:00:05.421	HistoryCenter: synchronize 'EURUSD5'
0	07:00:06.178	HistoryCenter: 2 bars imported in 'EURUSD5'
0	07:00:06.724	HistoryCenter: synchronize 'AUDUSD5'
0	07:00:07.457	HistoryCenter: 2 bars imported in 'AUDUSD5'
0	07:00:07.457	HistoryCenter: synchronize 'EURUSD5'
0	07:00:08.201	HistoryCenter: 2 bars imported in 'EURUSD5'
0	07:00:08.201	HistoryCenter: synchronize 'AUDUSD5'
0	07:00:08.985	HistoryCenter: 2 bars imported in 'AUDUSD5'
0	07:00:08.985	HistoryCenter: synchronize 'GBPJPY5'
0	07:00:09.754	HistoryCenter: 2 bars imported in 'GBPJPY5'
0	07:00:09.754	HistoryCenter: synchronize 'AUDUSD5'
0	07:00:10.507	HistoryCenter: 2 bars imported in 'AUDUSD5'
0	07:00:10.507	HistoryCenter: synchronize 'EURUSD5'
0	07:00:11.228	HistoryCenter: 2 bars imported in 'EURUSD5'
0	07:00:11.228	HistoryCenter: synchronize 'AUDUSD5'
0	07:00:12.006	HistoryCenter: 2 bars imported in 'AUDUSD5'
0	07:00:12.006	HistoryCenter: synchronize 'GBPJPY5'
0	07:00:12.753	HistoryCenter: 2 bars imported in 'GBPJPY5'
0	07:00:12.753	HistoryCenter: synchronize 'EURJPY5'
0	07:00:13.495	HistoryCenter: 2 bars imported in 'EURJPY5'
0	07:00:13.495	HistoryCenter: synchronize 'EURGBP5'
0	07:00:14.263	HistoryCenter: 2 bars imported in 'EURGBP5'
0	07:00:14.263	HistoryCenter: synchronize 'GBPUSD5'
0	07:00:14.984	HistoryCenter: 2 bars imported in 'GBPUSD5'
0	07:00:15.510	HistoryCenter: synchronize 'EURUSD5'
0	07:00:16.262	HistoryCenter: 2 bars imported in 'EURUSD5'
0	07:00:16.262	HistoryCenter: synchronize 'EURGBP5'
0	07:00:17.028	HistoryCenter: 2 bars imported in 'EURGBP5'
0	07:00:17.028	HistoryCenter: synchronize 'EURUSD5'
0	07:00:17.768	HistoryCenter: 2 bars imported in 'EURUSD5'
0	07:00:17.768	HistoryCenter: synchronize 'GBPUSD5'
0	07:00:18.537	HistoryCenter: 2 bars imported in 'GBPUSD5'
0	07:00:18.537	HistoryCenter: synchronize 'EURUSD5'
0	07:00:19.294	HistoryCenter: 2 bars imported in 'EURUSD5'
0	08:00:10.936	HistoryCenter: synchronize 'AUDUSD5'
1	08:00:14.079	HistoryCenter: '15069840' cannot login to: Alpari-Demo
0	08:00:19.471	HistoryCenter: synchronize 'AUDUSD5'
0	08:00:22.776	HistoryCenter: 2 bars imported in 'AUDUSD5'
0	08:00:22.776	HistoryCenter: synchronize 'EURGBP5'
0	08:00:26.227	HistoryCenter: 2 bars imported in 'EURGBP5'
0	08:00:26.227	HistoryCenter: synchronize 'EURUSD5'
1	08:00:29.616	HistoryCenter: '15069840' cannot login to: Alpari-Demo
0	08:00:34.970	HistoryCenter: synchronize 'AUDUSD5'
0	08:00:39.937	HistoryCenter: 2 bars imported in 'AUDUSD5'
0	08:00:39.937	HistoryCenter: synchronize 'EURUSD5'
0	08:00:42.923	HistoryCenter: 2 bars imported in 'EURUSD5'
0	08:00:42.923	HistoryCenter: synchronize 'AUDUSD5'
1	08:00:46.979	HistoryCenter: '15069840' cannot login to: Alpari-Demo
0	08:00:52.317	HistoryCenter: synchronize 'EURUSD5'
1	08:00:56.182	HistoryCenter: '15069840' cannot login to: Alpari-Demo
0	08:01:01.589	HistoryCenter: synchronize 'GBPJPY5'
0	08:01:07.436	HistoryCenter: 2 bars imported in 'GBPJPY5'
0	08:01:07.436	HistoryCenter: synchronize 'EURJPY5'
0	08:01:09.038	HistoryCenter: 2 bars imported in 'EURJPY5'
0	08:01:09.038	HistoryCenter: synchronize 'EURGBP5'
0	08:01:12.919	HistoryCenter: 2 bars imported in 'EURGBP5'
0	08:01:12.919	HistoryCenter: synchronize 'GBPUSD5'
0	08:01:16.072	HistoryCenter: 2 bars imported in 'GBPUSD5'
0	08:01:16.617	HistoryCenter: synchronize 'AUDUSD5'
0	08:01:19.972	HistoryCenter: 2 bars imported in 'AUDUSD5'
0	08:01:19.972	HistoryCenter: synchronize 'EURUSD5'
0	08:01:25.422	HistoryCenter: 2 bars imported in 'EURUSD5'
0	09:00:02.082	HistoryCenter: synchronize 'GBPUSD5'
0	09:00:02.871	HistoryCenter: 2 bars imported in 'GBPUSD5'
0	09:00:03.409	HistoryCenter: synchronize 'EURGBP5'
0	09:00:04.197	HistoryCenter: 2 bars imported in 'EURGBP5'
0	09:00:04.737	HistoryCenter: synchronize 'EURUSD5'
0	09:00:05.774	HistoryCenter: 2 bars imported in 'EURUSD5'
0	09:00:05.774	HistoryCenter: synchronize 'EURJPY5'
0	09:00:07.078	HistoryCenter: 2 bars imported in 'EURJPY5'
0	09:00:07.078	HistoryCenter: synchronize 'GBPJPY5'
0	09:00:08.818	HistoryCenter: 2 bars imported in 'GBPJPY5'
0	09:00:08.818	HistoryCenter: synchronize 'AUDUSD5'
0	09:00:09.581	HistoryCenter: 2 bars imported in 'AUDUSD5'
0	09:00:09.581	HistoryCenter: synchronize 'EURUSD5'
0	09:00:10.428	HistoryCenter: 2 bars imported in 'EURUSD5'
0	09:00:10.428	HistoryCenter: synchronize 'AUDUSD5'
0	09:00:11.328	HistoryCenter: 2 bars imported in 'AUDUSD5'
0	09:00:11.328	HistoryCenter: synchronize 'EURUSD5'
0	09:00:12.256	HistoryCenter: 2 bars imported in 'EURUSD5'
0	09:00:12.256	HistoryCenter: synchronize 'GBPJPY5'
0	09:00:13.358	HistoryCenter: 2 bars imported in 'GBPJPY5'
0	09:00:13.358	HistoryCenter: synchronize 'EURJPY5'
0	09:00:14.204	HistoryCenter: 2 bars imported in 'EURJPY5'
0	09:00:14.204	HistoryCenter: synchronize 'EURGBP5'
0	09:00:15.394	HistoryCenter: 2 bars imported in 'EURGBP5'
0	09:00:15.394	HistoryCenter: synchronize 'GBPUSD5'
0	09:00:16.849	HistoryCenter: 2 bars imported in 'GBPUSD5'
0	09:00:17.401	HistoryCenter: synchronize 'AUDUSD5'
0	09:00:18.373	HistoryCenter: 2 bars imported in 'AUDUSD5'
0	09:00:18.373	HistoryCenter: synchronize 'EURUSD5'
0	09:00:19.220	HistoryCenter: 2 bars imported in 'EURUSD5'
0	10:00:02.550	HistoryCenter: synchronize 'GBPUSD5'
0	10:00:03.907	HistoryCenter: 2 bars imported in 'GBPUSD5'
0	10:00:04.457	HistoryCenter: synchronize 'EURGBP5'
0	10:00:05.854	HistoryCenter: 2 bars imported in 'EURGBP5'
0	10:00:05.854	HistoryCenter: synchronize 'EURUSD5'
0	10:00:06.607	HistoryCenter: 2 bars imported in 'EURUSD5'
0	10:00:07.139	HistoryCenter: synchronize 'EURJPY5'
0	10:00:07.897	HistoryCenter: 2 bars imported in 'EURJPY5'
0	10:00:07.897	HistoryCenter: synchronize 'GBPJPY5'
0	10:00:08.642	HistoryCenter: 2 bars imported in 'GBPJPY5'
0	10:00:09.161	HistoryCenter: synchronize 'AUDUSD5'
0	10:00:09.908	HistoryCenter: 2 bars imported in 'AUDUSD5'
0	10:00:09.908	HistoryCenter: synchronize 'EURUSD5'
0	10:00:10.670	HistoryCenter: 2 bars imported in 'EURUSD5'
0	10:00:10.670	HistoryCenter: synchronize 'AUDUSD5'
0	10:00:11.412	HistoryCenter: 2 bars imported in 'AUDUSD5'
0	10:00:11.412	HistoryCenter: synchronize 'EURUSD5'
0	10:00:12.156	HistoryCenter: 2 bars imported in 'EURUSD5'
0	10:00:12.157	HistoryCenter: synchronize 'AUDUSD5'
0	10:00:12.896	HistoryCenter: 2 bars imported in 'AUDUSD5'
0	10:00:12.896	HistoryCenter: synchronize 'EURUSD5'
0	10:00:13.652	HistoryCenter: 2 bars imported in 'EURUSD5'
0	10:00:13.652	HistoryCenter: synchronize 'GBPJPY5'
0	10:00:15.271	HistoryCenter: 2 bars imported in 'GBPJPY5'
0	10:00:15.271	HistoryCenter: synchronize 'EURUSD5'
0	10:00:16.926	HistoryCenter: 2 bars imported in 'EURUSD5'
0	10:00:16.926	HistoryCenter: synchronize 'EURJPY5'
0	10:00:18.310	HistoryCenter: 2 bars imported in 'EURJPY5'
0	10:00:18.310	HistoryCenter: synchronize 'EURGBP5'
0	10:00:19.911	HistoryCenter: 2 bars imported in 'EURGBP5'
0	10:00:19.911	HistoryCenter: synchronize 'GBPUSD5'
0	10:00:21.516	HistoryCenter: 2 bars imported in 'GBPUSD5'
2	10:11:59.476	Custom indicator fadedbckgrnd2__1 GBPUSD,M5: removed
2	10:11:59.476	Custom indicator FixedChartScale GBPUSD,M5: removed
2	10:11:59.495	Custom indicator Price Pro Value Chart Profissional - PT-BR GBPUSD,M5: removed
2	10:11:59.495	Custom indicator fadedbckgrnd2__1 EURGBP,M5: removed
2	10:11:59.495	Custom indicator FixedChartScale EURGBP,M5: removed
2	10:11:59.513	Custom indicator Price Pro Value Chart Profissional - PT-BR EURGBP,M5: removed
2	10:11:59.513	Custom indicator fadedbckgrnd2__1 EURJPY,M5: removed
2	10:11:59.521	Custom indicator FixedChartScale EURJPY,M5: removed
2	10:11:59.529	Custom indicator Price Pro Value Chart Profissional - PT-BR EURJPY,M5: removed
2	10:11:59.537	Custom indicator fadedbckgrnd2__1 GBPJPY,M5: removed
2	10:11:59.537	Custom indicator FixedChartScale GBPJPY,M5: removed
2	10:11:59.545	Custom indicator Price Pro Value Chart Profissional - PT-BR GBPJPY,M5: removed
2	10:11:59.558	Custom indicator fadedbckgrnd2__1 EURUSD,M5: removed
2	10:11:59.559	Custom indicator FixedChartScale EURUSD,M5: removed
2	10:11:59.571	Custom indicator Price Pro Value Chart Profissional - PT-BR EURUSD,M5: removed
2	10:11:59.571	Custom indicator fadedbckgrnd2__1 AUDUSD,M5: removed
2	10:11:59.579	Custom indicator FixedChartScale AUDUSD,M5: removed
2	10:11:59.587	Custom indicator Price Pro Value Chart Profissional - PT-BR AUDUSD,M5: removed
0	10:11:59.765	Alpari MT4 build 1359 stopped
0	16:48:56.392	Alpari MT4 build 1359 started (Alpari International)
0	16:48:56.392	Windows 10 Pro x64, IE 11, UAC, 8 x Intel Core i7-7700HQ  @ 2.80GHz, Memory: 12448 / 16267 Mb, Disk: 389 / 476 Gb, GMT-3
0	16:48:56.392	Data Folder: C:\Users\Administrator\AppData\Roaming\MetaQuotes\Terminal\287469DEA9630EA94D0715D755974F1B
2	16:48:57.881	Custom indicator fadedbckgrnd2__1 GBPUSD,M5: loaded successfully
2	16:48:57.896	Custom indicator FixedChartScale GBPUSD,M5: loaded successfully
2	16:48:58.011	Custom indicator Price Pro Value Chart Profissional - PT-BR GBPUSD,M5: loaded successfully
2	16:48:58.180	Custom indicator Price Pro Value Chart Profissional - PT-BR GBPUSD,M5: removed
2	16:48:58.217	Custom indicator fadedbckgrnd2__1 EURGBP,M5: loaded successfully
2	16:48:58.226	Custom indicator FixedChartScale EURGBP,M5: loaded successfully
2	16:48:58.312	Custom indicator Price Pro Value Chart Profissional - PT-BR EURGBP,M5: loaded successfully
2	16:48:58.497	Custom indicator Price Pro Value Chart Profissional - PT-BR EURGBP,M5: removed
2	16:48:58.516	Custom indicator fadedbckgrnd2__1 EURJPY,M5: loaded successfully
2	16:48:58.531	Custom indicator FixedChartScale EURJPY,M5: loaded successfully
2	16:48:58.628	Custom indicator Price Pro Value Chart Profissional - PT-BR EURJPY,M5: loaded successfully
2	16:48:58.802	Custom indicator Price Pro Value Chart Profissional - PT-BR EURJPY,M5: removed
2	16:48:58.834	Custom indicator fadedbckgrnd2__1 GBPJPY,M5: loaded successfully
2	16:48:58.842	Custom indicator FixedChartScale GBPJPY,M5: loaded successfully
2	16:48:58.944	Custom indicator Price Pro Value Chart Profissional - PT-BR GBPJPY,M5: loaded successfully
2	16:48:59.128	Custom indicator Price Pro Value Chart Profissional - PT-BR GBPJPY,M5: removed
2	16:48:59.150	Custom indicator fadedbckgrnd2__1 EURUSD,M5: loaded successfully
2	16:48:59.166	Custom indicator FixedChartScale EURUSD,M5: loaded successfully
2	16:48:59.270	Custom indicator Price Pro Value Chart Profissional - PT-BR EURUSD,M5: loaded successfully
2	16:48:59.441	Custom indicator Price Pro Value Chart Profissional - PT-BR EURUSD,M5: removed
2	16:48:59.471	Custom indicator fadedbckgrnd2__1 AUDUSD,M5: loaded successfully
2	16:48:59.478	Custom indicator FixedChartScale AUDUSD,M5: loaded successfully
2	16:48:59.580	Custom indicator Price Pro Value Chart Profissional - PT-BR AUDUSD,M5: loaded successfully
2	16:48:59.749	Custom indicator Price Pro Value Chart Profissional - PT-BR AUDUSD,M5: removed
0	16:49:00.002	HistoryCenter: synchronize 'GBPUSD5'
0	16:49:00.871	HistoryCenter: 80 bars imported in 'GBPUSD5'
0	16:49:00.871	HistoryCenter: synchronize 'EURUSD5'
0	16:49:00.906	'15069840': login on Alpari-Demo through Demo.Europe.9:1119 (ping: 258.67 ms)
0	16:49:01.630	HistoryCenter: 80 bars imported in 'EURUSD5'
0	16:49:01.630	HistoryCenter: synchronize 'GBPJPY5'
0	16:49:02.402	HistoryCenter: 80 bars imported in 'GBPJPY5'
0	16:49:02.402	HistoryCenter: synchronize 'EURJPY5'
0	16:49:03.057	'15069840': login datacenter on Alpari-Demo through Demo.Europe.9:1119 (ping: 258.67 ms)
0	16:49:03.157	HistoryCenter: 80 bars imported in 'EURJPY5'
0	16:49:03.157	HistoryCenter: synchronize 'EURGBP5'
0	16:49:03.679	'15069840': previous successful authorization performed from 177.13.220.247
0	16:49:03.938	HistoryCenter: 80 bars imported in 'EURGBP5'
0	16:49:04.488	HistoryCenter: synchronize 'AUDUSD5'
0	16:49:05.247	HistoryCenter: 2 bars imported in 'AUDUSD5'
2	16:49:09.938	Custom indicator fadedbckgrnd2__1 GBPUSD,M5: removed
2	16:49:09.938	Custom indicator FixedChartScale GBPUSD,M5: removed
2	16:49:09.953	Custom indicator fadedbckgrnd2__1 GBPUSD,M5: loaded successfully
2	16:49:09.959	Custom indicator FixedChartScale GBPUSD,M5: loaded successfully
2	16:49:10.060	Custom indicator Price Pro Value Chart Profissional - PT-BR GBPUSD,M5: loaded successfully
0	16:49:10.578	HistoryCenter: synchronize 'GBPUSD5'
0	16:49:11.340	HistoryCenter: 2 bars imported in 'GBPUSD5'
0	16:49:12.901	HistoryCenter: synchronize 'GBPUSD5'
0	16:49:13.788	HistoryCenter: 2 bars imported in 'GBPUSD5'
0	16:49:14.348	HistoryCenter: synchronize 'GBPUSD5'
0	16:49:15.083	HistoryCenter: 2 bars imported in 'GBPUSD5'
0	16:49:15.616	HistoryCenter: synchronize 'GBPUSD5'
0	16:49:16.370	HistoryCenter: 2 bars imported in 'GBPUSD5'
0	16:49:17.436	HistoryCenter: synchronize 'GBPUSD5'
0	16:49:18.207	HistoryCenter: 2 bars imported in 'GBPUSD5'
0	16:49:18.740	HistoryCenter: synchronize 'GBPUSD5'
0	16:49:19.464	HistoryCenter: 2 bars imported in 'GBPUSD5'
0	16:49:20.544	HistoryCenter: synchronize 'GBPUSD5'
0	16:49:21.321	HistoryCenter: 2 bars imported in 'GBPUSD5'
0	16:49:50.920	'15069840': ping to current access point Demo.Europe.9:1119 is 257.50 ms
0	17:00:02.613	HistoryCenter: synchronize 'GBPUSD5'
0	17:00:03.478	HistoryCenter: 2 bars imported in 'GBPUSD5'
0	17:00:04.024	HistoryCenter: synchronize 'GBPUSD5'
0	17:00:04.952	HistoryCenter: 2 bars imported in 'GBPUSD5'
0	17:00:06.052	HistoryCenter: synchronize 'GBPUSD5'
0	17:00:06.813	HistoryCenter: 2 bars imported in 'GBPUSD5'
0	17:00:07.364	HistoryCenter: synchronize 'GBPUSD5'
0	17:00:08.597	HistoryCenter: 2 bars imported in 'GBPUSD5'
0	17:00:09.140	HistoryCenter: synchronize 'GBPUSD5'
0	17:00:09.892	HistoryCenter: 2 bars imported in 'GBPUSD5'
0	17:00:10.993	HistoryCenter: synchronize 'GBPUSD5'
0	17:00:12.798	HistoryCenter: 2 bars imported in 'GBPUSD5'
2	17:04:13.560	Custom indicator Price Pro Value Chart Profissional - PT-BR GBPUSD,M5: removed
0	17:04:13.583	HistoryCenter: synchronize 'GBPUSD5'
0	17:04:15.737	HistoryCenter: 2 bars imported in 'GBPUSD5'
2	17:04:22.415	Custom indicator fadedbckgrnd2__1 GBPUSD,M5: removed
2	17:04:22.416	Custom indicator FixedChartScale GBPUSD,M5: removed
2	17:04:22.424	Custom indicator fadedbckgrnd2__1 GBPUSD,M5: loaded successfully
2	17:04:22.434	Custom indicator FixedChartScale GBPUSD,M5: loaded successfully
2	17:04:22.545	Custom indicator Price Pro Value Chart Profissional - PT-BR GBPUSD,M5: loaded successfully
0	17:04:23.442	HistoryCenter: synchronize 'GBPUSD5'
0	17:04:27.137	HistoryCenter: 2 bars imported in 'GBPUSD5'
0	17:04:29.871	HistoryCenter: synchronize 'GBPUSD5'
0	17:04:31.059	HistoryCenter: 2 bars imported in 'GBPUSD5'
0	17:04:32.153	HistoryCenter: synchronize 'GBPUSD5'
0	17:04:34.653	HistoryCenter: 2 bars imported in 'GBPUSD5'
0	17:04:35.196	HistoryCenter: synchronize 'GBPUSD5'
0	17:04:38.871	HistoryCenter: 2 bars imported in 'GBPUSD5'
0	17:04:39.977	HistoryCenter: synchronize 'GBPUSD5'
0	17:04:42.985	HistoryCenter: 2 bars imported in 'GBPUSD5'
0	18:00:06.828	HistoryCenter: synchronize 'GBPUSD5'
0	18:00:07.571	HistoryCenter: 2 bars imported in 'GBPUSD5'
0	18:00:08.117	HistoryCenter: synchronize 'GBPUSD5'
0	18:00:09.506	HistoryCenter: 2 bars imported in 'GBPUSD5'
0	18:00:10.050	HistoryCenter: synchronize 'GBPUSD5'
0	18:00:10.819	HistoryCenter: 2 bars imported in 'GBPUSD5'
0	18:00:11.369	HistoryCenter: synchronize 'GBPUSD5'
0	18:00:12.120	HistoryCenter: 2 bars imported in 'GBPUSD5'
0	18:00:13.221	HistoryCenter: synchronize 'GBPUSD5'
0	18:00:13.985	HistoryCenter: 2 bars imported in 'GBPUSD5'
0	18:00:15.092	HistoryCenter: synchronize 'GBPUSD5'
0	18:00:15.827	HistoryCenter: 2 bars imported in 'GBPUSD5'
0	18:00:16.378	HistoryCenter: synchronize 'GBPUSD5'
0	18:00:17.141	HistoryCenter: 2 bars imported in 'GBPUSD5'
0	18:00:18.229	HistoryCenter: synchronize 'GBPUSD5'
0	18:00:19.052	HistoryCenter: 2 bars imported in 'GBPUSD5'
0	18:00:20.156	HistoryCenter: synchronize 'GBPUSD5'
0	18:00:20.937	HistoryCenter: 2 bars imported in 'GBPUSD5'
2	18:05:28.135	Custom indicator fadedbckgrnd2__1 GBPUSD,M5: removed
2	18:05:28.137	Custom indicator FixedChartScale GBPUSD,M5: removed
2	18:05:28.159	Custom indicator Price Pro Value Chart Profissional - PT-BR GBPUSD,M5: removed
2	18:05:28.164	Custom indicator fadedbckgrnd2__1 EURGBP,M5: removed
2	18:05:28.165	Custom indicator FixedChartScale EURGBP,M5: removed
2	18:05:28.170	Custom indicator fadedbckgrnd2__1 EURJPY,M5: removed
2	18:05:28.171	Custom indicator FixedChartScale EURJPY,M5: removed
2	18:05:28.175	Custom indicator fadedbckgrnd2__1 GBPJPY,M5: removed
2	18:05:28.177	Custom indicator FixedChartScale GBPJPY,M5: removed
2	18:05:28.185	Custom indicator fadedbckgrnd2__1 EURUSD,M5: removed
2	18:05:28.187	Custom indicator FixedChartScale EURUSD,M5: removed
2	18:05:28.194	Custom indicator fadedbckgrnd2__1 AUDUSD,M5: removed
2	18:05:28.195	Custom indicator FixedChartScale AUDUSD,M5: removed
0	18:05:28.393	Alpari MT4 build 1359 stopped
0	18:11:32.181	Alpari MT4 build 1359 started (Alpari International)
0	18:11:32.182	Windows 10 Pro x64, IE 11, UAC, 8 x Intel Core i7-7700HQ  @ 2.80GHz, Memory: 11938 / 16267 Mb, Disk: 389 / 476 Gb, GMT-3
0	18:11:32.182	Data Folder: C:\Users\Administrator\AppData\Roaming\MetaQuotes\Terminal\287469DEA9630EA94D0715D755974F1B
2	18:11:33.432	Custom indicator fadedbckgrnd2__1 GBPUSD,M5: loaded successfully
2	18:11:33.445	Custom indicator FixedChartScale GBPUSD,M5: loaded successfully
2	18:11:33.563	Custom indicator Price Pro Value Chart Profissional - PT-BR GBPUSD,M5: loaded successfully
2	18:11:33.771	Custom indicator Price Pro Value Chart Profissional - PT-BR GBPUSD,M5: removed
2	18:11:33.813	Custom indicator fadedbckgrnd2__1 EURGBP,M5: loaded successfully
2	18:11:33.829	Custom indicator FixedChartScale EURGBP,M5: loaded successfully
2	18:11:33.909	Custom indicator fadedbckgrnd2__1 EURJPY,M5: loaded successfully
2	18:11:33.910	Custom indicator FixedChartScale EURJPY,M5: loaded successfully
2	18:11:33.993	Custom indicator fadedbckgrnd2__1 GBPJPY,M5: loaded successfully
2	18:11:34.009	Custom indicator FixedChartScale GBPJPY,M5: loaded successfully
2	18:11:34.079	Custom indicator fadedbckgrnd2__1 EURUSD,M5: loaded successfully
2	18:11:34.095	Custom indicator FixedChartScale EURUSD,M5: loaded successfully
2	18:11:34.157	Custom indicator fadedbckgrnd2__1 AUDUSD,M5: loaded successfully
2	18:11:34.163	Custom indicator FixedChartScale AUDUSD,M5: loaded successfully
0	18:11:34.495	HistoryCenter: synchronize 'GBPUSD5'
0	18:11:35.220	HistoryCenter: 2 bars imported in 'GBPUSD5'
0	18:11:35.440	'15069840': login on Alpari-Demo through Demo.Europe.9:1119 (ping: 257.50 ms)
0	18:11:37.596	'15069840': login datacenter on Alpari-Demo through Demo.Europe.9:1119 (ping: 257.50 ms)
0	18:11:38.225	'15069840': previous successful authorization performed from 177.13.220.247
2	18:11:43.192	Custom indicator fadedbckgrnd2__1 GBPUSD,M5: removed
2	18:11:43.192	Custom indicator FixedChartScale GBPUSD,M5: removed
2	18:11:43.207	Custom indicator fadedbckgrnd2__1 GBPUSD,M5: loaded successfully
2	18:11:43.207	Custom indicator FixedChartScale GBPUSD,M5: loaded successfully
2	18:11:43.308	Custom indicator Price Pro Value Chart Profissional - PT-BR GBPUSD,M5: loaded successfully
0	18:11:43.746	HistoryCenter: synchronize 'GBPUSD5'
0	18:11:44.486	HistoryCenter: 2 bars imported in 'GBPUSD5'
0	18:11:46.107	HistoryCenter: synchronize 'GBPUSD5'
0	18:11:46.879	HistoryCenter: 2 bars imported in 'GBPUSD5'
0	18:11:47.944	HistoryCenter: synchronize 'GBPUSD5'
0	18:11:48.685	HistoryCenter: 2 bars imported in 'GBPUSD5'
0	18:11:49.736	HistoryCenter: synchronize 'GBPUSD5'
0	18:11:50.507	HistoryCenter: 2 bars imported in 'GBPUSD5'
0	18:11:51.596	HistoryCenter: synchronize 'GBPUSD5'
0	18:11:52.346	HistoryCenter: 2 bars imported in 'GBPUSD5'
0	18:11:52.879	HistoryCenter: synchronize 'GBPUSD5'
0	18:11:53.589	HistoryCenter: 2 bars imported in 'GBPUSD5'
0	18:11:54.656	HistoryCenter: synchronize 'GBPUSD5'
0	18:11:55.428	HistoryCenter: 2 bars imported in 'GBPUSD5'
0	18:11:55.975	HistoryCenter: synchronize 'GBPUSD5'
0	18:11:56.762	HistoryCenter: 2 bars imported in 'GBPUSD5'
0	18:11:57.867	HistoryCenter: synchronize 'GBPUSD5'
0	18:11:58.653	HistoryCenter: 2 bars imported in 'GBPUSD5'
0	18:12:22.351	'15069840': auto connecting to a better access point Demo.Europe.2:444 (ping is 242.97 ms)
0	18:12:23.171	'15069840': login on Alpari-Demo through Demo.Europe.2:444 (ping: 242.97 ms)
0	18:12:24.981	'15069840': login datacenter on Alpari-Demo through Demo.Europe.2:444 (ping: 242.97 ms)
0	18:12:25.593	'15069840': previous successful authorization performed from 177.13.220.247
0	18:14:15.013	HistoryCenter: synchronize 'GBPUSD5'
0	18:14:16.102	HistoryCenter: 2 bars imported in 'GBPUSD5'
0	18:14:17.167	HistoryCenter: synchronize 'GBPUSD5'
0	18:14:18.025	HistoryCenter: 2 bars imported in 'GBPUSD5'
0	18:14:19.112	HistoryCenter: synchronize 'GBPUSD5'
0	18:14:20.936	HistoryCenter: 2 bars imported in 'GBPUSD5'
0	18:14:22.024	HistoryCenter: synchronize 'GBPUSD5'
0	18:14:22.857	HistoryCenter: 2 bars imported in 'GBPUSD5'
0	18:14:23.390	HistoryCenter: synchronize 'GBPUSD5'
0	18:14:24.365	HistoryCenter: 2 bars imported in 'GBPUSD5'
0	18:14:25.400	HistoryCenter: synchronize 'GBPUSD5'
0	18:14:26.426	HistoryCenter: 2 bars imported in 'GBPUSD5'
0	18:14:26.958	HistoryCenter: synchronize 'GBPUSD5'
0	18:14:27.777	HistoryCenter: 2 bars imported in 'GBPUSD5'
0	18:14:28.296	HistoryCenter: synchronize 'GBPUSD5'
0	18:14:29.604	HistoryCenter: 2 bars imported in 'GBPUSD5'
0	18:14:30.151	HistoryCenter: synchronize 'GBPUSD5'
0	18:14:30.922	HistoryCenter: 2 bars imported in 'GBPUSD5'
2	18:15:17.968	Custom indicator fadedbckgrnd2__1 GBPUSD,M5: removed
2	18:15:17.968	Custom indicator FixedChartScale GBPUSD,M5: removed
2	18:15:17.983	Custom indicator Price Pro Value Chart Profissional - PT-BR GBPUSD,M5: removed
2	18:15:17.983	Custom indicator fadedbckgrnd2__1 GBPUSD,M5: loaded successfully
2	18:15:17.999	Custom indicator FixedChartScale GBPUSD,M5: loaded successfully
2	18:15:18.099	Custom indicator Price Pro Value Chart Profissional - PT-BR GBPUSD,M5: loaded successfully
0	18:15:18.385	HistoryCenter: synchronize 'GBPUSD5'
0	18:15:19.134	HistoryCenter: 2 bars imported in 'GBPUSD5'
0	18:15:20.725	HistoryCenter: synchronize 'GBPUSD5'
0	18:15:21.481	HistoryCenter: 2 bars imported in 'GBPUSD5'
0	18:15:22.546	HistoryCenter: synchronize 'GBPUSD5'
0	18:15:23.435	HistoryCenter: 2 bars imported in 'GBPUSD5'
0	18:15:24.506	HistoryCenter: synchronize 'GBPUSD5'
0	18:15:25.479	HistoryCenter: 2 bars imported in 'GBPUSD5'
0	18:15:26.531	HistoryCenter: synchronize 'GBPUSD5'
0	18:15:27.735	HistoryCenter: 2 bars imported in 'GBPUSD5'
0	18:15:28.770	HistoryCenter: synchronize 'GBPUSD5'
0	18:15:29.713	HistoryCenter: 2 bars imported in 'GBPUSD5'
0	18:15:30.765	HistoryCenter: synchronize 'GBPUSD5'
0	18:15:31.551	HistoryCenter: 2 bars imported in 'GBPUSD5'
0	18:15:32.623	HistoryCenter: synchronize 'GBPUSD5'
0	18:15:33.404	HistoryCenter: 2 bars imported in 'GBPUSD5'
0	18:16:54.040	HistoryCenter: synchronize 'GBPUSD5'
0	18:16:55.476	HistoryCenter: 2 bars imported in 'GBPUSD5'
0	18:16:56.548	HistoryCenter: synchronize 'GBPUSD5'
0	18:16:57.304	HistoryCenter: 2 bars imported in 'GBPUSD5'
0	18:16:58.340	HistoryCenter: synchronize 'GBPUSD5'
0	18:16:59.445	HistoryCenter: 2 bars imported in 'GBPUSD5'
0	18:17:00.481	HistoryCenter: synchronize 'GBPUSD5'
0	18:17:01.941	HistoryCenter: 2 bars imported in 'GBPUSD5'
0	18:17:02.489	HistoryCenter: synchronize 'GBPUSD5'
0	18:17:03.309	HistoryCenter: 2 bars imported in 'GBPUSD5'
0	18:17:04.382	HistoryCenter: synchronize 'GBPUSD5'
0	18:17:05.181	HistoryCenter: 2 bars imported in 'GBPUSD5'
0	18:17:06.255	HistoryCenter: synchronize 'GBPUSD5'
0	18:17:07.043	HistoryCenter: 2 bars imported in 'GBPUSD5'
0	18:17:08.094	HistoryCenter: synchronize 'GBPUSD5'
0	18:17:08.965	HistoryCenter: 2 bars imported in 'GBPUSD5'
0	18:17:09.483	HistoryCenter: synchronize 'GBPUSD5'
0	18:17:10.317	HistoryCenter: 2 bars imported in 'GBPUSD5'
0	18:17:11.404	HistoryCenter: synchronize 'GBPUSD5'
0	18:17:12.507	HistoryCenter: 2 bars imported in 'GBPUSD5'
0	18:17:13.610	HistoryCenter: synchronize 'GBPUSD5'
0	18:17:14.345	HistoryCenter: 2 bars imported in 'GBPUSD5'
2	18:17:37.132	Custom indicator fadedbckgrnd2__1 EURUSD,M5: removed
2	18:17:37.134	Custom indicator FixedChartScale EURUSD,M5: removed
2	18:17:37.142	Custom indicator fadedbckgrnd2__1 EURUSD,M5: loaded successfully
2	18:17:37.151	Custom indicator FixedChartScale EURUSD,M5: loaded successfully
2	18:17:37.249	Custom indicator Price Pro Value Chart Profissional - PT-BR EURUSD,M5: loaded successfully
0	18:17:37.576	HistoryCenter: synchronize 'EURUSD5'
0	18:17:38.321	HistoryCenter: 2 bars imported in 'EURUSD5'
0	18:17:39.905	HistoryCenter: synchronize 'EURUSD5'
0	18:17:40.649	HistoryCenter: 2 bars imported in 'EURUSD5'
0	18:17:41.713	HistoryCenter: synchronize 'EURUSD5'
0	18:17:42.452	HistoryCenter: 2 bars imported in 'EURUSD5'
0	18:17:43.519	HistoryCenter: synchronize 'EURUSD5'
0	18:17:44.521	HistoryCenter: 2 bars imported in 'EURUSD5'
0	18:17:45.595	HistoryCenter: synchronize 'EURUSD5'
0	18:17:46.351	HistoryCenter: 2 bars imported in 'EURUSD5'
0	18:17:46.885	HistoryCenter: synchronize 'EURUSD5'
0	18:17:47.641	HistoryCenter: 2 bars imported in 'EURUSD5'
0	18:17:48.707	HistoryCenter: synchronize 'EURUSD5'
0	18:17:49.479	HistoryCenter: 2 bars imported in 'EURUSD5'
0	18:17:51.045	HistoryCenter: synchronize 'EURUSD5'
0	18:17:51.771	HistoryCenter: 2 bars imported in 'EURUSD5'
0	18:17:52.849	HistoryCenter: synchronize 'EURUSD5'
0	18:17:53.609	HistoryCenter: 2 bars imported in 'EURUSD5'
0	18:17:54.681	HistoryCenter: synchronize 'EURUSD5'
0	18:17:55.563	HistoryCenter: 2 bars imported in 'EURUSD5'
0	18:17:56.649	HistoryCenter: synchronize 'EURUSD5'
0	18:17:57.405	HistoryCenter: 2 bars imported in 'EURUSD5'
2	18:18:20.383	Custom indicator fadedbckgrnd2__1 EURJPY,M5: removed
2	18:18:20.383	Custom indicator FixedChartScale EURJPY,M5: removed
2	18:18:20.398	Custom indicator fadedbckgrnd2__1 EURJPY,M5: loaded successfully
2	18:18:20.398	Custom indicator FixedChartScale EURJPY,M5: loaded successfully
2	18:18:20.498	Custom indicator Price Pro Value Chart Profissional - PT-BR EURJPY,M5: loaded successfully
0	18:18:20.840	HistoryCenter: synchronize 'EURJPY5'
0	18:18:21.596	HistoryCenter: 2 bars imported in 'EURJPY5'
0	18:18:22.647	HistoryCenter: synchronize 'EURJPY5'
0	18:18:23.351	HistoryCenter: 2 bars imported in 'EURJPY5'
0	18:18:23.884	HistoryCenter: synchronize 'EURJPY5'
0	18:18:24.688	HistoryCenter: 2 bars imported in 'EURJPY5'
0	18:18:25.744	HistoryCenter: synchronize 'EURJPY5'
0	18:18:26.532	HistoryCenter: 2 bars imported in 'EURJPY5'
0	18:18:27.065	HistoryCenter: synchronize 'EURJPY5'
0	18:18:27.821	HistoryCenter: 2 bars imported in 'EURJPY5'
2	18:18:32.739	Custom indicator fadedbckgrnd2__1 GBPJPY,M5: removed
2	18:18:32.739	Custom indicator FixedChartScale GBPJPY,M5: removed
2	18:18:32.754	Custom indicator fadedbckgrnd2__1 GBPJPY,M5: loaded successfully
2	18:18:32.754	Custom indicator FixedChartScale GBPJPY,M5: loaded successfully
2	18:18:32.854	Custom indicator Price Pro Value Chart Profissional - PT-BR GBPJPY,M5: loaded successfully
0	18:18:33.657	HistoryCenter: synchronize 'GBPJPY5'
0	18:18:34.421	HistoryCenter: 2 bars imported in 'GBPJPY5'
0	18:18:34.976	HistoryCenter: synchronize 'GBPJPY5'
0	18:18:35.726	HistoryCenter: 2 bars imported in 'GBPJPY5'
0	18:18:36.267	HistoryCenter: synchronize 'GBPJPY5'
0	18:18:37.015	HistoryCenter: 2 bars imported in 'GBPJPY5'
0	18:18:38.103	HistoryCenter: synchronize 'GBPJPY5'
0	18:18:38.852	HistoryCenter: 2 bars imported in 'GBPJPY5'
0	18:18:39.377	HistoryCenter: synchronize 'GBPJPY5'
0	18:18:40.212	HistoryCenter: 2 bars imported in 'GBPJPY5'
0	18:18:41.232	HistoryCenter: synchronize 'GBPJPY5'
0	18:18:42.003	HistoryCenter: 2 bars imported in 'GBPJPY5'
0	18:18:42.566	HistoryCenter: synchronize 'GBPJPY5'
0	18:18:43.305	HistoryCenter: 2 bars imported in 'GBPJPY5'
0	18:18:44.356	HistoryCenter: synchronize 'GBPJPY5'
0	18:18:45.113	HistoryCenter: 2 bars imported in 'GBPJPY5'
0	18:18:46.149	HistoryCenter: synchronize 'GBPJPY5'
0	18:18:46.919	HistoryCenter: 2 bars imported in 'GBPJPY5'
0	18:18:47.467	HistoryCenter: synchronize 'GBPJPY5'
0	18:18:48.225	HistoryCenter: 2 bars imported in 'GBPJPY5'
0	18:18:49.276	HistoryCenter: synchronize 'GBPJPY5'
0	18:18:50.016	HistoryCenter: 2 bars imported in 'GBPJPY5'
0	18:18:51.082	HistoryCenter: synchronize 'GBPJPY5'
0	18:18:51.837	HistoryCenter: 2 bars imported in 'GBPJPY5'
0	18:18:52.355	HistoryCenter: synchronize 'GBPJPY5'
0	18:18:53.089	HistoryCenter: 2 bars imported in 'GBPJPY5'
0	18:18:54.145	HistoryCenter: synchronize 'GBPJPY5'
0	18:18:55.466	HistoryCenter: 2 bars imported in 'GBPJPY5'
0	18:18:56.516	HistoryCenter: synchronize 'GBPJPY5'
0	18:18:57.257	HistoryCenter: 2 bars imported in 'GBPJPY5'
0	18:18:58.278	HistoryCenter: synchronize 'GBPJPY5'
0	18:18:59.012	HistoryCenter: 2 bars imported in 'GBPJPY5'
2	18:19:05.537	Custom indicator fadedbckgrnd2__1 EURGBP,M5: removed
2	18:19:05.537	Custom indicator FixedChartScale EURGBP,M5: removed
2	18:19:05.537	Custom indicator fadedbckgrnd2__1 EURGBP,M5: loaded successfully
2	18:19:05.552	Custom indicator FixedChartScale EURGBP,M5: loaded successfully
2	18:19:05.659	Custom indicator Price Pro Value Chart Profissional - PT-BR EURGBP,M5: loaded successfully
0	18:19:06.355	HistoryCenter: synchronize 'EURGBP5'
0	18:19:07.096	HistoryCenter: 2 bars imported in 'EURGBP5'
0	18:19:08.161	HistoryCenter: synchronize 'EURGBP5'
0	18:19:08.933	HistoryCenter: 2 bars imported in 'EURGBP5'
0	18:19:09.972	HistoryCenter: synchronize 'EURGBP5'
0	18:19:10.725	HistoryCenter: 2 bars imported in 'EURGBP5'
0	18:19:11.257	HistoryCenter: synchronize 'EURGBP5'
0	18:19:11.991	HistoryCenter: 2 bars imported in 'EURGBP5'
2	18:19:12.362	Custom indicator fadedbckgrnd2__1 AUDUSD,M5: removed
2	18:19:12.362	Custom indicator FixedChartScale AUDUSD,M5: removed
2	18:19:12.377	Custom indicator fadedbckgrnd2__1 AUDUSD,M5: loaded successfully
2	18:19:12.377	Custom indicator FixedChartScale AUDUSD,M5: loaded successfully
2	18:19:12.477	Custom indicator Price Pro Value Chart Profissional - PT-BR AUDUSD,M5: loaded successfully
0	18:19:13.084	HistoryCenter: synchronize 'AUDUSD5'
0	18:19:13.866	HistoryCenter: 2 bars imported in 'AUDUSD5'
0	18:19:13.866	HistoryCenter: synchronize 'EURGBP5'
0	18:19:14.623	HistoryCenter: 2 bars imported in 'EURGBP5'
0	18:19:14.623	HistoryCenter: synchronize 'AUDUSD5'
0	18:19:15.394	HistoryCenter: 2 bars imported in 'AUDUSD5'
0	18:19:15.394	HistoryCenter: synchronize 'EURGBP5'
0	18:19:16.175	HistoryCenter: 2 bars imported in 'EURGBP5'
0	18:19:16.175	HistoryCenter: synchronize 'AUDUSD5'
0	18:19:16.947	HistoryCenter: 2 bars imported in 'AUDUSD5'
0	18:19:16.947	HistoryCenter: synchronize 'EURGBP5'
0	18:19:17.697	HistoryCenter: 2 bars imported in 'EURGBP5'
0	18:19:17.697	HistoryCenter: synchronize 'AUDUSD5'
0	18:19:18.453	HistoryCenter: 2 bars imported in 'AUDUSD5'
0	18:19:18.453	HistoryCenter: synchronize 'EURGBP5'
0	18:19:19.225	HistoryCenter: 2 bars imported in 'EURGBP5'
0	18:19:19.758	HistoryCenter: synchronize 'AUDUSD5'
0	18:19:20.508	HistoryCenter: 2 bars imported in 'AUDUSD5'
0	18:19:20.508	HistoryCenter: synchronize 'EURGBP5'
0	18:19:21.250	HistoryCenter: 2 bars imported in 'EURGBP5'
0	18:19:21.250	HistoryCenter: synchronize 'AUDUSD5'
0	18:19:21.983	HistoryCenter: 2 bars imported in 'AUDUSD5'
0	18:19:21.983	HistoryCenter: synchronize 'EURGBP5'
0	18:19:22.724	HistoryCenter: 2 bars imported in 'EURGBP5'
0	18:19:22.724	HistoryCenter: synchronize 'AUDUSD5'
0	18:19:23.490	HistoryCenter: 2 bars imported in 'AUDUSD5'
0	18:19:23.490	HistoryCenter: synchronize 'EURGBP5'
0	18:19:24.292	HistoryCenter: 2 bars imported in 'EURGBP5'
0	18:19:24.292	HistoryCenter: synchronize 'AUDUSD5'
0	18:19:25.032	HistoryCenter: 2 bars imported in 'AUDUSD5'
0	18:19:25.032	HistoryCenter: synchronize 'EURGBP5'
0	18:19:25.829	HistoryCenter: 2 bars imported in 'EURGBP5'
0	18:19:26.368	HistoryCenter: synchronize 'AUDUSD5'
0	18:19:27.115	HistoryCenter: 2 bars imported in 'AUDUSD5'
0	18:19:27.115	HistoryCenter: synchronize 'EURGBP5'
0	18:19:27.872	HistoryCenter: 2 bars imported in 'EURGBP5'
0	18:19:27.872	HistoryCenter: synchronize 'AUDUSD5'
0	18:19:28.636	HistoryCenter: 2 bars imported in 'AUDUSD5'
0	18:19:29.191	HistoryCenter: synchronize 'AUDUSD5'
0	18:19:29.996	HistoryCenter: 2 bars imported in 'AUDUSD5'
0	18:19:31.069	HistoryCenter: synchronize 'AUDUSD5'
0	18:19:31.833	HistoryCenter: 2 bars imported in 'AUDUSD5'
0	18:19:32.891	HistoryCenter: synchronize 'AUDUSD5'
0	18:19:33.655	HistoryCenter: 2 bars imported in 'AUDUSD5'
0	18:19:34.209	HistoryCenter: synchronize 'AUDUSD5'
0	18:19:34.996	HistoryCenter: 2 bars imported in 'AUDUSD5'
0	18:19:36.032	HistoryCenter: synchronize 'AUDUSD5'
0	18:19:36.771	HistoryCenter: 2 bars imported in 'AUDUSD5'
0	18:19:37.852	HistoryCenter: synchronize 'AUDUSD5'
0	18:19:38.610	HistoryCenter: 2 bars imported in 'AUDUSD5'
2	18:20:02.288	Custom indicator 2Trend EURUSD,M5: loaded successfully
2	18:25:17.928	Custom indicator 2Trend EURUSD,M5: removed
0	18:25:31.683	HistoryCenter: synchronize 'EURUSD5'
0	18:25:32.503	HistoryCenter: 2 bars imported in 'EURUSD5'
0	18:25:34.109	HistoryCenter: synchronize 'EURUSD5'
0	18:25:34.833	HistoryCenter: 2 bars imported in 'EURUSD5'
0	18:25:35.869	HistoryCenter: synchronize 'EURUSD5'
0	18:25:36.640	HistoryCenter: 2 bars imported in 'EURUSD5'
0	18:25:37.691	HistoryCenter: synchronize 'EURUSD5'
0	18:25:38.448	HistoryCenter: 2 bars imported in 'EURUSD5'
0	18:25:38.981	HistoryCenter: synchronize 'EURUSD5'
0	18:25:39.754	HistoryCenter: 2 bars imported in 'EURUSD5'
0	18:25:40.789	HistoryCenter: synchronize 'EURUSD5'
0	18:25:41.522	HistoryCenter: 2 bars imported in 'EURUSD5'
0	18:25:42.061	HistoryCenter: synchronize 'EURUSD5'
0	18:25:42.826	HistoryCenter: 2 bars imported in 'EURUSD5'
0	18:26:53.121	HistoryCenter: synchronize 'EURUSD5'
0	18:26:53.903	HistoryCenter: 2 bars imported in 'EURUSD5'
0	18:26:54.978	HistoryCenter: synchronize 'EURUSD5'
0	18:26:55.709	HistoryCenter: 2 bars imported in 'EURUSD5'
0	18:26:56.260	HistoryCenter: synchronize 'EURUSD5'
0	18:26:57.009	HistoryCenter: 2 bars imported in 'EURUSD5'
0	18:26:57.564	HistoryCenter: synchronize 'EURUSD5'
0	18:26:58.329	HistoryCenter: 2 bars imported in 'EURUSD5'
0	18:26:59.887	HistoryCenter: synchronize 'EURUSD5'
0	18:27:00.637	HistoryCenter: 2 bars imported in 'EURUSD5'
0	18:27:01.178	HistoryCenter: synchronize 'EURUSD5'
0	18:27:01.958	HistoryCenter: 2 bars imported in 'EURUSD5'
0	18:27:02.483	HistoryCenter: synchronize 'EURUSD5'
0	18:27:03.247	HistoryCenter: 2 bars imported in 'EURUSD5'
0	18:27:04.303	HistoryCenter: synchronize 'EURUSD5'
0	18:27:05.053	HistoryCenter: 2 bars imported in 'EURUSD5'
0	18:27:05.571	HistoryCenter: synchronize 'EURUSD5'
0	18:27:06.326	HistoryCenter: 2 bars imported in 'EURUSD5'
0	18:27:16.880	HistoryCenter: synchronize 'EURUSD5'
0	18:27:17.619	HistoryCenter: 2 bars imported in 'EURUSD5'
0	18:27:18.684	HistoryCenter: synchronize 'EURUSD5'
0	18:27:19.424	HistoryCenter: 2 bars imported in 'EURUSD5'
0	18:27:19.984	HistoryCenter: synchronize 'EURUSD5'
0	18:27:20.850	HistoryCenter: 2 bars imported in 'EURUSD5'
0	18:27:21.923	HistoryCenter: synchronize 'EURUSD5'
0	18:27:22.694	HistoryCenter: 2 bars imported in 'EURUSD5'
0	18:27:23.761	HistoryCenter: synchronize 'EURUSD5'
0	18:27:24.517	HistoryCenter: 2 bars imported in 'EURUSD5'
0	18:27:25.051	HistoryCenter: synchronize 'EURUSD5'
0	18:27:25.837	HistoryCenter: 2 bars imported in 'EURUSD5'
0	18:27:26.903	HistoryCenter: synchronize 'EURUSD5'
0	18:27:27.659	HistoryCenter: 2 bars imported in 'EURUSD5'
0	18:27:28.730	HistoryCenter: synchronize 'EURUSD5'
0	18:27:29.479	HistoryCenter: 2 bars imported in 'EURUSD5'
2	18:27:45.714	Custom indicator fadedbckgrnd2__1 AUDUSD,M5: removed
2	18:27:45.714	Custom indicator FixedChartScale AUDUSD,M5: removed
2	18:27:45.730	Custom indicator Price Pro Value Chart Profissional - PT-BR AUDUSD,M5: removed
2	18:27:45.736	Custom indicator fadedbckgrnd2__1 AUDUSD,M5: loaded successfully
2	18:27:45.736	Custom indicator FixedChartScale AUDUSD,M5: loaded successfully
2	18:27:45.849	Custom indicator Price Pro Value Chart Profissional - PT-BR AUDUSD,M5: loaded successfully
0	18:27:46.106	HistoryCenter: synchronize 'AUDUSD5'
0	18:27:46.850	HistoryCenter: 2 bars imported in 'AUDUSD5'
0	18:27:48.470	HistoryCenter: synchronize 'AUDUSD5'
0	18:27:49.210	HistoryCenter: 2 bars imported in 'AUDUSD5'
0	18:27:50.275	HistoryCenter: synchronize 'AUDUSD5'
0	18:27:51.032	HistoryCenter: 2 bars imported in 'AUDUSD5'
0	18:27:52.083	HistoryCenter: synchronize 'AUDUSD5'
0	18:27:52.823	HistoryCenter: 2 bars imported in 'AUDUSD5'
0	18:27:53.356	HistoryCenter: synchronize 'AUDUSD5'
0	18:27:54.090	HistoryCenter: 2 bars imported in 'AUDUSD5'
0	18:27:55.177	HistoryCenter: synchronize 'AUDUSD5'
0	18:27:55.916	HistoryCenter: 2 bars imported in 'AUDUSD5'
0	18:27:56.450	HistoryCenter: synchronize 'AUDUSD5'
0	18:27:57.206	HistoryCenter: 2 bars imported in 'AUDUSD5'
0	18:27:58.287	HistoryCenter: synchronize 'AUDUSD5'
0	18:27:59.059	HistoryCenter: 2 bars imported in 'AUDUSD5'
0	18:27:59.591	HistoryCenter: synchronize 'AUDUSD5'
0	18:28:00.332	HistoryCenter: 2 bars imported in 'AUDUSD5'
0	18:28:01.382	HistoryCenter: synchronize 'AUDUSD5'
0	18:28:02.154	HistoryCenter: 2 bars imported in 'AUDUSD5'
2	18:28:21.164	Custom indicator fadedbckgrnd2__1 GBPUSD,M5: removed
2	18:28:21.164	Custom indicator FixedChartScale GBPUSD,M5: removed
2	18:28:21.180	Custom indicator Price Pro Value Chart Profissional - PT-BR GBPUSD,M5: removed
2	18:28:21.187	Custom indicator fadedbckgrnd2__1 GBPUSD,M5: loaded successfully
2	18:28:21.187	Custom indicator FixedChartScale GBPUSD,M5: loaded successfully
2	18:28:21.287	Custom indicator Price Pro Value Chart Profissional - PT-BR GBPUSD,M5: loaded successfully
0	18:28:21.581	HistoryCenter: synchronize 'GBPUSD5'
0	18:28:22.337	HistoryCenter: 2 bars imported in 'GBPUSD5'
0	18:28:23.409	HistoryCenter: synchronize 'GBPUSD5'
0	18:28:24.197	HistoryCenter: 2 bars imported in 'GBPUSD5'
0	18:28:24.731	HistoryCenter: synchronize 'GBPUSD5'
0	18:28:25.464	HistoryCenter: 2 bars imported in 'GBPUSD5'
0	18:28:26.019	HistoryCenter: synchronize 'GBPUSD5'
0	18:28:26.737	HistoryCenter: 2 bars imported in 'GBPUSD5'
0	18:28:27.773	HistoryCenter: synchronize 'GBPUSD5'
0	18:28:28.560	HistoryCenter: 2 bars imported in 'GBPUSD5'
0	18:28:29.611	HistoryCenter: synchronize 'GBPUSD5'
0	18:28:30.398	HistoryCenter: 2 bars imported in 'GBPUSD5'
2	18:32:51.154	Custom indicator fadedbckgrnd2__1 GBPUSD,M5: removed
2	18:32:51.156	Custom indicator FixedChartScale GBPUSD,M5: removed
2	18:32:51.175	Custom indicator Price Pro Value Chart Profissional - PT-BR GBPUSD,M5: removed
2	18:32:51.181	Custom indicator fadedbckgrnd2__1 EURGBP,M5: removed
2	18:32:51.183	Custom indicator FixedChartScale EURGBP,M5: removed
2	18:32:51.198	Custom indicator Price Pro Value Chart Profissional - PT-BR EURGBP,M5: removed
2	18:32:51.204	Custom indicator fadedbckgrnd2__1 EURJPY,M5: removed
2	18:32:51.205	Custom indicator FixedChartScale EURJPY,M5: removed
2	18:32:51.220	Custom indicator Price Pro Value Chart Profissional - PT-BR EURJPY,M5: removed
2	18:32:51.226	Custom indicator fadedbckgrnd2__1 GBPJPY,M5: removed
2	18:32:51.227	Custom indicator FixedChartScale GBPJPY,M5: removed
2	18:32:51.240	Custom indicator Price Pro Value Chart Profissional - PT-BR GBPJPY,M5: removed
2	18:32:51.253	Custom indicator fadedbckgrnd2__1 EURUSD,M5: removed
2	18:32:51.254	Custom indicator FixedChartScale EURUSD,M5: removed
2	18:32:51.267	Custom indicator Price Pro Value Chart Profissional - PT-BR EURUSD,M5: removed
2	18:32:51.277	Custom indicator fadedbckgrnd2__1 AUDUSD,M5: removed
2	18:32:51.278	Custom indicator FixedChartScale AUDUSD,M5: removed
2	18:32:51.293	Custom indicator Price Pro Value Chart Profissional - PT-BR AUDUSD,M5: removed
0	18:32:51.501	Alpari MT4 build 1359 stopped
