1	04:25:00.044	MQL5.community: authorization failed
1	04:27:19.402	MQL5.community: authorization failed
1	04:32:19.645	MQL5.community: authorization failed
1	04:37:19.887	MQL5.community: authorization failed
1	04:42:19.114	MQL5.community: authorization failed
1	04:47:19.357	MQL5.community: authorization failed
1	04:52:19.475	MQL5.community: authorization failed
1	04:57:19.608	MQL5.community: authorization failed
1	05:02:19.678	MQL5.community: authorization failed
1	05:07:19.858	MQL5.community: authorization failed
1	05:12:19.849	MQL5.community: authorization failed
1	05:17:19.982	MQL5.community: authorization failed
1	05:22:19.350	MQL5.community: authorization failed
1	05:27:19.436	MQL5.community: authorization failed
1	05:32:19.476	MQL5.community: authorization failed
1	05:37:19.640	MQL5.community: authorization failed
1	05:42:19.726	MQL5.community: authorization failed
1	05:47:19.976	MQL5.community: authorization failed
1	05:52:19.140	MQL5.community: authorization failed
1	05:57:19.148	MQL5.community: authorization failed
1	06:02:19.329	MQL5.community: authorization failed
1	06:07:19.555	MQL5.community: authorization failed
1	06:12:19.715	MQL5.community: authorization failed
1	06:17:19.957	MQL5.community: authorization failed
1	06:22:19.135	MQL5.community: authorization failed
1	06:27:19.283	MQL5.community: authorization failed
1	06:32:19.493	MQL5.community: authorization failed
0	06:35:46.521	'15069840': login on Alpari-Demo through Demo.Europe.1 (ping: 249.97 ms)
0	06:35:48.445	'15069840': login datacenter on Alpari-Demo through Demo.Europe.1 (ping: 249.97 ms)
0	06:35:49.112	'15069840': previous successful authorization performed from 177.13.222.49
0	06:35:49.622	HistoryCenter: synchronize 'GBPUSD5'
0	06:35:50.358	HistoryCenter: 2 bars imported in 'GBPUSD5'
0	06:35:50.358	HistoryCenter: synchronize 'EURUSD5'
0	06:35:51.107	HistoryCenter: 2 bars imported in 'EURUSD5'
0	06:35:51.662	HistoryCenter: synchronize 'GBPUSD5'
0	06:35:52.430	HistoryCenter: 2 bars imported in 'GBPUSD5'
0	06:35:52.430	HistoryCenter: synchronize 'EURUSD5'
0	06:35:53.196	HistoryCenter: 2 bars imported in 'EURUSD5'
0	06:35:53.758	HistoryCenter: synchronize 'GBPUSD5'
0	06:35:54.524	HistoryCenter: 2 bars imported in 'GBPUSD5'
0	06:35:54.524	HistoryCenter: synchronize 'EURUSD5'
0	06:35:55.289	HistoryCenter: 2 bars imported in 'EURUSD5'
0	06:35:55.836	HistoryCenter: synchronize 'EURUSD5'
0	06:35:56.586	HistoryCenter: 2 bars imported in 'EURUSD5'
0	06:35:57.132	HistoryCenter: synchronize 'EURUSD5'
0	06:35:57.882	HistoryCenter: 2 bars imported in 'EURUSD5'
0	06:35:58.976	HistoryCenter: synchronize 'EURUSD5'
0	06:35:59.710	HistoryCenter: 2 bars imported in 'EURUSD5'
0	06:36:00.803	HistoryCenter: synchronize 'EURUSD5'
0	06:36:01.538	HistoryCenter: 2 bars imported in 'EURUSD5'
0	06:36:02.100	HistoryCenter: synchronize 'EURUSD5'
0	06:36:02.866	HistoryCenter: 2 bars imported in 'EURUSD5'
0	06:36:03.990	HistoryCenter: synchronize 'EURUSD5'
0	06:36:04.740	HistoryCenter: 2 bars imported in 'EURUSD5'
0	06:36:05.834	HistoryCenter: synchronize 'EURUSD5'
0	06:36:06.584	HistoryCenter: 2 bars imported in 'EURUSD5'
0	06:36:07.146	HistoryCenter: synchronize 'EURUSD5'
0	06:36:07.911	HistoryCenter: 2 bars imported in 'EURUSD5'
2	06:36:36.201	Custom indicator fadedbckgrnd2__1 GBPUSD,M5: removed
2	06:36:36.201	Custom indicator FixedChartScale GBPUSD,M5: removed
2	06:36:36.217	Custom indicator Price Pro Value Chart Profissional - PT-BR GBPUSD,M5: removed
2	06:36:36.217	Custom indicator !!Color Stochastic GBPUSD,M5: removed
2	06:36:36.217	Custom indicator fadedbckgrnd2__1 GBPUSD,M5: loaded successfully
2	06:36:36.233	Custom indicator FixedChartScale GBPUSD,M5: loaded successfully
2	06:36:36.326	Custom indicator Price Pro Value Chart Profissional - PT-BR GBPUSD,M5: loaded successfully
2	06:36:36.326	Custom indicator !!Color Stochastic GBPUSD,M5: loaded successfully
0	06:36:36.686	HistoryCenter: synchronize 'GBPUSD5'
0	06:36:37.233	'15069840': auto connecting to a better access point Demo.Europe.9:1119 (ping is 260.53 ms)
0	06:36:37.529	HistoryCenter: 2 bars imported in 'GBPUSD5'
0	06:36:38.399	'15069840': login on Alpari-Demo through Demo.Europe.9:1119 (ping: 260.53 ms)
0	06:36:38.669	HistoryCenter: synchronize 'GBPUSD5'
0	06:36:39.548	HistoryCenter: 2 bars imported in 'GBPUSD5'
0	06:36:40.611	'15069840': login datacenter on Alpari-Demo through Demo.Europe.9:1119 (ping: 260.53 ms)
0	06:36:40.642	HistoryCenter: synchronize 'GBPUSD5'
0	06:36:41.415	'15069840': previous successful authorization performed from 177.13.223.47
0	06:36:41.505	HistoryCenter: 2 bars imported in 'GBPUSD5'
0	06:36:42.065	HistoryCenter: synchronize 'GBPUSD5'
0	06:36:42.931	HistoryCenter: 2 bars imported in 'GBPUSD5'
2	06:37:01.895	Custom indicator !!Color Stochastic EURUSD,M5: removed
0	06:37:11.424	HistoryCenter: synchronize 'EURUSD5'
0	06:37:12.174	HistoryCenter: 2 bars imported in 'EURUSD5'
0	06:37:13.277	HistoryCenter: synchronize 'EURUSD5'
0	06:37:14.042	HistoryCenter: 2 bars imported in 'EURUSD5'
0	06:37:14.596	HistoryCenter: synchronize 'EURUSD5'
0	06:37:15.355	HistoryCenter: 2 bars imported in 'EURUSD5'
0	06:37:15.918	HistoryCenter: synchronize 'EURUSD5'
0	06:37:16.746	HistoryCenter: 2 bars imported in 'EURUSD5'
0	06:37:17.855	HistoryCenter: synchronize 'EURUSD5'
0	06:37:18.620	HistoryCenter: 2 bars imported in 'EURUSD5'
0	06:37:19.729	HistoryCenter: synchronize 'EURUSD5'
0	06:37:20.479	HistoryCenter: 2 bars imported in 'EURUSD5'
0	06:37:21.572	HistoryCenter: synchronize 'EURUSD5'
0	06:37:22.323	HistoryCenter: 2 bars imported in 'EURUSD5'
2	06:37:41.091	Custom indicator fadedbckgrnd2__1 GBPUSD,M5: removed
2	06:37:41.091	Custom indicator FixedChartScale GBPUSD,M5: removed
2	06:37:41.107	Custom indicator Price Pro Value Chart Profissional - PT-BR GBPUSD,M5: removed
2	06:37:41.107	Custom indicator !!Color Stochastic GBPUSD,M5: removed
2	06:37:41.107	Custom indicator fadedbckgrnd2__1 GBPUSD,M5: loaded successfully
2	06:37:41.122	Custom indicator FixedChartScale GBPUSD,M5: loaded successfully
2	06:37:41.216	Custom indicator Price Pro Value Chart Profissional - PT-BR GBPUSD,M5: loaded successfully
0	06:37:41.482	HistoryCenter: synchronize 'GBPUSD5'
0	06:37:42.247	HistoryCenter: 2 bars imported in 'GBPUSD5'
0	06:37:43.341	HistoryCenter: synchronize 'GBPUSD5'
0	06:37:44.075	HistoryCenter: 2 bars imported in 'GBPUSD5'
0	06:37:44.637	HistoryCenter: synchronize 'GBPUSD5'
0	06:37:45.418	HistoryCenter: 2 bars imported in 'GBPUSD5'
0	06:37:46.543	HistoryCenter: synchronize 'GBPUSD5'
0	06:37:47.325	HistoryCenter: 2 bars imported in 'GBPUSD5'
2	06:43:56.933	Custom indicator iclock_mod1 EURUSD,M5: loaded successfully
2	06:44:06.400	Custom indicator BOT Diamond + PricePRO EURUSD,M5: loaded successfully
2	06:52:50.227	Custom indicator iclock_mod1 EURUSD,M5: removed
2	06:52:50.227	Custom indicator BOT Diamond + PricePRO EURUSD,M5: removed
2	06:53:35.841	Custom indicator fadedbckgrnd2__1 EURGBP,M5: loaded successfully
2	06:53:35.841	Custom indicator FixedChartScale EURGBP,M5: loaded successfully
2	06:53:35.935	Custom indicator Price Pro Value Chart Profissional - PT-BR EURGBP,M5: loaded successfully
0	06:53:36.482	HistoryCenter: synchronize 'EURGBP5'
0	06:53:37.419	HistoryCenter: 2 bars imported in 'EURGBP5'
0	06:53:39.075	HistoryCenter: synchronize 'EURGBP5'
0	06:53:40.166	HistoryCenter: 2 bars imported in 'EURGBP5'
0	06:53:41.251	HistoryCenter: synchronize 'EURGBP5'
0	06:53:42.254	HistoryCenter: 2 bars imported in 'EURGBP5'
0	06:53:43.363	HistoryCenter: synchronize 'EURGBP5'
0	06:53:46.050	HistoryCenter: 2 bars imported in 'EURGBP5'
0	06:53:46.596	HistoryCenter: synchronize 'EURGBP5'
0	06:53:48.455	HistoryCenter: 2 bars imported in 'EURGBP5'
0	06:53:49.565	HistoryCenter: synchronize 'EURGBP5'
0	06:53:51.393	HistoryCenter: 2 bars imported in 'EURGBP5'
0	06:53:52.533	HistoryCenter: synchronize 'EURGBP5'
0	06:53:53.658	HistoryCenter: 2 bars imported in 'EURGBP5'
0	07:00:03.226	HistoryCenter: synchronize 'EURUSD5'
0	07:00:05.118	HistoryCenter: 2 bars imported in 'EURUSD5'
0	07:00:05.670	HistoryCenter: synchronize 'EURGBP5'
0	07:00:06.955	HistoryCenter: 2 bars imported in 'EURGBP5'
0	07:00:06.955	HistoryCenter: synchronize 'GBPUSD5'
0	07:00:08.407	HistoryCenter: 2 bars imported in 'GBPUSD5'
0	07:00:08.407	HistoryCenter: synchronize 'EURUSD5'
0	07:00:10.266	HistoryCenter: 2 bars imported in 'EURUSD5'
0	07:00:10.813	HistoryCenter: synchronize 'EURGBP5'
0	07:00:12.359	HistoryCenter: 2 bars imported in 'EURGBP5'
0	07:00:12.359	HistoryCenter: synchronize 'EURUSD5'
0	07:00:13.547	HistoryCenter: 2 bars imported in 'EURUSD5'
0	07:00:14.093	HistoryCenter: synchronize 'EURGBP5'
0	07:00:15.250	HistoryCenter: 2 bars imported in 'EURGBP5'
0	07:00:15.250	HistoryCenter: synchronize 'EURUSD5'
0	07:00:16.703	HistoryCenter: 2 bars imported in 'EURUSD5'
0	07:00:17.265	HistoryCenter: synchronize 'EURGBP5'
0	07:00:18.593	HistoryCenter: 2 bars imported in 'EURGBP5'
0	07:00:18.593	HistoryCenter: synchronize 'EURUSD5'
0	07:00:19.765	HistoryCenter: 2 bars imported in 'EURUSD5'
2	07:00:53.382	Custom indicator fadedbckgrnd2__1 GBPUSD,M5: removed
2	07:00:53.382	Custom indicator FixedChartScale GBPUSD,M5: removed
2	07:00:53.397	Custom indicator Price Pro Value Chart Profissional - PT-BR GBPUSD,M5: removed
2	07:00:53.412	Custom indicator fadedbckgrnd2__1 GBPUSD,M5: loaded successfully
2	07:00:53.412	Custom indicator FixedChartScale GBPUSD,M5: loaded successfully
2	07:00:53.506	Custom indicator Price Pro Value Chart Profissional - PT-BR GBPUSD,M5: loaded successfully
0	07:00:54.131	HistoryCenter: synchronize 'GBPUSD5'
0	07:00:55.318	HistoryCenter: 2 bars imported in 'GBPUSD5'
0	07:00:55.907	HistoryCenter: synchronize 'GBPUSD5'
0	07:00:57.249	HistoryCenter: 2 bars imported in 'GBPUSD5'
0	07:00:57.811	HistoryCenter: synchronize 'GBPUSD5'
0	07:00:59.404	HistoryCenter: 2 bars imported in 'GBPUSD5'
0	08:00:05.492	HistoryCenter: synchronize 'EURUSD5'
0	08:00:07.117	HistoryCenter: 2 bars imported in 'EURUSD5'
0	08:00:07.679	HistoryCenter: synchronize 'EURGBP5'
0	08:00:10.397	HistoryCenter: 2 bars imported in 'EURGBP5'
0	08:00:10.944	HistoryCenter: synchronize 'EURGBP5'
0	08:00:12.006	HistoryCenter: 2 bars imported in 'EURGBP5'
0	08:00:12.006	HistoryCenter: synchronize 'GBPUSD5'
0	08:00:13.678	HistoryCenter: 2 bars imported in 'GBPUSD5'
0	08:00:13.678	HistoryCenter: synchronize 'EURUSD5'
0	08:00:14.756	HistoryCenter: 2 bars imported in 'EURUSD5'
0	08:00:15.318	HistoryCenter: synchronize 'EURGBP5'
0	08:00:16.771	HistoryCenter: 2 bars imported in 'EURGBP5'
0	08:00:16.771	HistoryCenter: synchronize 'EURUSD5'
0	08:00:18.161	HistoryCenter: 2 bars imported in 'EURUSD5'
0	08:00:18.724	HistoryCenter: synchronize 'EURGBP5'
0	08:00:19.551	HistoryCenter: 2 bars imported in 'EURGBP5'
0	08:00:20.114	HistoryCenter: synchronize 'EURGBP5'
0	08:00:21.254	HistoryCenter: 2 bars imported in 'EURGBP5'
0	08:00:22.348	HistoryCenter: synchronize 'EURGBP5'
0	08:00:23.612	HistoryCenter: 2 bars imported in 'EURGBP5'
0	09:00:15.376	HistoryCenter: synchronize 'EURGBP5'
0	09:00:20.608	HistoryCenter: 2 bars imported in 'EURGBP5'
0	09:00:20.608	HistoryCenter: synchronize 'GBPUSD5'
0	09:00:26.310	HistoryCenter: 2 bars imported in 'GBPUSD5'
0	09:00:26.310	HistoryCenter: synchronize 'EURUSD5'
0	09:00:31.012	HistoryCenter: 2 bars imported in 'EURUSD5'
0	09:00:31.574	HistoryCenter: synchronize 'EURGBP5'
0	09:00:37.261	HistoryCenter: 2 bars imported in 'EURGBP5'
0	10:00:11.582	HistoryCenter: synchronize 'EURUSD5'
0	10:00:12.863	HistoryCenter: 2 bars imported in 'EURUSD5'
0	10:00:13.442	HistoryCenter: synchronize 'EURGBP5'
0	10:00:19.659	HistoryCenter: 2 bars imported in 'EURGBP5'
0	10:00:21.846	HistoryCenter: synchronize 'EURGBP5'
0	10:00:27.672	HistoryCenter: 2 bars imported in 'EURGBP5'
0	10:00:27.672	HistoryCenter: synchronize 'GBPUSD5'
0	10:00:32.249	HistoryCenter: 2 bars imported in 'GBPUSD5'
0	10:00:32.249	HistoryCenter: synchronize 'EURUSD5'
0	10:00:38.030	HistoryCenter: 2 bars imported in 'EURUSD5'
0	10:00:38.030	HistoryCenter: synchronize 'GBPUSD5'
0	10:00:43.778	HistoryCenter: 2 bars imported in 'GBPUSD5'
0	10:00:44.356	HistoryCenter: synchronize 'EURGBP5'
0	10:00:48.386	HistoryCenter: 2 bars imported in 'EURGBP5'
0	11:00:14.523	HistoryCenter: synchronize 'GBPUSD5'
0	11:00:20.373	HistoryCenter: 2 bars imported in 'GBPUSD5'
0	11:00:20.920	HistoryCenter: synchronize 'EURGBP5'
0	11:00:22.169	HistoryCenter: 2 bars imported in 'EURGBP5'
0	11:00:22.169	HistoryCenter: synchronize 'GBPUSD5'
0	11:00:25.309	HistoryCenter: 2 bars imported in 'GBPUSD5'
0	11:00:25.309	HistoryCenter: synchronize 'EURUSD5'
0	11:00:30.262	HistoryCenter: 2 bars imported in 'EURUSD5'
0	11:00:30.262	HistoryCenter: synchronize 'GBPUSD5'
0	11:00:35.963	HistoryCenter: 2 bars imported in 'GBPUSD5'
0	11:00:36.510	HistoryCenter: synchronize 'EURGBP5'
0	11:00:42.118	HistoryCenter: 2 bars imported in 'EURGBP5'
1	11:31:15.739	'15069840': ping failed
0	11:31:18.845	'15069840': login on Alpari-Demo through Demo.Europe.9:1119 (ping: 260.53 ms)
0	11:31:32.233	'15069840': login datacenter on Alpari-Demo through Demo.Europe.9:1119 (ping: 260.53 ms)
0	11:31:34.232	'15069840': previous successful authorization performed from 177.13.223.47
0	11:33:48.620	'15069840': auto connecting to a better access point Demo.Europe.2:444 (ping is 267.88 ms)
1	11:34:38.289	'15069840': connect failed [Sem conexão]
0	11:38:42.795	'15069840': login on Alpari-Demo through Demo.Europe.4 (ping: n/a)
0	11:38:44.623	'15069840': login datacenter on Alpari-Demo through Demo.Europe.4 (ping: n/a)
0	11:38:45.243	'15069840': previous successful authorization performed from 177.13.223.47
0	11:40:33.674	'15069840': ping to current access point Demo.Europe.4 is 248.17 ms
1	11:56:49.816	'15069840': connect failed [Sem conexão]
0	11:57:23.980	'15069840': login on Alpari-Demo through Demo.Europe.4 (ping: n/a)
0	11:57:25.870	'15069840': login datacenter on Alpari-Demo through Demo.Europe.4 (ping: n/a)
0	11:57:26.484	'15069840': previous successful authorization performed from 177.13.223.47
0	11:58:58.310	'15069840': ping to current access point Demo.Europe.4 is 248.26 ms
0	12:00:05.607	HistoryCenter: synchronize 'GBPUSD5'
0	12:00:07.341	HistoryCenter: 2 bars imported in 'GBPUSD5'
0	12:00:07.902	HistoryCenter: synchronize 'EURGBP5'
0	12:00:09.621	HistoryCenter: 2 bars imported in 'EURGBP5'
0	12:00:09.621	HistoryCenter: synchronize 'GBPUSD5'
0	12:00:11.011	HistoryCenter: 2 bars imported in 'GBPUSD5'
0	12:00:11.011	HistoryCenter: synchronize 'EURUSD5'
0	12:00:11.902	HistoryCenter: 2 bars imported in 'EURUSD5'
0	12:00:11.902	HistoryCenter: synchronize 'GBPUSD5'
0	12:00:13.745	HistoryCenter: 2 bars imported in 'GBPUSD5'
0	12:00:13.745	HistoryCenter: synchronize 'EURUSD5'
0	12:00:15.807	HistoryCenter: 2 bars imported in 'EURUSD5'
0	12:00:16.385	HistoryCenter: synchronize 'EURGBP5'
0	12:00:18.228	HistoryCenter: 2 bars imported in 'EURGBP5'
0	12:00:18.228	HistoryCenter: synchronize 'GBPUSD5'
0	12:00:19.618	HistoryCenter: 2 bars imported in 'GBPUSD5'
0	13:00:03.006	HistoryCenter: synchronize 'EURGBP5'
0	13:00:03.803	HistoryCenter: 2 bars imported in 'EURGBP5'
0	13:00:04.356	HistoryCenter: synchronize 'GBPUSD5'
0	13:00:05.322	HistoryCenter: 2 bars imported in 'GBPUSD5'
0	13:00:05.322	HistoryCenter: synchronize 'EURUSD5'
0	13:00:06.186	HistoryCenter: 2 bars imported in 'EURUSD5'
0	13:00:06.186	HistoryCenter: synchronize 'GBPUSD5'
0	13:00:07.435	HistoryCenter: 2 bars imported in 'GBPUSD5'
0	13:00:07.435	HistoryCenter: synchronize 'EURUSD5'
0	13:00:08.850	HistoryCenter: 2 bars imported in 'EURUSD5'
0	13:00:09.412	HistoryCenter: synchronize 'EURGBP5'
0	13:00:10.771	HistoryCenter: 2 bars imported in 'EURGBP5'
0	13:00:10.771	HistoryCenter: synchronize 'GBPUSD5'
0	13:00:12.036	HistoryCenter: 2 bars imported in 'GBPUSD5'
0	13:00:12.036	HistoryCenter: synchronize 'EURUSD5'
0	13:00:13.364	HistoryCenter: 2 bars imported in 'EURUSD5'
0	13:00:13.364	HistoryCenter: synchronize 'GBPUSD5'
0	13:00:14.864	HistoryCenter: 2 bars imported in 'GBPUSD5'
0	13:00:15.426	HistoryCenter: synchronize 'EURGBP5'
0	13:00:16.691	HistoryCenter: 2 bars imported in 'EURGBP5'
0	13:00:16.691	HistoryCenter: synchronize 'GBPUSD5'
0	13:00:17.816	HistoryCenter: 2 bars imported in 'GBPUSD5'
0	13:00:18.379	HistoryCenter: synchronize 'EURGBP5'
0	13:00:19.956	HistoryCenter: 2 bars imported in 'EURGBP5'
0	13:00:19.956	HistoryCenter: synchronize 'GBPUSD5'
0	13:00:22.190	HistoryCenter: 2 bars imported in 'GBPUSD5'
2	13:45:47.527	Custom indicator fadedbckgrnd2__1 EURUSD,M5: removed
2	13:45:47.527	Custom indicator FixedChartScale EURUSD,M5: removed
2	13:45:47.542	Custom indicator Price Pro Value Chart Profissional - PT-BR EURUSD,M5: removed
2	13:45:47.542	Custom indicator fadedbckgrnd2__1 GBPUSD,M5: removed
2	13:45:47.558	Custom indicator FixedChartScale GBPUSD,M5: removed
2	13:45:47.558	Custom indicator Price Pro Value Chart Profissional - PT-BR GBPUSD,M5: removed
2	13:45:47.574	Custom indicator fadedbckgrnd2__1 EURGBP,M5: removed
2	13:45:47.574	Custom indicator FixedChartScale EURGBP,M5: removed
2	13:45:47.589	Custom indicator Price Pro Value Chart Profissional - PT-BR EURGBP,M5: removed
0	13:45:47.761	Alpari MT4 build 1359 stopped
0	14:28:10.248	Alpari MT4 build 1359 started (Alpari International)
0	14:28:10.249	Windows 10 Pro x64, IE 11, UAC, 8 x Intel Core i7-7700HQ  @ 2.80GHz, Memory: 9010 / 16267 Mb, Disk: 390 / 476 Gb, GMT-3
0	14:28:10.249	Data Folder: C:\Users\Administrator\AppData\Roaming\MetaQuotes\Terminal\287469DEA9630EA94D0715D755974F1B
2	14:28:11.454	Custom indicator fadedbckgrnd2__1 EURUSD,M5: loaded successfully
2	14:28:11.466	Custom indicator FixedChartScale EURUSD,M5: loaded successfully
2	14:28:11.584	Custom indicator Price Pro Value Chart Profissional - PT-BR EURUSD,M5: loaded successfully
2	14:28:11.790	Custom indicator Price Pro Value Chart Profissional - PT-BR EURUSD,M5: removed
2	14:28:11.817	Custom indicator fadedbckgrnd2__1 GBPUSD,M5: loaded successfully
2	14:28:11.825	Custom indicator FixedChartScale GBPUSD,M5: loaded successfully
2	14:28:11.942	Custom indicator Price Pro Value Chart Profissional - PT-BR GBPUSD,M5: loaded successfully
2	14:28:12.150	Custom indicator Price Pro Value Chart Profissional - PT-BR GBPUSD,M5: removed
2	14:28:12.179	Custom indicator fadedbckgrnd2__1 EURGBP,M5: loaded successfully
2	14:28:12.190	Custom indicator FixedChartScale EURGBP,M5: loaded successfully
2	14:28:12.304	Custom indicator Price Pro Value Chart Profissional - PT-BR EURGBP,M5: loaded successfully
2	14:28:12.512	Custom indicator Price Pro Value Chart Profissional - PT-BR EURGBP,M5: removed
0	14:28:12.738	HistoryCenter: synchronize 'EURUSD5'
0	14:28:13.605	HistoryCenter: 9 bars imported in 'EURUSD5'
0	14:28:13.605	HistoryCenter: synchronize 'GBPUSD5'
0	14:28:13.676	'15069840': login on Alpari-Demo through Demo.Europe.4 (ping: 248.26 ms)
0	14:28:14.358	HistoryCenter: 9 bars imported in 'GBPUSD5'
0	14:28:14.902	HistoryCenter: synchronize 'EURGBP5'
0	14:28:15.701	HistoryCenter: 9 bars imported in 'EURGBP5'
0	14:28:15.965	'15069840': login datacenter on Alpari-Demo through Demo.Europe.4 (ping: 248.26 ms)
0	14:28:16.583	'15069840': previous successful authorization performed from 177.13.223.47
2	14:28:51.742	Custom indicator 1Ultimate-Trend-Signals-v2-600 EURUSD,M5: loaded successfully
0	14:29:02.089	'15069840': auto connecting to a better access point Demo.Europe.9:1119 (ping is 255.20 ms)
0	14:29:02.964	'15069840': login on Alpari-Demo through Demo.Europe.9:1119 (ping: 255.20 ms)
0	14:29:04.825	'15069840': login datacenter on Alpari-Demo through Demo.Europe.9:1119 (ping: 255.20 ms)
0	14:29:05.430	'15069840': previous successful authorization performed from 177.13.223.47
2	14:31:57.957	Custom indicator 1_bars_back EURUSD,M1: loaded successfully
2	14:34:05.211	Custom indicator Price Pro Combiner Premium EURUSD,M1: loaded successfully
2	14:40:35.743	Custom indicator 1_bars_back EURUSD,M5: removed
0	14:40:40.336	'15069840': login on Alpari-Demo through Demo.Europe.2:444 (ping: 249.12 ms)
0	14:40:42.214	'15069840': login datacenter on Alpari-Demo through Demo.Europe.2:444 (ping: 249.12 ms)
0	14:40:42.826	'15069840': previous successful authorization performed from 177.13.223.47
0	16:11:58.636	HistoryCenter: synchronize 'EURUSD5'
0	16:11:59.446	HistoryCenter: 2 bars imported in 'EURUSD5'
1	16:16:59.515	'15069840': connect failed [Sem conexão]
0	16:18:11.474	'15069840': login on Alpari-Demo through Demo.Europe.2:444 (ping: 249.12 ms)
0	16:18:13.314	'15069840': login datacenter on Alpari-Demo through Demo.Europe.2:444 (ping: 249.12 ms)
0	16:18:13.939	'15069840': previous successful authorization performed from 177.13.223.47
0	16:18:59.267	'15069840': auto connecting to a better access point Demo.Europe.9:1119 (ping is 251.46 ms)
0	16:19:00.195	'15069840': login on Alpari-Demo through Demo.Europe.9:1119 (ping: 251.46 ms)
0	16:19:02.090	'15069840': login datacenter on Alpari-Demo through Demo.Europe.9:1119 (ping: 251.46 ms)
0	16:19:02.703	'15069840': previous successful authorization performed from 177.13.216.215
2	16:22:04.934	Custom indicator fadedbckgrnd2__1 GBPUSD,M5: removed
2	16:22:04.935	Custom indicator FixedChartScale GBPUSD,M5: removed
2	16:22:04.945	Custom indicator FixedChartScale GBPUSD,M5: loaded successfully
2	16:22:04.961	Custom indicator Price Pro Combiner Premium GBPUSD,M5: loaded successfully
2	16:22:15.827	Custom indicator FixedChartScale GBPUSD,M5: removed
2	16:22:15.828	Custom indicator Price Pro Combiner Premium GBPUSD,M5: removed
2	16:22:15.837	Custom indicator fadedbckgrnd2__1 GBPUSD,M5: loaded successfully
2	16:22:15.845	Custom indicator FixedChartScale GBPUSD,M5: loaded successfully
2	16:22:15.855	Custom indicator 1Ultimate-Trend-Signals-v2-600 GBPUSD,M5: loaded successfully
2	16:22:15.869	Custom indicator Price Pro Combiner Premium GBPUSD,M5: loaded successfully
2	16:22:35.744	Custom indicator fadedbckgrnd2__1 EURGBP,M1: removed
2	16:22:35.746	Custom indicator FixedChartScale EURGBP,M1: removed
2	16:22:35.755	Custom indicator fadedbckgrnd2__1 EURGBP,M1: loaded successfully
2	16:22:35.763	Custom indicator FixedChartScale EURGBP,M1: loaded successfully
2	16:22:35.772	Custom indicator 1Ultimate-Trend-Signals-v2-600 EURGBP,M1: loaded successfully
2	16:22:35.787	Custom indicator Price Pro Combiner Premium EURGBP,M1: loaded successfully
2	16:27:21.737	Custom indicator Price Pro Combiner Premium EURUSD,M1: removed
2	16:28:10.726	Custom indicator AntiLoss_Pro_V2 EURUSD,M1: loaded successfully
2	16:30:31.261	Custom indicator fadedbckgrnd2__1 GBPUSD,M1: removed
2	16:30:31.262	Custom indicator FixedChartScale GBPUSD,M1: removed
2	16:30:31.263	Custom indicator 1Ultimate-Trend-Signals-v2-600 GBPUSD,M1: removed
2	16:30:31.264	Custom indicator Price Pro Combiner Premium GBPUSD,M1: removed
2	16:30:31.276	Custom indicator fadedbckgrnd2__1 GBPUSD,M1: loaded successfully
2	16:30:31.285	Custom indicator FixedChartScale GBPUSD,M1: loaded successfully
2	16:30:31.294	Custom indicator 1Ultimate-Trend-Signals-v2-600 GBPUSD,M1: loaded successfully
2	16:30:31.358	Custom indicator AntiLoss_Pro_V2 GBPUSD,M1: loaded successfully
2	16:30:36.915	Custom indicator fadedbckgrnd2__1 EURGBP,M1: removed
2	16:30:36.917	Custom indicator FixedChartScale EURGBP,M1: removed
2	16:30:36.919	Custom indicator 1Ultimate-Trend-Signals-v2-600 EURGBP,M1: removed
2	16:30:36.920	Custom indicator Price Pro Combiner Premium EURGBP,M1: removed
2	16:30:36.929	Custom indicator fadedbckgrnd2__1 EURGBP,M1: loaded successfully
2	16:30:36.938	Custom indicator FixedChartScale EURGBP,M1: loaded successfully
2	16:30:36.947	Custom indicator 1Ultimate-Trend-Signals-v2-600 EURGBP,M1: loaded successfully
2	16:30:37.014	Custom indicator AntiLoss_Pro_V2 EURGBP,M1: loaded successfully
2	16:32:02.549	Custom indicator fadedbckgrnd2__1 GBPUSD,M1: removed
2	16:32:02.550	Custom indicator FixedChartScale GBPUSD,M1: removed
2	16:32:02.551	Custom indicator 1Ultimate-Trend-Signals-v2-600 GBPUSD,M1: removed
2	16:32:02.561	Custom indicator AntiLoss_Pro_V2 GBPUSD,M1: removed
2	16:32:02.569	Custom indicator fadedbckgrnd2__1 GBPUSD,M1: loaded successfully
2	16:32:02.579	Custom indicator FixedChartScale GBPUSD,M1: loaded successfully
2	16:32:02.589	Custom indicator 1Ultimate-Trend-Signals-v2-600 GBPUSD,M1: loaded successfully
2	16:32:02.656	Custom indicator AntiLoss_Pro_V2 GBPUSD,M1: loaded successfully
2	16:32:28.965	Custom indicator fadedbckgrnd2__1 EURUSD,M1: removed
2	16:32:28.966	Custom indicator FixedChartScale EURUSD,M1: removed
2	16:32:28.968	Custom indicator 1Ultimate-Trend-Signals-v2-600 EURUSD,M1: removed
2	16:32:28.976	Custom indicator AntiLoss_Pro_V2 EURUSD,M1: removed
2	16:32:28.986	Custom indicator fadedbckgrnd2__1 EURUSD,M1: loaded successfully
2	16:32:28.993	Custom indicator FixedChartScale EURUSD,M1: loaded successfully
2	16:32:29.003	Custom indicator 1Ultimate-Trend-Signals-v2-600 EURUSD,M1: loaded successfully
2	16:32:29.018	Custom indicator Price Pro Combiner Premium EURUSD,M1: loaded successfully
2	16:32:35.429	Custom indicator fadedbckgrnd2__1 GBPUSD,M1: removed
2	16:32:35.431	Custom indicator FixedChartScale GBPUSD,M1: removed
2	16:32:35.432	Custom indicator 1Ultimate-Trend-Signals-v2-600 GBPUSD,M1: removed
2	16:32:35.440	Custom indicator AntiLoss_Pro_V2 GBPUSD,M1: removed
2	16:32:35.449	Custom indicator fadedbckgrnd2__1 GBPUSD,M1: loaded successfully
2	16:32:35.457	Custom indicator FixedChartScale GBPUSD,M1: loaded successfully
2	16:32:35.466	Custom indicator 1Ultimate-Trend-Signals-v2-600 GBPUSD,M1: loaded successfully
2	16:32:35.482	Custom indicator Price Pro Combiner Premium GBPUSD,M1: loaded successfully
2	16:32:41.652	Custom indicator fadedbckgrnd2__1 EURGBP,M1: removed
2	16:32:41.653	Custom indicator FixedChartScale EURGBP,M1: removed
2	16:32:41.654	Custom indicator 1Ultimate-Trend-Signals-v2-600 EURGBP,M1: removed
2	16:32:41.664	Custom indicator AntiLoss_Pro_V2 EURGBP,M1: removed
2	16:32:41.673	Custom indicator fadedbckgrnd2__1 EURGBP,M1: loaded successfully
2	16:32:41.682	Custom indicator FixedChartScale EURGBP,M1: loaded successfully
2	16:32:41.690	Custom indicator 1Ultimate-Trend-Signals-v2-600 EURGBP,M1: loaded successfully
2	16:32:41.706	Custom indicator Price Pro Combiner Premium EURGBP,M1: loaded successfully
2	16:44:58.902	Custom indicator fadedbckgrnd2__1 GBPUSD,M5: removed
2	16:44:58.903	Custom indicator FixedChartScale GBPUSD,M5: removed
2	16:44:58.905	Custom indicator 1Ultimate-Trend-Signals-v2-600 GBPUSD,M5: removed
2	16:44:58.906	Custom indicator Price Pro Combiner Premium GBPUSD,M5: removed
2	16:44:58.915	Custom indicator fadedbckgrnd2__1 GBPUSD,M5: loaded successfully
2	16:44:58.923	Custom indicator FixedChartScale GBPUSD,M5: loaded successfully
2	16:44:58.932	Custom indicator 1Ultimate-Trend-Signals-v2-600 GBPUSD,M5: loaded successfully
2	16:44:58.945	Custom indicator Price Pro Combiner Premium GBPUSD,M5: loaded successfully
2	16:45:07.124	Custom indicator fadedbckgrnd2__1 EURGBP,M5: removed
2	16:45:07.126	Custom indicator FixedChartScale EURGBP,M5: removed
2	16:45:07.127	Custom indicator 1Ultimate-Trend-Signals-v2-600 EURGBP,M5: removed
2	16:45:07.128	Custom indicator Price Pro Combiner Premium EURGBP,M5: removed
2	16:45:07.136	Custom indicator fadedbckgrnd2__1 EURGBP,M5: loaded successfully
2	16:45:07.145	Custom indicator FixedChartScale EURGBP,M5: loaded successfully
2	16:45:07.154	Custom indicator 1Ultimate-Trend-Signals-v2-600 EURGBP,M5: loaded successfully
2	16:45:07.168	Custom indicator Price Pro Combiner Premium EURGBP,M5: loaded successfully
2	17:00:09.466	Custom indicator fadedbckgrnd2__1 GBPUSD,M5: removed
2	17:00:09.467	Custom indicator FixedChartScale GBPUSD,M5: removed
2	17:00:09.469	Custom indicator 1Ultimate-Trend-Signals-v2-600 GBPUSD,M5: removed
2	17:00:09.471	Custom indicator Price Pro Combiner Premium GBPUSD,M5: removed
2	17:00:10.811	Custom indicator fadedbckgrnd2__1 EURGBP,M5: removed
2	17:00:10.812	Custom indicator FixedChartScale EURGBP,M5: removed
2	17:00:10.813	Custom indicator 1Ultimate-Trend-Signals-v2-600 EURGBP,M5: removed
2	17:00:10.815	Custom indicator Price Pro Combiner Premium EURGBP,M5: removed
2	17:00:12.541	Custom indicator fadedbckgrnd2__1 EURUSD,M5: removed
2	17:00:12.542	Custom indicator FixedChartScale EURUSD,M5: removed
2	17:00:12.543	Custom indicator 1Ultimate-Trend-Signals-v2-600 EURUSD,M5: removed
2	17:00:12.545	Custom indicator Price Pro Combiner Premium EURUSD,M5: removed
2	17:00:23.257	Expert EABiBot_Tick USDCHF,H1: loaded successfully
2	17:02:45.764	Custom indicator fadedbckgrnd2__1 EURUSD-OTC,M5: loaded successfully
2	17:02:45.773	Custom indicator FixedChartScale EURUSD-OTC,M5: loaded successfully
2	17:02:45.781	Custom indicator 1Ultimate-Trend-Signals-v2-600 EURUSD-OTC,M5: loaded successfully
2	17:02:45.798	Custom indicator Price Pro Combiner Premium EURUSD-OTC,M5: loaded successfully
2	17:02:52.793	Custom indicator fadedbckgrnd2__1 EURJPY-OTC,M5: loaded successfully
2	17:02:52.802	Custom indicator FixedChartScale EURJPY-OTC,M5: loaded successfully
2	17:02:52.810	Custom indicator 1Ultimate-Trend-Signals-v2-600 EURJPY-OTC,M5: loaded successfully
2	17:02:52.825	Custom indicator Price Pro Combiner Premium EURJPY-OTC,M5: loaded successfully
0	17:15:36.196	'15069840': login on Alpari-Demo through Demo.Europe.2:444 (ping: 242.18 ms)
0	17:15:38.054	'15069840': login datacenter on Alpari-Demo through Demo.Europe.2:444 (ping: 242.18 ms)
0	17:15:38.663	'15069840': previous successful authorization performed from 177.13.216.215
2	18:01:18.713	Custom indicator fadedbckgrnd2__1 EURUSD-OTC,M5: removed
2	18:01:18.714	Custom indicator FixedChartScale EURUSD-OTC,M5: removed
2	18:01:18.716	Custom indicator 1Ultimate-Trend-Signals-v2-600 EURUSD-OTC,M5: removed
2	18:01:18.718	Custom indicator Price Pro Combiner Premium EURUSD-OTC,M5: removed
2	18:01:19.712	Custom indicator fadedbckgrnd2__1 EURJPY-OTC,M5: removed
2	18:01:19.713	Custom indicator FixedChartScale EURJPY-OTC,M5: removed
2	18:01:19.714	Custom indicator 1Ultimate-Trend-Signals-v2-600 EURJPY-OTC,M5: removed
2	18:01:19.716	Custom indicator Price Pro Combiner Premium EURJPY-OTC,M5: removed
2	18:01:21.555	Expert EABiBot_Tick USDCHF,H1: removed
2	18:01:38.768	Custom indicator fadedbckgrnd2__1 EURUSD,M5: loaded successfully
2	18:01:38.780	Custom indicator FixedChartScale EURUSD,M5: loaded successfully
2	18:01:38.888	Custom indicator Price Pro Value Chart Profissional - PT-BR EURUSD,M5: loaded successfully
0	18:01:39.374	HistoryCenter: synchronize 'EURUSD5'
0	18:01:40.208	HistoryCenter: 2 bars imported in 'EURUSD5'
0	18:01:41.310	HistoryCenter: synchronize 'EURUSD5'
0	18:01:42.084	HistoryCenter: 2 bars imported in 'EURUSD5'
0	18:01:43.191	HistoryCenter: synchronize 'EURUSD5'
0	18:01:43.928	HistoryCenter: 2 bars imported in 'EURUSD5'
0	18:01:44.486	HistoryCenter: synchronize 'EURUSD5'
0	18:01:45.242	HistoryCenter: 2 bars imported in 'EURUSD5'
0	18:01:46.340	HistoryCenter: synchronize 'EURUSD5'
0	18:01:47.072	HistoryCenter: 2 bars imported in 'EURUSD5'
0	18:01:48.170	HistoryCenter: synchronize 'EURUSD5'
0	18:01:48.933	HistoryCenter: 2 bars imported in 'EURUSD5'
0	18:01:49.477	HistoryCenter: synchronize 'EURUSD5'
0	18:01:50.361	HistoryCenter: 2 bars imported in 'EURUSD5'
0	18:01:51.462	HistoryCenter: synchronize 'EURUSD5'
0	18:01:52.315	HistoryCenter: 2 bars imported in 'EURUSD5'
0	18:01:53.416	HistoryCenter: synchronize 'EURUSD5'
0	18:02:00.276	HistoryCenter: 2 bars imported in 'EURUSD5'
0	18:02:01.374	HistoryCenter: synchronize 'EURUSD5'
0	18:02:07.498	HistoryCenter: 2 bars imported in 'EURUSD5'
2	18:02:17.852	Custom indicator fadedbckgrnd2__1 EURGBP,M5: loaded successfully
2	18:02:17.858	Custom indicator FixedChartScale EURGBP,M5: loaded successfully
2	18:02:17.968	Custom indicator Price Pro Value Chart Profissional - PT-BR EURGBP,M5: loaded successfully
0	18:02:22.885	HistoryCenter: synchronize 'EURGBP5'
0	18:02:27.123	HistoryCenter: 2 bars imported in 'EURGBP5'
0	18:02:27.669	HistoryCenter: synchronize 'EURGBP5'
2	18:02:31.005	Custom indicator fadedbckgrnd2__1 GBPUSD,M5: loaded successfully
2	18:02:31.013	Custom indicator FixedChartScale GBPUSD,M5: loaded successfully
2	18:02:31.126	Custom indicator Price Pro Value Chart Profissional - PT-BR GBPUSD,M5: loaded successfully
0	18:02:31.969	HistoryCenter: 2 bars imported in 'EURGBP5'
0	18:02:33.577	HistoryCenter: synchronize 'GBPUSD5'
0	18:02:37.440	HistoryCenter: 2 bars imported in 'GBPUSD5'
0	18:02:37.440	HistoryCenter: synchronize 'EURGBP5'
0	18:02:41.261	HistoryCenter: 2 bars imported in 'EURGBP5'
0	18:02:41.261	HistoryCenter: synchronize 'GBPUSD5'
0	18:02:45.683	HistoryCenter: 2 bars imported in 'GBPUSD5'
0	18:02:45.683	HistoryCenter: synchronize 'EURGBP5'
0	18:02:51.873	HistoryCenter: 2 bars imported in 'EURGBP5'
0	18:02:51.873	HistoryCenter: synchronize 'GBPUSD5'
0	18:02:58.609	HistoryCenter: 2 bars imported in 'GBPUSD5'
0	18:02:59.148	HistoryCenter: synchronize 'EURGBP5'
0	18:03:05.243	HistoryCenter: 2 bars imported in 'EURGBP5'
0	18:03:05.243	HistoryCenter: synchronize 'GBPUSD5'
0	18:03:10.428	HistoryCenter: 2 bars imported in 'GBPUSD5'
2	18:03:29.050	Custom indicator fadedbckgrnd2__1 EURUSD,M5: removed
2	18:03:29.050	Custom indicator FixedChartScale EURUSD,M5: removed
2	18:03:29.098	Custom indicator Price Pro Value Chart Profissional - PT-BR EURUSD,M5: removed
2	18:03:29.110	Custom indicator fadedbckgrnd2__1 EURGBP,M5: removed
2	18:03:29.114	Custom indicator FixedChartScale EURGBP,M5: removed
2	18:03:29.167	Custom indicator Price Pro Value Chart Profissional - PT-BR EURGBP,M5: removed
2	18:03:29.183	Custom indicator fadedbckgrnd2__1 GBPUSD,M5: removed
2	18:03:29.187	Custom indicator FixedChartScale GBPUSD,M5: removed
2	18:03:29.219	Custom indicator Price Pro Value Chart Profissional - PT-BR GBPUSD,M5: removed
0	18:03:29.436	Alpari MT4 build 1359 stopped
