0	11:33:45.346	'15069840': login on Alpari-Demo through Demo.Europe.3:1119 (ping: 313.69 ms)
0	11:33:47.931	'15069840': login datacenter on Alpari-Demo through Demo.Europe.3:1119 (ping: 313.69 ms)
0	11:33:48.638	'15069840': previous successful authorization performed from 177.13.221.111
0	11:34:33.103	'15069840': auto connecting to a better access point Demo.Europe.9:1119 (ping is 251.86 ms)
0	11:34:33.877	'15069840': login on Alpari-Demo through Demo.Europe.9:1119 (ping: 251.86 ms)
0	11:34:35.740	'15069840': login datacenter on Alpari-Demo through Demo.Europe.9:1119 (ping: 251.86 ms)
0	11:34:36.338	'15069840': previous successful authorization performed from 177.13.221.111
0	13:12:41.756	'15069840': login on Alpari-Demo through Demo.Europe.9:1119 (ping: 251.86 ms)
0	13:12:43.619	'15069840': login datacenter on Alpari-Demo through Demo.Europe.9:1119 (ping: 251.86 ms)
0	13:12:44.224	'15069840': previous successful authorization performed from 177.13.221.111
1	13:13:24.303	'15069840': ping failed
0	13:13:25.037	'15069840': login on Alpari-Demo through Demo.Europe.9:1119 (ping: 251.86 ms)
0	13:13:26.889	'15069840': login datacenter on Alpari-Demo through Demo.Europe.9:1119 (ping: 251.86 ms)
0	13:13:27.475	'15069840': previous successful authorization performed from 177.13.221.111
0	13:13:56.706	'15069840': ping to current access point Demo.Europe.9:1119 is 249.78 ms
2	15:43:39.989	Custom indicator PROFBOT EURUSD,M5: removed
2	15:43:39.989	Custom indicator DiamanteIA Pro  TELEGRAM@INDICADORESGRATIS EURUSD,M5: removed
2	15:43:39.989	Custom indicator fadedbckgrnd2__1 EURUSD,M5: removed
2	15:43:40.005	Custom indicator FixedChartScale EURUSD,M5: removed
2	15:43:40.005	Custom indicator PROFBOT GBPUSD,M5: removed
2	15:43:40.005	Custom indicator DiamanteIA Pro  TELEGRAM@INDICADORESGRATIS GBPUSD,M5: removed
2	15:43:40.005	Custom indicator fadedbckgrnd2__1 GBPUSD,M5: removed
2	15:43:40.005	Custom indicator FixedChartScale GBPUSD,M5: removed
2	15:43:40.020	Custom indicator PROFBOT EURGBP,M5: removed
2	15:43:40.020	Custom indicator DiamanteIA Pro  TELEGRAM@INDICADORESGRATIS EURGBP,M5: removed
2	15:43:40.020	Custom indicator fadedbckgrnd2__1 EURGBP,M5: removed
2	15:43:40.020	Custom indicator FixedChartScale EURGBP,M5: removed
0	15:43:40.208	Alpari MT4 build 1359 stopped
0	16:37:38.776	Alpari MT4 build 1359 started (Alpari International)
0	16:37:38.776	Windows 10 Pro x64, IE 11, UAC, 8 x Intel Core i7-7700HQ  @ 2.80GHz, Memory: 12861 / 16267 Mb, Disk: 393 / 476 Gb, GMT-3
0	16:37:38.776	Data Folder: C:\Users\Administrator\AppData\Roaming\MetaQuotes\Terminal\287469DEA9630EA94D0715D755974F1B
2	16:37:39.997	Custom indicator PROFBOT EURUSD,M5: loaded successfully
2	16:37:40.027	Custom indicator DiamanteIA Pro  TELEGRAM@INDICADORESGRATIS EURUSD,M5: loaded successfully
2	16:37:40.035	Custom indicator fadedbckgrnd2__1 EURUSD,M5: loaded successfully
2	16:37:40.044	Custom indicator FixedChartScale EURUSD,M5: loaded successfully
2	16:37:40.222	Custom indicator PROFBOT GBPUSD,M5: loaded successfully
2	16:37:40.241	Custom indicator DiamanteIA Pro  TELEGRAM@INDICADORESGRATIS GBPUSD,M5: loaded successfully
2	16:37:40.241	Custom indicator fadedbckgrnd2__1 GBPUSD,M5: loaded successfully
2	16:37:40.262	Custom indicator FixedChartScale GBPUSD,M5: loaded successfully
2	16:37:40.434	Custom indicator PROFBOT EURGBP,M5: loaded successfully
2	16:37:40.459	Custom indicator DiamanteIA Pro  TELEGRAM@INDICADORESGRATIS EURGBP,M5: loaded successfully
2	16:37:40.466	Custom indicator fadedbckgrnd2__1 EURGBP,M5: loaded successfully
2	16:37:40.474	Custom indicator FixedChartScale EURGBP,M5: loaded successfully
0	16:37:41.677	'15069840': login on Alpari-Demo through Demo.Europe.9:1119 (ping: 249.78 ms)
0	16:37:44.038	'15069840': login datacenter on Alpari-Demo through Demo.Europe.9:1119 (ping: 249.78 ms)
0	16:37:44.629	'15069840': previous successful authorization performed from 177.13.221.111
0	16:38:39.419	'15069840': ping to current access point Demo.Europe.9:1119 is 249.01 ms
2	16:41:30.876	Custom indicator PROFBOT EURUSD,M5: removed
2	16:41:30.880	Custom indicator DiamanteIA Pro  TELEGRAM@INDICADORESGRATIS EURUSD,M5: removed
2	16:41:30.880	Custom indicator fadedbckgrnd2__1 EURUSD,M5: removed
2	16:41:30.880	Custom indicator FixedChartScale EURUSD,M5: removed
2	16:41:30.889	Custom indicator PROFBOT GBPUSD,M5: removed
2	16:41:30.904	Custom indicator DiamanteIA Pro  TELEGRAM@INDICADORESGRATIS GBPUSD,M5: removed
2	16:41:30.904	Custom indicator fadedbckgrnd2__1 GBPUSD,M5: removed
2	16:41:30.904	Custom indicator FixedChartScale GBPUSD,M5: removed
2	16:41:30.914	Custom indicator PROFBOT EURGBP,M5: removed
2	16:41:30.922	Custom indicator DiamanteIA Pro  TELEGRAM@INDICADORESGRATIS EURGBP,M5: removed
2	16:41:30.923	Custom indicator fadedbckgrnd2__1 EURGBP,M5: removed
2	16:41:30.925	Custom indicator FixedChartScale EURGBP,M5: removed
0	16:41:31.078	Alpari MT4 build 1359 stopped
0	16:41:35.078	Alpari MT4 build 1359 started (Alpari International)
0	16:41:35.079	Windows 10 Pro x64, IE 11, UAC, 8 x Intel Core i7-7700HQ  @ 2.80GHz, Memory: 12844 / 16267 Mb, Disk: 392 / 476 Gb, GMT-3
0	16:41:35.079	Data Folder: C:\Users\Administrator\AppData\Roaming\MetaQuotes\Terminal\287469DEA9630EA94D0715D755974F1B
2	16:41:36.272	Custom indicator PROFBOT EURUSD,M5: loaded successfully
2	16:41:36.291	Custom indicator DiamanteIA Pro  TELEGRAM@INDICADORESGRATIS EURUSD,M5: loaded successfully
2	16:41:36.304	Custom indicator fadedbckgrnd2__1 EURUSD,M5: loaded successfully
2	16:41:36.315	Custom indicator FixedChartScale EURUSD,M5: loaded successfully
2	16:41:36.499	Custom indicator PROFBOT GBPUSD,M5: loaded successfully
2	16:41:36.526	Custom indicator DiamanteIA Pro  TELEGRAM@INDICADORESGRATIS GBPUSD,M5: loaded successfully
2	16:41:36.534	Custom indicator fadedbckgrnd2__1 GBPUSD,M5: loaded successfully
2	16:41:36.543	Custom indicator FixedChartScale GBPUSD,M5: loaded successfully
2	16:41:36.728	Custom indicator PROFBOT EURGBP,M5: loaded successfully
2	16:41:36.756	Custom indicator DiamanteIA Pro  TELEGRAM@INDICADORESGRATIS EURGBP,M5: loaded successfully
2	16:41:36.765	Custom indicator fadedbckgrnd2__1 EURGBP,M5: loaded successfully
2	16:41:36.774	Custom indicator FixedChartScale EURGBP,M5: loaded successfully
0	16:41:38.027	'15069840': login on Alpari-Demo through Demo.Europe.9:1119 (ping: 249.01 ms)
0	16:41:40.188	'15069840': login datacenter on Alpari-Demo through Demo.Europe.9:1119 (ping: 249.01 ms)
0	16:41:40.777	'15069840': previous successful authorization performed from 177.13.221.111
2	16:50:53.526	Custom indicator Price Pro Value Nivel 10 GBPUSD,M15: loaded successfully
0	16:50:54.729	HistoryCenter: synchronize 'GBPUSD15'
0	16:50:55.979	HistoryCenter: 2049 bars imported in 'GBPUSD15'
0	16:51:00.298	HistoryCenter: synchronize 'GBPUSD5'
0	16:51:01.579	HistoryCenter: 3785 bars imported in 'GBPUSD5'
2	16:51:23.636	Custom indicator Price Pro Value Chart Premium 9 GBPUSD,M5: loaded successfully
0	16:51:25.145	HistoryCenter: synchronize 'GBPUSD5'
0	16:51:25.883	HistoryCenter: 2 bars imported in 'GBPUSD5'
2	16:51:27.843	Custom indicator Price Pro Value Chart Premium 9 GBPUSD,M5: removed
2	16:51:30.258	Custom indicator Price Pro Value Nivel 10 GBPUSD,M5: removed
2	16:51:33.804	Custom indicator Price Pro Value Chart Premium 8 GBPUSD,M5: loaded successfully
0	16:51:35.169	HistoryCenter: synchronize 'GBPUSD5'
0	16:51:35.887	HistoryCenter: 2 bars imported in 'GBPUSD5'
2	16:52:02.844	Custom indicator Price Pro Value Chart Premium 8 EURUSD,M15: loaded successfully
0	16:52:04.216	HistoryCenter: synchronize 'EURUSD15'
0	16:52:05.457	HistoryCenter: 2816 bars imported in 'EURUSD15'
2	16:52:38.359	Custom indicator 2Trend EURUSD,M15: loaded successfully
0	16:52:56.594	HistoryCenter: synchronize 'EURUSD5'
0	16:52:57.303	HistoryCenter: 3 bars imported in 'EURUSD5'
0	16:53:54.571	HistoryCenter: synchronize 'EURUSD30'
0	16:53:56.767	HistoryCenter: 24072 bars imported in 'EURUSD30'
0	16:53:57.289	HistoryCenter: synchronize 'EURUSD15'
0	16:53:58.053	HistoryCenter: 2 bars imported in 'EURUSD15'
2	16:53:59.084	Custom indicator PROFBOT EURUSD,M15: removed
2	16:53:59.092	Custom indicator DiamanteIA Pro  TELEGRAM@INDICADORESGRATIS EURUSD,M15: removed
2	16:53:59.093	Custom indicator fadedbckgrnd2__1 EURUSD,M15: removed
2	16:53:59.094	Custom indicator FixedChartScale EURUSD,M15: removed
2	16:53:59.096	Custom indicator Price Pro Value Chart Premium 8 EURUSD,M15: removed
2	16:53:59.098	Custom indicator 2Trend EURUSD,M15: removed
2	16:53:59.152	Custom indicator PROFBOT EURUSD,M15: loaded successfully
2	16:53:59.180	Custom indicator DiamanteIA Pro  TELEGRAM@INDICADORESGRATIS EURUSD,M15: loaded successfully
2	16:53:59.188	Custom indicator fadedbckgrnd2__1 EURUSD,M15: loaded successfully
2	16:53:59.195	Custom indicator FixedChartScale EURUSD,M15: loaded successfully
0	16:54:09.469	HistoryCenter: synchronize 'GBPUSD15'
0	16:54:10.262	HistoryCenter: 2 bars imported in 'GBPUSD15'
2	16:54:23.632	Custom indicator Price Pro Value Chart Premium 8 GBPUSD,M15: removed
2	16:56:19.487	Custom indicator Price-Pro-Value-Chart-Premium GBPUSD,M15: loaded successfully
0	16:56:27.845	HistoryCenter: synchronize 'GBPUSD15'
0	16:56:28.604	HistoryCenter: 2 bars imported in 'GBPUSD15'
0	16:56:39.544	HistoryCenter: synchronize 'GBPUSD5'
0	16:56:40.294	HistoryCenter: 2 bars imported in 'GBPUSD5'
2	16:57:02.148	Custom indicator Price-Pro-Value-Chart-Premium GBPUSD,M5: removed
2	16:57:07.167	Custom indicator PriceProCharts GBPUSD,M5: loaded successfully
3	16:57:07.167	Expert 'PriceProCharts' is not custom indicator and will be removed
2	16:57:07.168	Custom indicator PriceProCharts GBPUSD,M5: removed
2	16:57:09.360	Custom indicator PriceProCharts GBPUSD,M5: loaded successfully
3	16:57:09.360	Expert 'PriceProCharts' is not custom indicator and will be removed
2	16:57:09.361	Custom indicator PriceProCharts GBPUSD,M5: removed
2	16:57:10.808	Custom indicator PriceProCharts GBPUSD,M5: loaded successfully
3	16:57:10.808	Expert 'PriceProCharts' is not custom indicator and will be removed
2	16:57:10.809	Custom indicator PriceProCharts GBPUSD,M5: removed
2	16:57:13.500	Custom indicator PRICE X VALUE CHART GBPUSD,M5: loaded successfully
2	16:57:24.892	Custom indicator PRICE X SPIKE GBPUSD,M5: loaded successfully
2	16:57:26.902	Custom indicator PRICE X RSI GBPUSD,M5: loaded successfully
2	16:57:44.721	Custom indicator PRICE X RSI GBPUSD,M5: removed
2	16:57:46.343	Custom indicator PRICE X SPIKE GBPUSD,M5: removed
2	16:57:49.759	Custom indicator PRICE X VALUE CHART GBPUSD,M5: removed
2	17:03:03.686	Custom indicator Price Pro Value Chart Premium 12-8 Mantem Pre Alerta GBPUSD,M5: loaded successfully
0	17:03:05.760	HistoryCenter: synchronize 'GBPUSD5'
0	17:03:06.629	HistoryCenter: 2 bars imported in 'GBPUSD5'
2	17:03:24.263	Custom indicator Price Pro Value Chart Premium 12 GBPUSD,M5: loaded successfully
0	17:03:25.746	HistoryCenter: synchronize 'GBPUSD5'
0	17:03:26.527	HistoryCenter: 2 bars imported in 'GBPUSD5'
2	17:03:28.119	Custom indicator Price Pro Value Chart Premium 12 GBPUSD,M5: removed
0	17:03:30.929	HistoryCenter: synchronize 'GBPUSD5'
0	17:03:31.648	HistoryCenter: 2 bars imported in 'GBPUSD5'
2	17:03:41.874	Custom indicator PROFBOT EURUSD,M15: removed
2	17:03:41.882	Custom indicator DiamanteIA Pro  TELEGRAM@INDICADORESGRATIS EURUSD,M15: removed
2	17:03:41.884	Custom indicator fadedbckgrnd2__1 EURUSD,M15: removed
2	17:03:41.885	Custom indicator FixedChartScale EURUSD,M15: removed
2	17:03:41.895	Custom indicator iclock_mod1 EURUSD,M15: loaded successfully
2	17:03:47.142	Custom indicator Price Pro Value Chart Premium 12-8 Mantem Pre Alerta EURUSD,M15: loaded successfully
2	17:04:12.374	Custom indicator Thor Rs1 EURUSD,M15: loaded successfully
2	17:04:20.124	Custom indicator Thor Rs1 EURUSD,M15: removed
0	17:05:18.916	HistoryCenter: synchronize 'EURUSD5'
0	17:05:19.681	HistoryCenter: 4 bars imported in 'EURUSD5'
0	17:05:19.681	HistoryCenter: synchronize 'EURUSD15'
0	17:05:20.443	HistoryCenter: 2 bars imported in 'EURUSD15'
0	17:06:49.957	HistoryCenter: synchronize 'EURUSD5'
0	17:06:50.704	HistoryCenter: 2 bars imported in 'EURUSD5'
2	17:07:27.892	Custom indicator iclock_mod1 EURUSD,M5: removed
2	17:07:27.893	Custom indicator Price Pro Value Chart Premium 12-8 Mantem Pre Alerta EURUSD,M5: removed
2	17:07:27.947	Custom indicator PROFBOT EURUSD,M5: loaded successfully
2	17:07:27.972	Custom indicator DiamanteIA Pro  TELEGRAM@INDICADORESGRATIS EURUSD,M5: loaded successfully
2	17:07:27.980	Custom indicator fadedbckgrnd2__1 EURUSD,M5: loaded successfully
2	17:07:27.988	Custom indicator FixedChartScale EURUSD,M5: loaded successfully
0	17:07:33.859	HistoryCenter: synchronize 'GBPUSD15'
0	17:07:34.616	HistoryCenter: 2 bars imported in 'GBPUSD15'
2	17:07:40.402	Custom indicator PROFBOT GBPUSD,M15: removed
2	17:07:40.410	Custom indicator DiamanteIA Pro  TELEGRAM@INDICADORESGRATIS GBPUSD,M15: removed
2	17:07:40.412	Custom indicator fadedbckgrnd2__1 GBPUSD,M15: removed
2	17:07:40.413	Custom indicator FixedChartScale GBPUSD,M15: removed
2	17:07:40.415	Custom indicator Price Pro Value Chart Premium 12-8 Mantem Pre Alerta GBPUSD,M15: removed
2	17:07:40.487	Custom indicator PROFBOT GBPUSD,M15: loaded successfully
2	17:07:40.529	Custom indicator DiamanteIA Pro  TELEGRAM@INDICADORESGRATIS GBPUSD,M15: loaded successfully
2	17:07:40.540	Custom indicator fadedbckgrnd2__1 GBPUSD,M15: loaded successfully
2	17:07:40.549	Custom indicator FixedChartScale GBPUSD,M15: loaded successfully
2	17:12:56.601	Custom indicator Price Pro Value Chart Premium 5-12 Mantem Pre Alerta EURUSD,M5: loaded successfully
0	17:13:25.199	HistoryCenter: synchronize 'EURUSD5'
0	17:13:25.955	HistoryCenter: 2 bars imported in 'EURUSD5'
0	17:14:15.455	HistoryCenter: synchronize 'EURUSD5'
0	17:14:16.182	HistoryCenter: 2 bars imported in 'EURUSD5'
0	17:16:52.180	HistoryCenter: synchronize 'EURUSD5'
0	17:16:52.893	HistoryCenter: 2 bars imported in 'EURUSD5'
2	17:18:14.295	Custom indicator Price Pro Value Chart Premium 5-12 Mantem Pre Alerta EURUSD,M5: removed
2	17:18:26.333	Custom indicator Price-Pro-Value-Chart-Premium EURUSD,M5: loaded successfully
0	17:18:43.240	HistoryCenter: synchronize 'EURUSD5'
0	17:18:44.237	HistoryCenter: 2 bars imported in 'EURUSD5'
2	17:27:46.445	Custom indicator PROFBOT EURUSD,M5: removed
2	17:27:46.452	Custom indicator DiamanteIA Pro  TELEGRAM@INDICADORESGRATIS EURUSD,M5: removed
2	17:27:46.453	Custom indicator fadedbckgrnd2__1 EURUSD,M5: removed
2	17:27:46.454	Custom indicator FixedChartScale EURUSD,M5: removed
2	17:27:46.456	Custom indicator Price-Pro-Value-Chart-Premium EURUSD,M5: removed
2	17:27:46.465	Custom indicator iclock_mod1 EURUSD,M5: loaded successfully
2	17:27:53.229	Custom indicator iclock_mod1 EURUSD,M5: removed
2	17:27:53.259	Custom indicator DIAMANTE V3 TELEGRAM @COMUNIDADGRATIS V3 EURUSD,M5: loaded successfully
2	17:27:53.270	Custom indicator SCANNER SIGNAL TELEGRAM @COMUNIDADGRATIS EURUSD,M5: loaded successfully
2	17:30:34.320	Custom indicator DIAMANTE V3 TELEGRAM @COMUNIDADGRATIS V3 EURGBP,M15: loaded successfully
0	17:30:54.253	HistoryCenter: synchronize 'EURGBP15'
0	17:30:55.465	HistoryCenter: 2169 bars imported in 'EURGBP15'
2	17:31:49.431	Custom indicator DIAMANTE V3 TELEGRAM @COMUNIDADGRATIS V3 EURUSD,M1: removed
2	17:31:49.442	Custom indicator SCANNER SIGNAL TELEGRAM @COMUNIDADGRATIS EURUSD,M1: removed
2	17:31:49.452	Custom indicator iclock_mod1 EURUSD,M1: loaded successfully
2	17:31:51.595	Custom indicator DIAMANTE V3 TELEGRAM @COMUNIDADGRATIS V3 EURUSD,M1: loaded successfully
2	17:32:20.132	Custom indicator iclock_mod1 EURUSD,M1: removed
0	17:32:27.604	HistoryCenter: synchronize 'EURUSD1'
0	17:32:28.332	HistoryCenter: 2 bars imported in 'EURUSD1'
2	17:35:15.391	Custom indicator PROFBOT GBPUSD,M15: removed
2	17:35:15.398	Custom indicator DiamanteIA Pro  TELEGRAM@INDICADORESGRATIS GBPUSD,M15: removed
2	17:35:15.399	Custom indicator fadedbckgrnd2__1 GBPUSD,M15: removed
2	17:35:15.401	Custom indicator FixedChartScale GBPUSD,M15: removed
2	17:35:15.431	Custom indicator DIAMANTE V3 TELEGRAM @COMUNIDADGRATIS V3 GBPUSD,M15: loaded successfully
0	17:35:49.804	HistoryCenter: synchronize 'GBPUSD5'
0	17:35:50.558	HistoryCenter: 2 bars imported in 'GBPUSD5'
2	17:36:21.171	Custom indicator PROFBOT EURGBP,M5: removed
2	17:36:21.181	Custom indicator DiamanteIA Pro  TELEGRAM@INDICADORESGRATIS EURGBP,M5: removed
2	17:36:21.181	Custom indicator fadedbckgrnd2__1 EURGBP,M5: removed
2	17:36:21.186	Custom indicator FixedChartScale EURGBP,M5: removed
2	17:36:21.191	Custom indicator DIAMANTE V3 TELEGRAM @COMUNIDADGRATIS V3 EURGBP,M5: removed
2	17:36:21.224	Custom indicator DIAMANTE V3 TELEGRAM @COMUNIDADGRATIS V3 EURGBP,M5: loaded successfully
0	17:36:31.933	HistoryCenter: synchronize 'EURGBP5'
0	17:36:32.718	HistoryCenter: 2 bars imported in 'EURGBP5'
2	17:48:24.772	Custom indicator DiamanteIA EURUSD,M5: loaded successfully
2	17:48:59.605	Custom indicator DIAMANTE V3 TELEGRAM @COMUNIDADGRATIS V3 EURUSD,M5: removed
2	17:48:59.612	Custom indicator DiamanteIA EURUSD,M5: removed
2	17:48:59.621	Custom indicator iclock_mod1 EURUSD,M5: loaded successfully
2	17:49:04.077	Custom indicator DiamanteIA EURUSD,M5: loaded successfully
2	17:49:16.461	Custom indicator iclock_mod1 EURUSD,M5: removed
2	17:49:16.467	Custom indicator DiamanteIA EURUSD,M5: removed
2	17:49:16.497	Custom indicator DIAMANTE V3 TELEGRAM @COMUNIDADGRATIS V3 EURUSD,M5: loaded successfully
2	17:49:31.418	Custom indicator ConectorMt4 (3) EURUSD,M5: loaded successfully
2	17:49:45.796	Custom indicator ConectorMt4 (3) EURUSD,M5: removed
2	17:49:47.122	Custom indicator ConectorMt4 EURUSD,M5: loaded successfully
2	17:49:54.457	Custom indicator ConectorMt4 EURUSD,M5: removed
2	17:49:55.564	Custom indicator ConectorMt4 (3) EURUSD,M5: loaded successfully
2	17:50:01.870	Custom indicator ConectorMt4 (3) EURUSD,M5: removed
2	17:52:11.360	Custom indicator DIAMANTE V3 TELEGRAM @COMUNIDADGRATIS V3 EURUSD,M5: removed
2	17:52:11.375	Custom indicator ###ConectorMt4 (confluencia) EURUSD,M5: loaded successfully
2	17:52:11.405	Custom indicator DiamanteIA EURUSD,M5: loaded successfully
2	17:52:45.620	Custom indicator ###ConectorMt4 (confluencia) EURUSD,M5: removed
2	17:52:45.626	Custom indicator DiamanteIA EURUSD,M5: removed
2	17:52:45.653	Custom indicator DIAMANTE V3 TELEGRAM @COMUNIDADGRATIS V3 EURUSD,M5: loaded successfully
2	17:57:00.560	Custom indicator DIAMANTE V3 TELEGRAM @COMUNIDADGRATIS V3 EURUSD,M5: removed
2	17:57:00.591	Custom indicator DIAMANTE V3 TELEGRAM @COMUNIDADGRATIS V3 GBPUSD,M5: removed
2	17:57:00.607	Custom indicator DIAMANTE V3 TELEGRAM @COMUNIDADGRATIS V3 EURGBP,M5: removed
0	17:57:00.794	Alpari MT4 build 1359 stopped
