0	06:37:01.175	Alpari MT4 build 1359 started (Alpari International)
0	06:37:01.176	Windows 10 Pro x64, IE 11, UAC, 8 x Intel Core i7-7700HQ  @ 2.80GHz, Memory: 12765 / 16267 Mb, Disk: 389 / 476 Gb, GMT-3
0	06:37:01.176	Data Folder: C:\Users\Administrator\AppData\Roaming\MetaQuotes\Terminal\287469DEA9630EA94D0715D755974F1B
2	06:37:02.680	Custom indicator fadedbckgrnd2__1 EURUSD,M15: loaded successfully
2	06:37:02.696	Custom indicator FixedChartScale EURUSD,M15: loaded successfully
2	06:37:02.805	Custom indicator Price Pro Value Chart Profissional - PT-BR EURUSD,M15: loaded successfully
2	06:37:03.024	Custom indicator Price Pro Value Chart Profissional - PT-BR EURUSD,M15: removed
2	06:37:03.068	Custom indicator fadedbckgrnd2__1 EURGBP,M15: loaded successfully
2	06:37:03.072	Custom indicator FixedChartScale EURGBP,M15: loaded successfully
2	06:37:03.181	Custom indicator Price Pro Value Chart Profissional - PT-BR EURGBP,M15: loaded successfully
2	06:37:03.369	Custom indicator Price Pro Value Chart Profissional - PT-BR EURGBP,M15: removed
2	06:37:03.392	Custom indicator fadedbckgrnd2__1 GBPUSD,M15: loaded successfully
2	06:37:03.392	Custom indicator FixedChartScale GBPUSD,M15: loaded successfully
2	06:37:03.502	Custom indicator Price Pro Value Chart Profissional - PT-BR GBPUSD,M15: loaded successfully
2	06:37:03.674	Custom indicator Price Pro Value Chart Profissional - PT-BR GBPUSD,M15: removed
2	06:37:03.706	Custom indicator fadedbckgrnd2__1 AUDUSD,M15: loaded successfully
2	06:37:03.706	Custom indicator FixedChartScale AUDUSD,M15: loaded successfully
2	06:37:03.816	Custom indicator Price Pro Value Chart Profissional - PT-BR AUDUSD,M15: loaded successfully
2	06:37:03.988	Custom indicator Price Pro Value Chart Profissional - PT-BR AUDUSD,M15: removed
2	06:37:04.022	Custom indicator fadedbckgrnd2__1 EURJPY,M15: loaded successfully
2	06:37:04.026	Custom indicator FixedChartScale EURJPY,M15: loaded successfully
2	06:37:04.120	Custom indicator Price Pro Value Chart Profissional - PT-BR EURJPY,M15: loaded successfully
2	06:37:04.291	Custom indicator Price Pro Value Chart Profissional - PT-BR EURJPY,M15: removed
2	06:37:04.447	Custom indicator fadedbckgrnd2__1 GBPJPY,M15: loaded successfully
2	06:37:04.454	Custom indicator FixedChartScale GBPJPY,M15: loaded successfully
2	06:37:04.548	Custom indicator Price Pro Value Chart Profissional - PT-BR GBPJPY,M15: loaded successfully
2	06:37:04.719	Custom indicator Price Pro Value Chart Profissional - PT-BR GBPJPY,M15: removed
0	06:37:05.030	HistoryCenter: synchronize 'EURUSD15'
0	06:37:05.868	HistoryCenter: 62 bars imported in 'EURUSD15'
0	06:37:05.868	HistoryCenter: synchronize 'EURJPY15'
0	06:37:05.938	'15069840': login on Alpari-Demo through Demo.Europe.1 (ping: 242.34 ms)
0	06:37:06.614	HistoryCenter: 62 bars imported in 'EURJPY15'
0	06:37:06.614	HistoryCenter: synchronize 'AUDUSD15'
0	06:37:07.380	HistoryCenter: 62 bars imported in 'AUDUSD15'
0	06:37:07.380	HistoryCenter: synchronize 'GBPUSD15'
0	06:37:08.083	'15069840': login datacenter on Alpari-Demo through Demo.Europe.1 (ping: 242.34 ms)
0	06:37:08.146	HistoryCenter: 62 bars imported in 'GBPUSD15'
0	06:37:08.146	HistoryCenter: synchronize 'EURGBP15'
0	06:37:08.697	'15069840': previous successful authorization performed from 177.13.218.196
0	06:37:08.892	HistoryCenter: 62 bars imported in 'EURGBP15'
0	06:37:09.463	HistoryCenter: synchronize 'GBPJPY15'
0	06:37:10.203	HistoryCenter: 2 bars imported in 'GBPJPY15'
2	06:37:20.074	Custom indicator fadedbckgrnd2__1 EURUSD,M15: removed
2	06:37:20.074	Custom indicator FixedChartScale EURUSD,M15: removed
2	06:37:20.074	Custom indicator fadedbckgrnd2__1 EURUSD,M15: loaded successfully
2	06:37:20.089	Custom indicator FixedChartScale EURUSD,M15: loaded successfully
2	06:37:20.199	Custom indicator Price Pro Value Chart Profissional - PT-BR EURUSD,M15: loaded successfully
0	06:37:20.623	HistoryCenter: synchronize 'EURUSD15'
0	06:37:21.358	HistoryCenter: 2 bars imported in 'EURUSD15'
0	06:37:22.998	HistoryCenter: synchronize 'EURUSD15'
0	06:37:23.732	HistoryCenter: 2 bars imported in 'EURUSD15'
0	06:37:24.856	HistoryCenter: synchronize 'EURUSD15'
0	06:37:25.623	HistoryCenter: 2 bars imported in 'EURUSD15'
0	06:37:41.564	HistoryCenter: synchronize 'EURUSD15'
0	06:37:42.329	HistoryCenter: 2 bars imported in 'EURUSD15'
0	06:37:42.877	HistoryCenter: synchronize 'EURUSD15'
0	06:37:43.612	HistoryCenter: 2 bars imported in 'EURUSD15'
0	06:37:44.174	HistoryCenter: synchronize 'EURUSD15'
0	06:37:44.955	HistoryCenter: 2 bars imported in 'EURUSD15'
0	06:37:46.065	HistoryCenter: synchronize 'EURUSD15'
0	06:37:46.783	HistoryCenter: 2 bars imported in 'EURUSD15'
0	06:37:47.360	HistoryCenter: synchronize 'EURUSD15'
0	06:37:48.127	HistoryCenter: 2 bars imported in 'EURUSD15'
0	06:37:49.220	HistoryCenter: synchronize 'EURUSD15'
0	06:37:49.970	HistoryCenter: 2 bars imported in 'EURUSD15'
0	06:37:51.095	HistoryCenter: synchronize 'EURUSD15'
0	06:37:51.797	HistoryCenter: 2 bars imported in 'EURUSD15'
0	06:37:52.360	HistoryCenter: synchronize 'EURUSD15'
0	06:37:52.672	'15069840': auto connecting to a better access point Demo.Europe.2:444 (ping is 249.13 ms)
0	06:37:53.126	HistoryCenter: 2 bars imported in 'EURUSD15'
0	06:37:53.486	'15069840': login on Alpari-Demo through Demo.Europe.2:444 (ping: 249.13 ms)
0	06:37:54.225	HistoryCenter: synchronize 'EURUSD15'
0	06:37:55.002	HistoryCenter: 2 bars imported in 'EURUSD15'
0	06:37:55.346	'15069840': login datacenter on Alpari-Demo through Demo.Europe.2:444 (ping: 249.13 ms)
0	06:37:55.942	'15069840': previous successful authorization performed from 177.13.218.111
0	06:37:56.107	HistoryCenter: synchronize 'EURUSD15'
0	06:37:56.868	HistoryCenter: 2 bars imported in 'EURUSD15'
2	06:38:11.320	Custom indicator fadedbckgrnd2__1 EURGBP,M15: removed
2	06:38:11.320	Custom indicator FixedChartScale EURGBP,M15: removed
2	06:38:11.320	Custom indicator fadedbckgrnd2__1 EURGBP,M15: loaded successfully
2	06:38:11.336	Custom indicator FixedChartScale EURGBP,M15: loaded successfully
2	06:38:11.430	Custom indicator Price Pro Value Chart Profissional - PT-BR EURGBP,M15: loaded successfully
0	06:38:11.789	HistoryCenter: synchronize 'EURGBP15'
0	06:38:12.529	HistoryCenter: 2 bars imported in 'EURGBP15'
0	06:38:13.654	HistoryCenter: synchronize 'EURGBP15'
0	06:38:14.387	HistoryCenter: 2 bars imported in 'EURGBP15'
0	06:38:14.942	HistoryCenter: synchronize 'EURGBP15'
0	06:38:15.688	HistoryCenter: 2 bars imported in 'EURGBP15'
0	06:38:16.797	HistoryCenter: synchronize 'EURGBP15'
0	06:38:17.551	HistoryCenter: 2 bars imported in 'EURGBP15'
0	06:38:18.098	HistoryCenter: synchronize 'EURGBP15'
0	06:38:18.832	HistoryCenter: 2 bars imported in 'EURGBP15'
0	06:38:19.941	HistoryCenter: synchronize 'EURGBP15'
0	06:38:20.675	HistoryCenter: 2 bars imported in 'EURGBP15'
0	06:38:21.784	HistoryCenter: synchronize 'EURGBP15'
0	06:38:22.570	HistoryCenter: 2 bars imported in 'EURGBP15'
0	06:38:23.106	HistoryCenter: synchronize 'EURGBP15'
0	06:38:23.839	HistoryCenter: 2 bars imported in 'EURGBP15'
0	06:38:24.933	HistoryCenter: synchronize 'EURGBP15'
0	06:38:25.691	HistoryCenter: 2 bars imported in 'EURGBP15'
0	06:38:26.816	HistoryCenter: synchronize 'EURGBP15'
0	06:38:27.550	HistoryCenter: 2 bars imported in 'EURGBP15'
2	06:38:43.729	Custom indicator fadedbckgrnd2__1 GBPUSD,M15: removed
2	06:38:43.729	Custom indicator FixedChartScale GBPUSD,M15: removed
2	06:38:43.745	Custom indicator fadedbckgrnd2__1 GBPUSD,M15: loaded successfully
2	06:38:43.745	Custom indicator FixedChartScale GBPUSD,M15: loaded successfully
2	06:38:43.839	Custom indicator Price Pro Value Chart Profissional - PT-BR GBPUSD,M15: loaded successfully
0	06:38:45.870	HistoryCenter: synchronize 'GBPUSD15'
0	06:38:46.677	HistoryCenter: 2 bars imported in 'GBPUSD15'
0	06:38:47.240	HistoryCenter: synchronize 'GBPUSD15'
0	06:38:47.974	HistoryCenter: 2 bars imported in 'GBPUSD15'
0	06:38:48.536	HistoryCenter: synchronize 'GBPUSD15'
0	06:38:49.281	HistoryCenter: 2 bars imported in 'GBPUSD15'
0	06:38:50.407	HistoryCenter: synchronize 'GBPUSD15'
0	06:38:51.155	HistoryCenter: 2 bars imported in 'GBPUSD15'
0	06:38:52.273	HistoryCenter: synchronize 'GBPUSD15'
0	06:38:52.994	HistoryCenter: 2 bars imported in 'GBPUSD15'
2	06:38:53.463	Custom indicator fadedbckgrnd2__1 AUDUSD,M15: removed
2	06:38:53.463	Custom indicator FixedChartScale AUDUSD,M15: removed
2	06:38:53.478	Custom indicator fadedbckgrnd2__1 AUDUSD,M15: loaded successfully
2	06:38:53.478	Custom indicator FixedChartScale AUDUSD,M15: loaded successfully
0	06:38:53.541	HistoryCenter: synchronize 'GBPUSD15'
2	06:38:53.572	Custom indicator Price Pro Value Chart Profissional - PT-BR AUDUSD,M15: loaded successfully
0	06:38:54.282	HistoryCenter: 2 bars imported in 'GBPUSD15'
0	06:38:54.282	HistoryCenter: synchronize 'AUDUSD15'
0	06:38:55.009	HistoryCenter: 2 bars imported in 'AUDUSD15'
0	06:38:56.094	HistoryCenter: synchronize 'AUDUSD15'
0	06:38:56.844	HistoryCenter: 2 bars imported in 'AUDUSD15'
0	06:38:56.844	HistoryCenter: synchronize 'GBPUSD15'
2	06:38:57.266	Custom indicator fadedbckgrnd2__1 EURJPY,M15: removed
2	06:38:57.266	Custom indicator FixedChartScale EURJPY,M15: removed
2	06:38:57.281	Custom indicator fadedbckgrnd2__1 EURJPY,M15: loaded successfully
2	06:38:57.281	Custom indicator FixedChartScale EURJPY,M15: loaded successfully
2	06:38:57.390	Custom indicator Price Pro Value Chart Profissional - PT-BR EURJPY,M15: loaded successfully
0	06:38:57.578	HistoryCenter: 2 bars imported in 'GBPUSD15'
0	06:38:58.140	HistoryCenter: synchronize 'EURJPY15'
0	06:38:58.859	HistoryCenter: 2 bars imported in 'EURJPY15'
0	06:38:58.859	HistoryCenter: synchronize 'AUDUSD15'
0	06:38:59.605	HistoryCenter: 2 bars imported in 'AUDUSD15'
0	06:38:59.605	HistoryCenter: synchronize 'EURJPY15'
0	06:39:00.393	HistoryCenter: 2 bars imported in 'EURJPY15'
0	06:39:00.393	HistoryCenter: synchronize 'AUDUSD15'
0	06:39:01.121	HistoryCenter: 2 bars imported in 'AUDUSD15'
0	06:39:01.121	HistoryCenter: synchronize 'EURJPY15'
0	06:39:01.887	HistoryCenter: 2 bars imported in 'EURJPY15'
0	06:39:01.887	HistoryCenter: synchronize 'GBPUSD15'
2	06:39:02.292	Custom indicator fadedbckgrnd2__1 GBPJPY,M15: removed
2	06:39:02.292	Custom indicator FixedChartScale GBPJPY,M15: removed
2	06:39:02.292	Custom indicator fadedbckgrnd2__1 GBPJPY,M15: loaded successfully
2	06:39:02.308	Custom indicator FixedChartScale GBPJPY,M15: loaded successfully
2	06:39:02.402	Custom indicator Price Pro Value Chart Profissional - PT-BR GBPJPY,M15: loaded successfully
0	06:39:02.621	HistoryCenter: 2 bars imported in 'GBPUSD15'
0	06:39:03.168	HistoryCenter: synchronize 'GBPJPY15'
0	06:39:03.920	HistoryCenter: 2 bars imported in 'GBPJPY15'
0	06:39:03.920	HistoryCenter: synchronize 'EURJPY15'
0	06:39:04.674	HistoryCenter: 2 bars imported in 'EURJPY15'
0	06:39:04.674	HistoryCenter: synchronize 'GBPJPY15'
0	06:39:05.455	HistoryCenter: 2 bars imported in 'GBPJPY15'
0	06:39:06.002	HistoryCenter: synchronize 'GBPJPY15'
0	06:39:06.736	HistoryCenter: 2 bars imported in 'GBPJPY15'
0	06:39:06.736	HistoryCenter: synchronize 'EURJPY15'
0	06:39:07.506	HistoryCenter: 2 bars imported in 'EURJPY15'
0	06:39:08.066	HistoryCenter: synchronize 'GBPJPY15'
0	06:39:08.811	HistoryCenter: 2 bars imported in 'GBPJPY15'
0	06:39:08.811	HistoryCenter: synchronize 'EURJPY15'
0	06:39:09.545	HistoryCenter: 2 bars imported in 'EURJPY15'
0	06:39:10.093	HistoryCenter: synchronize 'GBPJPY15'
0	06:39:10.843	HistoryCenter: 2 bars imported in 'GBPJPY15'
0	06:39:11.957	HistoryCenter: synchronize 'GBPJPY15'
0	06:39:12.715	HistoryCenter: 2 bars imported in 'GBPJPY15'
2	06:39:17.295	Custom indicator fadedbckgrnd2__1 AUDUSD,M15: removed
2	06:39:17.295	Custom indicator FixedChartScale AUDUSD,M15: removed
2	06:39:17.311	Custom indicator Price Pro Value Chart Profissional - PT-BR AUDUSD,M15: removed
2	06:39:17.311	Custom indicator fadedbckgrnd2__1 AUDUSD,M15: loaded successfully
2	06:39:17.326	Custom indicator FixedChartScale AUDUSD,M15: loaded successfully
2	06:39:17.420	Custom indicator Price Pro Value Chart Profissional - PT-BR AUDUSD,M15: loaded successfully
0	06:39:18.217	HistoryCenter: synchronize 'AUDUSD15'
0	06:39:18.964	HistoryCenter: 2 bars imported in 'AUDUSD15'
0	06:39:19.510	HistoryCenter: synchronize 'AUDUSD15'
0	06:39:20.248	HistoryCenter: 2 bars imported in 'AUDUSD15'
0	06:39:20.798	HistoryCenter: synchronize 'AUDUSD15'
0	06:39:21.517	HistoryCenter: 2 bars imported in 'AUDUSD15'
0	06:39:22.078	HistoryCenter: synchronize 'AUDUSD15'
0	06:39:22.813	HistoryCenter: 2 bars imported in 'AUDUSD15'
0	06:39:23.906	HistoryCenter: synchronize 'AUDUSD15'
0	06:39:24.648	HistoryCenter: 2 bars imported in 'AUDUSD15'
0	06:39:25.778	HistoryCenter: synchronize 'AUDUSD15'
0	06:39:26.512	HistoryCenter: 2 bars imported in 'AUDUSD15'
0	06:39:27.090	HistoryCenter: synchronize 'AUDUSD15'
0	06:39:27.824	HistoryCenter: 2 bars imported in 'AUDUSD15'
2	06:39:32.557	Custom indicator fadedbckgrnd2__1 EURJPY,M15: removed
2	06:39:32.557	Custom indicator FixedChartScale EURJPY,M15: removed
2	06:39:32.573	Custom indicator Price Pro Value Chart Profissional - PT-BR EURJPY,M15: removed
2	06:39:32.589	Custom indicator fadedbckgrnd2__1 EURJPY,M15: loaded successfully
2	06:39:32.589	Custom indicator FixedChartScale EURJPY,M15: loaded successfully
2	06:39:32.698	Custom indicator Price Pro Value Chart Profissional - PT-BR EURJPY,M15: loaded successfully
0	06:39:33.323	HistoryCenter: synchronize 'EURJPY15'
0	06:39:34.066	HistoryCenter: 2 bars imported in 'EURJPY15'
0	06:39:35.175	HistoryCenter: synchronize 'EURJPY15'
0	06:39:35.914	HistoryCenter: 2 bars imported in 'EURJPY15'
0	06:39:37.028	HistoryCenter: synchronize 'EURJPY15'
0	06:39:37.767	HistoryCenter: 2 bars imported in 'EURJPY15'
0	06:39:38.314	HistoryCenter: synchronize 'EURJPY15'
0	06:39:39.064	HistoryCenter: 2 bars imported in 'EURJPY15'
0	06:39:40.157	HistoryCenter: synchronize 'EURJPY15'
0	06:39:40.929	HistoryCenter: 2 bars imported in 'EURJPY15'
0	06:39:42.015	HistoryCenter: synchronize 'EURJPY15'
0	06:39:42.765	HistoryCenter: 2 bars imported in 'EURJPY15'
0	06:39:43.312	HistoryCenter: synchronize 'EURJPY15'
0	06:39:44.046	HistoryCenter: 2 bars imported in 'EURJPY15'
0	06:39:45.155	HistoryCenter: synchronize 'EURJPY15'
0	06:39:45.874	HistoryCenter: 2 bars imported in 'EURJPY15'
0	06:39:46.983	HistoryCenter: synchronize 'EURJPY15'
0	06:39:47.717	HistoryCenter: 2 bars imported in 'EURJPY15'
0	06:41:06.694	HistoryCenter: synchronize 'AUDJPY15'
0	06:41:07.709	HistoryCenter: 2 bars imported in 'AUDJPY15'
0	06:41:08.818	HistoryCenter: synchronize 'AUDJPY15'
0	06:41:09.705	HistoryCenter: 2 bars imported in 'AUDJPY15'
0	06:41:10.818	HistoryCenter: synchronize 'AUDJPY15'
0	06:41:11.583	HistoryCenter: 2 bars imported in 'AUDJPY15'
0	06:41:12.130	HistoryCenter: synchronize 'AUDJPY15'
0	06:41:12.880	HistoryCenter: 2 bars imported in 'AUDJPY15'
0	06:41:13.988	HistoryCenter: synchronize 'AUDJPY15'
0	06:41:14.722	HistoryCenter: 2 bars imported in 'AUDJPY15'
0	06:41:15.832	HistoryCenter: synchronize 'AUDJPY15'
0	06:41:16.566	HistoryCenter: 2 bars imported in 'AUDJPY15'
0	06:41:17.129	HistoryCenter: synchronize 'AUDJPY15'
0	06:41:17.847	HistoryCenter: 2 bars imported in 'AUDJPY15'
0	06:42:02.262	HistoryCenter: synchronize 'AUDCAD15'
0	06:42:03.029	HistoryCenter: 67 bars imported in 'AUDCAD15'
0	06:42:04.122	HistoryCenter: synchronize 'AUDCAD15'
0	06:42:04.879	HistoryCenter: 2 bars imported in 'AUDCAD15'
0	06:42:05.457	HistoryCenter: synchronize 'AUDCAD15'
0	06:42:06.191	HistoryCenter: 2 bars imported in 'AUDCAD15'
0	06:42:07.285	HistoryCenter: synchronize 'AUDCAD15'
0	06:42:08.019	HistoryCenter: 2 bars imported in 'AUDCAD15'
2	06:42:13.862	Custom indicator fadedbckgrnd2__1 AUDCAD,M15: removed
2	06:42:13.862	Custom indicator FixedChartScale AUDCAD,M15: removed
2	06:42:13.878	Custom indicator Price Pro Value Chart Profissional - PT-BR AUDCAD,M15: removed
2	06:42:13.878	Custom indicator fadedbckgrnd2__1 AUDCAD,M15: loaded successfully
2	06:42:13.893	Custom indicator FixedChartScale AUDCAD,M15: loaded successfully
2	06:42:13.987	Custom indicator Price Pro Value Chart Profissional - PT-BR AUDCAD,M15: loaded successfully
0	06:42:14.644	HistoryCenter: synchronize 'AUDCAD15'
0	06:42:15.383	HistoryCenter: 2 bars imported in 'AUDCAD15'
0	06:42:16.476	HistoryCenter: synchronize 'AUDCAD15'
0	06:42:17.211	HistoryCenter: 2 bars imported in 'AUDCAD15'
0	06:42:18.314	HistoryCenter: synchronize 'AUDCAD15'
0	06:42:19.142	HistoryCenter: 2 bars imported in 'AUDCAD15'
0	06:42:19.704	HistoryCenter: synchronize 'AUDCAD15'
0	06:42:20.454	HistoryCenter: 2 bars imported in 'AUDCAD15'
0	07:00:03.647	HistoryCenter: synchronize 'EURJPY15'
0	07:00:04.491	HistoryCenter: 2 bars imported in 'EURJPY15'
0	07:00:05.057	HistoryCenter: synchronize 'AUDCAD15'
0	07:00:05.840	HistoryCenter: 2 bars imported in 'AUDCAD15'
0	07:00:05.840	HistoryCenter: synchronize 'GBPUSD15'
0	07:00:06.606	HistoryCenter: 2 bars imported in 'GBPUSD15'
0	07:00:07.152	HistoryCenter: synchronize 'AUDCAD15'
0	07:00:07.918	HistoryCenter: 2 bars imported in 'AUDCAD15'
0	07:00:07.918	HistoryCenter: synchronize 'AUDJPY15'
0	07:00:08.652	HistoryCenter: 2 bars imported in 'AUDJPY15'
0	07:00:08.652	HistoryCenter: synchronize 'EURJPY15'
0	07:00:09.386	HistoryCenter: 2 bars imported in 'EURJPY15'
0	07:00:09.386	HistoryCenter: synchronize 'GBPUSD15'
0	07:00:10.152	HistoryCenter: 2 bars imported in 'GBPUSD15'
0	07:00:10.152	HistoryCenter: synchronize 'EURJPY15'
0	07:00:10.916	HistoryCenter: 2 bars imported in 'EURJPY15'
0	07:00:10.916	HistoryCenter: synchronize 'EURGBP15'
0	07:00:11.667	HistoryCenter: 2 bars imported in 'EURGBP15'
0	07:00:11.667	HistoryCenter: synchronize 'GBPUSD15'
0	07:00:12.416	HistoryCenter: 2 bars imported in 'GBPUSD15'
0	07:00:12.416	HistoryCenter: synchronize 'EURJPY15'
0	07:00:13.182	HistoryCenter: 2 bars imported in 'EURJPY15'
0	07:00:13.182	HistoryCenter: synchronize 'GBPUSD15'
0	07:00:13.916	HistoryCenter: 2 bars imported in 'GBPUSD15'
0	07:00:13.916	HistoryCenter: synchronize 'EURGBP15'
0	07:00:14.619	HistoryCenter: 2 bars imported in 'EURGBP15'
0	07:00:14.619	HistoryCenter: synchronize 'EURUSD15'
0	07:00:15.400	HistoryCenter: 2 bars imported in 'EURUSD15'
0	07:00:15.947	HistoryCenter: synchronize 'AUDCAD15'
0	07:00:16.681	HistoryCenter: 2 bars imported in 'AUDCAD15'
0	07:00:16.681	HistoryCenter: synchronize 'AUDJPY15'
0	07:00:17.431	HistoryCenter: 2 bars imported in 'AUDJPY15'
0	07:00:17.431	HistoryCenter: synchronize 'EURJPY15'
0	07:00:18.197	HistoryCenter: 2 bars imported in 'EURJPY15'
0	07:00:18.197	HistoryCenter: synchronize 'GBPUSD15'
0	07:00:18.946	HistoryCenter: 2 bars imported in 'GBPUSD15'
0	07:00:18.946	HistoryCenter: synchronize 'EURGBP15'
0	07:00:19.696	HistoryCenter: 2 bars imported in 'EURGBP15'
0	07:00:19.696	HistoryCenter: synchronize 'GBPUSD15'
0	07:00:20.446	HistoryCenter: 2 bars imported in 'GBPUSD15'
0	07:00:20.446	HistoryCenter: synchronize 'EURGBP15'
0	07:00:21.211	HistoryCenter: 2 bars imported in 'EURGBP15'
0	07:00:21.211	HistoryCenter: synchronize 'EURUSD15'
0	07:00:21.976	HistoryCenter: 2 bars imported in 'EURUSD15'
0	08:00:03.234	HistoryCenter: synchronize 'EURUSD15'
0	08:00:04.061	HistoryCenter: 2 bars imported in 'EURUSD15'
0	08:00:04.608	HistoryCenter: synchronize 'AUDJPY15'
0	08:00:05.342	HistoryCenter: 2 bars imported in 'AUDJPY15'
0	08:00:05.342	HistoryCenter: synchronize 'EURGBP15'
0	08:00:06.107	HistoryCenter: 2 bars imported in 'EURGBP15'
0	08:00:06.654	HistoryCenter: synchronize 'AUDCAD15'
0	08:00:07.422	HistoryCenter: 2 bars imported in 'AUDCAD15'
0	08:00:07.422	HistoryCenter: synchronize 'AUDJPY15'
0	08:00:08.256	HistoryCenter: 2 bars imported in 'AUDJPY15'
0	08:00:08.256	HistoryCenter: synchronize 'EURJPY15'
0	08:00:09.006	HistoryCenter: 2 bars imported in 'EURJPY15'
0	08:00:09.006	HistoryCenter: synchronize 'AUDJPY15'
0	08:00:09.740	HistoryCenter: 2 bars imported in 'AUDJPY15'
0	08:00:09.740	HistoryCenter: synchronize 'EURJPY15'
0	08:00:10.490	HistoryCenter: 2 bars imported in 'EURJPY15'
0	08:00:10.490	HistoryCenter: synchronize 'GBPUSD15'
0	08:00:11.240	HistoryCenter: 2 bars imported in 'GBPUSD15'
0	08:00:11.240	HistoryCenter: synchronize 'EURGBP15'
0	08:00:11.989	HistoryCenter: 2 bars imported in 'EURGBP15'
0	08:00:11.989	HistoryCenter: synchronize 'EURJPY15'
0	08:00:12.739	HistoryCenter: 2 bars imported in 'EURJPY15'
0	08:00:12.739	HistoryCenter: synchronize 'GBPUSD15'
0	08:00:13.474	HistoryCenter: 2 bars imported in 'GBPUSD15'
0	08:00:13.474	HistoryCenter: synchronize 'EURGBP15'
0	08:00:14.239	HistoryCenter: 2 bars imported in 'EURGBP15'
0	08:00:14.239	HistoryCenter: synchronize 'EURUSD15'
0	08:00:14.957	HistoryCenter: 2 bars imported in 'EURUSD15'
0	08:00:15.520	HistoryCenter: synchronize 'AUDCAD15'
0	08:00:16.270	HistoryCenter: 2 bars imported in 'AUDCAD15'
0	08:00:16.270	HistoryCenter: synchronize 'AUDJPY15'
0	08:00:17.051	HistoryCenter: 2 bars imported in 'AUDJPY15'
0	08:00:17.051	HistoryCenter: synchronize 'EURJPY15'
0	08:00:17.801	HistoryCenter: 2 bars imported in 'EURJPY15'
0	08:00:17.801	HistoryCenter: synchronize 'GBPUSD15'
0	08:00:18.551	HistoryCenter: 2 bars imported in 'GBPUSD15'
0	08:00:18.551	HistoryCenter: synchronize 'EURGBP15'
0	08:00:19.301	HistoryCenter: 2 bars imported in 'EURGBP15'
0	08:00:19.301	HistoryCenter: synchronize 'EURUSD15'
0	08:00:20.051	HistoryCenter: 2 bars imported in 'EURUSD15'
0	09:00:03.081	HistoryCenter: synchronize 'EURUSD15'
0	09:00:03.928	HistoryCenter: 2 bars imported in 'EURUSD15'
0	09:00:04.475	HistoryCenter: synchronize 'AUDJPY15'
0	09:00:05.240	HistoryCenter: 2 bars imported in 'AUDJPY15'
0	09:00:05.240	HistoryCenter: synchronize 'EURGBP15'
0	09:00:06.569	HistoryCenter: 2 bars imported in 'EURGBP15'
0	09:00:06.569	HistoryCenter: synchronize 'AUDJPY15'
0	09:00:07.349	HistoryCenter: 2 bars imported in 'AUDJPY15'
0	09:00:07.349	HistoryCenter: synchronize 'EURJPY15'
0	09:00:08.177	HistoryCenter: 2 bars imported in 'EURJPY15'
0	09:00:08.177	HistoryCenter: synchronize 'GBPUSD15'
0	09:00:08.974	HistoryCenter: 2 bars imported in 'GBPUSD15'
0	09:00:08.974	HistoryCenter: synchronize 'EURGBP15'
0	09:00:09.833	HistoryCenter: 2 bars imported in 'EURGBP15'
0	09:00:09.833	HistoryCenter: synchronize 'EURJPY15'
0	09:00:10.661	HistoryCenter: 2 bars imported in 'EURJPY15'
0	09:00:10.661	HistoryCenter: synchronize 'GBPUSD15'
0	09:00:11.426	HistoryCenter: 2 bars imported in 'GBPUSD15'
0	09:00:11.426	HistoryCenter: synchronize 'EURJPY15'
0	09:00:12.192	HistoryCenter: 2 bars imported in 'EURJPY15'
0	09:00:12.192	HistoryCenter: synchronize 'GBPUSD15'
0	09:00:13.020	HistoryCenter: 2 bars imported in 'GBPUSD15'
0	09:00:13.020	HistoryCenter: synchronize 'EURGBP15'
0	09:00:13.754	HistoryCenter: 2 bars imported in 'EURGBP15'
0	09:00:13.754	HistoryCenter: synchronize 'EURUSD15'
0	09:00:14.504	HistoryCenter: 2 bars imported in 'EURUSD15'
0	09:00:15.066	HistoryCenter: synchronize 'AUDCAD15'
0	09:00:15.800	HistoryCenter: 2 bars imported in 'AUDCAD15'
0	09:00:15.800	HistoryCenter: synchronize 'AUDJPY15'
0	09:00:16.691	HistoryCenter: 2 bars imported in 'AUDJPY15'
0	09:00:16.691	HistoryCenter: synchronize 'EURJPY15'
0	09:00:17.597	HistoryCenter: 2 bars imported in 'EURJPY15'
0	09:00:17.597	HistoryCenter: synchronize 'GBPUSD15'
0	09:00:18.346	HistoryCenter: 2 bars imported in 'GBPUSD15'
0	09:00:18.346	HistoryCenter: synchronize 'EURGBP15'
0	09:00:19.112	HistoryCenter: 2 bars imported in 'EURGBP15'
0	09:00:19.112	HistoryCenter: synchronize 'EURUSD15'
0	09:00:19.862	HistoryCenter: 2 bars imported in 'EURUSD15'
0	09:40:36.078	'15069840': login on Alpari-Demo through Demo.Europe.2:444 (ping: 249.13 ms)
0	09:40:37.940	'15069840': login datacenter on Alpari-Demo through Demo.Europe.2:444 (ping: 249.13 ms)
0	09:40:38.579	'15069840': previous successful authorization performed from 177.13.218.111
0	09:41:22.407	'15069840': auto connecting to a better access point Demo.Europe.9:1119 (ping is 259.07 ms)
0	09:41:23.250	'15069840': login on Alpari-Demo through Demo.Europe.9:1119 (ping: 259.07 ms)
0	09:41:25.133	'15069840': login datacenter on Alpari-Demo through Demo.Europe.9:1119 (ping: 259.07 ms)
0	09:41:25.741	'15069840': previous successful authorization performed from 177.13.218.111
2	09:50:11.201	Custom indicator fadedbckgrnd2__1 GBPUSD,M15: removed
2	09:50:11.217	Custom indicator FixedChartScale GBPUSD,M15: removed
2	09:50:11.217	Custom indicator Price Pro Value Chart Profissional - PT-BR GBPUSD,M15: removed
2	09:50:11.232	Custom indicator fadedbckgrnd2__1 GBPUSD,M15: loaded successfully
2	09:50:11.232	Custom indicator FixedChartScale GBPUSD,M15: loaded successfully
2	09:50:11.357	Custom indicator Price Pro Value Chart Profissional - PT-BR GBPUSD,M15: loaded successfully
0	09:50:11.639	HistoryCenter: synchronize 'GBPUSD15'
0	09:50:12.424	HistoryCenter: 2 bars imported in 'GBPUSD15'
0	09:50:14.085	HistoryCenter: synchronize 'GBPUSD15'
0	09:50:15.023	HistoryCenter: 2 bars imported in 'GBPUSD15'
0	09:50:15.600	HistoryCenter: synchronize 'GBPUSD15'
0	09:50:16.332	HistoryCenter: 2 bars imported in 'GBPUSD15'
0	09:50:16.909	HistoryCenter: synchronize 'GBPUSD15'
0	09:50:17.698	HistoryCenter: 2 bars imported in 'GBPUSD15'
0	09:50:18.811	HistoryCenter: synchronize 'GBPUSD15'
2	09:50:19.249	Custom indicator fadedbckgrnd2__1 EURJPY,M15: removed
2	09:50:19.249	Custom indicator FixedChartScale EURJPY,M15: removed
2	09:50:19.264	Custom indicator Price Pro Value Chart Profissional - PT-BR EURJPY,M15: removed
2	09:50:19.279	Custom indicator fadedbckgrnd2__1 EURJPY,M15: loaded successfully
2	09:50:19.279	Custom indicator FixedChartScale EURJPY,M15: loaded successfully
2	09:50:19.389	Custom indicator Price Pro Value Chart Profissional - PT-BR EURJPY,M15: loaded successfully
0	09:50:19.608	HistoryCenter: 2 bars imported in 'GBPUSD15'
0	09:50:20.170	HistoryCenter: synchronize 'EURJPY15'
0	09:50:20.923	HistoryCenter: 2 bars imported in 'EURJPY15'
0	09:50:20.923	HistoryCenter: synchronize 'GBPUSD15'
0	09:50:21.689	HistoryCenter: 2 bars imported in 'GBPUSD15'
0	09:50:21.689	HistoryCenter: synchronize 'EURJPY15'
0	09:50:22.454	HistoryCenter: 2 bars imported in 'EURJPY15'
0	09:50:23.001	HistoryCenter: synchronize 'EURJPY15'
0	09:50:23.845	HistoryCenter: 2 bars imported in 'EURJPY15'
0	09:50:23.845	HistoryCenter: synchronize 'GBPUSD15'
0	09:50:24.579	HistoryCenter: 2 bars imported in 'GBPUSD15'
0	09:50:24.579	HistoryCenter: synchronize 'EURJPY15'
0	09:50:25.328	HistoryCenter: 2 bars imported in 'EURJPY15'
0	09:50:25.876	HistoryCenter: synchronize 'EURJPY15'
0	09:50:26.657	HistoryCenter: 2 bars imported in 'EURJPY15'
0	09:50:26.657	HistoryCenter: synchronize 'GBPUSD15'
0	09:50:27.406	HistoryCenter: 2 bars imported in 'GBPUSD15'
0	09:50:27.953	HistoryCenter: synchronize 'EURJPY15'
0	09:50:28.734	HistoryCenter: 2 bars imported in 'EURJPY15'
0	09:50:28.734	HistoryCenter: synchronize 'GBPUSD15'
0	09:50:29.468	HistoryCenter: 2 bars imported in 'GBPUSD15'
0	09:50:30.015	HistoryCenter: synchronize 'EURJPY15'
0	09:50:30.765	HistoryCenter: 2 bars imported in 'EURJPY15'
0	09:50:31.873	HistoryCenter: synchronize 'EURJPY15'
0	09:50:32.639	HistoryCenter: 2 bars imported in 'EURJPY15'
0	09:50:33.749	HistoryCenter: synchronize 'EURJPY15'
0	09:50:34.613	HistoryCenter: 2 bars imported in 'EURJPY15'
0	09:50:35.707	HistoryCenter: synchronize 'EURJPY15'
0	09:50:36.456	HistoryCenter: 2 bars imported in 'EURJPY15'
0	09:50:37.019	HistoryCenter: synchronize 'EURJPY15'
0	09:50:37.784	HistoryCenter: 2 bars imported in 'EURJPY15'
0	10:00:02.813	HistoryCenter: synchronize 'EURUSD15'
0	10:00:03.578	HistoryCenter: 2 bars imported in 'EURUSD15'
0	10:00:04.142	HistoryCenter: synchronize 'AUDJPY15'
0	10:00:04.970	HistoryCenter: 2 bars imported in 'AUDJPY15'
0	10:00:04.970	HistoryCenter: synchronize 'EURGBP15'
0	10:00:05.844	HistoryCenter: 2 bars imported in 'EURGBP15'
0	10:00:06.391	HistoryCenter: synchronize 'GBPUSD15'
0	10:00:07.141	HistoryCenter: 2 bars imported in 'GBPUSD15'
0	10:00:07.141	HistoryCenter: synchronize 'AUDCAD15'
0	10:00:07.892	HistoryCenter: 2 bars imported in 'AUDCAD15'
0	10:00:07.892	HistoryCenter: synchronize 'AUDJPY15'
0	10:00:08.642	HistoryCenter: 2 bars imported in 'AUDJPY15'
0	10:00:08.642	HistoryCenter: synchronize 'EURJPY15'
0	10:00:09.407	HistoryCenter: 2 bars imported in 'EURJPY15'
0	10:00:09.407	HistoryCenter: synchronize 'GBPUSD15'
0	10:00:10.188	HistoryCenter: 2 bars imported in 'GBPUSD15'
0	10:00:10.188	HistoryCenter: synchronize 'EURJPY15'
0	10:00:10.938	HistoryCenter: 2 bars imported in 'EURJPY15'
0	10:00:10.938	HistoryCenter: synchronize 'EURGBP15'
0	10:00:11.922	HistoryCenter: 2 bars imported in 'EURGBP15'
0	10:00:11.922	HistoryCenter: synchronize 'EURJPY15'
0	10:00:12.781	HistoryCenter: 2 bars imported in 'EURJPY15'
0	10:00:12.781	HistoryCenter: synchronize 'GBPUSD15'
0	10:00:13.875	HistoryCenter: 2 bars imported in 'GBPUSD15'
0	10:00:13.875	HistoryCenter: synchronize 'EURGBP15'
0	10:00:15.140	HistoryCenter: 2 bars imported in 'EURGBP15'
0	10:00:15.140	HistoryCenter: synchronize 'EURUSD15'
0	10:00:15.921	HistoryCenter: 2 bars imported in 'EURUSD15'
0	10:00:16.468	HistoryCenter: synchronize 'AUDCAD15'
0	10:00:17.218	HistoryCenter: 2 bars imported in 'AUDCAD15'
0	10:00:17.218	HistoryCenter: synchronize 'AUDJPY15'
0	10:00:17.983	HistoryCenter: 2 bars imported in 'AUDJPY15'
0	10:00:17.983	HistoryCenter: synchronize 'GBPUSD15'
0	10:00:18.780	HistoryCenter: 2 bars imported in 'GBPUSD15'
0	10:00:18.780	HistoryCenter: synchronize 'EURGBP15'
0	10:00:20.077	HistoryCenter: 2 bars imported in 'EURGBP15'
0	10:00:20.077	HistoryCenter: synchronize 'EURUSD15'
0	10:00:20.873	HistoryCenter: 2 bars imported in 'EURUSD15'
2	10:00:44.156	Custom indicator fadedbckgrnd2__1 AUDJPY,M15: removed
2	10:00:44.156	Custom indicator FixedChartScale AUDJPY,M15: removed
2	10:00:44.171	Custom indicator Price Pro Value Chart Profissional - PT-BR AUDJPY,M15: removed
2	10:00:44.171	Custom indicator fadedbckgrnd2__1 AUDJPY,M15: loaded successfully
2	10:00:44.187	Custom indicator FixedChartScale AUDJPY,M15: loaded successfully
2	10:00:44.296	Custom indicator Price Pro Value Chart Profissional - PT-BR AUDJPY,M15: loaded successfully
0	10:00:44.562	HistoryCenter: synchronize 'AUDJPY15'
0	10:00:45.510	HistoryCenter: 2 bars imported in 'AUDJPY15'
0	10:00:46.643	HistoryCenter: synchronize 'AUDJPY15'
0	10:00:47.393	HistoryCenter: 2 bars imported in 'AUDJPY15'
0	10:00:47.940	HistoryCenter: synchronize 'AUDJPY15'
0	10:00:48.690	HistoryCenter: 2 bars imported in 'AUDJPY15'
0	10:00:49.783	HistoryCenter: synchronize 'AUDJPY15'
0	10:00:50.533	HistoryCenter: 2 bars imported in 'AUDJPY15'
0	10:00:51.634	HistoryCenter: synchronize 'AUDJPY15'
0	10:00:52.399	HistoryCenter: 2 bars imported in 'AUDJPY15'
0	10:00:52.971	HistoryCenter: synchronize 'AUDJPY15'
0	10:00:53.846	HistoryCenter: 2 bars imported in 'AUDJPY15'
0	10:00:54.964	HistoryCenter: synchronize 'AUDJPY15'
0	10:00:55.698	HistoryCenter: 2 bars imported in 'AUDJPY15'
0	10:00:56.792	HistoryCenter: synchronize 'AUDJPY15'
0	10:00:57.557	HistoryCenter: 2 bars imported in 'AUDJPY15'
0	10:00:58.651	HistoryCenter: synchronize 'AUDJPY15'
0	10:00:59.432	HistoryCenter: 2 bars imported in 'AUDJPY15'
2	10:06:11.334	Custom indicator fadedbckgrnd2__1 EURUSD,M15: removed
2	10:06:11.334	Custom indicator FixedChartScale EURUSD,M15: removed
2	10:06:11.350	Custom indicator Price Pro Value Chart Profissional - PT-BR EURUSD,M15: removed
2	10:06:11.350	Custom indicator fadedbckgrnd2__1 EURUSD,M15: loaded successfully
2	10:06:11.366	Custom indicator FixedChartScale EURUSD,M15: loaded successfully
2	10:06:11.468	Custom indicator Price Pro Value Chart Profissional - PT-BR EURUSD,M15: loaded successfully
0	10:06:11.734	HistoryCenter: synchronize 'EURUSD15'
0	10:06:12.536	HistoryCenter: 2 bars imported in 'EURUSD15'
0	10:06:14.232	HistoryCenter: synchronize 'EURUSD15'
0	10:06:15.005	HistoryCenter: 2 bars imported in 'EURUSD15'
0	10:06:16.130	HistoryCenter: synchronize 'EURUSD15'
0	10:06:16.864	HistoryCenter: 2 bars imported in 'EURUSD15'
0	10:06:17.958	HistoryCenter: synchronize 'EURUSD15'
0	10:06:18.691	HistoryCenter: 2 bars imported in 'EURUSD15'
0	10:06:19.785	HistoryCenter: synchronize 'EURUSD15'
0	10:06:20.516	HistoryCenter: 2 bars imported in 'EURUSD15'
0	10:06:21.086	HistoryCenter: synchronize 'EURUSD15'
0	10:06:21.837	HistoryCenter: 2 bars imported in 'EURUSD15'
0	10:06:22.935	HistoryCenter: synchronize 'EURUSD15'
0	10:06:23.684	HistoryCenter: 2 bars imported in 'EURUSD15'
0	10:06:24.778	HistoryCenter: synchronize 'EURUSD15'
0	10:06:25.496	HistoryCenter: 2 bars imported in 'EURUSD15'
2	10:22:47.453	Custom indicator fadedbckgrnd2__1 GBPUSD,M15: removed
2	10:22:47.453	Custom indicator FixedChartScale GBPUSD,M15: removed
2	10:22:47.468	Custom indicator Price Pro Value Chart Profissional - PT-BR GBPUSD,M15: removed
2	10:22:47.468	Custom indicator fadedbckgrnd2__1 GBPUSD,M15: loaded successfully
2	10:22:47.484	Custom indicator FixedChartScale GBPUSD,M15: loaded successfully
2	10:22:47.592	Custom indicator Price Pro Value Chart Profissional - PT-BR GBPUSD,M15: loaded successfully
0	10:22:47.951	HistoryCenter: synchronize 'GBPUSD15'
0	10:22:48.691	HistoryCenter: 2 bars imported in 'GBPUSD15'
0	10:22:50.365	HistoryCenter: synchronize 'GBPUSD15'
0	10:22:51.100	HistoryCenter: 2 bars imported in 'GBPUSD15'
0	10:22:52.209	HistoryCenter: synchronize 'GBPUSD15'
0	10:22:52.958	HistoryCenter: 2 bars imported in 'GBPUSD15'
0	10:22:54.052	HistoryCenter: synchronize 'GBPUSD15'
0	10:22:54.786	HistoryCenter: 2 bars imported in 'GBPUSD15'
0	10:22:55.880	HistoryCenter: synchronize 'GBPUSD15'
0	10:22:56.629	HistoryCenter: 2 bars imported in 'GBPUSD15'
0	10:22:57.176	HistoryCenter: synchronize 'GBPUSD15'
0	10:22:57.895	HistoryCenter: 2 bars imported in 'GBPUSD15'
0	10:22:59.009	HistoryCenter: synchronize 'GBPUSD15'
0	10:22:59.738	HistoryCenter: 2 bars imported in 'GBPUSD15'
0	10:23:00.300	HistoryCenter: synchronize 'GBPUSD15'
0	10:23:01.128	HistoryCenter: 2 bars imported in 'GBPUSD15'
0	10:23:02.237	HistoryCenter: synchronize 'GBPUSD15'
0	10:23:03.018	HistoryCenter: 2 bars imported in 'GBPUSD15'
0	10:23:04.112	HistoryCenter: synchronize 'GBPUSD15'
0	10:23:04.846	HistoryCenter: 2 bars imported in 'GBPUSD15'
2	10:26:24.319	Custom indicator fadedbckgrnd2__1 EURUSD,M15: removed
2	10:26:24.319	Custom indicator FixedChartScale EURUSD,M15: removed
2	10:26:24.335	Custom indicator Price Pro Value Chart Profissional - PT-BR EURUSD,M15: removed
2	10:26:24.335	Custom indicator fadedbckgrnd2__1 EURGBP,M15: removed
2	10:26:24.351	Custom indicator FixedChartScale EURGBP,M15: removed
2	10:26:24.366	Custom indicator Price Pro Value Chart Profissional - PT-BR EURGBP,M15: removed
2	10:26:24.366	Custom indicator fadedbckgrnd2__1 GBPUSD,M15: removed
2	10:26:24.366	Custom indicator FixedChartScale GBPUSD,M15: removed
2	10:26:24.382	Custom indicator Price Pro Value Chart Profissional - PT-BR GBPUSD,M15: removed
2	10:26:24.398	Custom indicator fadedbckgrnd2__1 AUDJPY,M15: removed
2	10:26:24.398	Custom indicator FixedChartScale AUDJPY,M15: removed
2	10:26:24.413	Custom indicator Price Pro Value Chart Profissional - PT-BR AUDJPY,M15: removed
2	10:26:24.413	Custom indicator fadedbckgrnd2__1 EURJPY,M15: removed
2	10:26:24.413	Custom indicator FixedChartScale EURJPY,M15: removed
2	10:26:24.429	Custom indicator Price Pro Value Chart Profissional - PT-BR EURJPY,M15: removed
2	10:26:24.444	Custom indicator fadedbckgrnd2__1 AUDCAD,M15: removed
2	10:26:24.444	Custom indicator FixedChartScale AUDCAD,M15: removed
2	10:26:24.460	Custom indicator Price Pro Value Chart Profissional - PT-BR AUDCAD,M15: removed
0	10:26:24.648	Alpari MT4 build 1359 stopped
