2	00:20:47.563	Expert EABiBot_Tick GBPUSD,M1: removed
2	00:20:47.577	Custom indicator DiamanteIA Pro  TELEGRAM@INDICADORESGRATIS EURUSD-OTC,M1: removed
2	00:20:47.578	Custom indicator FixedChartScale EURUSD-OTC,M1: removed
0	00:20:47.778	Alpari MT4 build 1359 stopped
0	16:20:13.736	Alpari MT4 build 1359 started (Alpari International)
0	16:20:13.736	Windows 10 Pro x64, IE 11, UAC, 8 x Intel Core i7-7700HQ  @ 2.80GHz, Memory: 11577 / 16267 Mb, Disk: 390 / 476 Gb, GMT-3
0	16:20:13.736	Data Folder: C:\Users\Administrator\AppData\Roaming\MetaQuotes\Terminal\287469DEA9630EA94D0715D755974F1B
2	16:20:15.102	Expert EABiBot_Tick GBPUSD,M1: loaded successfully
2	16:20:15.177	Custom indicator DiamanteIA Pro  TELEGRAM@INDICADORESGRATIS EURUSD-OTC,M1: loaded successfully
2	16:20:15.185	Custom indicator FixedChartScale EURUSD-OTC,M1: loaded successfully
0	16:20:16.550	'15069840': login on Alpari-Demo through Demo.Europe.2:444 (ping: 244.49 ms)
0	16:20:18.663	'15069840': login datacenter on Alpari-Demo through Demo.Europe.2:444 (ping: 244.49 ms)
0	16:20:19.353	'15069840': previous successful authorization performed from 177.13.222.29
2	16:20:23.618	Custom indicator DiamanteIA Pro  TELEGRAM@INDICADORESGRATIS EURUSD-OTC,M1: removed
2	16:20:23.618	Custom indicator FixedChartScale EURUSD-OTC,M1: removed
2	16:20:23.630	Custom indicator iclock_mod1 EURUSD-OTC,M1: loaded successfully
0	16:21:08.674	'15069840': auto connecting to a better access point Demo.Europe.9:1119 (ping is 276.03 ms)
0	16:21:10.146	'15069840': login on Alpari-Demo through Demo.Europe.9:1119 (ping: 276.03 ms)
0	16:21:13.014	'15069840': login datacenter on Alpari-Demo through Demo.Europe.9:1119 (ping: 276.03 ms)
0	16:21:13.858	'15069840': previous successful authorization performed from 177.13.216.86
2	16:22:19.580	Custom indicator TAURUS V10 FREE EURUSD-OTC,M1: loaded successfully
2	16:23:11.160	Custom indicator TAURUS V10 FREE EURUSD,M5: loaded successfully
2	16:25:30.771	Custom indicator TaurusProfissional EURUSD,M5: loaded successfully
2	16:26:02.380	Custom indicator TaurusProfissional EURUSD,M5: removed
2	16:26:12.687	Expert EABiBot_Tick GBPUSD,M1: removed
2	16:26:12.692	Custom indicator iclock_mod1 EURUSD-OTC,M1: removed
2	16:26:12.704	Custom indicator TAURUS V10 FREE EURUSD-OTC,M1: removed
2	16:26:12.730	Custom indicator TAURUS V10 FREE EURUSD,M5: removed
0	16:26:12.910	Alpari MT4 build 1359 stopped
