0	07:20:00.774	Alpari MT4 build 1359 started (Alpari International)
0	07:20:00.775	Windows 10 Pro x64, IE 11, UAC, 8 x Intel Core i7-7700HQ  @ 2.80GHz, Memory: 11723 / 16267 Mb, Disk: 387 / 476 Gb, GMT-3
0	07:20:00.775	Data Folder: C:\Users\Administrator\AppData\Roaming\MetaQuotes\Terminal\287469DEA9630EA94D0715D755974F1B
2	07:20:02.433	Custom indicator DiamanteIA Pro  TELEGRAM@INDICADORESGRATIS EURUSD,M5: loaded successfully
0	07:20:03.513	'15069840': login on Alpari-Demo through Demo.Europe.9:1119 (ping: 240.69 ms)
0	07:20:05.519	'15069840': login datacenter on Alpari-Demo through Demo.Europe.9:1119 (ping: 240.69 ms)
0	07:20:06.086	'15069840': previous successful authorization performed from 177.99.125.228
2	07:20:10.111	Custom indicator DiamanteIA Pro  TELEGRAM@INDICADORESGRATIS EURUSD,M5: removed
2	07:20:10.123	Custom indicator iclock_mod1 EURUSD,M5: loaded successfully
2	07:20:23.282	Custom indicator GOLDX01 EURUSD,M5: loaded successfully
2	07:20:37.365	Custom indicator GOLDX01 EURUSD,M5: removed
2	07:20:46.578	Custom indicator Bob03 EURUSD,M5: loaded successfully
0	07:20:50.457	'15069840': auto connecting to a better access point Demo.Europe.2:444 (ping is 222.94 ms)
0	07:20:51.206	'15069840': login on Alpari-Demo through Demo.Europe.2:444 (ping: 222.94 ms)
0	07:20:53.083	'15069840': login datacenter on Alpari-Demo through Demo.Europe.2:444 (ping: 222.94 ms)
0	07:20:53.645	'15069840': previous successful authorization performed from 177.99.125.228
2	07:21:15.485	Custom indicator BINLEX EURUSD,M1: loaded successfully
2	07:21:59.968	Custom indicator DiamanteIA Pro  TELEGRAM@INDICADORESGRATIS EURUSD,M1: loaded successfully
2	07:24:48.260	Custom indicator iclock_mod1 EURUSD,M1: removed
2	07:24:56.466	Custom indicator DiamanteIA Pro  TELEGRAM@INDICADORESGRATIS EURUSD,M1: loaded successfully
2	07:26:16.665	Custom indicator DiamanteIA Pro  TELEGRAM@INDICADORESGRATIS EURUSD,M1: loaded successfully
2	07:28:16.584	Custom indicator BINLEX EURUSD,M1: removed
2	07:28:44.597	Custom indicator FixedChartScale EURUSD,M5: loaded successfully
2	07:32:39.504	Custom indicator Direção de Tendência & Índice de Força EURUSD,M5: loaded successfully
2	07:32:48.504	Custom indicator Direção de Tendência & Índice de Força EURUSD,M5: removed
2	07:32:52.543	Custom indicator 2Trend EURUSD,M5: loaded successfully
2	07:33:45.662	Custom indicator Bob03 EURUSD,M5: removed
2	07:33:59.015	Custom indicator Jackmate - Pullback EURUSD,M5: loaded successfully
2	07:35:37.152	Custom indicator Jackmate - Pullback EURUSD,M1: removed
0	07:35:41.017	HistoryCenter: synchronize 'EURUSD1'
0	07:35:41.755	HistoryCenter: 2 bars imported in 'EURUSD1'
2	07:35:47.680	Custom indicator DiamanteIA Pro  TELEGRAM@INDICADORESGRATIS EURUSD,M1: removed
2	07:35:47.689	Custom indicator DiamanteIA Pro  TELEGRAM@INDICADORESGRATIS EURUSD,M1: removed
2	07:35:47.696	Custom indicator DiamanteIA Pro  TELEGRAM@INDICADORESGRATIS EURUSD,M1: removed
2	07:35:47.699	Custom indicator FixedChartScale EURUSD,M1: removed
2	07:35:47.699	Custom indicator 2Trend EURUSD,M1: removed
2	07:35:47.711	Custom indicator iclock_mod1 EURUSD,M1: loaded successfully
2	07:36:17.831	Custom indicator DiamanteIA Pro  TELEGRAM@INDICADORESGRATIS EURUSD,M1: loaded successfully
2	07:37:10.804	Custom indicator iclock_mod1 EURUSD,M1: removed
2	07:37:16.075	Custom indicator DiamanteIA Pro  TELEGRAM@INDICADORESGRATIS EURUSD,M1: loaded successfully
2	07:38:00.702	Custom indicator DiamanteIA Pro  TELEGRAM@INDICADORESGRATIS EURUSD,M1: loaded successfully
2	07:47:26.088	Custom indicator SETUP PTIBITOCA FLUXO2 EURUSD,M1: loaded successfully
2	07:49:39.323	Custom indicator SETUP PTIBITOCA FLUXO2 EURUSD,M1: removed
0	07:51:54.492	HistoryCenter: synchronize 'EURUSD1'
0	07:51:55.191	HistoryCenter: 2 bars imported in 'EURUSD1'
2	07:51:58.093	Custom indicator DiamanteIA Pro  TELEGRAM@INDICADORESGRATIS EURUSD,M1: removed
2	07:51:58.101	Custom indicator DiamanteIA Pro  TELEGRAM@INDICADORESGRATIS EURUSD,M1: removed
2	07:51:58.109	Custom indicator DiamanteIA Pro  TELEGRAM@INDICADORESGRATIS EURUSD,M1: removed
2	07:52:06.893	Custom indicator DiamanteIA Pro  TELEGRAM@INDICADORESGRATIS EURUSD,M1: loaded successfully
2	07:52:06.921	Custom indicator DiamanteIA Pro  TELEGRAM@INDICADORESGRATIS EURUSD,M1: loaded successfully
2	07:52:06.951	Custom indicator DiamanteIA Pro  TELEGRAM@INDICADORESGRATIS EURUSD,M1: loaded successfully
0	07:52:17.505	HistoryCenter: synchronize 'EURUSD1'
0	07:52:18.181	HistoryCenter: 2 bars imported in 'EURUSD1'
2	07:54:50.418	Custom indicator ROBÔ ROSSETTI (1)-1 EURUSD,M1: loaded successfully
2	07:56:35.542	Custom indicator ROBÔ ROSSETTI (1)-1 EURUSD,M1: removed
2	08:00:17.144	Custom indicator DiamanteIA Pro  TELEGRAM@INDICADORESGRATIS EURUSD,M1: removed
2	08:00:17.152	Custom indicator DiamanteIA Pro  TELEGRAM@INDICADORESGRATIS EURUSD,M1: removed
2	08:00:17.159	Custom indicator DiamanteIA Pro  TELEGRAM@INDICADORESGRATIS EURUSD,M1: removed
2	08:00:17.170	Custom indicator iclock_mod1 EURUSD,M1: loaded successfully
2	08:00:24.313	Custom indicator DiamanteIA Pro  TELEGRAM@INDICADORESGRATIS EURUSD,M1: loaded successfully
2	08:01:13.814	Custom indicator iclock_mod1 EURUSD,M1: removed
2	17:11:16.267	Custom indicator DiamanteIA Pro  TELEGRAM@INDICADORESGRATIS EURUSD,M1: removed
0	17:11:16.468	Alpari MT4 build 1359 stopped
