0	06:39:59.421	Alpari MT4 build 1359 started (Alpari International)
0	06:39:59.421	Windows 10 Pro x64, IE 11, UAC, 8 x Intel Core i7-7700HQ  @ 2.80GHz, Memory: 13275 / 16267 Mb, Disk: 391 / 476 Gb, GMT-3
0	06:39:59.421	Data Folder: C:\Users\Administrator\AppData\Roaming\MetaQuotes\Terminal\287469DEA9630EA94D0715D755974F1B
2	06:40:01.147	Custom indicator iclock_mod1 GBPUSD,M5: loaded successfully
2	06:40:01.163	Custom indicator fadedbckgrnd2__1 GBPUSD,M5: loaded successfully
2	06:40:01.163	Custom indicator FixedChartScale GBPUSD,M5: loaded successfully
2	06:40:01.261	Custom indicator iclock_mod1 EURGBP,M5: loaded successfully
2	06:40:01.265	Custom indicator fadedbckgrnd2__1 EURGBP,M5: loaded successfully
2	06:40:01.281	Custom indicator FixedChartScale EURGBP,M5: loaded successfully
2	06:40:01.281	Expert PriceProCharts EURGBP,M5: loaded successfully
2	06:40:01.380	Custom indicator iclock_mod1 AUDUSD,M5: loaded successfully
2	06:40:01.383	Custom indicator fadedbckgrnd2__1 AUDUSD,M5: loaded successfully
2	06:40:01.383	Custom indicator FixedChartScale AUDUSD,M5: loaded successfully
2	06:40:01.450	Custom indicator iclock_mod1 EURJPY,M5: loaded successfully
2	06:40:01.450	Custom indicator fadedbckgrnd2__1 EURJPY,M5: loaded successfully
2	06:40:01.466	Custom indicator FixedChartScale EURJPY,M5: loaded successfully
2	06:40:01.533	Custom indicator iclock_mod1 GBPJPY,M5: loaded successfully
2	06:40:01.549	Custom indicator fadedbckgrnd2__1 GBPJPY,M5: loaded successfully
2	06:40:01.549	Custom indicator FixedChartScale GBPJPY,M5: loaded successfully
2	06:40:01.618	Custom indicator iclock_mod1 EURUSD,M5: loaded successfully
2	06:40:01.618	Custom indicator fadedbckgrnd2__1 EURUSD,M5: loaded successfully
2	06:40:01.634	Custom indicator FixedChartScale EURUSD,M5: loaded successfully
2	06:40:01.650	Custom indicator Support_and_Resistance__TLB_OC_v02 EURUSD,M5: loaded successfully
2	06:40:01.743	Custom indicator Price Pro Value Chart Profissional - PT-BR EURUSD,M5: loaded successfully
2	06:40:01.978	Custom indicator Price Pro Value Chart Profissional - PT-BR EURUSD,M5: removed
2	06:40:02.021	Custom indicator iclock_mod1 EURUSDiqo,M5: loaded successfully
2	06:40:02.021	Custom indicator fadedbckgrnd2__1 EURUSDiqo,M5: loaded successfully
2	06:40:02.036	Custom indicator FixedChartScale EURUSDiqo,M5: loaded successfully
2	06:40:02.052	Custom indicator Support_and_Resistance__TLB_OC_v02 EURUSDiqo,M5: loaded successfully
2	06:40:02.161	Custom indicator Price Pro Value Chart Profissional - PT-BR EURUSDiqo,M5: loaded successfully
2	06:40:02.411	Custom indicator Price Pro Value Chart Profissional - PT-BR EURUSDiqo,M5: removed
2	06:40:02.452	Custom indicator iclock_mod1 GBPUSDiqo,M5: loaded successfully
2	06:40:02.458	Custom indicator fadedbckgrnd2__1 GBPUSDiqo,M5: loaded successfully
2	06:40:02.458	Custom indicator FixedChartScale GBPUSDiqo,M5: loaded successfully
0	06:40:02.839	HistoryCenter: synchronize 'EURUSD5'
0	06:40:03.611	HistoryCenter: 153 bars imported in 'EURUSD5'
0	06:40:03.720	'15069840': login on Alpari-Demo through Demo.Europe.2:444 (ping: 242.10 ms)
0	06:40:06.133	'15069840': login datacenter on Alpari-Demo through Demo.Europe.2:444 (ping: 242.10 ms)
0	06:40:06.764	'15069840': previous successful authorization performed from 177.13.223.155
0	06:40:07.439	HistoryCenter: synchronize 'EURGBP5'
2	06:40:07.698	Custom indicator iclock_mod1 EURUSDiqo,M5: removed
2	06:40:07.699	Custom indicator fadedbckgrnd2__1 EURUSDiqo,M5: removed
2	06:40:07.699	Custom indicator FixedChartScale EURUSDiqo,M5: removed
2	06:40:07.699	Custom indicator Support_and_Resistance__TLB_OC_v02 EURUSDiqo,M5: removed
0	06:40:08.156	HistoryCenter: 2 bars imported in 'EURGBP5'
2	06:40:10.411	Custom indicator iclock_mod1 GBPUSDiqo,M5: removed
2	06:40:10.412	Custom indicator fadedbckgrnd2__1 GBPUSDiqo,M5: removed
2	06:40:10.413	Custom indicator FixedChartScale GBPUSDiqo,M5: removed
0	06:40:50.058	'15069840': ping to current access point Demo.Europe.2:444 is 244.10 ms
0	06:41:35.577	HistoryCenter: synchronize 'GBPJPY5'
0	06:41:36.499	HistoryCenter: 2 bars imported in 'GBPJPY5'
2	06:43:04.061	Expert PriceProCharts GBPJPY,M5: removed
2	06:43:04.061	Custom indicator iclock_mod1 GBPJPY,M5: removed
2	06:43:04.061	Custom indicator fadedbckgrnd2__1 GBPJPY,M5: removed
2	06:43:04.061	Custom indicator FixedChartScale GBPJPY,M5: removed
2	06:43:04.077	Custom indicator iclock_mod1 GBPJPY,M5: loaded successfully
2	06:43:04.077	Custom indicator fadedbckgrnd2__1 GBPJPY,M5: loaded successfully
2	06:43:04.092	Custom indicator FixedChartScale GBPJPY,M5: loaded successfully
2	06:43:04.092	Custom indicator Support_and_Resistance__TLB_OC_v02 GBPJPY,M5: loaded successfully
2	06:43:04.186	Custom indicator Price Pro Value Chart Profissional - PT-BR GBPJPY,M5: loaded successfully
0	06:43:04.540	HistoryCenter: synchronize 'GBPJPY5'
0	06:43:05.307	HistoryCenter: 2 bars imported in 'GBPJPY5'
0	06:43:06.414	HistoryCenter: synchronize 'GBPJPY5'
0	06:43:07.132	HistoryCenter: 2 bars imported in 'GBPJPY5'
0	06:43:07.710	HistoryCenter: synchronize 'GBPJPY5'
0	06:43:08.429	HistoryCenter: 2 bars imported in 'GBPJPY5'
0	06:43:09.538	HistoryCenter: synchronize 'GBPJPY5'
0	06:43:10.257	HistoryCenter: 2 bars imported in 'GBPJPY5'
0	06:43:10.819	HistoryCenter: synchronize 'GBPJPY5'
0	06:43:11.553	HistoryCenter: 2 bars imported in 'GBPJPY5'
0	06:43:12.646	HistoryCenter: synchronize 'GBPJPY5'
0	06:43:13.381	HistoryCenter: 2 bars imported in 'GBPJPY5'
2	06:43:55.059	Custom indicator iclock_mod1 AUDJPY,M5: removed
2	06:43:55.060	Custom indicator fadedbckgrnd2__1 AUDJPY,M5: removed
2	06:43:55.061	Custom indicator FixedChartScale AUDJPY,M5: removed
2	06:43:55.072	Custom indicator iclock_mod1 AUDJPY,M5: loaded successfully
2	06:43:55.073	Custom indicator fadedbckgrnd2__1 AUDJPY,M5: loaded successfully
2	06:43:55.073	Custom indicator FixedChartScale AUDJPY,M5: loaded successfully
2	06:43:55.089	Custom indicator Support_and_Resistance__TLB_OC_v02 AUDJPY,M5: loaded successfully
2	06:43:55.198	Custom indicator Price Pro Value Chart Profissional - PT-BR AUDJPY,M5: loaded successfully
0	06:43:55.526	HistoryCenter: synchronize 'AUDJPY5'
0	06:43:56.261	HistoryCenter: 2 bars imported in 'AUDJPY5'
0	06:43:57.370	HistoryCenter: synchronize 'AUDJPY5'
0	06:43:58.089	HistoryCenter: 2 bars imported in 'AUDJPY5'
2	06:45:50.129	Custom indicator iclock_mod1 EURJPY,M5: removed
2	06:45:50.130	Custom indicator fadedbckgrnd2__1 EURJPY,M5: removed
2	06:45:50.131	Custom indicator FixedChartScale EURJPY,M5: removed
2	06:45:52.094	Custom indicator iclock_mod1 GBPJPY,M5: removed
2	06:45:52.096	Custom indicator fadedbckgrnd2__1 GBPJPY,M5: removed
2	06:45:52.097	Custom indicator FixedChartScale GBPJPY,M5: removed
2	06:46:04.557	Custom indicator iclock_mod1 GBPUSD,M5: removed
2	06:46:04.559	Custom indicator fadedbckgrnd2__1 GBPUSD,M5: removed
2	06:46:04.561	Custom indicator FixedChartScale GBPUSD,M5: removed
2	06:46:04.575	Custom indicator iclock_mod1 GBPUSD,M5: loaded successfully
2	06:46:04.584	Custom indicator fadedbckgrnd2__1 GBPUSD,M5: loaded successfully
2	06:46:04.594	Custom indicator FixedChartScale GBPUSD,M5: loaded successfully
2	06:46:04.605	Custom indicator Support_and_Resistance__TLB_OC_v02 GBPUSD,M5: loaded successfully
2	06:46:04.720	Custom indicator Price Pro Value Chart Profissional - PT-BR GBPUSD,M5: loaded successfully
0	06:46:05.100	HistoryCenter: synchronize 'GBPUSD5'
0	06:46:05.834	HistoryCenter: 2 bars imported in 'GBPUSD5'
0	06:46:06.937	HistoryCenter: synchronize 'GBPUSD5'
0	06:46:07.658	HistoryCenter: 2 bars imported in 'GBPUSD5'
0	06:46:08.201	HistoryCenter: synchronize 'GBPUSD5'
0	06:46:09.778	HistoryCenter: 2 bars imported in 'GBPUSD5'
0	06:46:10.322	HistoryCenter: synchronize 'GBPUSD5'
0	06:46:11.052	HistoryCenter: 2 bars imported in 'GBPUSD5'
0	06:46:12.151	HistoryCenter: synchronize 'GBPUSD5'
0	06:46:12.887	HistoryCenter: 2 bars imported in 'GBPUSD5'
0	06:46:13.442	HistoryCenter: synchronize 'GBPUSD5'
0	06:46:14.166	HistoryCenter: 2 bars imported in 'GBPUSD5'
0	06:46:15.247	HistoryCenter: synchronize 'GBPUSD5'
0	06:46:15.978	HistoryCenter: 2 bars imported in 'GBPUSD5'
0	06:46:16.517	HistoryCenter: synchronize 'GBPUSD5'
0	06:46:17.274	HistoryCenter: 2 bars imported in 'GBPUSD5'
0	06:46:18.363	HistoryCenter: synchronize 'GBPUSD5'
0	06:46:19.111	HistoryCenter: 2 bars imported in 'GBPUSD5'
0	06:46:20.251	HistoryCenter: synchronize 'GBPUSD5'
0	06:46:20.992	HistoryCenter: 2 bars imported in 'GBPUSD5'
0	06:46:21.541	HistoryCenter: synchronize 'GBPUSD5'
0	06:46:22.301	HistoryCenter: 2 bars imported in 'GBPUSD5'
2	06:46:39.474	Custom indicator iclock_mod1 EURUSD,M5: removed
2	06:46:39.476	Custom indicator fadedbckgrnd2__1 EURUSD,M5: removed
2	06:46:39.477	Custom indicator FixedChartScale EURUSD,M5: removed
2	06:46:39.478	Custom indicator Support_and_Resistance__TLB_OC_v02 EURUSD,M5: removed
2	06:46:39.488	Custom indicator iclock_mod1 EURUSD,M5: loaded successfully
2	06:46:39.495	Custom indicator fadedbckgrnd2__1 EURUSD,M5: loaded successfully
2	06:46:39.504	Custom indicator FixedChartScale EURUSD,M5: loaded successfully
2	06:46:39.514	Custom indicator Support_and_Resistance__TLB_OC_v02 EURUSD,M5: loaded successfully
2	06:46:39.611	Custom indicator Price Pro Value Chart Profissional - PT-BR EURUSD,M5: loaded successfully
0	06:46:39.961	HistoryCenter: synchronize 'EURUSD5'
0	06:46:40.711	HistoryCenter: 2 bars imported in 'EURUSD5'
0	06:46:42.306	HistoryCenter: synchronize 'EURUSD5'
0	06:46:43.030	HistoryCenter: 2 bars imported in 'EURUSD5'
0	06:46:44.096	HistoryCenter: synchronize 'EURUSD5'
0	06:46:44.814	HistoryCenter: 2 bars imported in 'EURUSD5'
0	06:46:45.400	HistoryCenter: synchronize 'EURUSD5'
0	06:46:46.171	HistoryCenter: 2 bars imported in 'EURUSD5'
0	06:46:47.303	HistoryCenter: synchronize 'EURUSD5'
0	06:46:48.006	HistoryCenter: 2 bars imported in 'EURUSD5'
0	06:46:49.146	HistoryCenter: synchronize 'EURUSD5'
0	06:46:49.880	HistoryCenter: 2 bars imported in 'EURUSD5'
0	06:46:50.975	HistoryCenter: synchronize 'EURUSD5'
0	06:46:51.709	HistoryCenter: 2 bars imported in 'EURUSD5'
0	06:46:52.255	HistoryCenter: synchronize 'EURUSD5'
0	06:46:53.005	HistoryCenter: 2 bars imported in 'EURUSD5'
0	06:46:54.114	HistoryCenter: synchronize 'EURUSD5'
0	06:46:54.849	HistoryCenter: 2 bars imported in 'EURUSD5'
2	06:47:59.887	Custom indicator iclock_mod1 GBPUSD,M5: removed
2	06:47:59.888	Custom indicator fadedbckgrnd2__1 GBPUSD,M5: removed
2	06:47:59.889	Custom indicator FixedChartScale GBPUSD,M5: removed
2	06:47:59.891	Custom indicator Support_and_Resistance__TLB_OC_v02 GBPUSD,M5: removed
2	06:47:59.898	Custom indicator Price Pro Value Chart Profissional - PT-BR GBPUSD,M5: removed
2	06:47:59.898	Custom indicator iclock_mod1 GBPUSD,M5: loaded successfully
2	06:47:59.914	Custom indicator fadedbckgrnd2__1 GBPUSD,M5: loaded successfully
2	06:47:59.914	Custom indicator FixedChartScale GBPUSD,M5: loaded successfully
2	06:47:59.929	Custom indicator Support_and_Resistance__TLB_OC_v02 GBPUSD,M5: loaded successfully
2	06:48:00.023	Custom indicator Price Pro Value Chart Profissional - PT-BR GBPUSD,M5: loaded successfully
0	06:48:00.342	HistoryCenter: synchronize 'GBPUSD5'
0	06:48:01.081	HistoryCenter: 2 bars imported in 'GBPUSD5'
0	06:48:02.172	HistoryCenter: synchronize 'GBPUSD5'
0	06:48:02.875	HistoryCenter: 2 bars imported in 'GBPUSD5'
0	06:48:03.438	HistoryCenter: synchronize 'GBPUSD5'
0	06:48:04.188	HistoryCenter: 2 bars imported in 'GBPUSD5'
0	06:48:04.734	HistoryCenter: synchronize 'GBPUSD5'
0	06:48:05.468	HistoryCenter: 2 bars imported in 'GBPUSD5'
0	06:48:06.593	HistoryCenter: synchronize 'GBPUSD5'
0	06:48:07.311	HistoryCenter: 2 bars imported in 'GBPUSD5'
0	06:48:08.405	HistoryCenter: synchronize 'GBPUSD5'
0	06:48:09.123	HistoryCenter: 2 bars imported in 'GBPUSD5'
2	06:48:55.069	Custom indicator iclock_mod1 GBPJPY,M5: removed
2	06:48:55.071	Custom indicator fadedbckgrnd2__1 GBPJPY,M5: removed
2	06:48:55.072	Custom indicator FixedChartScale GBPJPY,M5: removed
2	06:48:55.073	Custom indicator Support_and_Resistance__TLB_OC_v02 GBPJPY,M5: removed
2	06:48:55.082	Custom indicator Price Pro Value Chart Profissional - PT-BR GBPJPY,M5: removed
2	06:48:55.082	Custom indicator iclock_mod1 GBPJPY,M5: loaded successfully
2	06:48:55.097	Custom indicator fadedbckgrnd2__1 GBPJPY,M5: loaded successfully
2	06:48:55.097	Custom indicator FixedChartScale GBPJPY,M5: loaded successfully
2	06:48:55.113	Custom indicator Support_and_Resistance__TLB_OC_v02 GBPJPY,M5: loaded successfully
2	06:48:55.207	Custom indicator Price Pro Value Chart Profissional - PT-BR GBPJPY,M5: loaded successfully
0	06:48:55.550	HistoryCenter: synchronize 'GBPJPY5'
0	06:48:56.276	HistoryCenter: 2 bars imported in 'GBPJPY5'
0	06:48:57.430	HistoryCenter: synchronize 'GBPJPY5'
0	06:48:58.181	HistoryCenter: 2 bars imported in 'GBPJPY5'
0	06:48:58.727	HistoryCenter: synchronize 'GBPJPY5'
0	06:48:59.461	HistoryCenter: 2 bars imported in 'GBPJPY5'
0	06:49:00.564	HistoryCenter: synchronize 'GBPJPY5'
0	06:49:01.298	HistoryCenter: 2 bars imported in 'GBPJPY5'
0	06:49:01.861	HistoryCenter: synchronize 'GBPJPY5'
0	06:49:02.611	HistoryCenter: 2 bars imported in 'GBPJPY5'
0	06:49:03.730	HistoryCenter: synchronize 'GBPJPY5'
0	06:49:04.480	HistoryCenter: 2 bars imported in 'GBPJPY5'
0	06:49:05.620	HistoryCenter: synchronize 'GBPJPY5'
0	06:49:06.386	HistoryCenter: 2 bars imported in 'GBPJPY5'
0	06:49:06.932	HistoryCenter: synchronize 'GBPJPY5'
0	06:49:07.636	HistoryCenter: 2 bars imported in 'GBPJPY5'
0	06:49:08.776	HistoryCenter: synchronize 'GBPJPY5'
0	06:49:09.510	HistoryCenter: 2 bars imported in 'GBPJPY5'
2	06:55:58.401	Custom indicator Support_and_Resistance__TLB_OC_v02 EURUSD,M5: removed
2	06:56:06.963	Custom indicator iclock_mod1 GBPUSD,M5: removed
2	06:56:06.964	Custom indicator fadedbckgrnd2__1 GBPUSD,M5: removed
2	06:56:06.965	Custom indicator FixedChartScale GBPUSD,M5: removed
2	06:56:06.967	Custom indicator Support_and_Resistance__TLB_OC_v02 GBPUSD,M5: removed
2	06:56:06.981	Custom indicator Price Pro Value Chart Profissional - PT-BR GBPUSD,M5: removed
2	06:56:06.991	Custom indicator iclock_mod1 GBPUSD,M5: loaded successfully
2	06:56:06.999	Custom indicator fadedbckgrnd2__1 GBPUSD,M5: loaded successfully
2	06:56:07.007	Custom indicator FixedChartScale GBPUSD,M5: loaded successfully
2	06:56:07.115	Custom indicator Price Pro Value Chart Profissional - PT-BR GBPUSD,M5: loaded successfully
0	06:56:07.417	HistoryCenter: synchronize 'GBPUSD5'
0	06:56:08.194	HistoryCenter: 2 bars imported in 'GBPUSD5'
0	06:56:09.287	HistoryCenter: synchronize 'GBPUSD5'
0	06:56:09.999	HistoryCenter: 2 bars imported in 'GBPUSD5'
0	06:56:10.538	HistoryCenter: synchronize 'GBPUSD5'
2	06:56:11.073	Custom indicator iclock_mod1 GBPJPY,M5: removed
2	06:56:11.074	Custom indicator fadedbckgrnd2__1 GBPJPY,M5: removed
2	06:56:11.076	Custom indicator FixedChartScale GBPJPY,M5: removed
2	06:56:11.077	Custom indicator Support_and_Resistance__TLB_OC_v02 GBPJPY,M5: removed
2	06:56:11.091	Custom indicator Price Pro Value Chart Profissional - PT-BR GBPJPY,M5: removed
2	06:56:11.101	Custom indicator iclock_mod1 GBPJPY,M5: loaded successfully
2	06:56:11.109	Custom indicator fadedbckgrnd2__1 GBPJPY,M5: loaded successfully
2	06:56:11.117	Custom indicator FixedChartScale GBPJPY,M5: loaded successfully
2	06:56:11.226	Custom indicator Price Pro Value Chart Profissional - PT-BR GBPJPY,M5: loaded successfully
0	06:56:11.263	HistoryCenter: 2 bars imported in 'GBPUSD5'
0	06:56:11.809	HistoryCenter: synchronize 'GBPJPY5'
0	06:56:12.533	HistoryCenter: 2 bars imported in 'GBPJPY5'
0	06:56:12.533	HistoryCenter: synchronize 'GBPUSD5'
0	06:56:13.274	HistoryCenter: 2 bars imported in 'GBPUSD5'
0	06:56:13.274	HistoryCenter: synchronize 'GBPJPY5'
0	06:56:14.010	HistoryCenter: 2 bars imported in 'GBPJPY5'
0	06:56:14.010	HistoryCenter: synchronize 'GBPUSD5'
0	06:56:14.730	HistoryCenter: 2 bars imported in 'GBPUSD5'
0	06:56:14.730	HistoryCenter: synchronize 'GBPJPY5'
2	06:56:15.431	Custom indicator iclock_mod1 AUDJPY,M5: removed
2	06:56:15.432	Custom indicator fadedbckgrnd2__1 AUDJPY,M5: removed
2	06:56:15.434	Custom indicator FixedChartScale AUDJPY,M5: removed
2	06:56:15.435	Custom indicator Support_and_Resistance__TLB_OC_v02 AUDJPY,M5: removed
2	06:56:15.448	Custom indicator Price Pro Value Chart Profissional - PT-BR AUDJPY,M5: removed
0	06:56:15.451	HistoryCenter: 2 bars imported in 'GBPJPY5'
0	06:56:15.451	HistoryCenter: synchronize 'GBPUSD5'
2	06:56:15.459	Custom indicator iclock_mod1 AUDJPY,M5: loaded successfully
2	06:56:15.466	Custom indicator fadedbckgrnd2__1 AUDJPY,M5: loaded successfully
2	06:56:15.475	Custom indicator FixedChartScale AUDJPY,M5: loaded successfully
2	06:56:15.583	Custom indicator Price Pro Value Chart Profissional - PT-BR AUDJPY,M5: loaded successfully
0	06:56:16.168	HistoryCenter: 2 bars imported in 'GBPUSD5'
0	06:56:16.168	HistoryCenter: synchronize 'AUDJPY5'
0	06:56:16.890	HistoryCenter: 2 bars imported in 'AUDJPY5'
0	06:56:16.890	HistoryCenter: synchronize 'GBPJPY5'
0	06:56:17.659	HistoryCenter: 2 bars imported in 'GBPJPY5'
0	06:56:17.659	HistoryCenter: synchronize 'GBPUSD5'
0	06:56:18.403	HistoryCenter: 2 bars imported in 'GBPUSD5'
0	06:56:18.403	HistoryCenter: synchronize 'AUDJPY5'
0	06:56:19.155	HistoryCenter: 2 bars imported in 'AUDJPY5'
0	06:56:19.155	HistoryCenter: synchronize 'GBPJPY5'
0	06:56:19.879	HistoryCenter: 2 bars imported in 'GBPJPY5'
0	06:56:20.435	HistoryCenter: synchronize 'AUDJPY5'
0	06:56:21.208	HistoryCenter: 2 bars imported in 'AUDJPY5'
0	06:56:21.208	HistoryCenter: synchronize 'GBPJPY5'
0	06:56:21.932	HistoryCenter: 2 bars imported in 'GBPJPY5'
0	06:56:22.483	HistoryCenter: synchronize 'GBPJPY5'
0	06:56:23.188	HistoryCenter: 2 bars imported in 'GBPJPY5'
0	06:56:23.743	HistoryCenter: synchronize 'GBPJPY5'
0	06:56:24.490	HistoryCenter: 2 bars imported in 'GBPJPY5'
2	06:59:09.056	Custom indicator iclock_mod1 AUDUSD,M5: loaded successfully
2	06:59:09.056	Custom indicator fadedbckgrnd2__1 AUDUSD,M5: loaded successfully
2	06:59:09.071	Custom indicator FixedChartScale AUDUSD,M5: loaded successfully
2	06:59:09.165	Custom indicator Price Pro Value Chart Profissional - PT-BR AUDUSD,M5: loaded successfully
0	06:59:10.524	HistoryCenter: synchronize 'AUDUSD5'
0	06:59:11.274	HistoryCenter: 2 bars imported in 'AUDUSD5'
0	06:59:11.840	HistoryCenter: synchronize 'AUDUSD5'
0	06:59:12.575	HistoryCenter: 2 bars imported in 'AUDUSD5'
0	06:59:13.675	HistoryCenter: synchronize 'AUDUSD5'
0	06:59:14.471	HistoryCenter: 2 bars imported in 'AUDUSD5'
0	06:59:15.565	HistoryCenter: synchronize 'AUDUSD5'
0	06:59:16.299	HistoryCenter: 2 bars imported in 'AUDUSD5'
0	06:59:16.846	HistoryCenter: synchronize 'AUDUSD5'
0	06:59:17.565	HistoryCenter: 2 bars imported in 'AUDUSD5'
2	07:21:34.911	Custom indicator iclock_mod1 AUDUSD,M5: removed
2	07:21:34.911	Custom indicator fadedbckgrnd2__1 AUDUSD,M5: removed
2	07:21:34.911	Custom indicator FixedChartScale AUDUSD,M5: removed
2	07:21:34.927	Custom indicator Price Pro Value Chart Profissional - PT-BR AUDUSD,M5: removed
2	11:10:01.834	Custom indicator iclock_mod1 GBPUSD,M5: removed
2	11:10:01.835	Custom indicator fadedbckgrnd2__1 GBPUSD,M5: removed
2	11:10:01.836	Custom indicator FixedChartScale GBPUSD,M5: removed
2	11:10:01.851	Custom indicator Price Pro Value Chart Profissional - PT-BR GBPUSD,M5: removed
2	11:10:01.856	Custom indicator iclock_mod1 GBPJPY,M5: removed
2	11:10:01.857	Custom indicator fadedbckgrnd2__1 GBPJPY,M5: removed
2	11:10:01.858	Custom indicator FixedChartScale GBPJPY,M5: removed
2	11:10:01.871	Custom indicator Price Pro Value Chart Profissional - PT-BR GBPJPY,M5: removed
2	11:10:01.871	Custom indicator iclock_mod1 AUDJPY,M5: removed
2	11:10:01.871	Custom indicator fadedbckgrnd2__1 AUDJPY,M5: removed
2	11:10:01.871	Custom indicator FixedChartScale AUDJPY,M5: removed
2	11:10:01.886	Custom indicator Price Pro Value Chart Profissional - PT-BR AUDJPY,M5: removed
2	11:10:01.886	Custom indicator iclock_mod1 EURUSD,M5: removed
2	11:10:01.886	Custom indicator fadedbckgrnd2__1 EURUSD,M5: removed
2	11:10:01.902	Custom indicator FixedChartScale EURUSD,M5: removed
2	11:10:01.902	Custom indicator Price Pro Value Chart Profissional - PT-BR EURUSD,M5: removed
0	11:10:02.121	Alpari MT4 build 1359 stopped
0	16:28:04.524	Alpari MT4 build 1359 started (Alpari International)
0	16:28:04.524	Windows 10 Pro x64, IE 11, UAC, 8 x Intel Core i7-7700HQ  @ 2.80GHz, Memory: 12113 / 16267 Mb, Disk: 391 / 476 Gb, GMT-3
0	16:28:04.524	Data Folder: C:\Users\Administrator\AppData\Roaming\MetaQuotes\Terminal\287469DEA9630EA94D0715D755974F1B
2	16:28:05.886	Custom indicator iclock_mod1 GBPUSD,M5: loaded successfully
2	16:28:05.894	Custom indicator fadedbckgrnd2__1 GBPUSD,M5: loaded successfully
2	16:28:05.903	Custom indicator FixedChartScale GBPUSD,M5: loaded successfully
2	16:28:06.012	Custom indicator Price Pro Value Chart Profissional - PT-BR GBPUSD,M5: loaded successfully
2	16:28:06.215	Custom indicator Price Pro Value Chart Profissional - PT-BR GBPUSD,M5: removed
2	16:28:06.236	Custom indicator iclock_mod1 GBPJPY,M5: loaded successfully
2	16:28:06.245	Custom indicator fadedbckgrnd2__1 GBPJPY,M5: loaded successfully
2	16:28:06.253	Custom indicator FixedChartScale GBPJPY,M5: loaded successfully
2	16:28:06.355	Custom indicator Price Pro Value Chart Profissional - PT-BR GBPJPY,M5: loaded successfully
2	16:28:06.547	Custom indicator Price Pro Value Chart Profissional - PT-BR GBPJPY,M5: removed
2	16:28:06.569	Custom indicator iclock_mod1 AUDJPY,M5: loaded successfully
2	16:28:06.577	Custom indicator fadedbckgrnd2__1 AUDJPY,M5: loaded successfully
2	16:28:06.585	Custom indicator FixedChartScale AUDJPY,M5: loaded successfully
2	16:28:06.690	Custom indicator Price Pro Value Chart Profissional - PT-BR AUDJPY,M5: loaded successfully
2	16:28:06.892	Custom indicator Price Pro Value Chart Profissional - PT-BR AUDJPY,M5: removed
2	16:28:06.912	Custom indicator iclock_mod1 EURUSD,M5: loaded successfully
2	16:28:06.920	Custom indicator fadedbckgrnd2__1 EURUSD,M5: loaded successfully
2	16:28:06.929	Custom indicator FixedChartScale EURUSD,M5: loaded successfully
2	16:28:07.035	Custom indicator Price Pro Value Chart Profissional - PT-BR EURUSD,M5: loaded successfully
2	16:28:07.236	Custom indicator Price Pro Value Chart Profissional - PT-BR EURUSD,M5: removed
0	16:28:07.514	HistoryCenter: synchronize 'GBPUSD5'
0	16:28:08.298	HistoryCenter: 64 bars imported in 'GBPUSD5'
0	16:28:08.298	HistoryCenter: synchronize 'AUDJPY5'
0	16:28:08.856	'15069840': login on Alpari-Demo through Demo.Europe.2:444 (ping: 244.10 ms)
0	16:28:09.054	HistoryCenter: 64 bars imported in 'AUDJPY5'
0	16:28:09.054	HistoryCenter: synchronize 'GBPJPY5'
0	16:28:10.951	HistoryCenter: 64 bars imported in 'GBPJPY5'
0	16:28:11.502	HistoryCenter: synchronize 'EURUSD5'
0	16:28:12.296	HistoryCenter: 64 bars imported in 'EURUSD5'
0	16:28:13.162	'15069840': login datacenter on Alpari-Demo through Demo.Europe.2:444 (ping: 244.10 ms)
0	16:28:14.774	'15069840': previous successful authorization performed from 177.13.223.155
2	16:28:14.892	Custom indicator iclock_mod1 GBPUSD,M5: removed
2	16:28:14.893	Custom indicator fadedbckgrnd2__1 GBPUSD,M5: removed
2	16:28:14.894	Custom indicator FixedChartScale GBPUSD,M5: removed
2	16:28:14.905	Custom indicator iclock_mod1 GBPUSD,M5: loaded successfully
2	16:28:14.913	Custom indicator fadedbckgrnd2__1 GBPUSD,M5: loaded successfully
2	16:28:14.922	Custom indicator FixedChartScale GBPUSD,M5: loaded successfully
2	16:28:15.024	Custom indicator Price Pro Value Chart Profissional - PT-BR GBPUSD,M5: loaded successfully
0	16:28:15.606	HistoryCenter: synchronize 'GBPUSD5'
0	16:28:16.371	HistoryCenter: 2 bars imported in 'GBPUSD5'
0	16:28:17.478	HistoryCenter: synchronize 'GBPUSD5'
0	16:28:18.273	HistoryCenter: 2 bars imported in 'GBPUSD5'
0	16:28:19.372	HistoryCenter: synchronize 'GBPUSD5'
0	16:28:20.668	HistoryCenter: 2 bars imported in 'GBPUSD5'
0	16:28:21.768	HistoryCenter: synchronize 'GBPUSD5'
0	16:28:23.183	HistoryCenter: 2 bars imported in 'GBPUSD5'
0	16:28:23.738	HistoryCenter: synchronize 'GBPUSD5'
0	16:28:25.662	HistoryCenter: 2 bars imported in 'GBPUSD5'
0	16:28:26.767	HistoryCenter: synchronize 'GBPUSD5'
0	16:28:28.413	HistoryCenter: 2 bars imported in 'GBPUSD5'
0	16:28:29.510	HistoryCenter: synchronize 'GBPUSD5'
0	16:28:30.297	HistoryCenter: 2 bars imported in 'GBPUSD5'
0	16:28:31.400	HistoryCenter: synchronize 'GBPUSD5'
0	16:28:32.144	HistoryCenter: 2 bars imported in 'GBPUSD5'
0	16:28:32.706	HistoryCenter: synchronize 'GBPUSD5'
0	16:28:33.433	HistoryCenter: 2 bars imported in 'GBPUSD5'
0	16:28:34.546	HistoryCenter: synchronize 'GBPUSD5'
0	16:28:35.261	HistoryCenter: 2 bars imported in 'GBPUSD5'
0	16:28:36.355	HistoryCenter: synchronize 'GBPUSD5'
0	16:28:37.089	HistoryCenter: 2 bars imported in 'GBPUSD5'
0	16:28:37.655	HistoryCenter: synchronize 'GBPUSD5'
0	16:28:38.399	HistoryCenter: 2 bars imported in 'GBPUSD5'
0	16:28:39.502	HistoryCenter: synchronize 'GBPUSD5'
0	16:28:40.245	HistoryCenter: 2 bars imported in 'GBPUSD5'
2	16:28:43.797	Custom indicator iclock_mod1 EURUSD,M5: removed
2	16:28:43.798	Custom indicator fadedbckgrnd2__1 EURUSD,M5: removed
2	16:28:43.799	Custom indicator FixedChartScale EURUSD,M5: removed
2	16:28:43.810	Custom indicator iclock_mod1 EURUSD,M5: loaded successfully
2	16:28:43.811	Custom indicator fadedbckgrnd2__1 EURUSD,M5: loaded successfully
2	16:28:43.827	Custom indicator FixedChartScale EURUSD,M5: loaded successfully
2	16:28:43.921	Custom indicator Price Pro Value Chart Profissional - PT-BR EURUSD,M5: loaded successfully
0	16:28:44.644	HistoryCenter: synchronize 'EURUSD5'
0	16:28:45.389	HistoryCenter: 2 bars imported in 'EURUSD5'
0	16:28:47.042	HistoryCenter: synchronize 'EURUSD5'
0	16:28:47.770	HistoryCenter: 2 bars imported in 'EURUSD5'
0	16:28:48.324	HistoryCenter: synchronize 'EURUSD5'
0	16:28:50.292	HistoryCenter: 2 bars imported in 'EURUSD5'
0	16:28:51.391	HistoryCenter: synchronize 'EURUSD5'
0	16:28:52.209	HistoryCenter: 2 bars imported in 'EURUSD5'
0	16:28:53.314	HistoryCenter: synchronize 'EURUSD5'
0	16:28:54.060	HistoryCenter: 2 bars imported in 'EURUSD5'
0	16:28:54.602	HistoryCenter: synchronize 'EURUSD5'
0	16:28:55.349	HistoryCenter: 2 bars imported in 'EURUSD5'
0	16:28:56.451	HistoryCenter: synchronize 'EURUSD5'
0	16:28:57.237	HistoryCenter: 2 bars imported in 'EURUSD5'
0	16:28:58.327	HistoryCenter: synchronize 'EURUSD5'
0	16:28:59.155	HistoryCenter: 2 bars imported in 'EURUSD5'
0	16:29:00.264	HistoryCenter: synchronize 'EURUSD5'
0	16:29:00.968	HistoryCenter: 2 bars imported in 'EURUSD5'
0	16:29:01.526	HistoryCenter: synchronize 'EURUSD5'
0	16:29:02.946	HistoryCenter: 2 bars imported in 'EURUSD5'
0	16:29:03.490	HistoryCenter: synchronize 'EURUSD5'
0	16:29:04.324	HistoryCenter: 2 bars imported in 'EURUSD5'
0	16:29:04.968	'15069840': auto connecting to a better access point Demo.Europe.9:1119 (ping is 259.72 ms)
0	16:29:05.420	HistoryCenter: synchronize 'EURUSD5'
0	16:29:05.795	'15069840': login on Alpari-Demo through Demo.Europe.9:1119 (ping: 259.72 ms)
0	16:29:06.781	HistoryCenter: 2 bars imported in 'EURUSD5'
0	16:29:07.675	'15069840': login datacenter on Alpari-Demo through Demo.Europe.9:1119 (ping: 259.72 ms)
0	16:29:08.675	'15069840': previous successful authorization performed from 177.13.220.208
2	16:32:38.072	Custom indicator iclock_mod1 EURUSD,M5: removed
2	16:32:38.074	Custom indicator fadedbckgrnd2__1 EURUSD,M5: removed
2	16:32:38.075	Custom indicator FixedChartScale EURUSD,M5: removed
2	16:32:38.089	Custom indicator Price Pro Value Chart Profissional - PT-BR EURUSD,M5: removed
2	16:32:38.099	Custom indicator iclock_mod1 EURUSD,M5: loaded successfully
2	16:32:38.106	Custom indicator fadedbckgrnd2__1 EURUSD,M5: loaded successfully
2	16:32:38.113	Custom indicator FixedChartScale EURUSD,M5: loaded successfully
2	16:32:38.206	Custom indicator Price Pro Value Chart Profissional - PT-BR EURUSD,M5: loaded successfully
0	16:32:38.566	HistoryCenter: synchronize 'EURUSD5'
0	16:32:40.227	HistoryCenter: 2 bars imported in 'EURUSD5'
0	16:32:40.773	HistoryCenter: synchronize 'EURUSD5'
0	16:32:43.235	HistoryCenter: 2 bars imported in 'EURUSD5'
0	16:32:43.779	HistoryCenter: synchronize 'EURUSD5'
0	16:32:44.533	HistoryCenter: 2 bars imported in 'EURUSD5'
0	16:32:45.666	HistoryCenter: synchronize 'EURUSD5'
0	16:32:47.545	HistoryCenter: 2 bars imported in 'EURUSD5'
0	16:32:48.636	HistoryCenter: synchronize 'EURUSD5'
0	16:32:50.030	HistoryCenter: 2 bars imported in 'EURUSD5'
0	16:32:50.592	HistoryCenter: synchronize 'EURUSD5'
0	16:32:51.346	HistoryCenter: 2 bars imported in 'EURUSD5'
0	16:32:51.913	HistoryCenter: synchronize 'EURUSD5'
0	16:32:52.645	HistoryCenter: 2 bars imported in 'EURUSD5'
0	16:32:53.729	HistoryCenter: synchronize 'EURUSD5'
0	16:32:54.514	HistoryCenter: 2 bars imported in 'EURUSD5'
0	16:32:55.619	HistoryCenter: synchronize 'EURUSD5'
0	16:32:56.370	HistoryCenter: 2 bars imported in 'EURUSD5'
0	16:32:56.916	HistoryCenter: synchronize 'EURUSD5'
0	16:32:57.686	HistoryCenter: 2 bars imported in 'EURUSD5'
0	16:32:58.795	HistoryCenter: synchronize 'EURUSD5'
0	16:32:59.599	HistoryCenter: 2 bars imported in 'EURUSD5'
0	16:33:00.682	HistoryCenter: synchronize 'EURUSD5'
0	16:33:01.405	HistoryCenter: 2 bars imported in 'EURUSD5'
2	16:33:08.422	Custom indicator iclock_mod1 GBPUSD,M5: removed
2	16:33:08.424	Custom indicator fadedbckgrnd2__1 GBPUSD,M5: removed
2	16:33:08.427	Custom indicator FixedChartScale GBPUSD,M5: removed
2	16:33:08.445	Custom indicator Price Pro Value Chart Profissional - PT-BR GBPUSD,M5: removed
2	16:33:08.451	Custom indicator iclock_mod1 GBPJPY,M5: removed
2	16:33:08.453	Custom indicator fadedbckgrnd2__1 GBPJPY,M5: removed
2	16:33:08.455	Custom indicator FixedChartScale GBPJPY,M5: removed
2	16:33:08.460	Custom indicator iclock_mod1 AUDJPY,M5: removed
2	16:33:08.461	Custom indicator fadedbckgrnd2__1 AUDJPY,M5: removed
2	16:33:08.463	Custom indicator FixedChartScale AUDJPY,M5: removed
2	16:33:08.470	Custom indicator iclock_mod1 EURUSD,M5: removed
2	16:33:08.472	Custom indicator fadedbckgrnd2__1 EURUSD,M5: removed
2	16:33:08.473	Custom indicator FixedChartScale EURUSD,M5: removed
2	16:33:08.487	Custom indicator Price Pro Value Chart Profissional - PT-BR EURUSD,M5: removed
0	16:33:08.815	Alpari MT4 build 1359 stopped
0	16:41:48.576	Alpari MT4 build 1359 started (Alpari International)
0	16:41:48.576	Windows 10 Pro x64, IE 11, UAC, 8 x Intel Core i7-7700HQ  @ 2.80GHz, Memory: 10535 / 16267 Mb, Disk: 391 / 476 Gb, GMT-3
0	16:41:48.576	Data Folder: C:\Users\Administrator\AppData\Roaming\MetaQuotes\Terminal\287469DEA9630EA94D0715D755974F1B
2	16:41:50.060	Custom indicator iclock_mod1 EURUSD,M5: loaded successfully
2	16:41:50.070	Custom indicator fadedbckgrnd2__1 EURUSD,M5: loaded successfully
2	16:41:50.080	Custom indicator FixedChartScale EURUSD,M5: loaded successfully
2	16:41:50.214	Custom indicator Price Pro Value Chart Profissional - PT-BR EURUSD,M5: loaded successfully
2	16:41:50.456	Custom indicator Price Pro Value Chart Profissional - PT-BR EURUSD,M5: removed
2	16:41:50.495	Custom indicator iclock_mod1 GBPUSD,M5: loaded successfully
2	16:41:50.505	Custom indicator fadedbckgrnd2__1 GBPUSD,M5: loaded successfully
2	16:41:50.514	Custom indicator FixedChartScale GBPUSD,M5: loaded successfully
2	16:41:50.638	Custom indicator Price Pro Value Chart Profissional - PT-BR GBPUSD,M5: loaded successfully
2	16:41:50.886	Custom indicator Price Pro Value Chart Profissional - PT-BR GBPUSD,M5: removed
2	16:41:50.934	Custom indicator iclock_mod1 GBPJPY,M5: loaded successfully
2	16:41:50.945	Custom indicator fadedbckgrnd2__1 GBPJPY,M5: loaded successfully
2	16:41:50.955	Custom indicator FixedChartScale GBPJPY,M5: loaded successfully
2	16:41:51.052	Custom indicator iclock_mod1 AUDJPY,M5: loaded successfully
2	16:41:51.061	Custom indicator fadedbckgrnd2__1 AUDJPY,M5: loaded successfully
2	16:41:51.071	Custom indicator FixedChartScale AUDJPY,M5: loaded successfully
0	16:41:51.421	HistoryCenter: synchronize 'EURUSD5'
0	16:41:52.255	HistoryCenter: 3 bars imported in 'EURUSD5'
0	16:41:52.257	HistoryCenter: synchronize 'GBPUSD5'
0	16:41:52.284	'15069840': login on Alpari-Demo through Demo.Europe.9:1119 (ping: 259.72 ms)
0	16:41:53.014	HistoryCenter: 3 bars imported in 'GBPUSD5'
0	16:41:54.552	'15069840': login datacenter on Alpari-Demo through Demo.Europe.9:1119 (ping: 259.72 ms)
0	16:41:55.187	'15069840': previous successful authorization performed from 177.13.220.208
2	16:44:36.939	Custom indicator iclock_mod1 EURUSD,M5: removed
2	16:44:36.940	Custom indicator fadedbckgrnd2__1 EURUSD,M5: removed
2	16:44:36.941	Custom indicator FixedChartScale EURUSD,M5: removed
2	16:44:36.958	Custom indicator iclock_mod1 GBPUSD,M5: removed
2	16:44:36.959	Custom indicator fadedbckgrnd2__1 GBPUSD,M5: removed
2	16:44:36.960	Custom indicator FixedChartScale GBPUSD,M5: removed
2	16:44:36.967	Custom indicator iclock_mod1 GBPJPY,M5: removed
2	16:44:36.968	Custom indicator fadedbckgrnd2__1 GBPJPY,M5: removed
2	16:44:36.969	Custom indicator FixedChartScale GBPJPY,M5: removed
2	16:44:36.976	Custom indicator iclock_mod1 AUDJPY,M5: removed
2	16:44:36.978	Custom indicator fadedbckgrnd2__1 AUDJPY,M5: removed
2	16:44:36.979	Custom indicator FixedChartScale AUDJPY,M5: removed
0	16:44:37.175	Alpari MT4 build 1359 stopped
0	16:46:16.031	Alpari MT4 build 1359 started (Alpari International)
0	16:46:16.031	Windows 10 Pro x64, IE 11, UAC, 8 x Intel Core i7-7700HQ  @ 2.80GHz, Memory: 12731 / 16267 Mb, Disk: 391 / 476 Gb, GMT-3
0	16:46:16.031	Data Folder: C:\Users\Administrator\AppData\Roaming\MetaQuotes\Terminal\287469DEA9630EA94D0715D755974F1B
1	16:46:16.794	MQL Base: failed connect to server
2	16:46:17.330	Custom indicator iclock_mod1 EURUSD,M5: loaded successfully
2	16:46:17.341	Custom indicator fadedbckgrnd2__1 EURUSD,M5: loaded successfully
2	16:46:17.355	Custom indicator FixedChartScale EURUSD,M5: loaded successfully
2	16:46:17.426	Custom indicator iclock_mod1 GBPUSD,M5: loaded successfully
2	16:46:17.435	Custom indicator fadedbckgrnd2__1 GBPUSD,M5: loaded successfully
2	16:46:17.443	Custom indicator FixedChartScale GBPUSD,M5: loaded successfully
2	16:46:17.517	Custom indicator iclock_mod1 GBPJPY,M5: loaded successfully
2	16:46:17.525	Custom indicator fadedbckgrnd2__1 GBPJPY,M5: loaded successfully
2	16:46:17.534	Custom indicator FixedChartScale GBPJPY,M5: loaded successfully
2	16:46:17.608	Custom indicator iclock_mod1 AUDJPY,M5: loaded successfully
2	16:46:17.617	Custom indicator fadedbckgrnd2__1 AUDJPY,M5: loaded successfully
2	16:46:17.626	Custom indicator FixedChartScale AUDJPY,M5: loaded successfully
1	16:46:17.975	'15069840': connect failed [Sem conexão]
1	16:46:18.018	MQL5.community: authorization failed
2	16:46:25.991	Custom indicator iclock_mod1 EURUSD,M5: removed
2	16:46:25.992	Custom indicator fadedbckgrnd2__1 EURUSD,M5: removed
2	16:46:25.994	Custom indicator FixedChartScale EURUSD,M5: removed
2	16:46:26.005	Custom indicator iclock_mod1 EURUSD,M5: loaded successfully
2	16:46:26.014	Custom indicator fadedbckgrnd2__1 EURUSD,M5: loaded successfully
2	16:46:26.023	Custom indicator FixedChartScale EURUSD,M5: loaded successfully
2	16:46:26.129	Custom indicator Price Pro Value Chart Profissional - PT-BR EURUSD,M5: loaded successfully
2	16:46:26.336	Custom indicator Price Pro Value Chart Profissional - PT-BR EURUSD,M5: removed
0	16:46:26.337	HistoryCenter: synchronize 'EURUSD5'
0	16:46:26.338	HistoryCenter: synchronize 'EURUSD5'
0	16:46:26.338	HistoryCenter: synchronize 'EURUSD5'
0	16:46:26.338	HistoryCenter: synchronize 'EURUSD5'
0	16:46:26.898	HistoryCenter: synchronize 'EURUSD5'
0	16:46:26.898	HistoryCenter: synchronize 'EURUSD5'
0	16:46:26.898	HistoryCenter: synchronize 'EURUSD5'
0	16:46:26.898	HistoryCenter: synchronize 'EURUSD5'
0	16:46:27.449	HistoryCenter: synchronize 'EURUSD5'
0	16:46:27.449	HistoryCenter: synchronize 'EURUSD5'
0	16:46:27.449	HistoryCenter: synchronize 'EURUSD5'
0	16:46:27.449	HistoryCenter: synchronize 'EURUSD5'
0	16:46:28.004	HistoryCenter: synchronize 'EURUSD5'
0	16:46:28.004	HistoryCenter: synchronize 'EURUSD5'
0	16:46:28.004	HistoryCenter: synchronize 'EURUSD5'
0	16:46:28.004	HistoryCenter: synchronize 'EURUSD5'
0	16:46:28.560	HistoryCenter: synchronize 'EURUSD5'
0	16:46:28.560	HistoryCenter: synchronize 'EURUSD5'
0	16:46:28.560	HistoryCenter: synchronize 'EURUSD5'
0	16:46:28.560	HistoryCenter: synchronize 'EURUSD5'
0	16:46:29.113	HistoryCenter: synchronize 'EURUSD5'
0	16:46:29.113	HistoryCenter: synchronize 'EURUSD5'
0	16:46:29.113	HistoryCenter: synchronize 'EURUSD5'
0	16:46:29.113	HistoryCenter: synchronize 'EURUSD5'
0	16:46:29.669	HistoryCenter: synchronize 'EURUSD5'
0	16:46:29.669	HistoryCenter: synchronize 'EURUSD5'
0	16:46:29.669	HistoryCenter: synchronize 'EURUSD5'
0	16:46:29.669	HistoryCenter: synchronize 'EURUSD5'
0	16:46:30.225	HistoryCenter: synchronize 'EURUSD5'
0	16:46:30.225	HistoryCenter: synchronize 'EURUSD5'
0	16:46:30.225	HistoryCenter: synchronize 'EURUSD5'
0	16:46:30.225	HistoryCenter: synchronize 'EURUSD5'
0	16:46:30.781	HistoryCenter: synchronize 'EURUSD5'
0	16:46:30.781	HistoryCenter: synchronize 'EURUSD5'
0	16:46:30.781	HistoryCenter: synchronize 'EURUSD5'
0	16:46:30.781	HistoryCenter: synchronize 'EURUSD5'
0	16:46:31.337	HistoryCenter: synchronize 'EURUSD5'
0	16:46:31.337	HistoryCenter: synchronize 'EURUSD5'
0	16:46:31.337	HistoryCenter: synchronize 'EURUSD5'
0	16:46:31.337	HistoryCenter: synchronize 'EURUSD5'
0	16:46:31.886	HistoryCenter: synchronize 'EURUSD5'
0	16:46:31.886	HistoryCenter: synchronize 'EURUSD5'
0	16:46:31.886	HistoryCenter: synchronize 'EURUSD5'
0	16:46:31.886	HistoryCenter: synchronize 'EURUSD5'
0	16:46:32.441	HistoryCenter: synchronize 'EURUSD5'
0	16:46:32.441	HistoryCenter: synchronize 'EURUSD5'
0	16:46:32.441	HistoryCenter: synchronize 'EURUSD5'
0	16:46:32.441	HistoryCenter: synchronize 'EURUSD5'
0	16:46:32.994	HistoryCenter: synchronize 'EURUSD5'
0	16:46:32.994	HistoryCenter: synchronize 'EURUSD5'
0	16:46:32.994	HistoryCenter: synchronize 'EURUSD5'
0	16:46:32.994	HistoryCenter: synchronize 'EURUSD5'
0	16:46:33.547	HistoryCenter: synchronize 'EURUSD5'
0	16:46:33.547	HistoryCenter: synchronize 'EURUSD5'
0	16:46:33.547	HistoryCenter: synchronize 'EURUSD5'
0	16:46:33.547	HistoryCenter: synchronize 'EURUSD5'
0	16:46:34.099	HistoryCenter: synchronize 'EURUSD5'
0	16:46:34.099	HistoryCenter: synchronize 'EURUSD5'
0	16:46:34.099	HistoryCenter: synchronize 'EURUSD5'
0	16:46:34.099	HistoryCenter: synchronize 'EURUSD5'
0	16:46:34.650	HistoryCenter: synchronize 'EURUSD5'
0	16:46:34.650	HistoryCenter: synchronize 'EURUSD5'
0	16:46:34.650	HistoryCenter: synchronize 'EURUSD5'
0	16:46:34.650	HistoryCenter: synchronize 'EURUSD5'
0	16:46:35.204	HistoryCenter: synchronize 'EURUSD5'
0	16:46:35.204	HistoryCenter: synchronize 'EURUSD5'
0	16:46:35.204	HistoryCenter: synchronize 'EURUSD5'
0	16:46:35.204	HistoryCenter: synchronize 'EURUSD5'
0	16:46:35.752	HistoryCenter: synchronize 'EURUSD5'
0	16:46:35.752	HistoryCenter: synchronize 'EURUSD5'
0	16:46:35.752	HistoryCenter: synchronize 'EURUSD5'
0	16:46:35.752	HistoryCenter: synchronize 'EURUSD5'
0	16:46:36.305	HistoryCenter: synchronize 'EURUSD5'
0	16:46:36.305	HistoryCenter: synchronize 'EURUSD5'
0	16:46:36.305	HistoryCenter: synchronize 'EURUSD5'
0	16:46:36.305	HistoryCenter: synchronize 'EURUSD5'
0	16:46:36.854	HistoryCenter: synchronize 'EURUSD5'
0	16:46:36.854	HistoryCenter: synchronize 'EURUSD5'
0	16:46:36.854	HistoryCenter: synchronize 'EURUSD5'
0	16:46:36.854	HistoryCenter: synchronize 'EURUSD5'
2	16:46:37.140	Custom indicator iclock_mod1 EURUSD,M5: removed
2	16:46:37.141	Custom indicator fadedbckgrnd2__1 EURUSD,M5: removed
2	16:46:37.143	Custom indicator FixedChartScale EURUSD,M5: removed
2	16:46:37.152	Custom indicator iclock_mod1 EURUSD,M5: loaded successfully
2	16:46:37.160	Custom indicator fadedbckgrnd2__1 EURUSD,M5: loaded successfully
2	16:46:37.167	Custom indicator FixedChartScale EURUSD,M5: loaded successfully
2	16:46:37.269	Custom indicator Price Pro Value Chart Profissional - PT-BR EURUSD,M5: loaded successfully
0	16:46:37.408	HistoryCenter: synchronize 'EURUSD5'
0	16:46:37.408	HistoryCenter: synchronize 'EURUSD5'
0	16:46:37.408	HistoryCenter: synchronize 'EURUSD5'
0	16:46:37.408	HistoryCenter: synchronize 'EURUSD5'
2	16:46:37.461	Custom indicator Price Pro Value Chart Profissional - PT-BR EURUSD,M5: removed
0	16:46:37.961	HistoryCenter: synchronize 'EURUSD5'
0	16:46:37.961	HistoryCenter: synchronize 'EURUSD5'
0	16:46:37.961	HistoryCenter: synchronize 'EURUSD5'
0	16:46:37.961	HistoryCenter: synchronize 'EURUSD5'
0	16:46:38.515	HistoryCenter: synchronize 'EURUSD5'
0	16:46:38.515	HistoryCenter: synchronize 'EURUSD5'
0	16:46:38.515	HistoryCenter: synchronize 'EURUSD5'
0	16:46:38.515	HistoryCenter: synchronize 'EURUSD5'
0	16:46:39.067	HistoryCenter: synchronize 'EURUSD5'
0	16:46:39.067	HistoryCenter: synchronize 'EURUSD5'
0	16:46:39.067	HistoryCenter: synchronize 'EURUSD5'
0	16:46:39.067	HistoryCenter: synchronize 'EURUSD5'
0	16:46:39.616	HistoryCenter: synchronize 'EURUSD5'
0	16:46:39.616	HistoryCenter: synchronize 'EURUSD5'
0	16:46:39.616	HistoryCenter: synchronize 'EURUSD5'
0	16:46:39.616	HistoryCenter: synchronize 'EURUSD5'
0	16:46:40.164	HistoryCenter: synchronize 'EURUSD5'
0	16:46:40.164	HistoryCenter: synchronize 'EURUSD5'
0	16:46:40.164	HistoryCenter: synchronize 'EURUSD5'
0	16:46:40.164	HistoryCenter: synchronize 'EURUSD5'
0	16:46:40.719	HistoryCenter: synchronize 'EURUSD5'
0	16:46:40.719	HistoryCenter: synchronize 'EURUSD5'
0	16:46:40.719	HistoryCenter: synchronize 'EURUSD5'
0	16:46:40.719	HistoryCenter: synchronize 'EURUSD5'
0	16:46:41.264	HistoryCenter: synchronize 'EURUSD5'
0	16:46:41.264	HistoryCenter: synchronize 'EURUSD5'
0	16:46:41.264	HistoryCenter: synchronize 'EURUSD5'
0	16:46:41.264	HistoryCenter: synchronize 'EURUSD5'
0	16:46:41.817	HistoryCenter: synchronize 'EURUSD5'
0	16:46:41.817	HistoryCenter: synchronize 'EURUSD5'
0	16:46:41.817	HistoryCenter: synchronize 'EURUSD5'
0	16:46:41.817	HistoryCenter: synchronize 'EURUSD5'
0	16:46:42.371	HistoryCenter: synchronize 'EURUSD5'
0	16:46:42.371	HistoryCenter: synchronize 'EURUSD5'
0	16:46:42.371	HistoryCenter: synchronize 'EURUSD5'
0	16:46:42.371	HistoryCenter: synchronize 'EURUSD5'
0	16:46:42.924	HistoryCenter: synchronize 'EURUSD5'
0	16:46:42.924	HistoryCenter: synchronize 'EURUSD5'
0	16:46:42.924	HistoryCenter: synchronize 'EURUSD5'
0	16:46:42.924	HistoryCenter: synchronize 'EURUSD5'
0	16:46:43.474	HistoryCenter: synchronize 'EURUSD5'
0	16:46:43.474	HistoryCenter: synchronize 'EURUSD5'
0	16:46:43.474	HistoryCenter: synchronize 'EURUSD5'
0	16:46:43.474	HistoryCenter: synchronize 'EURUSD5'
0	16:46:44.028	HistoryCenter: synchronize 'EURUSD5'
0	16:46:44.028	HistoryCenter: synchronize 'EURUSD5'
0	16:46:44.028	HistoryCenter: synchronize 'EURUSD5'
0	16:46:44.028	HistoryCenter: synchronize 'EURUSD5'
0	16:46:44.582	HistoryCenter: synchronize 'EURUSD5'
0	16:46:44.582	HistoryCenter: synchronize 'EURUSD5'
0	16:46:44.582	HistoryCenter: synchronize 'EURUSD5'
0	16:46:44.582	HistoryCenter: synchronize 'EURUSD5'
0	16:46:45.138	HistoryCenter: synchronize 'EURUSD5'
0	16:46:45.138	HistoryCenter: synchronize 'EURUSD5'
0	16:46:45.138	HistoryCenter: synchronize 'EURUSD5'
0	16:46:45.138	HistoryCenter: synchronize 'EURUSD5'
0	16:46:45.691	HistoryCenter: synchronize 'EURUSD5'
0	16:46:45.691	HistoryCenter: synchronize 'EURUSD5'
0	16:46:45.691	HistoryCenter: synchronize 'EURUSD5'
0	16:46:45.691	HistoryCenter: synchronize 'EURUSD5'
0	16:46:46.241	HistoryCenter: synchronize 'EURUSD5'
0	16:46:46.241	HistoryCenter: synchronize 'EURUSD5'
0	16:46:46.241	HistoryCenter: synchronize 'EURUSD5'
0	16:46:46.241	HistoryCenter: synchronize 'EURUSD5'
0	16:46:46.793	HistoryCenter: synchronize 'EURUSD5'
0	16:46:46.793	HistoryCenter: synchronize 'EURUSD5'
0	16:46:46.793	HistoryCenter: synchronize 'EURUSD5'
0	16:46:46.793	HistoryCenter: synchronize 'EURUSD5'
0	16:46:47.349	HistoryCenter: synchronize 'EURUSD5'
0	16:46:47.349	HistoryCenter: synchronize 'EURUSD5'
0	16:46:47.349	HistoryCenter: synchronize 'EURUSD5'
0	16:46:47.349	HistoryCenter: synchronize 'EURUSD5'
0	16:46:47.902	HistoryCenter: synchronize 'EURUSD5'
0	16:46:47.902	HistoryCenter: synchronize 'EURUSD5'
0	16:46:47.902	HistoryCenter: synchronize 'EURUSD5'
0	16:46:47.902	HistoryCenter: synchronize 'EURUSD5'
0	16:46:48.459	HistoryCenter: synchronize 'EURUSD5'
0	16:46:48.459	HistoryCenter: synchronize 'EURUSD5'
0	16:46:48.459	HistoryCenter: synchronize 'EURUSD5'
0	16:46:48.459	HistoryCenter: synchronize 'EURUSD5'
0	16:46:49.014	HistoryCenter: synchronize 'EURUSD5'
0	16:46:49.014	HistoryCenter: synchronize 'EURUSD5'
0	16:46:49.014	HistoryCenter: synchronize 'EURUSD5'
0	16:46:49.014	HistoryCenter: synchronize 'EURUSD5'
0	16:46:49.567	HistoryCenter: synchronize 'EURUSD5'
0	16:46:49.567	HistoryCenter: synchronize 'EURUSD5'
0	16:46:49.567	HistoryCenter: synchronize 'EURUSD5'
0	16:46:49.567	HistoryCenter: synchronize 'EURUSD5'
0	16:46:50.118	HistoryCenter: synchronize 'EURUSD5'
0	16:46:50.118	HistoryCenter: synchronize 'EURUSD5'
0	16:46:50.118	HistoryCenter: synchronize 'EURUSD5'
0	16:46:50.118	HistoryCenter: synchronize 'EURUSD5'
0	16:46:50.673	HistoryCenter: synchronize 'EURUSD5'
0	16:46:50.673	HistoryCenter: synchronize 'EURUSD5'
0	16:46:50.673	HistoryCenter: synchronize 'EURUSD5'
0	16:46:50.673	HistoryCenter: synchronize 'EURUSD5'
0	16:46:51.225	HistoryCenter: synchronize 'EURUSD5'
0	16:46:51.225	HistoryCenter: synchronize 'EURUSD5'
0	16:46:51.225	HistoryCenter: synchronize 'EURUSD5'
0	16:46:51.225	HistoryCenter: synchronize 'EURUSD5'
0	16:46:51.780	HistoryCenter: synchronize 'EURUSD5'
0	16:46:51.780	HistoryCenter: synchronize 'EURUSD5'
0	16:46:51.780	HistoryCenter: synchronize 'EURUSD5'
0	16:46:51.780	HistoryCenter: synchronize 'EURUSD5'
0	16:46:52.329	HistoryCenter: synchronize 'EURUSD5'
0	16:46:52.329	HistoryCenter: synchronize 'EURUSD5'
0	16:46:52.329	HistoryCenter: synchronize 'EURUSD5'
0	16:46:52.329	HistoryCenter: synchronize 'EURUSD5'
0	16:46:52.883	HistoryCenter: synchronize 'EURUSD5'
0	16:46:52.883	HistoryCenter: synchronize 'EURUSD5'
0	16:46:52.883	HistoryCenter: synchronize 'EURUSD5'
0	16:46:52.883	HistoryCenter: synchronize 'EURUSD5'
0	16:46:53.436	HistoryCenter: synchronize 'EURUSD5'
0	16:46:53.436	HistoryCenter: synchronize 'EURUSD5'
0	16:46:53.436	HistoryCenter: synchronize 'EURUSD5'
0	16:46:53.436	HistoryCenter: synchronize 'EURUSD5'
0	16:46:53.969	HistoryCenter: synchronize 'EURUSD5'
0	16:46:53.969	HistoryCenter: synchronize 'EURUSD5'
0	16:46:53.969	HistoryCenter: synchronize 'EURUSD5'
0	16:46:53.969	HistoryCenter: synchronize 'EURUSD5'
0	16:46:54.519	HistoryCenter: synchronize 'EURUSD5'
0	16:46:54.519	HistoryCenter: synchronize 'EURUSD5'
0	16:46:54.519	HistoryCenter: synchronize 'EURUSD5'
0	16:46:54.519	HistoryCenter: synchronize 'EURUSD5'
0	16:46:55.063	HistoryCenter: synchronize 'EURUSD5'
0	16:46:55.063	HistoryCenter: synchronize 'EURUSD5'
0	16:46:55.063	HistoryCenter: synchronize 'EURUSD5'
0	16:46:55.063	HistoryCenter: synchronize 'EURUSD5'
0	16:46:55.608	HistoryCenter: synchronize 'EURUSD5'
0	16:46:55.608	HistoryCenter: synchronize 'EURUSD5'
0	16:46:55.608	HistoryCenter: synchronize 'EURUSD5'
0	16:46:55.608	HistoryCenter: synchronize 'EURUSD5'
0	16:46:56.154	HistoryCenter: synchronize 'EURUSD5'
0	16:46:56.154	HistoryCenter: synchronize 'EURUSD5'
0	16:46:56.154	HistoryCenter: synchronize 'EURUSD5'
0	16:46:56.154	HistoryCenter: synchronize 'EURUSD5'
0	16:46:56.702	HistoryCenter: synchronize 'EURUSD5'
0	16:46:56.702	HistoryCenter: synchronize 'EURUSD5'
0	16:46:56.702	HistoryCenter: synchronize 'EURUSD5'
0	16:46:56.702	HistoryCenter: synchronize 'EURUSD5'
0	16:46:57.261	HistoryCenter: synchronize 'EURUSD5'
0	16:46:57.261	HistoryCenter: synchronize 'EURUSD5'
0	16:46:57.261	HistoryCenter: synchronize 'EURUSD5'
0	16:46:57.261	HistoryCenter: synchronize 'EURUSD5'
0	16:46:57.810	HistoryCenter: synchronize 'EURUSD5'
0	16:46:57.810	HistoryCenter: synchronize 'EURUSD5'
0	16:46:57.810	HistoryCenter: synchronize 'EURUSD5'
0	16:46:57.810	HistoryCenter: synchronize 'EURUSD5'
0	16:46:58.362	HistoryCenter: synchronize 'EURUSD5'
0	16:46:58.362	HistoryCenter: synchronize 'EURUSD5'
0	16:46:58.362	HistoryCenter: synchronize 'EURUSD5'
0	16:46:58.362	HistoryCenter: synchronize 'EURUSD5'
0	16:46:58.917	HistoryCenter: synchronize 'EURUSD5'
0	16:46:58.917	HistoryCenter: synchronize 'EURUSD5'
0	16:46:58.917	HistoryCenter: synchronize 'EURUSD5'
0	16:46:58.917	HistoryCenter: synchronize 'EURUSD5'
0	16:46:59.472	HistoryCenter: synchronize 'EURUSD5'
0	16:46:59.472	HistoryCenter: synchronize 'EURUSD5'
0	16:46:59.472	HistoryCenter: synchronize 'EURUSD5'
0	16:46:59.472	HistoryCenter: synchronize 'EURUSD5'
0	16:47:00.027	HistoryCenter: synchronize 'EURUSD5'
0	16:47:00.027	HistoryCenter: synchronize 'EURUSD5'
0	16:47:00.027	HistoryCenter: synchronize 'EURUSD5'
0	16:47:00.027	HistoryCenter: synchronize 'EURUSD5'
0	16:47:00.582	HistoryCenter: synchronize 'EURUSD5'
0	16:47:00.582	HistoryCenter: synchronize 'EURUSD5'
0	16:47:00.582	HistoryCenter: synchronize 'EURUSD5'
0	16:47:00.582	HistoryCenter: synchronize 'EURUSD5'
0	16:47:01.136	HistoryCenter: synchronize 'EURUSD5'
0	16:47:01.136	HistoryCenter: synchronize 'EURUSD5'
0	16:47:01.136	HistoryCenter: synchronize 'EURUSD5'
0	16:47:01.136	HistoryCenter: synchronize 'EURUSD5'
0	16:47:01.693	HistoryCenter: synchronize 'EURUSD5'
0	16:47:01.693	HistoryCenter: synchronize 'EURUSD5'
0	16:47:01.693	HistoryCenter: synchronize 'EURUSD5'
0	16:47:01.693	HistoryCenter: synchronize 'EURUSD5'
0	16:47:02.246	HistoryCenter: synchronize 'EURUSD5'
0	16:47:02.246	HistoryCenter: synchronize 'EURUSD5'
0	16:47:02.246	HistoryCenter: synchronize 'EURUSD5'
0	16:47:02.246	HistoryCenter: synchronize 'EURUSD5'
0	16:47:02.795	HistoryCenter: synchronize 'EURUSD5'
0	16:47:02.795	HistoryCenter: synchronize 'EURUSD5'
0	16:47:02.795	HistoryCenter: synchronize 'EURUSD5'
0	16:47:02.795	HistoryCenter: synchronize 'EURUSD5'
0	16:47:03.349	HistoryCenter: synchronize 'EURUSD5'
0	16:47:03.349	HistoryCenter: synchronize 'EURUSD5'
0	16:47:03.349	HistoryCenter: synchronize 'EURUSD5'
0	16:47:03.349	HistoryCenter: synchronize 'EURUSD5'
0	16:47:03.898	HistoryCenter: synchronize 'EURUSD5'
0	16:47:03.898	HistoryCenter: synchronize 'EURUSD5'
0	16:47:03.898	HistoryCenter: synchronize 'EURUSD5'
0	16:47:03.898	HistoryCenter: synchronize 'EURUSD5'
0	16:47:04.454	HistoryCenter: synchronize 'EURUSD5'
0	16:47:04.454	HistoryCenter: synchronize 'EURUSD5'
0	16:47:04.454	HistoryCenter: synchronize 'EURUSD5'
0	16:47:04.454	HistoryCenter: synchronize 'EURUSD5'
0	16:47:05.003	HistoryCenter: synchronize 'EURUSD5'
0	16:47:05.003	HistoryCenter: synchronize 'EURUSD5'
0	16:47:05.003	HistoryCenter: synchronize 'EURUSD5'
0	16:47:05.003	HistoryCenter: synchronize 'EURUSD5'
0	16:47:05.555	HistoryCenter: synchronize 'EURUSD5'
0	16:47:10.740	'15069840': login on Alpari-Demo through Demo.Europe.9:1119 (ping: 259.72 ms)
0	16:47:12.924	'15069840': login datacenter on Alpari-Demo through Demo.Europe.9:1119 (ping: 259.72 ms)
0	16:47:13.344	HistoryCenter: 2 bars imported in 'EURUSD5'
0	16:47:13.529	'15069840': previous successful authorization performed from 177.13.220.208
2	16:47:19.482	Custom indicator iclock_mod1 EURUSD,M5: removed
2	16:47:19.483	Custom indicator fadedbckgrnd2__1 EURUSD,M5: removed
2	16:47:19.485	Custom indicator FixedChartScale EURUSD,M5: removed
2	16:47:19.496	Custom indicator iclock_mod1 EURUSD,M5: loaded successfully
2	16:47:19.504	Custom indicator fadedbckgrnd2__1 EURUSD,M5: loaded successfully
2	16:47:19.508	Custom indicator FixedChartScale EURUSD,M5: loaded successfully
2	16:47:19.631	Custom indicator Price Pro Value Chart Profissional - PT-BR EURUSD,M5: loaded successfully
0	16:47:23.689	HistoryCenter: synchronize 'EURUSD5'
0	16:47:24.428	HistoryCenter: 2 bars imported in 'EURUSD5'
0	16:47:24.970	HistoryCenter: synchronize 'EURUSD5'
0	16:47:25.729	HistoryCenter: 2 bars imported in 'EURUSD5'
0	16:47:26.280	HistoryCenter: synchronize 'EURUSD5'
0	16:47:27.025	HistoryCenter: 2 bars imported in 'EURUSD5'
0	16:47:28.108	HistoryCenter: synchronize 'EURUSD5'
0	16:47:28.831	HistoryCenter: 2 bars imported in 'EURUSD5'
0	16:47:29.383	HistoryCenter: synchronize 'EURUSD5'
0	16:47:30.122	HistoryCenter: 2 bars imported in 'EURUSD5'
0	16:47:31.197	HistoryCenter: synchronize 'EURUSD5'
0	16:47:31.992	HistoryCenter: 2 bars imported in 'EURUSD5'
0	16:47:33.096	HistoryCenter: synchronize 'EURUSD5'
0	16:47:33.854	HistoryCenter: 2 bars imported in 'EURUSD5'
0	16:47:34.385	HistoryCenter: synchronize 'EURUSD5'
0	16:47:35.140	HistoryCenter: 2 bars imported in 'EURUSD5'
0	16:47:36.240	HistoryCenter: synchronize 'EURUSD5'
0	16:47:37.011	HistoryCenter: 2 bars imported in 'EURUSD5'
0	16:47:38.118	HistoryCenter: synchronize 'EURUSD5'
0	16:47:38.849	HistoryCenter: 2 bars imported in 'EURUSD5'
0	16:47:39.419	HistoryCenter: synchronize 'EURUSD5'
0	16:47:40.241	HistoryCenter: 2 bars imported in 'EURUSD5'
0	16:47:41.340	HistoryCenter: synchronize 'EURUSD5'
0	16:47:42.103	HistoryCenter: 2 bars imported in 'EURUSD5'
0	16:57:35.225	HistoryCenter: synchronize 'EURUSD5'
0	16:57:35.994	HistoryCenter: 2 bars imported in 'EURUSD5'
0	16:57:37.094	HistoryCenter: synchronize 'EURUSD5'
0	16:57:37.822	HistoryCenter: 2 bars imported in 'EURUSD5'
0	16:57:38.367	HistoryCenter: synchronize 'EURUSD5'
0	16:57:39.127	HistoryCenter: 2 bars imported in 'EURUSD5'
0	16:57:40.230	HistoryCenter: synchronize 'EURUSD5'
0	16:57:40.977	HistoryCenter: 2 bars imported in 'EURUSD5'
0	16:57:41.525	HistoryCenter: synchronize 'EURUSD5'
0	16:57:42.274	HistoryCenter: 2 bars imported in 'EURUSD5'
0	16:57:43.371	HistoryCenter: synchronize 'EURUSD5'
0	16:57:44.122	HistoryCenter: 2 bars imported in 'EURUSD5'
0	16:57:45.218	HistoryCenter: synchronize 'EURUSD5'
0	16:57:46.000	HistoryCenter: 2 bars imported in 'EURUSD5'
0	16:57:46.560	HistoryCenter: synchronize 'EURUSD5'
0	16:57:47.294	HistoryCenter: 2 bars imported in 'EURUSD5'
0	16:57:48.392	HistoryCenter: synchronize 'EURUSD5'
0	16:57:49.148	HistoryCenter: 2 bars imported in 'EURUSD5'
0	16:57:50.255	HistoryCenter: synchronize 'EURUSD5'
0	16:57:51.017	HistoryCenter: 2 bars imported in 'EURUSD5'
0	16:57:51.567	HistoryCenter: synchronize 'EURUSD5'
0	16:57:52.392	HistoryCenter: 2 bars imported in 'EURUSD5'
0	16:57:56.248	HistoryCenter: synchronize 'EURUSD1'
0	16:57:56.985	HistoryCenter: 2 bars imported in 'EURUSD1'
0	16:57:58.094	HistoryCenter: synchronize 'EURUSD1'
0	16:57:58.823	HistoryCenter: 2 bars imported in 'EURUSD1'
0	16:57:59.369	HistoryCenter: synchronize 'EURUSD1'
0	16:58:00.134	HistoryCenter: 2 bars imported in 'EURUSD1'
2	16:58:23.188	Custom indicator iclock_mod1 EURUSD,M1: removed
2	16:58:23.189	Custom indicator fadedbckgrnd2__1 EURUSD,M1: removed
2	16:58:23.190	Custom indicator FixedChartScale EURUSD,M1: removed
2	16:58:23.204	Custom indicator Price Pro Value Chart Profissional - PT-BR EURUSD,M1: removed
2	16:58:23.215	Custom indicator iclock_mod1 EURUSD,M1: loaded successfully
2	16:58:23.223	Custom indicator fadedbckgrnd2__1 EURUSD,M1: loaded successfully
2	16:58:23.233	Custom indicator FixedChartScale EURUSD,M1: loaded successfully
2	16:58:23.331	Custom indicator Price Pro Value Chart Profissional - PT-BR EURUSD,M1: loaded successfully
0	16:58:23.721	HistoryCenter: synchronize 'EURUSD1'
0	16:58:24.549	HistoryCenter: 2 bars imported in 'EURUSD1'
0	16:58:25.642	HistoryCenter: synchronize 'EURUSD1'
0	16:58:26.495	HistoryCenter: 2 bars imported in 'EURUSD1'
0	16:58:27.053	HistoryCenter: synchronize 'EURUSD1'
0	16:58:27.852	HistoryCenter: 2 bars imported in 'EURUSD1'
0	16:58:28.958	HistoryCenter: synchronize 'EURUSD1'
0	16:58:29.709	HistoryCenter: 2 bars imported in 'EURUSD1'
0	16:58:30.803	HistoryCenter: synchronize 'EURUSD1'
0	16:58:31.582	HistoryCenter: 2 bars imported in 'EURUSD1'
0	16:58:32.686	HistoryCenter: synchronize 'EURUSD1'
0	16:58:33.459	HistoryCenter: 2 bars imported in 'EURUSD1'
0	16:59:36.778	HistoryCenter: synchronize 'EURUSD1'
0	16:59:37.533	HistoryCenter: 2 bars imported in 'EURUSD1'
0	16:59:38.641	HistoryCenter: synchronize 'EURUSD1'
0	16:59:39.417	HistoryCenter: 2 bars imported in 'EURUSD1'
0	16:59:39.967	HistoryCenter: synchronize 'EURUSD1'
0	16:59:40.732	HistoryCenter: 2 bars imported in 'EURUSD1'
0	16:59:41.827	HistoryCenter: synchronize 'EURUSD1'
0	16:59:42.572	HistoryCenter: 2 bars imported in 'EURUSD1'
0	16:59:43.121	HistoryCenter: synchronize 'EURUSD1'
0	16:59:43.859	HistoryCenter: 2 bars imported in 'EURUSD1'
0	16:59:44.952	HistoryCenter: synchronize 'EURUSD1'
0	16:59:45.727	HistoryCenter: 2 bars imported in 'EURUSD1'
0	16:59:46.830	HistoryCenter: synchronize 'EURUSD1'
0	16:59:47.558	HistoryCenter: 2 bars imported in 'EURUSD1'
0	16:59:48.112	HistoryCenter: synchronize 'EURUSD1'
0	16:59:48.895	HistoryCenter: 2 bars imported in 'EURUSD1'
0	16:59:49.992	HistoryCenter: synchronize 'EURUSD1'
0	16:59:50.747	HistoryCenter: 2 bars imported in 'EURUSD1'
0	16:59:51.853	HistoryCenter: synchronize 'EURUSD1'
0	16:59:52.587	HistoryCenter: 2 bars imported in 'EURUSD1'
0	16:59:53.131	HistoryCenter: synchronize 'EURUSD1'
0	16:59:53.902	HistoryCenter: 2 bars imported in 'EURUSD1'
2	17:02:36.781	Custom indicator iclock_mod1 GBPUSD,M5: removed
2	17:02:36.782	Custom indicator fadedbckgrnd2__1 GBPUSD,M5: removed
2	17:02:36.784	Custom indicator FixedChartScale GBPUSD,M5: removed
2	17:02:36.795	Custom indicator iclock_mod1 GBPUSD,M5: loaded successfully
2	17:02:36.804	Custom indicator fadedbckgrnd2__1 GBPUSD,M5: loaded successfully
2	17:02:36.812	Custom indicator FixedChartScale GBPUSD,M5: loaded successfully
2	17:02:36.925	Custom indicator Price Pro Value Chart Profissional - PT-BR GBPUSD,M5: loaded successfully
0	17:02:37.318	HistoryCenter: synchronize 'GBPUSD5'
0	17:02:38.093	HistoryCenter: 2 bars imported in 'GBPUSD5'
0	17:02:39.197	HistoryCenter: synchronize 'GBPUSD5'
0	17:02:39.946	HistoryCenter: 2 bars imported in 'GBPUSD5'
0	17:02:40.493	HistoryCenter: synchronize 'GBPUSD5'
0	17:02:41.293	HistoryCenter: 2 bars imported in 'GBPUSD5'
0	17:02:41.849	HistoryCenter: synchronize 'GBPUSD1'
0	17:02:42.772	HistoryCenter: 2 bars imported in 'GBPUSD1'
0	17:02:43.869	HistoryCenter: synchronize 'GBPUSD1'
0	17:02:44.867	HistoryCenter: 2 bars imported in 'GBPUSD1'
0	17:02:45.968	HistoryCenter: synchronize 'GBPUSD1'
0	17:02:46.851	HistoryCenter: 2 bars imported in 'GBPUSD1'
0	17:02:47.959	HistoryCenter: synchronize 'GBPUSD1'
0	17:02:48.734	HistoryCenter: 2 bars imported in 'GBPUSD1'
0	17:02:49.834	HistoryCenter: synchronize 'GBPUSD1'
0	17:02:50.640	HistoryCenter: 2 bars imported in 'GBPUSD1'
0	17:02:51.737	HistoryCenter: synchronize 'GBPUSD1'
2	17:02:52.376	Custom indicator iclock_mod1 GBPUSD,M1: removed
2	17:02:52.378	Custom indicator fadedbckgrnd2__1 GBPUSD,M1: removed
2	17:02:52.379	Custom indicator FixedChartScale GBPUSD,M1: removed
2	17:02:52.387	Custom indicator Price Pro Value Chart Profissional - PT-BR GBPUSD,M1: removed
2	17:02:52.404	Custom indicator iclock_mod1 GBPUSD,M1: loaded successfully
2	17:02:52.413	Custom indicator fadedbckgrnd2__1 GBPUSD,M1: loaded successfully
2	17:02:52.421	Custom indicator FixedChartScale GBPUSD,M1: loaded successfully
2	17:02:52.531	Custom indicator Price Pro Value Chart Profissional - PT-BR GBPUSD,M1: loaded successfully
0	17:02:52.543	HistoryCenter: 2 bars imported in 'GBPUSD1'
0	17:02:53.093	HistoryCenter: synchronize 'GBPUSD1'
0	17:02:53.847	HistoryCenter: 2 bars imported in 'GBPUSD1'
0	17:02:54.922	HistoryCenter: synchronize 'GBPUSD1'
0	17:02:55.847	HistoryCenter: 2 bars imported in 'GBPUSD1'
0	17:02:56.941	HistoryCenter: synchronize 'GBPUSD1'
0	17:02:57.858	HistoryCenter: 2 bars imported in 'GBPUSD1'
0	17:02:58.962	HistoryCenter: synchronize 'GBPUSD1'
0	17:02:59.706	HistoryCenter: 2 bars imported in 'GBPUSD1'
0	17:03:00.256	HistoryCenter: synchronize 'GBPUSD1'
0	17:03:01.008	HistoryCenter: 2 bars imported in 'GBPUSD1'
0	17:03:02.136	HistoryCenter: synchronize 'GBPUSD1'
0	17:03:02.947	HistoryCenter: 2 bars imported in 'GBPUSD1'
0	17:03:04.046	HistoryCenter: synchronize 'GBPUSD1'
0	17:03:04.816	HistoryCenter: 2 bars imported in 'GBPUSD1'
0	17:03:05.925	HistoryCenter: synchronize 'GBPUSD1'
0	17:03:06.673	HistoryCenter: 2 bars imported in 'GBPUSD1'
0	17:03:07.220	HistoryCenter: synchronize 'GBPUSD1'
0	17:03:08.006	HistoryCenter: 2 bars imported in 'GBPUSD1'
0	17:03:09.100	HistoryCenter: synchronize 'GBPUSD1'
0	17:03:09.827	HistoryCenter: 2 bars imported in 'GBPUSD1'
2	17:03:25.635	Custom indicator iclock_mod1 GBPJPY,M1: removed
2	17:03:25.636	Custom indicator fadedbckgrnd2__1 GBPJPY,M1: removed
2	17:03:25.638	Custom indicator FixedChartScale GBPJPY,M1: removed
2	17:03:25.647	Custom indicator iclock_mod1 GBPJPY,M1: loaded successfully
2	17:03:25.657	Custom indicator fadedbckgrnd2__1 GBPJPY,M1: loaded successfully
2	17:03:25.665	Custom indicator FixedChartScale GBPJPY,M1: loaded successfully
2	17:03:25.766	Custom indicator Price Pro Value Chart Profissional - PT-BR GBPJPY,M1: loaded successfully
0	17:03:26.322	HistoryCenter: synchronize 'GBPJPY1'
0	17:03:27.911	HistoryCenter: 6814 bars imported in 'GBPJPY1'
0	17:03:28.438	HistoryCenter: synchronize 'GBPJPY1'
0	17:03:29.207	HistoryCenter: 2 bars imported in 'GBPJPY1'
0	17:03:30.278	HistoryCenter: synchronize 'GBPJPY1'
0	17:03:31.011	HistoryCenter: 2 bars imported in 'GBPJPY1'
0	17:03:32.078	HistoryCenter: synchronize 'GBPJPY1'
0	17:03:32.853	HistoryCenter: 2 bars imported in 'GBPJPY1'
0	17:03:33.395	HistoryCenter: synchronize 'GBPJPY1'
0	17:03:34.150	HistoryCenter: 2 bars imported in 'GBPJPY1'
2	17:05:36.623	Custom indicator 2Trend GBPJPY,M1: loaded successfully
2	17:06:40.775	Custom indicator 2Trend GBPJPY,M1: removed
0	17:07:13.078	HistoryCenter: synchronize 'EURUSD5'
0	17:07:13.837	HistoryCenter: 2 bars imported in 'EURUSD5'
0	17:07:14.936	HistoryCenter: synchronize 'EURUSD5'
0	17:07:15.704	HistoryCenter: 2 bars imported in 'EURUSD5'
0	17:07:16.235	HistoryCenter: synchronize 'EURUSD5'
0	17:07:16.977	HistoryCenter: 2 bars imported in 'EURUSD5'
0	17:07:18.073	HistoryCenter: synchronize 'GBPUSD5'
0	17:07:18.810	HistoryCenter: 2 bars imported in 'GBPUSD5'
0	17:07:18.810	HistoryCenter: synchronize 'EURUSD5'
0	17:07:19.539	HistoryCenter: 2 bars imported in 'EURUSD5'
0	17:07:20.086	HistoryCenter: synchronize 'GBPUSD5'
0	17:07:20.841	HistoryCenter: 2 bars imported in 'GBPUSD5'
0	17:07:20.841	HistoryCenter: synchronize 'EURUSD5'
0	17:07:21.581	HistoryCenter: 2 bars imported in 'EURUSD5'
0	17:07:22.107	HistoryCenter: synchronize 'GBPUSD5'
0	17:07:22.867	HistoryCenter: 2 bars imported in 'GBPUSD5'
0	17:07:22.867	HistoryCenter: synchronize 'EURUSD5'
0	17:07:23.632	HistoryCenter: 2 bars imported in 'EURUSD5'
0	17:07:24.185	HistoryCenter: synchronize 'GBPJPY5'
0	17:07:24.941	HistoryCenter: 2 bars imported in 'GBPJPY5'
0	17:07:24.941	HistoryCenter: synchronize 'GBPUSD5'
0	17:07:25.755	HistoryCenter: 2 bars imported in 'GBPUSD5'
0	17:07:25.755	HistoryCenter: synchronize 'EURUSD5'
2	17:07:26.406	Custom indicator iclock_mod1 GBPJPY,M5: removed
2	17:07:26.407	Custom indicator fadedbckgrnd2__1 GBPJPY,M5: removed
2	17:07:26.408	Custom indicator FixedChartScale GBPJPY,M5: removed
2	17:07:26.425	Custom indicator Price Pro Value Chart Profissional - PT-BR GBPJPY,M5: removed
2	17:07:26.434	Custom indicator iclock_mod1 GBPJPY,M5: loaded successfully
2	17:07:26.443	Custom indicator fadedbckgrnd2__1 GBPJPY,M5: loaded successfully
2	17:07:26.451	Custom indicator FixedChartScale GBPJPY,M5: loaded successfully
0	17:07:26.487	HistoryCenter: 2 bars imported in 'EURUSD5'
2	17:07:26.555	Custom indicator Price Pro Value Chart Profissional - PT-BR GBPJPY,M5: loaded successfully
0	17:07:27.033	HistoryCenter: synchronize 'GBPJPY5'
0	17:07:27.785	HistoryCenter: 2 bars imported in 'GBPJPY5'
0	17:07:27.787	HistoryCenter: synchronize 'GBPUSD5'
0	17:07:28.518	HistoryCenter: 2 bars imported in 'GBPUSD5'
0	17:07:28.518	HistoryCenter: synchronize 'EURUSD5'
0	17:07:29.275	HistoryCenter: 2 bars imported in 'EURUSD5'
0	17:07:29.826	HistoryCenter: synchronize 'GBPJPY5'
0	17:07:30.576	HistoryCenter: 2 bars imported in 'GBPJPY5'
0	17:07:30.576	HistoryCenter: synchronize 'GBPUSD5'
0	17:07:31.337	HistoryCenter: 2 bars imported in 'GBPUSD5'
0	17:07:31.881	HistoryCenter: synchronize 'GBPJPY5'
0	17:07:32.630	HistoryCenter: 2 bars imported in 'GBPJPY5'
0	17:07:32.630	HistoryCenter: synchronize 'GBPUSD5'
2	17:07:32.678	Custom indicator iclock_mod1 GBPUSD,M5: removed
2	17:07:32.679	Custom indicator fadedbckgrnd2__1 GBPUSD,M5: removed
2	17:07:32.680	Custom indicator FixedChartScale GBPUSD,M5: removed
2	17:07:32.694	Custom indicator Price Pro Value Chart Profissional - PT-BR GBPUSD,M5: removed
2	17:07:32.704	Custom indicator iclock_mod1 GBPUSD,M5: loaded successfully
2	17:07:32.712	Custom indicator fadedbckgrnd2__1 GBPUSD,M5: loaded successfully
2	17:07:32.720	Custom indicator FixedChartScale GBPUSD,M5: loaded successfully
2	17:07:32.825	Custom indicator Price Pro Value Chart Profissional - PT-BR GBPUSD,M5: loaded successfully
0	17:07:33.411	HistoryCenter: 2 bars imported in 'GBPUSD5'
0	17:07:33.955	HistoryCenter: synchronize 'GBPJPY5'
0	17:07:34.746	HistoryCenter: 2 bars imported in 'GBPJPY5'
0	17:07:34.746	HistoryCenter: synchronize 'GBPUSD5'
0	17:07:35.496	HistoryCenter: 2 bars imported in 'GBPUSD5'
0	17:07:36.043	HistoryCenter: synchronize 'GBPJPY5'
0	17:07:36.780	HistoryCenter: 2 bars imported in 'GBPJPY5'
0	17:07:36.780	HistoryCenter: synchronize 'GBPUSD5'
0	17:07:37.517	HistoryCenter: 2 bars imported in 'GBPUSD5'
2	17:07:38.018	Custom indicator iclock_mod1 EURUSD,M5: removed
2	17:07:38.020	Custom indicator fadedbckgrnd2__1 EURUSD,M5: removed
2	17:07:38.021	Custom indicator FixedChartScale EURUSD,M5: removed
2	17:07:38.035	Custom indicator Price Pro Value Chart Profissional - PT-BR EURUSD,M5: removed
2	17:07:38.047	Custom indicator iclock_mod1 EURUSD,M5: loaded successfully
2	17:07:38.055	Custom indicator fadedbckgrnd2__1 EURUSD,M5: loaded successfully
0	17:07:38.061	HistoryCenter: synchronize 'GBPJPY5'
2	17:07:38.064	Custom indicator FixedChartScale EURUSD,M5: loaded successfully
2	17:07:38.177	Custom indicator Price Pro Value Chart Profissional - PT-BR EURUSD,M5: loaded successfully
0	17:07:38.852	HistoryCenter: 2 bars imported in 'GBPJPY5'
0	17:07:38.852	HistoryCenter: synchronize 'GBPUSD5'
0	17:07:39.655	HistoryCenter: 2 bars imported in 'GBPUSD5'
0	17:07:39.655	HistoryCenter: synchronize 'EURUSD5'
0	17:07:40.386	HistoryCenter: 2 bars imported in 'EURUSD5'
0	17:07:40.941	HistoryCenter: synchronize 'GBPUSD5'
0	17:07:41.746	HistoryCenter: 2 bars imported in 'GBPUSD5'
0	17:07:41.746	HistoryCenter: synchronize 'EURUSD5'
0	17:07:42.526	HistoryCenter: 2 bars imported in 'EURUSD5'
0	17:07:43.075	HistoryCenter: synchronize 'GBPUSD5'
0	17:07:43.872	HistoryCenter: 2 bars imported in 'GBPUSD5'
0	17:07:43.872	HistoryCenter: synchronize 'EURUSD5'
0	17:07:44.611	HistoryCenter: 2 bars imported in 'EURUSD5'
0	17:07:45.158	HistoryCenter: synchronize 'GBPUSD5'
0	17:07:45.925	HistoryCenter: 2 bars imported in 'GBPUSD5'
0	17:07:45.925	HistoryCenter: synchronize 'EURUSD5'
0	17:07:46.672	HistoryCenter: 2 bars imported in 'EURUSD5'
0	17:07:47.219	HistoryCenter: synchronize 'GBPUSD5'
0	17:07:47.969	HistoryCenter: 2 bars imported in 'GBPUSD5'
0	17:07:47.969	HistoryCenter: synchronize 'EURUSD5'
0	17:07:48.722	HistoryCenter: 2 bars imported in 'EURUSD5'
0	17:07:49.262	HistoryCenter: synchronize 'GBPUSD5'
0	17:07:50.007	HistoryCenter: 2 bars imported in 'GBPUSD5'
0	17:07:50.007	HistoryCenter: synchronize 'EURUSD5'
0	17:07:50.751	HistoryCenter: 2 bars imported in 'EURUSD5'
0	17:07:51.291	HistoryCenter: synchronize 'GBPUSD5'
0	17:07:52.035	HistoryCenter: 2 bars imported in 'GBPUSD5'
0	17:07:52.035	HistoryCenter: synchronize 'EURUSD5'
0	17:07:52.785	HistoryCenter: 2 bars imported in 'EURUSD5'
0	17:07:53.336	HistoryCenter: synchronize 'GBPUSD5'
0	17:07:54.067	HistoryCenter: 2 bars imported in 'GBPUSD5'
0	17:07:54.067	HistoryCenter: synchronize 'EURUSD5'
0	17:07:54.820	HistoryCenter: 2 bars imported in 'EURUSD5'
0	17:07:55.369	HistoryCenter: synchronize 'GBPUSD5'
0	17:07:56.107	HistoryCenter: 2 bars imported in 'GBPUSD5'
0	17:07:56.107	HistoryCenter: synchronize 'EURUSD5'
0	17:07:56.891	HistoryCenter: 2 bars imported in 'EURUSD5'
2	17:08:22.652	Custom indicator iclock_mod1 GBPJPY,M5: removed
2	17:08:22.653	Custom indicator fadedbckgrnd2__1 GBPJPY,M5: removed
2	17:08:22.654	Custom indicator FixedChartScale GBPJPY,M5: removed
2	17:08:22.669	Custom indicator Price Pro Value Chart Profissional - PT-BR GBPJPY,M5: removed
2	17:08:22.678	Custom indicator iclock_mod1 GBPJPY,M5: loaded successfully
2	17:08:22.687	Custom indicator fadedbckgrnd2__1 GBPJPY,M5: loaded successfully
2	17:08:22.695	Custom indicator FixedChartScale GBPJPY,M5: loaded successfully
2	17:08:22.799	Custom indicator Price Pro Value Chart Profissional - PT-BR GBPJPY,M5: loaded successfully
0	17:08:23.184	HistoryCenter: synchronize 'GBPJPY5'
0	17:08:23.930	HistoryCenter: 2 bars imported in 'GBPJPY5'
0	17:08:25.036	HistoryCenter: synchronize 'GBPJPY5'
0	17:08:25.810	HistoryCenter: 2 bars imported in 'GBPJPY5'
0	17:08:26.364	HistoryCenter: synchronize 'GBPJPY5'
0	17:08:27.108	HistoryCenter: 2 bars imported in 'GBPJPY5'
0	17:08:28.214	HistoryCenter: synchronize 'GBPJPY5'
0	17:08:28.939	HistoryCenter: 2 bars imported in 'GBPJPY5'
0	17:08:29.489	HistoryCenter: synchronize 'GBPJPY5'
0	17:08:30.246	HistoryCenter: 2 bars imported in 'GBPJPY5'
0	17:08:31.346	HistoryCenter: synchronize 'GBPJPY5'
0	17:08:32.084	HistoryCenter: 2 bars imported in 'GBPJPY5'
0	17:08:33.179	HistoryCenter: synchronize 'GBPJPY5'
0	17:08:33.969	HistoryCenter: 2 bars imported in 'GBPJPY5'
0	17:08:34.524	HistoryCenter: synchronize 'GBPJPY5'
0	17:08:35.283	HistoryCenter: 2 bars imported in 'GBPJPY5'
0	17:08:36.387	HistoryCenter: synchronize 'GBPJPY5'
0	17:08:37.153	HistoryCenter: 2 bars imported in 'GBPJPY5'
0	17:08:38.259	HistoryCenter: synchronize 'GBPJPY5'
0	17:08:39.030	HistoryCenter: 2 bars imported in 'GBPJPY5'
0	17:08:40.144	HistoryCenter: synchronize 'GBPJPY5'
0	17:08:40.901	HistoryCenter: 2 bars imported in 'GBPJPY5'
0	17:08:41.454	HistoryCenter: synchronize 'GBPJPY5'
0	17:08:42.218	HistoryCenter: 2 bars imported in 'GBPJPY5'
2	17:08:48.276	Custom indicator iclock_mod1 AUDJPY,M5: removed
2	17:08:48.277	Custom indicator fadedbckgrnd2__1 AUDJPY,M5: removed
2	17:08:48.279	Custom indicator FixedChartScale AUDJPY,M5: removed
2	17:08:48.291	Custom indicator iclock_mod1 AUDJPY,M5: loaded successfully
2	17:08:48.299	Custom indicator fadedbckgrnd2__1 AUDJPY,M5: loaded successfully
2	17:08:48.308	Custom indicator FixedChartScale AUDJPY,M5: loaded successfully
2	17:08:48.416	Custom indicator Price Pro Value Chart Profissional - PT-BR AUDJPY,M5: loaded successfully
0	17:08:48.839	HistoryCenter: synchronize 'AUDJPY5'
0	17:08:49.600	HistoryCenter: 2 bars imported in 'AUDJPY5'
0	17:08:50.698	HistoryCenter: synchronize 'AUDJPY5'
0	17:08:51.471	HistoryCenter: 2 bars imported in 'AUDJPY5'
0	17:08:52.025	HistoryCenter: synchronize 'AUDJPY5'
0	17:08:52.775	HistoryCenter: 2 bars imported in 'AUDJPY5'
0	17:08:53.877	HistoryCenter: synchronize 'AUDJPY5'
0	17:08:54.611	HistoryCenter: 2 bars imported in 'AUDJPY5'
2	17:09:38.709	Custom indicator iclock_mod1 EURUSD,M5: removed
2	17:09:38.710	Custom indicator fadedbckgrnd2__1 EURUSD,M5: removed
2	17:09:38.712	Custom indicator FixedChartScale EURUSD,M5: removed
2	17:09:38.725	Custom indicator Price Pro Value Chart Profissional - PT-BR EURUSD,M5: removed
2	17:09:38.731	Custom indicator iclock_mod1 GBPUSD,M5: removed
2	17:09:38.732	Custom indicator fadedbckgrnd2__1 GBPUSD,M5: removed
2	17:09:38.733	Custom indicator FixedChartScale GBPUSD,M5: removed
2	17:09:38.747	Custom indicator Price Pro Value Chart Profissional - PT-BR GBPUSD,M5: removed
2	17:09:38.752	Custom indicator iclock_mod1 GBPJPY,M5: removed
2	17:09:38.753	Custom indicator fadedbckgrnd2__1 GBPJPY,M5: removed
2	17:09:38.754	Custom indicator FixedChartScale GBPJPY,M5: removed
2	17:09:38.767	Custom indicator Price Pro Value Chart Profissional - PT-BR GBPJPY,M5: removed
2	17:09:38.774	Custom indicator iclock_mod1 AUDJPY,M5: removed
2	17:09:38.775	Custom indicator fadedbckgrnd2__1 AUDJPY,M5: removed
2	17:09:38.777	Custom indicator FixedChartScale AUDJPY,M5: removed
2	17:09:38.791	Custom indicator Price Pro Value Chart Profissional - PT-BR AUDJPY,M5: removed
0	17:09:39.042	Alpari MT4 build 1359 stopped
