0	06:36:10.981	Alpari MT4 build 1359 started (Alpari International)
0	06:36:10.981	Windows 10 Pro x64, IE 11, UAC, 8 x Intel Core i7-7700HQ  @ 2.80GHz, Memory: 13285 / 16267 Mb, Disk: 392 / 476 Gb, GMT-3
0	06:36:10.981	Data Folder: C:\Users\Administrator\AppData\Roaming\MetaQuotes\Terminal\287469DEA9630EA94D0715D755974F1B
2	06:36:13.195	Custom indicator fadedbckgrnd2__1 EURUSD,M1: loaded successfully
2	06:36:13.204	Custom indicator FixedChartScale EURUSD,M1: loaded successfully
2	06:36:13.313	Custom indicator Price Pro Value Chart Profissional - PT-BR EURUSD,M1: loaded successfully
2	06:36:13.507	Custom indicator Price Pro Value Chart Profissional - PT-BR EURUSD,M1: removed
2	06:36:13.529	Custom indicator fadedbckgrnd2__1 EURGBP,M1: loaded successfully
2	06:36:13.529	Custom indicator FixedChartScale EURGBP,M1: loaded successfully
2	06:36:13.640	Custom indicator Price Pro Value Chart Profissional - PT-BR EURGBP,M1: loaded successfully
2	06:36:13.819	Custom indicator Price Pro Value Chart Profissional - PT-BR EURGBP,M1: removed
2	06:36:13.849	Custom indicator fadedbckgrnd2__1 EURJPY,M1: loaded successfully
2	06:36:13.849	Custom indicator FixedChartScale EURJPY,M1: loaded successfully
2	06:36:13.942	Custom indicator Price Pro Value Chart Profissional - PT-BR EURJPY,M1: loaded successfully
2	06:36:14.134	Custom indicator Price Pro Value Chart Profissional - PT-BR EURJPY,M1: removed
0	06:36:14.372	HistoryCenter: synchronize 'EURUSD1'
0	06:36:15.144	HistoryCenter: 511 bars imported in 'EURUSD1'
0	06:36:15.144	HistoryCenter: synchronize 'EURGBP1'
0	06:36:15.340	'15069840': login on Alpari-Demo through Demo.Europe.9:1119 (ping: 252.20 ms)
0	06:36:16.178	HistoryCenter: 512 bars imported in 'EURGBP1'
0	06:36:16.735	HistoryCenter: synchronize 'EURJPY1'
0	06:36:18.496	HistoryCenter: 511 bars imported in 'EURJPY1'
0	06:36:18.978	'15069840': login datacenter on Alpari-Demo through Demo.Europe.9:1119 (ping: 252.20 ms)
0	06:36:19.649	'15069840': previous successful authorization performed from 177.13.216.47
2	06:36:56.858	Custom indicator fadedbckgrnd2__1 EURUSD,M5: removed
2	06:36:56.859	Custom indicator FixedChartScale EURUSD,M5: removed
2	06:36:56.869	Custom indicator iclock_mod1 EURUSD,M5: loaded successfully
2	06:36:56.875	Custom indicator fadedbckgrnd2__1 EURUSD,M5: loaded successfully
2	06:36:56.883	Custom indicator FixedChartScale EURUSD,M5: loaded successfully
2	06:36:56.983	Custom indicator Price Pro Value Chart Profissional - PT-BR EURUSD,M5: loaded successfully
0	06:36:57.298	HistoryCenter: synchronize 'EURUSD5'
0	06:36:58.067	HistoryCenter: 2 bars imported in 'EURUSD5'
0	06:36:59.709	HistoryCenter: synchronize 'EURUSD5'
0	06:37:00.468	HistoryCenter: 2 bars imported in 'EURUSD5'
0	06:37:01.623	HistoryCenter: synchronize 'EURUSD5'
0	06:37:02.436	HistoryCenter: 2 bars imported in 'EURUSD5'
0	06:37:08.193	'15069840': auto connecting to a better access point Demo.Europe.2:444 (ping is 245.89 ms)
0	06:37:09.213	'15069840': login on Alpari-Demo through Demo.Europe.2:444 (ping: 245.89 ms)
0	06:37:11.554	'15069840': login datacenter on Alpari-Demo through Demo.Europe.2:444 (ping: 245.89 ms)
0	06:37:12.427	'15069840': previous successful authorization performed from 177.13.216.47
2	06:37:28.890	Custom indicator fadedbckgrnd2__1 EURGBP,M5: removed
2	06:37:28.891	Custom indicator FixedChartScale EURGBP,M5: removed
2	06:37:28.900	Custom indicator iclock_mod1 EURGBP,M5: loaded successfully
2	06:37:28.903	Custom indicator fadedbckgrnd2__1 EURGBP,M5: loaded successfully
2	06:37:28.903	Custom indicator FixedChartScale EURGBP,M5: loaded successfully
2	06:37:29.012	Custom indicator Price Pro Value Chart Profissional - PT-BR EURGBP,M5: loaded successfully
0	06:37:29.309	HistoryCenter: synchronize 'EURGBP5'
0	06:37:30.072	HistoryCenter: 2 bars imported in 'EURGBP5'
0	06:37:31.171	HistoryCenter: synchronize 'EURGBP5'
0	06:37:31.911	HistoryCenter: 2 bars imported in 'EURGBP5'
0	06:37:32.454	HistoryCenter: synchronize 'EURGBP5'
0	06:37:33.204	HistoryCenter: 2 bars imported in 'EURGBP5'
0	06:37:34.299	HistoryCenter: synchronize 'EURGBP5'
0	06:37:35.043	HistoryCenter: 2 bars imported in 'EURGBP5'
0	06:37:35.609	HistoryCenter: synchronize 'EURGBP5'
2	06:37:35.688	Custom indicator fadedbckgrnd2__1 GBPUSD,M1: removed
2	06:37:35.689	Custom indicator FixedChartScale GBPUSD,M1: removed
2	06:37:35.699	Custom indicator iclock_mod1 GBPUSD,M1: loaded successfully
2	06:37:35.702	Custom indicator fadedbckgrnd2__1 GBPUSD,M1: loaded successfully
2	06:37:35.702	Custom indicator FixedChartScale GBPUSD,M1: loaded successfully
2	06:37:35.796	Custom indicator Price Pro Value Chart Profissional - PT-BR GBPUSD,M1: loaded successfully
0	06:37:36.342	HistoryCenter: 2 bars imported in 'EURGBP5'
0	06:37:36.342	HistoryCenter: synchronize 'GBPUSD1'
0	06:37:37.077	HistoryCenter: 2 bars imported in 'GBPUSD1'
0	06:37:38.185	HistoryCenter: synchronize 'GBPUSD1'
0	06:37:38.929	HistoryCenter: 2 bars imported in 'GBPUSD1'
0	06:37:38.929	HistoryCenter: synchronize 'EURGBP5'
0	06:37:39.740	HistoryCenter: 2 bars imported in 'EURGBP5'
0	06:37:39.740	HistoryCenter: synchronize 'GBPUSD1'
0	06:37:40.475	HistoryCenter: 2 bars imported in 'GBPUSD1'
0	06:37:40.475	HistoryCenter: synchronize 'EURGBP5'
0	06:37:41.228	HistoryCenter: 2 bars imported in 'EURGBP5'
0	06:37:41.228	HistoryCenter: synchronize 'GBPUSD1'
0	06:37:41.942	HistoryCenter: 2 bars imported in 'GBPUSD1'
0	06:37:42.505	HistoryCenter: synchronize 'GBPUSD1'
0	06:37:43.243	HistoryCenter: 2 bars imported in 'GBPUSD1'
0	06:37:44.368	HistoryCenter: synchronize 'GBPUSD1'
0	06:37:45.124	HistoryCenter: 2 bars imported in 'GBPUSD1'
0	06:37:45.671	HistoryCenter: synchronize 'GBPUSD5'
0	06:37:46.436	HistoryCenter: 2 bars imported in 'GBPUSD5'
0	06:37:47.545	HistoryCenter: synchronize 'GBPUSD5'
0	06:37:48.311	HistoryCenter: 2 bars imported in 'GBPUSD5'
0	06:37:48.889	HistoryCenter: synchronize 'GBPUSD5'
0	06:37:49.635	HistoryCenter: 2 bars imported in 'GBPUSD5'
0	06:37:50.731	HistoryCenter: synchronize 'GBPUSD5'
0	06:37:51.449	HistoryCenter: 2 bars imported in 'GBPUSD5'
0	06:37:52.558	HistoryCenter: synchronize 'GBPUSD5'
0	06:37:53.277	HistoryCenter: 2 bars imported in 'GBPUSD5'
0	06:37:53.824	HistoryCenter: synchronize 'GBPUSD5'
0	06:37:54.580	HistoryCenter: 2 bars imported in 'GBPUSD5'
0	06:37:55.677	HistoryCenter: synchronize 'GBPUSD5'
0	06:37:56.415	HistoryCenter: 2 bars imported in 'GBPUSD5'
0	06:37:57.528	HistoryCenter: synchronize 'GBPUSD5'
0	06:37:58.258	HistoryCenter: 2 bars imported in 'GBPUSD5'
0	06:37:58.812	HistoryCenter: synchronize 'GBPUSD5'
0	06:37:59.558	HistoryCenter: 2 bars imported in 'GBPUSD5'
2	12:47:08.777	Custom indicator iclock_mod1 EURGBP,M5: removed
2	12:47:08.778	Custom indicator fadedbckgrnd2__1 EURGBP,M5: removed
2	12:47:08.779	Custom indicator FixedChartScale EURGBP,M5: removed
2	12:47:08.793	Custom indicator Price Pro Value Chart Profissional - PT-BR EURGBP,M5: removed
2	12:49:08.655	Custom indicator iclock_mod1 GBPUSD,M5: removed
2	12:49:08.657	Custom indicator fadedbckgrnd2__1 GBPUSD,M5: removed
2	12:49:08.658	Custom indicator FixedChartScale GBPUSD,M5: removed
2	12:49:08.673	Custom indicator Price Pro Value Chart Profissional - PT-BR GBPUSD,M5: removed
2	12:49:08.683	Custom indicator iclock_mod1 GBPUSD,M5: loaded successfully
2	12:49:08.691	Custom indicator fadedbckgrnd2__1 GBPUSD,M5: loaded successfully
2	12:49:08.700	Custom indicator FixedChartScale GBPUSD,M5: loaded successfully
2	12:49:08.799	Custom indicator Price Pro Value Chart Profissional - PT-BR GBPUSD,M5: loaded successfully
0	12:49:09.551	HistoryCenter: synchronize 'GBPUSD5'
0	12:49:11.054	HistoryCenter: 2 bars imported in 'GBPUSD5'
0	12:49:12.170	HistoryCenter: synchronize 'GBPUSD5'
0	12:49:13.067	HistoryCenter: 2 bars imported in 'GBPUSD5'
0	12:49:14.163	HistoryCenter: synchronize 'GBPUSD5'
0	12:49:15.392	HistoryCenter: 2 bars imported in 'GBPUSD5'
2	12:49:15.762	Custom indicator iclock_mod1 EURUSD,M5: removed
2	12:49:15.763	Custom indicator fadedbckgrnd2__1 EURUSD,M5: removed
2	12:49:15.764	Custom indicator FixedChartScale EURUSD,M5: removed
2	12:49:15.776	Custom indicator Price Pro Value Chart Profissional - PT-BR EURUSD,M5: removed
2	12:49:15.786	Custom indicator iclock_mod1 EURUSD,M5: loaded successfully
2	12:49:15.793	Custom indicator fadedbckgrnd2__1 EURUSD,M5: loaded successfully
2	12:49:15.801	Custom indicator FixedChartScale EURUSD,M5: loaded successfully
2	12:49:15.899	Custom indicator Price Pro Value Chart Profissional - PT-BR EURUSD,M5: loaded successfully
0	12:49:17.022	HistoryCenter: synchronize 'GBPUSD5'
0	12:49:18.740	HistoryCenter: 2 bars imported in 'GBPUSD5'
0	12:49:18.740	HistoryCenter: synchronize 'EURUSD5'
0	12:49:20.302	HistoryCenter: 2 bars imported in 'EURUSD5'
0	12:49:20.852	HistoryCenter: synchronize 'GBPUSD5'
0	12:49:22.411	HistoryCenter: 2 bars imported in 'GBPUSD5'
0	12:49:22.411	HistoryCenter: synchronize 'EURUSD5'
0	12:49:23.287	HistoryCenter: 2 bars imported in 'EURUSD5'
2	13:37:33.653	Custom indicator iclock_mod1 EURUSD,M5: removed
2	13:37:33.654	Custom indicator fadedbckgrnd2__1 EURUSD,M5: removed
2	13:37:33.655	Custom indicator FixedChartScale EURUSD,M5: removed
2	13:37:33.670	Custom indicator Price Pro Value Chart Profissional - PT-BR EURUSD,M5: removed
2	13:37:33.676	Custom indicator iclock_mod1 GBPUSD,M5: removed
2	13:37:33.677	Custom indicator fadedbckgrnd2__1 GBPUSD,M5: removed
2	13:37:33.678	Custom indicator FixedChartScale GBPUSD,M5: removed
2	13:37:33.693	Custom indicator Price Pro Value Chart Profissional - PT-BR GBPUSD,M5: removed
0	13:37:33.861	Alpari MT4 build 1359 stopped
