0	06:35:35.796	Alpari MT4 build 1359 started (Alpari International)
0	06:35:35.796	Windows 10 Pro x64, IE 11, UAC, 8 x Intel Core i7-7700HQ  @ 2.80GHz, Memory: 14363 / 16267 Mb, Disk: 389 / 476 Gb, GMT-3
0	06:35:35.796	Data Folder: C:\Users\Administrator\AppData\Roaming\MetaQuotes\Terminal\287469DEA9630EA94D0715D755974F1B
2	06:35:36.843	Custom indicator fadedbckgrnd2__1 EURUSD,M5: loaded successfully
2	06:35:36.843	Custom indicator FixedChartScale EURUSD,M5: loaded successfully
2	06:35:36.936	Custom indicator Price Pro Value Chart Profissional - PT-BR EURUSD,M5: loaded successfully
2	06:35:37.108	Custom indicator Price Pro Value Chart Profissional - PT-BR EURUSD,M5: removed
2	06:35:37.139	Custom indicator fadedbckgrnd2__1 EURGBP,M5: loaded successfully
2	06:35:37.139	Custom indicator FixedChartScale EURGBP,M5: loaded successfully
2	06:35:37.233	Custom indicator Price Pro Value Chart Profissional - PT-BR EURGBP,M5: loaded successfully
2	06:35:37.405	Custom indicator Price Pro Value Chart Profissional - PT-BR EURGBP,M5: removed
2	06:35:37.421	Custom indicator fadedbckgrnd2__1 EURJPY,M5: loaded successfully
2	06:35:37.436	Custom indicator FixedChartScale EURJPY,M5: loaded successfully
2	06:35:37.530	Custom indicator Price Pro Value Chart Profissional - PT-BR EURJPY,M5: loaded successfully
2	06:35:37.702	Custom indicator Price Pro Value Chart Profissional - PT-BR EURJPY,M5: removed
2	06:35:37.733	Custom indicator fadedbckgrnd2__1 AUDUSD,M5: loaded successfully
2	06:35:37.749	Custom indicator FixedChartScale AUDUSD,M5: loaded successfully
2	06:35:37.835	Custom indicator Price Pro Value Chart Profissional - PT-BR AUDUSD,M5: loaded successfully
2	06:35:38.007	Custom indicator Price Pro Value Chart Profissional - PT-BR AUDUSD,M5: removed
2	06:35:38.038	Custom indicator fadedbckgrnd2__1 USDJPY,M5: loaded successfully
2	06:35:38.038	Custom indicator FixedChartScale USDJPY,M5: loaded successfully
2	06:35:38.132	Custom indicator Price Pro Value Chart Profissional - PT-BR USDJPY,M5: loaded successfully
2	06:35:38.304	Custom indicator Price Pro Value Chart Profissional - PT-BR USDJPY,M5: removed
0	06:35:38.616	HistoryCenter: synchronize 'EURUSD5'
0	06:35:39.538	HistoryCenter: 152 bars imported in 'EURUSD5'
0	06:35:39.538	HistoryCenter: synchronize 'AUDUSD5'
0	06:35:39.647	'15069840': login on Alpari-Demo through Demo.Europe.2:444 (ping: 253.23 ms)
0	06:35:40.279	HistoryCenter: 152 bars imported in 'AUDUSD5'
0	06:35:40.279	HistoryCenter: synchronize 'EURJPY5'
0	06:35:41.000	HistoryCenter: 152 bars imported in 'EURJPY5'
0	06:35:41.000	HistoryCenter: synchronize 'EURGBP5'
0	06:35:41.734	HistoryCenter: 152 bars imported in 'EURGBP5'
0	06:35:41.749	'15069840': login datacenter on Alpari-Demo through Demo.Europe.2:444 (ping: 253.23 ms)
0	06:35:42.279	HistoryCenter: synchronize 'USDJPY5'
0	06:35:42.359	'15069840': previous successful authorization performed from 177.13.216.86
0	06:35:43.049	HistoryCenter: 152 bars imported in 'USDJPY5'
2	06:35:48.172	Custom indicator fadedbckgrnd2__1 EURUSD,M5: removed
2	06:35:48.172	Custom indicator FixedChartScale EURUSD,M5: removed
2	06:35:48.187	Custom indicator fadedbckgrnd2__1 EURUSD,M5: loaded successfully
2	06:35:48.187	Custom indicator FixedChartScale EURUSD,M5: loaded successfully
2	06:35:48.297	Custom indicator Price Pro Value Chart Profissional - PT-BR EURUSD,M5: loaded successfully
0	06:35:48.656	HistoryCenter: synchronize 'EURUSD5'
0	06:35:49.387	HistoryCenter: 2 bars imported in 'EURUSD5'
0	06:35:51.028	HistoryCenter: synchronize 'EURUSD5'
0	06:35:51.810	HistoryCenter: 2 bars imported in 'EURUSD5'
0	06:35:52.930	HistoryCenter: synchronize 'EURUSD5'
0	06:35:53.680	HistoryCenter: 2 bars imported in 'EURUSD5'
0	06:35:54.789	HistoryCenter: synchronize 'EURUSD5'
0	06:35:55.554	HistoryCenter: 2 bars imported in 'EURUSD5'
0	06:35:56.671	HistoryCenter: synchronize 'EURUSD5'
0	06:35:57.406	HistoryCenter: 2 bars imported in 'EURUSD5'
0	06:35:57.972	HistoryCenter: synchronize 'EURUSD5'
0	06:35:58.761	HistoryCenter: 2 bars imported in 'EURUSD5'
0	06:35:59.830	HistoryCenter: synchronize 'EURUSD5'
0	06:36:00.580	HistoryCenter: 2 bars imported in 'EURUSD5'
0	06:36:01.670	HistoryCenter: synchronize 'EURUSD5'
0	06:36:02.404	HistoryCenter: 2 bars imported in 'EURUSD5'
2	06:36:19.081	Custom indicator fadedbckgrnd2__1 EURGBP,M5: removed
2	06:36:19.081	Custom indicator FixedChartScale EURGBP,M5: removed
2	06:36:19.081	Custom indicator fadedbckgrnd2__1 EURGBP,M5: loaded successfully
2	06:36:19.097	Custom indicator FixedChartScale EURGBP,M5: loaded successfully
2	06:36:19.190	Custom indicator Price Pro Value Chart Profissional - PT-BR EURGBP,M5: loaded successfully
0	06:36:19.534	HistoryCenter: synchronize 'EURGBP5'
0	06:36:20.299	HistoryCenter: 2 bars imported in 'EURGBP5'
0	06:36:21.408	HistoryCenter: synchronize 'EURGBP5'
0	06:36:22.159	HistoryCenter: 2 bars imported in 'EURGBP5'
0	06:36:22.706	HistoryCenter: synchronize 'EURGBP5'
0	06:36:23.455	HistoryCenter: 2 bars imported in 'EURGBP5'
0	06:36:24.564	HistoryCenter: synchronize 'EURGBP5'
0	06:36:25.314	HistoryCenter: 2 bars imported in 'EURGBP5'
0	06:36:25.861	HistoryCenter: synchronize 'EURGBP5'
0	06:36:26.651	HistoryCenter: 2 bars imported in 'EURGBP5'
0	06:36:26.901	'15069840': ping to current access point Demo.Europe.2:444 is 244.38 ms
0	06:36:27.745	HistoryCenter: synchronize 'EURGBP5'
0	06:36:28.479	HistoryCenter: 2 bars imported in 'EURGBP5'
0	06:36:29.588	HistoryCenter: synchronize 'EURGBP5'
0	06:36:30.322	HistoryCenter: 2 bars imported in 'EURGBP5'
0	06:36:30.870	HistoryCenter: synchronize 'EURGBP5'
0	06:36:31.635	HistoryCenter: 2 bars imported in 'EURGBP5'
0	06:36:44.863	HistoryCenter: synchronize 'EURUSD5'
0	06:36:45.618	HistoryCenter: 2 bars imported in 'EURUSD5'
0	06:36:46.706	HistoryCenter: synchronize 'EURUSD5'
0	06:36:47.472	HistoryCenter: 2 bars imported in 'EURUSD5'
0	06:36:48.019	HistoryCenter: synchronize 'EURUSD5'
0	06:36:48.767	HistoryCenter: 2 bars imported in 'EURUSD5'
0	06:36:49.877	HistoryCenter: synchronize 'EURUSD5'
0	06:36:50.622	HistoryCenter: 2 bars imported in 'EURUSD5'
0	06:36:51.715	HistoryCenter: synchronize 'EURUSD5'
0	06:36:52.480	HistoryCenter: 2 bars imported in 'EURUSD5'
0	06:36:53.043	HistoryCenter: synchronize 'EURUSD5'
0	06:36:53.761	HistoryCenter: 2 bars imported in 'EURUSD5'
0	06:36:54.886	HistoryCenter: synchronize 'EURUSD5'
0	06:36:55.636	HistoryCenter: 2 bars imported in 'EURUSD5'
0	06:36:56.745	HistoryCenter: synchronize 'EURUSD5'
0	06:36:57.495	HistoryCenter: 2 bars imported in 'EURUSD5'
0	06:36:58.073	HistoryCenter: synchronize 'EURUSD5'
0	06:36:58.869	HistoryCenter: 2 bars imported in 'EURUSD5'
0	06:36:59.979	HistoryCenter: synchronize 'EURUSD5'
0	06:37:00.745	HistoryCenter: 2 bars imported in 'EURUSD5'
0	06:37:01.854	HistoryCenter: synchronize 'EURUSD5'
0	06:37:02.603	HistoryCenter: 2 bars imported in 'EURUSD5'
0	06:37:03.728	HistoryCenter: synchronize 'EURUSD5'
0	06:37:04.493	HistoryCenter: 2 bars imported in 'EURUSD5'
0	06:37:05.072	HistoryCenter: synchronize 'EURUSD5'
0	06:37:05.821	HistoryCenter: 2 bars imported in 'EURUSD5'
2	06:37:55.588	Custom indicator fadedbckgrnd2__1 EURGBP,M5: removed
2	06:37:55.588	Custom indicator FixedChartScale EURGBP,M5: removed
2	06:37:55.603	Custom indicator Price Pro Value Chart Profissional - PT-BR EURGBP,M5: removed
2	06:37:55.619	Custom indicator fadedbckgrnd2__1 EURGBP,M5: loaded successfully
2	06:37:55.619	Custom indicator FixedChartScale EURGBP,M5: loaded successfully
2	06:37:55.712	Custom indicator Price Pro Value Chart Profissional - PT-BR EURGBP,M5: loaded successfully
0	06:37:55.994	HistoryCenter: synchronize 'EURGBP5'
0	06:37:56.743	HistoryCenter: 2 bars imported in 'EURGBP5'
0	06:37:57.869	HistoryCenter: synchronize 'EURGBP5'
0	06:37:58.634	HistoryCenter: 2 bars imported in 'EURGBP5'
0	06:37:59.212	HistoryCenter: synchronize 'EURGBP5'
0	06:37:59.931	HistoryCenter: 2 bars imported in 'EURGBP5'
0	06:38:01.055	HistoryCenter: synchronize 'EURGBP5'
0	06:38:01.789	HistoryCenter: 2 bars imported in 'EURGBP5'
0	06:38:02.352	HistoryCenter: synchronize 'EURGBP5'
0	06:38:03.086	HistoryCenter: 2 bars imported in 'EURGBP5'
0	06:38:04.211	HistoryCenter: synchronize 'EURGBP5'
0	06:38:04.960	HistoryCenter: 2 bars imported in 'EURGBP5'
0	06:38:06.069	HistoryCenter: synchronize 'EURGBP5'
0	06:38:06.804	HistoryCenter: 2 bars imported in 'EURGBP5'
0	06:38:07.366	HistoryCenter: synchronize 'EURGBP5'
0	06:38:08.116	HistoryCenter: 2 bars imported in 'EURGBP5'
2	06:38:25.026	Custom indicator fadedbckgrnd2__1 EURGBP,M5: removed
2	06:38:25.026	Custom indicator FixedChartScale EURGBP,M5: removed
2	06:38:25.026	Custom indicator Price Pro Value Chart Profissional - PT-BR EURGBP,M5: removed
2	06:38:28.131	Custom indicator fadedbckgrnd2__1 USDJPY,M5: removed
2	06:38:28.133	Custom indicator FixedChartScale USDJPY,M5: removed
2	06:38:30.918	Custom indicator fadedbckgrnd2__1 AUDUSD,M5: removed
2	06:38:30.920	Custom indicator FixedChartScale AUDUSD,M5: removed
2	06:38:34.106	Custom indicator fadedbckgrnd2__1 EURJPY,M5: removed
2	06:38:34.107	Custom indicator FixedChartScale EURJPY,M5: removed
0	07:19:17.413	HistoryCenter: synchronize 'EURUSD5'
0	07:19:18.240	HistoryCenter: 2 bars imported in 'EURUSD5'
0	07:19:19.911	HistoryCenter: synchronize 'EURUSD5'
0	07:19:20.635	HistoryCenter: 2 bars imported in 'EURUSD5'
0	07:19:21.739	HistoryCenter: synchronize 'EURUSD5'
0	07:19:22.466	HistoryCenter: 2 bars imported in 'EURUSD5'
0	07:19:23.575	HistoryCenter: synchronize 'EURUSD5'
0	07:19:24.314	HistoryCenter: 2 bars imported in 'EURUSD5'
0	07:19:25.440	HistoryCenter: synchronize 'EURUSD5'
0	07:19:26.177	HistoryCenter: 2 bars imported in 'EURUSD5'
0	07:19:26.745	HistoryCenter: synchronize 'EURUSD5'
0	07:19:27.494	HistoryCenter: 2 bars imported in 'EURUSD5'
0	07:19:28.622	HistoryCenter: synchronize 'EURUSD5'
0	07:19:29.365	HistoryCenter: 2 bars imported in 'EURUSD5'
2	07:20:23.254	Custom indicator fadedbckgrnd2__1 GBPUSD,M5: loaded successfully
2	07:20:23.269	Custom indicator FixedChartScale GBPUSD,M5: loaded successfully
2	07:20:23.363	Custom indicator Price Pro Value Chart Profissional - PT-BR GBPUSD,M5: loaded successfully
0	07:20:23.660	HistoryCenter: synchronize 'GBPUSD5'
0	07:20:24.410	HistoryCenter: 2 bars imported in 'GBPUSD5'
0	07:20:25.519	HistoryCenter: synchronize 'GBPUSD5'
0	07:20:26.254	HistoryCenter: 2 bars imported in 'GBPUSD5'
0	07:20:26.804	HistoryCenter: synchronize 'GBPUSD5'
0	07:20:27.538	HistoryCenter: 2 bars imported in 'GBPUSD5'
0	07:20:28.119	HistoryCenter: synchronize 'GBPUSD5'
0	07:20:28.842	HistoryCenter: 2 bars imported in 'GBPUSD5'
2	14:30:59.790	Custom indicator fadedbckgrnd2__1 GBPUSD,M5: removed
2	14:30:59.790	Custom indicator FixedChartScale GBPUSD,M5: removed
2	14:30:59.790	Custom indicator Price Pro Value Chart Profissional - PT-BR GBPUSD,M5: removed
2	14:30:59.806	Custom indicator fadedbckgrnd2__1 GBPUSD,M5: loaded successfully
2	14:30:59.821	Custom indicator FixedChartScale GBPUSD,M5: loaded successfully
2	14:30:59.915	Custom indicator Price Pro Value Chart Profissional - PT-BR GBPUSD,M5: loaded successfully
0	14:31:01.368	HistoryCenter: synchronize 'GBPUSD5'
0	14:31:03.133	HistoryCenter: 2 bars imported in 'GBPUSD5'
0	14:31:03.696	HistoryCenter: synchronize 'GBPUSD5'
0	14:31:05.977	HistoryCenter: 2 bars imported in 'GBPUSD5'
0	14:31:06.554	HistoryCenter: synchronize 'GBPUSD5'
0	14:31:08.070	HistoryCenter: 2 bars imported in 'GBPUSD5'
0	14:32:16.176	HistoryCenter: synchronize 'GBPUSD5'
0	14:32:17.847	HistoryCenter: 2 bars imported in 'GBPUSD5'
0	14:32:18.958	HistoryCenter: synchronize 'GBPUSD5'
0	14:32:20.395	HistoryCenter: 2 bars imported in 'GBPUSD5'
2	14:32:52.500	Custom indicator fadedbckgrnd2__1 GBPUSD,M5: removed
2	14:32:52.500	Custom indicator FixedChartScale GBPUSD,M5: removed
2	14:32:52.516	Custom indicator Price Pro Value Chart Profissional - PT-BR GBPUSD,M5: removed
2	14:32:52.516	Custom indicator fadedbckgrnd2__1 GBPUSD,M5: loaded successfully
2	14:32:52.532	Custom indicator FixedChartScale GBPUSD,M5: loaded successfully
2	14:32:52.625	Custom indicator Price Pro Value Chart Profissional - PT-BR GBPUSD,M5: loaded successfully
0	14:32:53.391	HistoryCenter: synchronize 'GBPUSD5'
0	14:32:55.187	HistoryCenter: 2 bars imported in 'GBPUSD5'
0	14:32:55.767	HistoryCenter: synchronize 'GBPUSD5'
0	14:32:56.610	HistoryCenter: 2 bars imported in 'GBPUSD5'
0	14:32:57.157	HistoryCenter: synchronize 'GBPUSD5'
0	14:32:59.188	HistoryCenter: 2 bars imported in 'GBPUSD5'
2	14:33:36.288	Custom indicator fadedbckgrnd2__1 EURUSD,M5: removed
2	14:33:36.289	Custom indicator FixedChartScale EURUSD,M5: removed
2	14:33:36.290	Custom indicator Price Pro Value Chart Profissional - PT-BR EURUSD,M5: removed
2	14:33:36.306	Custom indicator fadedbckgrnd2__1 GBPUSD,M5: removed
2	14:33:36.306	Custom indicator FixedChartScale GBPUSD,M5: removed
2	14:33:36.321	Custom indicator Price Pro Value Chart Profissional - PT-BR GBPUSD,M5: removed
0	14:33:36.493	Alpari MT4 build 1359 stopped
0	15:57:35.435	Alpari MT4 build 1359 started (Alpari International)
0	15:57:35.436	Windows 10 Pro x64, IE 11, UAC, 8 x Intel Core i7-7700HQ  @ 2.80GHz, Memory: 12066 / 16267 Mb, Disk: 390 / 476 Gb, GMT-3
0	15:57:35.436	Data Folder: C:\Users\Administrator\AppData\Roaming\MetaQuotes\Terminal\287469DEA9630EA94D0715D755974F1B
2	15:57:36.603	Custom indicator fadedbckgrnd2__1 EURUSD,M5: loaded successfully
2	15:57:36.612	Custom indicator FixedChartScale EURUSD,M5: loaded successfully
2	15:57:36.724	Custom indicator Price Pro Value Chart Profissional - PT-BR EURUSD,M5: loaded successfully
2	15:57:36.925	Custom indicator Price Pro Value Chart Profissional - PT-BR EURUSD,M5: removed
2	15:57:36.947	Custom indicator fadedbckgrnd2__1 GBPUSD,M5: loaded successfully
2	15:57:36.955	Custom indicator FixedChartScale GBPUSD,M5: loaded successfully
2	15:57:37.074	Custom indicator Price Pro Value Chart Profissional - PT-BR GBPUSD,M5: loaded successfully
2	15:57:37.281	Custom indicator Price Pro Value Chart Profissional - PT-BR GBPUSD,M5: removed
0	15:57:37.524	HistoryCenter: synchronize 'EURUSD5'
0	15:57:39.067	'15069840': login on Alpari-Demo through Demo.Europe.2:444 (ping: 244.38 ms)
0	15:57:39.115	HistoryCenter: 18 bars imported in 'EURUSD5'
0	15:57:39.656	HistoryCenter: synchronize 'GBPUSD5'
0	15:57:40.407	HistoryCenter: 18 bars imported in 'GBPUSD5'
0	15:57:41.407	'15069840': login datacenter on Alpari-Demo through Demo.Europe.2:444 (ping: 244.38 ms)
0	15:57:42.025	'15069840': previous successful authorization performed from 177.13.220.109
2	15:57:48.143	Custom indicator fadedbckgrnd2__1 GBPUSD,M5: removed
2	15:57:48.143	Custom indicator FixedChartScale GBPUSD,M5: removed
2	15:57:48.151	Custom indicator fadedbckgrnd2__1 GBPUSD,M5: loaded successfully
2	15:57:48.163	Custom indicator FixedChartScale GBPUSD,M5: loaded successfully
2	15:57:48.273	Custom indicator Price Pro Value Chart Profissional - PT-BR GBPUSD,M5: loaded successfully
0	15:57:49.486	HistoryCenter: synchronize 'GBPUSD5'
0	15:57:50.518	HistoryCenter: 2 bars imported in 'GBPUSD5'
0	15:57:51.059	HistoryCenter: synchronize 'GBPUSD5'
0	15:57:51.825	HistoryCenter: 2 bars imported in 'GBPUSD5'
2	15:57:53.976	Custom indicator fadedbckgrnd2__1 EURUSD,M5: removed
2	15:57:53.976	Custom indicator FixedChartScale EURUSD,M5: removed
2	15:57:53.984	Custom indicator fadedbckgrnd2__1 EURUSD,M5: loaded successfully
2	15:57:53.992	Custom indicator FixedChartScale EURUSD,M5: loaded successfully
2	15:57:54.108	Custom indicator Price Pro Value Chart Profissional - PT-BR EURUSD,M5: loaded successfully
0	15:57:54.992	HistoryCenter: synchronize 'EURUSD5'
0	15:57:55.797	HistoryCenter: 2 bars imported in 'EURUSD5'
0	15:57:56.327	HistoryCenter: synchronize 'EURUSD5'
0	15:57:57.073	HistoryCenter: 2 bars imported in 'EURUSD5'
0	15:57:57.621	HistoryCenter: synchronize 'EURUSD5'
0	15:57:58.532	HistoryCenter: 2 bars imported in 'EURUSD5'
0	15:57:59.610	HistoryCenter: synchronize 'EURUSD5'
0	15:58:00.511	HistoryCenter: 2 bars imported in 'EURUSD5'
0	15:58:31.572	'15069840': ping to current access point Demo.Europe.2:444 is 250.11 ms
2	15:59:07.374	Custom indicator Bob03 GBPUSD,M5: loaded successfully
2	15:59:09.943	Custom indicator Bob04 GBPUSD,M5: loaded successfully
2	15:59:12.015	Custom indicator Bob05 GBPUSD,M5: loaded successfully
2	16:00:11.804	Custom indicator fadedbckgrnd2__1 GBPUSD,M5: removed
2	16:00:11.805	Custom indicator FixedChartScale GBPUSD,M5: removed
2	16:00:11.819	Custom indicator Price Pro Value Chart Profissional - PT-BR GBPUSD,M5: removed
2	16:00:11.821	Custom indicator Bob03 GBPUSD,M5: removed
2	16:00:11.822	Custom indicator Bob04 GBPUSD,M5: removed
2	16:00:11.824	Custom indicator Bob05 GBPUSD,M5: removed
2	16:00:11.835	Custom indicator iclock_mod1 GBPUSD,M5: loaded successfully
2	16:00:11.902	Custom indicator RCS GBPUSD,M5: loaded successfully
2	16:01:36.348	Custom indicator iclock_mod1 GBPUSD,M5: removed
2	16:01:36.357	Custom indicator RCS GBPUSD,M5: removed
2	16:01:36.367	Custom indicator fadedbckgrnd2__1 GBPUSD,M5: loaded successfully
2	16:01:36.375	Custom indicator FixedChartScale GBPUSD,M5: loaded successfully
2	16:01:36.486	Custom indicator Price Pro Value Chart Profissional - PT-BR GBPUSD,M5: loaded successfully
0	16:01:36.831	HistoryCenter: synchronize 'GBPUSD5'
0	16:01:37.574	HistoryCenter: 2 bars imported in 'GBPUSD5'
0	16:01:38.675	HistoryCenter: synchronize 'GBPUSD5'
0	16:01:39.440	HistoryCenter: 2 bars imported in 'GBPUSD5'
0	16:01:39.997	HistoryCenter: synchronize 'GBPUSD5'
0	16:01:40.728	HistoryCenter: 2 bars imported in 'GBPUSD5'
2	16:02:09.527	Custom indicator !!Color Stochastic GBPUSD,M5: loaded successfully
0	16:03:26.558	HistoryCenter: synchronize 'GBPUSD5'
0	16:03:27.311	HistoryCenter: 2 bars imported in 'GBPUSD5'
0	16:03:28.380	HistoryCenter: synchronize 'GBPUSD5'
0	16:03:29.122	HistoryCenter: 2 bars imported in 'GBPUSD5'
0	16:03:29.655	HistoryCenter: synchronize 'GBPUSD5'
0	16:03:30.451	HistoryCenter: 2 bars imported in 'GBPUSD5'
0	16:05:04.263	HistoryCenter: synchronize 'GBPUSD5'
0	16:05:04.989	HistoryCenter: 2 bars imported in 'GBPUSD5'
0	16:05:06.042	HistoryCenter: synchronize 'GBPUSD5'
0	16:05:06.778	HistoryCenter: 2 bars imported in 'GBPUSD5'
0	16:05:07.303	HistoryCenter: synchronize 'GBPUSD5'
0	16:05:08.093	HistoryCenter: 2 bars imported in 'GBPUSD5'
0	16:05:08.633	HistoryCenter: synchronize 'GBPUSD5'
0	16:05:09.413	HistoryCenter: 2 bars imported in 'GBPUSD5'
2	16:05:25.556	Custom indicator fadedbckgrnd2__1 EURUSD,M5: removed
2	16:05:25.556	Custom indicator FixedChartScale EURUSD,M5: removed
2	16:05:25.572	Custom indicator Price Pro Value Chart Profissional - PT-BR EURUSD,M5: removed
2	16:05:25.580	Custom indicator fadedbckgrnd2__1 EURUSD,M5: loaded successfully
2	16:05:25.588	Custom indicator FixedChartScale EURUSD,M5: loaded successfully
2	16:05:25.698	Custom indicator Price Pro Value Chart Profissional - PT-BR EURUSD,M5: loaded successfully
2	16:05:25.710	Custom indicator !!Color Stochastic EURUSD,M5: loaded successfully
0	16:05:26.038	HistoryCenter: synchronize 'EURUSD5'
0	16:05:26.784	HistoryCenter: 2 bars imported in 'EURUSD5'
0	16:05:27.848	HistoryCenter: synchronize 'EURUSD5'
0	16:05:28.623	HistoryCenter: 2 bars imported in 'EURUSD5'
0	16:05:29.173	HistoryCenter: synchronize 'EURUSD5'
0	16:05:29.950	HistoryCenter: 2 bars imported in 'EURUSD5'
0	16:05:31.018	HistoryCenter: synchronize 'EURUSD5'
0	16:05:31.774	HistoryCenter: 2 bars imported in 'EURUSD5'
0	16:05:32.308	HistoryCenter: synchronize 'EURUSD5'
0	16:05:33.075	HistoryCenter: 2 bars imported in 'EURUSD5'
0	16:05:34.168	HistoryCenter: synchronize 'EURUSD5'
0	16:05:34.936	HistoryCenter: 2 bars imported in 'EURUSD5'
0	16:05:36.008	HistoryCenter: synchronize 'EURUSD5'
0	16:05:36.731	HistoryCenter: 2 bars imported in 'EURUSD5'
2	16:24:07.548	Custom indicator fadedbckgrnd2__1 EURUSD,M5: removed
2	16:24:07.548	Custom indicator FixedChartScale EURUSD,M5: removed
2	16:24:07.564	Custom indicator Price Pro Value Chart Profissional - PT-BR EURUSD,M5: removed
2	16:24:07.564	Custom indicator !!Color Stochastic EURUSD,M5: removed
2	16:24:07.576	Custom indicator fadedbckgrnd2__1 EURUSD,M5: loaded successfully
2	16:24:07.584	Custom indicator FixedChartScale EURUSD,M5: loaded successfully
2	16:24:07.696	Custom indicator Price Pro Value Chart Profissional - PT-BR EURUSD,M5: loaded successfully
2	16:24:07.704	Custom indicator !!Color Stochastic EURUSD,M5: loaded successfully
0	16:24:08.041	HistoryCenter: synchronize 'EURUSD5'
0	16:24:08.832	HistoryCenter: 2 bars imported in 'EURUSD5'
0	16:24:09.904	HistoryCenter: synchronize 'EURUSD5'
0	16:24:10.667	HistoryCenter: 2 bars imported in 'EURUSD5'
0	16:24:11.193	HistoryCenter: synchronize 'EURUSD5'
0	16:24:11.947	HistoryCenter: 2 bars imported in 'EURUSD5'
0	16:24:13.016	HistoryCenter: synchronize 'EURUSD5'
0	16:24:13.749	HistoryCenter: 2 bars imported in 'EURUSD5'
0	16:24:14.286	HistoryCenter: synchronize 'EURUSD5'
0	16:24:15.039	HistoryCenter: 2 bars imported in 'EURUSD5'
0	16:24:16.115	HistoryCenter: synchronize 'EURUSD5'
0	16:24:16.884	HistoryCenter: 2 bars imported in 'EURUSD5'
0	16:24:17.956	HistoryCenter: synchronize 'EURUSD5'
0	16:24:18.702	HistoryCenter: 2 bars imported in 'EURUSD5'
2	16:26:44.675	Custom indicator DOT-ITM-RACHAM EURUSD,M5: loaded successfully
2	16:30:05.599	Custom indicator DOT-ITM-RACHAM EURUSD,M5: removed
0	16:30:44.002	HistoryCenter: synchronize 'EURUSD5'
0	16:30:44.803	HistoryCenter: 2 bars imported in 'EURUSD5'
0	16:30:45.890	HistoryCenter: synchronize 'EURUSD5'
0	16:30:46.648	HistoryCenter: 2 bars imported in 'EURUSD5'
0	16:30:47.201	HistoryCenter: synchronize 'EURUSD5'
0	16:30:47.966	HistoryCenter: 2 bars imported in 'EURUSD5'
0	16:30:49.058	HistoryCenter: synchronize 'EURUSD5'
0	16:30:49.825	HistoryCenter: 2 bars imported in 'EURUSD5'
0	16:30:50.913	HistoryCenter: synchronize 'EURUSD5'
0	16:30:51.684	HistoryCenter: 2 bars imported in 'EURUSD5'
0	16:30:52.220	HistoryCenter: synchronize 'EURUSD5'
0	16:30:52.990	HistoryCenter: 2 bars imported in 'EURUSD5'
2	16:31:08.199	Custom indicator fadedbckgrnd2__1 GBPUSD,M5: removed
2	16:31:08.200	Custom indicator FixedChartScale GBPUSD,M5: removed
2	16:31:08.215	Custom indicator Price Pro Value Chart Profissional - PT-BR GBPUSD,M5: removed
2	16:31:08.216	Custom indicator !!Color Stochastic GBPUSD,M5: removed
2	16:31:08.224	Custom indicator fadedbckgrnd2__1 GBPUSD,M5: loaded successfully
2	16:31:08.234	Custom indicator FixedChartScale GBPUSD,M5: loaded successfully
2	16:31:08.342	Custom indicator Price Pro Value Chart Profissional - PT-BR GBPUSD,M5: loaded successfully
2	16:31:08.354	Custom indicator !!Color Stochastic GBPUSD,M5: loaded successfully
0	16:31:08.816	HistoryCenter: synchronize 'GBPUSD5'
0	16:31:09.537	HistoryCenter: 2 bars imported in 'GBPUSD5'
0	16:31:10.621	HistoryCenter: synchronize 'GBPUSD5'
0	16:31:11.366	HistoryCenter: 2 bars imported in 'GBPUSD5'
0	16:31:11.915	HistoryCenter: synchronize 'GBPUSD5'
0	16:31:12.650	HistoryCenter: 2 bars imported in 'GBPUSD5'
0	16:31:13.745	HistoryCenter: synchronize 'GBPUSD5'
0	16:31:14.523	HistoryCenter: 2 bars imported in 'GBPUSD5'
2	16:33:21.016	Custom indicator fadedbckgrnd2__1 EURUSD,M5: removed
2	16:33:21.020	Custom indicator FixedChartScale EURUSD,M5: removed
2	16:33:21.032	Custom indicator Price Pro Value Chart Profissional - PT-BR EURUSD,M5: removed
2	16:33:21.032	Custom indicator !!Color Stochastic EURUSD,M5: removed
2	16:33:21.044	Custom indicator fadedbckgrnd2__1 EURUSD,M5: loaded successfully
2	16:33:21.051	Custom indicator FixedChartScale EURUSD,M5: loaded successfully
2	16:33:21.162	Custom indicator Price Pro Value Chart Profissional - PT-BR EURUSD,M5: loaded successfully
2	16:33:21.174	Custom indicator !!Color Stochastic EURUSD,M5: loaded successfully
0	16:33:21.519	HistoryCenter: synchronize 'EURUSD5'
0	16:33:22.275	HistoryCenter: 2 bars imported in 'EURUSD5'
0	16:33:23.333	HistoryCenter: synchronize 'EURUSD5'
0	16:33:24.102	HistoryCenter: 2 bars imported in 'EURUSD5'
0	16:33:24.628	HistoryCenter: synchronize 'EURUSD5'
0	16:33:25.370	HistoryCenter: 2 bars imported in 'EURUSD5'
0	16:33:26.426	HistoryCenter: synchronize 'EURUSD5'
0	16:33:27.174	HistoryCenter: 2 bars imported in 'EURUSD5'
0	16:33:27.718	HistoryCenter: synchronize 'EURUSD5'
0	16:33:28.462	HistoryCenter: 2 bars imported in 'EURUSD5'
0	16:33:29.539	HistoryCenter: synchronize 'EURUSD5'
0	16:33:30.318	HistoryCenter: 2 bars imported in 'EURUSD5'
0	16:33:30.862	HistoryCenter: synchronize 'EURUSD5'
0	16:33:31.615	HistoryCenter: 2 bars imported in 'EURUSD5'
0	17:02:48.477	HistoryCenter: synchronize 'GBPUSD5'
0	17:02:49.526	HistoryCenter: 2 bars imported in 'GBPUSD5'
0	17:02:50.078	HistoryCenter: synchronize 'GBPUSD5'
0	17:02:50.846	HistoryCenter: 2 bars imported in 'GBPUSD5'
0	17:02:51.951	HistoryCenter: synchronize 'GBPUSD5'
0	17:02:53.247	HistoryCenter: 2 bars imported in 'GBPUSD5'
0	17:02:53.796	HistoryCenter: synchronize 'GBPUSD5'
0	17:02:54.570	HistoryCenter: 2 bars imported in 'GBPUSD5'
0	17:03:28.210	HistoryCenter: synchronize 'GBPUSD5'
0	17:03:28.950	HistoryCenter: 2 bars imported in 'GBPUSD5'
0	17:03:30.035	HistoryCenter: synchronize 'GBPUSD5'
0	17:03:31.250	HistoryCenter: 2 bars imported in 'GBPUSD5'
0	17:03:32.315	HistoryCenter: synchronize 'GBPUSD5'
0	17:03:33.080	HistoryCenter: 2 bars imported in 'GBPUSD5'
0	17:03:33.605	HistoryCenter: synchronize 'GBPUSD5'
0	17:03:34.446	HistoryCenter: 2 bars imported in 'GBPUSD5'
0	17:09:57.254	HistoryCenter: synchronize 'GBPUSD5'
0	17:09:59.284	HistoryCenter: 2 bars imported in 'GBPUSD5'
0	17:09:59.848	HistoryCenter: synchronize 'GBPUSD5'
0	17:10:00.625	HistoryCenter: 2 bars imported in 'GBPUSD5'
0	17:10:01.164	HistoryCenter: synchronize 'GBPUSD5'
0	17:10:02.034	HistoryCenter: 2 bars imported in 'GBPUSD5'
0	17:10:02.566	HistoryCenter: synchronize 'GBPUSD5'
0	17:10:03.300	HistoryCenter: 2 bars imported in 'GBPUSD5'
2	17:10:32.101	Custom indicator fadedbckgrnd2__1 EURUSD,M5: removed
2	17:10:32.101	Custom indicator FixedChartScale EURUSD,M5: removed
2	17:10:32.101	Custom indicator Price Pro Value Chart Profissional - PT-BR EURUSD,M5: removed
2	17:10:32.101	Custom indicator !!Color Stochastic EURUSD,M5: removed
2	17:10:32.116	Custom indicator fadedbckgrnd2__1 EURUSD,M5: loaded successfully
2	17:10:32.132	Custom indicator FixedChartScale EURUSD,M5: loaded successfully
2	17:10:32.226	Custom indicator Price Pro Value Chart Profissional - PT-BR EURUSD,M5: loaded successfully
2	17:10:32.241	Custom indicator !!Color Stochastic EURUSD,M5: loaded successfully
0	17:10:32.569	HistoryCenter: synchronize 'EURUSD5'
0	17:10:33.382	HistoryCenter: 2 bars imported in 'EURUSD5'
0	17:10:34.475	HistoryCenter: synchronize 'EURUSD5'
0	17:10:35.194	HistoryCenter: 2 bars imported in 'EURUSD5'
0	17:10:35.757	HistoryCenter: synchronize 'EURUSD5'
0	17:10:36.522	HistoryCenter: 2 bars imported in 'EURUSD5'
0	17:10:37.647	HistoryCenter: synchronize 'EURUSD5'
0	17:10:38.459	HistoryCenter: 2 bars imported in 'EURUSD5'
0	17:10:39.568	HistoryCenter: synchronize 'EURUSD5'
0	17:10:40.318	HistoryCenter: 2 bars imported in 'EURUSD5'
0	17:10:40.865	HistoryCenter: synchronize 'EURUSD5'
0	17:10:41.677	HistoryCenter: 2 bars imported in 'EURUSD5'
2	17:11:28.823	Custom indicator fadedbckgrnd2__1 EURUSD,M5: removed
2	17:11:28.824	Custom indicator FixedChartScale EURUSD,M5: removed
2	17:11:28.824	Custom indicator Price Pro Value Chart Profissional - PT-BR EURUSD,M5: removed
2	17:11:28.839	Custom indicator !!Color Stochastic EURUSD,M5: removed
2	17:11:28.839	Custom indicator fadedbckgrnd2__1 GBPUSD,M5: removed
2	17:11:28.839	Custom indicator FixedChartScale GBPUSD,M5: removed
2	17:11:28.855	Custom indicator Price Pro Value Chart Profissional - PT-BR GBPUSD,M5: removed
2	17:11:28.855	Custom indicator !!Color Stochastic GBPUSD,M5: removed
0	17:11:29.027	Alpari MT4 build 1359 stopped
0	22:01:51.461	Alpari MT4 build 1359 started (Alpari International)
0	22:01:51.461	Windows 10 Pro x64, IE 11, UAC, 8 x Intel Core i7-7700HQ  @ 2.80GHz, Memory: 14288 / 16267 Mb, Disk: 390 / 476 Gb, GMT-3
0	22:01:51.461	Data Folder: C:\Users\Administrator\AppData\Roaming\MetaQuotes\Terminal\287469DEA9630EA94D0715D755974F1B
2	22:01:52.575	Custom indicator fadedbckgrnd2__1 EURUSD,M5: loaded successfully
2	22:01:52.575	Custom indicator FixedChartScale EURUSD,M5: loaded successfully
2	22:01:52.684	Custom indicator Price Pro Value Chart Profissional - PT-BR EURUSD,M5: loaded successfully
2	22:01:52.700	Custom indicator !!Color Stochastic EURUSD,M5: loaded successfully
2	22:01:52.871	Custom indicator Price Pro Value Chart Profissional - PT-BR EURUSD,M5: removed
2	22:01:52.903	Custom indicator fadedbckgrnd2__1 GBPUSD,M5: loaded successfully
2	22:01:52.918	Custom indicator FixedChartScale GBPUSD,M5: loaded successfully
2	22:01:53.012	Custom indicator Price Pro Value Chart Profissional - PT-BR GBPUSD,M5: loaded successfully
2	22:01:53.028	Custom indicator !!Color Stochastic GBPUSD,M5: loaded successfully
2	22:01:53.199	Custom indicator Price Pro Value Chart Profissional - PT-BR GBPUSD,M5: removed
0	22:01:53.418	HistoryCenter: synchronize 'EURUSD5'
0	22:01:54.241	HistoryCenter: 59 bars imported in 'EURUSD5'
0	22:01:54.332	'15069840': login on Alpari-Demo through Demo.Europe.2:444 (ping: 250.11 ms)
0	22:01:54.791	HistoryCenter: synchronize 'GBPUSD5'
0	22:01:55.572	HistoryCenter: 59 bars imported in 'GBPUSD5'
0	22:01:56.463	'15069840': login datacenter on Alpari-Demo through Demo.Europe.2:444 (ping: 250.11 ms)
0	22:01:57.070	'15069840': previous successful authorization performed from 177.13.220.109
2	22:02:07.362	Custom indicator fadedbckgrnd2__1 GBPUSD,M5: removed
2	22:02:07.362	Custom indicator FixedChartScale GBPUSD,M5: removed
2	22:02:07.362	Custom indicator !!Color Stochastic GBPUSD,M5: removed
2	22:02:07.362	Custom indicator fadedbckgrnd2__1 GBPUSD,M5: loaded successfully
2	22:02:07.378	Custom indicator FixedChartScale GBPUSD,M5: loaded successfully
2	22:02:07.471	Custom indicator Price Pro Value Chart Profissional - PT-BR GBPUSD,M5: loaded successfully
2	22:02:07.487	Custom indicator !!Color Stochastic GBPUSD,M5: loaded successfully
0	22:02:08.237	HistoryCenter: synchronize 'GBPUSD5'
0	22:02:09.033	HistoryCenter: 2 bars imported in 'GBPUSD5'
0	22:02:10.689	HistoryCenter: synchronize 'GBPUSD5'
0	22:02:11.424	HistoryCenter: 2 bars imported in 'GBPUSD5'
0	22:02:11.977	HistoryCenter: synchronize 'GBPUSD5'
0	22:02:12.727	HistoryCenter: 2 bars imported in 'GBPUSD5'
0	22:02:13.821	HistoryCenter: synchronize 'GBPUSD5'
0	22:02:14.602	HistoryCenter: 2 bars imported in 'GBPUSD5'
2	22:02:14.960	Custom indicator fadedbckgrnd2__1 EURUSD,M5: removed
2	22:02:14.960	Custom indicator FixedChartScale EURUSD,M5: removed
2	22:02:14.960	Custom indicator !!Color Stochastic EURUSD,M5: removed
2	22:02:14.960	Custom indicator fadedbckgrnd2__1 EURUSD,M5: loaded successfully
2	22:02:14.976	Custom indicator FixedChartScale EURUSD,M5: loaded successfully
2	22:02:15.085	Custom indicator Price Pro Value Chart Profissional - PT-BR EURUSD,M5: loaded successfully
2	22:02:15.085	Custom indicator !!Color Stochastic EURUSD,M5: loaded successfully
0	22:02:15.695	HistoryCenter: synchronize 'EURUSD5'
0	22:02:16.458	HistoryCenter: 2 bars imported in 'EURUSD5'
0	22:02:17.542	HistoryCenter: synchronize 'EURUSD5'
0	22:02:19.047	HistoryCenter: 2 bars imported in 'EURUSD5'
0	22:02:19.588	HistoryCenter: synchronize 'EURUSD5'
0	22:02:20.378	HistoryCenter: 2 bars imported in 'EURUSD5'
0	22:02:21.472	HistoryCenter: synchronize 'EURUSD5'
0	22:02:22.284	HistoryCenter: 2 bars imported in 'EURUSD5'
0	22:02:23.381	HistoryCenter: synchronize 'EURUSD5'
0	22:02:24.113	HistoryCenter: 2 bars imported in 'EURUSD5'
0	22:02:24.691	HistoryCenter: synchronize 'EURUSD5'
0	22:02:25.457	HistoryCenter: 2 bars imported in 'EURUSD5'
0	22:02:26.566	HistoryCenter: synchronize 'EURUSD5'
0	22:02:27.316	HistoryCenter: 2 bars imported in 'EURUSD5'
0	22:02:45.562	'15069840': ping to current access point Demo.Europe.2:444 is 250.85 ms
1	22:03:11.075	'15069840': datacenter connecting failed [6]
2	22:03:24.384	Custom indicator Price Pro Value Chart Profissional - PT-BR EURGBP,M5: removed
0	22:03:24.415	HistoryCenter: synchronize 'EURGBP5'
0	22:03:24.461	HistoryCenter: synchronize 'EURGBP5'
0	22:03:25.054	HistoryCenter: synchronize 'EURGBP5'
0	22:03:25.070	HistoryCenter: synchronize 'EURGBP5'
0	22:03:25.659	HistoryCenter: synchronize 'EURGBP5'
0	22:03:25.683	HistoryCenter: synchronize 'EURGBP5'
0	22:03:26.257	HistoryCenter: synchronize 'EURGBP5'
0	22:03:26.288	HistoryCenter: synchronize 'EURGBP5'
0	22:03:26.881	HistoryCenter: synchronize 'EURGBP5'
0	22:03:26.894	HistoryCenter: synchronize 'EURGBP5'
0	22:03:27.480	HistoryCenter: synchronize 'EURGBP5'
0	22:03:27.508	HistoryCenter: synchronize 'EURGBP5'
0	22:03:28.076	HistoryCenter: synchronize 'EURGBP5'
0	22:03:28.091	HistoryCenter: synchronize 'EURGBP5'
0	22:03:28.669	HistoryCenter: synchronize 'EURGBP5'
0	22:03:28.685	HistoryCenter: synchronize 'EURGBP5'
0	22:03:29.263	HistoryCenter: synchronize 'EURGBP5'
0	22:03:29.278	HistoryCenter: synchronize 'EURGBP5'
0	22:03:29.857	HistoryCenter: synchronize 'EURGBP5'
0	22:03:29.872	HistoryCenter: synchronize 'EURGBP5'
0	22:03:30.450	HistoryCenter: synchronize 'EURGBP5'
0	22:03:30.466	HistoryCenter: synchronize 'EURGBP5'
0	22:03:31.060	HistoryCenter: synchronize 'EURGBP5'
0	22:03:31.075	HistoryCenter: synchronize 'EURGBP5'
0	22:03:31.683	HistoryCenter: synchronize 'EURGBP5'
0	22:03:31.698	HistoryCenter: synchronize 'EURGBP5'
1	22:03:32.203	'15069840': connect failed [Sem conexão]
0	22:03:32.297	HistoryCenter: synchronize 'EURGBP5'
0	22:03:32.312	HistoryCenter: synchronize 'EURGBP5'
0	22:03:32.890	HistoryCenter: synchronize 'EURGBP5'
0	22:03:32.905	HistoryCenter: synchronize 'EURGBP5'
0	22:03:33.504	HistoryCenter: synchronize 'EURGBP5'
0	22:03:33.519	HistoryCenter: synchronize 'EURGBP5'
0	22:03:34.103	HistoryCenter: synchronize 'EURGBP5'
0	22:03:34.118	HistoryCenter: synchronize 'EURGBP5'
2	22:03:34.618	Custom indicator fadedbckgrnd2__1 EURGBP,M5: removed
2	22:03:34.618	Custom indicator FixedChartScale EURGBP,M5: removed
2	22:03:34.618	Custom indicator !!Color Stochastic EURGBP,M5: removed
2	22:03:34.618	Custom indicator fadedbckgrnd2__1 EURGBP,M5: loaded successfully
2	22:03:34.634	Custom indicator FixedChartScale EURGBP,M5: loaded successfully
0	22:03:34.696	HistoryCenter: synchronize 'EURGBP5'
0	22:03:34.712	HistoryCenter: synchronize 'EURGBP5'
2	22:03:34.727	Custom indicator Price Pro Value Chart Profissional - PT-BR EURGBP,M5: loaded successfully
2	22:03:34.743	Custom indicator !!Color Stochastic EURGBP,M5: loaded successfully
2	22:03:34.915	Custom indicator Price Pro Value Chart Profissional - PT-BR EURGBP,M5: removed
0	22:03:35.308	HistoryCenter: synchronize 'EURGBP5'
0	22:03:35.323	HistoryCenter: synchronize 'EURGBP5'
0	22:03:35.907	HistoryCenter: synchronize 'EURGBP5'
0	22:03:35.937	HistoryCenter: synchronize 'EURGBP5'
0	22:03:36.508	HistoryCenter: synchronize 'EURGBP5'
0	22:03:36.537	HistoryCenter: synchronize 'EURGBP5'
0	22:03:37.104	HistoryCenter: synchronize 'EURGBP5'
0	22:03:37.120	HistoryCenter: synchronize 'EURGBP5'
0	22:03:37.698	HistoryCenter: synchronize 'EURGBP5'
0	22:03:37.713	HistoryCenter: synchronize 'EURGBP5'
0	22:03:38.292	HistoryCenter: synchronize 'EURGBP5'
0	22:03:38.307	HistoryCenter: synchronize 'EURGBP5'
0	22:03:38.901	HistoryCenter: synchronize 'EURGBP5'
0	22:03:38.916	HistoryCenter: synchronize 'EURGBP5'
0	22:03:39.495	HistoryCenter: synchronize 'EURGBP5'
0	22:03:39.510	HistoryCenter: synchronize 'EURGBP5'
0	22:03:40.088	HistoryCenter: synchronize 'EURGBP5'
0	22:03:40.103	HistoryCenter: synchronize 'EURGBP5'
0	22:03:40.681	HistoryCenter: synchronize 'EURGBP5'
0	22:03:40.697	HistoryCenter: synchronize 'EURGBP5'
0	22:03:41.276	HistoryCenter: synchronize 'EURGBP5'
0	22:03:41.291	HistoryCenter: synchronize 'EURGBP5'
0	22:03:41.885	HistoryCenter: synchronize 'EURGBP5'
0	22:03:41.900	HistoryCenter: synchronize 'EURGBP5'
0	22:03:42.478	HistoryCenter: synchronize 'EURGBP5'
0	22:03:42.509	HistoryCenter: synchronize 'EURGBP5'
0	22:03:43.079	HistoryCenter: synchronize 'EURGBP5'
0	22:03:43.110	HistoryCenter: synchronize 'EURGBP5'
0	22:03:43.680	HistoryCenter: synchronize 'EURGBP5'
0	22:03:43.696	HistoryCenter: synchronize 'EURGBP5'
0	22:03:44.300	HistoryCenter: synchronize 'EURGBP5'
0	22:03:44.331	HistoryCenter: synchronize 'EURGBP5'
0	22:03:44.915	HistoryCenter: synchronize 'EURGBP5'
0	22:03:44.930	HistoryCenter: synchronize 'EURGBP5'
0	22:03:45.515	HistoryCenter: synchronize 'EURGBP5'
0	22:03:45.530	HistoryCenter: synchronize 'EURGBP5'
2	22:03:45.624	Custom indicator fadedbckgrnd2__1 EURGBP,M5: removed
2	22:03:45.624	Custom indicator FixedChartScale EURGBP,M5: removed
2	22:03:45.624	Custom indicator !!Color Stochastic EURGBP,M5: removed
2	22:03:45.624	Custom indicator fadedbckgrnd2__1 EURGBP,M5: loaded successfully
2	22:03:45.640	Custom indicator FixedChartScale EURGBP,M5: loaded successfully
2	22:03:45.749	Custom indicator Price Pro Value Chart Profissional - PT-BR EURGBP,M5: loaded successfully
2	22:03:45.749	Custom indicator !!Color Stochastic EURGBP,M5: loaded successfully
2	22:03:45.921	Custom indicator Price Pro Value Chart Profissional - PT-BR EURGBP,M5: removed
0	22:03:46.110	HistoryCenter: synchronize 'EURGBP5'
0	22:03:46.125	HistoryCenter: synchronize 'EURGBP5'
0	22:03:46.719	HistoryCenter: synchronize 'EURGBP5'
0	22:03:46.750	HistoryCenter: synchronize 'EURGBP5'
0	22:03:47.305	HistoryCenter: synchronize 'EURGBP5'
0	22:03:47.325	HistoryCenter: synchronize 'EURGBP5'
0	22:03:47.933	HistoryCenter: synchronize 'EURGBP5'
0	22:03:47.948	HistoryCenter: synchronize 'EURGBP5'
0	22:03:48.526	HistoryCenter: synchronize 'EURGBP5'
0	22:03:48.541	HistoryCenter: synchronize 'EURGBP5'
0	22:03:49.135	HistoryCenter: synchronize 'EURGBP5'
0	22:03:49.151	HistoryCenter: synchronize 'EURGBP5'
0	22:03:49.729	HistoryCenter: synchronize 'EURGBP5'
0	22:03:49.744	HistoryCenter: synchronize 'EURGBP5'
0	22:03:50.322	HistoryCenter: synchronize 'EURGBP5'
0	22:03:50.354	HistoryCenter: synchronize 'EURGBP5'
0	22:03:50.932	HistoryCenter: synchronize 'EURGBP5'
0	22:03:50.947	HistoryCenter: synchronize 'EURGBP5'
0	22:03:51.541	HistoryCenter: synchronize 'EURGBP5'
0	22:03:51.556	HistoryCenter: synchronize 'EURGBP5'
0	22:03:52.136	HistoryCenter: synchronize 'EURGBP5'
0	22:03:52.167	HistoryCenter: synchronize 'EURGBP5'
0	22:03:52.761	HistoryCenter: synchronize 'EURGBP5'
0	22:03:52.777	HistoryCenter: synchronize 'EURGBP5'
0	22:03:53.355	HistoryCenter: synchronize 'EURGBP5'
0	22:03:53.370	HistoryCenter: synchronize 'EURGBP5'
0	22:03:53.952	HistoryCenter: synchronize 'EURGBP5'
0	22:03:53.967	HistoryCenter: synchronize 'EURGBP5'
0	22:03:54.561	HistoryCenter: synchronize 'EURGBP5'
0	22:03:54.577	HistoryCenter: synchronize 'EURGBP5'
0	22:03:55.171	HistoryCenter: synchronize 'EURGBP5'
0	22:03:55.186	HistoryCenter: synchronize 'EURGBP5'
0	22:03:55.764	HistoryCenter: synchronize 'EURGBP5'
0	22:03:55.779	HistoryCenter: synchronize 'EURGBP5'
0	22:03:56.362	HistoryCenter: synchronize 'EURGBP5'
0	22:03:56.377	HistoryCenter: synchronize 'EURGBP5'
0	22:03:56.971	HistoryCenter: synchronize 'EURGBP5'
0	22:03:57.549	HistoryCenter: synchronize 'EURGBP5'
0	22:03:58.137	HistoryCenter: synchronize 'EURGBP5'
0	22:03:58.733	HistoryCenter: synchronize 'EURGBP5'
0	22:03:59.341	HistoryCenter: synchronize 'EURGBP5'
0	22:03:59.951	HistoryCenter: synchronize 'EURGBP5'
0	22:04:00.525	HistoryCenter: synchronize 'EURGBP5'
0	22:04:01.104	HistoryCenter: synchronize 'EURGBP5'
0	22:04:01.681	HistoryCenter: synchronize 'EURGBP5'
0	22:04:02.256	HistoryCenter: synchronize 'EURGBP5'
0	22:04:02.833	HistoryCenter: synchronize 'EURGBP5'
0	22:04:03.416	HistoryCenter: synchronize 'EURGBP5'
0	22:04:03.992	HistoryCenter: synchronize 'EURGBP5'
0	22:04:04.570	HistoryCenter: synchronize 'EURGBP5'
0	22:04:05.148	HistoryCenter: synchronize 'EURGBP5'
0	22:04:05.726	HistoryCenter: synchronize 'EURGBP5'
0	22:04:06.319	HistoryCenter: synchronize 'EURGBP5'
0	22:04:06.898	HistoryCenter: synchronize 'EURGBP5'
0	22:04:07.491	HistoryCenter: synchronize 'EURGBP5'
0	22:04:08.084	HistoryCenter: synchronize 'EURGBP5'
0	22:04:08.661	HistoryCenter: synchronize 'EURGBP5'
0	22:04:09.239	HistoryCenter: synchronize 'EURGBP5'
0	22:04:09.833	HistoryCenter: synchronize 'EURGBP5'
0	22:04:10.411	HistoryCenter: synchronize 'EURGBP5'
0	22:04:10.988	HistoryCenter: synchronize 'EURGBP5'
0	22:04:11.566	HistoryCenter: synchronize 'EURGBP5'
0	22:04:12.152	HistoryCenter: synchronize 'EURGBP5'
0	22:04:12.735	HistoryCenter: synchronize 'EURGBP5'
0	22:04:13.319	HistoryCenter: synchronize 'EURGBP5'
2	22:04:18.610	Custom indicator fadedbckgrnd2__1 EURGBP,M5: removed
2	22:04:18.610	Custom indicator FixedChartScale EURGBP,M5: removed
2	22:04:18.610	Custom indicator !!Color Stochastic EURGBP,M5: removed
2	22:04:18.610	Custom indicator fadedbckgrnd2__1 EURGBP,M5: loaded successfully
2	22:04:18.626	Custom indicator FixedChartScale EURGBP,M5: loaded successfully
2	22:04:18.720	Custom indicator Price Pro Value Chart Profissional - PT-BR EURGBP,M5: loaded successfully
2	22:04:18.720	Custom indicator !!Color Stochastic EURGBP,M5: loaded successfully
0	22:04:35.497	HistoryCenter: 186 bars imported in 'EURGBP5'
2	22:04:39.934	Custom indicator Price Pro Value Chart Profissional - PT-BR EURGBP,M5: removed
0	22:04:40.482	HistoryCenter: synchronize 'EURGBP5'
0	22:04:45.339	HistoryCenter: synchronize 'EURGBP5'
0	22:04:45.886	HistoryCenter: synchronize 'EURGBP5'
0	22:04:45.886	HistoryCenter: synchronize 'EURGBP5'
0	22:04:46.434	HistoryCenter: synchronize 'EURGBP5'
0	22:04:46.434	HistoryCenter: synchronize 'EURGBP5'
0	22:04:46.973	HistoryCenter: synchronize 'EURGBP5'
0	22:04:46.973	HistoryCenter: synchronize 'EURGBP5'
0	22:04:47.517	HistoryCenter: synchronize 'EURGBP5'
0	22:04:47.517	HistoryCenter: synchronize 'EURGBP5'
0	22:04:48.063	HistoryCenter: synchronize 'EURGBP5'
0	22:04:48.063	HistoryCenter: synchronize 'EURGBP5'
0	22:04:48.614	HistoryCenter: synchronize 'EURGBP5'
0	22:04:48.614	HistoryCenter: synchronize 'EURGBP5'
0	22:04:49.164	HistoryCenter: synchronize 'EURGBP5'
0	22:04:49.164	HistoryCenter: synchronize 'EURGBP5'
0	22:04:49.709	HistoryCenter: synchronize 'EURGBP5'
0	22:04:49.709	HistoryCenter: synchronize 'EURGBP5'
0	22:04:50.258	HistoryCenter: synchronize 'EURGBP5'
0	22:04:50.258	HistoryCenter: synchronize 'EURGBP5'
0	22:04:50.808	HistoryCenter: synchronize 'EURGBP5'
0	22:04:51.355	HistoryCenter: synchronize 'EURGBP5'
2	22:04:51.496	Custom indicator fadedbckgrnd2__1 EURUSD,M5: removed
2	22:04:51.496	Custom indicator FixedChartScale EURUSD,M5: removed
2	22:04:51.523	Custom indicator Price Pro Value Chart Profissional - PT-BR EURUSD,M5: removed
2	22:04:51.525	Custom indicator !!Color Stochastic EURUSD,M5: removed
2	22:04:51.533	Custom indicator fadedbckgrnd2__1 EURGBP,M5: removed
2	22:04:51.534	Custom indicator FixedChartScale EURGBP,M5: removed
2	22:04:51.536	Custom indicator !!Color Stochastic EURGBP,M5: removed
1	22:04:51.671	HistoryCenter: '15069840' cannot login to: Alpari-Demo
0	22:04:51.703	Alpari MT4 build 1359 stopped
0	22:04:55.470	Alpari MT4 build 1359 started (Alpari International)
0	22:04:55.471	Windows 10 Pro x64, IE 11, UAC, 8 x Intel Core i7-7700HQ  @ 2.80GHz, Memory: 13458 / 16267 Mb, Disk: 390 / 476 Gb, GMT-3
0	22:04:55.471	Data Folder: C:\Users\Administrator\AppData\Roaming\MetaQuotes\Terminal\287469DEA9630EA94D0715D755974F1B
2	22:04:56.470	Custom indicator fadedbckgrnd2__1 EURUSD,M5: loaded successfully
2	22:04:56.471	Custom indicator FixedChartScale EURUSD,M5: loaded successfully
2	22:04:56.580	Custom indicator Price Pro Value Chart Profissional - PT-BR EURUSD,M5: loaded successfully
2	22:04:56.580	Custom indicator !!Color Stochastic EURUSD,M5: loaded successfully
2	22:04:56.768	Custom indicator Price Pro Value Chart Profissional - PT-BR EURUSD,M5: removed
2	22:04:56.811	Custom indicator fadedbckgrnd2__1 EURGBP,M5: loaded successfully
2	22:04:56.811	Custom indicator FixedChartScale EURGBP,M5: loaded successfully
2	22:04:56.827	Custom indicator !!Color Stochastic EURGBP,M5: loaded successfully
0	22:04:57.047	HistoryCenter: synchronize 'EURUSD5'
0	22:04:57.892	'15069840': login on Alpari-Demo through Demo.Europe.2:444 (ping: 250.85 ms)
0	22:04:58.386	HistoryCenter: 2 bars imported in 'EURUSD5'
0	22:04:59.967	'15069840': login datacenter on Alpari-Demo through Demo.Europe.2:444 (ping: 250.85 ms)
0	22:05:00.600	'15069840': previous successful authorization performed from 177.13.220.31
2	22:05:01.991	Custom indicator fadedbckgrnd2__1 EURGBP,M5: removed
2	22:05:01.991	Custom indicator FixedChartScale EURGBP,M5: removed
2	22:05:01.991	Custom indicator !!Color Stochastic EURGBP,M5: removed
2	22:05:02.006	Custom indicator fadedbckgrnd2__1 EURGBP,M5: loaded successfully
2	22:05:02.006	Custom indicator FixedChartScale EURGBP,M5: loaded successfully
2	22:05:02.100	Custom indicator Price Pro Value Chart Profissional - PT-BR EURGBP,M5: loaded successfully
2	22:05:02.116	Custom indicator !!Color Stochastic EURGBP,M5: loaded successfully
0	22:07:00.886	Alpari MT4 build 1359 started (Alpari International)
0	22:07:00.886	Windows 10 Pro x64, IE 11, UAC, 8 x Intel Core i7-7700HQ  @ 2.80GHz, Memory: 13832 / 16267 Mb, Disk: 390 / 476 Gb, GMT-3
0	22:07:00.886	Data Folder: C:\Users\Administrator\AppData\Roaming\MetaQuotes\Terminal\287469DEA9630EA94D0715D755974F1B
2	22:07:01.854	Custom indicator fadedbckgrnd2__1 EURUSD,M5: loaded successfully
2	22:07:01.870	Custom indicator FixedChartScale EURUSD,M5: loaded successfully
2	22:07:01.995	Custom indicator Price Pro Value Chart Profissional - PT-BR EURUSD,M5: loaded successfully
2	22:07:02.011	Custom indicator !!Color Stochastic EURUSD,M5: loaded successfully
2	22:07:02.214	Custom indicator Price Pro Value Chart Profissional - PT-BR EURUSD,M5: removed
2	22:07:02.245	Custom indicator fadedbckgrnd2__1 EURGBP,M5: loaded successfully
2	22:07:02.260	Custom indicator FixedChartScale EURGBP,M5: loaded successfully
2	22:07:02.370	Custom indicator Price Pro Value Chart Profissional - PT-BR EURGBP,M5: loaded successfully
2	22:07:02.385	Custom indicator !!Color Stochastic EURGBP,M5: loaded successfully
2	22:07:02.589	Custom indicator Price Pro Value Chart Profissional - PT-BR EURGBP,M5: removed
0	22:07:02.838	HistoryCenter: synchronize 'EURUSD5'
0	22:07:02.838	HistoryCenter: synchronize 'EURUSD5'
1	22:07:02.935	'15069840': connect failed [Sem conexão]
1	22:07:03.013	MQL5.community: authorization failed
0	22:07:03.403	HistoryCenter: synchronize 'EURGBP5'
0	22:07:03.403	HistoryCenter: synchronize 'EURUSD5'
0	22:07:03.962	HistoryCenter: synchronize 'EURGBP5'
0	22:07:03.962	HistoryCenter: synchronize 'EURUSD5'
0	22:07:04.542	HistoryCenter: synchronize 'EURGBP5'
0	22:07:04.542	HistoryCenter: synchronize 'EURUSD5'
0	22:07:05.098	HistoryCenter: synchronize 'EURGBP5'
0	22:07:05.098	HistoryCenter: synchronize 'EURUSD5'
0	22:07:05.645	HistoryCenter: synchronize 'EURGBP5'
0	22:07:05.645	HistoryCenter: synchronize 'EURUSD5'
0	22:07:06.192	HistoryCenter: synchronize 'EURGBP5'
0	22:07:06.192	HistoryCenter: synchronize 'EURUSD5'
0	22:07:06.754	HistoryCenter: synchronize 'EURGBP5'
0	22:07:07.582	HistoryCenter: 2 bars imported in 'EURGBP5'
0	22:07:07.582	HistoryCenter: synchronize 'EURUSD5'
0	22:07:08.331	HistoryCenter: 2 bars imported in 'EURUSD5'
0	22:07:08.894	'15069840': login on Alpari-Demo through Demo.Europe.2:444 (ping: 250.85 ms)
0	22:07:18.080	'15069840': login datacenter on Alpari-Demo through Demo.Europe.2:444 (ping: 250.85 ms)
0	22:07:18.715	'15069840': previous successful authorization performed from 177.13.220.31
2	22:07:25.904	Custom indicator fadedbckgrnd2__1 EURGBP,M5: removed
2	22:07:25.904	Custom indicator FixedChartScale EURGBP,M5: removed
2	22:07:25.904	Custom indicator !!Color Stochastic EURGBP,M5: removed
2	22:07:35.698	Custom indicator fadedbckgrnd2__1 GBPUSD,M5: loaded successfully
2	22:07:35.714	Custom indicator FixedChartScale GBPUSD,M5: loaded successfully
2	22:07:35.808	Custom indicator Price Pro Value Chart Profissional - PT-BR GBPUSD,M5: loaded successfully
2	22:07:35.808	Custom indicator !!Color Stochastic GBPUSD,M5: loaded successfully
0	22:07:36.261	HistoryCenter: synchronize 'GBPUSD5'
0	22:07:37.011	HistoryCenter: 2 bars imported in 'GBPUSD5'
0	22:07:38.135	HistoryCenter: synchronize 'GBPUSD5'
0	22:07:38.891	HistoryCenter: 2 bars imported in 'GBPUSD5'
0	22:07:39.436	HistoryCenter: synchronize 'GBPUSD5'
0	22:07:40.183	HistoryCenter: 2 bars imported in 'GBPUSD5'
2	22:08:03.849	Custom indicator fadedbckgrnd2__1 EURUSD,M5: removed
2	22:08:03.849	Custom indicator FixedChartScale EURUSD,M5: removed
2	22:08:03.849	Custom indicator !!Color Stochastic EURUSD,M5: removed
2	22:08:03.849	Custom indicator fadedbckgrnd2__1 EURUSD,M5: loaded successfully
2	22:08:03.864	Custom indicator FixedChartScale EURUSD,M5: loaded successfully
2	22:08:03.958	Custom indicator Price Pro Value Chart Profissional - PT-BR EURUSD,M5: loaded successfully
2	22:08:03.958	Custom indicator !!Color Stochastic EURUSD,M5: loaded successfully
0	22:08:04.317	HistoryCenter: synchronize 'EURUSD5'
0	22:08:05.100	HistoryCenter: 2 bars imported in 'EURUSD5'
0	22:08:06.772	HistoryCenter: synchronize 'EURUSD5'
0	22:08:07.521	HistoryCenter: 2 bars imported in 'EURUSD5'
0	22:08:08.630	HistoryCenter: synchronize 'EURUSD5'
0	22:08:09.381	HistoryCenter: 2 bars imported in 'EURUSD5'
0	22:08:10.474	HistoryCenter: synchronize 'EURUSD5'
0	22:08:11.318	HistoryCenter: 2 bars imported in 'EURUSD5'
0	22:08:12.411	HistoryCenter: synchronize 'EURUSD5'
0	22:08:13.270	HistoryCenter: 2 bars imported in 'EURUSD5'
0	22:08:14.379	HistoryCenter: synchronize 'EURUSD5'
0	22:08:15.145	HistoryCenter: 2 bars imported in 'EURUSD5'
0	22:08:16.238	HistoryCenter: synchronize 'EURUSD5'
0	22:08:17.300	HistoryCenter: 2 bars imported in 'EURUSD5'
1	22:08:58.869	'15069840': ping failed
1	22:08:58.909	'15069840': connect failed [Sem conexão]
0	22:10:41.996	'15069840': login on Alpari-Demo through Demo.Europe.1 (ping: n/a)
0	22:10:43.891	'15069840': login datacenter on Alpari-Demo through Demo.Europe.1 (ping: n/a)
0	22:10:44.525	'15069840': previous successful authorization performed from 177.13.223.211
0	22:11:35.787	'15069840': ping to current access point Demo.Europe.1 is 249.97 ms
1	22:12:24.659	'15069840': ping failed
1	22:12:24.713	'15069840': connect failed [Sem conexão]
0	22:13:47.908	'15069840': login on Alpari-Demo through Demo.Europe.1 (ping: 249.97 ms)
0	22:13:49.767	'15069840': login datacenter on Alpari-Demo through Demo.Europe.1 (ping: 249.97 ms)
0	22:13:50.380	'15069840': previous successful authorization performed from 177.13.220.252
1	22:19:44.136	'15069840': connect failed [Sem conexão]
0	22:21:11.058	'15069840': login on Alpari-Demo through Demo.Europe.1 (ping: 249.97 ms)
0	22:21:12.901	'15069840': login datacenter on Alpari-Demo through Demo.Europe.1 (ping: 249.97 ms)
0	22:21:13.500	'15069840': previous successful authorization performed from 177.13.217.187
1	22:24:53.737	'15069840': ping failed
0	22:24:54.618	'15069840': login on Alpari-Demo through Demo.Europe.1 (ping: 249.97 ms)
0	22:24:56.562	'15069840': login datacenter on Alpari-Demo through Demo.Europe.1 (ping: 249.97 ms)
0	22:24:57.517	'15069840': previous successful authorization performed from 177.13.222.49
1	22:33:37.970	'15069840': ping failed
1	22:33:38.024	'15069840': connect failed [Sem conexão]
