0	01:00:01.429	HistoryCenter: synchronize 'EURUSD5'
0	01:00:02.210	HistoryCenter: 2 bars imported in 'EURUSD5'
0	01:00:03.320	HistoryCenter: synchronize 'EURUSD5'
0	01:00:04.053	HistoryCenter: 2 bars imported in 'EURUSD5'
0	01:00:04.632	HistoryCenter: synchronize 'EURUSD5'
0	01:00:05.412	HistoryCenter: 2 bars imported in 'EURUSD5'
0	01:00:06.522	HistoryCenter: synchronize 'EURUSD5'
0	01:00:07.272	HistoryCenter: 2 bars imported in 'EURUSD5'
0	01:00:08.365	HistoryCenter: synchronize 'EURUSD5'
0	01:00:09.193	HistoryCenter: 2 bars imported in 'EURUSD5'
0	01:00:10.303	HistoryCenter: synchronize 'EURUSD5'
0	01:00:11.817	HistoryCenter: 2 bars imported in 'EURUSD5'
0	02:00:02.101	HistoryCenter: synchronize 'EURUSD5'
0	02:00:02.836	HistoryCenter: 2 bars imported in 'EURUSD5'
0	02:00:03.934	HistoryCenter: synchronize 'EURUSD5'
0	02:00:04.670	HistoryCenter: 2 bars imported in 'EURUSD5'
0	02:00:05.233	HistoryCenter: synchronize 'EURUSD5'
0	02:00:05.998	HistoryCenter: 2 bars imported in 'EURUSD5'
0	02:00:07.107	HistoryCenter: synchronize 'EURUSD5'
0	02:00:07.873	HistoryCenter: 2 bars imported in 'EURUSD5'
0	03:00:01.631	HistoryCenter: synchronize 'EURUSD5'
0	03:00:02.506	HistoryCenter: 2 bars imported in 'EURUSD5'
0	03:00:03.600	HistoryCenter: synchronize 'EURUSD5'
0	03:00:04.318	HistoryCenter: 2 bars imported in 'EURUSD5'
0	03:00:05.443	HistoryCenter: synchronize 'EURUSD5'
0	03:00:06.161	HistoryCenter: 2 bars imported in 'EURUSD5'
0	03:00:06.708	HistoryCenter: synchronize 'EURUSD5'
0	03:00:07.411	HistoryCenter: 2 bars imported in 'EURUSD5'
0	04:00:02.016	HistoryCenter: synchronize 'EURUSD5'
0	04:00:02.807	HistoryCenter: 2 bars imported in 'EURUSD5'
0	04:00:03.372	HistoryCenter: synchronize 'EURUSD5'
0	04:00:04.102	HistoryCenter: 2 bars imported in 'EURUSD5'
0	04:00:04.666	HistoryCenter: synchronize 'EURUSD5'
0	04:00:05.415	HistoryCenter: 2 bars imported in 'EURUSD5'
0	04:00:06.540	HistoryCenter: synchronize 'EURUSD5'
0	04:00:07.289	HistoryCenter: 2 bars imported in 'EURUSD5'
0	04:00:07.836	HistoryCenter: synchronize 'EURUSD5'
0	04:00:08.618	HistoryCenter: 2 bars imported in 'EURUSD5'
0	04:00:09.711	HistoryCenter: synchronize 'EURUSD5'
0	04:00:10.476	HistoryCenter: 2 bars imported in 'EURUSD5'
0	05:00:05.372	HistoryCenter: synchronize 'EURUSD5'
0	05:00:07.371	HistoryCenter: 2 bars imported in 'EURUSD5'
0	05:00:08.464	HistoryCenter: synchronize 'EURUSD5'
0	05:00:11.917	HistoryCenter: 2 bars imported in 'EURUSD5'
0	05:00:12.463	HistoryCenter: synchronize 'EURUSD5'
0	05:00:13.791	HistoryCenter: 2 bars imported in 'EURUSD5'
0	05:00:14.885	HistoryCenter: synchronize 'EURUSD5'
0	05:00:15.634	HistoryCenter: 2 bars imported in 'EURUSD5'
0	05:00:16.744	HistoryCenter: synchronize 'EURUSD5'
0	05:00:18.447	HistoryCenter: 2 bars imported in 'EURUSD5'
0	05:00:19.587	HistoryCenter: synchronize 'EURUSD5'
0	05:00:20.352	HistoryCenter: 2 bars imported in 'EURUSD5'
0	05:00:20.931	HistoryCenter: synchronize 'EURUSD5'
0	05:00:23.226	HistoryCenter: 2 bars imported in 'EURUSD5'
1	05:10:53.801	'15069840': ping failed
1	05:10:54.157	'15069840': datacenter connecting failed [6]
0	05:10:55.011	'15069840': login on Alpari-Demo through Demo.Europe.9:1119 (ping: 267.32 ms)
0	05:11:47.243	'15069840': login datacenter on Alpari-Demo through Demo.Europe.9:1119 (ping: 267.32 ms)
0	05:11:47.851	'15069840': previous successful authorization performed from 177.13.217.91
0	05:13:54.230	'15069840': auto connecting to a better access point Demo.Europe.2:444 (ping is 248.64 ms)
0	05:13:55.374	'15069840': login on Alpari-Demo through Demo.Europe.2:444 (ping: 248.64 ms)
0	05:14:01.525	'15069840': login datacenter on Alpari-Demo through Demo.Europe.2:444 (ping: 248.64 ms)
0	05:14:02.137	'15069840': previous successful authorization performed from 177.13.217.91
0	06:00:02.178	HistoryCenter: synchronize 'EURUSD5'
0	06:00:02.959	HistoryCenter: 2 bars imported in 'EURUSD5'
0	06:00:04.053	HistoryCenter: synchronize 'EURUSD5'
0	06:00:04.802	HistoryCenter: 2 bars imported in 'EURUSD5'
0	06:00:05.911	HistoryCenter: synchronize 'EURUSD5'
0	06:00:06.646	HistoryCenter: 2 bars imported in 'EURUSD5'
0	06:00:07.771	HistoryCenter: synchronize 'EURUSD5'
0	06:00:08.505	HistoryCenter: 2 bars imported in 'EURUSD5'
0	06:00:09.082	HistoryCenter: synchronize 'EURUSD5'
0	06:00:09.817	HistoryCenter: 2 bars imported in 'EURUSD5'
0	06:00:10.942	HistoryCenter: synchronize 'EURUSD5'
0	06:00:11.675	HistoryCenter: 2 bars imported in 'EURUSD5'
0	06:00:12.801	HistoryCenter: synchronize 'EURUSD5'
0	06:00:13.566	HistoryCenter: 2 bars imported in 'EURUSD5'
0	06:33:15.030	HistoryCenter: synchronize 'EURUSD1'
0	06:33:16.265	HistoryCenter: 2 bars imported in 'EURUSD1'
0	06:33:16.836	HistoryCenter: synchronize 'EURUSD1'
0	06:33:21.261	HistoryCenter: 2 bars imported in 'EURUSD1'
0	06:33:22.370	HistoryCenter: synchronize 'EURUSD1'
0	06:33:23.746	HistoryCenter: 2 bars imported in 'EURUSD1'
0	06:33:24.292	HistoryCenter: synchronize 'EURUSD1'
0	06:33:25.620	HistoryCenter: 2 bars imported in 'EURUSD1'
0	06:33:26.166	HistoryCenter: synchronize 'EURUSD1'
0	06:33:27.026	HistoryCenter: 2 bars imported in 'EURUSD1'
2	06:33:39.507	Custom indicator fadedbckgrnd2__1 EURUSD,M1: removed
2	06:33:39.507	Custom indicator FixedChartScale EURUSD,M1: removed
2	06:33:39.523	Custom indicator Price Pro Value Chart Profissional - PT-BR EURUSD,M1: removed
2	06:33:39.523	Custom indicator fadedbckgrnd2__1 EURUSD,M1: loaded successfully
2	06:33:39.538	Custom indicator FixedChartScale EURUSD,M1: loaded successfully
2	06:33:39.648	Custom indicator Price Pro Value Chart Profissional - PT-BR EURUSD,M1: loaded successfully
0	06:33:40.238	HistoryCenter: synchronize 'EURUSD1'
0	06:33:40.983	HistoryCenter: 2 bars imported in 'EURUSD1'
0	06:33:43.240	HistoryCenter: synchronize 'EURUSD1'
0	06:33:43.974	HistoryCenter: 2 bars imported in 'EURUSD1'
0	06:33:45.099	HistoryCenter: synchronize 'EURUSD1'
0	06:33:47.067	HistoryCenter: 2 bars imported in 'EURUSD1'
0	06:33:48.176	HistoryCenter: synchronize 'EURUSD1'
2	06:33:48.942	Custom indicator fadedbckgrnd2__1 EURUSD,M1: removed
2	06:33:48.942	Custom indicator FixedChartScale EURUSD,M1: removed
2	06:33:48.957	Custom indicator Price Pro Value Chart Profissional - PT-BR EURUSD,M1: removed
2	06:33:48.973	Custom indicator fadedbckgrnd2__1 EURUSD,M1: loaded successfully
2	06:33:48.973	Custom indicator FixedChartScale EURUSD,M1: loaded successfully
2	06:33:49.066	Custom indicator Price Pro Value Chart Profissional - PT-BR EURUSD,M1: loaded successfully
0	06:33:50.500	HistoryCenter: 2 bars imported in 'EURUSD1'
0	06:33:52.141	HistoryCenter: synchronize 'EURUSD1'
0	06:33:52.938	HistoryCenter: 2 bars imported in 'EURUSD1'
0	06:33:53.500	HistoryCenter: synchronize 'EURUSD1'
0	06:33:54.296	HistoryCenter: 2 bars imported in 'EURUSD1'
0	06:33:55.390	HistoryCenter: synchronize 'EURUSD1'
0	06:33:56.155	HistoryCenter: 2 bars imported in 'EURUSD1'
0	06:33:56.718	HistoryCenter: synchronize 'EURUSD1'
0	06:33:57.593	HistoryCenter: 2 bars imported in 'EURUSD1'
0	06:33:58.718	HistoryCenter: synchronize 'EURUSD1'
0	06:33:59.436	HistoryCenter: 2 bars imported in 'EURUSD1'
0	06:34:00.545	HistoryCenter: synchronize 'EURUSD1'
0	06:34:01.295	HistoryCenter: 2 bars imported in 'EURUSD1'
0	06:34:02.388	HistoryCenter: synchronize 'EURUSD1'
0	06:34:03.107	HistoryCenter: 2 bars imported in 'EURUSD1'
0	06:34:03.670	HistoryCenter: synchronize 'EURUSD1'
0	06:34:04.420	HistoryCenter: 2 bars imported in 'EURUSD1'
0	06:34:08.840	HistoryCenter: synchronize 'EURUSD1'
0	06:34:09.590	HistoryCenter: 2 bars imported in 'EURUSD1'
0	06:34:10.714	HistoryCenter: synchronize 'EURUSD1'
0	06:34:11.449	HistoryCenter: 2 bars imported in 'EURUSD1'
0	06:34:12.011	HistoryCenter: synchronize 'EURUSD1'
0	06:34:12.746	HistoryCenter: 2 bars imported in 'EURUSD1'
0	06:34:13.870	HistoryCenter: synchronize 'EURUSD1'
0	06:34:14.604	HistoryCenter: 2 bars imported in 'EURUSD1'
0	06:34:15.698	HistoryCenter: synchronize 'EURUSD1'
0	06:34:17.823	HistoryCenter: 2 bars imported in 'EURUSD1'
0	06:34:18.947	HistoryCenter: synchronize 'EURUSD1'
0	06:34:19.665	HistoryCenter: 2 bars imported in 'EURUSD1'
0	06:34:20.775	HistoryCenter: synchronize 'EURUSD1'
0	06:34:22.961	HistoryCenter: 2 bars imported in 'EURUSD1'
0	06:34:43.052	HistoryCenter: synchronize 'EURUSD1'
0	06:34:44.145	HistoryCenter: 2 bars imported in 'EURUSD1'
0	06:34:45.269	HistoryCenter: synchronize 'EURUSD1'
0	06:34:46.019	HistoryCenter: 2 bars imported in 'EURUSD1'
0	06:34:47.129	HistoryCenter: synchronize 'EURUSD1'
0	06:34:47.847	HistoryCenter: 2 bars imported in 'EURUSD1'
0	06:34:48.394	HistoryCenter: synchronize 'EURUSD1'
0	06:34:49.738	HistoryCenter: 2 bars imported in 'EURUSD1'
0	06:34:50.300	HistoryCenter: synchronize 'EURUSD1'
0	06:34:51.190	HistoryCenter: 2 bars imported in 'EURUSD1'
0	06:34:52.315	HistoryCenter: synchronize 'EURUSD1'
0	06:34:55.533	HistoryCenter: 2 bars imported in 'EURUSD1'
2	06:35:46.172	Custom indicator fadedbckgrnd2__1 EURGBP,M1: loaded successfully
2	06:35:46.172	Custom indicator FixedChartScale EURGBP,M1: loaded successfully
2	06:35:46.281	Custom indicator Price Pro Value Chart Profissional - PT-BR EURGBP,M1: loaded successfully
0	06:35:46.578	HistoryCenter: synchronize 'EURGBP1'
0	06:35:47.344	HistoryCenter: 2 bars imported in 'EURGBP1'
0	06:35:49.014	HistoryCenter: synchronize 'EURGBP1'
0	06:35:50.279	HistoryCenter: 2 bars imported in 'EURGBP1'
0	06:35:50.842	HistoryCenter: synchronize 'EURGBP1'
0	06:35:51.560	HistoryCenter: 2 bars imported in 'EURGBP1'
0	06:35:52.654	HistoryCenter: synchronize 'EURGBP1'
0	06:35:53.403	HistoryCenter: 2 bars imported in 'EURGBP1'
0	06:35:53.981	HistoryCenter: synchronize 'EURGBP1'
0	06:35:54.747	HistoryCenter: 2 bars imported in 'EURGBP1'
0	06:35:55.841	HistoryCenter: synchronize 'EURGBP1'
0	06:35:56.575	HistoryCenter: 2 bars imported in 'EURGBP1'
0	06:35:57.668	HistoryCenter: synchronize 'EURGBP1'
0	06:35:58.418	HistoryCenter: 2 bars imported in 'EURGBP1'
0	06:35:58.965	HistoryCenter: synchronize 'EURGBP1'
0	06:35:59.699	HistoryCenter: 2 bars imported in 'EURGBP1'
0	06:36:00.793	HistoryCenter: synchronize 'EURGBP1'
0	06:36:01.527	HistoryCenter: 2 bars imported in 'EURGBP1'
0	06:37:06.153	HistoryCenter: synchronize 'EURGBP1'
0	06:37:08.261	HistoryCenter: 2 bars imported in 'EURGBP1'
0	06:37:35.395	HistoryCenter: synchronize 'EURGBP1'
0	06:37:36.114	HistoryCenter: 2 bars imported in 'EURGBP1'
0	06:37:37.223	HistoryCenter: synchronize 'EURGBP1'
0	06:37:37.988	HistoryCenter: 2 bars imported in 'EURGBP1'
0	06:37:38.536	HistoryCenter: synchronize 'EURGBP1'
0	06:37:39.317	HistoryCenter: 2 bars imported in 'EURGBP1'
0	06:37:40.426	HistoryCenter: synchronize 'EURGBP1'
0	06:37:41.925	HistoryCenter: 2 bars imported in 'EURGBP1'
0	06:37:42.472	HistoryCenter: synchronize 'EURGBP1'
0	06:37:43.472	HistoryCenter: 2 bars imported in 'EURGBP1'
0	06:37:44.565	HistoryCenter: synchronize 'EURGBP1'
0	06:37:45.690	HistoryCenter: 2 bars imported in 'EURGBP1'
0	06:37:46.236	HistoryCenter: synchronize 'EURGBP1'
0	06:37:47.439	HistoryCenter: 2 bars imported in 'EURGBP1'
0	06:37:48.533	HistoryCenter: synchronize 'EURGBP1'
0	06:37:49.485	HistoryCenter: 2 bars imported in 'EURGBP1'
0	06:37:50.579	HistoryCenter: synchronize 'EURGBP1'
0	06:37:51.314	HistoryCenter: 2 bars imported in 'EURGBP1'
1	06:38:01.312	'15069840': datacenter connecting failed [6]
0	06:38:02.172	'15069840': login on Alpari-Demo through Demo.Europe.9:1119 (ping: 263.69 ms)
0	06:38:04.078	'15069840': login datacenter on Alpari-Demo through Demo.Europe.9:1119 (ping: 263.69 ms)
0	06:38:04.703	'15069840': previous successful authorization performed from 177.13.217.91
0	06:38:39.983	HistoryCenter: synchronize 'EURUSD1'
0	06:38:40.734	HistoryCenter: 2 bars imported in 'EURUSD1'
0	06:38:42.405	HistoryCenter: synchronize 'EURUSD1'
0	06:38:43.154	HistoryCenter: 2 bars imported in 'EURUSD1'
0	06:38:44.279	HistoryCenter: synchronize 'EURUSD1'
0	06:38:45.030	HistoryCenter: 2 bars imported in 'EURUSD1'
0	06:38:46.154	HistoryCenter: synchronize 'EURUSD1'
0	06:38:46.904	HistoryCenter: 2 bars imported in 'EURUSD1'
0	06:38:48.013	HistoryCenter: synchronize 'EURUSD1'
0	06:38:48.763	'15069840': auto connecting to a better access point Demo.Europe.2:444 (ping is 242.86 ms)
0	06:38:48.763	HistoryCenter: 2 bars imported in 'EURUSD1'
0	06:38:49.323	HistoryCenter: synchronize 'EURUSD1'
0	06:38:49.635	'15069840': login on Alpari-Demo through Demo.Europe.2:444 (ping: 242.86 ms)
0	06:38:50.224	HistoryCenter: 2 bars imported in 'EURUSD1'
0	06:38:51.325	HistoryCenter: synchronize 'EURUSD1'
0	06:38:51.559	'15069840': login datacenter on Alpari-Demo through Demo.Europe.2:444 (ping: 242.86 ms)
0	06:38:52.071	HistoryCenter: 2 bars imported in 'EURUSD1'
0	06:38:52.160	'15069840': previous successful authorization performed from 177.13.217.91
0	06:38:53.194	HistoryCenter: synchronize 'EURUSD1'
0	06:38:53.911	HistoryCenter: 2 bars imported in 'EURUSD1'
2	06:39:21.092	Custom indicator !!Color Stochastic EURGBP,M1: loaded successfully
2	06:40:46.994	Custom indicator 2Trend EURGBP,M1: loaded successfully
2	06:41:40.060	Custom indicator Guns Catalogador EURGBP,M1: loaded successfully
1	06:41:45.806	'15069840': datacenter connecting failed [6]
0	06:41:46.730	'15069840': login on Alpari-Demo through Demo.Europe.9:1119 (ping: 260.56 ms)
0	06:41:48.651	'15069840': login datacenter on Alpari-Demo through Demo.Europe.9:1119 (ping: 260.56 ms)
0	06:41:49.358	'15069840': previous successful authorization performed from 177.13.217.91
0	06:42:51.585	HistoryCenter: synchronize 'EURGBP5'
0	06:42:53.179	HistoryCenter: 2 bars imported in 'EURGBP5'
0	06:42:53.739	HistoryCenter: synchronize 'EURGBP5'
0	06:42:54.489	HistoryCenter: 2 bars imported in 'EURGBP5'
0	06:42:55.582	HistoryCenter: synchronize 'EURGBP5'
0	06:42:56.363	HistoryCenter: 2 bars imported in 'EURGBP5'
0	06:43:05.721	HistoryCenter: synchronize 'EURGBP5'
0	06:43:06.502	HistoryCenter: 2 bars imported in 'EURGBP5'
0	06:43:08.158	HistoryCenter: synchronize 'EURGBP5'
0	06:43:08.955	HistoryCenter: 2 bars imported in 'EURGBP5'
0	06:43:10.048	HistoryCenter: synchronize 'EURGBP5'
0	06:43:10.797	HistoryCenter: 2 bars imported in 'EURGBP5'
0	06:43:11.922	HistoryCenter: synchronize 'EURGBP5'
0	06:43:12.672	HistoryCenter: 2 bars imported in 'EURGBP5'
0	06:43:13.812	HistoryCenter: synchronize 'EURGBP5'
0	06:43:14.563	HistoryCenter: 2 bars imported in 'EURGBP5'
0	06:43:15.672	HistoryCenter: synchronize 'EURGBP5'
0	06:43:16.422	HistoryCenter: 2 bars imported in 'EURGBP5'
0	06:43:16.983	HistoryCenter: synchronize 'EURGBP5'
0	06:43:17.765	HistoryCenter: 2 bars imported in 'EURGBP5'
0	06:43:18.874	HistoryCenter: synchronize 'EURGBP5'
0	06:43:19.624	HistoryCenter: 2 bars imported in 'EURGBP5'
0	06:43:20.733	HistoryCenter: synchronize 'EURGBP5'
0	06:43:21.482	HistoryCenter: 2 bars imported in 'EURGBP5'
0	06:43:22.030	HistoryCenter: synchronize 'EURGBP5'
0	06:43:22.936	HistoryCenter: 2 bars imported in 'EURGBP5'
0	06:43:24.061	HistoryCenter: synchronize 'EURGBP5'
0	06:43:24.794	HistoryCenter: 2 bars imported in 'EURGBP5'
0	06:43:25.888	HistoryCenter: synchronize 'EURGBP5'
0	06:43:26.637	HistoryCenter: 2 bars imported in 'EURGBP5'
0	06:43:27.762	HistoryCenter: synchronize 'EURGBP5'
0	06:43:28.528	HistoryCenter: 2 bars imported in 'EURGBP5'
0	06:43:29.669	HistoryCenter: synchronize 'EURGBP5'
0	06:43:30.465	HistoryCenter: 2 bars imported in 'EURGBP5'
0	06:43:47.696	HistoryCenter: synchronize 'EURGBP5'
0	06:43:48.429	HistoryCenter: 2 bars imported in 'EURGBP5'
0	06:43:50.085	HistoryCenter: synchronize 'EURGBP5'
0	06:43:50.851	HistoryCenter: 2 bars imported in 'EURGBP5'
0	06:43:51.960	HistoryCenter: synchronize 'EURGBP5'
0	06:43:52.741	HistoryCenter: 2 bars imported in 'EURGBP5'
0	06:43:53.850	HistoryCenter: synchronize 'EURGBP5'
0	06:43:54.585	HistoryCenter: 2 bars imported in 'EURGBP5'
0	06:43:55.146	HistoryCenter: synchronize 'EURGBP5'
0	06:43:55.912	HistoryCenter: 2 bars imported in 'EURGBP5'
0	06:43:57.005	HistoryCenter: synchronize 'EURGBP5'
0	06:43:57.724	HistoryCenter: 2 bars imported in 'EURGBP5'
0	06:43:58.865	HistoryCenter: synchronize 'EURGBP5'
0	06:43:59.662	HistoryCenter: 2 bars imported in 'EURGBP5'
0	06:44:00.771	HistoryCenter: synchronize 'EURGBP5'
0	06:44:01.535	HistoryCenter: 2 bars imported in 'EURGBP5'
0	06:44:02.082	HistoryCenter: synchronize 'EURGBP5'
0	06:44:02.864	HistoryCenter: 2 bars imported in 'EURGBP5'
0	06:44:03.973	HistoryCenter: synchronize 'EURGBP5'
0	06:44:04.723	HistoryCenter: 2 bars imported in 'EURGBP5'
0	06:44:05.831	HistoryCenter: synchronize 'EURGBP5'
0	06:44:06.581	HistoryCenter: 2 bars imported in 'EURGBP5'
0	06:44:07.129	HistoryCenter: synchronize 'EURGBP5'
0	06:44:07.863	HistoryCenter: 2 bars imported in 'EURGBP5'
0	06:44:08.972	HistoryCenter: synchronize 'EURGBP5'
0	06:44:09.721	HistoryCenter: 2 bars imported in 'EURGBP5'
0	06:44:10.830	HistoryCenter: synchronize 'EURGBP5'
0	06:44:11.565	HistoryCenter: 2 bars imported in 'EURGBP5'
0	06:45:32.772	HistoryCenter: synchronize 'EURGBP1'
0	06:45:33.506	HistoryCenter: 2 bars imported in 'EURGBP1'
0	06:45:35.224	HistoryCenter: synchronize 'EURGBP1'
0	06:45:35.989	HistoryCenter: 2 bars imported in 'EURGBP1'
0	06:45:37.098	HistoryCenter: synchronize 'EURGBP1'
0	06:45:37.848	HistoryCenter: 2 bars imported in 'EURGBP1'
2	06:45:37.879	Custom indicator fadedbckgrnd2__1 EURGBP,M1: removed
2	06:45:37.879	Custom indicator FixedChartScale EURGBP,M1: removed
2	06:45:37.879	Custom indicator Guns Catalogador EURGBP,M1: removed
2	06:45:37.895	Custom indicator Price Pro Value Chart Profissional - PT-BR EURGBP,M1: removed
2	06:45:37.895	Custom indicator !!Color Stochastic EURGBP,M1: removed
2	06:45:37.895	Custom indicator 2Trend EURGBP,M1: removed
2	06:45:37.910	Custom indicator fadedbckgrnd2__1 EURGBP,M1: loaded successfully
2	06:45:37.910	Custom indicator FixedChartScale EURGBP,M1: loaded successfully
2	06:45:38.020	Custom indicator Price Pro Value Chart Profissional - PT-BR EURGBP,M1: loaded successfully
0	06:45:38.410	HistoryCenter: synchronize 'EURGBP1'
0	06:45:39.176	HistoryCenter: 2 bars imported in 'EURGBP1'
0	06:45:40.857	HistoryCenter: synchronize 'EURGBP1'
0	06:45:41.595	HistoryCenter: 2 bars imported in 'EURGBP1'
0	06:45:42.704	HistoryCenter: synchronize 'EURGBP1'
0	06:45:43.469	HistoryCenter: 2 bars imported in 'EURGBP1'
0	06:45:44.563	HistoryCenter: synchronize 'EURGBP1'
0	06:45:45.329	HistoryCenter: 2 bars imported in 'EURGBP1'
0	06:45:46.469	HistoryCenter: synchronize 'EURGBP1'
0	06:45:47.234	HistoryCenter: 2 bars imported in 'EURGBP1'
0	06:45:48.320	HistoryCenter: synchronize 'EURGBP1'
0	06:45:49.080	HistoryCenter: 2 bars imported in 'EURGBP1'
0	06:45:49.643	HistoryCenter: synchronize 'EURGBP1'
0	06:45:50.393	HistoryCenter: 2 bars imported in 'EURGBP1'
0	06:45:51.487	HistoryCenter: synchronize 'EURGBP1'
0	06:45:52.252	HistoryCenter: 2 bars imported in 'EURGBP1'
0	06:45:53.346	HistoryCenter: synchronize 'EURGBP1'
0	06:45:54.126	HistoryCenter: 2 bars imported in 'EURGBP1'
0	06:45:54.689	HistoryCenter: synchronize 'EURGBP1'
0	06:45:55.470	HistoryCenter: 2 bars imported in 'EURGBP1'
0	06:47:08.996	HistoryCenter: synchronize 'EURUSD1'
0	06:47:09.745	HistoryCenter: 2 bars imported in 'EURUSD1'
0	06:47:11.401	HistoryCenter: synchronize 'EURUSD1'
0	06:47:12.151	HistoryCenter: 2 bars imported in 'EURUSD1'
0	06:47:13.245	HistoryCenter: synchronize 'EURUSD1'
0	06:47:13.979	HistoryCenter: 2 bars imported in 'EURUSD1'
0	06:47:15.103	HistoryCenter: synchronize 'EURUSD1'
0	06:47:15.853	HistoryCenter: 2 bars imported in 'EURUSD1'
0	06:47:16.416	HistoryCenter: synchronize 'EURUSD1'
0	06:47:17.165	HistoryCenter: 2 bars imported in 'EURUSD1'
0	06:47:18.306	HistoryCenter: synchronize 'EURUSD1'
0	06:47:19.056	HistoryCenter: 2 bars imported in 'EURUSD1'
0	06:47:20.150	HistoryCenter: synchronize 'EURUSD1'
0	06:47:20.915	HistoryCenter: 2 bars imported in 'EURUSD1'
0	06:47:21.461	HistoryCenter: synchronize 'EURUSD1'
0	06:47:22.241	HistoryCenter: 2 bars imported in 'EURUSD1'
0	06:47:47.235	HistoryCenter: synchronize 'EURUSD1'
0	06:47:48.001	HistoryCenter: 2 bars imported in 'EURUSD1'
0	06:47:49.641	HistoryCenter: synchronize 'EURUSD1'
0	06:47:50.407	HistoryCenter: 2 bars imported in 'EURUSD1'
0	06:47:51.532	HistoryCenter: synchronize 'EURUSD1'
0	06:47:52.282	HistoryCenter: 2 bars imported in 'EURUSD1'
0	06:47:53.391	HistoryCenter: synchronize 'EURUSD1'
0	06:47:54.171	HistoryCenter: 2 bars imported in 'EURUSD1'
0	06:47:55.296	HistoryCenter: synchronize 'EURUSD1'
0	06:47:56.092	HistoryCenter: 2 bars imported in 'EURUSD1'
0	06:47:56.655	HistoryCenter: synchronize 'EURUSD1'
0	06:47:57.421	HistoryCenter: 2 bars imported in 'EURUSD1'
0	06:47:58.561	HistoryCenter: synchronize 'EURUSD1'
0	06:47:59.326	HistoryCenter: 2 bars imported in 'EURUSD1'
0	06:48:00.420	HistoryCenter: synchronize 'EURUSD1'
0	06:48:01.154	HistoryCenter: 2 bars imported in 'EURUSD1'
0	06:48:02.295	HistoryCenter: synchronize 'EURUSD1'
0	06:48:03.044	HistoryCenter: 2 bars imported in 'EURUSD1'
0	06:48:19.683	HistoryCenter: synchronize 'EURUSD5'
0	06:48:20.480	HistoryCenter: 2 bars imported in 'EURUSD5'
0	06:48:21.042	HistoryCenter: synchronize 'EURUSD5'
0	06:48:21.776	HistoryCenter: 2 bars imported in 'EURUSD5'
0	06:48:22.901	HistoryCenter: synchronize 'EURUSD5'
0	06:48:24.260	HistoryCenter: 2 bars imported in 'EURUSD5'
0	06:48:24.823	HistoryCenter: synchronize 'EURUSD5'
0	06:48:25.588	HistoryCenter: 2 bars imported in 'EURUSD5'
0	06:48:26.682	HistoryCenter: synchronize 'EURUSD5'
0	06:48:28.009	HistoryCenter: 2 bars imported in 'EURUSD5'
0	06:48:28.556	HistoryCenter: synchronize 'EURUSD5'
0	06:48:29.322	HistoryCenter: 2 bars imported in 'EURUSD5'
0	06:48:29.900	HistoryCenter: synchronize 'EURUSD5'
0	06:48:30.680	HistoryCenter: 2 bars imported in 'EURUSD5'
0	06:48:31.821	HistoryCenter: synchronize 'EURUSD5'
0	06:48:32.586	HistoryCenter: 2 bars imported in 'EURUSD5'
0	06:48:33.711	HistoryCenter: synchronize 'EURUSD5'
0	06:48:34.445	HistoryCenter: 2 bars imported in 'EURUSD5'
2	06:48:52.878	Custom indicator fadedbckgrnd2__1 EURUSD,M5: removed
2	06:48:52.878	Custom indicator FixedChartScale EURUSD,M5: removed
2	06:48:52.894	Custom indicator Price Pro Value Chart Profissional - PT-BR EURUSD,M5: removed
2	06:48:52.894	Custom indicator fadedbckgrnd2__1 EURUSD,M5: loaded successfully
2	06:48:52.909	Custom indicator FixedChartScale EURUSD,M5: loaded successfully
2	06:48:53.003	Custom indicator Price Pro Value Chart Profissional - PT-BR EURUSD,M5: loaded successfully
0	06:48:53.284	HistoryCenter: synchronize 'EURUSD5'
0	06:48:54.034	HistoryCenter: 2 bars imported in 'EURUSD5'
0	06:48:56.784	HistoryCenter: synchronize 'EURUSD5'
0	06:48:57.564	HistoryCenter: 2 bars imported in 'EURUSD5'
0	06:48:58.673	HistoryCenter: synchronize 'EURUSD5'
0	06:48:59.455	HistoryCenter: 2 bars imported in 'EURUSD5'
0	06:49:00.564	HistoryCenter: synchronize 'EURUSD5'
0	06:49:01.345	HistoryCenter: 2 bars imported in 'EURUSD5'
0	06:49:03.553	HistoryCenter: synchronize 'EURUSD5'
0	06:49:04.312	HistoryCenter: 2 bars imported in 'EURUSD5'
0	06:49:05.446	HistoryCenter: synchronize 'EURUSD5'
0	06:49:06.242	HistoryCenter: 2 bars imported in 'EURUSD5'
0	06:49:07.351	HistoryCenter: synchronize 'EURUSD5'
0	06:49:08.101	HistoryCenter: 2 bars imported in 'EURUSD5'
0	06:49:08.664	HistoryCenter: synchronize 'EURUSD5'
0	06:49:09.429	HistoryCenter: 2 bars imported in 'EURUSD5'
0	06:49:35.126	HistoryCenter: synchronize 'EURUSD5'
0	06:49:35.892	HistoryCenter: 2 bars imported in 'EURUSD5'
0	06:49:37.547	HistoryCenter: synchronize 'EURUSD5'
0	06:49:38.312	HistoryCenter: 2 bars imported in 'EURUSD5'
0	06:49:39.437	HistoryCenter: synchronize 'EURUSD5'
0	06:49:40.234	HistoryCenter: 2 bars imported in 'EURUSD5'
0	06:49:41.375	HistoryCenter: synchronize 'EURUSD5'
0	06:49:42.195	HistoryCenter: 2 bars imported in 'EURUSD5'
0	06:49:43.305	HistoryCenter: synchronize 'EURUSD5'
0	06:49:44.064	HistoryCenter: 2 bars imported in 'EURUSD5'
0	06:49:45.180	HistoryCenter: synchronize 'EURUSD5'
0	06:49:45.929	HistoryCenter: 2 bars imported in 'EURUSD5'
0	06:49:46.492	HistoryCenter: synchronize 'EURUSD5'
0	06:49:47.257	HistoryCenter: 2 bars imported in 'EURUSD5'
0	06:49:48.366	HistoryCenter: synchronize 'EURUSD5'
0	06:49:49.100	HistoryCenter: 2 bars imported in 'EURUSD5'
2	06:50:05.924	Custom indicator 2Trend EURUSD,M5: loaded successfully
0	06:50:42.931	HistoryCenter: synchronize 'EURGBP5'
0	06:50:44.275	HistoryCenter: 2 bars imported in 'EURGBP5'
0	06:50:45.384	HistoryCenter: synchronize 'EURGBP5'
0	06:50:46.134	HistoryCenter: 2 bars imported in 'EURGBP5'
2	06:50:47.212	Custom indicator fadedbckgrnd2__1 EURGBP,M5: removed
2	06:50:47.212	Custom indicator FixedChartScale EURGBP,M5: removed
2	06:50:47.227	Custom indicator Price Pro Value Chart Profissional - PT-BR EURGBP,M5: removed
0	06:50:47.243	HistoryCenter: synchronize 'EURGBP5'
2	06:50:47.243	Custom indicator fadedbckgrnd2__1 EURGBP,M5: loaded successfully
2	06:50:47.243	Custom indicator FixedChartScale EURGBP,M5: loaded successfully
2	06:50:47.336	Custom indicator Price Pro Value Chart Profissional - PT-BR EURGBP,M5: loaded successfully
0	06:50:47.977	HistoryCenter: 2 bars imported in 'EURGBP5'
0	06:50:50.180	HistoryCenter: synchronize 'EURGBP5'
0	06:50:50.929	HistoryCenter: 2 bars imported in 'EURGBP5'
0	06:50:52.039	HistoryCenter: synchronize 'EURGBP5'
0	06:50:52.820	HistoryCenter: 2 bars imported in 'EURGBP5'
0	06:50:53.929	HistoryCenter: synchronize 'EURGBP5'
0	06:50:54.741	HistoryCenter: 2 bars imported in 'EURGBP5'
0	06:50:55.835	HistoryCenter: synchronize 'EURGBP5'
0	06:50:56.600	HistoryCenter: 2 bars imported in 'EURGBP5'
0	06:50:57.694	HistoryCenter: synchronize 'EURGBP5'
0	06:50:58.443	HistoryCenter: 2 bars imported in 'EURGBP5'
0	06:50:59.006	HistoryCenter: synchronize 'EURGBP5'
0	06:50:59.755	HistoryCenter: 2 bars imported in 'EURGBP5'
0	06:51:00.881	HistoryCenter: synchronize 'EURGBP5'
0	06:51:01.630	HistoryCenter: 2 bars imported in 'EURGBP5'
0	06:51:02.755	HistoryCenter: synchronize 'EURGBP5'
0	06:51:03.489	HistoryCenter: 2 bars imported in 'EURGBP5'
0	06:51:04.051	HistoryCenter: synchronize 'EURGBP5'
0	06:51:04.801	HistoryCenter: 2 bars imported in 'EURGBP5'
0	06:51:05.911	HistoryCenter: synchronize 'EURGBP5'
0	06:51:06.660	HistoryCenter: 2 bars imported in 'EURGBP5'
0	06:51:07.754	HistoryCenter: synchronize 'EURGBP5'
0	06:51:08.597	HistoryCenter: 2 bars imported in 'EURGBP5'
0	06:53:56.340	HistoryCenter: synchronize 'EURGBP5'
0	06:53:57.105	HistoryCenter: 2 bars imported in 'EURGBP5'
0	06:53:58.761	HistoryCenter: synchronize 'EURGBP5'
0	06:53:59.527	HistoryCenter: 2 bars imported in 'EURGBP5'
0	06:54:00.636	HistoryCenter: synchronize 'EURGBP5'
0	06:54:01.417	HistoryCenter: 2 bars imported in 'EURGBP5'
0	06:54:02.526	HistoryCenter: synchronize 'EURGBP5'
0	06:54:03.276	HistoryCenter: 2 bars imported in 'EURGBP5'
0	06:54:04.385	HistoryCenter: synchronize 'EURGBP5'
0	06:54:05.119	HistoryCenter: 2 bars imported in 'EURGBP5'
0	06:54:05.682	HistoryCenter: synchronize 'EURGBP5'
0	06:54:06.494	HistoryCenter: 2 bars imported in 'EURGBP5'
0	06:54:07.603	HistoryCenter: synchronize 'EURGBP5'
0	06:54:08.337	HistoryCenter: 2 bars imported in 'EURGBP5'
0	06:54:09.430	HistoryCenter: synchronize 'EURGBP5'
0	06:54:10.212	HistoryCenter: 2 bars imported in 'EURGBP5'
0	06:54:10.789	HistoryCenter: synchronize 'EURGBP5'
0	06:54:11.573	HistoryCenter: 2 bars imported in 'EURGBP5'
0	06:54:12.693	HistoryCenter: synchronize 'EURGBP5'
0	06:54:13.464	HistoryCenter: 2 bars imported in 'EURGBP5'
0	06:54:14.574	HistoryCenter: synchronize 'EURGBP5'
0	06:54:15.340	HistoryCenter: 2 bars imported in 'EURGBP5'
0	06:54:16.449	HistoryCenter: synchronize 'EURGBP5'
0	06:54:17.214	HistoryCenter: 2 bars imported in 'EURGBP5'
2	06:55:56.215	Custom indicator fadedbckgrnd2__1 EURUSD,M5: removed
2	06:55:56.215	Custom indicator FixedChartScale EURUSD,M5: removed
2	06:55:56.230	Custom indicator Price Pro Value Chart Profissional - PT-BR EURUSD,M5: removed
2	06:55:56.230	Custom indicator 2Trend EURUSD,M5: removed
2	06:55:56.230	Custom indicator fadedbckgrnd2__1 EURUSD,M5: loaded successfully
2	06:55:56.246	Custom indicator FixedChartScale EURUSD,M5: loaded successfully
2	06:55:56.340	Custom indicator Price Pro Value Chart Profissional - PT-BR EURUSD,M5: loaded successfully
0	06:55:56.668	HistoryCenter: synchronize 'EURUSD5'
0	06:55:57.434	HistoryCenter: 2 bars imported in 'EURUSD5'
0	06:55:59.652	HistoryCenter: synchronize 'EURUSD5'
0	06:56:00.402	HistoryCenter: 2 bars imported in 'EURUSD5'
0	06:56:00.949	HistoryCenter: synchronize 'EURUSD5'
0	06:56:01.714	HistoryCenter: 2 bars imported in 'EURUSD5'
0	06:56:02.808	HistoryCenter: synchronize 'EURUSD5'
0	06:56:03.557	HistoryCenter: 2 bars imported in 'EURUSD5'
0	06:56:04.666	HistoryCenter: synchronize 'EURUSD5'
0	06:56:05.400	HistoryCenter: 2 bars imported in 'EURUSD5'
0	06:56:05.963	HistoryCenter: synchronize 'EURUSD5'
0	06:56:06.743	HistoryCenter: 2 bars imported in 'EURUSD5'
0	06:56:07.868	HistoryCenter: synchronize 'EURUSD5'
0	06:56:08.603	HistoryCenter: 2 bars imported in 'EURUSD5'
0	06:56:09.727	HistoryCenter: synchronize 'EURUSD5'
0	06:56:10.478	HistoryCenter: 2 bars imported in 'EURUSD5'
0	06:56:11.024	HistoryCenter: synchronize 'EURUSD5'
0	06:56:11.805	HistoryCenter: 2 bars imported in 'EURUSD5'
0	06:56:12.915	HistoryCenter: synchronize 'EURUSD5'
0	06:56:13.633	HistoryCenter: 2 bars imported in 'EURUSD5'
0	07:00:05.803	HistoryCenter: synchronize 'EURUSD5'
0	07:00:06.606	HistoryCenter: 2 bars imported in 'EURUSD5'
0	07:00:07.150	HistoryCenter: synchronize 'EURGBP5'
0	07:00:08.508	HistoryCenter: 2 bars imported in 'EURGBP5'
0	07:00:08.508	HistoryCenter: synchronize 'EURUSD5'
0	07:00:09.279	HistoryCenter: 2 bars imported in 'EURUSD5'
0	07:00:09.822	HistoryCenter: synchronize 'EURGBP5'
0	07:00:11.806	HistoryCenter: 2 bars imported in 'EURGBP5'
0	07:00:11.806	HistoryCenter: synchronize 'EURUSD5'
0	07:00:12.544	HistoryCenter: 2 bars imported in 'EURUSD5'
0	07:00:13.100	HistoryCenter: synchronize 'EURGBP5'
0	07:00:13.897	HistoryCenter: 2 bars imported in 'EURGBP5'
0	07:00:13.897	HistoryCenter: synchronize 'EURUSD5'
0	07:00:14.683	HistoryCenter: 2 bars imported in 'EURUSD5'
0	07:00:15.226	HistoryCenter: synchronize 'EURGBP5'
0	07:00:16.025	HistoryCenter: 2 bars imported in 'EURGBP5'
0	07:00:16.025	HistoryCenter: synchronize 'EURUSD5'
0	07:00:16.810	HistoryCenter: 2 bars imported in 'EURUSD5'
0	07:00:17.348	HistoryCenter: synchronize 'EURGBP5'
0	07:00:18.105	HistoryCenter: 2 bars imported in 'EURGBP5'
0	07:00:18.105	HistoryCenter: synchronize 'EURUSD5'
0	07:00:18.924	HistoryCenter: 2 bars imported in 'EURUSD5'
0	07:00:19.468	HistoryCenter: synchronize 'EURGBP5'
0	07:00:20.235	HistoryCenter: 2 bars imported in 'EURGBP5'
0	07:00:20.235	HistoryCenter: synchronize 'EURUSD5'
0	07:00:20.998	HistoryCenter: 2 bars imported in 'EURUSD5'
0	07:00:48.371	HistoryCenter: synchronize 'EURUSD5'
0	07:00:49.122	HistoryCenter: 2 bars imported in 'EURUSD5'
0	07:00:50.768	HistoryCenter: synchronize 'EURUSD5'
0	07:00:51.555	HistoryCenter: 2 bars imported in 'EURUSD5'
0	07:00:52.658	HistoryCenter: synchronize 'EURUSD5'
0	07:00:53.433	HistoryCenter: 2 bars imported in 'EURUSD5'
0	07:00:54.536	HistoryCenter: synchronize 'EURUSD5'
0	07:00:55.302	HistoryCenter: 2 bars imported in 'EURUSD5'
0	07:00:56.394	HistoryCenter: synchronize 'EURUSD5'
0	07:00:57.143	HistoryCenter: 2 bars imported in 'EURUSD5'
0	07:00:57.673	HistoryCenter: synchronize 'EURUSD5'
0	07:00:58.999	HistoryCenter: 2 bars imported in 'EURUSD5'
0	07:00:59.542	HistoryCenter: synchronize 'EURUSD5'
0	07:01:00.334	HistoryCenter: 2 bars imported in 'EURUSD5'
0	07:01:01.427	HistoryCenter: synchronize 'EURUSD5'
0	07:01:02.179	HistoryCenter: 2 bars imported in 'EURUSD5'
0	07:01:02.724	HistoryCenter: synchronize 'EURUSD5'
0	07:01:03.558	HistoryCenter: 2 bars imported in 'EURUSD5'
0	07:01:04.658	HistoryCenter: synchronize 'EURUSD5'
0	07:01:05.414	HistoryCenter: 2 bars imported in 'EURUSD5'
0	07:03:45.858	HistoryCenter: synchronize 'EURUSD1'
0	07:03:46.687	HistoryCenter: 3 bars imported in 'EURUSD1'
0	07:03:48.332	HistoryCenter: synchronize 'EURUSD1'
0	07:03:49.092	HistoryCenter: 2 bars imported in 'EURUSD1'
2	07:03:50.123	Custom indicator fadedbckgrnd2__1 EURUSD,M1: removed
2	07:03:50.124	Custom indicator FixedChartScale EURUSD,M1: removed
2	07:03:50.137	Custom indicator Price Pro Value Chart Profissional - PT-BR EURUSD,M1: removed
2	07:03:50.144	Custom indicator fadedbckgrnd2__1 EURUSD,M1: loaded successfully
2	07:03:50.152	Custom indicator FixedChartScale EURUSD,M1: loaded successfully
0	07:03:50.182	HistoryCenter: synchronize 'EURUSD1'
2	07:03:50.262	Custom indicator Price Pro Value Chart Profissional - PT-BR EURUSD,M1: loaded successfully
0	07:03:50.922	HistoryCenter: 2 bars imported in 'EURUSD1'
2	07:03:52.787	Custom indicator fadedbckgrnd2__1 EURGBP,M5: removed
2	07:03:52.788	Custom indicator FixedChartScale EURGBP,M5: removed
2	07:03:52.802	Custom indicator Price Pro Value Chart Profissional - PT-BR EURGBP,M5: removed
0	07:03:53.142	HistoryCenter: synchronize 'EURUSD1'
0	07:03:53.940	HistoryCenter: 2 bars imported in 'EURUSD1'
0	07:03:54.481	HistoryCenter: synchronize 'EURUSD1'
0	07:03:55.280	HistoryCenter: 2 bars imported in 'EURUSD1'
0	07:03:55.808	HistoryCenter: synchronize 'EURUSD1'
0	07:03:56.590	HistoryCenter: 2 bars imported in 'EURUSD1'
0	07:03:57.693	HistoryCenter: synchronize 'EURUSD1'
0	07:03:58.482	HistoryCenter: 2 bars imported in 'EURUSD1'
0	07:03:59.532	HistoryCenter: synchronize 'EURUSD1'
0	07:04:00.303	HistoryCenter: 2 bars imported in 'EURUSD1'
0	07:04:00.845	HistoryCenter: synchronize 'EURUSD1'
0	07:04:01.612	HistoryCenter: 2 bars imported in 'EURUSD1'
0	07:04:57.083	HistoryCenter: synchronize 'EURUSD1'
0	07:04:57.934	HistoryCenter: 2 bars imported in 'EURUSD1'
0	07:05:00.111	HistoryCenter: synchronize 'EURUSD1'
0	07:05:00.851	HistoryCenter: 2 bars imported in 'EURUSD1'
0	07:05:14.492	HistoryCenter: synchronize 'EURUSD1'
0	07:05:15.289	HistoryCenter: 2 bars imported in 'EURUSD1'
0	07:05:17.462	HistoryCenter: synchronize 'EURUSD1'
0	07:05:18.232	HistoryCenter: 2 bars imported in 'EURUSD1'
0	07:05:18.784	HistoryCenter: synchronize 'EURUSD1'
0	07:05:19.582	HistoryCenter: 2 bars imported in 'EURUSD1'
0	07:06:05.344	HistoryCenter: synchronize 'EURUSD1'
0	07:06:06.103	HistoryCenter: 2 bars imported in 'EURUSD1'
0	07:06:07.722	HistoryCenter: synchronize 'EURUSD1'
0	07:06:09.094	HistoryCenter: 2 bars imported in 'EURUSD1'
0	07:06:09.645	HistoryCenter: synchronize 'EURUSD1'
0	07:06:10.403	HistoryCenter: 2 bars imported in 'EURUSD1'
0	07:06:11.502	HistoryCenter: synchronize 'EURUSD1'
0	07:06:12.887	HistoryCenter: 2 bars imported in 'EURUSD1'
0	07:06:13.423	HistoryCenter: synchronize 'EURUSD1'
0	07:06:14.246	HistoryCenter: 2 bars imported in 'EURUSD1'
0	07:06:15.347	HistoryCenter: synchronize 'EURUSD1'
0	07:06:16.684	HistoryCenter: 2 bars imported in 'EURUSD1'
0	07:06:17.772	HistoryCenter: synchronize 'EURUSD1'
0	07:06:18.536	HistoryCenter: 2 bars imported in 'EURUSD1'
0	07:06:42.082	HistoryCenter: synchronize 'EURUSD1'
0	07:06:42.850	HistoryCenter: 2 bars imported in 'EURUSD1'
0	07:06:44.477	HistoryCenter: synchronize 'EURUSD1'
0	07:06:45.241	HistoryCenter: 2 bars imported in 'EURUSD1'
0	07:06:46.321	HistoryCenter: synchronize 'EURUSD1'
0	07:06:47.114	HistoryCenter: 2 bars imported in 'EURUSD1'
0	07:06:48.198	HistoryCenter: synchronize 'EURUSD1'
0	07:06:49.007	HistoryCenter: 2 bars imported in 'EURUSD1'
0	07:06:50.082	HistoryCenter: synchronize 'EURUSD1'
0	07:06:50.874	HistoryCenter: 2 bars imported in 'EURUSD1'
0	07:06:51.413	HistoryCenter: synchronize 'EURUSD1'
2	07:06:51.744	Custom indicator Guns Catalogador EURUSD,M1: loaded successfully
0	07:06:52.206	HistoryCenter: 2 bars imported in 'EURUSD1'
2	07:07:01.974	Custom indicator !!Color Stochastic EURUSD,M1: loaded successfully
0	07:12:53.641	Sources recompilation started
2	07:13:00.467	Custom indicator TMA slope true Scalper (2) EURUSD,M1: loaded successfully
0	07:19:16.937	HistoryCenter: synchronize 'EURUSD1'
0	07:19:17.724	HistoryCenter: 2 bars imported in 'EURUSD1'
0	07:19:20.492	HistoryCenter: synchronize 'EURUSD1'
0	07:19:21.349	HistoryCenter: 2 bars imported in 'EURUSD1'
2	07:20:37.365	Custom indicator !!Color Stochastic EURUSD,M1: removed
2	07:21:31.456	Custom indicator Guns Catalogador EURUSD,M1: removed
0	07:22:06.609	HistoryCenter: synchronize 'EURUSD1'
0	07:22:07.402	HistoryCenter: 2 bars imported in 'EURUSD1'
0	07:22:09.574	HistoryCenter: synchronize 'EURUSD1'
0	07:22:10.455	HistoryCenter: 2 bars imported in 'EURUSD1'
0	07:22:10.990	HistoryCenter: synchronize 'EURUSD1'
0	07:22:11.780	HistoryCenter: 2 bars imported in 'EURUSD1'
0	07:22:50.770	HistoryCenter: synchronize 'EURUSD5'
0	07:22:51.536	HistoryCenter: 2 bars imported in 'EURUSD5'
0	07:22:52.648	HistoryCenter: synchronize 'EURUSD5'
0	07:22:53.426	HistoryCenter: 2 bars imported in 'EURUSD5'
0	07:22:53.964	HistoryCenter: synchronize 'EURUSD5'
0	07:22:54.746	HistoryCenter: 2 bars imported in 'EURUSD5'
0	07:22:55.290	HistoryCenter: synchronize 'EURUSD5'
0	07:22:56.635	HistoryCenter: 2 bars imported in 'EURUSD5'
0	07:22:57.175	HistoryCenter: synchronize 'EURUSD5'
0	07:22:57.937	HistoryCenter: 2 bars imported in 'EURUSD5'
0	07:23:29.309	HistoryCenter: synchronize 'EURUSD5'
0	07:23:30.082	HistoryCenter: 2 bars imported in 'EURUSD5'
0	07:23:31.732	HistoryCenter: synchronize 'EURUSD5'
0	07:23:32.495	HistoryCenter: 2 bars imported in 'EURUSD5'
0	07:23:33.583	HistoryCenter: synchronize 'EURUSD5'
0	07:23:34.569	HistoryCenter: 2 bars imported in 'EURUSD5'
0	07:23:35.662	HistoryCenter: synchronize 'EURUSD5'
0	07:23:36.419	HistoryCenter: 2 bars imported in 'EURUSD5'
0	07:23:37.521	HistoryCenter: synchronize 'EURUSD5'
0	07:23:38.314	HistoryCenter: 2 bars imported in 'EURUSD5'
0	07:23:39.418	HistoryCenter: synchronize 'EURUSD5'
0	07:23:40.224	HistoryCenter: 2 bars imported in 'EURUSD5'
0	07:23:41.342	HistoryCenter: synchronize 'EURUSD5'
0	07:23:42.112	HistoryCenter: 2 bars imported in 'EURUSD5'
0	07:23:42.659	HistoryCenter: synchronize 'EURUSD5'
0	07:23:43.502	HistoryCenter: 2 bars imported in 'EURUSD5'
0	07:23:44.611	HistoryCenter: synchronize 'EURUSD5'
0	07:23:45.414	HistoryCenter: 2 bars imported in 'EURUSD5'
0	07:23:46.512	HistoryCenter: synchronize 'EURUSD5'
0	07:23:47.293	HistoryCenter: 2 bars imported in 'EURUSD5'
0	07:23:48.373	HistoryCenter: synchronize 'EURUSD5'
0	07:23:49.133	HistoryCenter: 2 bars imported in 'EURUSD5'
2	07:24:03.423	Custom indicator fadedbckgrnd2__1 EURUSD,M5: removed
2	07:24:03.424	Custom indicator FixedChartScale EURUSD,M5: removed
2	07:24:03.437	Custom indicator Price Pro Value Chart Profissional - PT-BR EURUSD,M5: removed
2	07:24:03.439	Custom indicator TMA slope true Scalper (2) EURUSD,M5: removed
2	07:24:03.448	Custom indicator fadedbckgrnd2__1 EURUSD,M5: loaded successfully
2	07:24:03.452	Custom indicator FixedChartScale EURUSD,M5: loaded successfully
2	07:24:03.565	Custom indicator Price Pro Value Chart Profissional - PT-BR EURUSD,M5: loaded successfully
0	07:24:04.436	HistoryCenter: synchronize 'EURUSD5'
0	07:24:05.743	HistoryCenter: 2 bars imported in 'EURUSD5'
0	07:24:09.003	HistoryCenter: synchronize 'EURUSD5'
0	07:24:09.760	HistoryCenter: 2 bars imported in 'EURUSD5'
0	07:24:10.302	HistoryCenter: synchronize 'EURUSD5'
0	07:24:11.091	HistoryCenter: 2 bars imported in 'EURUSD5'
0	07:24:12.194	HistoryCenter: synchronize 'EURUSD5'
0	07:24:13.552	HistoryCenter: 2 bars imported in 'EURUSD5'
0	07:24:14.102	HistoryCenter: synchronize 'EURUSD5'
0	07:24:14.872	HistoryCenter: 2 bars imported in 'EURUSD5'
0	07:24:15.956	HistoryCenter: synchronize 'EURUSD5'
0	07:24:16.692	HistoryCenter: 2 bars imported in 'EURUSD5'
0	07:24:17.223	HistoryCenter: synchronize 'EURUSD5'
0	07:24:18.005	HistoryCenter: 2 bars imported in 'EURUSD5'
0	07:24:19.122	HistoryCenter: synchronize 'EURUSD5'
0	07:24:19.923	HistoryCenter: 2 bars imported in 'EURUSD5'
0	07:24:21.027	HistoryCenter: synchronize 'EURUSD5'
0	07:24:21.856	HistoryCenter: 2 bars imported in 'EURUSD5'
0	07:24:40.769	HistoryCenter: synchronize 'EURUSD5'
0	07:24:42.149	HistoryCenter: 2 bars imported in 'EURUSD5'
0	07:24:43.262	HistoryCenter: synchronize 'EURUSD5'
0	07:24:44.073	HistoryCenter: 2 bars imported in 'EURUSD5'
0	07:24:45.178	HistoryCenter: synchronize 'EURUSD5'
0	07:24:45.932	HistoryCenter: 2 bars imported in 'EURUSD5'
0	07:24:46.990	HistoryCenter: synchronize 'EURUSD5'
0	07:24:47.794	HistoryCenter: 2 bars imported in 'EURUSD5'
0	07:24:48.367	HistoryCenter: synchronize 'EURUSD5'
0	07:24:49.803	HistoryCenter: 2 bars imported in 'EURUSD5'
0	07:24:50.892	HistoryCenter: synchronize 'EURUSD5'
0	07:24:51.705	HistoryCenter: 2 bars imported in 'EURUSD5'
0	07:24:52.811	HistoryCenter: synchronize 'EURUSD5'
0	07:24:53.601	HistoryCenter: 2 bars imported in 'EURUSD5'
0	07:25:06.692	HistoryCenter: synchronize 'EURUSD15'
0	07:25:07.481	HistoryCenter: 2 bars imported in 'EURUSD15'
0	07:25:11.332	HistoryCenter: synchronize 'EURUSD15'
0	07:25:12.093	HistoryCenter: 2 bars imported in 'EURUSD15'
0	07:25:12.622	HistoryCenter: synchronize 'EURUSD15'
0	07:25:13.382	HistoryCenter: 2 bars imported in 'EURUSD15'
0	07:25:13.902	HistoryCenter: synchronize 'EURUSD15'
0	07:25:14.695	HistoryCenter: 2 bars imported in 'EURUSD15'
0	07:25:15.780	HistoryCenter: synchronize 'EURUSD15'
0	07:25:16.613	HistoryCenter: 2 bars imported in 'EURUSD15'
0	07:25:17.692	HistoryCenter: synchronize 'EURUSD15'
0	07:25:18.485	HistoryCenter: 2 bars imported in 'EURUSD15'
0	07:25:19.025	HistoryCenter: synchronize 'EURUSD15'
0	07:25:19.822	HistoryCenter: 2 bars imported in 'EURUSD15'
0	07:25:20.922	HistoryCenter: synchronize 'EURUSD15'
0	07:25:21.725	HistoryCenter: 2 bars imported in 'EURUSD15'
0	07:25:25.605	HistoryCenter: synchronize 'EURUSD5'
0	07:25:26.439	HistoryCenter: 2 bars imported in 'EURUSD5'
0	07:25:28.102	HistoryCenter: synchronize 'EURUSD5'
0	07:25:28.968	HistoryCenter: 2 bars imported in 'EURUSD5'
0	07:25:29.522	HistoryCenter: synchronize 'EURUSD5'
0	07:25:30.342	HistoryCenter: 2 bars imported in 'EURUSD5'
0	07:25:30.872	HistoryCenter: synchronize 'EURUSD5'
0	07:25:31.761	HistoryCenter: 2 bars imported in 'EURUSD5'
0	07:25:32.872	HistoryCenter: synchronize 'EURUSD5'
0	07:25:33.623	HistoryCenter: 2 bars imported in 'EURUSD5'
0	07:25:34.732	HistoryCenter: synchronize 'EURUSD5'
0	07:25:35.518	HistoryCenter: 2 bars imported in 'EURUSD5'
0	07:25:36.637	HistoryCenter: synchronize 'EURUSD5'
0	07:25:37.403	HistoryCenter: 2 bars imported in 'EURUSD5'
0	07:25:37.965	HistoryCenter: synchronize 'EURUSD5'
0	07:25:38.781	HistoryCenter: 2 bars imported in 'EURUSD5'
2	07:25:39.374	Custom indicator fadedbckgrnd2__1 EURGBP,M5: loaded successfully
2	07:25:39.382	Custom indicator FixedChartScale EURGBP,M5: loaded successfully
2	07:25:39.486	Custom indicator Price Pro Value Chart Profissional - PT-BR EURGBP,M5: loaded successfully
0	07:25:39.890	HistoryCenter: synchronize 'EURGBP5'
0	07:25:40.680	HistoryCenter: 2 bars imported in 'EURGBP5'
0	07:25:42.292	HistoryCenter: synchronize 'EURGBP5'
0	07:25:43.090	HistoryCenter: 2 bars imported in 'EURGBP5'
0	07:25:44.189	HistoryCenter: synchronize 'EURGBP5'
0	07:25:44.971	HistoryCenter: 2 bars imported in 'EURGBP5'
0	07:25:46.057	HistoryCenter: synchronize 'EURGBP5'
0	07:25:46.873	HistoryCenter: 2 bars imported in 'EURGBP5'
0	07:25:47.953	HistoryCenter: synchronize 'EURGBP5'
0	07:25:48.791	HistoryCenter: 2 bars imported in 'EURGBP5'
0	07:25:49.882	HistoryCenter: synchronize 'EURGBP5'
0	07:25:50.663	HistoryCenter: 2 bars imported in 'EURGBP5'
0	07:25:51.238	HistoryCenter: synchronize 'EURGBP5'
0	07:25:52.015	HistoryCenter: 2 bars imported in 'EURGBP5'
2	07:26:25.903	Custom indicator fadedbckgrnd2__1 GBPUSD,M5: loaded successfully
2	07:26:25.912	Custom indicator FixedChartScale GBPUSD,M5: loaded successfully
2	07:26:26.026	Custom indicator Price Pro Value Chart Profissional - PT-BR GBPUSD,M5: loaded successfully
0	07:26:26.313	HistoryCenter: synchronize 'GBPUSD5'
0	07:26:27.092	HistoryCenter: 2 bars imported in 'GBPUSD5'
0	07:26:28.766	HistoryCenter: synchronize 'GBPUSD5'
0	07:26:29.532	HistoryCenter: 2 bars imported in 'GBPUSD5'
0	07:26:30.624	HistoryCenter: synchronize 'GBPUSD5'
0	07:26:31.413	HistoryCenter: 2 bars imported in 'GBPUSD5'
0	07:30:26.225	HistoryCenter: synchronize 'EURGBP5'
0	07:30:27.000	HistoryCenter: 2 bars imported in 'EURGBP5'
2	07:31:13.880	Custom indicator fadedbckgrnd2__1 EURGBP,M5: removed
2	07:31:13.881	Custom indicator FixedChartScale EURGBP,M5: removed
2	07:31:13.892	Custom indicator Price Pro Value Chart Profissional - PT-BR EURGBP,M5: removed
2	07:31:13.903	Custom indicator fadedbckgrnd2__1 EURGBP,M5: loaded successfully
2	07:31:13.904	Custom indicator FixedChartScale EURGBP,M5: loaded successfully
2	07:31:14.014	Custom indicator Price Pro Value Chart Profissional - PT-BR EURGBP,M5: loaded successfully
0	07:31:14.293	HistoryCenter: synchronize 'EURGBP5'
0	07:31:15.052	HistoryCenter: 2 bars imported in 'EURGBP5'
0	07:31:16.692	HistoryCenter: synchronize 'EURGBP5'
0	07:31:17.513	HistoryCenter: 2 bars imported in 'EURGBP5'
0	07:31:18.612	HistoryCenter: synchronize 'EURGBP5'
0	07:31:19.413	HistoryCenter: 2 bars imported in 'EURGBP5'
0	07:31:20.502	HistoryCenter: synchronize 'EURGBP5'
0	07:31:21.264	HistoryCenter: 2 bars imported in 'EURGBP5'
0	07:31:22.376	HistoryCenter: synchronize 'EURGBP5'
0	07:31:23.162	HistoryCenter: 2 bars imported in 'EURGBP5'
0	07:31:23.712	HistoryCenter: synchronize 'EURGBP5'
0	07:31:24.534	HistoryCenter: 2 bars imported in 'EURGBP5'
0	07:31:25.616	HistoryCenter: synchronize 'EURGBP5'
0	07:31:26.402	HistoryCenter: 2 bars imported in 'EURGBP5'
0	07:32:33.878	HistoryCenter: synchronize 'EURUSD1'
0	07:32:34.689	HistoryCenter: 2 bars imported in 'EURUSD1'
0	07:32:36.316	HistoryCenter: synchronize 'EURUSD1'
0	07:32:37.130	HistoryCenter: 2 bars imported in 'EURUSD1'
0	07:32:38.202	HistoryCenter: synchronize 'EURUSD1'
0	07:32:38.970	HistoryCenter: 2 bars imported in 'EURUSD1'
2	07:32:39.897	Custom indicator fadedbckgrnd2__1 EURUSD,M1: removed
2	07:32:39.898	Custom indicator FixedChartScale EURUSD,M1: removed
2	07:32:39.911	Custom indicator Price Pro Value Chart Profissional - PT-BR EURUSD,M1: removed
2	07:32:39.921	Custom indicator fadedbckgrnd2__1 EURUSD,M1: loaded successfully
2	07:32:39.930	Custom indicator FixedChartScale EURUSD,M1: loaded successfully
2	07:32:40.055	Custom indicator Price Pro Value Chart Profissional - PT-BR EURUSD,M1: loaded successfully
2	07:32:40.073	Custom indicator TMA slope true Scalper (2) EURUSD,M1: loaded successfully
0	07:32:40.077	HistoryCenter: synchronize 'EURUSD1'
0	07:32:40.842	HistoryCenter: 2 bars imported in 'EURUSD1'
0	07:32:41.927	HistoryCenter: synchronize 'EURUSD1'
0	07:32:42.671	HistoryCenter: 2 bars imported in 'EURUSD1'
0	07:33:17.425	HistoryCenter: synchronize 'EURUSD1'
0	07:33:18.202	HistoryCenter: 2 bars imported in 'EURUSD1'
0	07:33:20.905	HistoryCenter: synchronize 'EURUSD1'
0	07:33:21.664	HistoryCenter: 2 bars imported in 'EURUSD1'
0	07:34:43.965	HistoryCenter: synchronize 'GBPUSD1'
0	07:34:44.732	HistoryCenter: 2 bars imported in 'GBPUSD1'
0	07:34:46.392	HistoryCenter: synchronize 'GBPUSD1'
0	07:34:47.134	HistoryCenter: 2 bars imported in 'GBPUSD1'
2	07:34:47.924	Custom indicator fadedbckgrnd2__1 GBPUSD,M1: removed
2	07:34:47.924	Custom indicator FixedChartScale GBPUSD,M1: removed
2	07:34:47.943	Custom indicator Price Pro Value Chart Profissional - PT-BR GBPUSD,M1: removed
2	07:34:47.952	Custom indicator fadedbckgrnd2__1 GBPUSD,M1: loaded successfully
2	07:34:47.960	Custom indicator FixedChartScale GBPUSD,M1: loaded successfully
2	07:34:48.065	Custom indicator Price Pro Value Chart Profissional - PT-BR GBPUSD,M1: loaded successfully
2	07:34:48.077	Custom indicator TMA slope true Scalper (2) GBPUSD,M1: loaded successfully
0	07:34:48.222	HistoryCenter: synchronize 'GBPUSD1'
0	07:34:49.013	HistoryCenter: 2 bars imported in 'GBPUSD1'
0	07:34:50.068	HistoryCenter: synchronize 'GBPUSD1'
0	07:34:50.869	HistoryCenter: 2 bars imported in 'GBPUSD1'
0	07:34:51.422	HistoryCenter: synchronize 'GBPUSD1'
0	07:34:52.219	HistoryCenter: 2 bars imported in 'GBPUSD1'
0	07:34:52.752	HistoryCenter: synchronize 'GBPUSD1'
0	07:34:53.542	HistoryCenter: 2 bars imported in 'GBPUSD1'
0	07:34:54.632	HistoryCenter: synchronize 'GBPUSD1'
0	07:34:55.414	HistoryCenter: 2 bars imported in 'GBPUSD1'
0	07:34:56.515	HistoryCenter: synchronize 'GBPUSD1'
0	07:34:57.312	HistoryCenter: 2 bars imported in 'GBPUSD1'
0	07:34:58.402	HistoryCenter: synchronize 'GBPUSD1'
0	07:34:59.186	HistoryCenter: 2 bars imported in 'GBPUSD1'
0	07:34:59.752	HistoryCenter: synchronize 'GBPUSD1'
0	07:35:00.544	HistoryCenter: 2 bars imported in 'GBPUSD1'
0	07:35:01.657	HistoryCenter: synchronize 'GBPUSD1'
0	07:35:02.481	HistoryCenter: 2 bars imported in 'GBPUSD1'
0	07:35:03.552	HistoryCenter: synchronize 'GBPUSD1'
0	07:35:04.349	HistoryCenter: 2 bars imported in 'GBPUSD1'
0	07:35:05.422	HistoryCenter: synchronize 'GBPUSD1'
0	07:35:06.210	HistoryCenter: 2 bars imported in 'GBPUSD1'
2	07:35:24.079	Custom indicator fadedbckgrnd2__1 EURGBP,M5: removed
2	07:35:24.080	Custom indicator FixedChartScale EURGBP,M5: removed
2	07:35:24.095	Custom indicator Price Pro Value Chart Profissional - PT-BR EURGBP,M5: removed
2	07:35:24.104	Custom indicator fadedbckgrnd2__1 EURGBP,M5: loaded successfully
2	07:35:24.113	Custom indicator FixedChartScale EURGBP,M5: loaded successfully
2	07:35:24.217	Custom indicator Price Pro Value Chart Profissional - PT-BR EURGBP,M5: loaded successfully
2	07:35:24.230	Custom indicator TMA slope true Scalper (2) EURGBP,M5: loaded successfully
0	07:35:25.293	HistoryCenter: synchronize 'EURGBP5'
0	07:35:26.064	HistoryCenter: 2 bars imported in 'EURGBP5'
0	07:35:27.753	HistoryCenter: synchronize 'EURGBP5'
0	07:35:28.562	HistoryCenter: 2 bars imported in 'EURGBP5'
0	07:35:29.653	HistoryCenter: synchronize 'EURGBP5'
0	07:35:30.406	HistoryCenter: 2 bars imported in 'EURGBP5'
0	07:35:31.500	HistoryCenter: synchronize 'EURGBP1'
0	07:35:32.879	HistoryCenter: 2 bars imported in 'EURGBP1'
0	07:35:33.992	HistoryCenter: synchronize 'EURGBP1'
0	07:35:34.823	HistoryCenter: 2 bars imported in 'EURGBP1'
0	07:35:35.368	HistoryCenter: synchronize 'EURGBP1'
0	07:35:36.132	HistoryCenter: 2 bars imported in 'EURGBP1'
0	07:35:37.224	HistoryCenter: synchronize 'EURGBP1'
0	07:35:38.009	HistoryCenter: 2 bars imported in 'EURGBP1'
0	07:35:39.092	HistoryCenter: synchronize 'EURGBP1'
0	07:35:39.894	HistoryCenter: 2 bars imported in 'EURGBP1'
0	07:35:40.983	HistoryCenter: synchronize 'EURGBP1'
0	07:35:41.795	HistoryCenter: 2 bars imported in 'EURGBP1'
0	07:35:42.352	HistoryCenter: synchronize 'EURGBP1'
0	07:35:43.150	HistoryCenter: 2 bars imported in 'EURGBP1'
0	07:35:44.242	HistoryCenter: synchronize 'EURGBP1'
0	07:35:45.093	HistoryCenter: 2 bars imported in 'EURGBP1'
0	07:35:46.173	HistoryCenter: synchronize 'EURGBP1'
0	07:35:46.953	HistoryCenter: 2 bars imported in 'EURGBP1'
0	07:35:48.022	HistoryCenter: synchronize 'EURGBP1'
0	07:35:48.824	HistoryCenter: 2 bars imported in 'EURGBP1'
0	07:35:49.382	HistoryCenter: synchronize 'EURGBP1'
0	07:35:50.213	HistoryCenter: 2 bars imported in 'EURGBP1'
0	07:36:16.372	HistoryCenter: synchronize 'EURGBP1'
0	07:36:17.189	HistoryCenter: 2 bars imported in 'EURGBP1'
0	07:36:19.352	HistoryCenter: synchronize 'EURGBP1'
0	07:36:20.142	HistoryCenter: 2 bars imported in 'EURGBP1'
0	07:36:20.694	HistoryCenter: synchronize 'EURGBP1'
0	07:36:22.446	HistoryCenter: 2 bars imported in 'EURGBP1'
0	07:36:23.552	HistoryCenter: synchronize 'EURGBP1'
0	07:36:24.901	HistoryCenter: 2 bars imported in 'EURGBP1'
0	07:36:25.432	HistoryCenter: synchronize 'EURGBP1'
0	07:36:26.188	HistoryCenter: 2 bars imported in 'EURGBP1'
0	07:36:26.733	HistoryCenter: synchronize 'EURGBP1'
0	07:36:27.542	HistoryCenter: 2 bars imported in 'EURGBP1'
0	07:36:28.638	HistoryCenter: synchronize 'EURGBP1'
0	07:36:29.413	HistoryCenter: 2 bars imported in 'EURGBP1'
0	07:36:30.499	HistoryCenter: synchronize 'EURGBP1'
0	07:36:31.409	HistoryCenter: 2 bars imported in 'EURGBP1'
0	07:36:32.488	HistoryCenter: synchronize 'EURGBP1'
0	07:36:33.260	HistoryCenter: 2 bars imported in 'EURGBP1'
0	07:36:33.792	HistoryCenter: synchronize 'EURGBP1'
0	07:36:34.569	HistoryCenter: 2 bars imported in 'EURGBP1'
0	07:36:35.653	HistoryCenter: synchronize 'EURGBP1'
0	07:36:36.474	HistoryCenter: 2 bars imported in 'EURGBP1'
0	07:36:37.587	HistoryCenter: synchronize 'EURGBP1'
0	07:36:38.367	HistoryCenter: 2 bars imported in 'EURGBP1'
0	07:36:39.467	HistoryCenter: synchronize 'EURGBP1'
0	07:36:40.218	HistoryCenter: 2 bars imported in 'EURGBP1'
2	07:36:58.721	Custom indicator fadedbckgrnd2__1 EURGBP,M1: removed
2	07:36:58.723	Custom indicator FixedChartScale EURGBP,M1: removed
2	07:36:58.734	Custom indicator Price Pro Value Chart Profissional - PT-BR EURGBP,M1: removed
2	07:36:58.734	Custom indicator TMA slope true Scalper (2) EURGBP,M1: removed
2	07:36:58.887	Custom indicator fadedbckgrnd2__1 GBPUSD,M1: removed
2	07:36:58.888	Custom indicator FixedChartScale GBPUSD,M1: removed
2	07:36:58.901	Custom indicator Price Pro Value Chart Profissional - PT-BR GBPUSD,M1: removed
2	07:36:58.903	Custom indicator TMA slope true Scalper (2) GBPUSD,M1: removed
2	07:37:02.742	Custom indicator fadedbckgrnd2__1 EURUSD,M1: removed
2	07:37:02.742	Custom indicator FixedChartScale EURUSD,M1: removed
2	07:37:02.760	Custom indicator Price Pro Value Chart Profissional - PT-BR EURUSD,M1: removed
2	07:37:02.761	Custom indicator TMA slope true Scalper (2) EURUSD,M1: removed
2	07:37:02.772	Custom indicator iclock_mod1 EURUSD,M1: loaded successfully
2	07:37:31.709	Custom indicator DiamanteIA Pro  TELEGRAM@INDICADORESGRATIS EURUSD,M1: loaded successfully
2	07:37:46.868	Custom indicator Timer_Darilka EURUSD,M1: loaded successfully
2	07:37:48.422	Custom indicator Timer_Darilka EURUSD,M1: removed
2	07:37:49.315	Custom indicator TMA slope true Scalper (2) EURUSD,M1: loaded successfully
2	07:42:07.657	Custom indicator iclock_mod1 EURUSD,M1: removed
2	07:42:07.664	Custom indicator DiamanteIA Pro  TELEGRAM@INDICADORESGRATIS EURUSD,M1: removed
2	07:42:07.665	Custom indicator TMA slope true Scalper (2) EURUSD,M1: removed
2	07:42:07.672	Custom indicator iclock_mod1 EURUSD,M1: loaded successfully
2	07:42:17.633	Custom indicator rafa super2 EURUSD,M1: loaded successfully
2	07:43:00.906	Custom indicator Price Pro Combiner Premium EURUSD,M1: loaded successfully
2	07:49:21.739	Custom indicator TMA slope true Scalper (2) EURUSD,M1: loaded successfully
2	07:54:37.327	Custom indicator rafa super2 EURUSD,M1: removed
2	07:54:37.336	Custom indicator rafa super2 EURUSD,M1: loaded successfully
2	07:54:43.408	Custom indicator iclock_mod1 EURUSD,M1: removed
2	07:54:43.412	Custom indicator rafa super2 EURUSD,M1: removed
2	07:54:43.413	Custom indicator Price Pro Combiner Premium EURUSD,M1: removed
2	07:54:43.414	Custom indicator TMA slope true Scalper (2) EURUSD,M1: removed
2	07:54:43.424	Custom indicator iclock_mod1 EURUSD,M1: loaded successfully
2	07:54:50.290	Custom indicator rafa super2 EURUSD,M1: loaded successfully
2	07:55:20.213	Custom indicator TMA slope true Scalper (2) EURUSD,M1: loaded successfully
2	07:58:48.246	Custom indicator iclock_mod1 EURUSD,M1: removed
2	07:58:48.247	Custom indicator rafa super2 EURUSD,M1: removed
2	07:58:48.248	Custom indicator TMA slope true Scalper (2) EURUSD,M1: removed
2	07:58:48.263	Custom indicator iclock_mod1 EURUSD,M1: loaded successfully
2	07:58:51.049	Custom indicator !!Color Stochastic EURUSD,M1: loaded successfully
2	07:59:07.258	Custom indicator !!Color Stochastic EURUSD,M1: removed
2	07:59:10.720	Custom indicator !!Color Stochastic EURUSD,M1: loaded successfully
2	07:59:18.249	Custom indicator rafa super2 EURUSD,M1: loaded successfully
2	08:02:57.204	Custom indicator DiamanteIA Pro  TELEGRAM@INDICADORESGRATIS EURUSD,M1: loaded successfully
2	08:03:54.188	Custom indicator rafa super2 EURUSD,M1: removed
2	08:03:54.196	Custom indicator rafa super2 EURUSD,M1: loaded successfully
2	08:04:15.415	Custom indicator DiamanteIA Pro  TELEGRAM@INDICADORESGRATIS EURUSD,M1: removed
2	08:04:16.995	Custom indicator rafa super2 EURUSD,M1: removed
2	08:04:24.933	Custom indicator rafa super2 EURUSD,M1: loaded successfully
2	08:04:35.759	Custom indicator Price Pro Combiner Premium EURUSD,M1: loaded successfully
2	08:08:44.981	Custom indicator iclock_mod1 GBPUSD,M1: loaded successfully
2	08:08:44.990	Custom indicator rafa super2 GBPUSD,M1: loaded successfully
2	08:08:45.006	Custom indicator Price Pro Combiner Premium GBPUSD,M1: loaded successfully
2	08:08:45.015	Custom indicator !!Color Stochastic GBPUSD,M1: loaded successfully
2	08:15:51.791	Custom indicator rafa super2 EURUSD,M1: removed
2	08:15:51.791	Custom indicator rafa super2 EURUSD,M1: loaded successfully
2	08:15:51.994	Custom indicator rafa super2 GBPUSD,M1: removed
2	08:15:52.010	Custom indicator rafa super2 GBPUSD,M1: loaded successfully
2	08:16:00.364	Custom indicator rafa super2 GBPUSD,M1: removed
2	08:19:15.682	Custom indicator iclock_mod1 EURUSD,M1: removed
2	08:19:15.682	Custom indicator rafa super2 EURUSD,M1: removed
2	08:19:15.682	Custom indicator Price Pro Combiner Premium EURUSD,M1: removed
2	08:19:15.682	Custom indicator !!Color Stochastic EURUSD,M1: removed
2	08:19:15.698	Custom indicator iclock_mod1 EURUSD,M1: loaded successfully
2	08:19:15.714	Custom indicator Price Pro Combiner Premium EURUSD,M1: loaded successfully
2	08:19:15.714	Custom indicator !!Color Stochastic EURUSD,M1: loaded successfully
2	08:20:06.020	Custom indicator iclock_mod1 EURUSD,M1: removed
2	08:20:06.020	Custom indicator Price Pro Combiner Premium EURUSD,M1: removed
2	08:20:06.020	Custom indicator !!Color Stochastic EURUSD,M1: removed
2	08:20:06.036	Custom indicator fadedbckgrnd2__1 EURUSD,M1: loaded successfully
2	08:20:06.036	Custom indicator FixedChartScale EURUSD,M1: loaded successfully
2	08:20:06.130	Custom indicator Price Pro Value Chart Profissional - PT-BR EURUSD,M1: loaded successfully
2	08:20:06.145	Custom indicator TMA slope true Scalper (2) EURUSD,M1: loaded successfully
0	08:20:07.621	HistoryCenter: synchronize 'EURUSD1'
0	08:20:08.374	HistoryCenter: 2 bars imported in 'EURUSD1'
2	08:20:12.364	Custom indicator TMA slope true Scalper (2) EURUSD,M1: removed
0	08:20:59.378	HistoryCenter: synchronize 'EURUSD1'
0	08:21:00.143	HistoryCenter: 2 bars imported in 'EURUSD1'
0	08:21:01.805	HistoryCenter: synchronize 'EURUSD1'
0	08:21:02.579	HistoryCenter: 2 bars imported in 'EURUSD1'
2	08:21:55.511	Custom indicator iclock_mod1 GBPUSD,M1: removed
2	08:21:55.511	Custom indicator Price Pro Combiner Premium GBPUSD,M1: removed
2	08:21:55.511	Custom indicator !!Color Stochastic GBPUSD,M1: removed
2	08:21:55.526	Custom indicator fadedbckgrnd2__1 GBPUSD,M1: loaded successfully
2	08:21:55.526	Custom indicator FixedChartScale GBPUSD,M1: loaded successfully
2	08:21:55.620	Custom indicator Price Pro Value Chart Profissional - PT-BR GBPUSD,M1: loaded successfully
2	08:21:55.636	Custom indicator TMA slope true Scalper (2) GBPUSD,M1: loaded successfully
0	08:21:57.026	HistoryCenter: synchronize 'GBPUSD1'
0	08:21:57.805	HistoryCenter: 2 bars imported in 'GBPUSD1'
0	08:21:58.931	HistoryCenter: synchronize 'GBPUSD1'
0	08:22:00.258	HistoryCenter: 2 bars imported in 'GBPUSD1'
0	08:22:01.359	HistoryCenter: synchronize 'GBPUSD1'
0	08:22:02.093	HistoryCenter: 2 bars imported in 'GBPUSD1'
2	08:22:10.361	Custom indicator fadedbckgrnd2__1 GBPUSD,M1: removed
2	08:22:10.361	Custom indicator FixedChartScale GBPUSD,M1: removed
2	08:22:10.376	Custom indicator Price Pro Value Chart Profissional - PT-BR GBPUSD,M1: removed
2	08:22:10.376	Custom indicator TMA slope true Scalper (2) GBPUSD,M1: removed
2	08:22:10.392	Custom indicator fadedbckgrnd2__1 GBPUSD,M1: loaded successfully
2	08:22:10.392	Custom indicator FixedChartScale GBPUSD,M1: loaded successfully
2	08:22:10.501	Custom indicator Price Pro Value Chart Profissional - PT-BR GBPUSD,M1: loaded successfully
0	08:22:10.924	HistoryCenter: synchronize 'GBPUSD1'
0	08:22:11.664	HistoryCenter: 2 bars imported in 'GBPUSD1'
0	08:22:13.308	HistoryCenter: synchronize 'GBPUSD1'
0	08:22:14.106	HistoryCenter: 2 bars imported in 'GBPUSD1'
0	08:22:15.199	HistoryCenter: synchronize 'GBPUSD1'
2	08:22:15.585	Custom indicator fadedbckgrnd2__1 GBPUSD,M1: removed
2	08:22:15.585	Custom indicator FixedChartScale GBPUSD,M1: removed
2	08:22:15.601	Custom indicator Price Pro Value Chart Profissional - PT-BR GBPUSD,M1: removed
2	08:22:15.617	Custom indicator fadedbckgrnd2__1 GBPUSD,M1: loaded successfully
2	08:22:15.617	Custom indicator FixedChartScale GBPUSD,M1: loaded successfully
2	08:22:15.726	Custom indicator Price Pro Value Chart Profissional - PT-BR GBPUSD,M1: loaded successfully
0	08:22:15.945	HistoryCenter: 2 bars imported in 'GBPUSD1'
0	08:22:17.038	HistoryCenter: synchronize 'GBPUSD1'
0	08:22:18.096	HistoryCenter: 2 bars imported in 'GBPUSD1'
0	08:22:18.646	HistoryCenter: synchronize 'GBPUSD1'
0	08:22:19.422	HistoryCenter: 2 bars imported in 'GBPUSD1'
0	08:22:19.984	HistoryCenter: synchronize 'GBPUSD1'
0	08:22:20.748	HistoryCenter: 2 bars imported in 'GBPUSD1'
0	08:22:21.297	HistoryCenter: synchronize 'GBPUSD1'
0	08:22:22.046	HistoryCenter: 2 bars imported in 'GBPUSD1'
0	08:22:23.208	HistoryCenter: synchronize 'GBPUSD1'
0	08:22:23.943	HistoryCenter: 2 bars imported in 'GBPUSD1'
0	08:22:25.031	HistoryCenter: synchronize 'GBPUSD1'
0	08:22:25.786	HistoryCenter: 2 bars imported in 'GBPUSD1'
0	08:22:26.359	HistoryCenter: synchronize 'GBPUSD1'
0	08:22:27.109	HistoryCenter: 2 bars imported in 'GBPUSD1'
0	08:22:28.219	HistoryCenter: synchronize 'GBPUSD1'
0	08:22:28.999	HistoryCenter: 2 bars imported in 'GBPUSD1'
0	08:22:30.093	HistoryCenter: synchronize 'GBPUSD1'
0	08:22:30.839	HistoryCenter: 2 bars imported in 'GBPUSD1'
2	08:25:02.140	Custom indicator !!Color Stochastic GBPUSD,M1: loaded successfully
2	08:25:19.377	Custom indicator fadedbckgrnd2__1 EURUSD,M1: removed
2	08:25:19.377	Custom indicator FixedChartScale EURUSD,M1: removed
2	08:25:19.393	Custom indicator Price Pro Value Chart Profissional - PT-BR EURUSD,M1: removed
2	08:25:19.393	Custom indicator fadedbckgrnd2__1 EURUSD,M1: loaded successfully
2	08:25:19.408	Custom indicator FixedChartScale EURUSD,M1: loaded successfully
2	08:25:19.502	Custom indicator Price Pro Value Chart Profissional - PT-BR EURUSD,M1: loaded successfully
2	08:25:19.502	Custom indicator !!Color Stochastic EURUSD,M1: loaded successfully
0	08:25:20.770	HistoryCenter: synchronize 'EURUSD1'
0	08:25:21.540	HistoryCenter: 2 bars imported in 'EURUSD1'
0	08:25:22.638	HistoryCenter: synchronize 'EURUSD1'
0	08:25:23.403	HistoryCenter: 2 bars imported in 'EURUSD1'
0	08:25:23.950	HistoryCenter: synchronize 'EURUSD1'
0	08:25:24.742	HistoryCenter: 2 bars imported in 'EURUSD1'
0	08:44:10.264	'15069840': login on Alpari-Demo through Demo.Europe.9:1119 (ping: 260.56 ms)
0	08:44:12.276	'15069840': login datacenter on Alpari-Demo through Demo.Europe.9:1119 (ping: 260.56 ms)
0	08:44:12.946	'15069840': previous successful authorization performed from 177.13.217.91
0	08:45:07.136	'15069840': auto connecting to a better access point Demo.Europe.2:444 (ping is 251.79 ms)
0	08:45:07.991	'15069840': login on Alpari-Demo through Demo.Europe.2:444 (ping: 251.79 ms)
0	08:45:09.789	'15069840': login datacenter on Alpari-Demo through Demo.Europe.2:444 (ping: 251.79 ms)
0	08:45:10.407	'15069840': previous successful authorization performed from 177.13.217.91
0	09:00:04.886	HistoryCenter: synchronize 'EURUSD1'
0	09:00:05.690	HistoryCenter: 2 bars imported in 'EURUSD1'
0	09:00:05.690	HistoryCenter: synchronize 'GBPUSD1'
0	09:00:06.443	HistoryCenter: 2 bars imported in 'GBPUSD1'
0	09:00:06.443	HistoryCenter: synchronize 'EURUSD1'
0	09:00:07.225	HistoryCenter: 2 bars imported in 'EURUSD1'
0	09:00:07.765	HistoryCenter: synchronize 'GBPUSD1'
0	09:00:08.530	HistoryCenter: 2 bars imported in 'GBPUSD1'
0	09:00:09.655	HistoryCenter: synchronize 'GBPUSD1'
0	09:00:10.389	HistoryCenter: 2 bars imported in 'GBPUSD1'
0	09:00:11.469	HistoryCenter: synchronize 'GBPUSD1'
0	09:00:12.231	HistoryCenter: 2 bars imported in 'GBPUSD1'
0	09:00:12.799	HistoryCenter: synchronize 'GBPUSD1'
0	09:00:13.568	HistoryCenter: 2 bars imported in 'GBPUSD1'
0	09:00:14.656	HistoryCenter: synchronize 'GBPUSD1'
0	09:00:15.418	HistoryCenter: 2 bars imported in 'GBPUSD1'
0	09:00:16.512	HistoryCenter: synchronize 'GBPUSD1'
0	09:00:17.805	HistoryCenter: 2 bars imported in 'GBPUSD1'
0	09:00:18.351	HistoryCenter: synchronize 'GBPUSD1'
0	09:00:19.070	HistoryCenter: 2 bars imported in 'GBPUSD1'
0	09:00:19.612	HistoryCenter: synchronize 'GBPUSD1'
0	09:00:20.348	HistoryCenter: 2 bars imported in 'GBPUSD1'
0	09:00:21.477	HistoryCenter: synchronize 'GBPUSD1'
0	09:00:22.219	HistoryCenter: 2 bars imported in 'GBPUSD1'
0	10:00:02.167	HistoryCenter: synchronize 'GBPUSD1'
0	10:00:02.965	HistoryCenter: 2 bars imported in 'GBPUSD1'
0	10:00:04.599	HistoryCenter: synchronize 'GBPUSD1'
0	10:00:05.335	HistoryCenter: 2 bars imported in 'GBPUSD1'
0	10:00:05.335	HistoryCenter: synchronize 'EURUSD1'
0	10:00:06.637	HistoryCenter: 2 bars imported in 'EURUSD1'
0	10:00:06.637	HistoryCenter: synchronize 'GBPUSD1'
0	10:00:07.387	HistoryCenter: 2 bars imported in 'GBPUSD1'
0	10:00:07.950	HistoryCenter: synchronize 'GBPUSD1'
0	10:00:08.710	HistoryCenter: 2 bars imported in 'GBPUSD1'
0	10:00:09.820	HistoryCenter: synchronize 'GBPUSD1'
0	10:00:10.549	HistoryCenter: 2 bars imported in 'GBPUSD1'
0	10:00:11.111	HistoryCenter: synchronize 'GBPUSD1'
0	10:00:11.855	HistoryCenter: 2 bars imported in 'GBPUSD1'
0	10:00:12.949	HistoryCenter: synchronize 'GBPUSD1'
0	10:00:14.216	HistoryCenter: 2 bars imported in 'GBPUSD1'
0	10:00:14.778	HistoryCenter: synchronize 'GBPUSD1'
0	10:00:15.539	HistoryCenter: 2 bars imported in 'GBPUSD1'
0	11:00:03.579	HistoryCenter: synchronize 'EURUSD1'
0	11:00:04.375	HistoryCenter: 2 bars imported in 'EURUSD1'
0	11:00:04.375	HistoryCenter: synchronize 'GBPUSD1'
0	11:00:05.109	HistoryCenter: 2 bars imported in 'GBPUSD1'
0	11:00:05.672	HistoryCenter: synchronize 'GBPUSD1'
0	11:00:06.406	HistoryCenter: 2 bars imported in 'GBPUSD1'
0	11:00:06.406	HistoryCenter: synchronize 'EURUSD1'
0	11:00:08.042	HistoryCenter: 2 bars imported in 'EURUSD1'
0	11:00:08.042	HistoryCenter: synchronize 'GBPUSD1'
0	11:00:08.783	HistoryCenter: 2 bars imported in 'GBPUSD1'
0	11:00:08.783	HistoryCenter: synchronize 'EURUSD1'
0	11:00:09.505	HistoryCenter: 2 bars imported in 'EURUSD1'
0	11:00:09.505	HistoryCenter: synchronize 'GBPUSD1'
0	11:00:10.250	HistoryCenter: 2 bars imported in 'GBPUSD1'
0	11:00:10.813	HistoryCenter: synchronize 'GBPUSD1'
0	11:00:11.540	HistoryCenter: 2 bars imported in 'GBPUSD1'
0	11:00:11.540	HistoryCenter: synchronize 'EURUSD1'
0	11:00:12.297	HistoryCenter: 2 bars imported in 'EURUSD1'
0	11:00:12.860	HistoryCenter: synchronize 'GBPUSD1'
0	11:00:13.628	HistoryCenter: 2 bars imported in 'GBPUSD1'
0	11:00:13.628	HistoryCenter: synchronize 'EURUSD1'
0	11:00:14.385	HistoryCenter: 2 bars imported in 'EURUSD1'
0	11:00:14.385	HistoryCenter: synchronize 'GBPUSD1'
0	11:00:15.151	HistoryCenter: 2 bars imported in 'GBPUSD1'
0	11:00:15.151	HistoryCenter: synchronize 'EURUSD1'
0	11:00:15.892	HistoryCenter: 2 bars imported in 'EURUSD1'
0	11:00:15.892	HistoryCenter: synchronize 'GBPUSD1'
0	11:00:16.645	HistoryCenter: 2 bars imported in 'GBPUSD1'
0	11:00:16.645	HistoryCenter: synchronize 'EURUSD1'
0	11:00:17.375	HistoryCenter: 2 bars imported in 'EURUSD1'
1	11:27:36.886	'15069840': ping failed
1	11:27:36.948	'15069840': datacenter connecting failed [6]
0	11:27:37.744	'15069840': login on Alpari-Demo through Demo.Europe.9:1119 (ping: 262.48 ms)
0	11:27:39.620	'15069840': login datacenter on Alpari-Demo through Demo.Europe.9:1119 (ping: 262.48 ms)
0	11:27:40.225	'15069840': previous successful authorization performed from 177.13.217.91
0	11:28:23.958	'15069840': auto connecting to a better access point Demo.Europe.2:444 (ping is 247.59 ms)
0	11:28:24.768	'15069840': login on Alpari-Demo through Demo.Europe.2:444 (ping: 247.59 ms)
0	11:28:26.608	'15069840': login datacenter on Alpari-Demo through Demo.Europe.2:444 (ping: 247.59 ms)
0	11:28:27.223	'15069840': previous successful authorization performed from 177.13.217.91
0	12:00:03.806	HistoryCenter: synchronize 'GBPUSD1'
0	12:00:05.279	HistoryCenter: 2 bars imported in 'GBPUSD1'
0	12:00:06.392	HistoryCenter: synchronize 'GBPUSD1'
0	12:00:07.143	HistoryCenter: 2 bars imported in 'GBPUSD1'
0	12:00:07.143	HistoryCenter: synchronize 'EURUSD1'
0	12:00:07.955	HistoryCenter: 2 bars imported in 'EURUSD1'
0	12:00:08.500	HistoryCenter: synchronize 'GBPUSD1'
0	12:00:09.234	HistoryCenter: 2 bars imported in 'GBPUSD1'
0	12:00:09.234	HistoryCenter: synchronize 'EURUSD1'
0	12:00:09.984	HistoryCenter: 2 bars imported in 'EURUSD1'
0	12:00:09.984	HistoryCenter: synchronize 'GBPUSD1'
0	12:00:10.749	HistoryCenter: 2 bars imported in 'GBPUSD1'
0	12:00:10.749	HistoryCenter: synchronize 'EURUSD1'
0	12:00:11.503	HistoryCenter: 2 bars imported in 'EURUSD1'
0	12:00:11.503	HistoryCenter: synchronize 'GBPUSD1'
0	12:00:12.250	HistoryCenter: 2 bars imported in 'GBPUSD1'
0	12:00:12.250	HistoryCenter: synchronize 'EURUSD1'
0	12:00:13.031	HistoryCenter: 2 bars imported in 'EURUSD1'
0	12:00:13.031	HistoryCenter: synchronize 'GBPUSD1'
0	12:00:14.317	HistoryCenter: 2 bars imported in 'GBPUSD1'
0	12:00:14.317	HistoryCenter: synchronize 'EURUSD1'
0	12:00:15.469	HistoryCenter: 2 bars imported in 'EURUSD1'
0	12:00:16.575	HistoryCenter: synchronize 'EURUSD1'
0	12:00:17.344	HistoryCenter: 2 bars imported in 'EURUSD1'
0	12:00:18.440	HistoryCenter: synchronize 'EURUSD1'
0	12:00:19.190	HistoryCenter: 2 bars imported in 'EURUSD1'
0	13:00:09.261	HistoryCenter: synchronize 'EURUSD1'
1	13:00:14.387	HistoryCenter: '15069840' cannot login to: Alpari-Demo
0	13:00:19.926	HistoryCenter: synchronize 'GBPUSD1'
0	13:00:22.968	HistoryCenter: 2 bars imported in 'GBPUSD1'
0	13:00:22.968	HistoryCenter: synchronize 'EURUSD1'
0	13:00:26.505	HistoryCenter: 2 bars imported in 'EURUSD1'
0	13:00:26.505	HistoryCenter: synchronize 'GBPUSD1'
0	13:00:28.638	HistoryCenter: 2 bars imported in 'GBPUSD1'
0	14:00:08.902	HistoryCenter: synchronize 'EURUSD1'
0	14:00:11.130	HistoryCenter: 2 bars imported in 'EURUSD1'
0	14:00:11.130	HistoryCenter: synchronize 'GBPUSD1'
0	14:00:13.324	HistoryCenter: 2 bars imported in 'GBPUSD1'
0	14:00:13.324	HistoryCenter: synchronize 'EURUSD1'
0	14:00:16.058	HistoryCenter: 2 bars imported in 'EURUSD1'
0	14:00:16.058	HistoryCenter: synchronize 'GBPUSD1'
0	14:00:18.006	HistoryCenter: 2 bars imported in 'GBPUSD1'
0	14:00:18.006	HistoryCenter: synchronize 'EURUSD1'
0	14:00:20.840	HistoryCenter: 2 bars imported in 'EURUSD1'
0	14:00:20.840	HistoryCenter: synchronize 'GBPUSD1'
0	14:00:21.664	HistoryCenter: 2 bars imported in 'GBPUSD1'
0	14:00:21.664	HistoryCenter: synchronize 'EURUSD1'
0	14:00:22.898	HistoryCenter: 2 bars imported in 'EURUSD1'
0	14:00:22.898	HistoryCenter: synchronize 'GBPUSD1'
0	14:00:23.954	HistoryCenter: 2 bars imported in 'GBPUSD1'
0	14:00:23.954	HistoryCenter: synchronize 'EURUSD1'
0	14:00:25.313	HistoryCenter: 2 bars imported in 'EURUSD1'
1	14:55:40.414	'15069840': ping failed
1	14:55:40.708	'15069840': datacenter connecting failed [6]
0	14:55:43.890	'15069840': login on Alpari-Demo through Demo.Europe.9:1119 (ping: 259.30 ms)
0	14:55:50.260	'15069840': login datacenter on Alpari-Demo through Demo.Europe.9:1119 (ping: 259.30 ms)
0	14:55:51.685	'15069840': previous successful authorization performed from 177.13.217.91
0	14:56:55.562	'15069840': auto connecting to a better access point Demo.Europe.2:444 (ping is 258.77 ms)
0	14:56:56.622	'15069840': login on Alpari-Demo through Demo.Europe.2:444 (ping: 258.77 ms)
0	14:56:59.489	'15069840': login datacenter on Alpari-Demo through Demo.Europe.2:444 (ping: 258.77 ms)
0	14:57:01.001	'15069840': previous successful authorization performed from 177.13.217.91
0	15:00:05.202	HistoryCenter: synchronize 'EURUSD1'
0	15:00:08.252	HistoryCenter: 2 bars imported in 'EURUSD1'
0	15:00:08.252	HistoryCenter: synchronize 'GBPUSD1'
0	15:00:11.586	HistoryCenter: 2 bars imported in 'GBPUSD1'
0	15:00:11.586	HistoryCenter: synchronize 'EURUSD1'
0	15:00:13.821	HistoryCenter: 2 bars imported in 'EURUSD1'
0	15:00:13.821	HistoryCenter: synchronize 'GBPUSD1'
0	15:00:15.678	HistoryCenter: 2 bars imported in 'GBPUSD1'
0	15:00:15.678	HistoryCenter: synchronize 'EURUSD1'
0	15:00:17.220	HistoryCenter: 2 bars imported in 'EURUSD1'
0	15:00:17.220	HistoryCenter: synchronize 'GBPUSD1'
0	15:00:20.150	HistoryCenter: 2 bars imported in 'GBPUSD1'
0	15:00:20.150	HistoryCenter: synchronize 'EURUSD1'
0	15:00:22.349	HistoryCenter: 2 bars imported in 'EURUSD1'
0	15:00:22.349	HistoryCenter: synchronize 'GBPUSD1'
0	15:00:23.192	HistoryCenter: 2 bars imported in 'GBPUSD1'
0	15:00:23.192	HistoryCenter: synchronize 'EURUSD1'
0	15:00:24.110	HistoryCenter: 2 bars imported in 'EURUSD1'
2	15:58:08.020	Custom indicator fadedbckgrnd2__1 GBPUSD,M1: removed
2	15:58:08.020	Custom indicator FixedChartScale GBPUSD,M1: removed
2	15:58:08.020	Custom indicator Price Pro Value Chart Profissional - PT-BR GBPUSD,M1: removed
2	15:58:08.035	Custom indicator !!Color Stochastic GBPUSD,M1: removed
2	15:59:06.796	Custom indicator !!Color Stochastic EURUSD,M1: removed
0	15:59:22.336	HistoryCenter: synchronize 'EURUSD1'
0	15:59:23.163	HistoryCenter: 2 bars imported in 'EURUSD1'
0	15:59:25.376	HistoryCenter: synchronize 'EURUSD1'
0	15:59:26.126	HistoryCenter: 2 bars imported in 'EURUSD1'
0	15:59:26.684	HistoryCenter: synchronize 'EURUSD1'
0	15:59:27.422	HistoryCenter: 2 bars imported in 'EURUSD1'
0	15:59:28.520	HistoryCenter: synchronize 'EURUSD1'
0	15:59:29.276	HistoryCenter: 2 bars imported in 'EURUSD1'
0	15:59:30.393	HistoryCenter: synchronize 'EURUSD1'
0	15:59:31.168	HistoryCenter: 2 bars imported in 'EURUSD1'
0	15:59:31.722	HistoryCenter: synchronize 'EURUSD1'
0	15:59:32.465	HistoryCenter: 2 bars imported in 'EURUSD1'
0	15:59:33.574	HistoryCenter: synchronize 'EURUSD1'
0	15:59:34.355	HistoryCenter: 2 bars imported in 'EURUSD1'
0	15:59:35.476	HistoryCenter: synchronize 'EURUSD1'
0	15:59:36.276	HistoryCenter: 2 bars imported in 'EURUSD1'
0	15:59:37.393	HistoryCenter: synchronize 'EURUSD1'
0	15:59:38.428	HistoryCenter: 2 bars imported in 'EURUSD1'
0	15:59:39.531	HistoryCenter: synchronize 'EURUSD1'
0	15:59:40.265	HistoryCenter: 2 bars imported in 'EURUSD1'
0	16:00:01.762	HistoryCenter: synchronize 'EURUSD1'
0	16:00:03.286	HistoryCenter: 2 bars imported in 'EURUSD1'
0	16:00:03.830	HistoryCenter: synchronize 'EURUSD1'
0	16:00:04.824	HistoryCenter: 2 bars imported in 'EURUSD1'
0	16:00:05.392	HistoryCenter: synchronize 'EURUSD1'
0	16:00:06.490	HistoryCenter: 2 bars imported in 'EURUSD1'
0	16:00:07.609	HistoryCenter: synchronize 'EURUSD1'
0	16:00:08.374	HistoryCenter: 2 bars imported in 'EURUSD1'
0	16:00:09.483	HistoryCenter: synchronize 'EURUSD1'
0	16:00:10.405	HistoryCenter: 2 bars imported in 'EURUSD1'
0	16:00:11.498	HistoryCenter: synchronize 'EURUSD1'
0	16:00:12.439	HistoryCenter: 2 bars imported in 'EURUSD1'
0	16:00:13.552	HistoryCenter: synchronize 'EURUSD1'
0	16:00:14.672	HistoryCenter: 2 bars imported in 'EURUSD1'
0	16:00:15.797	HistoryCenter: synchronize 'EURUSD1'
0	16:00:17.046	HistoryCenter: 2 bars imported in 'EURUSD1'
0	16:00:17.593	HistoryCenter: synchronize 'EURUSD1'
0	16:00:18.605	HistoryCenter: 2 bars imported in 'EURUSD1'
0	16:00:19.691	HistoryCenter: synchronize 'EURUSD1'
0	16:00:20.772	HistoryCenter: 2 bars imported in 'EURUSD1'
0	16:00:21.860	HistoryCenter: synchronize 'EURUSD1'
0	16:00:22.605	HistoryCenter: 2 bars imported in 'EURUSD1'
2	16:02:02.768	Custom indicator !!Color Stochastic EURUSD,M1: loaded successfully
2	16:02:21.390	Custom indicator !!Color Stochastic EURUSD,M1: removed
0	16:05:16.564	HistoryCenter: synchronize 'EURUSD1'
0	16:05:17.614	HistoryCenter: 2 bars imported in 'EURUSD1'
0	16:05:19.257	HistoryCenter: synchronize 'EURUSD1'
0	16:05:20.011	HistoryCenter: 2 bars imported in 'EURUSD1'
0	16:05:20.550	HistoryCenter: synchronize 'EURUSD1'
0	16:05:21.303	HistoryCenter: 2 bars imported in 'EURUSD1'
0	16:05:22.398	HistoryCenter: synchronize 'EURUSD1'
0	16:05:23.136	HistoryCenter: 2 bars imported in 'EURUSD1'
0	16:05:23.664	HistoryCenter: synchronize 'EURUSD1'
0	16:05:24.510	HistoryCenter: 2 bars imported in 'EURUSD1'
0	16:05:25.632	HistoryCenter: synchronize 'EURUSD1'
0	16:05:26.424	HistoryCenter: 2 bars imported in 'EURUSD1'
0	16:05:27.514	HistoryCenter: synchronize 'EURUSD1'
0	16:05:28.361	HistoryCenter: 2 bars imported in 'EURUSD1'
0	16:05:29.472	HistoryCenter: synchronize 'EURUSD1'
0	16:05:30.573	HistoryCenter: 2 bars imported in 'EURUSD1'
0	16:05:31.669	HistoryCenter: synchronize 'EURUSD1'
0	16:05:32.433	HistoryCenter: 2 bars imported in 'EURUSD1'
0	16:05:33.554	HistoryCenter: synchronize 'EURUSD1'
0	16:05:34.291	HistoryCenter: 2 bars imported in 'EURUSD1'
2	16:06:01.237	Custom indicator fadedbckgrnd2__1 EURUSD,M1: removed
2	16:06:01.239	Custom indicator FixedChartScale EURUSD,M1: removed
2	16:06:01.250	Custom indicator Price Pro Value Chart Profissional - PT-BR EURUSD,M1: removed
2	16:06:01.262	Custom indicator fadedbckgrnd2__1 EURUSD,M1: loaded successfully
2	16:06:01.270	Custom indicator FixedChartScale EURUSD,M1: loaded successfully
2	16:06:01.375	Custom indicator Price Pro Value Chart Profissional - PT-BR EURUSD,M1: loaded successfully
0	16:06:02.772	HistoryCenter: synchronize 'EURUSD1'
0	16:06:04.850	HistoryCenter: 2 bars imported in 'EURUSD1'
0	16:06:05.913	HistoryCenter: synchronize 'EURUSD1'
0	16:06:06.861	HistoryCenter: 2 bars imported in 'EURUSD1'
0	16:06:07.948	HistoryCenter: synchronize 'EURUSD1'
0	16:06:08.709	HistoryCenter: 2 bars imported in 'EURUSD1'
0	16:06:09.802	HistoryCenter: synchronize 'EURUSD1'
0	16:06:10.613	HistoryCenter: 2 bars imported in 'EURUSD1'
0	16:06:11.698	HistoryCenter: synchronize 'EURUSD1'
0	16:06:12.458	HistoryCenter: 2 bars imported in 'EURUSD1'
0	16:06:12.984	HistoryCenter: synchronize 'EURUSD1'
0	16:06:13.719	HistoryCenter: 2 bars imported in 'EURUSD1'
0	16:06:14.793	HistoryCenter: synchronize 'EURUSD1'
0	16:06:15.542	HistoryCenter: 2 bars imported in 'EURUSD1'
0	16:06:16.069	HistoryCenter: synchronize 'EURUSD1'
0	16:06:16.823	HistoryCenter: 2 bars imported in 'EURUSD1'
0	16:06:17.882	HistoryCenter: synchronize 'EURUSD1'
0	16:06:19.249	HistoryCenter: 2 bars imported in 'EURUSD1'
0	16:06:19.793	HistoryCenter: synchronize 'EURUSD1'
0	16:06:20.560	HistoryCenter: 2 bars imported in 'EURUSD1'
0	16:06:21.098	HistoryCenter: synchronize 'EURUSD1'
0	16:06:21.855	HistoryCenter: 2 bars imported in 'EURUSD1'
0	16:06:22.948	HistoryCenter: synchronize 'EURUSD1'
0	16:06:23.739	HistoryCenter: 2 bars imported in 'EURUSD1'
0	16:08:27.891	HistoryCenter: synchronize 'EURUSD1'
0	16:08:28.651	HistoryCenter: 2 bars imported in 'EURUSD1'
0	16:08:30.258	HistoryCenter: synchronize 'EURUSD1'
0	16:08:31.024	HistoryCenter: 2 bars imported in 'EURUSD1'
0	16:08:31.576	HistoryCenter: synchronize 'EURUSD1'
0	16:08:32.335	HistoryCenter: 2 bars imported in 'EURUSD1'
0	16:08:32.874	HistoryCenter: synchronize 'EURUSD1'
0	16:08:34.418	HistoryCenter: 2 bars imported in 'EURUSD1'
0	16:08:35.521	HistoryCenter: synchronize 'EURUSD1'
0	16:08:36.335	HistoryCenter: 2 bars imported in 'EURUSD1'
0	16:08:37.427	HistoryCenter: synchronize 'EURUSD1'
0	16:08:39.086	HistoryCenter: 2 bars imported in 'EURUSD1'
0	16:08:39.600	HistoryCenter: synchronize 'EURUSD1'
0	16:08:41.138	HistoryCenter: 2 bars imported in 'EURUSD1'
0	16:08:41.668	HistoryCenter: synchronize 'EURUSD1'
0	16:08:42.413	HistoryCenter: 2 bars imported in 'EURUSD1'
0	16:08:43.505	HistoryCenter: synchronize 'EURUSD1'
0	16:08:44.266	HistoryCenter: 2 bars imported in 'EURUSD1'
0	16:08:44.818	HistoryCenter: synchronize 'EURUSD1'
0	16:08:46.811	HistoryCenter: 2 bars imported in 'EURUSD1'
0	16:08:47.336	HistoryCenter: synchronize 'EURUSD1'
0	16:08:48.083	HistoryCenter: 2 bars imported in 'EURUSD1'
0	16:08:48.632	HistoryCenter: synchronize 'EURUSD1'
0	16:08:49.384	HistoryCenter: 2 bars imported in 'EURUSD1'
0	16:08:50.491	HistoryCenter: synchronize 'EURUSD1'
0	16:08:51.279	HistoryCenter: 2 bars imported in 'EURUSD1'
0	16:08:51.842	HistoryCenter: synchronize 'EURUSD1'
0	16:08:52.569	HistoryCenter: 2 bars imported in 'EURUSD1'
2	16:13:55.953	Custom indicator iclock_mod1 EURUSD,M1: loaded successfully
0	16:15:52.171	HistoryCenter: synchronize 'EURUSD1'
0	16:15:53.892	HistoryCenter: 2 bars imported in 'EURUSD1'
0	16:15:55.521	HistoryCenter: synchronize 'EURUSD1'
0	16:15:56.272	HistoryCenter: 2 bars imported in 'EURUSD1'
0	16:15:56.818	HistoryCenter: synchronize 'EURUSD1'
0	16:15:57.586	HistoryCenter: 2 bars imported in 'EURUSD1'
0	16:15:58.122	HistoryCenter: synchronize 'EURUSD1'
0	16:15:58.863	HistoryCenter: 2 bars imported in 'EURUSD1'
0	16:15:59.960	HistoryCenter: synchronize 'EURUSD1'
0	16:16:00.715	HistoryCenter: 2 bars imported in 'EURUSD1'
0	16:16:01.817	HistoryCenter: synchronize 'EURUSD1'
0	16:16:02.568	HistoryCenter: 2 bars imported in 'EURUSD1'
0	16:16:03.129	HistoryCenter: synchronize 'EURUSD1'
0	16:16:04.036	HistoryCenter: 2 bars imported in 'EURUSD1'
0	16:16:05.138	HistoryCenter: synchronize 'EURUSD1'
0	16:16:06.699	HistoryCenter: 2 bars imported in 'EURUSD1'
0	16:16:07.784	HistoryCenter: synchronize 'EURUSD1'
0	16:16:08.524	HistoryCenter: 2 bars imported in 'EURUSD1'
0	16:16:09.064	HistoryCenter: synchronize 'EURUSD1'
0	16:16:09.810	HistoryCenter: 2 bars imported in 'EURUSD1'
0	16:16:10.922	HistoryCenter: synchronize 'EURUSD1'
0	16:16:11.682	HistoryCenter: 2 bars imported in 'EURUSD1'
0	16:16:12.784	HistoryCenter: synchronize 'EURUSD1'
0	16:16:13.542	HistoryCenter: 2 bars imported in 'EURUSD1'
0	16:16:14.084	HistoryCenter: synchronize 'EURUSD1'
0	16:16:14.866	HistoryCenter: 2 bars imported in 'EURUSD1'
0	16:16:15.953	HistoryCenter: synchronize 'EURUSD1'
0	16:16:16.724	HistoryCenter: 2 bars imported in 'EURUSD1'
0	16:16:53.909	HistoryCenter: synchronize 'EURUSD1'
0	16:16:54.692	HistoryCenter: 2 bars imported in 'EURUSD1'
0	16:16:56.322	HistoryCenter: synchronize 'EURUSD1'
0	16:16:57.702	HistoryCenter: 2 bars imported in 'EURUSD1'
0	16:16:58.250	HistoryCenter: synchronize 'EURUSD1'
0	16:16:59.303	HistoryCenter: 2 bars imported in 'EURUSD1'
0	16:16:59.867	HistoryCenter: synchronize 'EURUSD1'
0	16:17:00.621	HistoryCenter: 2 bars imported in 'EURUSD1'
0	16:17:01.162	HistoryCenter: synchronize 'EURUSD1'
0	16:17:01.983	HistoryCenter: 2 bars imported in 'EURUSD1'
0	16:17:03.082	HistoryCenter: synchronize 'EURUSD1'
0	16:17:03.828	HistoryCenter: 2 bars imported in 'EURUSD1'
0	16:17:04.912	HistoryCenter: synchronize 'EURUSD1'
0	16:17:05.805	HistoryCenter: 2 bars imported in 'EURUSD1'
0	16:17:06.870	HistoryCenter: synchronize 'EURUSD1'
0	16:17:08.757	HistoryCenter: 2 bars imported in 'EURUSD1'
0	16:17:09.322	HistoryCenter: synchronize 'EURUSD1'
0	16:17:10.135	HistoryCenter: 2 bars imported in 'EURUSD1'
0	16:17:11.217	HistoryCenter: synchronize 'EURUSD1'
0	16:17:12.020	HistoryCenter: 2 bars imported in 'EURUSD1'
0	16:17:13.092	HistoryCenter: synchronize 'EURUSD1'
0	16:17:13.876	HistoryCenter: 2 bars imported in 'EURUSD1'
0	16:17:14.978	HistoryCenter: synchronize 'EURUSD1'
0	16:17:16.312	HistoryCenter: 2 bars imported in 'EURUSD1'
2	16:31:02.100	Custom indicator fadedbckgrnd2__1 EURGBP,M1: loaded successfully
2	16:31:02.110	Custom indicator FixedChartScale EURGBP,M1: loaded successfully
2	16:31:02.119	Custom indicator iclock_mod1 EURGBP,M1: loaded successfully
2	16:31:02.226	Custom indicator Price Pro Value Chart Profissional - PT-BR EURGBP,M1: loaded successfully
0	16:31:03.667	HistoryCenter: synchronize 'EURGBP1'
0	16:31:07.800	HistoryCenter: 2 bars imported in 'EURGBP1'
0	16:31:08.874	HistoryCenter: synchronize 'EURGBP1'
0	16:31:09.606	HistoryCenter: 2 bars imported in 'EURGBP1'
0	16:31:10.699	HistoryCenter: synchronize 'EURGBP1'
0	16:31:11.466	HistoryCenter: 2 bars imported in 'EURGBP1'
0	16:31:12.552	HistoryCenter: synchronize 'EURGBP1'
0	16:31:13.323	HistoryCenter: 2 bars imported in 'EURGBP1'
0	16:31:13.873	HistoryCenter: synchronize 'EURGBP1'
0	16:31:14.612	HistoryCenter: 2 bars imported in 'EURGBP1'
0	16:31:15.700	HistoryCenter: synchronize 'EURGBP1'
0	16:31:16.454	HistoryCenter: 2 bars imported in 'EURGBP1'
0	16:31:16.454	HistoryCenter: synchronize 'EURGBP1'
0	16:31:17.231	HistoryCenter: 2 bars imported in 'EURGBP1'
0	16:31:17.762	HistoryCenter: synchronize 'EURGBP1'
0	16:31:18.531	HistoryCenter: 2 bars imported in 'EURGBP1'
0	16:31:19.647	HistoryCenter: synchronize 'EURGBP1'
0	16:31:20.412	HistoryCenter: 2 bars imported in 'EURGBP1'
0	16:31:20.969	HistoryCenter: synchronize 'EURGBP1'
0	16:31:21.737	HistoryCenter: 2 bars imported in 'EURGBP1'
0	16:31:22.842	HistoryCenter: synchronize 'EURGBP1'
0	16:31:23.602	HistoryCenter: 2 bars imported in 'EURGBP1'
0	16:31:24.697	HistoryCenter: synchronize 'EURGBP1'
0	16:31:25.449	HistoryCenter: 2 bars imported in 'EURGBP1'
0	16:31:25.993	HistoryCenter: synchronize 'EURGBP1'
0	16:31:26.778	HistoryCenter: 2 bars imported in 'EURGBP1'
0	16:31:27.862	HistoryCenter: synchronize 'EURGBP1'
0	16:31:28.590	HistoryCenter: 2 bars imported in 'EURGBP1'
2	16:32:12.785	Custom indicator fadedbckgrnd2__1 EURGBP,M1: removed
2	16:32:12.786	Custom indicator FixedChartScale EURGBP,M1: removed
2	16:32:12.788	Custom indicator iclock_mod1 EURGBP,M1: removed
2	16:32:12.802	Custom indicator Price Pro Value Chart Profissional - PT-BR EURGBP,M1: removed
2	16:34:05.449	Custom indicator fadedbckgrnd2__1 EURUSD,M1: removed
2	16:34:05.450	Custom indicator FixedChartScale EURUSD,M1: removed
2	16:34:05.452	Custom indicator iclock_mod1 EURUSD,M1: removed
2	16:34:05.471	Custom indicator Price Pro Value Chart Profissional - PT-BR EURUSD,M1: removed
0	16:34:05.747	Alpari MT4 build 1359 stopped
0	17:37:06.334	Alpari MT4 build 1359 started (Alpari International)
0	17:37:06.334	Windows 10 Pro x64, IE 11, UAC, 8 x Intel Core i7-7700HQ  @ 2.80GHz, Memory: 12152 / 16267 Mb, Disk: 392 / 476 Gb, GMT-3
0	17:37:06.334	Data Folder: C:\Users\Administrator\AppData\Roaming\MetaQuotes\Terminal\287469DEA9630EA94D0715D755974F1B
2	17:37:07.848	Custom indicator fadedbckgrnd2__1 EURUSD,M1: loaded successfully
2	17:37:07.855	Custom indicator FixedChartScale EURUSD,M1: loaded successfully
2	17:37:07.871	Custom indicator iclock_mod1 EURUSD,M1: loaded successfully
2	17:37:08.002	Custom indicator Price Pro Value Chart Profissional - PT-BR EURUSD,M1: loaded successfully
2	17:37:08.279	Custom indicator Price Pro Value Chart Profissional - PT-BR EURUSD,M1: removed
0	17:37:08.504	HistoryCenter: synchronize 'EURUSD1'
0	17:37:09.313	HistoryCenter: 63 bars imported in 'EURUSD1'
0	17:37:09.329	'15069840': login on Alpari-Demo through Demo.Europe.2:444 (ping: 258.77 ms)
0	17:37:11.693	'15069840': login datacenter on Alpari-Demo through Demo.Europe.2:444 (ping: 258.77 ms)
0	17:37:12.524	'15069840': previous successful authorization performed from 177.13.217.91
2	17:37:18.033	Expert EABiBot_Tick EURUSD,M1: loaded successfully
0	17:38:00.829	'15069840': auto connecting to a better access point Demo.Europe.9:1119 (ping is 261.39 ms)
0	17:38:01.720	'15069840': login on Alpari-Demo through Demo.Europe.9:1119 (ping: 261.39 ms)
0	17:38:03.879	'15069840': login datacenter on Alpari-Demo through Demo.Europe.9:1119 (ping: 261.39 ms)
0	17:38:04.521	'15069840': previous successful authorization performed from 177.13.218.138
2	17:38:42.869	Custom indicator fadedbckgrnd2__1 EURUSD-OTC,M1: loaded successfully
2	17:38:42.871	Custom indicator FixedChartScale EURUSD-OTC,M1: loaded successfully
2	17:38:42.879	Custom indicator iclock_mod1 EURUSD-OTC,M1: loaded successfully
2	17:38:43.002	Custom indicator Price Pro Value Chart Profissional - PT-BR EURUSD-OTC,M1: loaded successfully
2	17:39:09.439	Custom indicator fadedbckgrnd2__1 EURUSD-OTC,M1: removed
2	17:39:09.439	Custom indicator FixedChartScale EURUSD-OTC,M1: removed
2	17:39:09.439	Custom indicator iclock_mod1 EURUSD-OTC,M1: removed
2	17:39:09.458	Custom indicator Price Pro Value Chart Profissional - PT-BR EURUSD-OTC,M1: removed
2	17:39:09.467	Custom indicator fadedbckgrnd2__1 EURUSD-OTC,M1: loaded successfully
2	17:39:09.472	Custom indicator FixedChartScale EURUSD-OTC,M1: loaded successfully
2	17:39:09.486	Custom indicator iclock_mod1 EURUSD-OTC,M1: loaded successfully
2	17:39:09.597	Custom indicator Price Pro Value Chart Profissional - PT-BR EURUSD-OTC,M1: loaded successfully
2	17:40:03.996	Custom indicator fadedbckgrnd2__1 EURJPY-OTC,M1: loaded successfully
2	17:40:04.006	Custom indicator FixedChartScale EURJPY-OTC,M1: loaded successfully
2	17:40:04.014	Custom indicator iclock_mod1 EURJPY-OTC,M1: loaded successfully
2	17:40:04.127	Custom indicator Price Pro Value Chart Profissional - PT-BR EURJPY-OTC,M1: loaded successfully
2	17:41:53.374	Custom indicator fadedbckgrnd2__1 USDJPY-OTC,M1: loaded successfully
2	17:41:53.382	Custom indicator FixedChartScale USDJPY-OTC,M1: loaded successfully
2	17:41:53.390	Custom indicator iclock_mod1 USDJPY-OTC,M1: loaded successfully
2	17:41:53.493	Custom indicator Price Pro Value Chart Profissional - PT-BR USDJPY-OTC,M1: loaded successfully
2	18:02:34.677	Expert PriceProCharts GBPUSD,M1: loaded successfully
2	18:02:53.255	Expert PriceProCharts GBPUSD,M1: removed
2	18:23:30.032	Custom indicator fadedbckgrnd2__1 USDJPY-OTC,M1: removed
2	18:23:30.032	Custom indicator FixedChartScale USDJPY-OTC,M1: removed
2	18:23:30.032	Custom indicator iclock_mod1 USDJPY-OTC,M1: removed
2	18:23:30.047	Custom indicator Price Pro Value Chart Profissional - PT-BR USDJPY-OTC,M1: removed
2	18:23:32.871	Custom indicator fadedbckgrnd2__1 EURUSD-OTC,M1: removed
2	18:23:32.871	Custom indicator FixedChartScale EURUSD-OTC,M1: removed
2	18:23:32.871	Custom indicator iclock_mod1 EURUSD-OTC,M1: removed
2	18:23:32.886	Custom indicator Price Pro Value Chart Profissional - PT-BR EURUSD-OTC,M1: removed
2	18:23:33.080	Custom indicator fadedbckgrnd2__1 EURJPY-OTC,M1: removed
2	18:23:33.080	Custom indicator FixedChartScale EURJPY-OTC,M1: removed
2	18:23:33.080	Custom indicator iclock_mod1 EURJPY-OTC,M1: removed
2	18:23:33.096	Custom indicator Price Pro Value Chart Profissional - PT-BR EURJPY-OTC,M1: removed
2	18:23:33.259	Expert EABiBot_Tick EURUSD,M1: removed
2	18:23:33.259	Custom indicator fadedbckgrnd2__1 EURUSD,M1: removed
2	18:23:33.259	Custom indicator FixedChartScale EURUSD,M1: removed
2	18:23:33.259	Custom indicator iclock_mod1 EURUSD,M1: removed
2	18:23:45.255	Custom indicator fadedbckgrnd2__1 EURUSD,M1: loaded successfully
2	18:23:45.267	Custom indicator FixedChartScale EURUSD,M1: loaded successfully
2	18:23:45.275	Custom indicator iclock_mod1 EURUSD,M1: loaded successfully
2	18:23:45.391	Custom indicator Price Pro Value Chart Profissional - PT-BR EURUSD,M1: loaded successfully
0	18:23:47.168	HistoryCenter: synchronize 'EURUSD1'
0	18:23:48.336	HistoryCenter: 2 bars imported in 'EURUSD1'
0	18:24:17.924	HistoryCenter: synchronize 'EURUSD1'
0	18:24:18.671	HistoryCenter: 2 bars imported in 'EURUSD1'
0	18:24:19.204	HistoryCenter: synchronize 'EURUSD1'
0	18:24:20.091	HistoryCenter: 2 bars imported in 'EURUSD1'
0	18:24:21.203	HistoryCenter: synchronize 'EURUSD1'
0	18:24:21.964	HistoryCenter: 2 bars imported in 'EURUSD1'
0	18:24:23.050	HistoryCenter: synchronize 'EURUSD1'
0	18:24:23.870	HistoryCenter: 2 bars imported in 'EURUSD1'
0	18:24:24.961	HistoryCenter: synchronize 'EURUSD1'
0	18:24:25.738	HistoryCenter: 2 bars imported in 'EURUSD1'
0	18:24:26.830	HistoryCenter: synchronize 'EURUSD1'
0	18:24:27.573	HistoryCenter: 2 bars imported in 'EURUSD1'
0	18:24:28.126	HistoryCenter: synchronize 'EURUSD1'
0	18:24:28.922	HistoryCenter: 2 bars imported in 'EURUSD1'
0	18:24:29.999	HistoryCenter: synchronize 'EURUSD1'
0	18:24:30.784	HistoryCenter: 2 bars imported in 'EURUSD1'
0	18:24:31.904	HistoryCenter: synchronize 'EURUSD1'
0	18:24:32.659	HistoryCenter: 2 bars imported in 'EURUSD1'
0	18:24:33.222	HistoryCenter: synchronize 'EURUSD1'
0	18:24:34.010	HistoryCenter: 2 bars imported in 'EURUSD1'
0	18:24:35.067	HistoryCenter: synchronize 'EURUSD1'
0	18:24:35.929	HistoryCenter: 2 bars imported in 'EURUSD1'
2	18:26:25.195	Custom indicator fadedbckgrnd2__1 EURUSD,M1: removed
2	18:26:25.195	Custom indicator FixedChartScale EURUSD,M1: removed
2	18:26:25.195	Custom indicator iclock_mod1 EURUSD,M1: removed
2	18:26:25.221	Custom indicator Price Pro Value Chart Profissional - PT-BR EURUSD,M1: removed
0	18:26:25.470	Alpari MT4 build 1359 stopped
0	19:16:19.084	Alpari MT4 build 1359 started (Alpari International)
0	19:16:19.084	Windows 10 Pro x64, IE 11, UAC, 8 x Intel Core i7-7700HQ  @ 2.80GHz, Memory: 12222 / 16267 Mb, Disk: 392 / 476 Gb, GMT-3
0	19:16:19.084	Data Folder: C:\Users\Administrator\AppData\Roaming\MetaQuotes\Terminal\287469DEA9630EA94D0715D755974F1B
2	19:16:20.166	Custom indicator fadedbckgrnd2__1 EURUSD,M1: loaded successfully
2	19:16:20.174	Custom indicator FixedChartScale EURUSD,M1: loaded successfully
2	19:16:20.183	Custom indicator iclock_mod1 EURUSD,M1: loaded successfully
2	19:16:20.292	Custom indicator Price Pro Value Chart Profissional - PT-BR EURUSD,M1: loaded successfully
2	19:16:20.502	Custom indicator Price Pro Value Chart Profissional - PT-BR EURUSD,M1: removed
0	19:16:20.686	HistoryCenter: synchronize 'EURUSD1'
0	19:16:23.585	HistoryCenter: 51 bars imported in 'EURUSD1'
0	19:16:23.846	'15069840': login on Alpari-Demo through Demo.Europe.9:1119 (ping: 261.39 ms)
2	19:16:24.748	Custom indicator fadedbckgrnd2__1 EURUSD,M1: removed
2	19:16:24.749	Custom indicator FixedChartScale EURUSD,M1: removed
2	19:16:24.751	Custom indicator iclock_mod1 EURUSD,M1: removed
2	19:16:24.761	Custom indicator fadedbckgrnd2__1 EURUSD,M1: loaded successfully
2	19:16:24.771	Custom indicator FixedChartScale EURUSD,M1: loaded successfully
2	19:16:24.784	Custom indicator iclock_mod1 EURUSD,M1: loaded successfully
2	19:16:24.915	Custom indicator Price Pro Value Chart Profissional - PT-BR EURUSD,M1: loaded successfully
2	19:16:25.140	Custom indicator Price Pro Value Chart Profissional - PT-BR EURUSD,M1: removed
0	19:16:25.229	HistoryCenter: synchronize 'EURUSD1'
0	19:16:26.594	HistoryCenter: 2 bars imported in 'EURUSD1'
0	19:16:26.880	'15069840': login datacenter on Alpari-Demo through Demo.Europe.9:1119 (ping: 261.39 ms)
0	19:16:27.522	'15069840': previous successful authorization performed from 177.13.218.138
2	19:16:35.843	Custom indicator fadedbckgrnd2__1 EURUSD,M1: removed
2	19:16:35.845	Custom indicator FixedChartScale EURUSD,M1: removed
2	19:16:35.846	Custom indicator iclock_mod1 EURUSD,M1: removed
2	19:16:35.854	Custom indicator fadedbckgrnd2__1 EURUSD,M1: loaded successfully
2	19:16:35.860	Custom indicator FixedChartScale EURUSD,M1: loaded successfully
2	19:16:35.870	Custom indicator iclock_mod1 EURUSD,M1: loaded successfully
2	19:16:35.970	Custom indicator Price Pro Value Chart Profissional - PT-BR EURUSD,M1: loaded successfully
0	19:16:37.660	HistoryCenter: synchronize 'EURUSD1'
0	19:16:38.419	HistoryCenter: 2 bars imported in 'EURUSD1'
0	19:16:39.531	HistoryCenter: synchronize 'EURUSD1'
0	19:16:40.280	HistoryCenter: 2 bars imported in 'EURUSD1'
0	19:16:41.368	HistoryCenter: synchronize 'EURUSD1'
0	19:16:42.159	HistoryCenter: 2 bars imported in 'EURUSD1'
0	19:16:42.685	HistoryCenter: synchronize 'EURUSD1'
0	19:16:43.489	HistoryCenter: 2 bars imported in 'EURUSD1'
0	19:16:44.604	HistoryCenter: synchronize 'EURUSD1'
0	19:16:45.401	HistoryCenter: 2 bars imported in 'EURUSD1'
0	19:16:46.511	HistoryCenter: synchronize 'EURUSD1'
0	19:16:47.338	HistoryCenter: 2 bars imported in 'EURUSD1'
0	19:16:48.427	HistoryCenter: synchronize 'EURUSD1'
0	19:16:49.194	HistoryCenter: 2 bars imported in 'EURUSD1'
0	19:16:50.302	HistoryCenter: synchronize 'EURUSD1'
0	19:16:51.071	HistoryCenter: 2 bars imported in 'EURUSD1'
0	19:16:51.628	HistoryCenter: synchronize 'EURUSD1'
0	19:16:52.393	HistoryCenter: 2 bars imported in 'EURUSD1'
0	19:17:12.191	'15069840': auto connecting to a better access point Demo.Europe.2:444 (ping is 240.84 ms)
0	19:17:13.080	'15069840': login on Alpari-Demo through Demo.Europe.2:444 (ping: 240.84 ms)
0	19:17:14.941	'15069840': login datacenter on Alpari-Demo through Demo.Europe.2:444 (ping: 240.84 ms)
0	19:17:15.662	'15069840': previous successful authorization performed from 177.13.218.138
0	20:00:01.999	HistoryCenter: synchronize 'EURUSD1'
0	20:00:02.896	HistoryCenter: 2 bars imported in 'EURUSD1'
0	20:00:04.001	HistoryCenter: synchronize 'EURUSD1'
0	20:00:04.742	HistoryCenter: 2 bars imported in 'EURUSD1'
0	20:00:05.842	HistoryCenter: synchronize 'EURUSD1'
0	20:00:06.660	HistoryCenter: 2 bars imported in 'EURUSD1'
0	20:00:07.767	HistoryCenter: synchronize 'EURUSD1'
0	20:00:08.534	HistoryCenter: 2 bars imported in 'EURUSD1'
0	20:00:09.642	HistoryCenter: synchronize 'EURUSD1'
0	20:00:11.006	HistoryCenter: 2 bars imported in 'EURUSD1'
0	20:00:11.558	HistoryCenter: synchronize 'EURUSD1'
0	20:00:12.331	HistoryCenter: 2 bars imported in 'EURUSD1'
0	20:00:12.885	HistoryCenter: synchronize 'EURUSD1'
0	20:00:14.088	HistoryCenter: 2 bars imported in 'EURUSD1'
0	20:00:14.641	HistoryCenter: synchronize 'EURUSD1'
0	20:00:15.459	HistoryCenter: 2 bars imported in 'EURUSD1'
0	20:00:16.010	HistoryCenter: synchronize 'EURUSD1'
0	20:00:16.757	HistoryCenter: 2 bars imported in 'EURUSD1'
0	20:00:17.856	HistoryCenter: synchronize 'EURUSD1'
1	20:00:20.343	HistoryCenter: '15069840' cannot login to: Alpari-Demo
0	20:00:25.850	HistoryCenter: synchronize 'EURUSD1'
0	20:00:27.076	HistoryCenter: 2 bars imported in 'EURUSD1'
0	21:00:02.159	HistoryCenter: synchronize 'EURUSD1'
0	21:00:03.534	HistoryCenter: 2 bars imported in 'EURUSD1'
0	21:00:04.112	HistoryCenter: synchronize 'EURUSD1'
0	21:00:04.955	HistoryCenter: 2 bars imported in 'EURUSD1'
0	21:00:05.502	HistoryCenter: synchronize 'EURUSD1'
0	21:00:06.501	HistoryCenter: 2 bars imported in 'EURUSD1'
0	21:00:07.064	HistoryCenter: synchronize 'EURUSD1'
0	21:00:08.127	HistoryCenter: 2 bars imported in 'EURUSD1'
0	21:00:09.236	HistoryCenter: synchronize 'EURUSD1'
0	21:00:11.781	HistoryCenter: 2 bars imported in 'EURUSD1'
0	21:00:12.344	HistoryCenter: synchronize 'EURUSD1'
0	21:00:13.297	HistoryCenter: 2 bars imported in 'EURUSD1'
0	22:00:04.468	HistoryCenter: synchronize 'EURUSD1'
0	22:00:07.107	HistoryCenter: 2 bars imported in 'EURUSD1'
0	22:00:08.204	HistoryCenter: synchronize 'EURUSD1'
0	22:00:10.674	HistoryCenter: 2 bars imported in 'EURUSD1'
0	22:00:11.220	HistoryCenter: synchronize 'EURUSD1'
0	22:00:13.020	HistoryCenter: 2 bars imported in 'EURUSD1'
0	22:00:14.116	HistoryCenter: synchronize 'EURUSD1'
0	22:00:16.764	HistoryCenter: 2 bars imported in 'EURUSD1'
0	23:00:01.820	HistoryCenter: synchronize 'EURUSD1'
0	23:00:02.805	HistoryCenter: 2 bars imported in 'EURUSD1'
0	23:00:03.367	HistoryCenter: synchronize 'EURUSD1'
0	23:00:04.210	HistoryCenter: 2 bars imported in 'EURUSD1'
0	23:00:05.319	HistoryCenter: synchronize 'EURUSD1'
0	23:00:06.335	HistoryCenter: 2 bars imported in 'EURUSD1'
0	23:00:07.460	HistoryCenter: synchronize 'EURUSD1'
0	23:00:08.538	HistoryCenter: 2 bars imported in 'EURUSD1'
0	23:00:09.647	HistoryCenter: synchronize 'EURUSD1'
0	23:00:10.491	HistoryCenter: 2 bars imported in 'EURUSD1'
