0	00:59:59.956	HistoryCenter: synchronize 'EURGBP5'
0	01:00:00.759	HistoryCenter: 2 bars imported in 'EURGBP5'
0	01:00:00.759	HistoryCenter: synchronize 'EURUSD5'
0	01:00:01.763	HistoryCenter: 2 bars imported in 'EURUSD5'
0	01:00:02.837	HistoryCenter: synchronize 'EURGBP5'
0	01:00:03.725	HistoryCenter: 2 bars imported in 'EURGBP5'
0	01:00:03.725	HistoryCenter: synchronize 'EURUSD5'
0	01:00:04.604	HistoryCenter: 2 bars imported in 'EURUSD5'
0	01:00:05.126	HistoryCenter: synchronize 'EURGBP5'
0	01:00:05.914	HistoryCenter: 2 bars imported in 'EURGBP5'
0	01:00:05.914	HistoryCenter: synchronize 'EURUSD5'
0	01:00:07.116	HistoryCenter: 2 bars imported in 'EURUSD5'
0	01:00:07.677	HistoryCenter: synchronize 'EURGBP5'
0	01:00:08.676	HistoryCenter: 2 bars imported in 'EURGBP5'
0	01:00:08.676	HistoryCenter: synchronize 'EURUSD5'
0	01:00:09.766	HistoryCenter: 2 bars imported in 'EURUSD5'
0	01:00:10.307	HistoryCenter: synchronize 'EURGBP5'
0	01:00:11.224	HistoryCenter: 2 bars imported in 'EURGBP5'
0	01:00:11.224	HistoryCenter: synchronize 'EURUSD5'
0	01:00:12.077	HistoryCenter: 2 bars imported in 'EURUSD5'
0	01:00:12.596	HistoryCenter: synchronize 'EURGBP5'
0	01:00:13.350	HistoryCenter: 2 bars imported in 'EURGBP5'
0	01:00:13.350	HistoryCenter: synchronize 'EURUSD5'
0	01:00:14.115	HistoryCenter: 2 bars imported in 'EURUSD5'
0	01:00:14.649	HistoryCenter: synchronize 'EURGBP5'
0	01:00:15.370	HistoryCenter: 2 bars imported in 'EURGBP5'
0	01:00:15.370	HistoryCenter: synchronize 'EURUSD5'
0	01:00:16.121	HistoryCenter: 2 bars imported in 'EURUSD5'
0	01:00:16.663	HistoryCenter: synchronize 'EURGBP5'
0	01:00:17.699	HistoryCenter: 2 bars imported in 'EURGBP5'
0	01:00:17.699	HistoryCenter: synchronize 'EURUSD5'
0	01:00:18.482	HistoryCenter: 2 bars imported in 'EURUSD5'
0	01:00:19.034	HistoryCenter: synchronize 'EURGBP5'
0	01:00:19.748	HistoryCenter: 2 bars imported in 'EURGBP5'
0	01:00:19.748	HistoryCenter: synchronize 'EURUSD5'
0	01:00:20.519	HistoryCenter: 2 bars imported in 'EURUSD5'
0	01:00:21.049	HistoryCenter: synchronize 'EURGBP5'
0	01:00:21.918	HistoryCenter: 2 bars imported in 'EURGBP5'
2	06:31:01.989	Custom indicator fadedbckgrnd2__1 EURUSD,M5: removed
2	06:31:01.989	Custom indicator FixedChartScale EURUSD,M5: removed
2	06:31:02.005	Custom indicator Price Pro Value Chart Profissional - PT-BR EURUSD,M5: removed
2	06:31:02.013	Custom indicator fadedbckgrnd2__1 EURUSD,M5: loaded successfully
2	06:31:02.021	Custom indicator FixedChartScale EURUSD,M5: loaded successfully
2	06:31:02.109	Custom indicator Price Pro Value Chart Profissional - PT-BR EURUSD,M5: loaded successfully
0	06:31:02.451	HistoryCenter: synchronize 'EURUSD5'
0	06:31:03.322	HistoryCenter: 2 bars imported in 'EURUSD5'
0	06:31:04.371	HistoryCenter: synchronize 'EURUSD5'
0	06:31:05.112	HistoryCenter: 2 bars imported in 'EURUSD5'
0	06:31:05.654	HistoryCenter: synchronize 'EURUSD5'
0	06:31:06.396	HistoryCenter: 2 bars imported in 'EURUSD5'
0	06:31:07.475	HistoryCenter: synchronize 'EURUSD5'
0	06:31:08.248	HistoryCenter: 2 bars imported in 'EURUSD5'
0	06:31:08.787	HistoryCenter: synchronize 'EURUSD5'
0	06:31:09.529	HistoryCenter: 2 bars imported in 'EURUSD5'
0	06:31:10.586	HistoryCenter: synchronize 'EURUSD5'
0	06:31:11.344	HistoryCenter: 2 bars imported in 'EURUSD5'
0	06:31:12.410	HistoryCenter: synchronize 'EURUSD5'
0	06:31:13.153	HistoryCenter: 2 bars imported in 'EURUSD5'
0	06:31:13.686	HistoryCenter: synchronize 'EURUSD5'
0	06:31:14.427	HistoryCenter: 2 bars imported in 'EURUSD5'
0	06:31:15.502	HistoryCenter: synchronize 'EURUSD5'
0	06:31:16.237	HistoryCenter: 2 bars imported in 'EURUSD5'
0	06:31:16.774	HistoryCenter: synchronize 'EURUSD5'
0	06:31:17.526	HistoryCenter: 2 bars imported in 'EURUSD5'
0	06:31:18.603	HistoryCenter: synchronize 'EURUSD5'
0	06:31:19.349	HistoryCenter: 2 bars imported in 'EURUSD5'
2	06:31:22.140	Custom indicator GOLDX01 EURUSD,M5: loaded successfully
0	06:32:59.499	HistoryCenter: synchronize 'EURUSD5'
0	06:33:00.240	HistoryCenter: 2 bars imported in 'EURUSD5'
0	06:33:01.290	HistoryCenter: synchronize 'EURUSD5'
0	06:33:02.057	HistoryCenter: 2 bars imported in 'EURUSD5'
0	06:33:02.581	HistoryCenter: synchronize 'EURUSD5'
0	06:33:03.308	HistoryCenter: 2 bars imported in 'EURUSD5'
0	06:33:03.851	HistoryCenter: synchronize 'EURUSD5'
0	06:33:04.574	HistoryCenter: 2 bars imported in 'EURUSD5'
0	06:33:05.631	HistoryCenter: synchronize 'EURUSD5'
0	06:33:06.357	HistoryCenter: 2 bars imported in 'EURUSD5'
0	06:33:06.875	HistoryCenter: synchronize 'EURUSD5'
0	06:33:07.599	HistoryCenter: 2 bars imported in 'EURUSD5'
0	06:33:08.654	HistoryCenter: synchronize 'EURUSD5'
0	06:33:09.403	HistoryCenter: 2 bars imported in 'EURUSD5'
0	06:33:09.939	HistoryCenter: synchronize 'EURUSD5'
0	06:33:10.686	HistoryCenter: 2 bars imported in 'EURUSD5'
0	06:33:11.763	HistoryCenter: synchronize 'EURUSD5'
0	06:33:12.525	HistoryCenter: 2 bars imported in 'EURUSD5'
0	06:33:13.578	HistoryCenter: synchronize 'EURUSD5'
0	06:33:14.308	HistoryCenter: 2 bars imported in 'EURUSD5'
0	06:33:14.852	HistoryCenter: synchronize 'EURUSD5'
0	06:33:15.594	HistoryCenter: 2 bars imported in 'EURUSD5'
0	06:33:16.663	HistoryCenter: synchronize 'EURUSD5'
0	06:33:17.415	HistoryCenter: 2 bars imported in 'EURUSD5'
0	06:33:17.975	HistoryCenter: synchronize 'EURUSD5'
0	06:33:18.701	HistoryCenter: 2 bars imported in 'EURUSD5'
0	06:33:19.752	HistoryCenter: synchronize 'EURUSD5'
0	06:33:20.495	HistoryCenter: 2 bars imported in 'EURUSD5'
2	06:34:12.922	Custom indicator fadedbckgrnd2__1 EURGBP,M5: removed
2	06:34:12.922	Custom indicator FixedChartScale EURGBP,M5: removed
2	06:34:12.930	Custom indicator Price Pro Value Chart Profissional - PT-BR EURGBP,M5: removed
2	06:34:12.938	Custom indicator fadedbckgrnd2__1 EURGBP,M5: loaded successfully
2	06:34:12.946	Custom indicator FixedChartScale EURGBP,M5: loaded successfully
2	06:34:13.050	Custom indicator Price Pro Value Chart Profissional - PT-BR EURGBP,M5: loaded successfully
2	06:34:13.058	Custom indicator GOLDX01 EURGBP,M5: loaded successfully
0	06:34:13.372	HistoryCenter: synchronize 'EURGBP5'
0	06:34:14.138	HistoryCenter: 2 bars imported in 'EURGBP5'
0	06:34:15.207	HistoryCenter: synchronize 'EURGBP5'
0	06:34:15.958	HistoryCenter: 2 bars imported in 'EURGBP5'
0	06:34:16.493	HistoryCenter: synchronize 'EURGBP5'
0	06:34:17.227	HistoryCenter: 2 bars imported in 'EURGBP5'
0	06:34:18.281	HistoryCenter: synchronize 'EURGBP5'
0	06:34:19.032	HistoryCenter: 2 bars imported in 'EURGBP5'
0	06:34:19.570	HistoryCenter: synchronize 'EURGBP5'
0	06:34:20.314	HistoryCenter: 2 bars imported in 'EURGBP5'
0	06:34:21.373	HistoryCenter: synchronize 'EURGBP5'
0	06:34:22.106	HistoryCenter: 2 bars imported in 'EURGBP5'
0	06:34:22.632	HistoryCenter: synchronize 'EURGBP5'
0	06:34:23.373	HistoryCenter: 2 bars imported in 'EURGBP5'
0	06:34:24.412	HistoryCenter: synchronize 'EURGBP5'
0	06:34:25.145	HistoryCenter: 2 bars imported in 'EURGBP5'
0	06:34:25.691	HistoryCenter: synchronize 'EURGBP5'
0	06:34:26.435	HistoryCenter: 2 bars imported in 'EURGBP5'
0	06:34:27.492	HistoryCenter: synchronize 'EURGBP5'
0	06:34:28.238	HistoryCenter: 2 bars imported in 'EURGBP5'
0	06:34:29.302	HistoryCenter: synchronize 'EURGBP5'
0	06:34:30.059	HistoryCenter: 2 bars imported in 'EURGBP5'
0	06:34:30.612	HistoryCenter: synchronize 'EURGBP5'
0	06:34:31.351	HistoryCenter: 2 bars imported in 'EURGBP5'
0	06:34:32.416	HistoryCenter: synchronize 'EURGBP5'
0	06:34:33.158	HistoryCenter: 2 bars imported in 'EURGBP5'
2	06:35:01.106	Custom indicator 2 Binary Kikos EURGBP,M5: loaded successfully
0	06:41:12.840	HistoryCenter: synchronize 'EURGBP5'
0	06:41:13.593	HistoryCenter: 2 bars imported in 'EURGBP5'
0	06:41:14.689	HistoryCenter: synchronize 'EURGBP5'
0	06:41:15.424	HistoryCenter: 2 bars imported in 'EURGBP5'
0	06:41:15.952	HistoryCenter: synchronize 'EURGBP5'
0	06:41:16.695	HistoryCenter: 2 bars imported in 'EURGBP5'
0	06:41:17.251	HistoryCenter: synchronize 'EURGBP5'
0	06:41:18.034	HistoryCenter: 2 bars imported in 'EURGBP5'
0	06:41:19.102	HistoryCenter: synchronize 'EURGBP5'
2	06:41:19.528	Custom indicator Thor Rs1 EURGBP,M5: loaded successfully
0	06:41:19.897	HistoryCenter: 2 bars imported in 'EURGBP5'
0	06:41:20.985	HistoryCenter: synchronize 'EURGBP5'
0	06:41:21.743	HistoryCenter: 2 bars imported in 'EURGBP5'
0	06:41:22.276	HistoryCenter: synchronize 'EURGBP5'
0	06:41:23.018	HistoryCenter: 2 bars imported in 'EURGBP5'
0	06:41:24.099	HistoryCenter: synchronize 'EURGBP5'
0	06:41:24.856	HistoryCenter: 2 bars imported in 'EURGBP5'
0	06:41:25.949	HistoryCenter: synchronize 'EURGBP5'
0	06:41:26.707	HistoryCenter: 2 bars imported in 'EURGBP5'
0	06:41:27.243	HistoryCenter: synchronize 'EURGBP5'
0	06:41:28.009	HistoryCenter: 2 bars imported in 'EURGBP5'
0	06:41:29.076	HistoryCenter: synchronize 'EURGBP5'
0	06:41:29.830	HistoryCenter: 2 bars imported in 'EURGBP5'
0	06:42:20.859	HistoryCenter: synchronize 'EURGBP5'
0	06:42:21.633	HistoryCenter: 2 bars imported in 'EURGBP5'
0	06:42:22.711	HistoryCenter: synchronize 'EURGBP5'
0	06:42:23.545	HistoryCenter: 2 bars imported in 'EURGBP5'
0	06:42:24.091	HistoryCenter: synchronize 'EURGBP5'
0	06:42:24.832	HistoryCenter: 2 bars imported in 'EURGBP5'
0	06:42:25.898	HistoryCenter: synchronize 'EURGBP5'
0	06:42:26.625	HistoryCenter: 2 bars imported in 'EURGBP5'
0	06:42:27.155	HistoryCenter: synchronize 'EURGBP5'
0	06:42:27.879	HistoryCenter: 2 bars imported in 'EURGBP5'
0	06:42:28.958	HistoryCenter: synchronize 'EURGBP5'
0	06:42:29.703	HistoryCenter: 2 bars imported in 'EURGBP5'
0	06:42:30.225	HistoryCenter: synchronize 'EURGBP5'
0	06:42:30.952	HistoryCenter: 2 bars imported in 'EURGBP5'
0	06:42:32.005	HistoryCenter: synchronize 'EURGBP5'
0	06:42:32.745	HistoryCenter: 2 bars imported in 'EURGBP5'
0	06:42:33.271	HistoryCenter: synchronize 'EURGBP5'
0	06:42:34.098	HistoryCenter: 2 bars imported in 'EURGBP5'
0	06:42:35.178	HistoryCenter: synchronize 'EURGBP5'
0	06:42:35.923	HistoryCenter: 2 bars imported in 'EURGBP5'
0	06:42:37.011	HistoryCenter: synchronize 'EURGBP5'
0	06:42:37.761	HistoryCenter: 2 bars imported in 'EURGBP5'
0	06:42:38.836	HistoryCenter: synchronize 'EURGBP5'
0	06:42:39.552	HistoryCenter: 2 bars imported in 'EURGBP5'
0	06:42:40.093	HistoryCenter: synchronize 'EURGBP5'
0	06:42:40.851	HistoryCenter: 2 bars imported in 'EURGBP5'
0	06:44:09.196	HistoryCenter: synchronize 'EURGBP5'
0	06:44:09.930	HistoryCenter: 2 bars imported in 'EURGBP5'
0	06:44:11.029	HistoryCenter: synchronize 'EURGBP5'
0	06:44:11.745	HistoryCenter: 2 bars imported in 'EURGBP5'
0	06:44:12.287	HistoryCenter: synchronize 'EURGBP5'
0	06:44:13.038	HistoryCenter: 2 bars imported in 'EURGBP5'
0	06:44:13.568	HistoryCenter: synchronize 'EURGBP5'
0	06:44:14.312	HistoryCenter: 2 bars imported in 'EURGBP5'
0	06:44:15.392	HistoryCenter: synchronize 'EURGBP5'
0	06:44:16.122	HistoryCenter: 2 bars imported in 'EURGBP5'
0	06:44:17.193	HistoryCenter: synchronize 'EURGBP5'
0	06:44:17.960	HistoryCenter: 2 bars imported in 'EURGBP5'
0	06:44:18.497	HistoryCenter: synchronize 'EURGBP5'
0	06:44:19.267	HistoryCenter: 2 bars imported in 'EURGBP5'
0	06:44:20.361	HistoryCenter: synchronize 'EURGBP5'
0	06:44:21.102	HistoryCenter: 2 bars imported in 'EURGBP5'
0	06:44:21.634	HistoryCenter: synchronize 'EURGBP5'
0	06:44:22.398	HistoryCenter: 2 bars imported in 'EURGBP5'
0	06:44:23.458	HistoryCenter: synchronize 'EURGBP5'
0	06:44:24.207	HistoryCenter: 2 bars imported in 'EURGBP5'
0	06:44:25.300	HistoryCenter: synchronize 'EURGBP5'
0	06:44:26.057	HistoryCenter: 2 bars imported in 'EURGBP5'
0	06:44:26.599	HistoryCenter: synchronize 'EURGBP5'
0	06:44:27.356	HistoryCenter: 2 bars imported in 'EURGBP5'
0	06:44:28.447	HistoryCenter: synchronize 'EURGBP5'
0	06:44:29.181	HistoryCenter: 2 bars imported in 'EURGBP5'
0	06:44:30.239	HistoryCenter: synchronize 'EURGBP5'
0	06:44:30.964	HistoryCenter: 2 bars imported in 'EURGBP5'
0	06:44:31.504	HistoryCenter: synchronize 'EURGBP5'
0	06:44:32.230	HistoryCenter: 2 bars imported in 'EURGBP5'
0	06:45:28.169	HistoryCenter: synchronize 'EURGBP5'
0	06:45:28.911	HistoryCenter: 2 bars imported in 'EURGBP5'
0	06:45:29.972	HistoryCenter: synchronize 'EURGBP5'
0	06:45:30.747	HistoryCenter: 2 bars imported in 'EURGBP5'
0	06:45:31.266	HistoryCenter: synchronize 'EURGBP5'
0	06:45:31.976	HistoryCenter: 2 bars imported in 'EURGBP5'
0	06:45:32.504	HistoryCenter: synchronize 'EURGBP5'
0	06:45:33.253	HistoryCenter: 2 bars imported in 'EURGBP5'
0	06:45:34.339	HistoryCenter: synchronize 'EURGBP5'
0	06:45:35.084	HistoryCenter: 2 bars imported in 'EURGBP5'
0	06:45:35.632	HistoryCenter: synchronize 'EURGBP5'
0	06:45:36.375	HistoryCenter: 2 bars imported in 'EURGBP5'
0	06:45:37.433	HistoryCenter: synchronize 'EURGBP5'
0	06:45:38.188	HistoryCenter: 2 bars imported in 'EURGBP5'
0	06:45:39.257	HistoryCenter: synchronize 'EURGBP5'
0	06:45:40.027	HistoryCenter: 2 bars imported in 'EURGBP5'
0	06:45:40.584	HistoryCenter: synchronize 'EURGBP5'
0	06:45:41.324	HistoryCenter: 2 bars imported in 'EURGBP5'
0	06:45:42.375	HistoryCenter: synchronize 'EURGBP5'
0	06:45:43.107	HistoryCenter: 2 bars imported in 'EURGBP5'
0	06:45:44.164	HistoryCenter: synchronize 'EURGBP5'
0	06:45:44.928	HistoryCenter: 2 bars imported in 'EURGBP5'
0	06:45:45.447	HistoryCenter: synchronize 'EURGBP5'
0	06:45:46.222	HistoryCenter: 2 bars imported in 'EURGBP5'
0	06:45:47.280	HistoryCenter: synchronize 'EURGBP5'
0	06:45:48.031	HistoryCenter: 2 bars imported in 'EURGBP5'
2	06:50:45.866	Custom indicator fadedbckgrnd2__1 EURUSD,M5: removed
2	06:50:45.866	Custom indicator FixedChartScale EURUSD,M5: removed
2	06:50:45.882	Custom indicator Price Pro Value Chart Profissional - PT-BR EURUSD,M5: removed
2	06:50:45.882	Custom indicator GOLDX01 EURUSD,M5: removed
2	06:50:45.890	Custom indicator fadedbckgrnd2__1 EURUSD,M5: loaded successfully
2	06:50:45.898	Custom indicator FixedChartScale EURUSD,M5: loaded successfully
2	06:50:45.906	Custom indicator 2 Binary Kikos EURUSD,M5: loaded successfully
2	06:50:46.002	Custom indicator Price Pro Value Chart Profissional - PT-BR EURUSD,M5: loaded successfully
2	06:50:46.010	Custom indicator GOLDX01 EURUSD,M5: loaded successfully
2	06:50:46.018	Custom indicator Thor Rs1 EURUSD,M5: loaded successfully
0	06:50:46.361	HistoryCenter: synchronize 'EURUSD5'
0	06:50:47.104	HistoryCenter: 2 bars imported in 'EURUSD5'
0	06:50:48.699	HistoryCenter: synchronize 'EURUSD5'
0	06:50:49.442	HistoryCenter: 2 bars imported in 'EURUSD5'
0	06:50:50.519	HistoryCenter: synchronize 'EURUSD5'
0	06:50:51.251	HistoryCenter: 2 bars imported in 'EURUSD5'
0	06:50:52.335	HistoryCenter: synchronize 'EURUSD5'
0	06:50:53.086	HistoryCenter: 2 bars imported in 'EURUSD5'
0	06:50:53.616	HistoryCenter: synchronize 'EURUSD5'
0	06:50:54.380	HistoryCenter: 2 bars imported in 'EURUSD5'
0	06:50:55.437	HistoryCenter: synchronize 'EURUSD5'
0	06:50:56.184	HistoryCenter: 2 bars imported in 'EURUSD5'
0	06:50:56.725	HistoryCenter: synchronize 'EURUSD5'
0	06:50:57.482	HistoryCenter: 2 bars imported in 'EURUSD5'
0	06:50:58.557	HistoryCenter: synchronize 'EURUSD5'
0	06:50:59.283	HistoryCenter: 2 bars imported in 'EURUSD5'
0	06:51:00.347	HistoryCenter: synchronize 'EURUSD5'
0	06:51:01.125	HistoryCenter: 2 bars imported in 'EURUSD5'
0	06:51:01.659	HistoryCenter: synchronize 'EURUSD5'
0	06:51:02.406	HistoryCenter: 2 bars imported in 'EURUSD5'
0	06:51:03.478	HistoryCenter: synchronize 'EURUSD5'
0	06:51:04.211	HistoryCenter: 2 bars imported in 'EURUSD5'
0	06:51:05.284	HistoryCenter: synchronize 'EURUSD5'
0	06:51:06.025	HistoryCenter: 2 bars imported in 'EURUSD5'
2	06:51:21.391	Custom indicator GOLDX01 EURUSD,M5: removed
2	06:52:28.834	Custom indicator SPIDER INDICADOR TELEGRAM @INDICADORESGRATIS (5) EURUSD,M5: loaded successfully
0	06:53:59.138	HistoryCenter: synchronize 'EURUSD5'
0	06:53:59.912	HistoryCenter: 2 bars imported in 'EURUSD5'
0	06:54:00.983	HistoryCenter: synchronize 'EURUSD5'
0	06:54:01.692	HistoryCenter: 2 bars imported in 'EURUSD5'
0	06:54:02.228	HistoryCenter: synchronize 'EURUSD5'
0	06:54:02.985	HistoryCenter: 2 bars imported in 'EURUSD5'
0	06:54:03.527	HistoryCenter: synchronize 'EURUSD5'
0	06:54:04.269	HistoryCenter: 2 bars imported in 'EURUSD5'
0	06:54:05.328	HistoryCenter: synchronize 'EURUSD5'
0	06:54:06.073	HistoryCenter: 2 bars imported in 'EURUSD5'
0	06:54:07.148	HistoryCenter: synchronize 'EURUSD5'
0	06:54:07.904	HistoryCenter: 2 bars imported in 'EURUSD5'
0	06:54:08.445	HistoryCenter: synchronize 'EURUSD5'
0	06:54:09.209	HistoryCenter: 2 bars imported in 'EURUSD5'
0	06:54:10.272	HistoryCenter: synchronize 'EURUSD5'
0	06:54:11.001	HistoryCenter: 2 bars imported in 'EURUSD5'
0	06:54:11.533	HistoryCenter: synchronize 'EURUSD5'
0	06:54:12.345	HistoryCenter: 2 bars imported in 'EURUSD5'
0	06:54:13.421	HistoryCenter: synchronize 'EURUSD5'
0	06:54:14.157	HistoryCenter: 2 bars imported in 'EURUSD5'
0	06:54:15.209	HistoryCenter: synchronize 'EURUSD5'
0	06:54:15.990	HistoryCenter: 2 bars imported in 'EURUSD5'
2	06:55:16.860	Custom indicator fadedbckgrnd2__1 EURGBP,M5: removed
2	06:55:16.860	Custom indicator FixedChartScale EURGBP,M5: removed
2	06:55:16.860	Custom indicator 2 Binary Kikos EURGBP,M5: removed
2	06:55:16.876	Custom indicator Price Pro Value Chart Profissional - PT-BR EURGBP,M5: removed
2	06:55:16.876	Custom indicator GOLDX01 EURGBP,M5: removed
2	06:55:16.876	Custom indicator Thor Rs1 EURGBP,M5: removed
2	06:55:16.884	Custom indicator fadedbckgrnd2__1 EURGBP,M5: loaded successfully
2	06:55:16.892	Custom indicator FixedChartScale EURGBP,M5: loaded successfully
2	06:55:16.900	Custom indicator 2 Binary Kikos EURGBP,M5: loaded successfully
2	06:55:16.996	Custom indicator Price Pro Value Chart Profissional - PT-BR EURGBP,M5: loaded successfully
2	06:55:17.012	Custom indicator GOLDX01 EURGBP,M5: loaded successfully
2	06:55:17.012	Custom indicator Thor Rs1 EURGBP,M5: loaded successfully
0	06:55:17.366	HistoryCenter: synchronize 'EURGBP5'
0	06:55:18.135	HistoryCenter: 2 bars imported in 'EURGBP5'
0	06:55:19.193	HistoryCenter: synchronize 'EURGBP5'
0	06:55:19.925	HistoryCenter: 2 bars imported in 'EURGBP5'
0	06:55:20.453	HistoryCenter: synchronize 'EURGBP5'
0	06:55:21.196	HistoryCenter: 2 bars imported in 'EURGBP5'
0	06:55:21.723	HistoryCenter: synchronize 'EURGBP5'
0	06:55:22.491	HistoryCenter: 2 bars imported in 'EURGBP5'
0	06:55:23.565	HistoryCenter: synchronize 'EURGBP5'
0	06:55:24.311	HistoryCenter: 2 bars imported in 'EURGBP5'
0	06:55:25.399	HistoryCenter: synchronize 'EURGBP5'
0	06:55:26.128	HistoryCenter: 2 bars imported in 'EURGBP5'
0	06:55:26.671	HistoryCenter: synchronize 'EURGBP5'
0	06:55:27.415	HistoryCenter: 2 bars imported in 'EURGBP5'
0	06:55:28.503	HistoryCenter: synchronize 'EURGBP5'
0	06:55:29.282	HistoryCenter: 2 bars imported in 'EURGBP5'
0	06:55:30.347	HistoryCenter: synchronize 'EURGBP5'
0	06:55:31.089	HistoryCenter: 2 bars imported in 'EURGBP5'
0	06:55:31.609	HistoryCenter: synchronize 'EURGBP5'
0	06:55:32.360	HistoryCenter: 2 bars imported in 'EURGBP5'
0	06:55:33.456	HistoryCenter: synchronize 'EURGBP5'
0	06:55:34.189	HistoryCenter: 2 bars imported in 'EURGBP5'
0	06:55:34.722	HistoryCenter: synchronize 'EURGBP5'
0	06:55:35.447	HistoryCenter: 2 bars imported in 'EURGBP5'
0	06:55:36.542	HistoryCenter: synchronize 'EURGBP5'
0	06:55:37.265	HistoryCenter: 2 bars imported in 'EURGBP5'
0	06:55:38.340	HistoryCenter: synchronize 'EURGBP5'
0	06:55:39.106	HistoryCenter: 2 bars imported in 'EURGBP5'
2	06:55:44.360	Custom indicator fadedbckgrnd2__1 EURGBP,M5: removed
2	06:55:44.360	Custom indicator FixedChartScale EURGBP,M5: removed
2	06:55:44.360	Custom indicator 2 Binary Kikos EURGBP,M5: removed
2	06:55:44.376	Custom indicator Price Pro Value Chart Profissional - PT-BR EURGBP,M5: removed
2	06:55:44.376	Custom indicator GOLDX01 EURGBP,M5: removed
2	06:55:44.376	Custom indicator Thor Rs1 EURGBP,M5: removed
2	06:55:44.384	Custom indicator fadedbckgrnd2__1 EURGBP,M5: loaded successfully
2	06:55:44.392	Custom indicator FixedChartScale EURGBP,M5: loaded successfully
2	06:55:44.400	Custom indicator 2 Binary Kikos EURGBP,M5: loaded successfully
2	06:55:44.408	Custom indicator SPIDER INDICADOR TELEGRAM @INDICADORESGRATIS (5) EURGBP,M5: loaded successfully
2	06:55:44.496	Custom indicator Price Pro Value Chart Profissional - PT-BR EURGBP,M5: loaded successfully
2	06:55:44.512	Custom indicator Thor Rs1 EURGBP,M5: loaded successfully
0	06:55:44.953	HistoryCenter: synchronize 'EURGBP5'
0	06:55:45.689	HistoryCenter: 2 bars imported in 'EURGBP5'
0	06:55:46.759	HistoryCenter: synchronize 'EURGBP5'
0	06:55:47.508	HistoryCenter: 2 bars imported in 'EURGBP5'
0	06:55:48.050	HistoryCenter: synchronize 'EURGBP5'
0	06:55:48.800	HistoryCenter: 2 bars imported in 'EURGBP5'
0	06:55:49.883	HistoryCenter: synchronize 'EURGBP5'
0	06:55:50.602	HistoryCenter: 2 bars imported in 'EURGBP5'
0	06:55:51.134	HistoryCenter: synchronize 'EURGBP5'
0	06:55:51.871	HistoryCenter: 2 bars imported in 'EURGBP5'
0	06:55:52.924	HistoryCenter: synchronize 'EURGBP5'
0	06:55:53.664	HistoryCenter: 2 bars imported in 'EURGBP5'
0	06:55:54.202	HistoryCenter: synchronize 'EURGBP5'
0	06:55:54.932	HistoryCenter: 2 bars imported in 'EURGBP5'
0	06:55:56.015	HistoryCenter: synchronize 'EURGBP5'
0	06:55:56.763	HistoryCenter: 2 bars imported in 'EURGBP5'
2	06:56:16.883	Custom indicator SPIDER INDICADOR TELEGRAM @INDICADORESGRATIS (5) EURUSD,M5: removed
0	06:57:12.230	HistoryCenter: synchronize 'EURUSD5'
0	06:57:12.988	HistoryCenter: 2 bars imported in 'EURUSD5'
0	06:57:14.068	HistoryCenter: synchronize 'EURUSD5'
0	06:57:14.811	HistoryCenter: 2 bars imported in 'EURUSD5'
0	06:57:15.371	HistoryCenter: synchronize 'EURUSD5'
0	06:57:16.126	HistoryCenter: 2 bars imported in 'EURUSD5'
0	06:57:17.210	HistoryCenter: synchronize 'EURUSD5'
0	06:57:17.973	HistoryCenter: 2 bars imported in 'EURUSD5'
0	06:57:18.504	HistoryCenter: synchronize 'EURUSD5'
0	06:57:19.251	HistoryCenter: 2 bars imported in 'EURUSD5'
0	06:57:20.304	HistoryCenter: synchronize 'EURUSD5'
0	06:57:21.051	HistoryCenter: 2 bars imported in 'EURUSD5'
0	06:57:21.592	HistoryCenter: synchronize 'EURUSD5'
0	06:57:22.336	HistoryCenter: 2 bars imported in 'EURUSD5'
0	06:57:23.425	HistoryCenter: synchronize 'EURUSD5'
0	06:57:24.153	HistoryCenter: 2 bars imported in 'EURUSD5'
0	06:57:25.247	HistoryCenter: synchronize 'EURUSD5'
0	06:57:26.021	HistoryCenter: 2 bars imported in 'EURUSD5'
2	06:58:29.477	Custom indicator fadedbckgrnd2__1 EURGBP,M5: removed
2	06:58:29.477	Custom indicator FixedChartScale EURGBP,M5: removed
2	06:58:29.477	Custom indicator 2 Binary Kikos EURGBP,M5: removed
2	06:58:29.477	Custom indicator SPIDER INDICADOR TELEGRAM @INDICADORESGRATIS (5) EURGBP,M5: removed
2	06:58:29.493	Custom indicator Price Pro Value Chart Profissional - PT-BR EURGBP,M5: removed
2	06:58:29.493	Custom indicator Thor Rs1 EURGBP,M5: removed
2	06:58:29.501	Custom indicator fadedbckgrnd2__1 EURGBP,M5: loaded successfully
2	06:58:29.509	Custom indicator FixedChartScale EURGBP,M5: loaded successfully
2	06:58:29.517	Custom indicator 2 Binary Kikos EURGBP,M5: loaded successfully
2	06:58:29.621	Custom indicator Price Pro Value Chart Profissional - PT-BR EURGBP,M5: loaded successfully
2	06:58:29.629	Custom indicator Thor Rs1 EURGBP,M5: loaded successfully
0	06:58:29.968	HistoryCenter: synchronize 'EURGBP5'
0	06:58:30.696	HistoryCenter: 2 bars imported in 'EURGBP5'
0	06:58:31.746	HistoryCenter: synchronize 'EURGBP5'
0	06:58:32.484	HistoryCenter: 2 bars imported in 'EURGBP5'
0	06:58:33.011	HistoryCenter: synchronize 'EURGBP5'
0	06:58:33.767	HistoryCenter: 2 bars imported in 'EURGBP5'
0	06:58:34.310	HistoryCenter: synchronize 'EURGBP5'
0	06:58:35.061	HistoryCenter: 2 bars imported in 'EURGBP5'
0	06:58:36.118	HistoryCenter: synchronize 'EURGBP5'
0	06:58:36.845	HistoryCenter: 2 bars imported in 'EURGBP5'
0	06:58:37.909	HistoryCenter: synchronize 'EURGBP5'
0	06:58:38.643	HistoryCenter: 2 bars imported in 'EURGBP5'
0	06:58:39.165	HistoryCenter: synchronize 'EURGBP5'
0	06:58:39.907	HistoryCenter: 2 bars imported in 'EURGBP5'
0	06:58:40.992	HistoryCenter: synchronize 'EURGBP5'
0	06:58:41.734	HistoryCenter: 2 bars imported in 'EURGBP5'
0	06:58:42.272	HistoryCenter: synchronize 'EURGBP5'
0	06:58:43.026	HistoryCenter: 2 bars imported in 'EURGBP5'
0	06:58:44.091	HistoryCenter: synchronize 'EURGBP5'
0	06:58:44.828	HistoryCenter: 2 bars imported in 'EURGBP5'
2	06:59:09.606	Custom indicator fadedbckgrnd2__1 GBPUSD,M5: loaded successfully
2	06:59:09.614	Custom indicator FixedChartScale GBPUSD,M5: loaded successfully
2	06:59:09.622	Custom indicator 2 Binary Kikos GBPUSD,M5: loaded successfully
2	06:59:09.718	Custom indicator Price Pro Value Chart Profissional - PT-BR GBPUSD,M5: loaded successfully
2	06:59:09.726	Custom indicator Thor Rs1 GBPUSD,M5: loaded successfully
0	06:59:10.074	HistoryCenter: synchronize 'GBPUSD5'
0	06:59:10.838	HistoryCenter: 2 bars imported in 'GBPUSD5'
0	06:59:11.904	HistoryCenter: synchronize 'GBPUSD5'
0	06:59:12.640	HistoryCenter: 2 bars imported in 'GBPUSD5'
0	06:59:13.172	HistoryCenter: synchronize 'GBPUSD5'
0	06:59:13.921	HistoryCenter: 2 bars imported in 'GBPUSD5'
0	06:59:14.997	HistoryCenter: synchronize 'GBPUSD5'
0	06:59:15.745	HistoryCenter: 2 bars imported in 'GBPUSD5'
0	06:59:16.279	HistoryCenter: synchronize 'GBPUSD5'
0	06:59:17.011	HistoryCenter: 2 bars imported in 'GBPUSD5'
0	06:59:18.062	HistoryCenter: synchronize 'GBPUSD5'
0	06:59:18.829	HistoryCenter: 2 bars imported in 'GBPUSD5'
0	06:59:19.350	HistoryCenter: synchronize 'GBPUSD5'
0	06:59:20.130	HistoryCenter: 2 bars imported in 'GBPUSD5'
0	06:59:21.186	HistoryCenter: synchronize 'GBPUSD5'
0	06:59:21.943	HistoryCenter: 2 bars imported in 'GBPUSD5'
0	06:59:22.999	HistoryCenter: synchronize 'GBPUSD5'
0	06:59:23.742	HistoryCenter: 2 bars imported in 'GBPUSD5'
0	06:59:24.293	HistoryCenter: synchronize 'GBPUSD5'
0	06:59:25.070	HistoryCenter: 2 bars imported in 'GBPUSD5'
0	07:00:22.155	HistoryCenter: synchronize 'EURUSD5'
0	07:00:22.883	HistoryCenter: 2 bars imported in 'EURUSD5'
0	07:00:23.953	HistoryCenter: synchronize 'EURUSD5'
0	07:00:24.691	HistoryCenter: 2 bars imported in 'EURUSD5'
0	07:00:25.237	HistoryCenter: synchronize 'EURUSD5'
0	07:00:25.964	HistoryCenter: 2 bars imported in 'EURUSD5'
0	07:00:26.503	HistoryCenter: synchronize 'EURUSD5'
0	07:00:27.248	HistoryCenter: 2 bars imported in 'EURUSD5'
0	07:00:28.338	HistoryCenter: synchronize 'EURUSD5'
0	07:00:29.087	HistoryCenter: 2 bars imported in 'EURUSD5'
0	07:00:30.166	HistoryCenter: synchronize 'EURUSD5'
0	07:00:30.901	HistoryCenter: 2 bars imported in 'EURUSD5'
0	07:00:31.432	HistoryCenter: synchronize 'EURUSD5'
0	07:00:32.170	HistoryCenter: 2 bars imported in 'EURUSD5'
0	07:00:59.100	HistoryCenter: synchronize 'EURUSD1'
0	07:00:59.844	HistoryCenter: 2 bars imported in 'EURUSD1'
0	07:01:00.919	HistoryCenter: synchronize 'EURUSD1'
0	07:01:01.656	HistoryCenter: 2 bars imported in 'EURUSD1'
0	07:01:02.185	HistoryCenter: synchronize 'EURUSD1'
0	07:01:02.961	HistoryCenter: 2 bars imported in 'EURUSD1'
0	07:01:04.020	HistoryCenter: synchronize 'EURUSD1'
0	07:01:04.760	HistoryCenter: 2 bars imported in 'EURUSD1'
0	07:01:05.311	HistoryCenter: synchronize 'EURUSD1'
0	07:01:06.061	HistoryCenter: 2 bars imported in 'EURUSD1'
0	07:02:17.506	HistoryCenter: synchronize 'EURUSD1'
0	07:02:18.267	HistoryCenter: 2 bars imported in 'EURUSD1'
0	07:02:19.348	HistoryCenter: synchronize 'EURUSD1'
0	07:02:20.083	HistoryCenter: 2 bars imported in 'EURUSD1'
0	07:02:20.633	HistoryCenter: synchronize 'EURUSD1'
0	07:02:21.391	HistoryCenter: 2 bars imported in 'EURUSD1'
0	07:02:21.924	HistoryCenter: synchronize 'EURUSD1'
0	07:02:22.663	HistoryCenter: 2 bars imported in 'EURUSD1'
0	07:02:23.735	HistoryCenter: synchronize 'EURUSD1'
0	07:02:24.474	HistoryCenter: 2 bars imported in 'EURUSD1'
0	07:02:25.573	HistoryCenter: synchronize 'EURUSD1'
0	07:02:26.330	HistoryCenter: 2 bars imported in 'EURUSD1'
0	07:02:26.872	HistoryCenter: synchronize 'EURUSD1'
0	07:02:27.625	HistoryCenter: 2 bars imported in 'EURUSD1'
0	07:02:28.680	HistoryCenter: synchronize 'EURUSD1'
0	07:02:29.426	HistoryCenter: 2 bars imported in 'EURUSD1'
0	07:02:30.508	HistoryCenter: synchronize 'EURUSD1'
0	07:02:31.266	HistoryCenter: 2 bars imported in 'EURUSD1'
0	07:02:31.803	HistoryCenter: synchronize 'EURUSD1'
0	07:02:32.554	HistoryCenter: 2 bars imported in 'EURUSD1'
0	07:02:33.638	HistoryCenter: synchronize 'EURUSD1'
0	07:02:34.390	HistoryCenter: 2 bars imported in 'EURUSD1'
0	07:02:34.922	HistoryCenter: synchronize 'EURUSD1'
0	07:02:35.681	HistoryCenter: 2 bars imported in 'EURUSD1'
0	07:05:13.443	HistoryCenter: synchronize 'EURUSD1'
0	07:05:14.221	HistoryCenter: 2 bars imported in 'EURUSD1'
0	07:05:15.293	HistoryCenter: synchronize 'EURUSD1'
0	07:05:16.081	HistoryCenter: 2 bars imported in 'EURUSD1'
0	07:05:16.606	HistoryCenter: synchronize 'EURUSD1'
0	07:05:17.342	HistoryCenter: 2 bars imported in 'EURUSD1'
0	07:05:17.891	HistoryCenter: synchronize 'EURUSD1'
0	07:05:18.629	HistoryCenter: 2 bars imported in 'EURUSD1'
0	07:05:19.691	HistoryCenter: synchronize 'EURUSD1'
0	07:05:20.429	HistoryCenter: 2 bars imported in 'EURUSD1'
0	07:05:21.515	HistoryCenter: synchronize 'EURUSD1'
0	07:05:22.265	HistoryCenter: 2 bars imported in 'EURUSD1'
0	07:05:22.813	HistoryCenter: synchronize 'EURUSD1'
0	07:05:23.560	HistoryCenter: 2 bars imported in 'EURUSD1'
0	07:05:24.654	HistoryCenter: synchronize 'EURUSD1'
0	07:05:25.370	HistoryCenter: 2 bars imported in 'EURUSD1'
0	07:05:26.449	HistoryCenter: synchronize 'EURUSD1'
0	07:05:27.195	HistoryCenter: 2 bars imported in 'EURUSD1'
0	07:05:27.736	HistoryCenter: synchronize 'EURUSD1'
0	07:05:28.481	HistoryCenter: 2 bars imported in 'EURUSD1'
0	07:05:29.577	HistoryCenter: synchronize 'EURUSD1'
0	07:05:30.309	HistoryCenter: 2 bars imported in 'EURUSD1'
0	07:05:30.843	HistoryCenter: synchronize 'EURUSD1'
0	07:05:31.568	HistoryCenter: 2 bars imported in 'EURUSD1'
0	07:05:32.637	HistoryCenter: synchronize 'EURUSD1'
0	07:05:33.382	HistoryCenter: 2 bars imported in 'EURUSD1'
0	07:05:34.448	HistoryCenter: synchronize 'EURUSD1'
0	07:05:35.172	HistoryCenter: 2 bars imported in 'EURUSD1'
2	07:10:57.031	Custom indicator Thor Rs1 EURUSD,M1: removed
0	07:11:11.816	HistoryCenter: synchronize 'EURUSD1'
0	07:11:12.557	HistoryCenter: 2 bars imported in 'EURUSD1'
0	07:11:14.144	HistoryCenter: synchronize 'EURUSD1'
0	07:11:14.895	HistoryCenter: 2 bars imported in 'EURUSD1'
0	07:11:15.978	HistoryCenter: synchronize 'EURUSD1'
0	07:11:16.746	HistoryCenter: 2 bars imported in 'EURUSD1'
0	07:11:17.816	HistoryCenter: synchronize 'EURUSD1'
0	07:11:18.564	HistoryCenter: 2 bars imported in 'EURUSD1'
0	07:11:19.100	HistoryCenter: synchronize 'EURUSD1'
0	07:11:19.869	HistoryCenter: 2 bars imported in 'EURUSD1'
0	07:11:20.966	HistoryCenter: synchronize 'EURUSD1'
0	07:11:21.723	HistoryCenter: 2 bars imported in 'EURUSD1'
0	07:11:22.771	HistoryCenter: synchronize 'EURUSD1'
0	07:11:23.526	HistoryCenter: 2 bars imported in 'EURUSD1'
0	07:11:24.056	HistoryCenter: synchronize 'EURUSD1'
0	07:11:24.778	HistoryCenter: 2 bars imported in 'EURUSD1'
0	07:15:23.596	HistoryCenter: synchronize 'EURUSD1'
0	07:15:24.388	HistoryCenter: 2 bars imported in 'EURUSD1'
0	07:15:26.024	HistoryCenter: synchronize 'EURUSD1'
0	07:15:26.765	HistoryCenter: 2 bars imported in 'EURUSD1'
0	07:15:27.829	HistoryCenter: synchronize 'EURUSD1'
0	07:15:28.555	HistoryCenter: 2 bars imported in 'EURUSD1'
0	07:15:29.628	HistoryCenter: synchronize 'EURUSD1'
0	07:15:30.371	HistoryCenter: 2 bars imported in 'EURUSD1'
0	07:15:30.914	HistoryCenter: synchronize 'EURUSD1'
0	07:15:31.684	HistoryCenter: 2 bars imported in 'EURUSD1'
0	07:15:32.762	HistoryCenter: synchronize 'EURUSD1'
0	07:15:33.487	HistoryCenter: 2 bars imported in 'EURUSD1'
0	07:15:34.017	HistoryCenter: synchronize 'EURUSD1'
2	07:15:34.624	Custom indicator GOLDX01 EURUSD,M1: loaded successfully
0	07:15:34.772	HistoryCenter: 2 bars imported in 'EURUSD1'
0	07:15:35.819	HistoryCenter: synchronize 'EURUSD1'
0	07:15:36.572	HistoryCenter: 2 bars imported in 'EURUSD1'
0	07:15:37.661	HistoryCenter: synchronize 'EURUSD1'
0	07:15:38.396	HistoryCenter: 2 bars imported in 'EURUSD1'
0	07:15:38.932	HistoryCenter: synchronize 'EURUSD1'
0	07:15:39.668	HistoryCenter: 2 bars imported in 'EURUSD1'
2	07:17:56.056	Custom indicator GOLDX01 EURUSD,M1: removed
2	07:18:02.912	Custom indicator DOT-ITM-RACHAM EURUSD,M1: loaded successfully
0	07:18:51.415	HistoryCenter: synchronize 'EURUSD1'
0	07:18:52.156	HistoryCenter: 2 bars imported in 'EURUSD1'
0	07:18:53.244	HistoryCenter: synchronize 'EURUSD1'
0	07:18:53.982	HistoryCenter: 2 bars imported in 'EURUSD1'
0	07:18:54.519	HistoryCenter: synchronize 'EURUSD1'
0	07:18:55.261	HistoryCenter: 2 bars imported in 'EURUSD1'
0	07:18:55.827	HistoryCenter: synchronize 'EURUSD1'
0	07:18:56.580	HistoryCenter: 2 bars imported in 'EURUSD1'
0	07:18:57.648	HistoryCenter: synchronize 'EURUSD1'
0	07:18:58.392	HistoryCenter: 2 bars imported in 'EURUSD1'
0	07:18:59.493	HistoryCenter: synchronize 'EURUSD1'
0	07:19:00.234	HistoryCenter: 2 bars imported in 'EURUSD1'
0	07:19:00.762	HistoryCenter: synchronize 'EURUSD1'
0	07:19:01.507	HistoryCenter: 2 bars imported in 'EURUSD1'
0	07:19:02.591	HistoryCenter: synchronize 'EURUSD1'
0	07:19:03.344	HistoryCenter: 2 bars imported in 'EURUSD1'
0	07:19:03.879	HistoryCenter: synchronize 'EURUSD1'
0	07:19:04.604	HistoryCenter: 2 bars imported in 'EURUSD1'
0	07:19:53.113	HistoryCenter: synchronize 'EURUSD5'
0	07:19:53.846	HistoryCenter: 4 bars imported in 'EURUSD5'
0	07:19:54.924	HistoryCenter: synchronize 'EURUSD5'
0	07:19:55.655	HistoryCenter: 2 bars imported in 'EURUSD5'
0	07:19:56.197	HistoryCenter: synchronize 'EURUSD5'
0	07:19:56.929	HistoryCenter: 2 bars imported in 'EURUSD5'
0	07:19:58.002	HistoryCenter: synchronize 'EURUSD5'
0	07:19:58.740	HistoryCenter: 2 bars imported in 'EURUSD5'
0	07:19:59.276	HistoryCenter: synchronize 'EURUSD5'
0	07:20:00.021	HistoryCenter: 2 bars imported in 'EURUSD5'
0	07:20:01.095	HistoryCenter: synchronize 'EURUSD5'
0	07:20:01.833	HistoryCenter: 2 bars imported in 'EURUSD5'
0	07:20:02.373	HistoryCenter: synchronize 'EURUSD5'
0	07:20:03.123	HistoryCenter: 2 bars imported in 'EURUSD5'
0	07:20:04.180	HistoryCenter: synchronize 'EURUSD5'
0	07:20:04.931	HistoryCenter: 2 bars imported in 'EURUSD5'
0	07:20:05.986	HistoryCenter: synchronize 'EURUSD5'
0	07:20:06.723	HistoryCenter: 2 bars imported in 'EURUSD5'
0	07:20:07.277	HistoryCenter: synchronize 'EURUSD5'
0	07:20:08.019	HistoryCenter: 2 bars imported in 'EURUSD5'
0	07:20:19.884	HistoryCenter: synchronize 'EURUSD5'
0	07:20:20.632	HistoryCenter: 2 bars imported in 'EURUSD5'
0	07:20:21.155	HistoryCenter: synchronize 'EURUSD5'
0	07:20:21.888	HistoryCenter: 2 bars imported in 'EURUSD5'
0	07:20:22.416	HistoryCenter: synchronize 'EURUSD5'
0	07:20:23.144	HistoryCenter: 2 bars imported in 'EURUSD5'
0	07:20:23.689	HistoryCenter: synchronize 'EURUSD5'
0	07:20:24.438	HistoryCenter: 2 bars imported in 'EURUSD5'
0	07:20:25.495	HistoryCenter: synchronize 'EURUSD5'
0	07:20:26.223	HistoryCenter: 2 bars imported in 'EURUSD5'
0	07:20:26.753	HistoryCenter: synchronize 'EURUSD5'
0	07:20:27.477	HistoryCenter: 2 bars imported in 'EURUSD5'
0	07:20:28.533	HistoryCenter: synchronize 'EURUSD5'
0	07:20:29.270	HistoryCenter: 2 bars imported in 'EURUSD5'
0	07:20:29.804	HistoryCenter: synchronize 'EURUSD5'
0	07:20:30.528	HistoryCenter: 2 bars imported in 'EURUSD5'
0	07:20:31.583	HistoryCenter: synchronize 'EURUSD5'
0	07:20:32.336	HistoryCenter: 2 bars imported in 'EURUSD5'
0	07:20:32.889	HistoryCenter: synchronize 'EURUSD5'
0	07:20:33.660	HistoryCenter: 2 bars imported in 'EURUSD5'
0	07:20:34.715	HistoryCenter: synchronize 'EURUSD5'
0	07:20:35.461	HistoryCenter: 2 bars imported in 'EURUSD5'
0	07:20:36.507	HistoryCenter: synchronize 'EURUSD5'
0	07:20:37.242	HistoryCenter: 2 bars imported in 'EURUSD5'
2	07:23:21.451	Custom indicator fadedbckgrnd2__1 EURUSD,M5: removed
2	07:23:21.451	Custom indicator FixedChartScale EURUSD,M5: removed
2	07:23:21.459	Custom indicator 2 Binary Kikos EURUSD,M5: removed
2	07:23:21.467	Custom indicator Price Pro Value Chart Profissional - PT-BR EURUSD,M5: removed
2	07:23:21.467	Custom indicator DOT-ITM-RACHAM EURUSD,M5: removed
2	07:23:21.475	Custom indicator iclock_mod1 EURUSD,M5: loaded successfully
2	07:23:30.160	Custom indicator Price Pro Combiner Premium EURUSD,M5: loaded successfully
2	07:24:48.633	Custom indicator GOLDX01 EURUSD,M5: loaded successfully
2	07:30:54.491	Custom indicator fadedbckgrnd2__1 EURUSD,M5: loaded successfully
2	07:33:02.997	Custom indicator fadedbckgrnd2__1 EURGBP,M5: removed
2	07:33:03.006	Custom indicator FixedChartScale EURGBP,M5: removed
2	07:33:03.006	Custom indicator 2 Binary Kikos EURGBP,M5: removed
2	07:33:03.014	Custom indicator Price Pro Value Chart Profissional - PT-BR EURGBP,M5: removed
2	07:33:03.014	Custom indicator Thor Rs1 EURGBP,M5: removed
2	07:33:03.022	Custom indicator iclock_mod1 EURGBP,M5: loaded successfully
2	07:33:03.038	Custom indicator Price Pro Combiner Premium EURGBP,M5: loaded successfully
2	07:33:03.046	Custom indicator fadedbckgrnd2__1 EURGBP,M5: loaded successfully
2	07:33:03.054	Custom indicator GOLDX01 EURGBP,M5: loaded successfully
2	07:33:19.083	Custom indicator fadedbckgrnd2__1 GBPUSD,M5: removed
2	07:33:19.083	Custom indicator FixedChartScale GBPUSD,M5: removed
2	07:33:19.083	Custom indicator 2 Binary Kikos GBPUSD,M5: removed
2	07:33:19.099	Custom indicator Price Pro Value Chart Profissional - PT-BR GBPUSD,M5: removed
2	07:33:19.099	Custom indicator Thor Rs1 GBPUSD,M5: removed
2	07:33:19.107	Custom indicator iclock_mod1 GBPUSD,M5: loaded successfully
2	07:33:19.123	Custom indicator Price Pro Combiner Premium GBPUSD,M5: loaded successfully
2	07:33:19.131	Custom indicator fadedbckgrnd2__1 GBPUSD,M5: loaded successfully
2	07:33:19.139	Custom indicator GOLDX01 GBPUSD,M5: loaded successfully
2	07:38:09.292	Custom indicator iclock_mod1 EURGBP,M5: removed
2	07:38:09.292	Custom indicator Price Pro Combiner Premium EURGBP,M5: removed
2	07:38:09.292	Custom indicator fadedbckgrnd2__1 EURGBP,M5: removed
2	07:38:09.300	Custom indicator GOLDX01 EURGBP,M5: removed
2	07:38:09.308	Custom indicator iclock_mod1 EURGBP,M5: loaded successfully
2	07:38:09.324	Custom indicator Price Pro Combiner Premium EURGBP,M5: loaded successfully
2	07:38:09.332	Custom indicator fadedbckgrnd2__1 EURGBP,M5: loaded successfully
2	07:38:09.340	Custom indicator GOLDX01 EURGBP,M5: loaded successfully
2	07:38:17.054	Custom indicator iclock_mod1 GBPUSD,M5: removed
2	07:38:17.054	Custom indicator Price Pro Combiner Premium GBPUSD,M5: removed
2	07:38:17.054	Custom indicator fadedbckgrnd2__1 GBPUSD,M5: removed
2	07:38:17.054	Custom indicator GOLDX01 GBPUSD,M5: removed
2	07:38:17.070	Custom indicator iclock_mod1 GBPUSD,M5: loaded successfully
2	07:38:17.078	Custom indicator Price Pro Combiner Premium GBPUSD,M5: loaded successfully
2	07:38:17.086	Custom indicator fadedbckgrnd2__1 GBPUSD,M5: loaded successfully
2	07:38:17.094	Custom indicator GOLDX01 GBPUSD,M5: loaded successfully
2	07:41:36.624	Custom indicator FixedChartScale EURUSD,M5: loaded successfully
2	07:41:49.418	Custom indicator iclock_mod1 EURGBP,M5: removed
2	07:41:49.426	Custom indicator Price Pro Combiner Premium EURGBP,M5: removed
2	07:41:49.426	Custom indicator fadedbckgrnd2__1 EURGBP,M5: removed
2	07:41:49.426	Custom indicator GOLDX01 EURGBP,M5: removed
2	07:41:49.434	Custom indicator iclock_mod1 EURGBP,M5: loaded successfully
2	07:41:49.450	Custom indicator Price Pro Combiner Premium EURGBP,M5: loaded successfully
2	07:41:49.458	Custom indicator fadedbckgrnd2__1 EURGBP,M5: loaded successfully
2	07:41:49.466	Custom indicator FixedChartScale EURGBP,M5: loaded successfully
2	07:41:49.474	Custom indicator GOLDX01 EURGBP,M5: loaded successfully
2	07:41:57.283	Custom indicator iclock_mod1 GBPUSD,M5: removed
2	07:41:57.291	Custom indicator Price Pro Combiner Premium GBPUSD,M5: removed
2	07:41:57.291	Custom indicator fadedbckgrnd2__1 GBPUSD,M5: removed
2	07:41:57.291	Custom indicator GOLDX01 GBPUSD,M5: removed
2	07:41:57.299	Custom indicator iclock_mod1 GBPUSD,M5: loaded successfully
2	07:41:57.315	Custom indicator Price Pro Combiner Premium GBPUSD,M5: loaded successfully
2	07:41:57.323	Custom indicator fadedbckgrnd2__1 GBPUSD,M5: loaded successfully
2	07:41:57.331	Custom indicator FixedChartScale GBPUSD,M5: loaded successfully
2	07:41:57.339	Custom indicator GOLDX01 GBPUSD,M5: loaded successfully
2	07:42:38.651	Custom indicator iclock_mod1 EURUSD,M5: removed
2	07:42:50.063	Custom indicator iclock_mod1 EURGBP,M5: removed
2	07:42:55.400	Custom indicator iclock_mod1 GBPUSD,M5: removed
2	07:50:31.297	Custom indicator GOLDX02 GBPUSD,M5: loaded successfully
2	07:50:43.751	Custom indicator GOLDX02 GBPUSD,M5: removed
2	07:51:01.038	Custom indicator Price Pro Combiner Premium EURUSD,M5: removed
2	07:51:01.038	Custom indicator fadedbckgrnd2__1 EURUSD,M5: removed
2	07:51:01.038	Custom indicator FixedChartScale EURUSD,M5: removed
2	07:51:01.038	Custom indicator GOLDX01 EURUSD,M5: removed
2	07:51:01.046	Custom indicator fadedbckgrnd2__1 EURUSD,M5: loaded successfully
2	07:51:01.054	Custom indicator FixedChartScale EURUSD,M5: loaded successfully
2	07:51:01.062	Custom indicator 2 Binary Kikos EURUSD,M5: loaded successfully
2	07:51:01.158	Custom indicator Price Pro Value Chart Profissional - PT-BR EURUSD,M5: loaded successfully
2	07:51:01.174	Custom indicator Thor Rs1 EURUSD,M5: loaded successfully
0	07:51:01.583	HistoryCenter: synchronize 'EURUSD5'
0	07:51:02.378	HistoryCenter: 2 bars imported in 'EURUSD5'
0	07:51:03.434	HistoryCenter: synchronize 'EURUSD5'
0	07:51:04.159	HistoryCenter: 2 bars imported in 'EURUSD5'
0	07:51:04.714	HistoryCenter: synchronize 'EURUSD5'
0	07:51:05.462	HistoryCenter: 2 bars imported in 'EURUSD5'
0	07:51:06.544	HistoryCenter: synchronize 'EURUSD5'
0	07:51:07.283	HistoryCenter: 2 bars imported in 'EURUSD5'
0	07:51:07.808	HistoryCenter: synchronize 'EURUSD5'
0	07:51:08.552	HistoryCenter: 2 bars imported in 'EURUSD5'
0	07:51:09.616	HistoryCenter: synchronize 'EURUSD5'
0	07:51:10.366	HistoryCenter: 2 bars imported in 'EURUSD5'
2	07:51:10.414	Custom indicator Thor Rs1 EURUSD,M5: removed
0	07:51:11.431	HistoryCenter: synchronize 'EURUSD5'
0	07:51:12.215	HistoryCenter: 2 bars imported in 'EURUSD5'
0	07:51:12.742	HistoryCenter: synchronize 'EURUSD5'
0	07:51:13.492	HistoryCenter: 2 bars imported in 'EURUSD5'
2	07:51:13.959	Custom indicator 2 Binary Kikos EURUSD,M5: removed
0	07:51:14.568	HistoryCenter: synchronize 'EURUSD5'
0	07:51:15.311	HistoryCenter: 2 bars imported in 'EURUSD5'
0	07:51:15.853	HistoryCenter: synchronize 'EURUSD5'
0	07:51:16.594	HistoryCenter: 2 bars imported in 'EURUSD5'
0	07:51:17.663	HistoryCenter: synchronize 'EURUSD5'
0	07:51:18.384	HistoryCenter: 2 bars imported in 'EURUSD5'
0	07:51:33.383	HistoryCenter: synchronize 'EURUSD5'
0	07:51:34.114	HistoryCenter: 2 bars imported in 'EURUSD5'
0	07:51:35.183	HistoryCenter: synchronize 'EURUSD5'
0	07:51:35.923	HistoryCenter: 2 bars imported in 'EURUSD5'
0	07:51:36.472	HistoryCenter: synchronize 'EURUSD5'
0	07:51:37.202	HistoryCenter: 2 bars imported in 'EURUSD5'
0	07:51:38.273	HistoryCenter: synchronize 'EURUSD5'
0	07:51:39.040	HistoryCenter: 2 bars imported in 'EURUSD5'
0	07:51:40.101	HistoryCenter: synchronize 'EURUSD5'
0	07:51:40.841	HistoryCenter: 2 bars imported in 'EURUSD5'
0	07:51:41.380	HistoryCenter: synchronize 'EURUSD5'
0	07:51:42.120	HistoryCenter: 2 bars imported in 'EURUSD5'
0	07:51:43.185	HistoryCenter: synchronize 'EURUSD5'
0	07:51:43.927	HistoryCenter: 2 bars imported in 'EURUSD5'
0	07:51:44.455	HistoryCenter: synchronize 'EURUSD5'
0	07:51:45.185	HistoryCenter: 2 bars imported in 'EURUSD5'
0	07:51:46.248	HistoryCenter: synchronize 'EURUSD5'
0	07:51:46.975	HistoryCenter: 2 bars imported in 'EURUSD5'
0	07:51:48.038	HistoryCenter: synchronize 'EURUSD5'
0	07:51:48.780	HistoryCenter: 2 bars imported in 'EURUSD5'
0	07:51:49.308	HistoryCenter: synchronize 'EURUSD5'
0	07:51:50.054	HistoryCenter: 2 bars imported in 'EURUSD5'
0	07:51:51.115	HistoryCenter: synchronize 'EURUSD5'
0	07:51:51.866	HistoryCenter: 2 bars imported in 'EURUSD5'
2	07:52:07.100	Custom indicator 2Trend EURUSD,M5: loaded successfully
0	07:53:19.826	HistoryCenter: synchronize 'EURUSD5'
0	07:53:20.571	HistoryCenter: 2 bars imported in 'EURUSD5'
0	07:53:21.640	HistoryCenter: synchronize 'EURUSD5'
0	07:53:22.365	HistoryCenter: 2 bars imported in 'EURUSD5'
0	07:53:22.907	HistoryCenter: synchronize 'EURUSD5'
0	07:53:23.627	HistoryCenter: 2 bars imported in 'EURUSD5'
0	07:53:24.161	HistoryCenter: synchronize 'EURUSD5'
0	07:53:24.921	HistoryCenter: 2 bars imported in 'EURUSD5'
0	07:53:25.987	HistoryCenter: synchronize 'EURUSD5'
0	07:53:26.728	HistoryCenter: 2 bars imported in 'EURUSD5'
0	07:53:27.265	HistoryCenter: synchronize 'EURUSD5'
0	07:53:28.005	HistoryCenter: 2 bars imported in 'EURUSD5'
0	07:53:29.055	HistoryCenter: synchronize 'EURUSD5'
0	07:53:29.811	HistoryCenter: 2 bars imported in 'EURUSD5'
0	07:53:30.897	HistoryCenter: synchronize 'EURUSD5'
0	07:53:31.634	HistoryCenter: 2 bars imported in 'EURUSD5'
0	07:53:32.171	HistoryCenter: synchronize 'EURUSD5'
0	07:53:32.918	HistoryCenter: 2 bars imported in 'EURUSD5'
0	07:53:34.003	HistoryCenter: synchronize 'EURUSD5'
0	07:53:34.726	HistoryCenter: 2 bars imported in 'EURUSD5'
0	07:53:35.785	HistoryCenter: synchronize 'EURUSD5'
0	07:53:36.556	HistoryCenter: 2 bars imported in 'EURUSD5'
0	07:53:37.106	HistoryCenter: synchronize 'EURUSD5'
0	07:53:37.870	HistoryCenter: 2 bars imported in 'EURUSD5'
0	07:53:38.922	HistoryCenter: synchronize 'EURUSD5'
0	07:53:39.658	HistoryCenter: 2 bars imported in 'EURUSD5'
0	07:53:40.202	HistoryCenter: synchronize 'EURUSD5'
0	07:53:40.919	HistoryCenter: 2 bars imported in 'EURUSD5'
2	07:54:21.995	Custom indicator fadedbckgrnd2__1 EURUSD,M5: removed
2	07:54:21.995	Custom indicator FixedChartScale EURUSD,M5: removed
2	07:54:22.011	Custom indicator Price Pro Value Chart Profissional - PT-BR EURUSD,M5: removed
2	07:54:22.011	Custom indicator 2Trend EURUSD,M5: removed
2	07:54:22.027	Custom indicator Price Pro Combiner Premium EURUSD,M5: loaded successfully
2	07:54:22.035	Custom indicator fadedbckgrnd2__1 EURUSD,M5: loaded successfully
2	07:54:22.035	Custom indicator FixedChartScale EURUSD,M5: loaded successfully
2	07:54:22.043	Custom indicator GOLDX01 EURUSD,M5: loaded successfully
2	08:07:07.833	Custom indicator Price Pro Combiner Premium EURJPY,M5: loaded successfully
2	08:07:07.841	Custom indicator fadedbckgrnd2__1 EURJPY,M5: loaded successfully
2	08:07:07.849	Custom indicator FixedChartScale EURJPY,M5: loaded successfully
2	08:07:07.857	Custom indicator GOLDX01 EURJPY,M5: loaded successfully
2	08:08:19.064	Custom indicator Price Pro Combiner Premium AUDUSD,M5: loaded successfully
2	08:08:19.072	Custom indicator fadedbckgrnd2__1 AUDUSD,M5: loaded successfully
2	08:08:19.080	Custom indicator FixedChartScale AUDUSD,M5: loaded successfully
2	08:08:19.080	Custom indicator GOLDX01 AUDUSD,M5: loaded successfully
2	08:08:39.709	Custom indicator Price Pro Combiner Premium GBPJPY,M5: loaded successfully
2	08:08:39.717	Custom indicator fadedbckgrnd2__1 GBPJPY,M5: loaded successfully
2	08:08:39.725	Custom indicator FixedChartScale GBPJPY,M5: loaded successfully
2	08:08:39.733	Custom indicator GOLDX01 GBPJPY,M5: loaded successfully
2	08:09:32.172	Custom indicator Price Pro Combiner Premium AUDJPY,M5: loaded successfully
2	08:09:32.180	Custom indicator fadedbckgrnd2__1 AUDJPY,M5: loaded successfully
2	08:09:32.188	Custom indicator FixedChartScale AUDJPY,M5: loaded successfully
2	08:09:32.196	Custom indicator GOLDX01 AUDJPY,M5: loaded successfully
2	08:09:49.127	Custom indicator Price Pro Combiner Premium AUDUSD,M5: loaded successfully
2	08:09:49.135	Custom indicator fadedbckgrnd2__1 AUDUSD,M5: loaded successfully
2	08:09:49.151	Custom indicator FixedChartScale AUDUSD,M5: loaded successfully
2	08:09:49.159	Custom indicator GOLDX01 AUDUSD,M5: loaded successfully
2	08:10:13.110	Custom indicator Price Pro Combiner Premium AUDCAD,M5: removed
2	08:10:13.110	Custom indicator fadedbckgrnd2__1 AUDCAD,M5: removed
2	08:10:13.110	Custom indicator FixedChartScale AUDCAD,M5: removed
2	08:10:13.110	Custom indicator GOLDX01 AUDCAD,M5: removed
2	08:10:13.126	Custom indicator Price Pro Combiner Premium AUDCAD,M5: loaded successfully
2	08:10:13.142	Custom indicator fadedbckgrnd2__1 AUDCAD,M5: loaded successfully
2	08:10:13.142	Custom indicator FixedChartScale AUDCAD,M5: loaded successfully
2	08:10:13.150	Custom indicator GOLDX01 AUDCAD,M5: loaded successfully
2	08:30:05.306	Custom indicator Price Pro Combiner Premium GBPJPY,M5: removed
2	08:30:05.306	Custom indicator fadedbckgrnd2__1 GBPJPY,M5: removed
2	08:30:05.306	Custom indicator FixedChartScale GBPJPY,M5: removed
2	08:30:05.306	Custom indicator GOLDX01 GBPJPY,M5: removed
2	08:30:21.842	Custom indicator Price Pro Combiner Premium EURUSD,M1: removed
2	08:30:21.842	Custom indicator fadedbckgrnd2__1 EURUSD,M1: removed
2	08:30:21.842	Custom indicator FixedChartScale EURUSD,M1: removed
2	08:30:21.842	Custom indicator GOLDX01 EURUSD,M1: removed
2	08:30:21.850	Custom indicator Price Pro Combiner Premium EURGBP,M5: removed
2	08:30:21.850	Custom indicator fadedbckgrnd2__1 EURGBP,M5: removed
2	08:30:21.850	Custom indicator FixedChartScale EURGBP,M5: removed
2	08:30:21.850	Custom indicator GOLDX01 EURGBP,M5: removed
2	08:30:21.858	Custom indicator Price Pro Combiner Premium GBPUSD,M5: removed
2	08:30:21.858	Custom indicator fadedbckgrnd2__1 GBPUSD,M5: removed
2	08:30:21.858	Custom indicator FixedChartScale GBPUSD,M5: removed
2	08:30:21.858	Custom indicator GOLDX01 GBPUSD,M5: removed
2	08:30:21.866	Custom indicator Price Pro Combiner Premium USDJPY,M5: removed
2	08:30:21.866	Custom indicator fadedbckgrnd2__1 USDJPY,M5: removed
2	08:30:21.866	Custom indicator FixedChartScale USDJPY,M5: removed
2	08:30:21.866	Custom indicator GOLDX01 USDJPY,M5: removed
2	08:30:21.882	Custom indicator Price Pro Combiner Premium AUDUSD,M5: removed
2	08:30:21.882	Custom indicator fadedbckgrnd2__1 AUDUSD,M5: removed
2	08:30:21.882	Custom indicator FixedChartScale AUDUSD,M5: removed
2	08:30:21.882	Custom indicator GOLDX01 AUDUSD,M5: removed
2	08:30:21.890	Custom indicator Price Pro Combiner Premium AUDCAD,M5: removed
2	08:30:21.898	Custom indicator fadedbckgrnd2__1 AUDCAD,M5: removed
2	08:30:21.898	Custom indicator FixedChartScale AUDCAD,M5: removed
2	08:30:21.898	Custom indicator GOLDX01 AUDCAD,M5: removed
2	08:30:21.906	Custom indicator Price Pro Combiner Premium AUDUSD,M5: removed
2	08:30:21.906	Custom indicator fadedbckgrnd2__1 AUDUSD,M5: removed
2	08:30:21.906	Custom indicator FixedChartScale AUDUSD,M5: removed
2	08:30:21.906	Custom indicator GOLDX01 AUDUSD,M5: removed
0	08:30:22.125	Alpari MT4 build 1359 stopped
0	08:30:25.302	Alpari MT4 build 1359 started (Alpari International)
0	08:30:25.302	Windows 10 Pro x64, IE 11, UAC, 8 x Intel Core i7-7700HQ  @ 2.80GHz, Memory: 12777 / 16267 Mb, Disk: 391 / 476 Gb, GMT-3
0	08:30:25.302	Data Folder: C:\Users\Administrator\AppData\Roaming\MetaQuotes\Terminal\287469DEA9630EA94D0715D755974F1B
2	08:30:26.542	Custom indicator Price Pro Combiner Premium EURUSD,M1: loaded successfully
2	08:30:26.550	Custom indicator fadedbckgrnd2__1 EURUSD,M1: loaded successfully
2	08:30:26.558	Custom indicator FixedChartScale EURUSD,M1: loaded successfully
2	08:30:26.566	Custom indicator GOLDX01 EURUSD,M1: loaded successfully
2	08:30:26.710	Custom indicator Price Pro Combiner Premium EURGBP,M5: loaded successfully
2	08:30:26.718	Custom indicator fadedbckgrnd2__1 EURGBP,M5: loaded successfully
2	08:30:26.726	Custom indicator FixedChartScale EURGBP,M5: loaded successfully
2	08:30:26.734	Custom indicator GOLDX01 EURGBP,M5: loaded successfully
2	08:30:26.854	Custom indicator Price Pro Combiner Premium GBPUSD,M5: loaded successfully
2	08:30:26.862	Custom indicator fadedbckgrnd2__1 GBPUSD,M5: loaded successfully
2	08:30:26.870	Custom indicator FixedChartScale GBPUSD,M5: loaded successfully
2	08:30:26.878	Custom indicator GOLDX01 GBPUSD,M5: loaded successfully
2	08:30:26.998	Custom indicator Price Pro Combiner Premium USDJPY,M5: loaded successfully
2	08:30:27.006	Custom indicator fadedbckgrnd2__1 USDJPY,M5: loaded successfully
2	08:30:27.014	Custom indicator FixedChartScale USDJPY,M5: loaded successfully
2	08:30:27.022	Custom indicator GOLDX01 USDJPY,M5: loaded successfully
2	08:30:27.142	Custom indicator Price Pro Combiner Premium AUDUSD,M5: loaded successfully
2	08:30:27.150	Custom indicator fadedbckgrnd2__1 AUDUSD,M5: loaded successfully
2	08:30:27.158	Custom indicator FixedChartScale AUDUSD,M5: loaded successfully
2	08:30:27.166	Custom indicator GOLDX01 AUDUSD,M5: loaded successfully
2	08:30:27.286	Custom indicator Price Pro Combiner Premium AUDCAD,M5: loaded successfully
2	08:30:27.302	Custom indicator fadedbckgrnd2__1 AUDCAD,M5: loaded successfully
2	08:30:27.310	Custom indicator FixedChartScale AUDCAD,M5: loaded successfully
2	08:30:27.318	Custom indicator GOLDX01 AUDCAD,M5: loaded successfully
2	08:30:27.463	Custom indicator Price Pro Combiner Premium AUDUSD,M5: loaded successfully
2	08:30:27.479	Custom indicator fadedbckgrnd2__1 AUDUSD,M5: loaded successfully
2	08:30:27.489	Custom indicator FixedChartScale AUDUSD,M5: loaded successfully
2	08:30:27.497	Custom indicator GOLDX01 AUDUSD,M5: loaded successfully
0	08:30:28.704	'15069840': login on Alpari-Demo through Demo.Europe.2:444 (ping: 260.83 ms)
0	08:30:30.764	'15069840': login datacenter on Alpari-Demo through Demo.Europe.2:444 (ping: 260.83 ms)
0	08:30:31.358	'15069840': previous successful authorization performed from 177.13.217.201
2	08:30:47.580	Custom indicator Price Pro Combiner Premium EURGBP,M5: removed
2	08:30:47.588	Custom indicator fadedbckgrnd2__1 EURGBP,M5: removed
2	08:30:47.588	Custom indicator FixedChartScale EURGBP,M5: removed
2	08:30:47.588	Custom indicator GOLDX01 EURGBP,M5: removed
2	08:30:49.832	Custom indicator Price Pro Combiner Premium GBPUSD,M5: removed
2	08:30:49.832	Custom indicator fadedbckgrnd2__1 GBPUSD,M5: removed
2	08:30:49.832	Custom indicator FixedChartScale GBPUSD,M5: removed
2	08:30:49.832	Custom indicator GOLDX01 GBPUSD,M5: removed
2	08:30:52.837	Custom indicator Price Pro Combiner Premium USDJPY,M5: removed
2	08:30:52.845	Custom indicator fadedbckgrnd2__1 USDJPY,M5: removed
2	08:30:52.845	Custom indicator FixedChartScale USDJPY,M5: removed
2	08:30:52.845	Custom indicator GOLDX01 USDJPY,M5: removed
2	08:30:53.573	Custom indicator Price Pro Combiner Premium AUDUSD,M5: removed
2	08:30:53.573	Custom indicator fadedbckgrnd2__1 AUDUSD,M5: removed
2	08:30:53.573	Custom indicator FixedChartScale AUDUSD,M5: removed
2	08:30:53.573	Custom indicator GOLDX01 AUDUSD,M5: removed
2	08:30:56.601	Custom indicator Price Pro Combiner Premium AUDCAD,M5: removed
2	08:30:56.601	Custom indicator fadedbckgrnd2__1 AUDCAD,M5: removed
2	08:30:56.601	Custom indicator FixedChartScale AUDCAD,M5: removed
2	08:30:56.601	Custom indicator GOLDX01 AUDCAD,M5: removed
2	08:31:01.771	Custom indicator Price Pro Combiner Premium AUDUSD,M5: removed
2	08:31:01.779	Custom indicator fadedbckgrnd2__1 AUDUSD,M5: removed
2	08:31:01.779	Custom indicator FixedChartScale AUDUSD,M5: removed
2	08:31:01.779	Custom indicator GOLDX01 AUDUSD,M5: removed
0	08:31:15.598	'15069840': ping to current access point Demo.Europe.2:444 is 244.07 ms
2	08:34:22.085	Custom indicator Price Pro Combiner Premium EURUSD,M5: removed
2	08:34:22.085	Custom indicator fadedbckgrnd2__1 EURUSD,M5: removed
2	08:34:22.085	Custom indicator FixedChartScale EURUSD,M5: removed
2	08:34:22.085	Custom indicator GOLDX01 EURUSD,M5: removed
2	08:34:22.101	Custom indicator Price Pro Combiner Premium EURUSD,M5: loaded successfully
2	08:34:22.109	Custom indicator fadedbckgrnd2__1 EURUSD,M5: loaded successfully
2	08:34:22.117	Custom indicator FixedChartScale EURUSD,M5: loaded successfully
2	08:34:22.125	Custom indicator GOLDX01 EURUSD,M5: loaded successfully
2	08:35:15.989	Custom indicator Price Pro Combiner Premium EURUSD,M5: removed
2	08:35:15.989	Custom indicator fadedbckgrnd2__1 EURUSD,M5: removed
2	08:35:15.989	Custom indicator FixedChartScale EURUSD,M5: removed
2	08:35:15.989	Custom indicator GOLDX01 EURUSD,M5: removed
2	08:35:15.997	Custom indicator fadedbckgrnd2__1 EURUSD,M5: loaded successfully
2	08:35:16.005	Custom indicator FixedChartScale EURUSD,M5: loaded successfully
2	08:35:16.101	Custom indicator Price Pro Value Chart Profissional - PT-BR EURUSD,M5: loaded successfully
0	08:35:16.399	HistoryCenter: synchronize 'EURUSD5'
0	08:35:17.144	HistoryCenter: 2 bars imported in 'EURUSD5'
0	08:35:18.208	HistoryCenter: synchronize 'EURUSD5'
0	08:35:18.933	HistoryCenter: 2 bars imported in 'EURUSD5'
0	08:35:19.469	HistoryCenter: synchronize 'EURUSD5'
0	08:35:20.205	HistoryCenter: 2 bars imported in 'EURUSD5'
0	08:35:20.744	HistoryCenter: synchronize 'EURUSD5'
0	08:35:21.484	HistoryCenter: 2 bars imported in 'EURUSD5'
0	08:35:22.567	HistoryCenter: synchronize 'EURUSD5'
0	08:35:23.329	HistoryCenter: 2 bars imported in 'EURUSD5'
0	08:35:24.417	HistoryCenter: synchronize 'EURUSD5'
0	08:35:25.157	HistoryCenter: 2 bars imported in 'EURUSD5'
0	08:35:25.686	HistoryCenter: synchronize 'EURUSD5'
0	08:35:26.399	HistoryCenter: 2 bars imported in 'EURUSD5'
0	08:35:27.468	HistoryCenter: synchronize 'EURUSD5'
0	08:35:28.219	HistoryCenter: 2 bars imported in 'EURUSD5'
0	08:35:28.761	HistoryCenter: synchronize 'EURUSD5'
0	08:35:29.523	HistoryCenter: 2 bars imported in 'EURUSD5'
0	08:35:30.590	HistoryCenter: synchronize 'EURUSD5'
0	08:35:31.340	HistoryCenter: 2 bars imported in 'EURUSD5'
0	08:39:04.000	HistoryCenter: synchronize 'EURUSD5'
0	08:39:04.728	HistoryCenter: 2 bars imported in 'EURUSD5'
0	08:39:05.795	HistoryCenter: synchronize 'EURUSD5'
0	08:39:06.526	HistoryCenter: 2 bars imported in 'EURUSD5'
0	08:39:07.063	HistoryCenter: synchronize 'EURUSD5'
0	08:39:07.817	HistoryCenter: 2 bars imported in 'EURUSD5'
0	08:39:08.356	HistoryCenter: synchronize 'EURUSD5'
0	08:39:09.121	HistoryCenter: 2 bars imported in 'EURUSD5'
0	08:39:10.196	HistoryCenter: synchronize 'EURUSD5'
0	08:39:10.929	HistoryCenter: 2 bars imported in 'EURUSD5'
2	08:39:38.734	Custom indicator fadedbckgrnd2__1 EURUSD,M5: removed
2	08:39:38.734	Custom indicator FixedChartScale EURUSD,M5: removed
2	08:39:38.742	Custom indicator Price Pro Value Chart Profissional - PT-BR EURUSD,M5: removed
2	08:39:38.758	Custom indicator fadedbckgrnd2__1 EURUSD,M5: loaded successfully
2	08:39:38.758	Custom indicator FixedChartScale EURUSD,M5: loaded successfully
2	08:39:38.854	Custom indicator Price Pro Value Chart Profissional - PT-BR EURUSD,M5: loaded successfully
0	08:39:39.133	HistoryCenter: synchronize 'EURUSD5'
0	08:39:39.869	HistoryCenter: 2 bars imported in 'EURUSD5'
0	08:39:40.949	HistoryCenter: synchronize 'EURUSD5'
0	08:39:41.685	HistoryCenter: 2 bars imported in 'EURUSD5'
0	08:39:42.246	HistoryCenter: synchronize 'EURUSD5'
0	08:39:42.985	HistoryCenter: 2 bars imported in 'EURUSD5'
0	08:39:43.516	HistoryCenter: synchronize 'EURUSD5'
0	08:39:44.216	HistoryCenter: 2 bars imported in 'EURUSD5'
0	08:39:45.281	HistoryCenter: synchronize 'EURUSD5'
0	08:39:46.106	HistoryCenter: 2 bars imported in 'EURUSD5'
0	08:39:47.210	HistoryCenter: synchronize 'EURUSD5'
0	08:39:47.969	HistoryCenter: 2 bars imported in 'EURUSD5'
0	08:39:48.525	HistoryCenter: synchronize 'EURUSD5'
0	08:39:49.248	HistoryCenter: 2 bars imported in 'EURUSD5'
0	08:39:50.343	HistoryCenter: synchronize 'EURUSD5'
0	08:39:51.110	HistoryCenter: 2 bars imported in 'EURUSD5'
2	08:39:52.592	Custom indicator fadedbckgrnd2__1 GBPUSD,M5: loaded successfully
2	08:39:52.600	Custom indicator FixedChartScale GBPUSD,M5: loaded successfully
2	08:39:52.696	Custom indicator Price Pro Value Chart Profissional - PT-BR GBPUSD,M5: loaded successfully
0	08:39:53.293	HistoryCenter: synchronize 'GBPUSD5'
0	08:39:54.010	HistoryCenter: 2 bars imported in 'GBPUSD5'
0	08:39:55.072	HistoryCenter: synchronize 'GBPUSD5'
0	08:39:55.793	HistoryCenter: 2 bars imported in 'GBPUSD5'
0	08:39:56.336	HistoryCenter: synchronize 'GBPUSD5'
0	08:39:57.073	HistoryCenter: 2 bars imported in 'GBPUSD5'
0	08:39:58.149	HistoryCenter: synchronize 'GBPUSD5'
0	08:39:58.871	HistoryCenter: 2 bars imported in 'GBPUSD5'
0	08:39:59.437	HistoryCenter: synchronize 'GBPUSD5'
0	08:40:00.180	HistoryCenter: 2 bars imported in 'GBPUSD5'
2	08:40:50.424	Custom indicator fadedbckgrnd2__1 GBPUSD,M5: removed
2	08:40:50.424	Custom indicator FixedChartScale GBPUSD,M5: removed
2	08:40:50.439	Custom indicator Price Pro Value Chart Profissional - PT-BR GBPUSD,M5: removed
2	12:48:17.864	Custom indicator fadedbckgrnd2__1 EURUSD,M5: removed
2	12:48:17.864	Custom indicator FixedChartScale EURUSD,M5: removed
2	12:48:17.880	Custom indicator Price Pro Value Chart Profissional - PT-BR EURUSD,M5: removed
0	12:48:18.077	Alpari MT4 build 1359 stopped
0	15:51:04.534	Alpari MT4 build 1359 started (Alpari International)
0	15:51:04.534	Windows 10 Pro x64, IE 11, UAC, 8 x Intel Core i7-7700HQ  @ 2.80GHz, Memory: 12004 / 16267 Mb, Disk: 391 / 476 Gb, GMT-3
0	15:51:04.534	Data Folder: C:\Users\Administrator\AppData\Roaming\MetaQuotes\Terminal\287469DEA9630EA94D0715D755974F1B
2	15:51:06.731	Custom indicator fadedbckgrnd2__1 EURUSD,M5: loaded successfully
2	15:51:06.744	Custom indicator FixedChartScale EURUSD,M5: loaded successfully
2	15:51:06.907	Custom indicator Price Pro Value Chart Profissional - PT-BR EURUSD,M5: loaded successfully
2	15:51:07.215	Custom indicator Price Pro Value Chart Profissional - PT-BR EURUSD,M5: removed
0	15:51:07.503	HistoryCenter: synchronize 'EURUSD5'
0	15:51:08.274	HistoryCenter: 38 bars imported in 'EURUSD5'
0	15:51:08.454	'15069840': login on Alpari-Demo through Demo.Europe.2:444 (ping: 244.07 ms)
0	15:51:10.592	'15069840': login datacenter on Alpari-Demo through Demo.Europe.2:444 (ping: 244.07 ms)
0	15:51:11.327	'15069840': previous successful authorization performed from 177.13.217.201
2	15:51:18.579	Custom indicator fadedbckgrnd2__1 EURUSD,M5: removed
2	15:51:18.579	Custom indicator FixedChartScale EURUSD,M5: removed
2	15:51:18.591	Custom indicator fadedbckgrnd2__1 EURUSD,M5: loaded successfully
2	15:51:18.599	Custom indicator FixedChartScale EURUSD,M5: loaded successfully
2	15:51:18.721	Custom indicator Price Pro Value Chart Profissional - PT-BR EURUSD,M5: loaded successfully
0	15:51:19.433	HistoryCenter: synchronize 'EURUSD5'
0	15:51:20.175	HistoryCenter: 2 bars imported in 'EURUSD5'
0	15:51:21.237	HistoryCenter: synchronize 'EURUSD5'
0	15:51:21.956	HistoryCenter: 2 bars imported in 'EURUSD5'
0	15:51:23.021	HistoryCenter: synchronize 'EURUSD5'
0	15:51:23.735	HistoryCenter: 2 bars imported in 'EURUSD5'
0	15:51:24.277	HistoryCenter: synchronize 'EURUSD5'
0	15:51:25.416	HistoryCenter: 2 bars imported in 'EURUSD5'
0	15:51:26.477	HistoryCenter: synchronize 'EURUSD5'
0	15:51:27.229	HistoryCenter: 2 bars imported in 'EURUSD5'
0	15:51:28.290	HistoryCenter: synchronize 'EURUSD5'
0	15:51:29.027	HistoryCenter: 2 bars imported in 'EURUSD5'
0	15:51:30.093	HistoryCenter: synchronize 'EURUSD5'
0	15:51:30.825	HistoryCenter: 2 bars imported in 'EURUSD5'
0	15:51:31.363	HistoryCenter: synchronize 'EURUSD5'
0	15:51:32.372	HistoryCenter: 2 bars imported in 'EURUSD5'
0	15:51:33.453	HistoryCenter: synchronize 'EURUSD5'
0	15:51:34.198	HistoryCenter: 2 bars imported in 'EURUSD5'
0	15:51:35.253	HistoryCenter: synchronize 'EURUSD5'
0	15:51:35.990	HistoryCenter: 2 bars imported in 'EURUSD5'
0	15:51:37.075	HistoryCenter: synchronize 'EURUSD5'
0	15:51:37.825	HistoryCenter: 2 bars imported in 'EURUSD5'
0	15:51:38.360	HistoryCenter: synchronize 'EURUSD5'
0	15:51:39.094	HistoryCenter: 2 bars imported in 'EURUSD5'
0	15:51:40.153	HistoryCenter: synchronize 'EURUSD5'
0	15:51:41.158	HistoryCenter: 2 bars imported in 'EURUSD5'
0	15:51:56.760	'15069840': auto connecting to a better access point Demo.Europe.9:1119 (ping is 254.99 ms)
0	15:51:57.975	'15069840': login on Alpari-Demo through Demo.Europe.9:1119 (ping: 254.99 ms)
0	15:51:59.969	'15069840': login datacenter on Alpari-Demo through Demo.Europe.9:1119 (ping: 254.99 ms)
0	15:52:00.601	'15069840': previous successful authorization performed from 177.13.217.201
0	15:55:06.835	HistoryCenter: synchronize 'EURUSD1'
0	15:55:07.606	HistoryCenter: 2 bars imported in 'EURUSD1'
0	15:55:08.665	HistoryCenter: synchronize 'EURUSD15'
0	15:55:09.423	HistoryCenter: 89 bars imported in 'EURUSD15'
0	15:55:09.423	HistoryCenter: synchronize 'EURUSD1'
0	15:55:10.172	HistoryCenter: 2 bars imported in 'EURUSD1'
0	15:55:10.708	HistoryCenter: synchronize 'EURUSD15'
0	15:55:11.466	HistoryCenter: 2 bars imported in 'EURUSD15'
0	15:55:12.523	HistoryCenter: synchronize 'EURUSD15'
0	15:55:13.289	HistoryCenter: 2 bars imported in 'EURUSD15'
0	15:55:13.823	HistoryCenter: synchronize 'EURUSD15'
0	15:55:14.545	HistoryCenter: 2 bars imported in 'EURUSD15'
0	15:55:15.610	HistoryCenter: synchronize 'EURUSD15'
0	15:55:16.339	HistoryCenter: 2 bars imported in 'EURUSD15'
0	15:55:16.873	HistoryCenter: synchronize 'EURUSD15'
0	15:55:17.614	HistoryCenter: 2 bars imported in 'EURUSD15'
0	15:55:18.693	HistoryCenter: synchronize 'EURUSD15'
0	15:55:20.117	HistoryCenter: 2 bars imported in 'EURUSD15'
0	15:55:20.643	HistoryCenter: synchronize 'EURUSD15'
0	15:55:21.365	HistoryCenter: 2 bars imported in 'EURUSD15'
0	15:55:30.343	HistoryCenter: synchronize 'EURUSD1'
0	15:55:31.165	HistoryCenter: 2 bars imported in 'EURUSD1'
0	15:55:31.698	HistoryCenter: synchronize 'EURUSD1'
0	15:55:32.458	HistoryCenter: 2 bars imported in 'EURUSD1'
0	15:55:32.989	HistoryCenter: synchronize 'EURUSD1'
0	15:55:34.175	HistoryCenter: 2 bars imported in 'EURUSD1'
0	15:55:35.237	HistoryCenter: synchronize 'EURUSD1'
0	15:55:36.429	HistoryCenter: 2 bars imported in 'EURUSD1'
0	15:55:36.974	HistoryCenter: synchronize 'EURUSD1'
0	15:55:37.731	HistoryCenter: 2 bars imported in 'EURUSD1'
0	15:55:38.273	HistoryCenter: synchronize 'EURUSD1'
0	15:55:39.030	HistoryCenter: 2 bars imported in 'EURUSD1'
0	15:55:40.083	HistoryCenter: synchronize 'EURUSD1'
0	15:55:41.233	HistoryCenter: 2 bars imported in 'EURUSD1'
2	15:56:08.378	Custom indicator fadedbckgrnd2__1 EURUSD,M1: removed
2	15:56:08.378	Custom indicator FixedChartScale EURUSD,M1: removed
2	15:56:08.394	Custom indicator Price Pro Value Chart Profissional - PT-BR EURUSD,M1: removed
2	15:56:08.406	Custom indicator fadedbckgrnd2__1 EURUSD,M1: loaded successfully
2	15:56:08.414	Custom indicator FixedChartScale EURUSD,M1: loaded successfully
2	15:56:08.426	Custom indicator 2 Binary Kikos EURUSD,M1: loaded successfully
2	15:56:08.548	Custom indicator Price Pro Value Chart Profissional - PT-BR EURUSD,M1: loaded successfully
2	15:56:08.578	Custom indicator DOT-ITM-RACHAM EURUSD,M1: loaded successfully
0	15:56:09.992	HistoryCenter: synchronize 'EURUSD1'
0	15:56:13.140	HistoryCenter: 2 bars imported in 'EURUSD1'
0	15:56:15.285	HistoryCenter: synchronize 'EURUSD1'
0	15:56:17.212	HistoryCenter: 2 bars imported in 'EURUSD1'
0	15:56:18.299	HistoryCenter: synchronize 'EURUSD1'
0	15:56:20.476	HistoryCenter: 2 bars imported in 'EURUSD1'
2	15:56:20.708	Custom indicator DOT-ITM-RACHAM EURUSD,M1: removed
0	15:56:21.016	HistoryCenter: synchronize 'EURUSD1'
0	15:56:22.046	HistoryCenter: 2 bars imported in 'EURUSD1'
0	15:56:23.129	HistoryCenter: synchronize 'EURUSD1'
0	15:56:24.558	HistoryCenter: 2 bars imported in 'EURUSD1'
0	15:56:25.083	HistoryCenter: synchronize 'EURUSD1'
0	15:56:26.639	HistoryCenter: 2 bars imported in 'EURUSD1'
0	15:56:27.184	HistoryCenter: synchronize 'EURUSD1'
0	15:56:28.307	HistoryCenter: 2 bars imported in 'EURUSD1'
0	15:56:54.014	HistoryCenter: synchronize 'EURUSD1'
0	15:56:55.278	HistoryCenter: 2 bars imported in 'EURUSD1'
0	15:56:55.812	HistoryCenter: synchronize 'EURUSD1'
0	15:56:56.546	HistoryCenter: 2 bars imported in 'EURUSD1'
0	15:56:57.078	HistoryCenter: synchronize 'EURUSD1'
0	15:56:58.410	HistoryCenter: 2 bars imported in 'EURUSD1'
0	15:56:59.486	HistoryCenter: synchronize 'EURUSD1'
0	15:57:01.003	HistoryCenter: 2 bars imported in 'EURUSD1'
0	15:57:01.546	HistoryCenter: synchronize 'EURUSD1'
0	15:57:02.459	HistoryCenter: 2 bars imported in 'EURUSD1'
0	15:57:03.524	HistoryCenter: synchronize 'EURUSD1'
0	15:57:04.558	HistoryCenter: 2 bars imported in 'EURUSD1'
0	15:58:01.376	HistoryCenter: synchronize 'EURUSD5'
0	15:58:02.434	HistoryCenter: 2 bars imported in 'EURUSD5'
0	15:58:02.967	HistoryCenter: synchronize 'EURUSD5'
0	15:58:03.724	HistoryCenter: 2 bars imported in 'EURUSD5'
0	15:58:04.264	HistoryCenter: synchronize 'EURUSD5'
2	15:58:04.777	Custom indicator fadedbckgrnd2__1 EURUSD,M5: removed
2	15:58:04.779	Custom indicator FixedChartScale EURUSD,M5: removed
2	15:58:04.780	Custom indicator 2 Binary Kikos EURUSD,M5: removed
2	15:58:04.804	Custom indicator Price Pro Value Chart Profissional - PT-BR EURUSD,M5: removed
0	15:58:05.071	Alpari MT4 build 1359 stopped
0	21:00:10.250	Alpari MT4 build 1359 started (Alpari International)
0	21:00:10.250	Windows 10 Pro x64, IE 11, UAC, 8 x Intel Core i7-7700HQ  @ 2.80GHz, Memory: 12110 / 16267 Mb, Disk: 391 / 476 Gb, GMT-3
0	21:00:10.250	Data Folder: C:\Users\Administrator\AppData\Roaming\MetaQuotes\Terminal\287469DEA9630EA94D0715D755974F1B
2	21:00:12.058	Custom indicator fadedbckgrnd2__1 EURUSD,M5: loaded successfully
2	21:00:12.066	Custom indicator FixedChartScale EURUSD,M5: loaded successfully
2	21:00:12.079	Custom indicator 2 Binary Kikos EURUSD,M5: loaded successfully
2	21:00:12.195	Custom indicator Price Pro Value Chart Profissional - PT-BR EURUSD,M5: loaded successfully
2	21:00:12.419	Custom indicator Price Pro Value Chart Profissional - PT-BR EURUSD,M5: removed
0	21:00:12.647	HistoryCenter: synchronize 'EURUSD5'
0	21:00:13.414	HistoryCenter: 24 bars imported in 'EURUSD5'
0	21:00:13.562	'15069840': login on Alpari-Demo through Demo.Europe.9:1119 (ping: 254.99 ms)
0	21:00:15.757	'15069840': login datacenter on Alpari-Demo through Demo.Europe.9:1119 (ping: 254.99 ms)
0	21:00:16.377	'15069840': previous successful authorization performed from 177.13.217.201
2	21:00:54.945	Custom indicator fadedbckgrnd2__1 EURUSD,M5: removed
2	21:00:54.946	Custom indicator FixedChartScale EURUSD,M5: removed
2	21:00:54.947	Custom indicator 2 Binary Kikos EURUSD,M5: removed
2	21:00:54.957	Custom indicator fadedbckgrnd2__1 EURUSD,M5: loaded successfully
2	21:00:54.970	Custom indicator FixedChartScale EURUSD,M5: loaded successfully
2	21:00:55.089	Custom indicator Price Pro Value Chart Profissional - PT-BR EURUSD,M5: loaded successfully
0	21:00:55.581	HistoryCenter: synchronize 'EURUSD5'
0	21:00:56.561	HistoryCenter: 2 bars imported in 'EURUSD5'
0	21:00:57.661	HistoryCenter: synchronize 'EURUSD5'
0	21:00:58.431	HistoryCenter: 2 bars imported in 'EURUSD5'
0	21:00:59.520	HistoryCenter: synchronize 'EURUSD5'
0	21:01:00.265	HistoryCenter: 2 bars imported in 'EURUSD5'
0	21:01:00.804	HistoryCenter: synchronize 'EURUSD5'
0	21:01:01.551	HistoryCenter: 2 bars imported in 'EURUSD5'
0	21:01:02.652	HistoryCenter: synchronize 'EURUSD5'
0	21:01:03.387	HistoryCenter: 2 bars imported in 'EURUSD5'
0	21:01:04.486	HistoryCenter: synchronize 'EURUSD5'
0	21:01:05.212	HistoryCenter: 2 bars imported in 'EURUSD5'
0	21:01:05.753	HistoryCenter: synchronize 'EURUSD5'
0	21:01:06.503	HistoryCenter: 2 bars imported in 'EURUSD5'
0	21:01:13.065	'15069840': ping to current access point Demo.Europe.9:1119 is 252.30 ms
0	21:01:45.054	HistoryCenter: synchronize 'EURUSD5'
0	21:01:45.808	HistoryCenter: 2 bars imported in 'EURUSD5'
0	21:01:46.870	HistoryCenter: synchronize 'EURUSD5'
0	21:01:47.623	HistoryCenter: 2 bars imported in 'EURUSD5'
0	21:01:48.139	HistoryCenter: synchronize 'EURUSD5'
0	21:01:48.889	HistoryCenter: 2 bars imported in 'EURUSD5'
0	21:01:49.423	HistoryCenter: synchronize 'EURUSD5'
0	21:01:50.199	HistoryCenter: 2 bars imported in 'EURUSD5'
0	21:01:51.252	HistoryCenter: synchronize 'EURUSD5'
0	21:01:51.998	HistoryCenter: 2 bars imported in 'EURUSD5'
0	21:01:53.054	HistoryCenter: synchronize 'EURUSD5'
0	21:01:53.883	HistoryCenter: 2 bars imported in 'EURUSD5'
0	21:01:54.417	HistoryCenter: synchronize 'EURUSD5'
0	21:01:55.422	HistoryCenter: 2 bars imported in 'EURUSD5'
0	21:01:56.512	HistoryCenter: synchronize 'EURUSD5'
0	21:01:57.270	HistoryCenter: 2 bars imported in 'EURUSD5'
0	21:01:58.358	HistoryCenter: synchronize 'EURUSD5'
0	21:01:59.104	HistoryCenter: 2 bars imported in 'EURUSD5'
0	21:02:00.161	HistoryCenter: synchronize 'EURUSD5'
0	21:02:00.899	HistoryCenter: 2 bars imported in 'EURUSD5'
0	21:02:01.438	HistoryCenter: synchronize 'EURUSD5'
0	21:02:02.189	HistoryCenter: 2 bars imported in 'EURUSD5'
0	21:02:03.251	HistoryCenter: synchronize 'EURUSD5'
0	21:02:03.977	HistoryCenter: 2 bars imported in 'EURUSD5'
0	21:02:04.508	HistoryCenter: synchronize 'EURUSD5'
0	21:02:05.354	HistoryCenter: 2 bars imported in 'EURUSD5'
0	21:02:06.457	HistoryCenter: synchronize 'EURUSD5'
0	21:02:07.209	HistoryCenter: 2 bars imported in 'EURUSD5'
0	21:02:08.271	HistoryCenter: synchronize 'EURUSD5'
0	21:02:08.996	HistoryCenter: 2 bars imported in 'EURUSD5'
0	21:02:09.534	HistoryCenter: synchronize 'EURUSD5'
0	21:02:10.274	HistoryCenter: 2 bars imported in 'EURUSD5'
0	21:02:11.324	HistoryCenter: synchronize 'EURUSD5'
0	21:02:12.081	HistoryCenter: 2 bars imported in 'EURUSD5'
2	21:03:32.708	Custom indicator fadedbckgrnd2__1 EURUSD,M5: removed
2	21:03:32.708	Custom indicator FixedChartScale EURUSD,M5: removed
2	21:03:32.723	Custom indicator Price Pro Value Chart Profissional - PT-BR EURUSD,M5: removed
2	21:03:32.740	Custom indicator Price Pro Combiner Premium EURUSD,M5: loaded successfully
2	21:03:32.748	Custom indicator fadedbckgrnd2__1 EURUSD,M5: loaded successfully
2	21:03:32.760	Custom indicator FixedChartScale EURUSD,M5: loaded successfully
2	21:03:32.768	Custom indicator GOLDX01 EURUSD,M5: loaded successfully
2	21:11:30.747	Custom indicator Price Pro Combiner Premium EURUSD,M5: removed
2	21:11:30.747	Custom indicator fadedbckgrnd2__1 EURUSD,M5: removed
2	21:11:30.747	Custom indicator FixedChartScale EURUSD,M5: removed
2	21:11:30.751	Custom indicator GOLDX01 EURUSD,M5: removed
2	21:11:30.808	Custom indicator DiamanteIA Pro  TELEGRAM@INDICADORESGRATIS EURUSD,M5: loaded successfully
1	21:14:01.916	'15069840': datacenter connecting failed [6]
1	21:14:23.028	'15069840': connect failed [Sem conexo]
0	21:15:42.340	'15069840': login on Alpari-Demo through Demo.Europe.9:1119 (ping: 252.30 ms)
0	21:15:44.225	'15069840': login datacenter on Alpari-Demo through Demo.Europe.9:1119 (ping: 252.30 ms)
0	21:15:44.855	'15069840': previous successful authorization performed from 177.13.221.40
2	21:18:37.651	Custom indicator DiamanteIA Pro  TELEGRAM@INDICADORESGRATIS EURUSD,M5: removed
0	21:18:37.988	Alpari MT4 build 1359 stopped
0	21:38:39.909	Alpari MT4 build 1359 started (Alpari International)
0	21:38:39.909	Windows 10 Pro x64, IE 11, UAC, 8 x Intel Core i7-7700HQ  @ 2.80GHz, Memory: 11922 / 16267 Mb, Disk: 391 / 476 Gb, GMT-3
0	21:38:39.909	Data Folder: C:\Users\Administrator\AppData\Roaming\MetaQuotes\Terminal\287469DEA9630EA94D0715D755974F1B
2	21:38:41.242	Custom indicator DiamanteIA Pro  TELEGRAM@INDICADORESGRATIS EURUSD,M5: loaded successfully
0	21:38:42.920	'15069840': login on Alpari-Demo through Demo.Europe.9:1119 (ping: 252.30 ms)
0	21:38:45.091	'15069840': login datacenter on Alpari-Demo through Demo.Europe.9:1119 (ping: 252.30 ms)
0	21:38:45.713	'15069840': previous successful authorization performed from 177.13.223.181
2	21:38:55.639	Custom indicator DiamanteIA Pro  TELEGRAM@INDICADORESGRATIS EURUSD,M5: removed
2	21:38:55.650	Custom indicator iclock_mod1 EURUSD,M5: loaded successfully
2	21:38:55.711	Custom indicator RCS EURUSD,M5: loaded successfully
2	21:39:06.627	Custom indicator 2 Binary Kikos EURUSD,M5: loaded successfully
2	21:40:21.980	Custom indicator 2 Binary Kikos EURUSD,M5: removed
2	22:07:26.608	Custom indicator iclock_mod1 EURUSD,M1: removed
2	22:07:26.618	Custom indicator RCS EURUSD,M1: removed
2	22:07:26.629	Custom indicator fadedbckgrnd2__1 EURUSD,M1: loaded successfully
2	22:07:26.637	Custom indicator FixedChartScale EURUSD,M1: loaded successfully
2	22:07:26.647	Custom indicator 2 Binary Kikos EURUSD,M1: loaded successfully
2	22:07:26.759	Custom indicator Price Pro Value Chart Profissional - PT-BR EURUSD,M1: loaded successfully
0	22:07:28.440	HistoryCenter: synchronize 'EURUSD1'
0	22:07:29.477	HistoryCenter: 2 bars imported in 'EURUSD1'
0	22:07:30.579	HistoryCenter: synchronize 'EURUSD1'
0	22:07:31.345	HistoryCenter: 2 bars imported in 'EURUSD1'
0	22:07:32.452	HistoryCenter: synchronize 'EURUSD1'
0	22:07:33.215	HistoryCenter: 2 bars imported in 'EURUSD1'
0	22:07:34.312	HistoryCenter: synchronize 'EURUSD1'
0	22:07:35.059	HistoryCenter: 2 bars imported in 'EURUSD1'
0	22:07:36.152	HistoryCenter: synchronize 'EURUSD1'
0	22:07:36.886	HistoryCenter: 2 bars imported in 'EURUSD1'
0	22:07:37.433	HistoryCenter: synchronize 'EURUSD1'
0	22:07:38.180	HistoryCenter: 2 bars imported in 'EURUSD1'
0	22:07:39.265	HistoryCenter: synchronize 'EURUSD1'
0	22:07:40.027	HistoryCenter: 2 bars imported in 'EURUSD1'
0	22:07:41.116	HistoryCenter: synchronize 'EURUSD1'
0	22:07:41.886	HistoryCenter: 2 bars imported in 'EURUSD1'
0	22:07:42.434	HistoryCenter: synchronize 'EURUSD1'
0	22:07:43.198	HistoryCenter: 2 bars imported in 'EURUSD1'
0	22:07:44.294	HistoryCenter: synchronize 'EURUSD1'
0	22:07:45.145	HistoryCenter: 2 bars imported in 'EURUSD1'
0	22:07:46.248	HistoryCenter: synchronize 'EURUSD1'
0	22:07:46.967	HistoryCenter: 2 bars imported in 'EURUSD1'
0	22:08:32.433	HistoryCenter: synchronize 'EURUSD1'
0	22:08:33.197	HistoryCenter: 2 bars imported in 'EURUSD1'
0	22:08:34.288	HistoryCenter: synchronize 'EURUSD1'
0	22:08:35.325	HistoryCenter: 2 bars imported in 'EURUSD1'
0	22:08:36.432	HistoryCenter: synchronize 'EURUSD1'
0	22:08:37.173	HistoryCenter: 2 bars imported in 'EURUSD1'
0	22:08:37.718	HistoryCenter: synchronize 'EURUSD1'
0	22:08:38.466	HistoryCenter: 2 bars imported in 'EURUSD1'
0	22:08:39.559	HistoryCenter: synchronize 'EURUSD1'
0	22:08:40.291	HistoryCenter: 2 bars imported in 'EURUSD1'
0	22:08:40.833	HistoryCenter: synchronize 'EURUSD1'
0	22:08:41.579	HistoryCenter: 2 bars imported in 'EURUSD1'
0	22:08:42.670	HistoryCenter: synchronize 'EURUSD1'
0	22:08:43.721	HistoryCenter: 2 bars imported in 'EURUSD1'
0	22:08:44.827	HistoryCenter: synchronize 'EURUSD1'
0	22:08:46.093	HistoryCenter: 2 bars imported in 'EURUSD1'
0	22:08:46.646	HistoryCenter: synchronize 'EURUSD1'
0	22:08:47.384	HistoryCenter: 2 bars imported in 'EURUSD1'
0	22:08:48.484	HistoryCenter: synchronize 'EURUSD1'
0	22:08:49.406	HistoryCenter: 2 bars imported in 'EURUSD1'
0	22:08:50.498	HistoryCenter: synchronize 'EURUSD1'
0	22:08:51.236	HistoryCenter: 2 bars imported in 'EURUSD1'
0	22:08:51.789	HistoryCenter: synchronize 'EURUSD1'
0	22:08:52.532	HistoryCenter: 2 bars imported in 'EURUSD1'
0	22:08:53.631	HistoryCenter: synchronize 'EURUSD1'
0	22:08:54.396	HistoryCenter: 2 bars imported in 'EURUSD1'
0	22:08:55.502	HistoryCenter: synchronize 'EURUSD1'
0	22:08:56.620	HistoryCenter: 2 bars imported in 'EURUSD1'
2	22:10:40.610	Custom indicator 2Trend EURUSD,M1: loaded successfully
2	22:12:31.376	Custom indicator AntiLoss_Pro_V2 EURUSD,M1: loaded successfully
2	22:13:54.705	Custom indicator AntiLoss_Pro_V2 EURUSD,M1: removed
2	22:14:30.632	Custom indicator AntiLoss_Pro_V2 EURUSD,M1: loaded successfully
2	22:15:54.698	Custom indicator Price Pro Value Chart Profissional - PT-BR EURUSD,M1: removed
1	22:17:27.150	'15069840': ping failed
1	22:17:27.165	'15069840': datacenter connecting failed [6]
0	22:17:28.101	'15069840': login on Alpari-Demo through Demo.Europe.4 (ping: n/a)
0	22:17:29.909	'15069840': login datacenter on Alpari-Demo through Demo.Europe.4 (ping: n/a)
0	22:17:30.541	'15069840': previous successful authorization performed from 177.13.223.181
0	22:18:40.094	'15069840': auto connecting to a better access point Demo.Europe.2:444 (ping is 244.49 ms)
0	22:18:41.184	'15069840': login on Alpari-Demo through Demo.Europe.2:444 (ping: 244.49 ms)
0	22:18:43.624	'15069840': login datacenter on Alpari-Demo through Demo.Europe.2:444 (ping: 244.49 ms)
0	22:18:44.265	'15069840': previous successful authorization performed from 177.13.223.181
1	22:20:17.810	'15069840': connect failed [Sem conexo]
0	22:21:25.459	'15069840': login on Alpari-Demo through Demo.Europe.2:444 (ping: 244.49 ms)
0	22:21:27.326	'15069840': login datacenter on Alpari-Demo through Demo.Europe.2:444 (ping: 244.49 ms)
0	22:21:27.914	'15069840': previous successful authorization performed from 177.13.223.181
2	22:28:30.090	Custom indicator DOT-ITM-RACHAM EURUSD,M1: loaded successfully
2	22:31:06.885	Custom indicator DOT-ITM-RACHAM EURUSD,M1: removed
2	22:31:27.210	Custom indicator ind1\(M) Moving Averages_www.traderbinary.net EURUSD,M1: loaded successfully
2	22:31:30.780	Custom indicator (M) Moving Averages_www.traderbinary.net EURUSD,M1: removed
2	22:31:32.209	Custom indicator ind1\(T_S_R)-BAR Trend_www.traderbinary.net EURUSD,M1: loaded successfully
2	22:31:40.858	Custom indicator (T_S_R)-BAR Trend_www.traderbinary.net EURUSD,M1: removed
2	22:31:46.850	Custom indicator ind1\(T_S_R)-Daily Range Calculator_www.traderbinary.net EURUSD,M1: loaded successfully
2	22:31:50.394	Custom indicator ind1\(T_S_R)-Execute Line_www.traderbinary.netT EURUSD,M1: loaded successfully
2	22:31:53.770	Custom indicator ind1\(T_S_R)-Signal Line_www.traderbinary.net EURUSD,M1: loaded successfully
2	22:31:58.722	Custom indicator ind1\(T_S_R)-Slope Direction Line_www.traderbinary.net EURUSD,M1: loaded successfully
2	22:32:02.217	Custom indicator ind1\1$_www.traderbinary.net EURUSD,M1: loaded successfully
2	22:32:06.365	Custom indicator 1$_www.traderbinary.net EURUSD,M1: removed
2	22:32:08.109	Custom indicator (T_S_R)-Daily Range Calculator_www.traderbinary.net EURUSD,M1: removed
2	22:32:11.834	Custom indicator (T_S_R)-Slope Direction Line_www.traderbinary.net EURUSD,M1: removed
2	22:32:13.041	Custom indicator (T_S_R)-Signal Line_www.traderbinary.net EURUSD,M1: removed
2	22:32:14.411	Custom indicator (T_S_R)-Execute Line_www.traderbinary.netT EURUSD,M1: removed
2	22:32:32.833	Custom indicator ind1\10Min_01(1)_www.traderbinary.net EURUSD,M1: loaded successfully
2	22:32:40.811	Custom indicator 10Min_01(1)_www.traderbinary.net EURUSD,M1: removed
2	22:32:48.538	Custom indicator ind1\1a-adxdon_www.traderbinary.net EURUSD,M1: loaded successfully
2	22:32:56.021	Custom indicator 1a-adxdon_www.traderbinary.net EURUSD,M1: removed
2	22:33:01.289	Custom indicator ind1\1a-BolliToucher1_TRADERBINARY.NET EURUSD,M1: loaded successfully
2	22:33:19.513	Custom indicator 1a-BolliToucher1_TRADERBINARY.NET EURUSD,M1: removed
2	22:33:42.287	Custom indicator ind1\2-Dynamic trend cleaned up_www.traderbinary.net EURUSD,M1: loaded successfully
2	22:33:49.345	Custom indicator 2-Dynamic trend cleaned up_www.traderbinary.net EURUSD,M1: removed
2	22:33:55.578	Custom indicator ind1\2CCI_ZeroCross_Alert(2)_www.traderbinary.net EURUSD,M1: loaded successfully
2	22:34:03.793	Custom indicator 2CCI_ZeroCross_Alert(2)_www.traderbinary.net EURUSD,M1: removed
2	22:34:13.770	Custom indicator ind1\3c_JRSX_H_www.traderbinary.net EURUSD,M1: loaded successfully
2	22:34:17.657	Custom indicator ind1\3color_ J_TPO_www.traderbinary.net EURUSD,M1: loaded successfully
2	22:34:20.872	Custom indicator ind1\3color_MACD_www.traderbinary.net EURUSD,M1: loaded successfully
2	22:34:24.572	Custom indicator 3color_ J_TPO_www.traderbinary.net EURUSD,M1: removed
2	22:34:26.348	Custom indicator 3c_JRSX_H_www.traderbinary.net EURUSD,M1: removed
2	22:34:27.955	Custom indicator 3color_MACD_www.traderbinary.net EURUSD,M1: removed
2	22:34:29.433	Custom indicator ind1\3color_MACD_www.traderbinary.net EURUSD,M1: loaded successfully
2	22:34:32.356	Custom indicator 3color_MACD_www.traderbinary.net EURUSD,M1: removed
2	22:34:41.545	Custom indicator ind1\3end(2)_www.traderbinary.net EURUSD,M1: loaded successfully
2	22:34:48.524	Custom indicator 3end(2)_www.traderbinary.net EURUSD,M1: removed
2	22:35:40.266	Custom indicator ind1\3perekosa_i_www.traderbinary.net EURUSD,M1: loaded successfully
2	22:35:47.735	Custom indicator 3perekosa_i_www.traderbinary.net EURUSD,M1: removed
2	22:36:14.585	Custom indicator ind1\5min_rsi_qual_02IND(1)_www.traderbinary.net EURUSD,M1: loaded successfully
2	22:36:27.018	Custom indicator 5min_rsi_qual_02IND(1)_www.traderbinary.net EURUSD,M5: removed
2	22:37:02.475	Custom indicator ind1\[i]2RSIXover_v03_www.traderbinary.net EURUSD,M5: loaded successfully
2	22:37:11.065	Custom indicator [i]2RSIXover_v03_www.traderbinary.net EURUSD,M5: removed
2	22:37:15.121	Custom indicator ind1\^Dyn_AllLevels_www.traderbinary.net EURUSD,M5: loaded successfully
2	22:37:28.065	Custom indicator ^Dyn_AllLevels_www.traderbinary.net EURUSD,M5: removed
2	22:37:32.801	Custom indicator ind1\[i]OBVmod_www.traderbinary.net EURUSD,M5: loaded successfully
2	22:37:40.261	Custom indicator [i]OBVmod_www.traderbinary.net EURUSD,M5: removed
2	22:37:45.673	Custom indicator ind1\[i]test_histo2_www.traderbinary.net EURUSD,M5: loaded successfully
2	22:37:57.089	Custom indicator [i]test_histo2_www.traderbinary.net EURUSD,M1: removed
2	22:38:11.811	Custom indicator ind1\Alternative_Ichimoku_v06_www.traderbinary.net EURUSD,M1: loaded successfully
2	22:38:18.193	Custom indicator Alternative_Ichimoku_v06_www.traderbinary.net EURUSD,M1: removed
2	22:38:32.747	Custom indicator ind1\AO_MFI_MA_Ron_01_www.traderbinary.net EURUSD,M1: loaded successfully
2	22:38:35.976	Custom indicator ind1\Arbitraz_www.traderbinary.net EURUSD,M1: loaded successfully
2	22:38:38.961	Custom indicator ind1\Aroon Oscilator_v1_www.traderbinary.net EURUSD,M1: loaded successfully
2	22:38:47.005	Custom indicator Aroon Oscilator_v1_www.traderbinary.net EURUSD,M1: removed
2	22:38:50.226	Custom indicator AO_MFI_MA_Ron_01_www.traderbinary.net EURUSD,M1: removed
2	22:38:52.289	Custom indicator Arbitraz_www.traderbinary.net EURUSD,M1: removed
2	22:40:02.281	Custom indicator ind1\AltrTrend_Signal_v2_2_www.traderbinary.net EURUSD,M1: loaded successfully
2	22:40:08.729	Custom indicator AltrTrend_Signal_v2_2_www.traderbinary.net EURUSD,M1: removed
2	22:40:21.121	Custom indicator ind1\Aroon%20Horn_www.traderbinary.net EURUSD,M1: loaded successfully
2	22:40:25.637	Custom indicator Aroon%20Horn_www.traderbinary.net EURUSD,M1: removed
2	22:40:29.013	Custom indicator ind1\Artemis_FastTrend_www.traderbinary.net EURUSD,M1: loaded successfully
2	22:40:35.016	Custom indicator Artemis_FastTrend_www.traderbinary.net EURUSD,M1: removed
2	22:40:38.403	Custom indicator ind1\ArtificialIntelligence_www.traderbinary.net EURUSD,M1: loaded successfully
2	22:42:00.961	Custom indicator ArtificialIntelligence_www.traderbinary.net EURUSD,M1: removed
2	22:45:21.553	Custom indicator ind1\Commentator_www.traderbinary.net EURUSD,M1: loaded successfully
2	22:45:28.657	Custom indicator Commentator_www.traderbinary.net EURUSD,M1: removed
2	22:45:53.292	Custom indicator ind1\Dolly_Graphics_v10_BT_www.traderbinary.net EURUSD,M1: loaded successfully
2	22:46:15.474	Custom indicator Dolly_Graphics_v10_BT_www.traderbinary.net EURUSD,M5: removed
2	22:46:19.393	Custom indicator ind1\Dolly_v-0.4_www.traderbinary.net EURUSD,M5: loaded successfully
2	22:46:23.305	Custom indicator ind1\Dolly_v02_www.traderbinary.net EURUSD,M5: loaded successfully
2	22:46:29.602	Custom indicator Dolly_v02_www.traderbinary.net EURUSD,M5: removed
2	22:46:30.945	Custom indicator Dolly_v-0.4_www.traderbinary.net EURUSD,M5: removed
2	22:46:40.809	Custom indicator ind1\Donchian Channels - Generalized version1_www.traderbinary.net EURUSD,M5: loaded successfully
2	22:46:44.009	Custom indicator ind1\Donchian Channels - Generalized version_www.traderbinary.net EURUSD,M5: loaded successfully
2	22:46:48.817	Custom indicator Donchian Channels - Generalized version_www.traderbinary.net EURUSD,M5: removed
2	22:46:49.912	Custom indicator Donchian Channels - Generalized version1_www.traderbinary.net EURUSD,M5: removed
2	22:47:01.874	Custom indicator ind1\DS_Stochastic_www.traderbinary.net EURUSD,M5: loaded successfully
2	22:47:08.149	Custom indicator DS_Stochastic_www.traderbinary.net EURUSD,M5: removed
2	22:47:43.402	Custom indicator !TPO-Range EURUSD,M5: loaded successfully
2	22:47:48.048	Custom indicator !TPO EURUSD,M5: loaded successfully
2	22:48:03.057	Custom indicator !TPO EURUSD,M5: removed
2	22:48:04.641	Custom indicator !TPO-Range EURUSD,M5: removed
2	22:48:21.392	Custom indicator 1Ultimate-Trend-Signals-v2-600 EURUSD,M5: loaded successfully
2	22:50:07.687	Expert EABiBot_Tick GBPUSD,M1: loaded successfully
2	22:51:24.461	Custom indicator iclock_mod1 EURUSD-OTC,M1: loaded successfully
2	22:51:31.999	Custom indicator AntiLoss_Pro_V2 EURUSD-OTC,M1: loaded successfully
2	22:52:21.097	Custom indicator 1Ultimate-Trend-Signals-v2-600 EURUSD-OTC,M1: loaded successfully
2	22:52:27.785	Custom indicator 1Ultimate-Trend-Signals-v2-600 EURUSD-OTC,M1: removed
2	22:57:54.072	Custom indicator iclock_mod1 EURJPY-OTC,M1: loaded successfully
2	22:57:54.141	Custom indicator AntiLoss_Pro_V2 EURJPY-OTC,M1: loaded successfully
2	22:58:25.101	Custom indicator iclock_mod1 USDJPY-OTC,M1: loaded successfully
2	22:58:25.165	Custom indicator AntiLoss_Pro_V2 USDJPY-OTC,M1: loaded successfully
2	22:59:54.514	Custom indicator FixedChartScale EURUSD-OTC,M1: loaded successfully
2	23:00:07.794	Custom indicator iclock_mod1 EURJPY-OTC,M1: removed
2	23:00:07.803	Custom indicator AntiLoss_Pro_V2 EURJPY-OTC,M1: removed
2	23:00:07.815	Custom indicator iclock_mod1 EURJPY-OTC,M1: loaded successfully
2	23:00:07.883	Custom indicator AntiLoss_Pro_V2 EURJPY-OTC,M1: loaded successfully
2	23:00:07.892	Custom indicator FixedChartScale EURJPY-OTC,M1: loaded successfully
2	23:00:12.719	Custom indicator iclock_mod1 USDJPY-OTC,M1: removed
2	23:00:12.728	Custom indicator AntiLoss_Pro_V2 USDJPY-OTC,M1: removed
2	23:00:12.739	Custom indicator iclock_mod1 USDJPY-OTC,M1: loaded successfully
2	23:00:12.805	Custom indicator AntiLoss_Pro_V2 USDJPY-OTC,M1: loaded successfully
2	23:00:12.815	Custom indicator FixedChartScale USDJPY-OTC,M1: loaded successfully
2	23:00:53.974	Custom indicator iclock_mod1 EURUSD-OTC,M1: removed
2	23:00:53.983	Custom indicator AntiLoss_Pro_V2 EURUSD-OTC,M1: removed
2	23:00:53.984	Custom indicator FixedChartScale EURUSD-OTC,M1: removed
2	23:00:53.995	Custom indicator iclock_mod1 EURUSD-OTC,M1: loaded successfully
2	23:01:03.936	Custom indicator iclock_mod1 EURUSD-OTC,M1: removed
2	23:01:03.946	Custom indicator iclock_mod1 EURUSD-OTC,M1: loaded successfully
2	23:01:04.013	Custom indicator AntiLoss_Pro_V2 EURUSD-OTC,M1: loaded successfully
2	23:01:04.023	Custom indicator FixedChartScale EURUSD-OTC,M1: loaded successfully
2	23:01:08.627	Custom indicator AntiLoss_Pro_V2 EURUSD-OTC,M1: removed
2	23:01:17.305	Custom indicator iclock_mod1 EURUSD-OTC,M1: removed
2	23:01:23.486	Custom indicator Price Pro Combiner Premium EURUSD-OTC,M1: loaded successfully
2	23:03:39.622	Custom indicator iclock_mod1 EURJPY-OTC,M1: removed
2	23:03:39.631	Custom indicator AntiLoss_Pro_V2 EURJPY-OTC,M1: removed
2	23:03:39.633	Custom indicator FixedChartScale EURJPY-OTC,M1: removed
2	23:03:39.642	Custom indicator FixedChartScale EURJPY-OTC,M1: loaded successfully
2	23:03:39.659	Custom indicator Price Pro Combiner Premium EURJPY-OTC,M1: loaded successfully
2	23:03:44.368	Custom indicator iclock_mod1 USDJPY-OTC,M1: removed
2	23:03:44.376	Custom indicator AntiLoss_Pro_V2 USDJPY-OTC,M1: removed
2	23:03:44.377	Custom indicator FixedChartScale USDJPY-OTC,M1: removed
2	23:03:44.388	Custom indicator FixedChartScale USDJPY-OTC,M1: loaded successfully
2	23:03:44.403	Custom indicator Price Pro Combiner Premium USDJPY-OTC,M1: loaded successfully
2	23:05:48.625	Custom indicator FixedChartScale USDJPY-OTC,M1: removed
2	23:05:48.626	Custom indicator Price Pro Combiner Premium USDJPY-OTC,M1: removed
2	23:06:56.606	Custom indicator FixedChartScale EURUSD-OTC,M1: removed
2	23:06:56.607	Custom indicator Price Pro Combiner Premium EURUSD-OTC,M1: removed
2	23:06:56.617	Custom indicator FixedChartScale EURUSD-OTC,M1: loaded successfully
2	23:06:56.633	Custom indicator Price Pro Combiner Premium EURUSD-OTC,M1: loaded successfully
2	23:11:14.157	Custom indicator FixedChartScale EURUSD-OTC,M1: removed
2	23:11:14.158	Custom indicator Price Pro Combiner Premium EURUSD-OTC,M1: removed
2	23:11:14.215	Custom indicator DiamanteIA Pro  TELEGRAM@INDICADORESGRATIS EURUSD-OTC,M1: loaded successfully
2	23:12:32.042	Custom indicator FixedChartScale EURJPY-OTC,M1: removed
2	23:12:32.043	Custom indicator Price Pro Combiner Premium EURJPY-OTC,M1: removed
2	23:13:40.867	Custom indicator fadedbckgrnd2__1 EURUSD,M1: removed
2	23:13:40.868	Custom indicator FixedChartScale EURUSD,M1: removed
2	23:13:40.869	Custom indicator 2 Binary Kikos EURUSD,M1: removed
2	23:13:40.878	Custom indicator AntiLoss_Pro_V2 EURUSD,M1: removed
2	23:13:40.880	Custom indicator 1Ultimate-Trend-Signals-v2-600 EURUSD,M1: removed
2	23:13:40.882	Custom indicator 2Trend EURUSD,M1: removed
2	23:15:32.732	Custom indicator FixedChartScale EURUSD-OTC,M1: loaded successfully
