0	06:36:24.359	Alpari MT4 build 1359 started (Alpari International)
0	06:36:24.359	Windows 10 Pro x64, IE 11, UAC, 8 x Intel Core i7-7700HQ  @ 2.80GHz, Memory: 14150 / 16267 Mb, Disk: 392 / 476 Gb, GMT-3
0	06:36:24.359	Data Folder: C:\Users\Administrator\AppData\Roaming\MetaQuotes\Terminal\287469DEA9630EA94D0715D755974F1B
2	06:36:25.516	Expert EABiBot_Tick GBPUSD,M1: loaded successfully
2	06:36:25.532	Custom indicator fadedbckgrnd2__1 EURJPY-OTC,M1: loaded successfully
2	06:36:25.547	Custom indicator FixedChartScale EURJPY-OTC,M1: loaded successfully
2	06:36:25.547	Custom indicator iclock_mod1 EURJPY-OTC,M1: loaded successfully
2	06:36:25.657	Custom indicator Price Pro Value Chart Profissional - PT-BR EURJPY-OTC,M1: loaded successfully
2	06:36:25.891	Custom indicator Price Pro Value Chart Profissional - PT-BR EURJPY-OTC,M1: removed
2	06:36:25.906	Custom indicator fadedbckgrnd2__1 EURUSD-OTC,M1: loaded successfully
2	06:36:25.906	Custom indicator FixedChartScale EURUSD-OTC,M1: loaded successfully
2	06:36:25.922	Custom indicator iclock_mod1 EURUSD-OTC,M1: loaded successfully
2	06:36:26.016	Custom indicator Price Pro Value Chart Profissional - PT-BR EURUSD-OTC,M1: loaded successfully
2	06:36:26.203	Custom indicator Price Pro Value Chart Profissional - PT-BR EURUSD-OTC,M1: removed
0	06:36:27.311	'15069840': login on Alpari-Demo through Demo.Europe.9:1119 (ping: 263.70 ms)
0	06:36:29.534	'15069840': login datacenter on Alpari-Demo through Demo.Europe.9:1119 (ping: 263.70 ms)
0	06:36:30.161	'15069840': previous successful authorization performed from 177.13.219.146
0	06:37:22.524	'15069840': ping to current access point Demo.Europe.9:1119 is 255.74 ms
2	06:37:56.386	Custom indicator fadedbckgrnd2__1 EURJPY-OTC,M1: removed
2	06:37:56.386	Custom indicator FixedChartScale EURJPY-OTC,M1: removed
2	06:37:56.386	Custom indicator iclock_mod1 EURJPY-OTC,M1: removed
2	06:37:56.401	Custom indicator fadedbckgrnd2__1 EURJPY-OTC,M1: loaded successfully
2	06:37:56.401	Custom indicator FixedChartScale EURJPY-OTC,M1: loaded successfully
2	06:37:56.417	Custom indicator iclock_mod1 EURJPY-OTC,M1: loaded successfully
2	06:37:56.526	Custom indicator Price Pro Value Chart Profissional - PT-BR EURJPY-OTC,M1: loaded successfully
2	06:38:02.230	Custom indicator fadedbckgrnd2__1 EURUSD-OTC,M1: removed
2	06:38:02.230	Custom indicator FixedChartScale EURUSD-OTC,M1: removed
2	06:38:02.230	Custom indicator iclock_mod1 EURUSD-OTC,M1: removed
2	06:38:02.246	Custom indicator fadedbckgrnd2__1 EURUSD-OTC,M1: loaded successfully
2	06:38:02.246	Custom indicator FixedChartScale EURUSD-OTC,M1: loaded successfully
2	06:38:02.262	Custom indicator iclock_mod1 EURUSD-OTC,M1: loaded successfully
2	06:38:02.355	Custom indicator Price Pro Value Chart Profissional - PT-BR EURUSD-OTC,M1: loaded successfully
2	06:38:46.485	Custom indicator fadedbckgrnd2__1 EURJPY-OTC,M1: removed
2	06:38:46.485	Custom indicator FixedChartScale EURJPY-OTC,M1: removed
2	06:38:46.485	Custom indicator iclock_mod1 EURJPY-OTC,M1: removed
2	06:38:46.501	Custom indicator Price Pro Value Chart Profissional - PT-BR EURJPY-OTC,M1: removed
2	06:38:46.501	Custom indicator fadedbckgrnd2__1 EURJPY-OTC,M1: loaded successfully
2	06:38:46.516	Custom indicator FixedChartScale EURJPY-OTC,M1: loaded successfully
2	06:38:46.516	Custom indicator iclock_mod1 EURJPY-OTC,M1: loaded successfully
2	06:38:46.610	Custom indicator Price Pro Value Chart Profissional - PT-BR EURJPY-OTC,M1: loaded successfully
1	09:26:34.425	'15069840': connect failed [Sem conexão]
0	09:29:27.793	'15069840': login on Alpari-Demo through Demo.Asia.1 (ping: n/a)
0	09:29:32.479	'15069840': login datacenter on Alpari-Demo through Demo.Asia.1 (ping: n/a)
0	09:29:33.536	'15069840': previous successful authorization performed from 177.13.219.146
0	09:30:24.793	'15069840': auto connecting to a better access point Demo.Europe.9:1119 (ping is 255.28 ms)
0	09:30:25.557	'15069840': login on Alpari-Demo through Demo.Europe.9:1119 (ping: 255.28 ms)
0	09:30:27.460	'15069840': login datacenter on Alpari-Demo through Demo.Europe.9:1119 (ping: 255.28 ms)
0	09:30:28.067	'15069840': previous successful authorization performed from 177.13.217.237
2	14:20:22.027	Expert EABiBot_Tick GBPUSD,M1: removed
2	14:20:22.043	Custom indicator fadedbckgrnd2__1 EURJPY-OTC,M1: removed
2	14:20:22.043	Custom indicator FixedChartScale EURJPY-OTC,M1: removed
2	14:20:22.043	Custom indicator iclock_mod1 EURJPY-OTC,M1: removed
2	14:20:22.058	Custom indicator Price Pro Value Chart Profissional - PT-BR EURJPY-OTC,M1: removed
2	14:20:22.058	Custom indicator fadedbckgrnd2__1 EURUSD-OTC,M1: removed
2	14:20:22.074	Custom indicator FixedChartScale EURUSD-OTC,M1: removed
2	14:20:22.074	Custom indicator iclock_mod1 EURUSD-OTC,M1: removed
2	14:20:22.091	Custom indicator Price Pro Value Chart Profissional - PT-BR EURUSD-OTC,M1: removed
0	14:20:22.436	Alpari MT4 build 1359 stopped
0	15:59:26.398	Alpari MT4 build 1359 started (Alpari International)
0	15:59:26.398	Windows 10 Pro x64, IE 11, UAC, 8 x Intel Core i7-7700HQ  @ 2.80GHz, Memory: 9428 / 16267 Mb, Disk: 391 / 476 Gb, GMT-3
0	15:59:26.398	Data Folder: C:\Users\Administrator\AppData\Roaming\MetaQuotes\Terminal\287469DEA9630EA94D0715D755974F1B
2	15:59:28.208	Expert EABiBot_Tick GBPUSD,M1: loaded successfully
2	15:59:28.233	Custom indicator fadedbckgrnd2__1 EURJPY-OTC,M1: loaded successfully
2	15:59:28.243	Custom indicator FixedChartScale EURJPY-OTC,M1: loaded successfully
2	15:59:28.258	Custom indicator iclock_mod1 EURJPY-OTC,M1: loaded successfully
2	15:59:28.387	Custom indicator Price Pro Value Chart Profissional - PT-BR EURJPY-OTC,M1: loaded successfully
2	15:59:28.638	Custom indicator Price Pro Value Chart Profissional - PT-BR EURJPY-OTC,M1: removed
2	15:59:28.667	Custom indicator fadedbckgrnd2__1 EURUSD-OTC,M1: loaded successfully
2	15:59:28.678	Custom indicator FixedChartScale EURUSD-OTC,M1: loaded successfully
2	15:59:28.692	Custom indicator iclock_mod1 EURUSD-OTC,M1: loaded successfully
2	15:59:28.818	Custom indicator Price Pro Value Chart Profissional - PT-BR EURUSD-OTC,M1: loaded successfully
2	15:59:29.073	Custom indicator Price Pro Value Chart Profissional - PT-BR EURUSD-OTC,M1: removed
0	15:59:30.293	'15069840': login on Alpari-Demo through Demo.Europe.9:1119 (ping: 255.28 ms)
0	15:59:32.928	'15069840': login datacenter on Alpari-Demo through Demo.Europe.9:1119 (ping: 255.28 ms)
0	15:59:33.627	'15069840': previous successful authorization performed from 177.13.217.237
2	15:59:54.444	Custom indicator fadedbckgrnd2__1 EURJPY-OTC,M1: removed
2	15:59:54.445	Custom indicator FixedChartScale EURJPY-OTC,M1: removed
2	15:59:54.446	Custom indicator iclock_mod1 EURJPY-OTC,M1: removed
2	15:59:55.973	Custom indicator fadedbckgrnd2__1 EURUSD-OTC,M1: removed
2	15:59:55.974	Custom indicator FixedChartScale EURUSD-OTC,M1: removed
2	15:59:55.975	Custom indicator iclock_mod1 EURUSD-OTC,M1: removed
2	16:00:09.501	Custom indicator fadedbckgrnd2__1 EURUSD,M1: loaded successfully
2	16:00:09.509	Custom indicator FixedChartScale EURUSD,M1: loaded successfully
2	16:00:09.518	Custom indicator iclock_mod1 EURUSD,M1: loaded successfully
2	16:00:09.619	Custom indicator Price Pro Value Chart Profissional - PT-BR EURUSD,M1: loaded successfully
0	16:00:09.995	HistoryCenter: synchronize 'EURUSD1'
0	16:00:10.757	HistoryCenter: 2 bars imported in 'EURUSD1'
0	16:00:12.955	HistoryCenter: synchronize 'EURUSD1'
0	16:00:13.863	HistoryCenter: 2 bars imported in 'EURUSD1'
0	16:00:14.962	HistoryCenter: synchronize 'EURUSD1'
0	16:00:15.724	HistoryCenter: 2 bars imported in 'EURUSD1'
0	16:00:16.277	HistoryCenter: synchronize 'EURUSD1'
0	16:00:17.069	HistoryCenter: 2 bars imported in 'EURUSD1'
0	16:00:18.167	HistoryCenter: synchronize 'EURUSD1'
0	16:00:18.953	HistoryCenter: 2 bars imported in 'EURUSD1'
0	16:00:20.059	HistoryCenter: synchronize 'EURUSD1'
0	16:00:20.858	HistoryCenter: 2 bars imported in 'EURUSD1'
0	16:00:21.969	HistoryCenter: synchronize 'EURUSD1'
0	16:00:22.717	HistoryCenter: 2 bars imported in 'EURUSD1'
0	16:00:23.267	HistoryCenter: synchronize 'EURUSD1'
0	16:00:23.999	HistoryCenter: 2 bars imported in 'EURUSD1'
2	16:00:24.957	Custom indicator fadedbckgrnd2__1 EURUSD,M1: removed
2	16:00:24.959	Custom indicator FixedChartScale EURUSD,M1: removed
2	16:00:24.960	Custom indicator iclock_mod1 EURUSD,M1: removed
2	16:00:24.975	Custom indicator Price Pro Value Chart Profissional - PT-BR EURUSD,M1: removed
2	16:00:24.983	Custom indicator fadedbckgrnd2__1 EURUSD,M1: loaded successfully
2	16:00:24.991	Custom indicator FixedChartScale EURUSD,M1: loaded successfully
2	16:00:25.000	Custom indicator iclock_mod1 EURUSD,M1: loaded successfully
0	16:00:25.098	HistoryCenter: synchronize 'EURUSD1'
2	16:00:25.103	Custom indicator Price Pro Value Chart Profissional - PT-BR EURUSD,M1: loaded successfully
0	16:00:25.865	HistoryCenter: 2 bars imported in 'EURUSD1'
0	16:00:27.525	HistoryCenter: synchronize 'EURUSD1'
0	16:00:28.284	HistoryCenter: 2 bars imported in 'EURUSD1'
0	16:00:29.387	HistoryCenter: synchronize 'EURUSD1'
0	16:00:30.133	HistoryCenter: 2 bars imported in 'EURUSD1'
0	16:00:30.680	HistoryCenter: synchronize 'EURUSD1'
0	16:00:31.456	HistoryCenter: 2 bars imported in 'EURUSD1'
0	16:00:32.142	'15069840': ping to current access point Demo.Europe.9:1119 is 265.98 ms
0	16:00:32.554	HistoryCenter: synchronize 'EURUSD1'
0	16:00:33.317	HistoryCenter: 2 bars imported in 'EURUSD1'
0	16:00:34.411	HistoryCenter: synchronize 'EURUSD1'
0	16:00:35.179	HistoryCenter: 2 bars imported in 'EURUSD1'
0	16:00:35.733	HistoryCenter: synchronize 'EURUSD1'
0	16:00:36.478	HistoryCenter: 2 bars imported in 'EURUSD1'
0	16:00:37.573	HistoryCenter: synchronize 'EURUSD1'
0	16:00:38.322	HistoryCenter: 2 bars imported in 'EURUSD1'
0	16:00:39.420	HistoryCenter: synchronize 'BTCUSD1'
0	16:00:43.122	HistoryCenter: 33599 bars imported in 'BTCUSD1'
2	16:00:48.746	Custom indicator fadedbckgrnd2__1 BTCUSD,M1: removed
2	16:00:48.747	Custom indicator FixedChartScale BTCUSD,M1: removed
2	16:00:48.749	Custom indicator iclock_mod1 BTCUSD,M1: removed
2	16:00:48.762	Custom indicator Price Pro Value Chart Profissional - PT-BR BTCUSD,M1: removed
2	16:00:48.771	Custom indicator fadedbckgrnd2__1 BTCUSD,M1: loaded successfully
2	16:00:48.779	Custom indicator FixedChartScale BTCUSD,M1: loaded successfully
2	16:00:48.788	Custom indicator iclock_mod1 BTCUSD,M1: loaded successfully
2	16:00:48.906	Custom indicator Price Pro Value Chart Profissional - PT-BR BTCUSD,M1: loaded successfully
0	16:00:50.314	HistoryCenter: synchronize 'BTCUSD1'
0	16:00:51.153	HistoryCenter: 2 bars imported in 'BTCUSD1'
0	16:00:51.707	HistoryCenter: synchronize 'BTCUSD1'
0	16:00:52.469	HistoryCenter: 2 bars imported in 'BTCUSD1'
0	16:00:53.568	HistoryCenter: synchronize 'BTCUSD1'
0	16:00:54.329	HistoryCenter: 2 bars imported in 'BTCUSD1'
0	16:00:55.434	HistoryCenter: synchronize 'BTCUSD1'
0	16:00:56.222	HistoryCenter: 2 bars imported in 'BTCUSD1'
0	16:00:57.329	HistoryCenter: synchronize 'BTCUSD1'
0	16:00:58.092	HistoryCenter: 2 bars imported in 'BTCUSD1'
0	16:00:58.645	HistoryCenter: synchronize 'BTCUSD1'
0	16:00:59.431	HistoryCenter: 2 bars imported in 'BTCUSD1'
2	16:01:43.668	Custom indicator Support_and_Resistance__TLB_OC_v02 BTCUSD,M1: loaded successfully
2	16:02:01.528	Custom indicator Support_and_Resistance__TLB_OC_v02 BTCUSD,M1: removed
2	16:02:17.222	Custom indicator SS_SupportResistance_v04c-original-mod BTCUSD,M1: loaded successfully
2	16:02:28.736	Custom indicator SS_SupportResistance_v04c-original-mod BTCUSD,M1: removed
2	16:02:31.833	Custom indicator SR_OBwin BTCUSD,M1: loaded successfully
2	16:02:39.863	Custom indicator SR_OBwin BTCUSD,M1: removed
2	16:02:44.419	Custom indicator SS_SupportResistance_v04c-original-mod BTCUSD,M1: loaded successfully
2	16:02:50.352	Custom indicator SS_SupportResistance_v04c-original-mod BTCUSD,M1: removed
2	16:03:18.002	Custom indicator SOS Zone SR BTCUSD,M1: loaded successfully
2	16:03:45.322	Custom indicator SOS Zone SR BTCUSD,M1: removed
2	16:03:52.200	Custom indicator Spike BTCUSD,M1: loaded successfully
2	16:04:01.851	Custom indicator Spike BTCUSD,M1: removed
2	16:04:08.930	Custom indicator SOPORTE Y RESISTENCIA TELEGRAM@INDICADORESGRATIS BTCUSD,M1: loaded successfully
2	16:04:23.792	Custom indicator SOPORTE Y RESISTENCIA TELEGRAM@INDICADORESGRATIS BTCUSD,M1: removed
2	16:04:29.432	Custom indicator SniperconfluenciaPRO BTCUSD,M1: loaded successfully
2	16:04:31.192	Custom indicator SniperconfluenciaPRO BTCUSD,M1: removed
2	16:04:39.029	Custom indicator SCANNER SIGNAL TELEGRAM @COMUNIDADGRATIS BTCUSD,M1: loaded successfully
2	16:04:45.136	Custom indicator SCANNER SIGNAL TELEGRAM @COMUNIDADGRATIS BTCUSD,M1: removed
2	16:05:03.017	Custom indicator Nice Value Chart 1.0 BTCUSD,M1: loaded successfully
2	16:05:10.724	Custom indicator Nice Value Chart 1.0 BTCUSD,M1: removed
2	16:05:18.779	Custom indicator MD V8 TELEGRAM @INDICADORESGRATIS BTCUSD,M1: loaded successfully
2	16:05:25.204	Custom indicator MD V8 TELEGRAM @INDICADORESGRATIS BTCUSD,M1: removed
2	16:05:27.848	Custom indicator Market BTCUSD,M1: loaded successfully
2	16:06:23.880	Custom indicator fadedbckgrnd2__1 BTCUSD,M1: removed
2	16:06:23.883	Custom indicator FixedChartScale BTCUSD,M1: removed
2	16:06:23.886	Custom indicator iclock_mod1 BTCUSD,M1: removed
2	16:06:23.887	Custom indicator Market BTCUSD,M1: removed
2	16:06:23.912	Custom indicator Price Pro Value Chart Profissional - PT-BR BTCUSD,M1: removed
0	16:06:24.146	Alpari MT4 build 1359 stopped
