0	07:10:13.870	Alpari MT4 build 1359 started (Alpari International)
0	07:10:13.871	Windows 10 Pro x64, IE 11, UAC, 8 x Intel Core i7-7700HQ  @ 2.80GHz, Memory: 12040 / 16267 Mb, Disk: 389 / 476 Gb, GMT-3
0	07:10:13.871	Data Folder: C:\Users\Administrator\AppData\Roaming\MetaQuotes\Terminal\287469DEA9630EA94D0715D755974F1B
2	07:10:15.276	Custom indicator fadedbckgrnd2__1 GBPUSD,M5: loaded successfully
2	07:10:15.284	Custom indicator FixedChartScale GBPUSD,M5: loaded successfully
2	07:10:15.398	Custom indicator Price Pro Value Chart Profissional - PT-BR GBPUSD,M5: loaded successfully
2	07:10:15.595	Custom indicator Price Pro Value Chart Profissional - PT-BR GBPUSD,M5: removed
2	07:10:15.617	Custom indicator fadedbckgrnd2__1 EURGBP,M5: loaded successfully
2	07:10:15.625	Custom indicator FixedChartScale EURGBP,M5: loaded successfully
2	07:10:15.730	Custom indicator Price Pro Value Chart Profissional - PT-BR EURGBP,M5: loaded successfully
2	07:10:15.915	Custom indicator Price Pro Value Chart Profissional - PT-BR EURGBP,M5: removed
2	07:10:15.942	Custom indicator fadedbckgrnd2__1 EURJPY,M5: loaded successfully
2	07:10:15.951	Custom indicator FixedChartScale EURJPY,M5: loaded successfully
2	07:10:16.053	Custom indicator Price Pro Value Chart Profissional - PT-BR EURJPY,M5: loaded successfully
2	07:10:16.239	Custom indicator Price Pro Value Chart Profissional - PT-BR EURJPY,M5: removed
2	07:10:16.266	Custom indicator fadedbckgrnd2__1 GBPJPY,M5: loaded successfully
2	07:10:16.275	Custom indicator FixedChartScale GBPJPY,M5: loaded successfully
2	07:10:16.385	Custom indicator Price Pro Value Chart Profissional - PT-BR GBPJPY,M5: loaded successfully
2	07:10:16.574	Custom indicator Price Pro Value Chart Profissional - PT-BR GBPJPY,M5: removed
2	07:10:16.598	Custom indicator fadedbckgrnd2__1 EURUSD,M5: loaded successfully
2	07:10:16.607	Custom indicator FixedChartScale EURUSD,M5: loaded successfully
2	07:10:16.705	Custom indicator Price Pro Value Chart Profissional - PT-BR EURUSD,M5: loaded successfully
2	07:10:16.903	Custom indicator Price Pro Value Chart Profissional - PT-BR EURUSD,M5: removed
2	07:10:16.937	Custom indicator fadedbckgrnd2__1 AUDUSD,M5: loaded successfully
2	07:10:16.946	Custom indicator FixedChartScale AUDUSD,M5: loaded successfully
2	07:10:17.052	Custom indicator Price Pro Value Chart Profissional - PT-BR AUDUSD,M5: loaded successfully
2	07:10:17.236	Custom indicator Price Pro Value Chart Profissional - PT-BR AUDUSD,M5: removed
0	07:10:17.564	HistoryCenter: synchronize 'GBPUSD5'
0	07:10:18.354	HistoryCenter: 153 bars imported in 'GBPUSD5'
0	07:10:18.354	HistoryCenter: synchronize 'EURUSD5'
0	07:10:18.460	'15069840': login on Alpari-Demo through Demo.Europe.2:444 (ping: 242.97 ms)
0	07:10:19.142	HistoryCenter: 153 bars imported in 'EURUSD5'
0	07:10:19.143	HistoryCenter: synchronize 'GBPJPY5'
0	07:10:19.927	HistoryCenter: 153 bars imported in 'GBPJPY5'
0	07:10:19.927	HistoryCenter: synchronize 'EURJPY5'
0	07:10:20.663	'15069840': login datacenter on Alpari-Demo through Demo.Europe.2:444 (ping: 242.97 ms)
0	07:10:20.718	HistoryCenter: 153 bars imported in 'EURJPY5'
0	07:10:20.718	HistoryCenter: synchronize 'EURGBP5'
0	07:10:21.387	'15069840': previous successful authorization performed from 177.13.220.247
0	07:10:21.665	HistoryCenter: 153 bars imported in 'EURGBP5'
0	07:10:22.208	HistoryCenter: synchronize 'AUDUSD5'
0	07:10:23.029	HistoryCenter: 153 bars imported in 'AUDUSD5'
2	07:10:27.100	Custom indicator fadedbckgrnd2__1 GBPUSD,M5: removed
2	07:10:27.102	Custom indicator FixedChartScale GBPUSD,M5: removed
2	07:10:27.110	Custom indicator fadedbckgrnd2__1 GBPUSD,M5: loaded successfully
2	07:10:27.120	Custom indicator FixedChartScale GBPUSD,M5: loaded successfully
2	07:10:27.229	Custom indicator Price Pro Value Chart Profissional - PT-BR GBPUSD,M5: loaded successfully
0	07:10:27.960	HistoryCenter: synchronize 'GBPUSD5'
0	07:10:28.943	HistoryCenter: 2 bars imported in 'GBPUSD5'
0	07:10:30.586	HistoryCenter: synchronize 'GBPUSD5'
0	07:10:31.365	HistoryCenter: 2 bars imported in 'GBPUSD5'
0	07:10:31.914	HistoryCenter: synchronize 'GBPUSD5'
0	07:10:32.673	HistoryCenter: 2 bars imported in 'GBPUSD5'
0	07:10:33.772	HistoryCenter: synchronize 'GBPUSD5'
0	07:10:34.552	HistoryCenter: 2 bars imported in 'GBPUSD5'
0	07:10:35.648	HistoryCenter: synchronize 'GBPUSD5'
0	07:10:36.549	HistoryCenter: 2 bars imported in 'GBPUSD5'
0	07:10:37.652	HistoryCenter: synchronize 'GBPUSD5'
0	07:10:38.391	HistoryCenter: 2 bars imported in 'GBPUSD5'
0	07:10:38.941	HistoryCenter: synchronize 'GBPUSD5'
0	07:10:39.688	HistoryCenter: 2 bars imported in 'GBPUSD5'
0	07:11:05.624	'15069840': ping to current access point Demo.Europe.2:444 is 244.13 ms
2	07:11:18.271	Custom indicator fadedbckgrnd2__1 EURJPY,M5: removed
2	07:11:18.272	Custom indicator FixedChartScale EURJPY,M5: removed
2	07:11:18.280	Custom indicator fadedbckgrnd2__1 EURJPY,M5: loaded successfully
2	07:11:18.289	Custom indicator FixedChartScale EURJPY,M5: loaded successfully
2	07:11:18.390	Custom indicator Price Pro Value Chart Profissional - PT-BR EURJPY,M5: loaded successfully
0	07:11:18.681	HistoryCenter: synchronize 'EURJPY5'
0	07:11:19.440	HistoryCenter: 2 bars imported in 'EURJPY5'
0	07:11:20.548	HistoryCenter: synchronize 'EURJPY5'
0	07:11:21.320	HistoryCenter: 2 bars imported in 'EURJPY5'
0	07:11:21.871	HistoryCenter: synchronize 'EURJPY5'
0	07:11:22.636	HistoryCenter: 2 bars imported in 'EURJPY5'
2	07:11:31.661	Custom indicator fadedbckgrnd2__1 EURJPY,M5: removed
2	07:11:31.662	Custom indicator FixedChartScale EURJPY,M5: removed
2	07:11:31.677	Custom indicator Price Pro Value Chart Profissional - PT-BR EURJPY,M5: removed
2	07:11:31.687	Custom indicator fadedbckgrnd2__1 EURJPY,M5: loaded successfully
2	07:11:31.696	Custom indicator FixedChartScale EURJPY,M5: loaded successfully
2	07:11:31.804	Custom indicator Price Pro Value Chart Profissional - PT-BR EURJPY,M5: loaded successfully
0	07:11:32.533	HistoryCenter: synchronize 'EURJPY5'
0	07:11:33.498	HistoryCenter: 2 bars imported in 'EURJPY5'
0	07:11:34.588	HistoryCenter: synchronize 'EURJPY5'
0	07:11:35.324	HistoryCenter: 2 bars imported in 'EURJPY5'
2	07:11:39.974	Custom indicator fadedbckgrnd2__1 EURUSD,M5: removed
2	07:11:39.975	Custom indicator FixedChartScale EURUSD,M5: removed
2	07:11:39.983	Custom indicator fadedbckgrnd2__1 EURUSD,M5: loaded successfully
2	07:11:39.992	Custom indicator FixedChartScale EURUSD,M5: loaded successfully
2	07:11:40.099	Custom indicator Price Pro Value Chart Profissional - PT-BR EURUSD,M5: loaded successfully
0	07:11:40.828	HistoryCenter: synchronize 'EURUSD5'
0	07:11:41.588	HistoryCenter: 2 bars imported in 'EURUSD5'
0	07:11:42.687	HistoryCenter: synchronize 'EURUSD5'
0	07:11:43.445	HistoryCenter: 2 bars imported in 'EURUSD5'
0	07:11:44.553	HistoryCenter: synchronize 'EURUSD5'
0	07:11:45.304	HistoryCenter: 2 bars imported in 'EURUSD5'
0	07:11:46.400	HistoryCenter: synchronize 'EURUSD5'
0	07:11:47.147	HistoryCenter: 2 bars imported in 'EURUSD5'
0	07:11:47.697	HistoryCenter: synchronize 'EURUSD5'
0	07:11:48.443	HistoryCenter: 2 bars imported in 'EURUSD5'
0	07:11:49.544	HistoryCenter: synchronize 'EURUSD5'
0	07:11:50.332	HistoryCenter: 2 bars imported in 'EURUSD5'
2	07:11:56.396	Custom indicator fadedbckgrnd2__1 EURGBP,M5: removed
2	07:11:56.397	Custom indicator FixedChartScale EURGBP,M5: removed
2	07:11:56.405	Custom indicator fadedbckgrnd2__1 EURGBP,M5: loaded successfully
2	07:11:56.413	Custom indicator FixedChartScale EURGBP,M5: loaded successfully
2	07:11:56.516	Custom indicator Price Pro Value Chart Profissional - PT-BR EURGBP,M5: loaded successfully
0	07:11:56.938	HistoryCenter: synchronize 'EURGBP5'
0	07:11:57.688	HistoryCenter: 2 bars imported in 'EURGBP5'
0	07:11:58.782	HistoryCenter: synchronize 'EURGBP5'
0	07:11:59.564	HistoryCenter: 2 bars imported in 'EURGBP5'
0	07:12:00.121	HistoryCenter: synchronize 'EURGBP5'
0	07:12:00.879	HistoryCenter: 2 bars imported in 'EURGBP5'
0	07:12:01.981	HistoryCenter: synchronize 'EURGBP5'
0	07:12:02.776	HistoryCenter: 2 bars imported in 'EURGBP5'
0	07:12:03.871	HistoryCenter: synchronize 'EURGBP5'
0	07:12:04.642	HistoryCenter: 2 bars imported in 'EURGBP5'
0	07:12:05.192	HistoryCenter: synchronize 'EURGBP5'
0	07:12:05.913	HistoryCenter: 2 bars imported in 'EURGBP5'
0	07:12:07.010	HistoryCenter: synchronize 'EURGBP5'
0	07:12:07.783	HistoryCenter: 2 bars imported in 'EURGBP5'
0	07:12:08.888	HistoryCenter: synchronize 'EURGBP5'
0	07:12:09.618	HistoryCenter: 2 bars imported in 'EURGBP5'
0	07:12:10.165	HistoryCenter: synchronize 'EURGBP5'
0	07:12:11.143	HistoryCenter: 2 bars imported in 'EURGBP5'
0	07:12:12.240	HistoryCenter: synchronize 'EURGBP5'
0	07:12:12.998	HistoryCenter: 2 bars imported in 'EURGBP5'
0	07:12:14.104	HistoryCenter: synchronize 'EURGBP5'
0	07:12:14.864	HistoryCenter: 2 bars imported in 'EURGBP5'
0	07:12:15.971	HistoryCenter: synchronize 'EURGBP5'
0	07:12:16.767	HistoryCenter: 2 bars imported in 'EURGBP5'
2	07:12:20.307	Custom indicator fadedbckgrnd2__1 GBPJPY,M5: removed
2	07:12:20.309	Custom indicator FixedChartScale GBPJPY,M5: removed
2	07:12:20.317	Custom indicator fadedbckgrnd2__1 GBPJPY,M5: loaded successfully
2	07:12:20.326	Custom indicator FixedChartScale GBPJPY,M5: loaded successfully
2	07:12:20.425	Custom indicator Price Pro Value Chart Profissional - PT-BR GBPJPY,M5: loaded successfully
0	07:12:21.165	HistoryCenter: synchronize 'GBPJPY5'
0	07:12:21.922	HistoryCenter: 2 bars imported in 'GBPJPY5'
0	07:12:23.021	HistoryCenter: synchronize 'GBPJPY5'
0	07:12:23.817	HistoryCenter: 2 bars imported in 'GBPJPY5'
0	07:12:24.917	HistoryCenter: synchronize 'GBPJPY5'
0	07:12:25.672	HistoryCenter: 2 bars imported in 'GBPJPY5'
0	07:12:26.763	HistoryCenter: synchronize 'GBPJPY5'
0	07:12:27.496	HistoryCenter: 2 bars imported in 'GBPJPY5'
0	07:12:28.039	HistoryCenter: synchronize 'GBPJPY5'
0	07:12:28.806	HistoryCenter: 2 bars imported in 'GBPJPY5'
0	07:12:29.908	HistoryCenter: synchronize 'GBPJPY5'
0	07:12:30.638	HistoryCenter: 2 bars imported in 'GBPJPY5'
0	07:12:31.728	HistoryCenter: synchronize 'GBPJPY5'
0	07:12:32.500	HistoryCenter: 2 bars imported in 'GBPJPY5'
0	07:12:33.056	HistoryCenter: synchronize 'GBPJPY5'
0	07:12:33.853	HistoryCenter: 2 bars imported in 'GBPJPY5'
0	07:12:34.953	HistoryCenter: synchronize 'GBPJPY5'
0	07:12:35.736	HistoryCenter: 2 bars imported in 'GBPJPY5'
0	07:12:36.839	HistoryCenter: synchronize 'GBPJPY5'
0	07:12:38.141	HistoryCenter: 2 bars imported in 'GBPJPY5'
2	07:12:43.342	Custom indicator fadedbckgrnd2__1 AUDUSD,M5: removed
2	07:12:43.343	Custom indicator FixedChartScale AUDUSD,M5: removed
2	07:12:43.354	Custom indicator fadedbckgrnd2__1 AUDUSD,M5: loaded successfully
2	07:12:43.364	Custom indicator FixedChartScale AUDUSD,M5: loaded successfully
2	07:12:43.466	Custom indicator Price Pro Value Chart Profissional - PT-BR AUDUSD,M5: loaded successfully
0	07:12:44.204	HistoryCenter: synchronize 'AUDUSD5'
0	07:12:45.088	HistoryCenter: 2 bars imported in 'AUDUSD5'
0	07:12:46.188	HistoryCenter: synchronize 'AUDUSD5'
0	07:12:46.986	HistoryCenter: 2 bars imported in 'AUDUSD5'
0	07:12:48.087	HistoryCenter: synchronize 'AUDUSD5'
0	07:12:48.856	HistoryCenter: 2 bars imported in 'AUDUSD5'
0	07:12:49.964	HistoryCenter: synchronize 'AUDUSD5'
0	07:12:50.703	HistoryCenter: 2 bars imported in 'AUDUSD5'
0	07:12:51.815	HistoryCenter: synchronize 'AUDUSD5'
0	07:12:52.551	HistoryCenter: 2 bars imported in 'AUDUSD5'
0	07:12:53.093	HistoryCenter: synchronize 'AUDUSD5'
0	07:12:53.864	HistoryCenter: 2 bars imported in 'AUDUSD5'
0	07:12:54.973	HistoryCenter: synchronize 'AUDUSD5'
0	07:12:56.047	HistoryCenter: 2 bars imported in 'AUDUSD5'
0	07:12:57.136	HistoryCenter: synchronize 'AUDUSD5'
0	07:12:57.889	HistoryCenter: 2 bars imported in 'AUDUSD5'
0	07:12:58.979	HistoryCenter: synchronize 'AUDUSD5'
0	07:12:59.713	HistoryCenter: 2 bars imported in 'AUDUSD5'
0	07:13:00.820	HistoryCenter: synchronize 'AUDUSD5'
0	07:13:01.579	HistoryCenter: 2 bars imported in 'AUDUSD5'
0	07:13:02.126	HistoryCenter: synchronize 'AUDUSD5'
0	07:13:02.891	HistoryCenter: 2 bars imported in 'AUDUSD5'
0	07:13:03.988	HistoryCenter: synchronize 'AUDUSD5'
0	07:13:04.722	HistoryCenter: 2 bars imported in 'AUDUSD5'
2	07:45:37.127	Custom indicator fadedbckgrnd2__1 AUDUSD,M5: removed
2	07:45:37.128	Custom indicator FixedChartScale AUDUSD,M5: removed
2	07:45:37.143	Custom indicator Price Pro Value Chart Profissional - PT-BR AUDUSD,M5: removed
2	07:45:37.152	Custom indicator fadedbckgrnd2__1 AUDUSD,M5: loaded successfully
2	07:45:37.161	Custom indicator FixedChartScale AUDUSD,M5: loaded successfully
2	07:45:37.279	Custom indicator Price Pro Value Chart Profissional - PT-BR AUDUSD,M5: loaded successfully
0	07:45:37.664	HistoryCenter: synchronize 'AUDUSD5'
0	07:45:38.471	HistoryCenter: 2 bars imported in 'AUDUSD5'
0	07:45:40.119	HistoryCenter: synchronize 'AUDUSD5'
0	07:45:40.878	HistoryCenter: 2 bars imported in 'AUDUSD5'
0	07:45:41.975	HistoryCenter: synchronize 'AUDUSD5'
0	07:45:42.957	HistoryCenter: 2 bars imported in 'AUDUSD5'
0	07:45:43.501	HistoryCenter: synchronize 'AUDUSD5'
0	07:45:44.226	HistoryCenter: 2 bars imported in 'AUDUSD5'
0	07:45:44.775	HistoryCenter: synchronize 'AUDUSD5'
0	07:45:45.567	HistoryCenter: 2 bars imported in 'AUDUSD5'
0	07:45:46.659	HistoryCenter: synchronize 'AUDUSD5'
0	07:45:47.431	HistoryCenter: 2 bars imported in 'AUDUSD5'
0	07:45:47.974	HistoryCenter: synchronize 'AUDUSD5'
0	07:45:48.771	HistoryCenter: 2 bars imported in 'AUDUSD5'
0	07:45:49.872	HistoryCenter: synchronize 'AUDUSD5'
0	07:45:50.635	HistoryCenter: 2 bars imported in 'AUDUSD5'
0	07:45:51.740	HistoryCenter: synchronize 'AUDUSD5'
0	07:45:52.517	HistoryCenter: 2 bars imported in 'AUDUSD5'
0	07:45:53.615	HistoryCenter: synchronize 'AUDUSD5'
0	07:45:55.508	HistoryCenter: 2 bars imported in 'AUDUSD5'
0	07:48:40.623	HistoryCenter: synchronize 'AUDJPY5'
0	07:48:41.377	HistoryCenter: 527 bars imported in 'AUDJPY5'
0	07:48:44.668	HistoryCenter: synchronize 'AUDJPY5'
0	07:48:45.436	HistoryCenter: 2 bars imported in 'AUDJPY5'
0	07:48:46.527	HistoryCenter: synchronize 'AUDJPY5'
0	07:48:47.290	HistoryCenter: 2 bars imported in 'AUDJPY5'
0	07:48:47.839	HistoryCenter: synchronize 'AUDJPY5'
0	07:48:48.572	HistoryCenter: 2 bars imported in 'AUDJPY5'
0	07:48:49.668	HistoryCenter: synchronize 'AUDJPY5'
0	07:48:50.430	HistoryCenter: 2 bars imported in 'AUDJPY5'
0	07:48:51.526	HistoryCenter: synchronize 'AUDJPY5'
0	07:48:52.298	HistoryCenter: 2 bars imported in 'AUDJPY5'
0	07:48:52.839	HistoryCenter: synchronize 'AUDJPY5'
0	07:48:53.578	HistoryCenter: 2 bars imported in 'AUDJPY5'
0	07:48:54.670	HistoryCenter: synchronize 'AUDJPY5'
0	07:48:55.835	HistoryCenter: 2 bars imported in 'AUDJPY5'
0	07:48:56.385	HistoryCenter: synchronize 'AUDJPY5'
0	07:48:58.303	HistoryCenter: 2 bars imported in 'AUDJPY5'
0	07:48:58.850	HistoryCenter: synchronize 'AUDJPY5'
0	07:48:59.600	HistoryCenter: 2 bars imported in 'AUDJPY5'
0	07:49:00.698	HistoryCenter: synchronize 'AUDJPY5'
0	07:49:01.440	HistoryCenter: 2 bars imported in 'AUDJPY5'
2	07:51:23.396	Custom indicator fadedbckgrnd2__1 USDJPY,M5: loaded successfully
2	07:51:23.407	Custom indicator FixedChartScale USDJPY,M5: loaded successfully
2	07:51:23.526	Custom indicator Price Pro Value Chart Profissional - PT-BR USDJPY,M5: loaded successfully
0	07:51:23.825	HistoryCenter: synchronize 'USDJPY5'
0	07:51:24.573	HistoryCenter: 2 bars imported in 'USDJPY5'
0	07:51:26.201	HistoryCenter: synchronize 'USDJPY5'
0	07:51:26.960	HistoryCenter: 2 bars imported in 'USDJPY5'
0	07:51:28.050	HistoryCenter: synchronize 'USDJPY5'
0	07:51:28.809	HistoryCenter: 2 bars imported in 'USDJPY5'
0	07:51:29.914	HistoryCenter: synchronize 'USDJPY5'
0	07:51:30.699	HistoryCenter: 2 bars imported in 'USDJPY5'
0	07:51:31.253	HistoryCenter: synchronize 'USDJPY5'
0	07:51:32.070	HistoryCenter: 2 bars imported in 'USDJPY5'
0	07:51:33.156	HistoryCenter: synchronize 'USDJPY5'
0	07:51:33.937	HistoryCenter: 2 bars imported in 'USDJPY5'
0	07:51:35.034	HistoryCenter: synchronize 'USDJPY5'
0	07:51:35.823	HistoryCenter: 2 bars imported in 'USDJPY5'
0	07:51:36.920	HistoryCenter: synchronize 'USDJPY5'
0	07:51:37.706	HistoryCenter: 2 bars imported in 'USDJPY5'
0	07:51:38.248	HistoryCenter: synchronize 'USDJPY5'
0	07:51:39.030	HistoryCenter: 2 bars imported in 'USDJPY5'
0	07:51:40.116	HistoryCenter: synchronize 'USDJPY5'
0	07:51:41.024	HistoryCenter: 2 bars imported in 'USDJPY5'
0	07:59:59.820	HistoryCenter: synchronize 'AUDJPY5'
0	08:00:00.623	HistoryCenter: 2 bars imported in 'AUDJPY5'
0	08:00:00.623	HistoryCenter: synchronize 'EURUSD5'
0	08:00:01.402	HistoryCenter: 2 bars imported in 'EURUSD5'
0	08:00:01.402	HistoryCenter: synchronize 'GBPJPY5'
0	08:00:02.150	HistoryCenter: 2 bars imported in 'GBPJPY5'
0	08:00:02.150	HistoryCenter: synchronize 'EURGBP5'
0	08:00:02.912	HistoryCenter: 2 bars imported in 'EURGBP5'
0	08:00:02.912	HistoryCenter: synchronize 'EURJPY5'
0	08:00:03.702	HistoryCenter: 2 bars imported in 'EURJPY5'
0	08:00:03.702	HistoryCenter: synchronize 'GBPUSD5'
0	08:00:04.480	HistoryCenter: 2 bars imported in 'GBPUSD5'
0	08:00:05.031	HistoryCenter: synchronize 'USDJPY5'
0	08:00:05.803	HistoryCenter: 2 bars imported in 'USDJPY5'
0	08:00:05.803	HistoryCenter: synchronize 'AUDJPY5'
0	08:00:06.577	HistoryCenter: 2 bars imported in 'AUDJPY5'
0	08:00:06.577	HistoryCenter: synchronize 'EURUSD5'
0	08:00:07.336	HistoryCenter: 2 bars imported in 'EURUSD5'
0	08:00:07.336	HistoryCenter: synchronize 'GBPJPY5'
0	08:00:08.291	HistoryCenter: 2 bars imported in 'GBPJPY5'
0	08:00:08.291	HistoryCenter: synchronize 'EURUSD5'
0	08:00:09.418	HistoryCenter: 2 bars imported in 'EURUSD5'
0	08:00:09.418	HistoryCenter: synchronize 'GBPJPY5'
0	08:00:10.199	HistoryCenter: 2 bars imported in 'GBPJPY5'
0	08:00:10.199	HistoryCenter: synchronize 'EURUSD5'
0	08:00:10.947	HistoryCenter: 2 bars imported in 'EURUSD5'
0	08:00:10.947	HistoryCenter: synchronize 'GBPUSD5'
0	08:00:11.701	HistoryCenter: 2 bars imported in 'GBPUSD5'
0	08:00:11.701	HistoryCenter: synchronize 'GBPJPY5'
0	08:00:12.464	HistoryCenter: 2 bars imported in 'GBPJPY5'
0	08:00:12.464	HistoryCenter: synchronize 'EURUSD5'
0	08:00:13.226	HistoryCenter: 2 bars imported in 'EURUSD5'
0	08:00:13.226	HistoryCenter: synchronize 'GBPUSD5'
0	08:00:13.988	HistoryCenter: 2 bars imported in 'GBPUSD5'
0	08:00:14.530	HistoryCenter: synchronize 'USDJPY5'
0	08:00:15.326	HistoryCenter: 2 bars imported in 'USDJPY5'
0	08:00:15.326	HistoryCenter: synchronize 'AUDJPY5'
0	08:00:16.081	HistoryCenter: 2 bars imported in 'AUDJPY5'
1	08:45:56.233	'15069840': connect failed [Sem conexão]
0	08:48:04.544	'15069840': login on Alpari-Demo through Demo.Europe.1 (ping: n/a)
0	08:48:06.383	'15069840': login datacenter on Alpari-Demo through Demo.Europe.1 (ping: n/a)
0	08:48:07.024	'15069840': previous successful authorization performed from 177.13.223.14
0	08:48:50.956	'15069840': auto connecting to a better access point Demo.Europe.9:1119 (ping is 252.34 ms)
0	08:48:51.767	'15069840': login on Alpari-Demo through Demo.Europe.9:1119 (ping: 252.34 ms)
0	08:48:53.635	'15069840': login datacenter on Alpari-Demo through Demo.Europe.9:1119 (ping: 252.34 ms)
0	08:48:54.282	'15069840': previous successful authorization performed from 177.13.216.52
1	08:52:11.066	'15069840': datacenter connecting failed [6]
1	08:52:32.158	'15069840': connect failed [Sem conexão]
0	08:55:43.221	'15069840': login on Alpari-Demo through Demo.Europe.9:1119 (ping: 252.34 ms)
0	08:55:45.126	'15069840': login datacenter on Alpari-Demo through Demo.Europe.9:1119 (ping: 252.34 ms)
0	08:55:45.751	'15069840': previous successful authorization performed from 177.13.216.52
1	08:57:33.535	'15069840': datacenter connecting failed [6]
1	08:57:54.638	'15069840': connect failed [Sem conexão]
0	08:59:07.447	'15069840': login on Alpari-Demo through Demo.Europe.9:1119 (ping: 252.34 ms)
0	08:59:09.380	'15069840': login datacenter on Alpari-Demo through Demo.Europe.9:1119 (ping: 252.34 ms)
0	08:59:10.020	'15069840': previous successful authorization performed from 177.13.222.181
0	08:59:59.847	HistoryCenter: synchronize 'EURJPY5'
0	09:00:00.701	HistoryCenter: 2 bars imported in 'EURJPY5'
0	09:00:01.852	HistoryCenter: synchronize 'AUDJPY5'
0	09:00:02.639	HistoryCenter: 2 bars imported in 'AUDJPY5'
0	09:00:03.201	HistoryCenter: synchronize 'EURUSD5'
0	09:00:03.935	HistoryCenter: 2 bars imported in 'EURUSD5'
0	09:00:03.935	HistoryCenter: synchronize 'GBPUSD5'
0	09:00:04.685	HistoryCenter: 2 bars imported in 'GBPUSD5'
0	09:00:05.228	HistoryCenter: synchronize 'GBPJPY5'
0	09:00:05.997	HistoryCenter: 2 bars imported in 'GBPJPY5'
0	09:00:05.997	HistoryCenter: synchronize 'EURGBP5'
0	09:00:06.763	HistoryCenter: 2 bars imported in 'EURGBP5'
0	09:00:07.308	HistoryCenter: synchronize 'USDJPY5'
0	09:00:08.061	HistoryCenter: 2 bars imported in 'USDJPY5'
0	09:00:08.061	HistoryCenter: synchronize 'AUDJPY5'
0	09:00:08.803	HistoryCenter: 2 bars imported in 'AUDJPY5'
0	09:00:08.803	HistoryCenter: synchronize 'EURUSD5'
0	09:00:09.550	HistoryCenter: 2 bars imported in 'EURUSD5'
0	09:00:09.550	HistoryCenter: synchronize 'AUDJPY5'
0	09:00:10.300	HistoryCenter: 2 bars imported in 'AUDJPY5'
0	09:00:10.300	HistoryCenter: synchronize 'GBPJPY5'
0	09:00:11.019	HistoryCenter: 2 bars imported in 'GBPJPY5'
0	09:00:11.019	HistoryCenter: synchronize 'EURUSD5'
0	09:00:11.784	HistoryCenter: 2 bars imported in 'EURUSD5'
0	09:00:11.784	HistoryCenter: synchronize 'EURJPY5'
0	09:00:12.534	HistoryCenter: 2 bars imported in 'EURJPY5'
0	09:00:12.534	HistoryCenter: synchronize 'EURGBP5'
0	09:00:13.284	HistoryCenter: 2 bars imported in 'EURGBP5'
0	09:00:13.284	HistoryCenter: synchronize 'EURJPY5'
0	09:00:14.018	HistoryCenter: 2 bars imported in 'EURJPY5'
0	09:00:14.018	HistoryCenter: synchronize 'EURGBP5'
0	09:00:14.767	HistoryCenter: 2 bars imported in 'EURGBP5'
0	09:00:14.767	HistoryCenter: synchronize 'GBPUSD5'
0	09:00:15.502	HistoryCenter: 2 bars imported in 'GBPUSD5'
0	09:00:15.502	HistoryCenter: synchronize 'EURGBP5'
0	09:00:16.268	HistoryCenter: 2 bars imported in 'EURGBP5'
0	09:00:16.829	HistoryCenter: synchronize 'USDJPY5'
0	09:00:17.580	HistoryCenter: 2 bars imported in 'USDJPY5'
0	09:00:17.580	HistoryCenter: synchronize 'AUDJPY5'
0	09:00:18.360	HistoryCenter: 2 bars imported in 'AUDJPY5'
0	09:00:18.360	HistoryCenter: synchronize 'EURGBP5'
0	09:00:19.126	HistoryCenter: 2 bars imported in 'EURGBP5'
0	09:00:19.126	HistoryCenter: synchronize 'GBPUSD5'
0	09:00:19.891	HistoryCenter: 2 bars imported in 'GBPUSD5'
2	09:04:15.880	Custom indicator fadedbckgrnd2__1 EURJPY,M5: removed
2	09:04:15.880	Custom indicator FixedChartScale EURJPY,M5: removed
2	09:04:15.895	Custom indicator Price Pro Value Chart Profissional - PT-BR EURJPY,M5: removed
2	09:04:15.910	Custom indicator fadedbckgrnd2__1 EURJPY,M5: loaded successfully
2	09:04:15.910	Custom indicator FixedChartScale EURJPY,M5: loaded successfully
2	09:04:16.020	Custom indicator Price Pro Value Chart Profissional - PT-BR EURJPY,M5: loaded successfully
0	09:04:16.316	HistoryCenter: synchronize 'EURJPY5'
0	09:04:17.223	HistoryCenter: 2 bars imported in 'EURJPY5'
0	09:04:18.319	HistoryCenter: synchronize 'EURJPY5'
0	09:04:19.080	HistoryCenter: 2 bars imported in 'EURJPY5'
0	09:04:19.677	HistoryCenter: synchronize 'EURJPY5'
0	09:04:20.428	HistoryCenter: 2 bars imported in 'EURJPY5'
0	09:04:21.537	HistoryCenter: synchronize 'EURJPY5'
0	09:04:22.318	HistoryCenter: 2 bars imported in 'EURJPY5'
0	09:04:23.443	HistoryCenter: synchronize 'EURJPY5'
0	09:04:24.176	HistoryCenter: 2 bars imported in 'EURJPY5'
0	09:04:25.301	HistoryCenter: synchronize 'EURJPY5'
0	09:04:26.067	HistoryCenter: 2 bars imported in 'EURJPY5'
0	09:04:26.629	HistoryCenter: synchronize 'EURJPY5'
0	09:04:27.426	HistoryCenter: 2 bars imported in 'EURJPY5'
0	09:04:28.535	HistoryCenter: synchronize 'EURJPY5'
0	09:04:29.300	HistoryCenter: 2 bars imported in 'EURJPY5'
0	09:04:30.394	HistoryCenter: synchronize 'EURJPY5'
0	09:04:31.144	HistoryCenter: 2 bars imported in 'EURJPY5'
0	09:04:31.690	HistoryCenter: synchronize 'EURJPY5'
0	09:04:32.440	HistoryCenter: 2 bars imported in 'EURJPY5'
1	09:11:00.922	'15069840': datacenter connecting failed [6]
1	09:11:00.999	'15069840': connect failed [Sem conexão]
0	09:11:06.902	'15069840': login on Alpari-Demo through Demo.Europe.9:1119 (ping: 252.34 ms)
0	09:11:08.792	'15069840': login datacenter on Alpari-Demo through Demo.Europe.9:1119 (ping: 252.34 ms)
0	09:11:09.415	'15069840': previous successful authorization performed from 177.13.221.68
0	10:00:01.397	HistoryCenter: synchronize 'AUDJPY5'
0	10:00:02.134	HistoryCenter: 2 bars imported in 'AUDJPY5'
0	10:00:02.692	HistoryCenter: synchronize 'EURUSD5'
0	10:00:03.436	HistoryCenter: 2 bars imported in 'EURUSD5'
0	10:00:03.983	HistoryCenter: synchronize 'GBPUSD5'
0	10:00:04.732	HistoryCenter: 2 bars imported in 'GBPUSD5'
0	10:00:04.732	HistoryCenter: synchronize 'GBPJPY5'
0	10:00:05.483	HistoryCenter: 2 bars imported in 'GBPJPY5'
0	10:00:06.045	HistoryCenter: synchronize 'EURGBP5'
0	10:00:06.857	HistoryCenter: 2 bars imported in 'EURGBP5'
0	10:00:07.405	HistoryCenter: synchronize 'USDJPY5'
0	10:00:08.172	HistoryCenter: 2 bars imported in 'USDJPY5'
0	10:00:08.172	HistoryCenter: synchronize 'AUDJPY5'
0	10:00:08.891	HistoryCenter: 2 bars imported in 'AUDJPY5'
0	10:00:08.891	HistoryCenter: synchronize 'EURUSD5'
0	10:00:09.672	HistoryCenter: 2 bars imported in 'EURUSD5'
0	10:00:09.672	HistoryCenter: synchronize 'AUDJPY5'
0	10:00:10.422	HistoryCenter: 2 bars imported in 'AUDJPY5'
0	10:00:10.422	HistoryCenter: synchronize 'EURUSD5'
0	10:00:11.187	HistoryCenter: 2 bars imported in 'EURUSD5'
0	10:00:11.187	HistoryCenter: synchronize 'GBPJPY5'
0	10:00:11.984	HistoryCenter: 2 bars imported in 'GBPJPY5'
0	10:00:11.984	HistoryCenter: synchronize 'EURJPY5'
0	10:00:12.742	HistoryCenter: 2 bars imported in 'EURJPY5'
0	10:00:12.742	HistoryCenter: synchronize 'EURUSD5'
0	10:00:13.485	HistoryCenter: 2 bars imported in 'EURUSD5'
0	10:00:13.485	HistoryCenter: synchronize 'EURJPY5'
0	10:00:14.219	HistoryCenter: 2 bars imported in 'EURJPY5'
0	10:00:14.219	HistoryCenter: synchronize 'EURUSD5'
0	10:00:14.953	HistoryCenter: 2 bars imported in 'EURUSD5'
0	10:00:14.953	HistoryCenter: synchronize 'EURGBP5'
0	10:00:15.687	HistoryCenter: 2 bars imported in 'EURGBP5'
0	10:00:15.687	HistoryCenter: synchronize 'GBPUSD5'
0	10:00:16.421	HistoryCenter: 2 bars imported in 'GBPUSD5'
0	10:00:16.984	HistoryCenter: synchronize 'USDJPY5'
0	10:00:17.718	HistoryCenter: 2 bars imported in 'USDJPY5'
0	10:00:17.718	HistoryCenter: synchronize 'AUDJPY5'
0	10:00:18.514	HistoryCenter: 2 bars imported in 'AUDJPY5'
0	10:37:29.758	'15069840': login on Alpari-Demo through Demo.Europe.9:1119 (ping: 252.34 ms)
0	10:37:31.600	'15069840': login datacenter on Alpari-Demo through Demo.Europe.9:1119 (ping: 252.34 ms)
0	10:37:32.212	'15069840': previous successful authorization performed from 177.13.221.68
0	10:38:16.670	'15069840': ping to current access point Demo.Europe.9:1119 is 248.33 ms
0	11:00:01.318	HistoryCenter: synchronize 'EURJPY5'
0	11:00:02.662	HistoryCenter: 2 bars imported in 'EURJPY5'
0	11:00:03.209	HistoryCenter: synchronize 'AUDJPY5'
0	11:00:03.943	HistoryCenter: 2 bars imported in 'AUDJPY5'
0	11:00:03.943	HistoryCenter: synchronize 'EURUSD5'
0	11:00:04.693	HistoryCenter: 2 bars imported in 'EURUSD5'
0	11:00:05.802	HistoryCenter: synchronize 'GBPUSD5'
0	11:00:06.817	HistoryCenter: 2 bars imported in 'GBPUSD5'
0	11:00:07.365	HistoryCenter: synchronize 'GBPJPY5'
0	11:00:08.520	HistoryCenter: 2 bars imported in 'GBPJPY5'
0	11:00:08.520	HistoryCenter: synchronize 'EURGBP5'
0	11:00:09.270	HistoryCenter: 2 bars imported in 'EURGBP5'
0	11:00:09.817	HistoryCenter: synchronize 'USDJPY5'
0	11:00:11.035	HistoryCenter: 2 bars imported in 'USDJPY5'
0	11:00:11.035	HistoryCenter: synchronize 'AUDJPY5'
0	11:00:11.785	HistoryCenter: 2 bars imported in 'AUDJPY5'
0	11:00:11.785	HistoryCenter: synchronize 'EURUSD5'
0	11:00:12.519	HistoryCenter: 2 bars imported in 'EURUSD5'
0	11:00:12.519	HistoryCenter: synchronize 'GBPJPY5'
0	11:00:13.269	HistoryCenter: 2 bars imported in 'GBPJPY5'
0	11:00:13.269	HistoryCenter: synchronize 'EURJPY5'
0	11:00:14.394	HistoryCenter: 2 bars imported in 'EURJPY5'
0	11:00:14.394	HistoryCenter: synchronize 'GBPUSD5'
0	11:00:15.144	HistoryCenter: 2 bars imported in 'GBPUSD5'
0	11:00:15.144	HistoryCenter: synchronize 'EURJPY5'
0	11:00:15.878	HistoryCenter: 2 bars imported in 'EURJPY5'
0	11:00:16.440	HistoryCenter: synchronize 'USDJPY5'
0	11:00:17.159	HistoryCenter: 2 bars imported in 'USDJPY5'
0	11:00:17.159	HistoryCenter: synchronize 'AUDJPY5'
0	11:00:17.925	HistoryCenter: 2 bars imported in 'AUDJPY5'
0	11:00:17.925	HistoryCenter: synchronize 'EURJPY5'
0	11:00:18.690	HistoryCenter: 2 bars imported in 'EURJPY5'
1	11:52:42.260	'15069840': datacenter connecting failed [6]
1	11:52:42.338	'15069840': connect failed [Sem conexão]
0	12:55:40.715	'15069840': login on Alpari-Demo through Demo.Europe.9:1119 (ping: 248.33 ms)
0	12:55:42.623	'15069840': login datacenter on Alpari-Demo through Demo.Europe.9:1119 (ping: 248.33 ms)
0	12:55:43.120	HistoryCenter: synchronize 'EURGBP5'
0	12:55:43.285	'15069840': previous successful authorization performed from 177.13.221.68
0	12:55:43.864	HistoryCenter: 2 bars imported in 'EURGBP5'
0	12:55:43.864	HistoryCenter: synchronize 'AUDJPY5'
0	12:55:44.581	HistoryCenter: 2 bars imported in 'AUDJPY5'
0	12:55:44.581	HistoryCenter: synchronize 'EURUSD5'
0	12:55:45.392	HistoryCenter: 2 bars imported in 'EURUSD5'
0	12:55:45.392	HistoryCenter: synchronize 'GBPJPY5'
0	12:55:46.126	HistoryCenter: 2 bars imported in 'GBPJPY5'
0	12:55:46.126	HistoryCenter: synchronize 'EURUSD5'
0	12:55:46.877	HistoryCenter: 2 bars imported in 'EURUSD5'
0	12:55:46.877	HistoryCenter: synchronize 'GBPJPY5'
0	12:55:47.611	HistoryCenter: 2 bars imported in 'GBPJPY5'
0	12:55:47.611	HistoryCenter: synchronize 'EURUSD5'
0	12:55:48.361	HistoryCenter: 2 bars imported in 'EURUSD5'
0	12:55:48.361	HistoryCenter: synchronize 'GBPJPY5'
0	12:55:49.126	HistoryCenter: 2 bars imported in 'GBPJPY5'
0	12:55:49.126	HistoryCenter: synchronize 'EURUSD5'
0	12:55:49.939	HistoryCenter: 2 bars imported in 'EURUSD5'
0	12:55:49.939	HistoryCenter: synchronize 'EURJPY5'
0	12:55:50.766	HistoryCenter: 2 bars imported in 'EURJPY5'
0	12:55:50.766	HistoryCenter: synchronize 'EURGBP5'
0	12:55:51.594	HistoryCenter: 2 bars imported in 'EURGBP5'
0	12:55:51.594	HistoryCenter: synchronize 'GBPUSD5'
0	12:55:52.360	HistoryCenter: 2 bars imported in 'GBPUSD5'
0	12:55:52.360	HistoryCenter: synchronize 'EURGBP5'
0	12:55:53.094	HistoryCenter: 2 bars imported in 'EURGBP5'
0	12:55:53.672	HistoryCenter: synchronize 'USDJPY5'
0	12:55:54.438	HistoryCenter: 2 bars imported in 'USDJPY5'
0	12:55:54.438	HistoryCenter: synchronize 'EURUSD5'
0	12:55:55.171	HistoryCenter: 2 bars imported in 'EURUSD5'
0	12:55:55.171	HistoryCenter: synchronize 'EURGBP5'
0	12:55:55.937	HistoryCenter: 2 bars imported in 'EURGBP5'
0	12:56:28.589	'15069840': auto connecting to a better access point Demo.Europe.2:444 (ping is 247.34 ms)
0	12:56:29.370	'15069840': login on Alpari-Demo through Demo.Europe.2:444 (ping: 247.34 ms)
0	12:56:31.178	'15069840': login datacenter on Alpari-Demo through Demo.Europe.2:444 (ping: 247.34 ms)
0	12:56:31.799	'15069840': previous successful authorization performed from 177.13.221.68
0	12:58:43.130	HistoryCenter: synchronize 'EURGBP5'
0	12:58:44.224	HistoryCenter: 2 bars imported in 'EURGBP5'
0	12:58:45.880	HistoryCenter: synchronize 'EURGBP5'
0	12:58:46.895	HistoryCenter: 2 bars imported in 'EURGBP5'
0	12:58:48.004	HistoryCenter: synchronize 'EURGBP5'
0	12:58:49.051	HistoryCenter: 2 bars imported in 'EURGBP5'
0	12:58:50.144	HistoryCenter: synchronize 'EURGBP5'
0	12:58:50.988	HistoryCenter: 2 bars imported in 'EURGBP5'
0	12:58:52.112	HistoryCenter: synchronize 'EURGBP5'
0	12:58:52.924	HistoryCenter: 2 bars imported in 'EURGBP5'
0	12:58:54.033	HistoryCenter: synchronize 'EURGBP5'
0	12:58:55.283	HistoryCenter: 2 bars imported in 'EURGBP5'
0	12:58:56.377	HistoryCenter: synchronize 'EURGBP5'
0	12:58:57.157	HistoryCenter: 2 bars imported in 'EURGBP5'
0	12:58:58.298	HistoryCenter: synchronize 'EURGBP5'
0	12:58:59.048	HistoryCenter: 2 bars imported in 'EURGBP5'
0	12:59:00.173	HistoryCenter: synchronize 'EURGBP5'
0	12:59:00.953	HistoryCenter: 2 bars imported in 'EURGBP5'
2	12:59:20.652	Custom indicator fadedbckgrnd2__1 EURGBP,M5: removed
2	12:59:20.668	Custom indicator FixedChartScale EURGBP,M5: removed
2	12:59:20.668	Custom indicator Price Pro Value Chart Profissional - PT-BR EURGBP,M5: removed
2	12:59:20.683	Custom indicator fadedbckgrnd2__1 EURGBP,M5: loaded successfully
2	12:59:20.699	Custom indicator FixedChartScale EURGBP,M5: loaded successfully
2	12:59:20.793	Custom indicator Price Pro Value Chart Profissional - PT-BR EURGBP,M5: loaded successfully
0	12:59:21.063	HistoryCenter: synchronize 'EURGBP5'
0	12:59:21.822	HistoryCenter: 2 bars imported in 'EURGBP5'
0	12:59:23.468	HistoryCenter: synchronize 'EURGBP5'
0	12:59:24.266	HistoryCenter: 2 bars imported in 'EURGBP5'
0	12:59:25.374	HistoryCenter: synchronize 'EURGBP5'
0	12:59:26.124	HistoryCenter: 2 bars imported in 'EURGBP5'
0	12:59:27.217	HistoryCenter: synchronize 'EURGBP5'
0	12:59:27.967	HistoryCenter: 2 bars imported in 'EURGBP5'
0	12:59:29.093	HistoryCenter: synchronize 'EURGBP5'
0	12:59:29.858	HistoryCenter: 2 bars imported in 'EURGBP5'
0	12:59:30.420	HistoryCenter: synchronize 'EURGBP5'
0	12:59:31.170	HistoryCenter: 2 bars imported in 'EURGBP5'
0	13:00:00.929	HistoryCenter: synchronize 'EURGBP5'
0	13:00:01.669	HistoryCenter: 2 bars imported in 'EURGBP5'
0	13:00:02.216	HistoryCenter: synchronize 'EURUSD5'
0	13:00:02.981	HistoryCenter: 2 bars imported in 'EURUSD5'
0	13:00:03.544	HistoryCenter: synchronize 'EURJPY5'
0	13:00:04.340	HistoryCenter: 2 bars imported in 'EURJPY5'
0	13:00:04.340	HistoryCenter: synchronize 'GBPUSD5'
0	13:00:05.106	HistoryCenter: 2 bars imported in 'GBPUSD5'
0	13:00:05.653	HistoryCenter: synchronize 'GBPJPY5'
0	13:00:06.403	HistoryCenter: 2 bars imported in 'GBPJPY5'
0	13:00:06.950	HistoryCenter: synchronize 'USDJPY5'
0	13:00:07.777	HistoryCenter: 2 bars imported in 'USDJPY5'
0	13:00:07.777	HistoryCenter: synchronize 'AUDJPY5'
0	13:00:08.574	HistoryCenter: 2 bars imported in 'AUDJPY5'
0	13:00:08.574	HistoryCenter: synchronize 'EURUSD5'
0	13:00:09.308	HistoryCenter: 2 bars imported in 'EURUSD5'
0	13:00:09.308	HistoryCenter: synchronize 'GBPJPY5'
0	13:00:10.074	HistoryCenter: 2 bars imported in 'GBPJPY5'
0	13:00:10.074	HistoryCenter: synchronize 'EURJPY5'
0	13:00:10.933	HistoryCenter: 2 bars imported in 'EURJPY5'
0	13:00:10.933	HistoryCenter: synchronize 'EURUSD5'
0	13:00:11.683	HistoryCenter: 2 bars imported in 'EURUSD5'
0	13:00:11.683	HistoryCenter: synchronize 'GBPJPY5'
0	13:00:12.448	HistoryCenter: 2 bars imported in 'GBPJPY5'
0	13:00:12.448	HistoryCenter: synchronize 'EURUSD5'
0	13:00:13.198	HistoryCenter: 2 bars imported in 'EURUSD5'
0	13:00:13.198	HistoryCenter: synchronize 'EURGBP5'
0	13:00:13.979	HistoryCenter: 2 bars imported in 'EURGBP5'
0	13:00:13.979	HistoryCenter: synchronize 'GBPUSD5'
0	13:00:14.713	HistoryCenter: 2 bars imported in 'GBPUSD5'
0	13:00:14.713	HistoryCenter: synchronize 'EURGBP5'
0	13:00:15.448	HistoryCenter: 2 bars imported in 'EURGBP5'
0	13:00:15.994	HistoryCenter: synchronize 'USDJPY5'
0	13:00:17.040	HistoryCenter: 2 bars imported in 'USDJPY5'
0	13:00:17.040	HistoryCenter: synchronize 'EURGBP5'
0	13:00:17.821	HistoryCenter: 2 bars imported in 'EURGBP5'
0	13:00:18.403	HistoryCenter: synchronize 'EURGBP5'
0	13:00:19.153	HistoryCenter: 2 bars imported in 'EURGBP5'
0	13:00:20.246	HistoryCenter: synchronize 'EURGBP5'
0	13:00:21.012	HistoryCenter: 2 bars imported in 'EURGBP5'
2	13:04:25.900	Custom indicator fadedbckgrnd2__1 GBPUSD,M5: removed
2	13:04:25.900	Custom indicator FixedChartScale GBPUSD,M5: removed
2	13:04:25.900	Custom indicator Price Pro Value Chart Profissional - PT-BR GBPUSD,M5: removed
2	13:04:25.916	Custom indicator fadedbckgrnd2__1 GBPUSD,M5: loaded successfully
2	13:04:25.916	Custom indicator FixedChartScale GBPUSD,M5: loaded successfully
2	13:04:26.025	Custom indicator Price Pro Value Chart Profissional - PT-BR GBPUSD,M5: loaded successfully
0	13:04:26.306	HistoryCenter: synchronize 'GBPUSD5'
0	13:04:27.088	HistoryCenter: 2 bars imported in 'GBPUSD5'
0	13:04:36.476	HistoryCenter: synchronize 'GBPUSD5'
0	13:04:37.241	HistoryCenter: 2 bars imported in 'GBPUSD5'
0	13:04:38.350	HistoryCenter: synchronize 'GBPUSD5'
2	13:04:38.944	Custom indicator fadedbckgrnd2__1 EURJPY,M5: removed
2	13:04:38.944	Custom indicator FixedChartScale EURJPY,M5: removed
2	13:04:38.960	Custom indicator Price Pro Value Chart Profissional - PT-BR EURJPY,M5: removed
2	13:04:38.960	Custom indicator fadedbckgrnd2__1 EURJPY,M5: loaded successfully
2	13:04:38.975	Custom indicator FixedChartScale EURJPY,M5: loaded successfully
2	13:04:39.069	Custom indicator Price Pro Value Chart Profissional - PT-BR EURJPY,M5: loaded successfully
0	13:04:39.116	HistoryCenter: 2 bars imported in 'GBPUSD5'
0	13:04:39.678	HistoryCenter: synchronize 'EURJPY5'
0	13:04:40.428	HistoryCenter: 2 bars imported in 'EURJPY5'
0	13:04:40.428	HistoryCenter: synchronize 'GBPUSD5'
0	13:04:41.240	HistoryCenter: 2 bars imported in 'GBPUSD5'
0	13:04:41.240	HistoryCenter: synchronize 'EURJPY5'
0	13:04:41.991	HistoryCenter: 2 bars imported in 'EURJPY5'
0	13:04:41.991	HistoryCenter: synchronize 'GBPUSD5'
0	13:04:42.771	HistoryCenter: 2 bars imported in 'GBPUSD5'
0	13:04:42.771	HistoryCenter: synchronize 'EURJPY5'
0	13:04:43.568	HistoryCenter: 2 bars imported in 'EURJPY5'
0	13:04:43.568	HistoryCenter: synchronize 'GBPUSD5'
0	13:04:44.506	HistoryCenter: 2 bars imported in 'GBPUSD5'
2	13:04:51.332	Custom indicator fadedbckgrnd2__1 EURUSD,M5: removed
2	13:04:51.332	Custom indicator FixedChartScale EURUSD,M5: removed
2	13:04:51.347	Custom indicator Price Pro Value Chart Profissional - PT-BR EURUSD,M5: removed
2	13:04:51.347	Custom indicator fadedbckgrnd2__1 EURUSD,M5: loaded successfully
2	13:04:51.363	Custom indicator FixedChartScale EURUSD,M5: loaded successfully
2	13:04:51.457	Custom indicator Price Pro Value Chart Profissional - PT-BR EURUSD,M5: loaded successfully
0	13:04:52.206	HistoryCenter: synchronize 'EURUSD5'
0	13:04:52.941	HistoryCenter: 2 bars imported in 'EURUSD5'
0	13:04:54.050	HistoryCenter: synchronize 'EURUSD5'
0	13:04:54.800	HistoryCenter: 2 bars imported in 'EURUSD5'
0	13:04:55.894	HistoryCenter: synchronize 'EURUSD5'
0	13:04:56.627	HistoryCenter: 2 bars imported in 'EURUSD5'
2	13:05:06.532	Custom indicator fadedbckgrnd2__1 GBPJPY,M5: removed
2	13:05:06.532	Custom indicator FixedChartScale GBPJPY,M5: removed
2	13:05:06.547	Custom indicator Price Pro Value Chart Profissional - PT-BR GBPJPY,M5: removed
2	13:05:06.547	Custom indicator fadedbckgrnd2__1 GBPJPY,M5: loaded successfully
2	13:05:06.562	Custom indicator FixedChartScale GBPJPY,M5: loaded successfully
2	13:05:06.656	Custom indicator Price Pro Value Chart Profissional - PT-BR GBPJPY,M5: loaded successfully
0	13:05:07.110	HistoryCenter: synchronize 'GBPJPY5'
0	13:05:07.860	HistoryCenter: 2 bars imported in 'GBPJPY5'
0	13:05:08.953	HistoryCenter: synchronize 'GBPJPY5'
0	13:05:09.703	HistoryCenter: 2 bars imported in 'GBPJPY5'
0	13:05:10.265	HistoryCenter: synchronize 'GBPJPY5'
0	13:05:11.124	HistoryCenter: 2 bars imported in 'GBPJPY5'
0	13:05:12.234	HistoryCenter: synchronize 'GBPJPY5'
0	13:05:12.998	HistoryCenter: 2 bars imported in 'GBPJPY5'
0	13:05:14.108	HistoryCenter: synchronize 'GBPJPY5'
0	13:05:14.857	HistoryCenter: 2 bars imported in 'GBPJPY5'
2	13:05:21.325	Custom indicator fadedbckgrnd2__1 USDJPY,M5: removed
2	13:05:21.325	Custom indicator FixedChartScale USDJPY,M5: removed
2	13:05:21.325	Custom indicator Price Pro Value Chart Profissional - PT-BR USDJPY,M5: removed
2	13:05:21.340	Custom indicator fadedbckgrnd2__1 USDJPY,M5: loaded successfully
2	13:05:21.356	Custom indicator FixedChartScale USDJPY,M5: loaded successfully
2	13:05:21.450	Custom indicator Price Pro Value Chart Profissional - PT-BR USDJPY,M5: loaded successfully
0	13:05:22.013	HistoryCenter: synchronize 'USDJPY5'
0	13:05:22.794	HistoryCenter: 2 bars imported in 'USDJPY5'
0	13:05:23.887	HistoryCenter: synchronize 'USDJPY5'
0	13:05:24.652	HistoryCenter: 2 bars imported in 'USDJPY5'
0	13:05:25.761	HistoryCenter: synchronize 'USDJPY5'
0	13:05:26.512	HistoryCenter: 2 bars imported in 'USDJPY5'
0	13:05:27.058	HistoryCenter: synchronize 'USDJPY5'
0	13:05:28.011	HistoryCenter: 2 bars imported in 'USDJPY5'
0	13:05:29.104	HistoryCenter: synchronize 'USDJPY5'
0	13:05:29.963	HistoryCenter: 2 bars imported in 'USDJPY5'
0	13:05:31.088	HistoryCenter: synchronize 'USDJPY5'
0	13:05:31.916	HistoryCenter: 2 bars imported in 'USDJPY5'
0	13:05:33.026	HistoryCenter: synchronize 'USDJPY5'
0	13:05:33.822	HistoryCenter: 2 bars imported in 'USDJPY5'
0	13:59:59.966	HistoryCenter: synchronize 'EURGBP5'
0	14:00:00.793	HistoryCenter: 2 bars imported in 'EURGBP5'
0	14:00:01.905	HistoryCenter: synchronize 'AUDJPY5'
0	14:00:02.655	HistoryCenter: 2 bars imported in 'AUDJPY5'
0	14:00:03.197	HistoryCenter: synchronize 'USDJPY5'
0	14:00:03.944	HistoryCenter: 2 bars imported in 'USDJPY5'
0	14:00:04.492	HistoryCenter: synchronize 'EURUSD5'
0	14:00:05.273	HistoryCenter: 2 bars imported in 'EURUSD5'
0	14:00:05.273	HistoryCenter: synchronize 'GBPJPY5'
0	14:00:06.023	HistoryCenter: 2 bars imported in 'GBPJPY5'
0	14:00:06.023	HistoryCenter: synchronize 'GBPUSD5'
0	14:00:06.804	HistoryCenter: 2 bars imported in 'GBPUSD5'
0	14:00:07.367	HistoryCenter: synchronize 'EURJPY5'
0	14:00:08.100	HistoryCenter: 2 bars imported in 'EURJPY5'
0	14:00:08.648	HistoryCenter: synchronize 'USDJPY5'
0	14:00:09.412	HistoryCenter: 2 bars imported in 'USDJPY5'
0	14:00:09.412	HistoryCenter: synchronize 'AUDJPY5'
0	14:00:10.147	HistoryCenter: 2 bars imported in 'AUDJPY5'
0	14:00:10.147	HistoryCenter: synchronize 'EURUSD5'
0	14:00:10.881	HistoryCenter: 2 bars imported in 'EURUSD5'
0	14:00:10.881	HistoryCenter: synchronize 'AUDJPY5'
0	14:00:11.647	HistoryCenter: 2 bars imported in 'AUDJPY5'
0	14:00:11.647	HistoryCenter: synchronize 'EURUSD5'
0	14:00:12.412	HistoryCenter: 2 bars imported in 'EURUSD5'
0	14:00:12.412	HistoryCenter: synchronize 'GBPJPY5'
0	14:00:13.162	HistoryCenter: 2 bars imported in 'GBPJPY5'
0	14:00:13.162	HistoryCenter: synchronize 'EURUSD5'
0	14:00:13.959	HistoryCenter: 2 bars imported in 'EURUSD5'
0	14:00:13.959	HistoryCenter: synchronize 'GBPJPY5'
0	14:00:14.708	HistoryCenter: 2 bars imported in 'GBPJPY5'
0	14:00:14.708	HistoryCenter: synchronize 'EURJPY5'
0	14:00:15.474	HistoryCenter: 2 bars imported in 'EURJPY5'
0	14:00:15.474	HistoryCenter: synchronize 'EURGBP5'
0	14:00:16.240	HistoryCenter: 2 bars imported in 'EURGBP5'
0	14:00:16.240	HistoryCenter: synchronize 'EURJPY5'
0	14:00:17.005	HistoryCenter: 2 bars imported in 'EURJPY5'
0	14:00:17.005	HistoryCenter: synchronize 'EURGBP5'
0	14:00:17.755	HistoryCenter: 2 bars imported in 'EURGBP5'
0	14:00:17.755	HistoryCenter: synchronize 'GBPUSD5'
0	14:00:18.473	HistoryCenter: 2 bars imported in 'GBPUSD5'
0	14:00:19.051	HistoryCenter: synchronize 'USDJPY5'
0	14:00:19.801	HistoryCenter: 2 bars imported in 'USDJPY5'
0	14:00:19.801	HistoryCenter: synchronize 'EURJPY5'
0	14:00:20.567	HistoryCenter: 2 bars imported in 'EURJPY5'
0	14:00:20.567	HistoryCenter: synchronize 'EURGBP5'
0	14:00:21.332	HistoryCenter: 2 bars imported in 'EURGBP5'
0	15:00:01.334	HistoryCenter: synchronize 'AUDJPY5'
0	15:00:02.147	HistoryCenter: 2 bars imported in 'AUDJPY5'
0	15:00:02.697	HistoryCenter: synchronize 'USDJPY5'
0	15:00:03.447	HistoryCenter: 2 bars imported in 'USDJPY5'
0	15:00:04.009	HistoryCenter: synchronize 'EURUSD5'
0	15:00:04.791	HistoryCenter: 2 bars imported in 'EURUSD5'
0	15:00:04.791	HistoryCenter: synchronize 'GBPJPY5'
0	15:00:05.556	HistoryCenter: 2 bars imported in 'GBPJPY5'
0	15:00:06.102	HistoryCenter: synchronize 'GBPUSD5'
0	15:00:06.868	HistoryCenter: 2 bars imported in 'GBPUSD5'
0	15:00:06.868	HistoryCenter: synchronize 'EURJPY5'
0	15:00:07.634	HistoryCenter: 2 bars imported in 'EURJPY5'
0	15:00:08.180	HistoryCenter: synchronize 'USDJPY5'
0	15:00:08.920	HistoryCenter: 2 bars imported in 'USDJPY5'
0	15:00:08.920	HistoryCenter: synchronize 'AUDJPY5'
0	15:00:09.709	HistoryCenter: 2 bars imported in 'AUDJPY5'
0	15:00:09.709	HistoryCenter: synchronize 'EURUSD5'
0	15:00:10.457	HistoryCenter: 2 bars imported in 'EURUSD5'
0	15:00:10.457	HistoryCenter: synchronize 'AUDJPY5'
0	15:00:11.223	HistoryCenter: 2 bars imported in 'AUDJPY5'
0	15:00:11.223	HistoryCenter: synchronize 'GBPJPY5'
0	15:00:11.957	HistoryCenter: 2 bars imported in 'GBPJPY5'
0	15:00:11.957	HistoryCenter: synchronize 'EURJPY5'
0	15:00:12.817	HistoryCenter: 2 bars imported in 'EURJPY5'
0	15:00:12.817	HistoryCenter: synchronize 'EURGBP5'
0	15:00:13.597	HistoryCenter: 2 bars imported in 'EURGBP5'
0	15:00:14.144	HistoryCenter: synchronize 'USDJPY5'
0	15:00:14.909	HistoryCenter: 2 bars imported in 'USDJPY5'
0	15:00:14.909	HistoryCenter: synchronize 'AUDJPY5'
0	15:00:15.646	HistoryCenter: 2 bars imported in 'AUDJPY5'
0	15:00:15.646	HistoryCenter: synchronize 'EURGBP5'
0	15:00:16.397	HistoryCenter: 2 bars imported in 'EURGBP5'
0	15:00:17.512	HistoryCenter: synchronize 'EURGBP5'
0	15:00:18.262	HistoryCenter: 2 bars imported in 'EURGBP5'
2	15:27:28.543	Custom indicator fadedbckgrnd2__1 GBPUSD,M5: removed
2	15:27:28.545	Custom indicator FixedChartScale GBPUSD,M5: removed
2	15:27:28.564	Custom indicator Price Pro Value Chart Profissional - PT-BR GBPUSD,M5: removed
2	15:27:28.569	Custom indicator fadedbckgrnd2__1 EURGBP,M5: removed
2	15:27:28.570	Custom indicator FixedChartScale EURGBP,M5: removed
2	15:27:28.589	Custom indicator Price Pro Value Chart Profissional - PT-BR EURGBP,M5: removed
2	15:27:28.600	Custom indicator fadedbckgrnd2__1 EURJPY,M5: removed
2	15:27:28.602	Custom indicator FixedChartScale EURJPY,M5: removed
2	15:27:28.617	Custom indicator Price Pro Value Chart Profissional - PT-BR EURJPY,M5: removed
2	15:27:28.622	Custom indicator fadedbckgrnd2__1 GBPJPY,M5: removed
2	15:27:28.623	Custom indicator FixedChartScale GBPJPY,M5: removed
2	15:27:28.638	Custom indicator Price Pro Value Chart Profissional - PT-BR GBPJPY,M5: removed
2	15:27:28.642	Custom indicator fadedbckgrnd2__1 EURUSD,M5: removed
2	15:27:28.644	Custom indicator FixedChartScale EURUSD,M5: removed
2	15:27:28.659	Custom indicator Price Pro Value Chart Profissional - PT-BR EURUSD,M5: removed
2	15:27:28.663	Custom indicator fadedbckgrnd2__1 AUDJPY,M5: removed
2	15:27:28.665	Custom indicator FixedChartScale AUDJPY,M5: removed
2	15:27:28.682	Custom indicator Price Pro Value Chart Profissional - PT-BR AUDJPY,M5: removed
2	15:27:28.686	Custom indicator fadedbckgrnd2__1 USDJPY,M5: removed
2	15:27:28.688	Custom indicator FixedChartScale USDJPY,M5: removed
2	15:27:28.705	Custom indicator Price Pro Value Chart Profissional - PT-BR USDJPY,M5: removed
0	15:27:28.955	Alpari MT4 build 1359 stopped
