0	08:21:16.517	Alpari MT4 build 1359 started (Alpari International)
0	08:21:16.517	Windows 10 Pro x64, IE 11, UAC, 8 x Intel Core i7-7700HQ  @ 2.80GHz, Memory: 12661 / 16267 Mb, Disk: 387 / 476 Gb, GMT-3
0	08:21:16.517	Data Folder: C:\Users\Administrator\AppData\Roaming\MetaQuotes\Terminal\287469DEA9630EA94D0715D755974F1B
2	08:21:17.888	Custom indicator fadedbckgrnd2__1 BTCUSD,M1: loaded successfully
2	08:21:17.889	Custom indicator FixedChartScale BTCUSD,M1: loaded successfully
2	08:21:17.897	Custom indicator iclock_mod1 BTCUSD,M1: loaded successfully
2	08:21:17.905	Custom indicator Market BTCUSD,M1: loaded successfully
2	08:21:18.017	Custom indicator Price Pro Value Chart Profissional - PT-BR BTCUSD,M1: loaded successfully
2	08:21:18.265	Custom indicator Price Pro Value Chart Profissional - PT-BR BTCUSD,M1: removed
0	08:21:18.493	HistoryCenter: synchronize 'BTCUSD1'
0	08:21:19.543	'15069840': login on Alpari-Demo through Demo.Europe.9:1119 (ping: 265.98 ms)
0	08:21:19.824	HistoryCenter: 2143 bars imported in 'BTCUSD1'
0	08:21:21.715	'15069840': login datacenter on Alpari-Demo through Demo.Europe.9:1119 (ping: 265.98 ms)
0	08:21:22.347	'15069840': previous successful authorization performed from 177.13.217.237
2	08:21:23.498	Custom indicator fadedbckgrnd2__1 BTCUSD,M1: removed
2	08:21:23.500	Custom indicator FixedChartScale BTCUSD,M1: removed
2	08:21:23.501	Custom indicator iclock_mod1 BTCUSD,M1: removed
2	08:21:23.501	Custom indicator Market BTCUSD,M1: removed
2	08:21:43.597	Custom indicator fadedbckgrnd2__1 GBPUSD,M1: loaded successfully
2	08:21:43.613	Custom indicator FixedChartScale GBPUSD,M1: loaded successfully
2	08:21:43.621	Custom indicator iclock_mod1 GBPUSD,M1: loaded successfully
2	08:21:43.745	Custom indicator Price Pro Value Chart Profissional - PT-BR GBPUSD,M1: loaded successfully
0	08:21:45.264	HistoryCenter: synchronize 'GBPUSD1'
0	08:21:46.057	HistoryCenter: 2 bars imported in 'GBPUSD1'
0	08:21:47.667	HistoryCenter: synchronize 'GBPUSD1'
0	08:21:48.428	HistoryCenter: 2 bars imported in 'GBPUSD1'
0	08:21:48.968	HistoryCenter: synchronize 'GBPUSD1'
0	08:21:49.731	HistoryCenter: 2 bars imported in 'GBPUSD1'
0	08:21:50.263	HistoryCenter: synchronize 'GBPUSD1'
0	08:21:51.033	HistoryCenter: 2 bars imported in 'GBPUSD1'
0	08:21:52.129	HistoryCenter: synchronize 'GBPUSD1'
0	08:21:52.873	HistoryCenter: 2 bars imported in 'GBPUSD1'
2	08:22:03.109	Custom indicator fadedbckgrnd2__1 EURGBP,M1: loaded successfully
2	08:22:03.117	Custom indicator FixedChartScale EURGBP,M1: loaded successfully
2	08:22:03.125	Custom indicator iclock_mod1 EURGBP,M1: loaded successfully
2	08:22:03.221	Custom indicator Price Pro Value Chart Profissional - PT-BR EURGBP,M1: loaded successfully
0	08:22:04.650	HistoryCenter: synchronize 'EURGBP1'
0	08:22:05.400	HistoryCenter: 2 bars imported in 'EURGBP1'
0	08:22:05.939	HistoryCenter: synchronize 'EURGBP1'
0	08:22:06.734	HistoryCenter: 2 bars imported in 'EURGBP1'
0	08:22:06.949	'15069840': ping to current access point Demo.Europe.9:1119 is 248.91 ms
0	08:22:07.788	HistoryCenter: synchronize 'EURGBP1'
0	08:22:08.536	HistoryCenter: 2 bars imported in 'EURGBP1'
0	08:22:09.588	HistoryCenter: synchronize 'EURGBP1'
0	08:22:10.323	HistoryCenter: 2 bars imported in 'EURGBP1'
0	08:22:10.857	HistoryCenter: synchronize 'EURGBP1'
0	08:22:11.630	HistoryCenter: 2 bars imported in 'EURGBP1'
0	08:22:12.707	HistoryCenter: synchronize 'EURGBP1'
0	08:22:13.454	HistoryCenter: 2 bars imported in 'EURGBP1'
0	08:22:14.523	HistoryCenter: synchronize 'EURGBP1'
0	08:22:15.247	HistoryCenter: 2 bars imported in 'EURGBP1'
0	08:22:15.786	HistoryCenter: synchronize 'EURGBP1'
0	08:22:16.513	HistoryCenter: 2 bars imported in 'EURGBP1'
0	08:22:17.570	HistoryCenter: synchronize 'EURGBP1'
0	08:22:18.295	HistoryCenter: 2 bars imported in 'EURGBP1'
0	08:22:18.835	HistoryCenter: synchronize 'EURGBP1'
0	08:22:19.608	HistoryCenter: 2 bars imported in 'EURGBP1'
0	08:22:20.690	HistoryCenter: synchronize 'EURGBP1'
0	08:22:21.444	HistoryCenter: 2 bars imported in 'EURGBP1'
0	08:22:45.047	HistoryCenter: synchronize 'EURUSD1'
0	08:22:45.798	HistoryCenter: 2 bars imported in 'EURUSD1'
0	08:22:46.338	HistoryCenter: synchronize 'EURUSD1'
0	08:22:47.103	HistoryCenter: 2 bars imported in 'EURUSD1'
0	08:22:48.175	HistoryCenter: synchronize 'EURUSD1'
0	08:22:48.953	HistoryCenter: 2 bars imported in 'EURUSD1'
0	08:22:50.049	HistoryCenter: synchronize 'EURUSD1'
0	08:22:50.825	HistoryCenter: 2 bars imported in 'EURUSD1'
0	08:22:51.369	HistoryCenter: synchronize 'EURUSD1'
0	08:22:52.116	HistoryCenter: 2 bars imported in 'EURUSD1'
0	08:22:53.177	HistoryCenter: synchronize 'EURUSD1'
0	08:22:53.937	HistoryCenter: 2 bars imported in 'EURUSD1'
0	08:22:54.472	HistoryCenter: synchronize 'EURUSD1'
0	08:22:55.224	HistoryCenter: 2 bars imported in 'EURUSD1'
0	08:22:56.276	HistoryCenter: synchronize 'EURUSD1'
0	08:22:57.042	HistoryCenter: 2 bars imported in 'EURUSD1'
0	08:22:58.133	HistoryCenter: synchronize 'EURUSD1'
0	08:22:58.924	HistoryCenter: 2 bars imported in 'EURUSD1'
0	08:22:59.465	HistoryCenter: synchronize 'EURUSD1'
0	08:23:00.238	HistoryCenter: 2 bars imported in 'EURUSD1'
0	08:23:01.316	HistoryCenter: synchronize 'EURUSD1'
0	08:23:02.068	HistoryCenter: 2 bars imported in 'EURUSD1'
0	08:23:30.778	HistoryCenter: synchronize 'EURUSD1'
0	08:23:31.538	HistoryCenter: 2 bars imported in 'EURUSD1'
0	08:23:33.128	HistoryCenter: synchronize 'EURUSD1'
0	08:23:33.875	HistoryCenter: 2 bars imported in 'EURUSD1'
0	08:23:34.968	HistoryCenter: synchronize 'EURUSD1'
0	08:23:35.689	HistoryCenter: 2 bars imported in 'EURUSD1'
2	08:23:57.962	Custom indicator fadedbckgrnd2__1 EURUSD,M1: removed
2	08:23:57.962	Custom indicator FixedChartScale EURUSD,M1: removed
2	08:23:57.962	Custom indicator iclock_mod1 EURUSD,M1: removed
2	08:23:57.978	Custom indicator Price Pro Value Chart Profissional - PT-BR EURUSD,M1: removed
2	08:23:57.986	Custom indicator fadedbckgrnd2__1 EURUSD,M1: loaded successfully
2	08:23:57.994	Custom indicator FixedChartScale EURUSD,M1: loaded successfully
2	08:23:58.002	Custom indicator iclock_mod1 EURUSD,M1: loaded successfully
2	08:23:58.106	Custom indicator Price Pro Value Chart Profissional - PT-BR EURUSD,M1: loaded successfully
0	08:23:59.358	HistoryCenter: synchronize 'EURUSD1'
0	08:24:00.126	HistoryCenter: 2 bars imported in 'EURUSD1'
0	08:24:00.669	HistoryCenter: synchronize 'EURUSD1'
0	08:24:01.420	HistoryCenter: 2 bars imported in 'EURUSD1'
0	08:24:02.505	HistoryCenter: synchronize 'EURUSD1'
0	08:24:03.284	HistoryCenter: 2 bars imported in 'EURUSD1'
0	08:24:03.806	HistoryCenter: synchronize 'EURUSD1'
0	08:24:04.561	HistoryCenter: 2 bars imported in 'EURUSD1'
0	08:24:05.638	HistoryCenter: synchronize 'EURUSD1'
0	08:24:06.397	HistoryCenter: 2 bars imported in 'EURUSD1'
0	08:24:07.450	HistoryCenter: synchronize 'EURUSD1'
0	08:24:08.512	HistoryCenter: 2 bars imported in 'EURUSD1'
0	08:24:09.575	HistoryCenter: synchronize 'EURUSD1'
0	08:24:10.347	HistoryCenter: 2 bars imported in 'EURUSD1'
0	08:24:11.422	HistoryCenter: synchronize 'EURUSD1'
0	08:24:12.182	HistoryCenter: 2 bars imported in 'EURUSD1'
0	08:24:12.717	HistoryCenter: synchronize 'EURUSD1'
0	08:24:13.465	HistoryCenter: 2 bars imported in 'EURUSD1'
0	08:24:14.519	HistoryCenter: synchronize 'EURUSD1'
0	08:24:15.263	HistoryCenter: 2 bars imported in 'EURUSD1'
0	08:24:15.810	HistoryCenter: synchronize 'EURUSD1'
0	08:24:16.581	HistoryCenter: 2 bars imported in 'EURUSD1'
2	08:25:02.217	Custom indicator Bob03 EURGBP,M1: loaded successfully
2	08:25:11.605	Custom indicator Bob03 EURGBP,M1: removed
2	08:25:14.118	Custom indicator fadedbckgrnd2__1 EURGBP,M1: removed
2	08:25:14.118	Custom indicator FixedChartScale EURGBP,M1: removed
2	08:25:14.118	Custom indicator iclock_mod1 EURGBP,M1: removed
2	08:25:14.126	Custom indicator Price Pro Value Chart Profissional - PT-BR EURGBP,M1: removed
2	08:25:14.134	Custom indicator fadedbckgrnd2__1 EURGBP,M1: loaded successfully
2	08:25:14.142	Custom indicator FixedChartScale EURGBP,M1: loaded successfully
2	08:25:14.150	Custom indicator iclock_mod1 EURGBP,M1: loaded successfully
2	08:25:14.254	Custom indicator Price Pro Value Chart Profissional - PT-BR EURGBP,M1: loaded successfully
0	08:25:15.645	HistoryCenter: synchronize 'EURGBP1'
0	08:25:16.433	HistoryCenter: 2 bars imported in 'EURGBP1'
0	08:25:16.962	HistoryCenter: synchronize 'EURGBP1'
0	08:25:17.703	HistoryCenter: 2 bars imported in 'EURGBP1'
0	08:25:18.782	HistoryCenter: synchronize 'EURGBP1'
0	08:25:19.656	HistoryCenter: 2 bars imported in 'EURGBP1'
0	08:25:20.726	HistoryCenter: synchronize 'EURGBP1'
0	08:25:21.492	HistoryCenter: 2 bars imported in 'EURGBP1'
0	08:25:23.101	HistoryCenter: synchronize 'GBPUSD1'
0	08:25:23.853	HistoryCenter: 2 bars imported in 'GBPUSD1'
0	08:25:24.398	HistoryCenter: synchronize 'GBPUSD1'
0	08:25:25.188	HistoryCenter: 2 bars imported in 'GBPUSD1'
0	08:25:25.729	HistoryCenter: synchronize 'GBPUSD1'
0	08:25:26.475	HistoryCenter: 2 bars imported in 'GBPUSD1'
0	08:25:27.024	HistoryCenter: synchronize 'GBPUSD1'
0	08:25:27.819	HistoryCenter: 2 bars imported in 'GBPUSD1'
0	08:25:28.888	HistoryCenter: synchronize 'GBPUSD1'
0	08:25:29.636	HistoryCenter: 2 bars imported in 'GBPUSD1'
0	08:25:30.702	HistoryCenter: synchronize 'GBPUSD1'
0	08:25:31.502	HistoryCenter: 2 bars imported in 'GBPUSD1'
0	08:25:32.035	HistoryCenter: synchronize 'GBPUSD1'
0	08:25:32.801	HistoryCenter: 2 bars imported in 'GBPUSD1'
0	08:25:33.870	HistoryCenter: synchronize 'GBPUSD1'
0	08:25:34.621	HistoryCenter: 2 bars imported in 'GBPUSD1'
0	08:25:35.698	HistoryCenter: synchronize 'GBPUSD1'
0	08:25:36.458	HistoryCenter: 2 bars imported in 'GBPUSD1'
0	08:25:36.993	HistoryCenter: synchronize 'GBPUSD1'
0	08:25:37.761	HistoryCenter: 2 bars imported in 'GBPUSD1'
2	08:29:32.538	Custom indicator fadedbckgrnd2__1 EURUSD,M1: removed
2	08:29:32.538	Custom indicator FixedChartScale EURUSD,M1: removed
2	08:29:32.538	Custom indicator iclock_mod1 EURUSD,M1: removed
2	08:29:32.554	Custom indicator Price Pro Value Chart Profissional - PT-BR EURUSD,M1: removed
2	08:29:32.562	Custom indicator fadedbckgrnd2__1 EURUSD,M1: loaded successfully
2	08:29:32.570	Custom indicator FixedChartScale EURUSD,M1: loaded successfully
2	08:29:32.578	Custom indicator iclock_mod1 EURUSD,M1: loaded successfully
2	08:29:32.682	Custom indicator Price Pro Value Chart Profissional - PT-BR EURUSD,M1: loaded successfully
0	08:29:33.984	HistoryCenter: synchronize 'EURUSD1'
0	08:29:34.725	HistoryCenter: 2 bars imported in 'EURUSD1'
0	08:29:35.796	HistoryCenter: synchronize 'EURUSD1'
0	08:29:36.552	HistoryCenter: 2 bars imported in 'EURUSD1'
0	08:29:37.074	HistoryCenter: synchronize 'EURUSD1'
0	08:29:37.844	HistoryCenter: 2 bars imported in 'EURUSD1'
0	08:29:38.380	HistoryCenter: synchronize 'EURUSD1'
0	08:29:39.132	HistoryCenter: 2 bars imported in 'EURUSD1'
0	08:29:40.212	HistoryCenter: synchronize 'EURUSD1'
0	08:29:40.938	HistoryCenter: 2 bars imported in 'EURUSD1'
0	08:29:42.006	HistoryCenter: synchronize 'EURUSD1'
0	08:29:42.768	HistoryCenter: 2 bars imported in 'EURUSD1'
0	08:29:43.303	HistoryCenter: synchronize 'EURUSD1'
0	08:29:44.076	HistoryCenter: 2 bars imported in 'EURUSD1'
0	08:29:45.163	HistoryCenter: synchronize 'EURUSD1'
0	08:29:45.919	HistoryCenter: 2 bars imported in 'EURUSD1'
0	08:29:47.013	HistoryCenter: synchronize 'EURUSD1'
0	08:29:47.796	HistoryCenter: 2 bars imported in 'EURUSD1'
0	08:29:48.363	HistoryCenter: synchronize 'EURUSD1'
0	08:29:49.133	HistoryCenter: 2 bars imported in 'EURUSD1'
0	08:29:50.213	HistoryCenter: synchronize 'EURUSD1'
0	08:29:50.976	HistoryCenter: 2 bars imported in 'EURUSD1'
0	08:30:12.787	HistoryCenter: synchronize 'EURUSD1'
0	08:30:13.527	HistoryCenter: 2 bars imported in 'EURUSD1'
0	08:30:15.154	HistoryCenter: synchronize 'EURUSD1'
0	08:30:17.109	HistoryCenter: 2 bars imported in 'EURUSD1'
0	08:30:18.191	HistoryCenter: synchronize 'EURUSD1'
0	08:30:18.926	HistoryCenter: 2 bars imported in 'EURUSD1'
0	08:30:19.984	HistoryCenter: synchronize 'EURUSD1'
0	08:30:20.725	HistoryCenter: 2 bars imported in 'EURUSD1'
0	08:30:21.264	HistoryCenter: synchronize 'EURUSD1'
0	08:30:22.003	HistoryCenter: 2 bars imported in 'EURUSD1'
0	08:30:23.081	HistoryCenter: synchronize 'EURUSD1'
0	08:30:23.854	HistoryCenter: 2 bars imported in 'EURUSD1'
0	08:30:24.953	HistoryCenter: synchronize 'EURUSD1'
0	08:30:25.719	HistoryCenter: 2 bars imported in 'EURUSD1'
0	08:30:26.261	HistoryCenter: synchronize 'EURUSD1'
0	08:30:27.000	HistoryCenter: 2 bars imported in 'EURUSD1'
0	08:30:28.045	HistoryCenter: synchronize 'EURUSD1'
0	08:30:28.799	HistoryCenter: 2 bars imported in 'EURUSD1'
0	08:30:29.880	HistoryCenter: synchronize 'EURUSD1'
0	08:30:30.632	HistoryCenter: 2 bars imported in 'EURUSD1'
2	08:30:54.809	Custom indicator fadedbckgrnd2__1 GBPUSD,M1: removed
2	08:30:54.809	Custom indicator FixedChartScale GBPUSD,M1: removed
2	08:30:54.809	Custom indicator iclock_mod1 GBPUSD,M1: removed
2	08:30:54.825	Custom indicator Price Pro Value Chart Profissional - PT-BR GBPUSD,M1: removed
2	08:30:54.833	Custom indicator fadedbckgrnd2__1 GBPUSD,M1: loaded successfully
2	08:30:54.841	Custom indicator FixedChartScale GBPUSD,M1: loaded successfully
2	08:30:54.849	Custom indicator iclock_mod1 GBPUSD,M1: loaded successfully
2	08:30:54.945	Custom indicator Price Pro Value Chart Profissional - PT-BR GBPUSD,M1: loaded successfully
0	08:30:56.236	HistoryCenter: synchronize 'GBPUSD1'
0	08:30:56.973	HistoryCenter: 2 bars imported in 'GBPUSD1'
0	08:30:57.503	HistoryCenter: synchronize 'GBPUSD1'
0	08:30:58.245	HistoryCenter: 2 bars imported in 'GBPUSD1'
0	08:30:59.319	HistoryCenter: synchronize 'GBPUSD1'
0	08:31:00.046	HistoryCenter: 2 bars imported in 'GBPUSD1'
0	08:31:00.594	HistoryCenter: synchronize 'GBPUSD1'
0	08:31:01.337	HistoryCenter: 2 bars imported in 'GBPUSD1'
0	08:31:02.416	HistoryCenter: synchronize 'GBPUSD1'
0	08:31:03.158	HistoryCenter: 2 bars imported in 'GBPUSD1'
0	08:31:04.217	HistoryCenter: synchronize 'GBPUSD1'
0	08:31:04.975	HistoryCenter: 2 bars imported in 'GBPUSD1'
0	08:31:05.516	HistoryCenter: synchronize 'GBPUSD1'
0	08:31:06.265	HistoryCenter: 2 bars imported in 'GBPUSD1'
0	08:31:07.340	HistoryCenter: synchronize 'GBPUSD1'
0	08:31:08.123	HistoryCenter: 2 bars imported in 'GBPUSD1'
0	08:31:08.665	HistoryCenter: synchronize 'GBPUSD1'
0	08:31:09.429	HistoryCenter: 2 bars imported in 'GBPUSD1'
0	08:31:10.493	HistoryCenter: synchronize 'GBPUSD1'
0	08:31:11.259	HistoryCenter: 2 bars imported in 'GBPUSD1'
0	08:31:12.307	HistoryCenter: synchronize 'GBPUSD1'
0	08:31:13.054	HistoryCenter: 2 bars imported in 'GBPUSD1'
0	08:32:05.446	HistoryCenter: synchronize 'EURUSD1'
0	08:32:06.190	HistoryCenter: 2 bars imported in 'EURUSD1'
0	08:32:07.793	HistoryCenter: synchronize 'EURUSD1'
0	08:32:08.527	HistoryCenter: 2 bars imported in 'EURUSD1'
0	08:32:09.599	HistoryCenter: synchronize 'EURUSD1'
0	08:32:10.347	HistoryCenter: 2 bars imported in 'EURUSD1'
0	08:32:10.899	HistoryCenter: synchronize 'EURUSD1'
0	08:32:11.636	HistoryCenter: 2 bars imported in 'EURUSD1'
0	08:32:12.710	HistoryCenter: synchronize 'EURUSD1'
0	08:32:13.448	HistoryCenter: 2 bars imported in 'EURUSD1'
0	08:32:14.521	HistoryCenter: synchronize 'EURUSD1'
0	08:32:15.240	HistoryCenter: 2 bars imported in 'EURUSD1'
0	08:32:15.786	HistoryCenter: synchronize 'EURUSD1'
0	08:32:16.599	HistoryCenter: 2 bars imported in 'EURUSD1'
2	08:32:17.008	Custom indicator fadedbckgrnd2__1 GBPUSD,M1: removed
2	08:32:17.008	Custom indicator FixedChartScale GBPUSD,M1: removed
2	08:32:17.008	Custom indicator iclock_mod1 GBPUSD,M1: removed
2	08:32:17.024	Custom indicator Price Pro Value Chart Profissional - PT-BR GBPUSD,M1: removed
2	08:32:17.032	Custom indicator fadedbckgrnd2__1 GBPUSD,M1: loaded successfully
2	08:32:17.040	Custom indicator FixedChartScale GBPUSD,M1: loaded successfully
2	08:32:17.048	Custom indicator iclock_mod1 GBPUSD,M1: loaded successfully
2	08:32:17.144	Custom indicator Price Pro Value Chart Profissional - PT-BR GBPUSD,M1: loaded successfully
0	08:32:18.759	HistoryCenter: synchronize 'EURUSD1'
0	08:32:19.493	HistoryCenter: 2 bars imported in 'EURUSD1'
0	08:32:19.493	HistoryCenter: synchronize 'GBPUSD1'
0	08:32:20.247	HistoryCenter: 2 bars imported in 'GBPUSD1'
0	08:32:20.247	HistoryCenter: synchronize 'EURUSD1'
0	08:32:20.993	HistoryCenter: 2 bars imported in 'EURUSD1'
0	08:32:20.993	HistoryCenter: synchronize 'GBPUSD1'
0	08:32:21.758	HistoryCenter: 2 bars imported in 'GBPUSD1'
0	08:32:21.758	HistoryCenter: synchronize 'EURUSD1'
0	08:32:22.508	HistoryCenter: 2 bars imported in 'EURUSD1'
0	08:32:22.508	HistoryCenter: synchronize 'GBPUSD1'
0	08:32:23.276	HistoryCenter: 2 bars imported in 'GBPUSD1'
0	08:32:23.818	HistoryCenter: synchronize 'EURUSD1'
0	08:32:24.559	HistoryCenter: 2 bars imported in 'EURUSD1'
0	08:32:24.559	HistoryCenter: synchronize 'GBPUSD1'
0	08:32:25.318	HistoryCenter: 2 bars imported in 'GBPUSD1'
0	08:32:25.866	HistoryCenter: synchronize 'EURUSD1'
0	08:32:26.619	HistoryCenter: 2 bars imported in 'EURUSD1'
0	08:32:26.619	HistoryCenter: synchronize 'GBPUSD1'
0	08:32:27.362	HistoryCenter: 2 bars imported in 'GBPUSD1'
0	08:32:27.897	HistoryCenter: synchronize 'EURUSD1'
0	08:32:28.654	HistoryCenter: 2 bars imported in 'EURUSD1'
0	08:32:28.654	HistoryCenter: synchronize 'GBPUSD1'
0	08:32:29.442	HistoryCenter: 2 bars imported in 'GBPUSD1'
0	08:32:30.506	HistoryCenter: synchronize 'GBPUSD1'
0	08:32:31.244	HistoryCenter: 2 bars imported in 'GBPUSD1'
0	08:32:31.789	HistoryCenter: synchronize 'GBPUSD1'
0	08:32:32.534	HistoryCenter: 2 bars imported in 'GBPUSD1'
0	08:32:33.602	HistoryCenter: synchronize 'GBPUSD1'
0	08:32:34.622	HistoryCenter: 2 bars imported in 'GBPUSD1'
2	08:32:41.325	Custom indicator fadedbckgrnd2__1 EURUSD,M1: removed
2	08:32:41.333	Custom indicator FixedChartScale EURUSD,M1: removed
2	08:32:41.333	Custom indicator iclock_mod1 EURUSD,M1: removed
2	08:32:41.341	Custom indicator Price Pro Value Chart Profissional - PT-BR EURUSD,M1: removed
2	08:32:41.357	Custom indicator fadedbckgrnd2__1 EURUSD,M1: loaded successfully
2	08:32:41.365	Custom indicator FixedChartScale EURUSD,M1: loaded successfully
2	08:32:41.365	Custom indicator iclock_mod1 EURUSD,M1: loaded successfully
2	08:32:41.466	Custom indicator Price Pro Value Chart Profissional - PT-BR EURUSD,M1: loaded successfully
0	08:32:43.169	HistoryCenter: synchronize 'EURUSD1'
0	08:32:43.935	HistoryCenter: 2 bars imported in 'EURUSD1'
0	08:32:44.995	HistoryCenter: synchronize 'EURUSD1'
0	08:32:45.765	HistoryCenter: 2 bars imported in 'EURUSD1'
0	08:32:46.841	HistoryCenter: synchronize 'EURUSD1'
0	08:32:47.566	HistoryCenter: 2 bars imported in 'EURUSD1'
0	08:32:48.093	HistoryCenter: synchronize 'EURUSD1'
0	08:32:48.857	HistoryCenter: 2 bars imported in 'EURUSD1'
0	08:32:49.922	HistoryCenter: synchronize 'EURUSD1'
0	08:32:50.665	HistoryCenter: 2 bars imported in 'EURUSD1'
0	08:32:51.753	HistoryCenter: synchronize 'EURUSD1'
0	08:32:52.524	HistoryCenter: 2 bars imported in 'EURUSD1'
0	08:32:53.075	HistoryCenter: synchronize 'EURUSD1'
0	08:32:53.817	HistoryCenter: 2 bars imported in 'EURUSD1'
0	08:32:54.905	HistoryCenter: synchronize 'EURUSD1'
0	08:32:55.653	HistoryCenter: 2 bars imported in 'EURUSD1'
0	08:32:56.754	HistoryCenter: synchronize 'EURUSD1'
0	08:32:57.510	HistoryCenter: 2 bars imported in 'EURUSD1'
0	08:32:58.046	HistoryCenter: synchronize 'EURUSD1'
0	08:32:58.798	HistoryCenter: 2 bars imported in 'EURUSD1'
0	08:32:59.882	HistoryCenter: synchronize 'EURUSD1'
0	08:33:00.643	HistoryCenter: 2 bars imported in 'EURUSD1'
0	08:33:01.187	HistoryCenter: synchronize 'EURUSD1'
0	08:33:01.933	HistoryCenter: 2 bars imported in 'EURUSD1'
2	08:33:59.971	Custom indicator fadedbckgrnd2__1 EURUSD,M1: removed
2	08:33:59.972	Custom indicator FixedChartScale EURUSD,M1: removed
2	08:33:59.974	Custom indicator iclock_mod1 EURUSD,M1: removed
2	08:33:59.989	Custom indicator Price Pro Value Chart Profissional - PT-BR EURUSD,M1: removed
2	08:33:59.996	Custom indicator fadedbckgrnd2__1 GBPUSD,M1: removed
2	08:33:59.997	Custom indicator FixedChartScale GBPUSD,M1: removed
2	08:33:59.999	Custom indicator iclock_mod1 GBPUSD,M1: removed
2	08:34:00.011	Custom indicator Price Pro Value Chart Profissional - PT-BR GBPUSD,M1: removed
0	08:34:00.231	Alpari MT4 build 1359 stopped
0	08:34:03.686	Alpari MT4 build 1359 started (Alpari International)
0	08:34:03.686	Windows 10 Pro x64, IE 11, UAC, 8 x Intel Core i7-7700HQ  @ 2.80GHz, Memory: 12362 / 16267 Mb, Disk: 387 / 476 Gb, GMT-3
0	08:34:03.686	Data Folder: C:\Users\Administrator\AppData\Roaming\MetaQuotes\Terminal\287469DEA9630EA94D0715D755974F1B
2	08:34:04.725	Custom indicator fadedbckgrnd2__1 EURUSD,M1: loaded successfully
2	08:34:04.733	Custom indicator FixedChartScale EURUSD,M1: loaded successfully
2	08:34:04.741	Custom indicator iclock_mod1 EURUSD,M1: loaded successfully
2	08:34:04.845	Custom indicator Price Pro Value Chart Profissional - PT-BR EURUSD,M1: loaded successfully
2	08:34:05.045	Custom indicator Price Pro Value Chart Profissional - PT-BR EURUSD,M1: removed
2	08:34:05.069	Custom indicator fadedbckgrnd2__1 GBPUSD,M1: loaded successfully
2	08:34:05.077	Custom indicator FixedChartScale GBPUSD,M1: loaded successfully
2	08:34:05.085	Custom indicator iclock_mod1 GBPUSD,M1: loaded successfully
2	08:34:05.181	Custom indicator Price Pro Value Chart Profissional - PT-BR GBPUSD,M1: loaded successfully
2	08:34:05.373	Custom indicator Price Pro Value Chart Profissional - PT-BR GBPUSD,M1: removed
0	08:34:05.547	HistoryCenter: synchronize 'EURUSD1'
0	08:34:06.273	HistoryCenter: 2 bars imported in 'EURUSD1'
0	08:34:06.435	'15069840': login on Alpari-Demo through Demo.Europe.9:1119 (ping: 248.91 ms)
0	08:34:06.826	HistoryCenter: synchronize 'GBPUSD1'
0	08:34:07.563	HistoryCenter: 2 bars imported in 'GBPUSD1'
0	08:34:08.621	'15069840': login datacenter on Alpari-Demo through Demo.Europe.9:1119 (ping: 248.91 ms)
0	08:34:09.239	'15069840': previous successful authorization performed from 177.13.217.237
2	08:34:14.551	Custom indicator fadedbckgrnd2__1 EURUSD,M1: removed
2	08:34:14.551	Custom indicator FixedChartScale EURUSD,M1: removed
2	08:34:14.551	Custom indicator iclock_mod1 EURUSD,M1: removed
2	08:34:14.559	Custom indicator fadedbckgrnd2__1 EURUSD,M1: loaded successfully
2	08:34:14.567	Custom indicator FixedChartScale EURUSD,M1: loaded successfully
2	08:34:14.575	Custom indicator iclock_mod1 EURUSD,M1: loaded successfully
2	08:34:14.679	Custom indicator Price Pro Value Chart Profissional - PT-BR EURUSD,M1: loaded successfully
0	08:34:16.090	HistoryCenter: synchronize 'EURUSD1'
0	08:34:16.845	HistoryCenter: 2 bars imported in 'EURUSD1'
0	08:34:17.921	HistoryCenter: synchronize 'EURUSD1'
0	08:34:18.677	HistoryCenter: 2 bars imported in 'EURUSD1'
0	08:34:19.223	HistoryCenter: synchronize 'EURUSD1'
0	08:34:19.967	HistoryCenter: 2 bars imported in 'EURUSD1'
0	08:34:21.031	HistoryCenter: synchronize 'EURUSD1'
0	08:34:21.766	HistoryCenter: 2 bars imported in 'EURUSD1'
0	08:34:22.297	HistoryCenter: synchronize 'EURUSD1'
0	08:34:23.036	HistoryCenter: 2 bars imported in 'EURUSD1'
0	08:34:24.121	HistoryCenter: synchronize 'EURUSD1'
0	08:34:24.857	HistoryCenter: 2 bars imported in 'EURUSD1'
0	08:34:25.902	HistoryCenter: synchronize 'EURUSD1'
0	08:34:26.666	HistoryCenter: 2 bars imported in 'EURUSD1'
2	08:34:26.698	Custom indicator fadedbckgrnd2__1 GBPUSD,M1: removed
2	08:34:26.698	Custom indicator FixedChartScale GBPUSD,M1: removed
2	08:34:26.698	Custom indicator iclock_mod1 GBPUSD,M1: removed
2	08:34:26.706	Custom indicator fadedbckgrnd2__1 GBPUSD,M1: loaded successfully
2	08:34:26.714	Custom indicator FixedChartScale GBPUSD,M1: loaded successfully
2	08:34:26.722	Custom indicator iclock_mod1 GBPUSD,M1: loaded successfully
2	08:34:26.818	Custom indicator Price Pro Value Chart Profissional - PT-BR GBPUSD,M1: loaded successfully
0	08:34:28.267	HistoryCenter: synchronize 'GBPUSD1'
0	08:34:29.006	HistoryCenter: 2 bars imported in 'GBPUSD1'
0	08:34:29.006	HistoryCenter: synchronize 'EURUSD1'
0	08:34:29.767	HistoryCenter: 2 bars imported in 'EURUSD1'
0	08:34:29.767	HistoryCenter: synchronize 'GBPUSD1'
0	08:34:30.508	HistoryCenter: 2 bars imported in 'GBPUSD1'
0	08:34:31.047	HistoryCenter: synchronize 'GBPUSD1'
0	08:34:31.788	HistoryCenter: 2 bars imported in 'GBPUSD1'
0	08:34:32.319	HistoryCenter: synchronize 'GBPUSD1'
0	08:34:33.077	HistoryCenter: 2 bars imported in 'GBPUSD1'
0	08:34:34.131	HistoryCenter: synchronize 'GBPUSD1'
0	08:34:34.893	HistoryCenter: 2 bars imported in 'GBPUSD1'
0	08:34:35.437	HistoryCenter: synchronize 'GBPUSD1'
0	08:34:36.207	HistoryCenter: 2 bars imported in 'GBPUSD1'
0	08:34:37.279	HistoryCenter: synchronize 'GBPUSD1'
0	08:34:38.045	HistoryCenter: 2 bars imported in 'GBPUSD1'
0	08:34:39.118	HistoryCenter: synchronize 'GBPUSD1'
0	08:34:39.863	HistoryCenter: 2 bars imported in 'GBPUSD1'
0	08:34:40.389	HistoryCenter: synchronize 'GBPUSD1'
0	08:34:41.128	HistoryCenter: 2 bars imported in 'GBPUSD1'
0	08:34:42.226	HistoryCenter: synchronize 'GBPUSD1'
0	08:34:42.960	HistoryCenter: 2 bars imported in 'GBPUSD1'
0	08:34:43.487	HistoryCenter: synchronize 'GBPUSD1'
0	08:34:44.230	HistoryCenter: 2 bars imported in 'GBPUSD1'
2	08:35:04.731	Custom indicator fadedbckgrnd2__1 EURUSD,M1: removed
2	08:35:04.731	Custom indicator FixedChartScale EURUSD,M1: removed
2	08:35:04.731	Custom indicator iclock_mod1 EURUSD,M1: removed
2	08:35:04.747	Custom indicator Price Pro Value Chart Profissional - PT-BR EURUSD,M1: removed
2	08:35:20.405	Custom indicator fadedbckgrnd2__1 AUDJPY,M1: loaded successfully
2	08:35:20.413	Custom indicator FixedChartScale AUDJPY,M1: loaded successfully
2	08:35:20.421	Custom indicator iclock_mod1 AUDJPY,M1: loaded successfully
2	08:35:20.517	Custom indicator Price Pro Value Chart Profissional - PT-BR AUDJPY,M1: loaded successfully
0	08:35:21.822	HistoryCenter: synchronize 'AUDJPY1'
0	08:35:24.965	HistoryCenter: 28784 bars imported in 'AUDJPY1'
0	08:35:26.039	HistoryCenter: synchronize 'AUDJPY1'
0	08:35:26.777	HistoryCenter: 2 bars imported in 'AUDJPY1'
0	08:35:27.821	HistoryCenter: synchronize 'AUDJPY1'
0	08:35:28.605	HistoryCenter: 2 bars imported in 'AUDJPY1'
0	08:35:29.134	HistoryCenter: synchronize 'AUDJPY1'
0	08:35:29.852	HistoryCenter: 2 bars imported in 'AUDJPY1'
0	08:35:30.953	HistoryCenter: synchronize 'AUDJPY1'
0	08:35:31.702	HistoryCenter: 2 bars imported in 'AUDJPY1'
0	08:35:32.767	HistoryCenter: synchronize 'AUDJPY1'
0	08:35:33.494	HistoryCenter: 2 bars imported in 'AUDJPY1'
0	08:35:34.035	HistoryCenter: synchronize 'AUDJPY1'
0	08:35:34.782	HistoryCenter: 2 bars imported in 'AUDJPY1'
2	08:35:44.761	Custom indicator fadedbckgrnd2__1 AUDJPY,M1: removed
2	08:35:44.761	Custom indicator FixedChartScale AUDJPY,M1: removed
2	08:35:44.761	Custom indicator iclock_mod1 AUDJPY,M1: removed
2	08:35:44.777	Custom indicator Price Pro Value Chart Profissional - PT-BR AUDJPY,M1: removed
2	08:35:44.785	Custom indicator fadedbckgrnd2__1 AUDJPY,M1: loaded successfully
2	08:35:44.793	Custom indicator FixedChartScale AUDJPY,M1: loaded successfully
2	08:35:44.801	Custom indicator iclock_mod1 AUDJPY,M1: loaded successfully
2	08:35:44.897	Custom indicator Price Pro Value Chart Profissional - PT-BR AUDJPY,M1: loaded successfully
0	08:35:46.573	HistoryCenter: synchronize 'AUDJPY1'
0	08:35:47.340	HistoryCenter: 2 bars imported in 'AUDJPY1'
0	08:35:48.430	HistoryCenter: synchronize 'AUDJPY1'
0	08:35:49.165	HistoryCenter: 2 bars imported in 'AUDJPY1'
0	08:35:50.243	HistoryCenter: synchronize 'AUDJPY1'
0	08:35:51.001	HistoryCenter: 2 bars imported in 'AUDJPY1'
0	08:35:51.545	HistoryCenter: synchronize 'AUDJPY1'
0	08:35:52.295	HistoryCenter: 2 bars imported in 'AUDJPY1'
0	08:36:37.112	HistoryCenter: synchronize 'AUDUSD1'
0	08:36:41.378	HistoryCenter: 28746 bars imported in 'AUDUSD1'
0	08:36:42.446	HistoryCenter: synchronize 'AUDUSD1'
0	08:36:43.171	HistoryCenter: 2 bars imported in 'AUDUSD1'
2	08:36:44.814	Custom indicator fadedbckgrnd2__1 AUDUSD,M1: removed
2	08:36:44.822	Custom indicator FixedChartScale AUDUSD,M1: removed
2	08:36:44.822	Custom indicator iclock_mod1 AUDUSD,M1: removed
2	08:36:44.830	Custom indicator Price Pro Value Chart Profissional - PT-BR AUDUSD,M1: removed
2	08:36:44.838	Custom indicator fadedbckgrnd2__1 AUDUSD,M1: loaded successfully
2	08:36:44.854	Custom indicator FixedChartScale AUDUSD,M1: loaded successfully
2	08:36:44.862	Custom indicator iclock_mod1 AUDUSD,M1: loaded successfully
2	08:36:44.950	Custom indicator Price Pro Value Chart Profissional - PT-BR AUDUSD,M1: loaded successfully
0	08:36:46.388	HistoryCenter: synchronize 'AUDUSD1'
0	08:36:47.125	HistoryCenter: 2 bars imported in 'AUDUSD1'
0	08:36:47.677	HistoryCenter: synchronize 'AUDUSD1'
0	08:36:48.427	HistoryCenter: 2 bars imported in 'AUDUSD1'
0	08:36:49.551	HistoryCenter: synchronize 'AUDUSD1'
0	08:36:50.301	HistoryCenter: 2 bars imported in 'AUDUSD1'
0	08:36:51.375	HistoryCenter: synchronize 'AUDUSD1'
0	08:36:52.133	HistoryCenter: 2 bars imported in 'AUDUSD1'
0	08:36:52.689	HistoryCenter: synchronize 'AUDUSD1'
0	08:36:53.423	HistoryCenter: 2 bars imported in 'AUDUSD1'
2	08:37:01.142	Custom indicator fadedbckgrnd2__1 AUDUSD,M1: removed
2	08:37:01.142	Custom indicator FixedChartScale AUDUSD,M1: removed
2	08:37:01.142	Custom indicator iclock_mod1 AUDUSD,M1: removed
2	08:37:01.150	Custom indicator Price Pro Value Chart Profissional - PT-BR AUDUSD,M1: removed
2	08:37:01.166	Custom indicator fadedbckgrnd2__1 AUDUSD,M1: loaded successfully
2	08:37:01.174	Custom indicator FixedChartScale AUDUSD,M1: loaded successfully
2	08:37:01.182	Custom indicator iclock_mod1 AUDUSD,M1: loaded successfully
2	08:37:01.270	Custom indicator Price Pro Value Chart Profissional - PT-BR AUDUSD,M1: loaded successfully
0	08:37:03.081	HistoryCenter: synchronize 'AUDUSD1'
0	08:37:03.858	HistoryCenter: 2 bars imported in 'AUDUSD1'
0	08:37:04.929	HistoryCenter: synchronize 'AUDUSD1'
0	08:37:05.679	HistoryCenter: 2 bars imported in 'AUDUSD1'
0	08:37:06.750	HistoryCenter: synchronize 'AUDUSD1'
0	08:37:07.501	HistoryCenter: 2 bars imported in 'AUDUSD1'
0	08:37:08.562	HistoryCenter: synchronize 'AUDUSD1'
0	08:37:09.349	HistoryCenter: 2 bars imported in 'AUDUSD1'
0	08:37:09.893	HistoryCenter: synchronize 'AUDUSD1'
0	08:37:10.610	HistoryCenter: 2 bars imported in 'AUDUSD1'
0	08:37:18.110	HistoryCenter: synchronize 'EURJPY1'
0	08:37:18.904	HistoryCenter: 2 bars imported in 'EURJPY1'
0	08:37:19.433	HistoryCenter: synchronize 'EURJPY1'
0	08:37:20.196	HistoryCenter: 2 bars imported in 'EURJPY1'
0	08:37:20.750	HistoryCenter: synchronize 'EURJPY1'
0	08:37:21.522	HistoryCenter: 2 bars imported in 'EURJPY1'
0	08:37:22.046	HistoryCenter: synchronize 'EURJPY1'
0	08:37:22.801	HistoryCenter: 2 bars imported in 'EURJPY1'
0	08:37:23.879	HistoryCenter: synchronize 'EURJPY1'
0	08:37:24.620	HistoryCenter: 2 bars imported in 'EURJPY1'
2	08:37:33.166	Custom indicator fadedbckgrnd2__1 EURJPY,M1: removed
2	08:37:33.174	Custom indicator FixedChartScale EURJPY,M1: removed
2	08:37:33.174	Custom indicator iclock_mod1 EURJPY,M1: removed
2	08:37:33.182	Custom indicator Price Pro Value Chart Profissional - PT-BR EURJPY,M1: removed
2	08:37:33.198	Custom indicator fadedbckgrnd2__1 EURJPY,M1: loaded successfully
2	08:37:33.206	Custom indicator FixedChartScale EURJPY,M1: loaded successfully
2	08:37:33.214	Custom indicator iclock_mod1 EURJPY,M1: loaded successfully
2	08:37:33.310	Custom indicator Price Pro Value Chart Profissional - PT-BR EURJPY,M1: loaded successfully
0	08:37:34.770	HistoryCenter: synchronize 'EURJPY1'
0	08:37:35.513	HistoryCenter: 2 bars imported in 'EURJPY1'
0	08:37:36.043	HistoryCenter: synchronize 'EURJPY1'
0	08:37:36.782	HistoryCenter: 2 bars imported in 'EURJPY1'
0	08:37:37.852	HistoryCenter: synchronize 'EURJPY1'
0	08:37:38.612	HistoryCenter: 2 bars imported in 'EURJPY1'
0	08:37:39.671	HistoryCenter: synchronize 'EURJPY1'
0	08:37:40.425	HistoryCenter: 2 bars imported in 'EURJPY1'
0	08:37:40.958	HistoryCenter: synchronize 'EURJPY1'
0	08:37:41.692	HistoryCenter: 2 bars imported in 'EURJPY1'
2	08:41:59.495	Custom indicator fadedbckgrnd2__1 AUDCAD,M1: loaded successfully
2	08:41:59.503	Custom indicator FixedChartScale AUDCAD,M1: loaded successfully
2	08:41:59.511	Custom indicator iclock_mod1 AUDCAD,M1: loaded successfully
2	08:41:59.607	Custom indicator Price Pro Value Chart Profissional - PT-BR AUDCAD,M1: loaded successfully
0	08:42:00.920	HistoryCenter: synchronize 'AUDCAD1'
0	08:42:03.751	HistoryCenter: 28772 bars imported in 'AUDCAD1'
0	08:42:04.310	HistoryCenter: synchronize 'AUDCAD1'
0	08:42:05.086	HistoryCenter: 2 bars imported in 'AUDCAD1'
0	08:42:06.152	HistoryCenter: synchronize 'AUDCAD1'
0	08:42:06.912	HistoryCenter: 2 bars imported in 'AUDCAD1'
0	08:42:07.978	HistoryCenter: synchronize 'AUDCAD1'
0	08:42:08.712	HistoryCenter: 2 bars imported in 'AUDCAD1'
0	08:42:09.244	HistoryCenter: synchronize 'AUDCAD1'
0	08:42:09.984	HistoryCenter: 2 bars imported in 'AUDCAD1'
0	08:42:11.041	HistoryCenter: synchronize 'AUDCAD1'
0	08:42:11.776	HistoryCenter: 2 bars imported in 'AUDCAD1'
0	08:42:12.325	HistoryCenter: synchronize 'AUDCAD1'
0	08:42:13.066	HistoryCenter: 2 bars imported in 'AUDCAD1'
0	08:42:14.142	HistoryCenter: synchronize 'AUDCAD1'
0	08:42:14.880	HistoryCenter: 2 bars imported in 'AUDCAD1'
0	08:42:15.989	HistoryCenter: synchronize 'AUDCAD1'
0	08:42:16.726	HistoryCenter: 2 bars imported in 'AUDCAD1'
0	08:42:17.274	HistoryCenter: synchronize 'AUDCAD1'
0	08:42:18.022	HistoryCenter: 2 bars imported in 'AUDCAD1'
0	08:42:19.090	HistoryCenter: synchronize 'AUDCAD1'
0	08:42:19.825	HistoryCenter: 2 bars imported in 'AUDCAD1'
2	08:42:24.553	Custom indicator fadedbckgrnd2__1 AUDCAD,M1: removed
2	08:42:24.553	Custom indicator FixedChartScale AUDCAD,M1: removed
2	08:42:24.553	Custom indicator iclock_mod1 AUDCAD,M1: removed
2	08:42:24.569	Custom indicator Price Pro Value Chart Profissional - PT-BR AUDCAD,M1: removed
2	08:42:24.577	Custom indicator fadedbckgrnd2__1 AUDCAD,M1: loaded successfully
2	08:42:24.585	Custom indicator FixedChartScale AUDCAD,M1: loaded successfully
2	08:42:24.593	Custom indicator iclock_mod1 AUDCAD,M1: loaded successfully
2	08:42:24.689	Custom indicator Price Pro Value Chart Profissional - PT-BR AUDCAD,M1: loaded successfully
0	08:42:26.273	HistoryCenter: synchronize 'AUDCAD1'
0	08:42:27.008	HistoryCenter: 2 bars imported in 'AUDCAD1'
0	08:42:27.551	HistoryCenter: synchronize 'AUDCAD1'
0	08:42:28.295	HistoryCenter: 2 bars imported in 'AUDCAD1'
0	08:42:29.365	HistoryCenter: synchronize 'AUDCAD1'
0	08:42:30.101	HistoryCenter: 2 bars imported in 'AUDCAD1'
0	08:42:31.190	HistoryCenter: synchronize 'AUDCAD1'
0	08:42:31.955	HistoryCenter: 2 bars imported in 'AUDCAD1'
0	08:42:33.010	HistoryCenter: synchronize 'AUDCAD1'
0	08:42:33.947	HistoryCenter: 2 bars imported in 'AUDCAD1'
0	08:42:35.034	HistoryCenter: synchronize 'AUDCAD1'
0	08:42:35.969	HistoryCenter: 2 bars imported in 'AUDCAD1'
0	08:42:37.084	HistoryCenter: synchronize 'AUDCAD1'
0	08:42:38.120	HistoryCenter: 2 bars imported in 'AUDCAD1'
0	08:42:39.217	HistoryCenter: synchronize 'AUDCAD1'
0	08:42:39.969	HistoryCenter: 2 bars imported in 'AUDCAD1'
0	08:42:41.029	HistoryCenter: synchronize 'AUDCAD1'
0	08:42:41.789	HistoryCenter: 2 bars imported in 'AUDCAD1'
0	08:42:42.330	HistoryCenter: synchronize 'AUDCAD1'
0	08:42:43.068	HistoryCenter: 2 bars imported in 'AUDCAD1'
0	08:42:44.129	HistoryCenter: synchronize 'AUDCAD1'
0	08:42:44.839	HistoryCenter: 2 bars imported in 'AUDCAD1'
0	08:43:35.451	HistoryCenter: synchronize 'USDJPY1'
0	08:43:36.190	HistoryCenter: 2 bars imported in 'USDJPY1'
0	08:43:36.734	HistoryCenter: synchronize 'USDJPY1'
0	08:43:37.473	HistoryCenter: 2 bars imported in 'USDJPY1'
0	08:43:38.548	HistoryCenter: synchronize 'USDJPY1'
0	08:43:39.268	HistoryCenter: 2 bars imported in 'USDJPY1'
0	08:43:39.796	HistoryCenter: synchronize 'USDJPY1'
0	08:43:40.524	HistoryCenter: 2 bars imported in 'USDJPY1'
0	08:43:41.595	HistoryCenter: synchronize 'USDJPY1'
0	08:43:42.343	HistoryCenter: 2 bars imported in 'USDJPY1'
0	08:43:43.402	HistoryCenter: synchronize 'USDJPY1'
0	08:43:44.157	HistoryCenter: 2 bars imported in 'USDJPY1'
0	08:43:44.684	HistoryCenter: synchronize 'USDJPY1'
0	08:43:45.442	HistoryCenter: 2 bars imported in 'USDJPY1'
0	08:43:46.527	HistoryCenter: synchronize 'USDJPY1'
0	08:43:47.293	HistoryCenter: 2 bars imported in 'USDJPY1'
0	08:43:47.835	HistoryCenter: synchronize 'USDJPY1'
0	08:43:48.566	HistoryCenter: 2 bars imported in 'USDJPY1'
0	08:43:49.642	HistoryCenter: synchronize 'USDJPY1'
0	08:43:50.414	HistoryCenter: 2 bars imported in 'USDJPY1'
0	08:43:51.495	HistoryCenter: synchronize 'USDJPY1'
0	08:43:52.250	HistoryCenter: 2 bars imported in 'USDJPY1'
0	08:43:59.215	HistoryCenter: synchronize 'AUDUSD1'
0	08:43:59.993	HistoryCenter: 2 bars imported in 'AUDUSD1'
0	08:44:00.532	HistoryCenter: synchronize 'AUDUSD1'
0	08:44:01.278	HistoryCenter: 2 bars imported in 'AUDUSD1'
0	08:44:01.813	HistoryCenter: synchronize 'AUDUSD1'
0	08:44:02.557	HistoryCenter: 2 bars imported in 'AUDUSD1'
0	08:44:03.101	HistoryCenter: synchronize 'AUDUSD1'
0	08:44:03.856	HistoryCenter: 2 bars imported in 'AUDUSD1'
0	08:44:27.051	HistoryCenter: synchronize 'EURUSD1'
0	08:44:27.810	HistoryCenter: 2 bars imported in 'EURUSD1'
0	08:44:28.346	HistoryCenter: synchronize 'EURUSD1'
0	08:44:29.097	HistoryCenter: 2 bars imported in 'EURUSD1'
0	08:44:30.193	HistoryCenter: synchronize 'EURUSD1'
0	08:44:30.928	HistoryCenter: 2 bars imported in 'EURUSD1'
0	08:44:31.455	HistoryCenter: synchronize 'EURUSD1'
0	08:44:32.212	HistoryCenter: 2 bars imported in 'EURUSD1'
0	08:44:33.269	HistoryCenter: synchronize 'EURUSD1'
0	08:44:34.052	HistoryCenter: 2 bars imported in 'EURUSD1'
0	08:44:35.110	HistoryCenter: synchronize 'EURUSD1'
0	08:44:35.851	HistoryCenter: 2 bars imported in 'EURUSD1'
0	08:44:36.401	HistoryCenter: synchronize 'EURUSD1'
0	08:44:37.166	HistoryCenter: 2 bars imported in 'EURUSD1'
0	08:44:38.234	HistoryCenter: synchronize 'EURUSD1'
0	08:44:39.016	HistoryCenter: 2 bars imported in 'EURUSD1'
0	08:44:40.085	HistoryCenter: synchronize 'EURUSD1'
0	08:44:40.856	HistoryCenter: 2 bars imported in 'EURUSD1'
0	08:44:41.406	HistoryCenter: synchronize 'EURUSD1'
0	08:44:42.145	HistoryCenter: 2 bars imported in 'EURUSD1'
0	08:44:43.174	HistoryCenter: synchronize 'EURUSD1'
0	08:44:43.964	HistoryCenter: 2 bars imported in 'EURUSD1'
0	08:45:07.980	HistoryCenter: synchronize 'AUDCAD1'
0	08:45:08.729	HistoryCenter: 2 bars imported in 'AUDCAD1'
0	08:45:09.254	HistoryCenter: synchronize 'AUDCAD1'
0	08:45:09.990	HistoryCenter: 2 bars imported in 'AUDCAD1'
0	08:45:11.071	HistoryCenter: synchronize 'AUDCAD1'
0	08:45:11.839	HistoryCenter: 2 bars imported in 'AUDCAD1'
0	08:45:12.370	HistoryCenter: synchronize 'AUDCAD1'
0	08:45:13.109	HistoryCenter: 2 bars imported in 'AUDCAD1'
0	08:45:14.175	HistoryCenter: synchronize 'AUDCAD1'
0	08:45:14.908	HistoryCenter: 2 bars imported in 'AUDCAD1'
0	08:45:15.987	HistoryCenter: synchronize 'AUDCAD1'
0	08:45:16.729	HistoryCenter: 2 bars imported in 'AUDCAD1'
0	08:45:17.267	HistoryCenter: synchronize 'AUDCAD1'
0	08:45:18.021	HistoryCenter: 2 bars imported in 'AUDCAD1'
0	08:45:19.069	HistoryCenter: synchronize 'AUDCAD1'
0	08:45:19.828	HistoryCenter: 2 bars imported in 'AUDCAD1'
0	08:45:20.392	HistoryCenter: synchronize 'AUDCAD1'
0	08:45:21.130	HistoryCenter: 2 bars imported in 'AUDCAD1'
0	08:45:22.180	HistoryCenter: synchronize 'AUDCAD1'
0	08:45:22.944	HistoryCenter: 2 bars imported in 'AUDCAD1'
0	08:45:24.036	HistoryCenter: synchronize 'AUDCAD1'
0	08:45:24.768	HistoryCenter: 2 bars imported in 'AUDCAD1'
0	08:45:25.294	HistoryCenter: synchronize 'AUDCAD1'
0	08:45:26.063	HistoryCenter: 2 bars imported in 'AUDCAD1'
2	08:45:37.604	Custom indicator fadedbckgrnd2__1 AUDCAD,M1: removed
2	08:45:37.604	Custom indicator FixedChartScale AUDCAD,M1: removed
2	08:45:37.612	Custom indicator iclock_mod1 AUDCAD,M1: removed
2	08:45:37.620	Custom indicator Price Pro Value Chart Profissional - PT-BR AUDCAD,M1: removed
2	08:45:37.628	Custom indicator fadedbckgrnd2__1 AUDCAD,M1: loaded successfully
2	08:45:37.636	Custom indicator FixedChartScale AUDCAD,M1: loaded successfully
2	08:45:37.644	Custom indicator iclock_mod1 AUDCAD,M1: loaded successfully
2	08:45:37.740	Custom indicator Price Pro Value Chart Profissional - PT-BR AUDCAD,M1: loaded successfully
0	08:45:39.432	HistoryCenter: synchronize 'AUDCAD1'
0	08:45:40.191	HistoryCenter: 2 bars imported in 'AUDCAD1'
0	08:45:40.721	HistoryCenter: synchronize 'AUDCAD1'
0	08:45:41.471	HistoryCenter: 2 bars imported in 'AUDCAD1'
0	08:45:42.541	HistoryCenter: synchronize 'AUDCAD1'
0	08:45:43.287	HistoryCenter: 2 bars imported in 'AUDCAD1'
0	08:45:44.366	HistoryCenter: synchronize 'AUDCAD1'
0	08:45:45.112	HistoryCenter: 2 bars imported in 'AUDCAD1'
0	08:45:46.174	HistoryCenter: synchronize 'AUDCAD1'
0	08:45:46.921	HistoryCenter: 2 bars imported in 'AUDCAD1'
0	08:45:47.461	HistoryCenter: synchronize 'AUDCAD1'
0	08:45:48.199	HistoryCenter: 2 bars imported in 'AUDCAD1'
0	08:45:49.258	HistoryCenter: synchronize 'AUDCAD1'
0	08:45:50.008	HistoryCenter: 2 bars imported in 'AUDCAD1'
0	08:45:51.089	HistoryCenter: synchronize 'AUDCAD1'
0	08:45:51.842	HistoryCenter: 2 bars imported in 'AUDCAD1'
0	08:45:52.374	HistoryCenter: synchronize 'AUDCAD1'
0	08:45:53.158	HistoryCenter: 2 bars imported in 'AUDCAD1'
0	08:45:54.213	HistoryCenter: synchronize 'AUDCAD1'
0	08:45:54.977	HistoryCenter: 2 bars imported in 'AUDCAD1'
0	08:45:55.516	HistoryCenter: synchronize 'AUDCAD1'
0	08:45:56.285	HistoryCenter: 2 bars imported in 'AUDCAD1'
0	08:59:59.995	HistoryCenter: synchronize 'EURJPY1'
0	09:00:00.760	HistoryCenter: 2 bars imported in 'EURJPY1'
0	09:00:02.383	HistoryCenter: synchronize 'GBPUSD1'
0	09:00:03.134	HistoryCenter: 2 bars imported in 'GBPUSD1'
0	09:00:04.211	HistoryCenter: synchronize 'AUDCAD1'
0	09:00:04.947	HistoryCenter: 2 bars imported in 'AUDCAD1'
0	09:00:05.486	HistoryCenter: synchronize 'AUDCAD1'
0	09:00:06.273	HistoryCenter: 2 bars imported in 'AUDCAD1'
0	09:00:06.273	HistoryCenter: synchronize 'EURJPY1'
0	09:00:07.042	HistoryCenter: 2 bars imported in 'EURJPY1'
0	09:00:07.042	HistoryCenter: synchronize 'AUDCAD1'
0	09:00:07.773	HistoryCenter: 2 bars imported in 'AUDCAD1'
0	09:00:07.773	HistoryCenter: synchronize 'GBPUSD1'
0	09:00:08.552	HistoryCenter: 2 bars imported in 'GBPUSD1'
0	09:00:09.106	HistoryCenter: synchronize 'AUDCAD1'
0	09:00:09.826	HistoryCenter: 2 bars imported in 'AUDCAD1'
0	09:00:10.894	HistoryCenter: synchronize 'AUDCAD1'
0	09:00:11.634	HistoryCenter: 2 bars imported in 'AUDCAD1'
0	09:00:12.186	HistoryCenter: synchronize 'AUDCAD1'
0	09:00:12.942	HistoryCenter: 2 bars imported in 'AUDCAD1'
0	09:00:58.280	HistoryCenter: synchronize 'AUDJPY1'
0	09:00:59.029	HistoryCenter: 2 bars imported in 'AUDJPY1'
0	09:00:59.582	HistoryCenter: synchronize 'AUDJPY1'
0	09:01:00.302	HistoryCenter: 2 bars imported in 'AUDJPY1'
0	09:01:01.363	HistoryCenter: synchronize 'AUDJPY1'
0	09:01:02.102	HistoryCenter: 2 bars imported in 'AUDJPY1'
0	09:01:02.640	HistoryCenter: synchronize 'AUDJPY1'
0	09:01:03.396	HistoryCenter: 2 bars imported in 'AUDJPY1'
0	09:01:04.470	HistoryCenter: synchronize 'AUDJPY1'
0	09:01:05.196	HistoryCenter: 2 bars imported in 'AUDJPY1'
0	09:59:59.959	HistoryCenter: synchronize 'AUDCAD1'
0	10:00:01.589	HistoryCenter: 2 bars imported in 'AUDCAD1'
0	10:00:02.676	HistoryCenter: synchronize 'AUDJPY1'
0	10:00:03.841	HistoryCenter: 2 bars imported in 'AUDJPY1'
0	10:00:04.359	HistoryCenter: synchronize 'GBPUSD1'
0	10:00:05.195	HistoryCenter: 2 bars imported in 'GBPUSD1'
0	10:00:05.740	HistoryCenter: synchronize 'AUDCAD1'
0	10:00:07.252	HistoryCenter: 2 bars imported in 'AUDCAD1'
0	10:00:07.252	HistoryCenter: synchronize 'AUDJPY1'
0	10:00:08.014	HistoryCenter: 2 bars imported in 'AUDJPY1'
0	10:00:08.014	HistoryCenter: synchronize 'GBPUSD1'
0	10:00:08.798	HistoryCenter: 2 bars imported in 'GBPUSD1'
0	10:00:08.798	HistoryCenter: synchronize 'AUDCAD1'
0	10:00:09.998	HistoryCenter: 2 bars imported in 'AUDCAD1'
0	10:00:09.998	HistoryCenter: synchronize 'AUDJPY1'
0	10:00:12.243	HistoryCenter: 2 bars imported in 'AUDJPY1'
0	10:00:12.769	HistoryCenter: synchronize 'AUDCAD1'
0	10:00:13.720	HistoryCenter: 2 bars imported in 'AUDCAD1'
0	10:00:13.720	HistoryCenter: synchronize 'AUDJPY1'
0	10:00:14.447	HistoryCenter: 2 bars imported in 'AUDJPY1'
0	10:00:14.447	HistoryCenter: synchronize 'AUDCAD1'
0	10:00:15.386	HistoryCenter: 2 bars imported in 'AUDCAD1'
0	10:59:57.641	HistoryCenter: synchronize 'EURUSD1'
1	11:00:01.903	HistoryCenter: '15069840' cannot login to: Alpari-Demo
0	11:00:07.254	HistoryCenter: synchronize 'EURUSD1'
1	11:00:11.774	HistoryCenter: '15069840' cannot login to: Alpari-Demo
0	11:00:17.118	HistoryCenter: synchronize 'EURUSD1'
0	11:00:24.093	HistoryCenter: 2 bars imported in 'EURUSD1'
0	11:00:26.226	HistoryCenter: synchronize 'EURUSD1'
1	11:00:32.341	HistoryCenter: '15069840' cannot login to: Alpari-Demo
0	11:00:37.612	HistoryCenter: synchronize 'EURUSD1'
1	11:00:42.175	HistoryCenter: '15069840' cannot login to: Alpari-Demo
0	11:00:47.516	HistoryCenter: synchronize 'GBPUSD1'
2	11:00:49.377	Custom indicator fadedbckgrnd2__1 GBPUSD,M1: removed
2	11:00:49.378	Custom indicator FixedChartScale GBPUSD,M1: removed
2	11:00:49.380	Custom indicator iclock_mod1 GBPUSD,M1: removed
2	11:00:49.395	Custom indicator Price Pro Value Chart Profissional - PT-BR GBPUSD,M1: removed
2	11:00:49.401	Custom indicator fadedbckgrnd2__1 EURUSD,M1: removed
2	11:00:49.403	Custom indicator FixedChartScale EURUSD,M1: removed
2	11:00:49.404	Custom indicator iclock_mod1 EURUSD,M1: removed
2	11:00:49.415	Custom indicator Price Pro Value Chart Profissional - PT-BR EURUSD,M1: removed
2	11:00:49.421	Custom indicator fadedbckgrnd2__1 AUDCAD,M1: removed
2	11:00:49.421	Custom indicator FixedChartScale AUDCAD,M1: removed
2	11:00:49.421	Custom indicator iclock_mod1 AUDCAD,M1: removed
2	11:00:49.437	Custom indicator Price Pro Value Chart Profissional - PT-BR AUDCAD,M1: removed
1	11:00:49.600	HistoryCenter: '15069840' cannot login to: Alpari-Demo
0	11:00:49.648	Alpari MT4 build 1359 stopped
0	11:00:54.221	Alpari MT4 build 1359 started (Alpari International)
0	11:00:54.221	Windows 10 Pro x64, IE 11, UAC, 8 x Intel Core i7-7700HQ  @ 2.80GHz, Memory: 12190 / 16267 Mb, Disk: 387 / 476 Gb, GMT-3
0	11:00:54.221	Data Folder: C:\Users\Administrator\AppData\Roaming\MetaQuotes\Terminal\287469DEA9630EA94D0715D755974F1B
2	11:00:55.302	Custom indicator fadedbckgrnd2__1 GBPUSD,M1: loaded successfully
2	11:00:55.310	Custom indicator FixedChartScale GBPUSD,M1: loaded successfully
2	11:00:55.318	Custom indicator iclock_mod1 GBPUSD,M1: loaded successfully
2	11:00:55.430	Custom indicator Price Pro Value Chart Profissional - PT-BR GBPUSD,M1: loaded successfully
2	11:00:55.621	Custom indicator Price Pro Value Chart Profissional - PT-BR GBPUSD,M1: removed
2	11:00:55.640	Custom indicator fadedbckgrnd2__1 EURUSD,M1: loaded successfully
2	11:00:55.648	Custom indicator FixedChartScale EURUSD,M1: loaded successfully
2	11:00:55.656	Custom indicator iclock_mod1 EURUSD,M1: loaded successfully
2	11:00:55.752	Custom indicator Price Pro Value Chart Profissional - PT-BR EURUSD,M1: loaded successfully
2	11:00:55.928	Custom indicator Price Pro Value Chart Profissional - PT-BR EURUSD,M1: removed
2	11:00:55.962	Custom indicator fadedbckgrnd2__1 AUDCAD,M1: loaded successfully
2	11:00:55.970	Custom indicator FixedChartScale AUDCAD,M1: loaded successfully
2	11:00:55.978	Custom indicator iclock_mod1 AUDCAD,M1: loaded successfully
2	11:00:56.066	Custom indicator Price Pro Value Chart Profissional - PT-BR AUDCAD,M1: loaded successfully
2	11:00:56.251	Custom indicator Price Pro Value Chart Profissional - PT-BR AUDCAD,M1: removed
0	11:00:56.456	HistoryCenter: synchronize 'GBPUSD1'
1	11:01:01.180	HistoryCenter: '15069840' cannot login to: Alpari-Demo
1	11:01:01.252	'15069840': connect failed [Sem conexão]
0	11:01:06.490	HistoryCenter: synchronize 'EURUSD1'
1	11:01:11.347	HistoryCenter: '15069840' cannot login to: Alpari-Demo
2	11:01:14.725	Custom indicator fadedbckgrnd2__1 GBPUSD,M1: removed
2	11:01:14.732	Custom indicator FixedChartScale GBPUSD,M1: removed
2	11:01:14.732	Custom indicator iclock_mod1 GBPUSD,M1: removed
2	11:01:14.740	Custom indicator fadedbckgrnd2__1 GBPUSD,M1: loaded successfully
2	11:01:14.748	Custom indicator FixedChartScale GBPUSD,M1: loaded successfully
2	11:01:14.756	Custom indicator iclock_mod1 GBPUSD,M1: loaded successfully
2	11:01:14.852	Custom indicator Price Pro Value Chart Profissional - PT-BR GBPUSD,M1: loaded successfully
2	11:01:15.036	Custom indicator Price Pro Value Chart Profissional - PT-BR GBPUSD,M1: removed
0	11:01:16.645	HistoryCenter: synchronize 'GBPUSD1'
1	11:01:20.135	HistoryCenter: '15069840' cannot login to: Alpari-Demo
0	11:01:25.264	'15069840': login on Alpari-Demo through Demo.Europe.4 (ping: 249.78 ms)
0	11:01:26.111	HistoryCenter: synchronize 'AUDCAD1'
1	11:01:33.546	HistoryCenter: '15069840' cannot login to: Alpari-Demo
0	11:01:38.934	HistoryCenter: synchronize 'EURUSD1'
2	11:01:41.316	Custom indicator fadedbckgrnd2__1 GBPUSD,M1: removed
2	11:01:41.316	Custom indicator FixedChartScale GBPUSD,M1: removed
2	11:01:41.324	Custom indicator iclock_mod1 GBPUSD,M1: removed
2	11:01:41.332	Custom indicator fadedbckgrnd2__1 GBPUSD,M1: loaded successfully
2	11:01:41.340	Custom indicator FixedChartScale GBPUSD,M1: loaded successfully
2	11:01:41.348	Custom indicator iclock_mod1 GBPUSD,M1: loaded successfully
2	11:01:41.452	Custom indicator Price Pro Value Chart Profissional - PT-BR GBPUSD,M1: loaded successfully
2	11:01:41.645	Custom indicator Price Pro Value Chart Profissional - PT-BR GBPUSD,M1: removed
1	11:01:48.229	HistoryCenter: '15069840' cannot login to: Alpari-Demo
0	11:01:53.502	HistoryCenter: synchronize 'GBPUSD1'
2	11:01:53.551	Custom indicator fadedbckgrnd2__1 GBPUSD,M1: removed
2	11:01:53.559	Custom indicator FixedChartScale GBPUSD,M1: removed
2	11:01:53.559	Custom indicator iclock_mod1 GBPUSD,M1: removed
2	11:01:53.567	Custom indicator fadedbckgrnd2__1 GBPUSD,M1: loaded successfully
2	11:01:53.575	Custom indicator FixedChartScale GBPUSD,M1: loaded successfully
2	11:01:53.583	Custom indicator iclock_mod1 GBPUSD,M1: loaded successfully
2	11:01:53.679	Custom indicator Price Pro Value Chart Profissional - PT-BR GBPUSD,M1: loaded successfully
2	11:01:53.859	Custom indicator Price Pro Value Chart Profissional - PT-BR GBPUSD,M1: removed
1	11:01:56.943	HistoryCenter: '15069840' cannot login to: Alpari-Demo
0	11:01:59.934	'15069840': login datacenter on Alpari-Demo through Demo.Europe.4 (ping: 249.78 ms)
0	11:02:02.836	HistoryCenter: synchronize 'AUDCAD1'
0	11:02:07.314	'15069840': previous successful authorization performed from 177.13.217.237
1	11:02:08.103	HistoryCenter: '15069840' cannot login to: Alpari-Demo
0	11:02:13.389	HistoryCenter: synchronize 'EURUSD1'
1	11:02:19.977	HistoryCenter: '15069840' cannot login to: Alpari-Demo
0	11:02:25.332	HistoryCenter: synchronize 'GBPUSD1'
1	11:02:31.628	HistoryCenter: '15069840' cannot login to: Alpari-Demo
0	11:02:37.473	HistoryCenter: synchronize 'AUDCAD1'
1	11:02:46.502	HistoryCenter: '15069840' cannot login to: Alpari-Demo
0	11:02:51.866	HistoryCenter: synchronize 'EURUSD1'
1	11:02:57.696	HistoryCenter: '15069840' cannot login to: Alpari-Demo
0	11:03:02.969	HistoryCenter: synchronize 'GBPUSD1'
1	11:03:11.037	HistoryCenter: '15069840' cannot login to: Alpari-Demo
0	11:03:16.914	HistoryCenter: synchronize 'AUDCAD1'
1	11:03:22.778	HistoryCenter: '15069840' cannot login to: Alpari-Demo
0	11:03:28.127	HistoryCenter: synchronize 'EURUSD1'
1	11:03:32.417	HistoryCenter: '15069840' cannot login to: Alpari-Demo
0	11:03:37.748	HistoryCenter: synchronize 'GBPUSD1'
1	11:03:42.889	HistoryCenter: '15069840' cannot login to: Alpari-Demo
0	11:03:48.782	HistoryCenter: synchronize 'AUDCAD1'
1	11:03:55.456	HistoryCenter: '15069840' cannot login to: Alpari-Demo
0	11:03:58.543	'15069840': auto connecting to a better access point Demo.Europe.9:1119 (ping is n/a)
0	11:04:00.825	HistoryCenter: synchronize 'EURUSD1'
1	11:04:07.097	'15069840': connect failed [Sem conexão]
1	11:04:08.263	HistoryCenter: '15069840' cannot login to: Alpari-Demo
0	11:04:13.612	HistoryCenter: synchronize 'GBPUSD1'
1	11:04:17.245	HistoryCenter: '15069840' cannot login to: Alpari-Demo
0	11:04:23.103	HistoryCenter: synchronize 'AUDCAD1'
1	11:04:29.706	HistoryCenter: '15069840' cannot login to: Alpari-Demo
0	11:04:35.057	HistoryCenter: synchronize 'EURUSD1'
1	11:04:41.085	HistoryCenter: '15069840' cannot login to: Alpari-Demo
0	11:04:46.481	HistoryCenter: synchronize 'GBPUSD1'
1	11:04:53.052	HistoryCenter: '15069840' cannot login to: Alpari-Demo
0	11:04:58.890	HistoryCenter: synchronize 'AUDCAD1'
1	11:05:05.052	HistoryCenter: '15069840' cannot login to: Alpari-Demo
0	11:05:10.412	HistoryCenter: synchronize 'EURUSD1'
1	11:05:16.341	HistoryCenter: '15069840' cannot login to: Alpari-Demo
0	11:05:21.665	HistoryCenter: synchronize 'GBPUSD1'
1	11:05:27.621	HistoryCenter: '15069840' cannot login to: Alpari-Demo
0	11:05:33.489	HistoryCenter: synchronize 'AUDCAD1'
1	11:05:42.097	HistoryCenter: '15069840' cannot login to: Alpari-Demo
0	11:05:47.458	HistoryCenter: synchronize 'EURUSD1'
1	11:05:53.303	HistoryCenter: '15069840' cannot login to: Alpari-Demo
0	11:05:58.664	HistoryCenter: synchronize 'GBPUSD1'
1	11:06:04.175	HistoryCenter: '15069840' cannot login to: Alpari-Demo
0	11:06:10.041	HistoryCenter: synchronize 'AUDCAD1'
1	11:06:17.531	HistoryCenter: '15069840' cannot login to: Alpari-Demo
0	11:06:22.912	HistoryCenter: synchronize 'EURUSD1'
1	11:06:27.261	HistoryCenter: '15069840' cannot login to: Alpari-Demo
0	11:06:32.637	HistoryCenter: synchronize 'GBPUSD1'
1	11:06:37.940	HistoryCenter: '15069840' cannot login to: Alpari-Demo
0	11:06:43.803	HistoryCenter: synchronize 'AUDCAD1'
1	11:06:50.207	HistoryCenter: '15069840' cannot login to: Alpari-Demo
0	11:06:55.588	HistoryCenter: synchronize 'EURUSD1'
0	11:06:58.377	Automated trading disabled
3	11:06:58.377	Automated trading disabled because the account has been changed
0	11:07:06.390	'15069840': login on Alpari-Demo through Demo.Europe.11:1119 (ping: n/a)
2	11:07:30.831	Custom indicator fadedbckgrnd2__1 GBPUSD,M1: removed
2	11:07:30.839	Custom indicator FixedChartScale GBPUSD,M1: removed
2	11:07:30.839	Custom indicator iclock_mod1 GBPUSD,M1: removed
2	11:07:30.847	Custom indicator fadedbckgrnd2__1 GBPUSD,M1: loaded successfully
2	11:07:30.855	Custom indicator FixedChartScale GBPUSD,M1: loaded successfully
2	11:07:30.863	Custom indicator iclock_mod1 GBPUSD,M1: loaded successfully
2	11:07:30.959	Custom indicator Price Pro Value Chart Profissional - PT-BR GBPUSD,M1: loaded successfully
1	11:07:40.409	'15069840': datacenter connecting failed [6]
0	11:07:45.084	'15069840': previous successful authorization performed from 177.13.217.237
2	11:08:13.890	Custom indicator Price Pro Value Chart Profissional - PT-BR GBPUSD,M1: removed
0	11:08:13.909	HistoryCenter: synchronize 'AUDCAD1'
1	11:08:23.067	HistoryCenter: '15069840' cannot login to: Alpari-Demo
0	11:08:28.388	HistoryCenter: synchronize 'EURUSD1'
1	11:08:36.811	HistoryCenter: '15069840' cannot login to: Alpari-Demo
0	11:08:42.163	HistoryCenter: synchronize 'GBPUSD1'
0	11:08:51.376	HistoryCenter: 2 bars imported in 'GBPUSD1'
0	11:08:51.918	HistoryCenter: synchronize 'AUDCAD1'
0	11:09:04.282	'15069840': login datacenter on Alpari-Demo through Demo.Europe.11:1119 (ping: n/a)
0	11:09:09.851	HistoryCenter: 2 bars imported in 'AUDCAD1'
0	11:09:09.851	HistoryCenter: synchronize 'EURUSD1'
0	11:09:20.269	HistoryCenter: 2 bars imported in 'EURUSD1'
0	11:09:53.807	'15069840': ping to current access point Demo.Europe.11:1119 is 1273.84 ms
0	11:14:24.289	'15069840': login on Alpari-Demo through Demo.Europe.11:1119 (ping: 1273.84 ms)
0	11:14:27.367	'15069840': login datacenter on Alpari-Demo through Demo.Europe.11:1119 (ping: 1273.84 ms)
0	11:14:28.070	'15069840': previous successful authorization performed from 177.13.217.237
2	11:18:31.058	Custom indicator fadedbckgrnd2__1 GBPUSD,M1: removed
2	11:18:31.058	Custom indicator FixedChartScale GBPUSD,M1: removed
2	11:18:31.058	Custom indicator iclock_mod1 GBPUSD,M1: removed
2	11:18:32.390	Custom indicator fadedbckgrnd2__1 EURUSD,M1: removed
2	11:18:32.390	Custom indicator FixedChartScale EURUSD,M1: removed
2	11:18:32.398	Custom indicator iclock_mod1 EURUSD,M1: removed
2	11:18:37.867	Custom indicator fadedbckgrnd2__1 AUDCAD,M1: removed
2	11:18:37.867	Custom indicator FixedChartScale AUDCAD,M1: removed
2	11:18:37.875	Custom indicator iclock_mod1 AUDCAD,M1: removed
2	11:19:56.059	Custom indicator fadedbckgrnd2__1 GBPUSD,M1: loaded successfully
2	11:19:56.067	Custom indicator FixedChartScale GBPUSD,M1: loaded successfully
2	11:19:56.075	Custom indicator iclock_mod1 GBPUSD,M1: loaded successfully
2	11:19:56.171	Custom indicator Price Pro Value Chart Profissional - PT-BR GBPUSD,M1: loaded successfully
0	11:19:59.201	HistoryCenter: synchronize 'GBPUSD1'
0	11:20:01.146	HistoryCenter: 2 bars imported in 'GBPUSD1'
0	11:20:03.286	HistoryCenter: synchronize 'GBPUSD1'
0	11:20:05.662	HistoryCenter: 2 bars imported in 'GBPUSD1'
0	11:20:06.763	HistoryCenter: synchronize 'GBPUSD1'
0	11:20:09.016	HistoryCenter: 2 bars imported in 'GBPUSD1'
0	11:20:09.567	HistoryCenter: synchronize 'GBPUSD1'
0	11:20:12.142	HistoryCenter: 2 bars imported in 'GBPUSD1'
0	11:22:42.684	HistoryCenter: synchronize 'GBPUSD1'
0	11:22:43.499	HistoryCenter: 2 bars imported in 'GBPUSD1'
0	11:22:45.161	HistoryCenter: synchronize 'GBPUSD1'
0	11:22:45.937	HistoryCenter: 2 bars imported in 'GBPUSD1'
0	11:22:47.031	HistoryCenter: synchronize 'GBPUSD1'
0	11:22:47.821	HistoryCenter: 2 bars imported in 'GBPUSD1'
0	11:22:48.928	HistoryCenter: synchronize 'GBPUSD1'
0	11:22:50.283	HistoryCenter: 2 bars imported in 'GBPUSD1'
0	11:22:51.374	HistoryCenter: synchronize 'GBPUSD1'
0	11:22:52.176	HistoryCenter: 2 bars imported in 'GBPUSD1'
2	11:22:58.003	Custom indicator fadedbckgrnd2__1 USDCHF,M1: loaded successfully
2	11:22:58.011	Custom indicator FixedChartScale USDCHF,M1: loaded successfully
2	11:22:58.020	Custom indicator iclock_mod1 USDCHF,M1: loaded successfully
2	11:22:58.122	Custom indicator Price Pro Value Chart Profissional - PT-BR USDCHF,M1: loaded successfully
0	11:23:03.808	HistoryCenter: synchronize 'USDCHF1'
0	11:23:06.338	HistoryCenter: 20769 bars imported in 'USDCHF1'
0	11:23:06.881	HistoryCenter: synchronize 'USDCHF1'
2	11:23:07.532	Custom indicator fadedbckgrnd2__1 EURUSD,M1: loaded successfully
2	11:23:07.540	Custom indicator FixedChartScale EURUSD,M1: loaded successfully
2	11:23:07.549	Custom indicator iclock_mod1 EURUSD,M1: loaded successfully
2	11:23:07.655	Custom indicator Price Pro Value Chart Profissional - PT-BR EURUSD,M1: loaded successfully
0	11:23:07.676	HistoryCenter: 2 bars imported in 'USDCHF1'
0	11:23:09.335	HistoryCenter: synchronize 'EURUSD1'
0	11:23:10.144	HistoryCenter: 2 bars imported in 'EURUSD1'
0	11:23:10.144	HistoryCenter: synchronize 'USDCHF1'
0	11:23:10.944	HistoryCenter: 2 bars imported in 'USDCHF1'
0	11:23:10.944	HistoryCenter: synchronize 'EURUSD1'
0	11:23:11.739	HistoryCenter: 2 bars imported in 'EURUSD1'
0	11:23:11.739	HistoryCenter: synchronize 'USDCHF1'
0	11:23:12.541	HistoryCenter: 2 bars imported in 'USDCHF1'
0	11:23:12.541	HistoryCenter: synchronize 'EURUSD1'
0	11:23:13.354	HistoryCenter: 2 bars imported in 'EURUSD1'
0	11:23:13.354	HistoryCenter: synchronize 'USDCHF1'
0	11:23:14.160	HistoryCenter: 2 bars imported in 'USDCHF1'
0	11:23:14.160	HistoryCenter: synchronize 'EURUSD1'
0	11:23:14.946	HistoryCenter: 2 bars imported in 'EURUSD1'
0	11:23:14.946	HistoryCenter: synchronize 'USDCHF1'
0	11:23:15.724	HistoryCenter: 2 bars imported in 'USDCHF1'
0	11:23:16.273	HistoryCenter: synchronize 'EURUSD1'
0	11:23:17.074	HistoryCenter: 2 bars imported in 'EURUSD1'
0	11:23:17.074	HistoryCenter: synchronize 'USDCHF1'
0	11:23:17.889	HistoryCenter: 2 bars imported in 'USDCHF1'
0	11:23:18.431	HistoryCenter: synchronize 'EURUSD1'
0	11:23:19.231	HistoryCenter: 2 bars imported in 'EURUSD1'
0	11:23:20.333	HistoryCenter: synchronize 'EURUSD1'
0	11:23:21.136	HistoryCenter: 2 bars imported in 'EURUSD1'
2	11:23:22.237	Custom indicator fadedbckgrnd2__1 USDJPY,M1: loaded successfully
2	11:23:22.247	Custom indicator FixedChartScale USDJPY,M1: loaded successfully
2	11:23:22.256	Custom indicator iclock_mod1 USDJPY,M1: loaded successfully
2	11:23:22.360	Custom indicator Price Pro Value Chart Profissional - PT-BR USDJPY,M1: loaded successfully
0	11:23:23.905	HistoryCenter: synchronize 'USDJPY1'
0	11:23:24.732	HistoryCenter: 2 bars imported in 'USDJPY1'
0	11:23:25.291	HistoryCenter: synchronize 'USDJPY1'
0	11:23:26.087	HistoryCenter: 2 bars imported in 'USDJPY1'
0	11:23:26.633	HistoryCenter: synchronize 'USDJPY1'
0	11:23:27.440	HistoryCenter: 2 bars imported in 'USDJPY1'
2	11:23:27.906	Custom indicator fadedbckgrnd2__1 EURGBP,M1: loaded successfully
2	11:23:27.915	Custom indicator FixedChartScale EURGBP,M1: loaded successfully
2	11:23:27.924	Custom indicator iclock_mod1 EURGBP,M1: loaded successfully
0	11:23:27.994	HistoryCenter: synchronize 'USDJPY1'
2	11:23:28.028	Custom indicator Price Pro Value Chart Profissional - PT-BR EURGBP,M1: loaded successfully
0	11:23:28.802	HistoryCenter: 2 bars imported in 'USDJPY1'
0	11:23:29.915	HistoryCenter: synchronize 'EURGBP1'
0	11:23:30.736	HistoryCenter: 2 bars imported in 'EURGBP1'
0	11:23:30.736	HistoryCenter: synchronize 'USDJPY1'
0	11:23:31.515	HistoryCenter: 2 bars imported in 'USDJPY1'
0	11:23:31.515	HistoryCenter: synchronize 'EURGBP1'
0	11:23:32.314	HistoryCenter: 2 bars imported in 'EURGBP1'
0	11:23:32.315	HistoryCenter: synchronize 'USDJPY1'
0	11:23:33.134	HistoryCenter: 2 bars imported in 'USDJPY1'
0	11:23:33.684	HistoryCenter: synchronize 'EURGBP1'
0	11:23:34.483	HistoryCenter: 2 bars imported in 'EURGBP1'
0	11:23:34.483	HistoryCenter: synchronize 'USDJPY1'
0	11:23:35.285	HistoryCenter: 2 bars imported in 'USDJPY1'
0	11:23:35.285	HistoryCenter: synchronize 'EURGBP1'
0	11:23:36.089	HistoryCenter: 2 bars imported in 'EURGBP1'
0	11:23:36.089	HistoryCenter: synchronize 'USDJPY1'
0	11:23:36.886	HistoryCenter: 2 bars imported in 'USDJPY1'
0	11:23:36.886	HistoryCenter: synchronize 'EURGBP1'
0	11:23:37.670	HistoryCenter: 2 bars imported in 'EURGBP1'
0	11:23:37.670	HistoryCenter: synchronize 'USDJPY1'
0	11:23:38.479	HistoryCenter: 2 bars imported in 'USDJPY1'
0	11:23:38.479	HistoryCenter: synchronize 'EURGBP1'
0	11:23:39.265	HistoryCenter: 2 bars imported in 'EURGBP1'
0	11:23:39.265	HistoryCenter: synchronize 'USDJPY1'
0	11:23:40.112	HistoryCenter: 2 bars imported in 'USDJPY1'
0	11:23:40.661	HistoryCenter: synchronize 'USDJPY1'
0	11:23:41.444	HistoryCenter: 2 bars imported in 'USDJPY1'
0	11:23:41.983	HistoryCenter: synchronize 'USDJPY1'
2	11:23:42.514	Custom indicator fadedbckgrnd2__1 EURJPY,M1: loaded successfully
2	11:23:42.523	Custom indicator FixedChartScale EURJPY,M1: loaded successfully
2	11:23:42.532	Custom indicator iclock_mod1 EURJPY,M1: loaded successfully
2	11:23:42.636	Custom indicator Price Pro Value Chart Profissional - PT-BR EURJPY,M1: loaded successfully
0	11:23:42.779	HistoryCenter: 2 bars imported in 'USDJPY1'
0	11:23:44.444	HistoryCenter: synchronize 'EURJPY1'
0	11:23:45.279	HistoryCenter: 2 bars imported in 'EURJPY1'
0	11:23:45.279	HistoryCenter: synchronize 'USDJPY1'
0	11:23:46.076	HistoryCenter: 2 bars imported in 'USDJPY1'
0	11:23:46.076	HistoryCenter: synchronize 'EURJPY1'
0	11:23:46.870	HistoryCenter: 2 bars imported in 'EURJPY1'
0	11:23:47.971	HistoryCenter: synchronize 'EURJPY1'
0	11:23:48.775	HistoryCenter: 2 bars imported in 'EURJPY1'
0	11:23:49.315	HistoryCenter: synchronize 'EURJPY1'
0	11:23:50.138	HistoryCenter: 2 bars imported in 'EURJPY1'
0	11:23:51.235	HistoryCenter: synchronize 'EURJPY1'
0	11:23:52.010	HistoryCenter: 2 bars imported in 'EURJPY1'
0	11:23:53.115	HistoryCenter: synchronize 'EURJPY1'
0	11:23:53.954	HistoryCenter: 2 bars imported in 'EURJPY1'
0	11:23:55.056	HistoryCenter: synchronize 'EURJPY1'
0	11:23:55.862	HistoryCenter: 2 bars imported in 'EURJPY1'
0	11:23:56.403	HistoryCenter: synchronize 'EURJPY1'
0	11:23:57.208	HistoryCenter: 2 bars imported in 'EURJPY1'
2	11:23:57.526	Custom indicator fadedbckgrnd2__1 USDCHF,M1: removed
2	11:23:57.528	Custom indicator FixedChartScale USDCHF,M1: removed
2	11:23:57.529	Custom indicator iclock_mod1 USDCHF,M1: removed
2	11:23:57.543	Custom indicator Price Pro Value Chart Profissional - PT-BR USDCHF,M1: removed
0	11:23:58.295	HistoryCenter: synchronize 'EURJPY1'
0	11:23:59.095	HistoryCenter: 2 bars imported in 'EURJPY1'
2	11:24:49.253	Custom indicator fadedbckgrnd2__1 AUDUSD,M1: loaded successfully
2	11:24:49.262	Custom indicator FixedChartScale AUDUSD,M1: loaded successfully
2	11:24:49.271	Custom indicator iclock_mod1 AUDUSD,M1: loaded successfully
2	11:24:49.380	Custom indicator Price Pro Value Chart Profissional - PT-BR AUDUSD,M1: loaded successfully
0	11:24:50.769	HistoryCenter: synchronize 'AUDUSD1'
0	11:24:51.620	HistoryCenter: 2 bars imported in 'AUDUSD1'
0	11:24:52.163	HistoryCenter: synchronize 'AUDUSD1'
0	11:24:52.930	HistoryCenter: 2 bars imported in 'AUDUSD1'
0	11:24:54.027	HistoryCenter: synchronize 'AUDUSD1'
0	11:24:54.824	HistoryCenter: 2 bars imported in 'AUDUSD1'
0	11:24:55.919	HistoryCenter: synchronize 'AUDUSD1'
2	11:24:56.082	Custom indicator fadedbckgrnd2__1 GBPJPY,M1: loaded successfully
2	11:24:56.091	Custom indicator FixedChartScale GBPJPY,M1: loaded successfully
2	11:24:56.099	Custom indicator iclock_mod1 GBPJPY,M1: loaded successfully
2	11:24:56.201	Custom indicator Price Pro Value Chart Profissional - PT-BR GBPJPY,M1: loaded successfully
0	11:24:56.703	HistoryCenter: 2 bars imported in 'AUDUSD1'
0	11:24:57.801	HistoryCenter: synchronize 'GBPJPY1'
0	11:24:58.789	HistoryCenter: 2 bars imported in 'GBPJPY1'
0	11:24:58.789	HistoryCenter: synchronize 'AUDUSD1'
0	11:24:59.889	HistoryCenter: 2 bars imported in 'AUDUSD1'
0	11:25:00.435	HistoryCenter: synchronize 'GBPJPY1'
0	11:25:01.209	HistoryCenter: 2 bars imported in 'GBPJPY1'
0	11:25:01.209	HistoryCenter: synchronize 'AUDUSD1'
0	11:25:02.019	HistoryCenter: 2 bars imported in 'AUDUSD1'
0	11:25:03.112	HistoryCenter: synchronize 'AUDUSD1'
0	11:25:03.927	HistoryCenter: 2 bars imported in 'AUDUSD1'
2	11:25:04.228	Custom indicator fadedbckgrnd2__1 AUDCAD,M1: loaded successfully
2	11:25:04.236	Custom indicator FixedChartScale AUDCAD,M1: loaded successfully
2	11:25:04.245	Custom indicator iclock_mod1 AUDCAD,M1: loaded successfully
2	11:25:04.346	Custom indicator Price Pro Value Chart Profissional - PT-BR AUDCAD,M1: loaded successfully
0	11:25:06.146	HistoryCenter: synchronize 'AUDCAD1'
0	11:25:07.030	HistoryCenter: 2 bars imported in 'AUDCAD1'
0	11:25:07.030	HistoryCenter: synchronize 'AUDUSD1'
0	11:25:07.853	HistoryCenter: 2 bars imported in 'AUDUSD1'
0	11:25:07.854	HistoryCenter: synchronize 'AUDCAD1'
0	11:25:08.629	HistoryCenter: 2 bars imported in 'AUDCAD1'
0	11:25:08.629	HistoryCenter: synchronize 'AUDUSD1'
0	11:25:09.441	HistoryCenter: 2 bars imported in 'AUDUSD1'
0	11:25:09.986	HistoryCenter: synchronize 'AUDCAD1'
0	11:25:11.103	HistoryCenter: 2 bars imported in 'AUDCAD1'
2	11:25:11.276	Custom indicator fadedbckgrnd2__1 EURCHF,M1: loaded successfully
2	11:25:11.284	Custom indicator FixedChartScale EURCHF,M1: loaded successfully
2	11:25:11.293	Custom indicator iclock_mod1 EURCHF,M1: loaded successfully
2	11:25:11.402	Custom indicator Price Pro Value Chart Profissional - PT-BR EURCHF,M1: loaded successfully
0	11:25:13.317	HistoryCenter: synchronize 'AUDCAD1'
0	11:25:14.117	HistoryCenter: 2 bars imported in 'AUDCAD1'
0	11:25:14.117	HistoryCenter: synchronize 'EURCHF1'
0	11:25:16.342	HistoryCenter: 18882 bars imported in 'EURCHF1'
0	11:25:16.342	HistoryCenter: synchronize 'AUDCAD1'
0	11:25:17.145	HistoryCenter: 2 bars imported in 'AUDCAD1'
0	11:25:17.145	HistoryCenter: synchronize 'EURCHF1'
0	11:25:17.959	HistoryCenter: 2 bars imported in 'EURCHF1'
0	11:25:17.959	HistoryCenter: synchronize 'AUDCAD1'
2	11:25:18.442	Custom indicator fadedbckgrnd2__1 AUDJPY,M1: loaded successfully
2	11:25:18.451	Custom indicator FixedChartScale AUDJPY,M1: loaded successfully
2	11:25:18.461	Custom indicator iclock_mod1 AUDJPY,M1: loaded successfully
2	11:25:18.583	Custom indicator Price Pro Value Chart Profissional - PT-BR AUDJPY,M1: loaded successfully
0	11:25:18.994	HistoryCenter: 2 bars imported in 'AUDCAD1'
0	11:25:20.659	HistoryCenter: synchronize 'AUDJPY1'
0	11:25:22.021	HistoryCenter: 2 bars imported in 'AUDJPY1'
0	11:25:22.021	HistoryCenter: synchronize 'AUDCAD1'
0	11:25:22.800	HistoryCenter: 2 bars imported in 'AUDCAD1'
0	11:25:22.800	HistoryCenter: synchronize 'EURCHF1'
0	11:25:23.592	HistoryCenter: 2 bars imported in 'EURCHF1'
0	11:25:23.592	HistoryCenter: synchronize 'AUDJPY1'
0	11:25:24.394	HistoryCenter: 2 bars imported in 'AUDJPY1'
0	11:25:24.394	HistoryCenter: synchronize 'EURCHF1'
0	11:25:25.215	HistoryCenter: 2 bars imported in 'EURCHF1'
0	11:25:25.215	HistoryCenter: synchronize 'AUDJPY1'
0	11:25:26.021	HistoryCenter: 2 bars imported in 'AUDJPY1'
0	11:25:26.021	HistoryCenter: synchronize 'EURCHF1'
0	11:25:26.841	HistoryCenter: 2 bars imported in 'EURCHF1'
0	11:25:27.952	HistoryCenter: synchronize 'EURCHF1'
0	11:25:28.926	HistoryCenter: 2 bars imported in 'EURCHF1'
0	11:25:30.028	HistoryCenter: synchronize 'EURCHF1'
0	11:25:30.807	HistoryCenter: 2 bars imported in 'EURCHF1'
2	11:25:31.229	Custom indicator fadedbckgrnd2__1 GBPUSD,M1: removed
2	11:25:31.230	Custom indicator FixedChartScale GBPUSD,M1: removed
2	11:25:31.231	Custom indicator iclock_mod1 GBPUSD,M1: removed
2	11:25:31.244	Custom indicator Price Pro Value Chart Profissional - PT-BR GBPUSD,M1: removed
2	11:25:31.252	Custom indicator fadedbckgrnd2__1 GBPUSD,M1: loaded successfully
2	11:25:31.260	Custom indicator FixedChartScale GBPUSD,M1: loaded successfully
2	11:25:31.269	Custom indicator iclock_mod1 GBPUSD,M1: loaded successfully
2	11:25:31.370	Custom indicator Price Pro Value Chart Profissional - PT-BR GBPUSD,M1: loaded successfully
0	11:25:33.016	HistoryCenter: synchronize 'GBPUSD1'
0	11:25:33.786	HistoryCenter: 2 bars imported in 'GBPUSD1'
0	11:25:34.340	HistoryCenter: synchronize 'GBPUSD1'
0	11:25:35.121	HistoryCenter: 2 bars imported in 'GBPUSD1'
0	11:25:36.221	HistoryCenter: synchronize 'GBPUSD1'
0	11:25:37.047	HistoryCenter: 2 bars imported in 'GBPUSD1'
0	11:25:38.146	HistoryCenter: synchronize 'GBPUSD1'
0	11:25:39.232	HistoryCenter: 2 bars imported in 'GBPUSD1'
0	11:25:39.786	HistoryCenter: synchronize 'GBPUSD1'
0	11:25:40.844	HistoryCenter: 2 bars imported in 'GBPUSD1'
2	11:26:03.935	Custom indicator fadedbckgrnd2__1 EURUSD,M1: removed
2	11:26:03.936	Custom indicator FixedChartScale EURUSD,M1: removed
2	11:26:03.937	Custom indicator iclock_mod1 EURUSD,M1: removed
2	11:26:03.950	Custom indicator Price Pro Value Chart Profissional - PT-BR EURUSD,M1: removed
2	11:26:03.959	Custom indicator fadedbckgrnd2__1 EURUSD,M1: loaded successfully
2	11:26:03.967	Custom indicator FixedChartScale EURUSD,M1: loaded successfully
2	11:26:03.977	Custom indicator iclock_mod1 EURUSD,M1: loaded successfully
2	11:26:04.077	Custom indicator Price Pro Value Chart Profissional - PT-BR EURUSD,M1: loaded successfully
0	11:26:05.457	HistoryCenter: synchronize 'EURUSD1'
0	11:26:06.285	HistoryCenter: 2 bars imported in 'EURUSD1'
0	11:26:06.843	HistoryCenter: synchronize 'EURUSD1'
0	11:26:07.639	HistoryCenter: 2 bars imported in 'EURUSD1'
0	11:26:08.750	HistoryCenter: synchronize 'EURUSD1'
0	11:26:09.544	HistoryCenter: 2 bars imported in 'EURUSD1'
0	11:26:10.646	HistoryCenter: synchronize 'EURUSD1'
0	11:26:11.536	HistoryCenter: 2 bars imported in 'EURUSD1'
0	11:26:12.634	HistoryCenter: synchronize 'EURUSD1'
0	11:26:13.625	HistoryCenter: 2 bars imported in 'EURUSD1'
0	11:26:14.724	HistoryCenter: synchronize 'EURUSD1'
0	11:26:15.552	HistoryCenter: 2 bars imported in 'EURUSD1'
0	11:26:16.655	HistoryCenter: synchronize 'EURUSD1'
0	11:26:17.440	HistoryCenter: 2 bars imported in 'EURUSD1'
0	11:26:18.550	HistoryCenter: synchronize 'EURUSD1'
0	11:26:19.364	HistoryCenter: 2 bars imported in 'EURUSD1'
2	11:26:31.790	Custom indicator fadedbckgrnd2__1 USDJPY,M1: removed
2	11:26:31.791	Custom indicator FixedChartScale USDJPY,M1: removed
2	11:26:31.792	Custom indicator iclock_mod1 USDJPY,M1: removed
2	11:26:31.804	Custom indicator Price Pro Value Chart Profissional - PT-BR USDJPY,M1: removed
2	11:26:31.813	Custom indicator fadedbckgrnd2__1 USDJPY,M1: loaded successfully
2	11:26:31.821	Custom indicator FixedChartScale USDJPY,M1: loaded successfully
2	11:26:31.836	Custom indicator iclock_mod1 USDJPY,M1: loaded successfully
2	11:26:31.933	Custom indicator Price Pro Value Chart Profissional - PT-BR USDJPY,M1: loaded successfully
0	11:26:33.715	HistoryCenter: synchronize 'USDJPY1'
0	11:26:34.525	HistoryCenter: 2 bars imported in 'USDJPY1'
0	11:26:35.074	HistoryCenter: synchronize 'USDJPY1'
0	11:26:35.868	HistoryCenter: 2 bars imported in 'USDJPY1'
0	11:26:36.424	HistoryCenter: synchronize 'USDJPY1'
0	11:26:37.234	HistoryCenter: 2 bars imported in 'USDJPY1'
0	11:26:38.331	HistoryCenter: synchronize 'USDJPY1'
0	11:26:39.154	HistoryCenter: 2 bars imported in 'USDJPY1'
0	11:26:39.710	HistoryCenter: synchronize 'USDJPY1'
0	11:26:40.646	HistoryCenter: 2 bars imported in 'USDJPY1'
0	11:26:41.200	HistoryCenter: synchronize 'USDJPY1'
0	11:26:42.503	HistoryCenter: 2 bars imported in 'USDJPY1'
2	11:26:43.502	Custom indicator fadedbckgrnd2__1 AUDUSD,M1: removed
2	11:26:43.503	Custom indicator FixedChartScale AUDUSD,M1: removed
2	11:26:43.504	Custom indicator iclock_mod1 AUDUSD,M1: removed
2	11:26:43.517	Custom indicator Price Pro Value Chart Profissional - PT-BR AUDUSD,M1: removed
2	11:26:43.525	Custom indicator fadedbckgrnd2__1 AUDUSD,M1: loaded successfully
2	11:26:43.534	Custom indicator FixedChartScale AUDUSD,M1: loaded successfully
2	11:26:43.543	Custom indicator iclock_mod1 AUDUSD,M1: loaded successfully
0	11:26:43.607	HistoryCenter: synchronize 'USDJPY1'
2	11:26:43.644	Custom indicator Price Pro Value Chart Profissional - PT-BR AUDUSD,M1: loaded successfully
0	11:26:44.400	HistoryCenter: 2 bars imported in 'USDJPY1'
0	11:26:46.606	HistoryCenter: synchronize 'AUDUSD1'
0	11:26:47.423	HistoryCenter: 2 bars imported in 'AUDUSD1'
0	11:26:47.423	HistoryCenter: synchronize 'USDJPY1'
0	11:26:48.219	HistoryCenter: 2 bars imported in 'USDJPY1'
0	11:26:48.219	HistoryCenter: synchronize 'AUDUSD1'
0	11:26:48.994	HistoryCenter: 2 bars imported in 'AUDUSD1'
0	11:26:48.994	HistoryCenter: synchronize 'USDJPY1'
0	11:26:49.774	HistoryCenter: 2 bars imported in 'USDJPY1'
0	11:26:50.311	HistoryCenter: synchronize 'AUDUSD1'
0	11:26:51.149	HistoryCenter: 2 bars imported in 'AUDUSD1'
0	11:26:52.247	HistoryCenter: synchronize 'AUDUSD1'
0	11:26:53.031	HistoryCenter: 2 bars imported in 'AUDUSD1'
0	11:26:54.143	HistoryCenter: synchronize 'AUDUSD1'
0	11:26:54.931	HistoryCenter: 2 bars imported in 'AUDUSD1'
0	11:26:56.032	HistoryCenter: synchronize 'AUDUSD1'
0	11:26:56.826	HistoryCenter: 2 bars imported in 'AUDUSD1'
0	11:26:57.932	HistoryCenter: synchronize 'AUDUSD1'
0	11:26:58.724	HistoryCenter: 2 bars imported in 'AUDUSD1'
0	11:26:59.823	HistoryCenter: synchronize 'AUDUSD1'
0	11:27:00.620	HistoryCenter: 2 bars imported in 'AUDUSD1'
0	11:27:01.174	HistoryCenter: synchronize 'AUDUSD1'
0	11:27:02.247	HistoryCenter: 2 bars imported in 'AUDUSD1'
2	11:38:36.398	Custom indicator fadedbckgrnd2__1 EURUSD,M1: removed
2	11:38:36.399	Custom indicator FixedChartScale EURUSD,M1: removed
2	11:38:36.400	Custom indicator iclock_mod1 EURUSD,M1: removed
2	11:38:36.413	Custom indicator Price Pro Value Chart Profissional - PT-BR EURUSD,M1: removed
2	11:38:52.405	Custom indicator fadedbckgrnd2__1 USDJPY,M1: removed
2	11:38:52.406	Custom indicator FixedChartScale USDJPY,M1: removed
2	11:38:52.408	Custom indicator iclock_mod1 USDJPY,M1: removed
2	11:38:52.420	Custom indicator Price Pro Value Chart Profissional - PT-BR USDJPY,M1: removed
2	11:38:52.430	Custom indicator iclock_mod1 USDJPY,M1: loaded successfully
2	11:38:57.941	Custom indicator fadedbckgrnd2__1 AUDUSD,M1: removed
2	11:38:57.942	Custom indicator FixedChartScale AUDUSD,M1: removed
2	11:38:57.943	Custom indicator iclock_mod1 AUDUSD,M1: removed
2	11:38:57.956	Custom indicator Price Pro Value Chart Profissional - PT-BR AUDUSD,M1: removed
2	11:38:57.966	Custom indicator iclock_mod1 AUDUSD,M1: loaded successfully
2	11:39:09.030	Custom indicator fadedbckgrnd2__1 AUDJPY,M1: removed
2	11:39:09.032	Custom indicator FixedChartScale AUDJPY,M1: removed
2	11:39:09.033	Custom indicator iclock_mod1 AUDJPY,M1: removed
2	11:39:09.046	Custom indicator Price Pro Value Chart Profissional - PT-BR AUDJPY,M1: removed
2	11:39:09.056	Custom indicator iclock_mod1 AUDJPY,M1: loaded successfully
2	11:40:17.558	Custom indicator iclock_mod1 AUDUSD,M1: removed
2	11:40:18.502	Custom indicator iclock_mod1 USDJPY,M1: removed
2	11:40:19.869	Custom indicator iclock_mod1 AUDJPY,M1: removed
0	11:59:20.192	HistoryCenter: synchronize 'GBPUSD5'
0	11:59:20.981	HistoryCenter: 618 bars imported in 'GBPUSD5'
0	11:59:25.421	HistoryCenter: synchronize 'GBPUSD5'
0	11:59:26.220	HistoryCenter: 2 bars imported in 'GBPUSD5'
0	11:59:27.318	HistoryCenter: synchronize 'GBPUSD5'
0	11:59:28.083	HistoryCenter: 2 bars imported in 'GBPUSD5'
2	11:59:28.345	Custom indicator fadedbckgrnd2__1 GBPUSD,M5: removed
2	11:59:28.346	Custom indicator FixedChartScale GBPUSD,M5: removed
2	11:59:28.347	Custom indicator iclock_mod1 GBPUSD,M5: removed
2	11:59:28.363	Custom indicator Price Pro Value Chart Profissional - PT-BR GBPUSD,M5: removed
2	11:59:28.374	Custom indicator fadedbckgrnd2__1 GBPUSD,M5: loaded successfully
2	11:59:28.382	Custom indicator FixedChartScale GBPUSD,M5: loaded successfully
2	11:59:28.481	Custom indicator Price Pro Value Chart Profissional - PT-BR GBPUSD,M5: loaded successfully
0	11:59:29.183	HistoryCenter: synchronize 'GBPUSD5'
0	11:59:29.975	HistoryCenter: 2 bars imported in 'GBPUSD5'
0	11:59:31.068	HistoryCenter: synchronize 'GBPUSD5'
0	11:59:31.970	HistoryCenter: 2 bars imported in 'GBPUSD5'
0	11:59:33.074	HistoryCenter: synchronize 'GBPUSD5'
0	11:59:33.869	HistoryCenter: 2 bars imported in 'GBPUSD5'
0	11:59:34.962	HistoryCenter: synchronize 'GBPUSD5'
0	11:59:35.755	HistoryCenter: 2 bars imported in 'GBPUSD5'
0	12:00:02.213	HistoryCenter: synchronize 'EURGBP1'
0	12:00:03.317	HistoryCenter: 2 bars imported in 'EURGBP1'
0	12:00:03.864	HistoryCenter: synchronize 'GBPJPY1'
0	12:00:04.644	HistoryCenter: 2 bars imported in 'GBPJPY1'
0	12:00:05.751	HistoryCenter: synchronize 'AUDCAD1'
0	12:00:06.613	HistoryCenter: 2 bars imported in 'AUDCAD1'
0	12:00:07.153	HistoryCenter: synchronize 'EURCHF1'
0	12:00:08.181	HistoryCenter: 2 bars imported in 'EURCHF1'
0	12:00:08.732	HistoryCenter: synchronize 'GBPUSD5'
0	12:00:09.562	HistoryCenter: 2 bars imported in 'GBPUSD5'
0	12:00:09.562	HistoryCenter: synchronize 'AUDCAD1'
0	12:00:10.379	HistoryCenter: 2 bars imported in 'AUDCAD1'
0	12:00:10.379	HistoryCenter: synchronize 'GBPJPY1'
0	12:00:11.568	HistoryCenter: 2 bars imported in 'GBPJPY1'
0	12:00:11.568	HistoryCenter: synchronize 'EURJPY1'
2	12:00:11.920	Custom indicator Price Pro Value Chart Profissional - PT-BR GBPUSD,M5: removed
0	12:00:12.354	HistoryCenter: 2 bars imported in 'EURJPY1'
0	12:00:12.354	HistoryCenter: synchronize 'EURCHF1'
0	12:00:13.155	HistoryCenter: 2 bars imported in 'EURCHF1'
0	12:00:13.155	HistoryCenter: synchronize 'AUDCAD1'
0	12:00:13.950	HistoryCenter: 2 bars imported in 'AUDCAD1'
0	12:00:13.950	HistoryCenter: synchronize 'EURJPY1'
0	12:00:14.872	HistoryCenter: 2 bars imported in 'EURJPY1'
0	12:00:14.872	HistoryCenter: synchronize 'AUDCAD1'
0	12:00:15.753	HistoryCenter: 2 bars imported in 'AUDCAD1'
0	12:00:15.753	HistoryCenter: synchronize 'EURJPY1'
0	12:00:16.562	HistoryCenter: 2 bars imported in 'EURJPY1'
0	12:00:16.562	HistoryCenter: synchronize 'AUDCAD1'
0	12:00:17.377	HistoryCenter: 2 bars imported in 'AUDCAD1'
0	12:00:17.377	HistoryCenter: synchronize 'EURJPY1'
0	12:00:18.179	HistoryCenter: 2 bars imported in 'EURJPY1'
0	12:00:18.179	HistoryCenter: synchronize 'EURCHF1'
0	12:00:19.132	HistoryCenter: 2 bars imported in 'EURCHF1'
0	12:00:19.132	HistoryCenter: synchronize 'EURGBP1'
0	12:00:19.921	HistoryCenter: 2 bars imported in 'EURGBP1'
0	12:00:19.921	HistoryCenter: synchronize 'EURCHF1'
0	12:00:20.720	HistoryCenter: 2 bars imported in 'EURCHF1'
0	12:00:21.263	HistoryCenter: synchronize 'GBPUSD5'
0	12:00:22.040	HistoryCenter: 2 bars imported in 'GBPUSD5'
2	12:00:36.450	Custom indicator fadedbckgrnd2__1 GBPUSD,M5: removed
2	12:00:36.451	Custom indicator FixedChartScale GBPUSD,M5: removed
2	12:00:36.459	Custom indicator fadedbckgrnd2__1 GBPUSD,M5: loaded successfully
2	12:00:36.467	Custom indicator FixedChartScale GBPUSD,M5: loaded successfully
2	12:00:36.578	Custom indicator Price Pro Value Chart Profissional - PT-BR GBPUSD,M5: loaded successfully
0	12:00:36.899	HistoryCenter: synchronize 'GBPUSD5'
0	12:00:37.692	HistoryCenter: 2 bars imported in 'GBPUSD5'
0	12:00:38.796	HistoryCenter: synchronize 'GBPUSD5'
0	12:00:40.466	HistoryCenter: 2 bars imported in 'GBPUSD5'
0	12:00:41.010	HistoryCenter: synchronize 'GBPUSD5'
0	12:00:41.798	HistoryCenter: 2 bars imported in 'GBPUSD5'
0	12:01:07.221	HistoryCenter: synchronize 'GBPUSD5'
0	12:01:08.218	HistoryCenter: 2 bars imported in 'GBPUSD5'
0	12:01:09.316	HistoryCenter: synchronize 'GBPUSD5'
0	12:01:10.099	HistoryCenter: 2 bars imported in 'GBPUSD5'
0	12:01:11.187	HistoryCenter: synchronize 'GBPUSD5'
0	12:01:12.009	HistoryCenter: 2 bars imported in 'GBPUSD5'
0	12:01:13.106	HistoryCenter: synchronize 'GBPUSD5'
0	12:01:13.919	HistoryCenter: 2 bars imported in 'GBPUSD5'
0	12:01:15.023	HistoryCenter: synchronize 'GBPUSD5'
0	12:01:16.441	HistoryCenter: 2 bars imported in 'GBPUSD5'
2	12:02:01.126	Custom indicator fadedbckgrnd2__1 EURCHF,M1: removed
2	12:02:01.127	Custom indicator FixedChartScale EURCHF,M1: removed
2	12:02:01.128	Custom indicator iclock_mod1 EURCHF,M1: removed
2	12:02:01.141	Custom indicator Price Pro Value Chart Profissional - PT-BR EURCHF,M1: removed
2	12:02:01.150	Custom indicator iclock_mod1 EURCHF,M1: loaded successfully
2	12:02:07.931	Custom indicator fadedbckgrnd2__1 GBPJPY,M1: removed
2	12:02:07.933	Custom indicator FixedChartScale GBPJPY,M1: removed
2	12:02:07.935	Custom indicator iclock_mod1 GBPJPY,M1: removed
2	12:02:07.960	Custom indicator Price Pro Value Chart Profissional - PT-BR GBPJPY,M1: removed
2	12:02:07.976	Custom indicator iclock_mod1 GBPJPY,M1: loaded successfully
2	12:02:13.500	Custom indicator fadedbckgrnd2__1 EURGBP,M1: removed
2	12:02:13.501	Custom indicator FixedChartScale EURGBP,M1: removed
2	12:02:13.502	Custom indicator iclock_mod1 EURGBP,M1: removed
2	12:02:13.515	Custom indicator Price Pro Value Chart Profissional - PT-BR EURGBP,M1: removed
2	12:02:13.525	Custom indicator iclock_mod1 EURGBP,M1: loaded successfully
2	12:02:20.216	Custom indicator fadedbckgrnd2__1 EURJPY,M1: removed
2	12:02:20.217	Custom indicator FixedChartScale EURJPY,M1: removed
2	12:02:20.218	Custom indicator iclock_mod1 EURJPY,M1: removed
2	12:02:20.230	Custom indicator Price Pro Value Chart Profissional - PT-BR EURJPY,M1: removed
2	12:02:20.240	Custom indicator iclock_mod1 EURJPY,M1: loaded successfully
2	12:02:25.838	Custom indicator fadedbckgrnd2__1 AUDCAD,M1: removed
2	12:02:25.839	Custom indicator FixedChartScale AUDCAD,M1: removed
2	12:02:25.840	Custom indicator iclock_mod1 AUDCAD,M1: removed
2	12:02:25.854	Custom indicator Price Pro Value Chart Profissional - PT-BR AUDCAD,M1: removed
2	12:02:25.863	Custom indicator iclock_mod1 AUDCAD,M1: loaded successfully
2	12:02:34.889	Custom indicator iclock_mod1 EURCHF,M5: removed
2	12:02:34.901	Custom indicator fadedbckgrnd2__1 EURCHF,M5: loaded successfully
2	12:02:34.911	Custom indicator FixedChartScale EURCHF,M5: loaded successfully
2	12:02:35.011	Custom indicator Price Pro Value Chart Profissional - PT-BR EURCHF,M5: loaded successfully
0	12:02:35.298	HistoryCenter: synchronize 'EURCHF5'
0	12:02:37.777	HistoryCenter: 5433 bars imported in 'EURCHF5'
0	12:02:38.320	HistoryCenter: synchronize 'EURCHF5'
0	12:02:39.123	HistoryCenter: 2 bars imported in 'EURCHF5'
0	12:02:39.669	HistoryCenter: synchronize 'EURCHF5'
0	12:02:41.319	HistoryCenter: 2 bars imported in 'EURCHF5'
0	12:02:42.428	HistoryCenter: synchronize 'EURCHF5'
0	12:02:43.254	HistoryCenter: 2 bars imported in 'EURCHF5'
2	12:02:48.338	Custom indicator iclock_mod1 GBPJPY,M5: removed
2	12:02:48.348	Custom indicator fadedbckgrnd2__1 GBPJPY,M5: loaded successfully
2	12:02:48.358	Custom indicator FixedChartScale GBPJPY,M5: loaded successfully
2	12:02:48.465	Custom indicator Price Pro Value Chart Profissional - PT-BR GBPJPY,M5: loaded successfully
0	12:02:49.336	HistoryCenter: synchronize 'GBPJPY5'
0	12:02:50.165	HistoryCenter: 2 bars imported in 'GBPJPY5'
0	12:02:50.722	HistoryCenter: synchronize 'GBPJPY5'
0	12:02:51.819	HistoryCenter: 2 bars imported in 'GBPJPY5'
0	12:02:52.910	HistoryCenter: synchronize 'GBPJPY5'
0	12:02:53.681	HistoryCenter: 2 bars imported in 'GBPJPY5'
0	12:02:54.799	HistoryCenter: synchronize 'GBPJPY5'
0	12:02:57.165	HistoryCenter: 2 bars imported in 'GBPJPY5'
0	12:02:57.707	HistoryCenter: synchronize 'GBPJPY5'
0	12:02:59.097	HistoryCenter: 2 bars imported in 'GBPJPY5'
0	12:03:00.204	HistoryCenter: synchronize 'GBPJPY5'
0	12:03:02.218	HistoryCenter: 2 bars imported in 'GBPJPY5'
2	12:03:06.682	Custom indicator iclock_mod1 EURGBP,M5: removed
2	12:03:06.691	Custom indicator fadedbckgrnd2__1 EURGBP,M5: loaded successfully
2	12:03:06.700	Custom indicator FixedChartScale EURGBP,M5: loaded successfully
2	12:03:06.805	Custom indicator Price Pro Value Chart Profissional - PT-BR EURGBP,M5: loaded successfully
0	12:03:07.184	HistoryCenter: synchronize 'EURGBP5'
0	12:03:08.525	HistoryCenter: 2 bars imported in 'EURGBP5'
0	12:03:09.079	HistoryCenter: synchronize 'EURGBP5'
0	12:03:09.879	HistoryCenter: 2 bars imported in 'EURGBP5'
0	12:03:10.422	HistoryCenter: synchronize 'EURGBP5'
0	12:03:11.199	HistoryCenter: 2 bars imported in 'EURGBP5'
0	12:03:12.307	HistoryCenter: synchronize 'EURGBP5'
0	12:03:13.113	HistoryCenter: 2 bars imported in 'EURGBP5'
0	12:03:14.223	HistoryCenter: synchronize 'EURGBP5'
0	12:03:15.048	HistoryCenter: 2 bars imported in 'EURGBP5'
0	12:03:16.161	HistoryCenter: synchronize 'EURGBP5'
0	12:03:17.493	HistoryCenter: 2 bars imported in 'EURGBP5'
0	12:03:18.045	HistoryCenter: synchronize 'EURGBP5'
0	12:03:18.829	HistoryCenter: 2 bars imported in 'EURGBP5'
0	12:03:19.386	HistoryCenter: synchronize 'EURGBP5'
0	12:03:20.750	HistoryCenter: 2 bars imported in 'EURGBP5'
0	12:03:21.309	HistoryCenter: synchronize 'EURGBP5'
0	12:03:22.095	HistoryCenter: 2 bars imported in 'EURGBP5'
2	12:03:26.979	Custom indicator iclock_mod1 EURJPY,M5: removed
2	12:03:26.987	Custom indicator fadedbckgrnd2__1 EURJPY,M5: loaded successfully
2	12:03:26.996	Custom indicator FixedChartScale EURJPY,M5: loaded successfully
2	12:03:27.097	Custom indicator Price Pro Value Chart Profissional - PT-BR EURJPY,M5: loaded successfully
0	12:03:27.610	HistoryCenter: synchronize 'EURJPY5'
0	12:03:28.948	HistoryCenter: 2 bars imported in 'EURJPY5'
0	12:03:29.505	HistoryCenter: synchronize 'EURJPY5'
0	12:03:30.318	HistoryCenter: 2 bars imported in 'EURJPY5'
0	12:03:31.421	HistoryCenter: synchronize 'EURJPY5'
0	12:03:33.805	HistoryCenter: 2 bars imported in 'EURJPY5'
0	12:03:34.353	HistoryCenter: synchronize 'EURJPY5'
0	12:03:35.125	HistoryCenter: 2 bars imported in 'EURJPY5'
0	12:03:35.683	HistoryCenter: synchronize 'EURJPY5'
0	12:03:36.969	HistoryCenter: 2 bars imported in 'EURJPY5'
0	12:03:37.515	HistoryCenter: synchronize 'EURJPY5'
0	12:03:38.295	HistoryCenter: 2 bars imported in 'EURJPY5'
0	12:03:39.413	HistoryCenter: synchronize 'EURJPY5'
0	12:03:40.789	HistoryCenter: 2 bars imported in 'EURJPY5'
2	12:03:45.265	Custom indicator iclock_mod1 AUDCAD,M5: removed
2	12:03:45.274	Custom indicator fadedbckgrnd2__1 AUDCAD,M5: loaded successfully
2	12:03:45.282	Custom indicator FixedChartScale AUDCAD,M5: loaded successfully
2	12:03:45.379	Custom indicator Price Pro Value Chart Profissional - PT-BR AUDCAD,M5: loaded successfully
0	12:03:45.740	HistoryCenter: synchronize 'AUDCAD5'
0	12:03:46.544	HistoryCenter: 2 bars imported in 'AUDCAD5'
0	12:03:47.661	HistoryCenter: synchronize 'AUDCAD5'
0	12:03:48.935	HistoryCenter: 2 bars imported in 'AUDCAD5'
0	12:03:50.047	HistoryCenter: synchronize 'AUDCAD5'
0	12:03:50.845	HistoryCenter: 2 bars imported in 'AUDCAD5'
0	12:03:51.943	HistoryCenter: synchronize 'AUDCAD5'
0	12:03:53.209	HistoryCenter: 2 bars imported in 'AUDCAD5'
0	12:03:53.756	HistoryCenter: synchronize 'AUDCAD5'
0	12:03:54.551	HistoryCenter: 2 bars imported in 'AUDCAD5'
0	12:03:55.102	HistoryCenter: synchronize 'AUDCAD5'
0	12:03:56.072	HistoryCenter: 2 bars imported in 'AUDCAD5'
0	12:03:56.624	HistoryCenter: synchronize 'AUDCAD5'
0	12:03:57.778	HistoryCenter: 2 bars imported in 'AUDCAD5'
0	12:03:58.890	HistoryCenter: synchronize 'AUDCAD5'
0	12:03:59.688	HistoryCenter: 2 bars imported in 'AUDCAD5'
0	12:04:00.791	HistoryCenter: synchronize 'AUDCAD5'
0	12:04:01.653	HistoryCenter: 2 bars imported in 'AUDCAD5'
0	12:04:11.598	HistoryCenter: synchronize 'EURUSD5'
0	12:04:13.366	HistoryCenter: 2 bars imported in 'EURUSD5'
0	12:04:14.475	HistoryCenter: synchronize 'EURUSD5'
0	12:04:15.277	HistoryCenter: 2 bars imported in 'EURUSD5'
0	12:04:16.380	HistoryCenter: synchronize 'EURUSD5'
0	12:04:17.663	HistoryCenter: 2 bars imported in 'EURUSD5'
0	12:04:18.206	HistoryCenter: synchronize 'EURUSD5'
0	12:04:19.014	HistoryCenter: 2 bars imported in 'EURUSD5'
0	12:04:19.560	HistoryCenter: synchronize 'EURUSD5'
0	12:04:20.893	HistoryCenter: 2 bars imported in 'EURUSD5'
0	12:04:21.438	HistoryCenter: synchronize 'EURUSD5'
0	12:04:22.254	HistoryCenter: 2 bars imported in 'EURUSD5'
0	12:04:23.353	HistoryCenter: synchronize 'EURUSD5'
0	12:04:24.526	HistoryCenter: 2 bars imported in 'EURUSD5'
0	12:04:25.623	HistoryCenter: synchronize 'EURUSD5'
0	12:04:26.433	HistoryCenter: 2 bars imported in 'EURUSD5'
0	12:04:26.433	HistoryCenter: synchronize 'USDJPY5'
0	12:04:27.203	HistoryCenter: 2 bars imported in 'USDJPY5'
0	12:04:27.751	HistoryCenter: synchronize 'USDJPY5'
0	12:04:29.608	HistoryCenter: 2 bars imported in 'USDJPY5'
0	12:04:30.722	HistoryCenter: synchronize 'USDJPY5'
0	12:04:31.513	HistoryCenter: 2 bars imported in 'USDJPY5'
0	12:04:32.067	HistoryCenter: synchronize 'USDJPY5'
0	12:04:33.538	HistoryCenter: 2 bars imported in 'USDJPY5'
0	12:04:34.080	HistoryCenter: synchronize 'USDJPY5'
0	12:04:34.843	HistoryCenter: 2 bars imported in 'USDJPY5'
0	12:04:35.953	HistoryCenter: synchronize 'USDJPY5'
0	12:04:37.828	HistoryCenter: 2 bars imported in 'USDJPY5'
0	12:04:38.934	HistoryCenter: synchronize 'USDJPY5'
0	12:04:39.718	HistoryCenter: 2 bars imported in 'USDJPY5'
0	12:04:40.822	HistoryCenter: synchronize 'USDJPY5'
0	12:04:41.599	HistoryCenter: 2 bars imported in 'USDJPY5'
0	12:04:42.710	HistoryCenter: synchronize 'USDJPY5'
0	12:04:43.538	HistoryCenter: 2 bars imported in 'USDJPY5'
2	12:04:47.427	Custom indicator fadedbckgrnd2__1 EURUSD,M5: removed
2	12:04:47.428	Custom indicator FixedChartScale EURUSD,M5: removed
2	12:04:47.441	Custom indicator Price Pro Value Chart Profissional - PT-BR EURUSD,M5: removed
2	12:04:47.450	Custom indicator fadedbckgrnd2__1 EURUSD,M5: loaded successfully
2	12:04:47.458	Custom indicator FixedChartScale EURUSD,M5: loaded successfully
2	12:04:47.555	Custom indicator Price Pro Value Chart Profissional - PT-BR EURUSD,M5: loaded successfully
0	12:04:47.964	HistoryCenter: synchronize 'EURUSD5'
0	12:04:49.843	HistoryCenter: 2 bars imported in 'EURUSD5'
0	12:04:50.398	HistoryCenter: synchronize 'EURUSD5'
0	12:04:51.178	HistoryCenter: 2 bars imported in 'EURUSD5'
0	12:04:52.280	HistoryCenter: synchronize 'EURUSD5'
0	12:04:54.788	HistoryCenter: 2 bars imported in 'EURUSD5'
0	12:04:55.893	HistoryCenter: synchronize 'EURUSD5'
0	12:04:57.542	HistoryCenter: 2 bars imported in 'EURUSD5'
0	12:04:58.093	HistoryCenter: synchronize 'EURUSD5'
0	12:04:58.881	HistoryCenter: 2 bars imported in 'EURUSD5'
0	12:04:59.981	HistoryCenter: synchronize 'EURUSD5'
0	12:05:01.413	HistoryCenter: 2 bars imported in 'EURUSD5'
2	12:05:12.929	Custom indicator fadedbckgrnd2__1 AUDUSD,M5: loaded successfully
2	12:05:12.937	Custom indicator FixedChartScale AUDUSD,M5: loaded successfully
2	12:05:13.045	Custom indicator Price Pro Value Chart Profissional - PT-BR AUDUSD,M5: loaded successfully
0	12:05:13.534	HistoryCenter: synchronize 'AUDUSD5'
0	12:05:14.319	HistoryCenter: 2 bars imported in 'AUDUSD5'
0	12:05:15.424	HistoryCenter: synchronize 'AUDUSD5'
0	12:05:16.218	HistoryCenter: 2 bars imported in 'AUDUSD5'
0	12:05:16.766	HistoryCenter: synchronize 'AUDUSD5'
0	12:05:17.563	HistoryCenter: 2 bars imported in 'AUDUSD5'
0	12:05:18.678	HistoryCenter: synchronize 'AUDUSD5'
0	12:05:19.483	HistoryCenter: 2 bars imported in 'AUDUSD5'
0	12:05:20.590	HistoryCenter: synchronize 'AUDUSD5'
0	12:05:21.969	HistoryCenter: 2 bars imported in 'AUDUSD5'
0	12:05:22.528	HistoryCenter: synchronize 'AUDUSD5'
0	12:05:23.329	HistoryCenter: 2 bars imported in 'AUDUSD5'
0	12:05:24.445	HistoryCenter: synchronize 'AUDUSD5'
0	12:05:25.370	HistoryCenter: 2 bars imported in 'AUDUSD5'
0	12:05:26.485	HistoryCenter: synchronize 'AUDUSD5'
0	12:05:27.293	HistoryCenter: 2 bars imported in 'AUDUSD5'
0	12:05:28.392	HistoryCenter: synchronize 'AUDUSD5'
0	12:05:30.166	HistoryCenter: 2 bars imported in 'AUDUSD5'
2	12:08:30.138	Custom indicator fadedbckgrnd2__1 EURJPY,M5: removed
2	12:08:30.140	Custom indicator FixedChartScale EURJPY,M5: removed
2	12:08:30.152	Custom indicator Price Pro Value Chart Profissional - PT-BR EURJPY,M5: removed
2	12:08:30.161	Custom indicator fadedbckgrnd2__1 EURJPY,M5: loaded successfully
2	12:08:30.168	Custom indicator FixedChartScale EURJPY,M5: loaded successfully
2	12:08:30.267	Custom indicator Price Pro Value Chart Profissional - PT-BR EURJPY,M5: loaded successfully
0	12:08:30.568	HistoryCenter: synchronize 'EURJPY5'
0	12:08:31.378	HistoryCenter: 2 bars imported in 'EURJPY5'
0	12:08:32.485	HistoryCenter: synchronize 'EURJPY5'
0	12:08:33.277	HistoryCenter: 2 bars imported in 'EURJPY5'
0	12:08:33.825	HistoryCenter: synchronize 'EURJPY5'
0	12:08:35.907	HistoryCenter: 2 bars imported in 'EURJPY5'
0	12:08:36.457	HistoryCenter: synchronize 'EURJPY5'
0	12:08:37.263	HistoryCenter: 2 bars imported in 'EURJPY5'
0	12:08:37.806	HistoryCenter: synchronize 'EURJPY5'
0	12:08:38.613	HistoryCenter: 2 bars imported in 'EURJPY5'
0	12:08:39.719	HistoryCenter: synchronize 'EURJPY5'
0	12:08:40.524	HistoryCenter: 2 bars imported in 'EURJPY5'
0	12:08:41.635	HistoryCenter: synchronize 'EURJPY5'
0	12:08:42.812	HistoryCenter: 2 bars imported in 'EURJPY5'
0	12:44:39.942	'15069840': login on Alpari-Demo through Demo.Europe.11:1119 (ping: 1273.84 ms)
0	12:44:42.292	'15069840': login datacenter on Alpari-Demo through Demo.Europe.11:1119 (ping: 1273.84 ms)
0	12:44:42.978	'15069840': previous successful authorization performed from 177.13.221.165
0	12:45:30.507	'15069840': auto connecting to a better access point Demo.Europe.2:444 (ping is 235.35 ms)
0	12:45:31.272	'15069840': login on Alpari-Demo through Demo.Europe.2:444 (ping: 235.35 ms)
0	12:45:33.048	'15069840': login datacenter on Alpari-Demo through Demo.Europe.2:444 (ping: 235.35 ms)
0	12:45:33.657	'15069840': previous successful authorization performed from 177.13.221.165
2	12:47:44.323	Custom indicator fadedbckgrnd2__1 USDJPY,M5: removed
2	12:47:44.324	Custom indicator FixedChartScale USDJPY,M5: removed
2	12:47:44.338	Custom indicator Price Pro Value Chart Profissional - PT-BR USDJPY,M5: removed
0	13:00:01.438	HistoryCenter: synchronize 'AUDUSD5'
0	13:00:02.236	HistoryCenter: 2 bars imported in 'AUDUSD5'
0	13:00:02.796	HistoryCenter: synchronize 'EURJPY5'
0	13:00:03.508	HistoryCenter: 2 bars imported in 'EURJPY5'
0	13:00:03.508	HistoryCenter: synchronize 'GBPJPY5'
0	13:00:04.467	HistoryCenter: 2 bars imported in 'GBPJPY5'
0	13:00:05.024	HistoryCenter: synchronize 'EURUSD5'
0	13:00:06.405	HistoryCenter: 2 bars imported in 'EURUSD5'
0	13:00:06.405	HistoryCenter: synchronize 'GBPUSD5'
0	13:00:07.183	HistoryCenter: 2 bars imported in 'GBPUSD5'
0	13:00:07.730	HistoryCenter: synchronize 'AUDUSD5'
0	13:00:08.438	HistoryCenter: 2 bars imported in 'AUDUSD5'
0	13:00:08.438	HistoryCenter: synchronize 'EURUSD5'
0	13:00:09.181	HistoryCenter: 2 bars imported in 'EURUSD5'
0	13:00:09.181	HistoryCenter: synchronize 'EURJPY5'
0	13:00:09.935	HistoryCenter: 2 bars imported in 'EURJPY5'
0	13:00:09.935	HistoryCenter: synchronize 'EURUSD5'
0	13:00:10.695	HistoryCenter: 2 bars imported in 'EURUSD5'
0	13:00:10.695	HistoryCenter: synchronize 'EURJPY5'
0	13:00:11.434	HistoryCenter: 2 bars imported in 'EURJPY5'
0	13:00:11.434	HistoryCenter: synchronize 'EURGBP5'
0	13:00:12.180	HistoryCenter: 2 bars imported in 'EURGBP5'
0	13:00:12.180	HistoryCenter: synchronize 'GBPJPY5'
0	13:00:12.893	HistoryCenter: 2 bars imported in 'GBPJPY5'
0	13:00:12.893	HistoryCenter: synchronize 'EURJPY5'
0	13:00:13.596	HistoryCenter: 2 bars imported in 'EURJPY5'
0	13:00:13.596	HistoryCenter: synchronize 'GBPUSD5'
0	13:00:14.307	HistoryCenter: 2 bars imported in 'GBPUSD5'
0	13:00:14.859	HistoryCenter: synchronize 'AUDUSD5'
0	13:00:15.710	HistoryCenter: 2 bars imported in 'AUDUSD5'
0	13:00:15.710	HistoryCenter: synchronize 'EURUSD5'
0	13:00:16.713	HistoryCenter: 2 bars imported in 'EURUSD5'
0	13:00:16.713	HistoryCenter: synchronize 'EURJPY5'
0	13:00:17.495	HistoryCenter: 2 bars imported in 'EURJPY5'
2	13:55:17.418	Custom indicator fadedbckgrnd2__1 GBPUSD,M5: removed
2	13:55:17.421	Custom indicator FixedChartScale GBPUSD,M5: removed
2	13:55:17.441	Custom indicator Price Pro Value Chart Profissional - PT-BR GBPUSD,M5: removed
2	13:55:17.453	Custom indicator fadedbckgrnd2__1 EURGBP,M5: removed
2	13:55:17.456	Custom indicator FixedChartScale EURGBP,M5: removed
2	13:55:17.475	Custom indicator Price Pro Value Chart Profissional - PT-BR EURGBP,M5: removed
2	13:55:17.488	Custom indicator fadedbckgrnd2__1 EURJPY,M5: removed
2	13:55:17.490	Custom indicator FixedChartScale EURJPY,M5: removed
2	13:55:17.507	Custom indicator Price Pro Value Chart Profissional - PT-BR EURJPY,M5: removed
2	13:55:17.515	Custom indicator fadedbckgrnd2__1 GBPJPY,M5: removed
2	13:55:17.516	Custom indicator FixedChartScale GBPJPY,M5: removed
2	13:55:17.531	Custom indicator Price Pro Value Chart Profissional - PT-BR GBPJPY,M5: removed
2	13:55:17.541	Custom indicator fadedbckgrnd2__1 EURUSD,M5: removed
2	13:55:17.543	Custom indicator FixedChartScale EURUSD,M5: removed
2	13:55:17.572	Custom indicator Price Pro Value Chart Profissional - PT-BR EURUSD,M5: removed
2	13:55:17.580	Custom indicator fadedbckgrnd2__1 AUDUSD,M5: removed
2	13:55:17.581	Custom indicator FixedChartScale AUDUSD,M5: removed
2	13:55:17.597	Custom indicator Price Pro Value Chart Profissional - PT-BR AUDUSD,M5: removed
0	13:55:17.881	Alpari MT4 build 1359 stopped
