0	11:50:33.865	Alpari MT4 build 1359 started (Alpari International)
0	11:50:33.865	Windows 10 Pro x64, IE 11, UAC, 8 x Intel Core i7-7700HQ  @ 2.80GHz, Memory: 12185 / 16267 Mb, Disk: 389 / 476 Gb, GMT-3
0	11:50:33.865	Data Folder: C:\Users\Administrator\AppData\Roaming\MetaQuotes\Terminal\287469DEA9630EA94D0715D755974F1B
2	11:50:35.251	Expert EABiBot_Tick GBPUSD,M1: loaded successfully
2	11:50:35.276	Custom indicator iclock_mod1 EURUSD-OTC,M1: loaded successfully
2	11:50:35.342	Custom indicator TAURUS V10 FREE EURUSD-OTC,M1: loaded successfully
2	11:50:35.530	Custom indicator TAURUS V10 FREE EURUSD,M5: loaded successfully
0	11:50:36.819	'15069840': login on Alpari-Demo through Demo.Europe.9:1119 (ping: 276.03 ms)
0	11:50:39.024	'15069840': login datacenter on Alpari-Demo through Demo.Europe.9:1119 (ping: 276.03 ms)
0	11:50:39.664	'15069840': previous successful authorization performed from 177.13.216.86
2	11:50:40.184	Custom indicator TAURUS V10 FREE EURUSD,M5: removed
2	11:51:11.685	Custom indicator iclock_mod1 EURUSD-OTC,M1: removed
2	11:51:11.693	Custom indicator TAURUS V10 FREE EURUSD-OTC,M1: removed
2	11:51:11.703	Custom indicator fadedbckgrnd2__1 EURUSD-OTC,M1: loaded successfully
2	11:51:11.714	Custom indicator FixedChartScale EURUSD-OTC,M1: loaded successfully
2	11:51:11.828	Custom indicator Price Pro Value Chart Profissional - PT-BR EURUSD-OTC,M1: loaded successfully
0	11:51:24.214	'15069840': auto connecting to a better access point Demo.Europe.2:444 (ping is 249.03 ms)
0	11:51:25.082	'15069840': login on Alpari-Demo through Demo.Europe.2:444 (ping: 249.03 ms)
0	11:51:26.930	'15069840': login datacenter on Alpari-Demo through Demo.Europe.2:444 (ping: 249.03 ms)
0	11:51:27.561	'15069840': previous successful authorization performed from 177.13.220.109
2	11:52:06.382	Custom indicator fadedbckgrnd2__1 EURUSD-OTC,M1: removed
2	11:52:06.386	Custom indicator FixedChartScale EURUSD-OTC,M1: removed
2	11:52:06.398	Custom indicator Price Pro Value Chart Profissional - PT-BR EURUSD-OTC,M1: removed
2	11:52:24.155	Custom indicator fadedbckgrnd2__1 EURJPY-OTC,M5: loaded successfully
2	11:52:24.163	Custom indicator FixedChartScale EURJPY-OTC,M5: loaded successfully
2	11:52:24.272	Custom indicator Price Pro Value Chart Profissional - PT-BR EURJPY-OTC,M5: loaded successfully
2	11:53:54.922	Custom indicator fadedbckgrnd2__1 EURJPY-OTC,M5: removed
2	11:53:54.923	Custom indicator FixedChartScale EURJPY-OTC,M5: removed
2	11:53:54.937	Custom indicator Price Pro Value Chart Profissional - PT-BR EURJPY-OTC,M5: removed
2	11:53:56.320	Expert EABiBot_Tick GBPUSD,M1: removed
2	11:54:08.565	Custom indicator fadedbckgrnd2__1 EURUSD,M5: loaded successfully
2	11:54:08.574	Custom indicator FixedChartScale EURUSD,M5: loaded successfully
2	11:54:08.682	Custom indicator Price Pro Value Chart Profissional - PT-BR EURUSD,M5: loaded successfully
0	11:54:09.987	HistoryCenter: synchronize 'EURUSD5'
0	11:54:11.103	HistoryCenter: 2 bars imported in 'EURUSD5'
0	11:54:11.652	HistoryCenter: synchronize 'EURUSD5'
0	11:54:12.575	HistoryCenter: 2 bars imported in 'EURUSD5'
0	11:54:13.113	HistoryCenter: synchronize 'EURUSD5'
0	11:54:14.063	HistoryCenter: 2 bars imported in 'EURUSD5'
0	11:54:15.152	HistoryCenter: synchronize 'EURUSD5'
0	11:54:15.911	HistoryCenter: 2 bars imported in 'EURUSD5'
0	11:54:17.009	HistoryCenter: synchronize 'EURUSD5'
0	11:54:17.748	HistoryCenter: 2 bars imported in 'EURUSD5'
2	11:54:17.922	Custom indicator fadedbckgrnd2__1 USDJPY,M5: loaded successfully
2	11:54:17.932	Custom indicator FixedChartScale USDJPY,M5: loaded successfully
2	11:54:18.040	Custom indicator Price Pro Value Chart Profissional - PT-BR USDJPY,M5: loaded successfully
0	11:54:18.298	HistoryCenter: synchronize 'EURUSD5'
0	11:54:19.046	HistoryCenter: 2 bars imported in 'EURUSD5'
0	11:54:19.590	HistoryCenter: synchronize 'EURUSD5'
0	11:54:20.355	HistoryCenter: 2 bars imported in 'EURUSD5'
0	11:54:20.355	HistoryCenter: synchronize 'USDJPY5'
0	11:54:21.095	HistoryCenter: 2 bars imported in 'USDJPY5'
0	11:54:21.620	HistoryCenter: synchronize 'USDJPY5'
0	11:54:22.400	HistoryCenter: 2 bars imported in 'USDJPY5'
0	11:54:23.470	HistoryCenter: synchronize 'USDJPY5'
0	11:54:24.224	HistoryCenter: 2 bars imported in 'USDJPY5'
0	11:54:24.751	HistoryCenter: synchronize 'USDJPY5'
0	11:54:25.507	HistoryCenter: 2 bars imported in 'USDJPY5'
0	11:54:26.573	HistoryCenter: synchronize 'USDJPY5'
0	11:54:27.306	HistoryCenter: 2 bars imported in 'USDJPY5'
0	11:54:28.363	HistoryCenter: synchronize 'USDJPY5'
0	11:54:29.116	HistoryCenter: 2 bars imported in 'USDJPY5'
0	11:54:29.664	HistoryCenter: synchronize 'USDJPY5'
0	11:54:30.442	HistoryCenter: 2 bars imported in 'USDJPY5'
0	11:54:31.535	HistoryCenter: synchronize 'USDJPY5'
0	11:54:32.297	HistoryCenter: 2 bars imported in 'USDJPY5'
0	11:54:33.405	HistoryCenter: synchronize 'USDJPY5'
0	11:54:34.159	HistoryCenter: 2 bars imported in 'USDJPY5'
0	11:54:34.699	HistoryCenter: synchronize 'USDJPY5'
0	11:54:35.448	HistoryCenter: 2 bars imported in 'USDJPY5'
0	11:54:36.546	HistoryCenter: synchronize 'USDJPY5'
0	11:54:37.313	HistoryCenter: 2 bars imported in 'USDJPY5'
0	11:54:38.397	HistoryCenter: synchronize 'USDJPY5'
0	11:54:39.143	HistoryCenter: 2 bars imported in 'USDJPY5'
0	11:54:39.673	HistoryCenter: synchronize 'USDJPY5'
0	11:54:40.408	HistoryCenter: 2 bars imported in 'USDJPY5'
0	11:54:41.492	HistoryCenter: synchronize 'USDJPY5'
0	11:54:42.260	HistoryCenter: 2 bars imported in 'USDJPY5'
0	11:55:10.798	HistoryCenter: synchronize 'EURUSD5'
0	11:55:11.597	HistoryCenter: 2 bars imported in 'EURUSD5'
0	11:55:12.152	HistoryCenter: synchronize 'EURUSD5'
0	11:55:12.899	HistoryCenter: 2 bars imported in 'EURUSD5'
0	11:55:13.444	HistoryCenter: synchronize 'EURUSD5'
0	11:55:14.303	HistoryCenter: 2 bars imported in 'EURUSD5'
0	11:55:14.848	HistoryCenter: synchronize 'EURUSD5'
0	11:55:15.594	HistoryCenter: 2 bars imported in 'EURUSD5'
0	11:55:16.691	HistoryCenter: synchronize 'EURUSD5'
0	11:55:17.459	HistoryCenter: 2 bars imported in 'EURUSD5'
0	11:55:18.566	HistoryCenter: synchronize 'EURUSD5'
0	11:55:19.336	HistoryCenter: 2 bars imported in 'EURUSD5'
0	11:55:19.889	HistoryCenter: synchronize 'EURUSD5'
0	11:55:20.636	HistoryCenter: 2 bars imported in 'EURUSD5'
0	11:55:21.729	HistoryCenter: synchronize 'EURUSD5'
0	11:55:22.565	HistoryCenter: 2 bars imported in 'EURUSD5'
0	11:55:23.672	HistoryCenter: synchronize 'EURUSD5'
0	11:55:24.439	HistoryCenter: 2 bars imported in 'EURUSD5'
0	11:55:25.519	HistoryCenter: synchronize 'EURUSD5'
0	11:55:26.256	HistoryCenter: 2 bars imported in 'EURUSD5'
0	11:55:26.793	HistoryCenter: synchronize 'EURUSD5'
0	11:55:27.573	HistoryCenter: 2 bars imported in 'EURUSD5'
0	11:55:28.631	HistoryCenter: synchronize 'EURUSD5'
0	11:55:29.400	HistoryCenter: 2 bars imported in 'EURUSD5'
0	11:55:30.464	HistoryCenter: synchronize 'EURUSD5'
0	11:55:31.239	HistoryCenter: 2 bars imported in 'EURUSD5'
0	11:55:31.766	HistoryCenter: synchronize 'EURUSD5'
0	11:55:32.511	HistoryCenter: 2 bars imported in 'EURUSD5'
0	11:55:33.575	HistoryCenter: synchronize 'EURUSD5'
0	11:55:34.368	HistoryCenter: 2 bars imported in 'EURUSD5'
0	11:55:35.434	HistoryCenter: synchronize 'EURUSD5'
0	11:55:36.192	HistoryCenter: 2 bars imported in 'EURUSD5'
0	11:55:36.726	HistoryCenter: synchronize 'EURUSD5'
0	11:55:37.508	HistoryCenter: 2 bars imported in 'EURUSD5'
0	11:55:38.580	HistoryCenter: synchronize 'EURUSD5'
0	11:55:39.328	HistoryCenter: 2 bars imported in 'EURUSD5'
0	11:55:40.425	HistoryCenter: synchronize 'EURUSD5'
0	11:55:41.203	HistoryCenter: 2 bars imported in 'EURUSD5'
0	11:55:41.751	HistoryCenter: synchronize 'EURUSD5'
0	11:55:42.554	HistoryCenter: 2 bars imported in 'EURUSD5'
0	11:55:43.662	HistoryCenter: synchronize 'EURUSD5'
0	11:55:44.437	HistoryCenter: 2 bars imported in 'EURUSD5'
0	11:55:44.978	HistoryCenter: synchronize 'EURUSD5'
0	11:55:45.732	HistoryCenter: 2 bars imported in 'EURUSD5'
0	11:55:46.794	HistoryCenter: synchronize 'EURUSD5'
0	11:55:47.549	HistoryCenter: 2 bars imported in 'EURUSD5'
0	11:55:48.656	HistoryCenter: synchronize 'EURUSD5'
0	11:55:49.394	HistoryCenter: 2 bars imported in 'EURUSD5'
0	11:55:49.923	HistoryCenter: synchronize 'EURUSD5'
0	11:55:50.674	HistoryCenter: 2 bars imported in 'EURUSD5'
0	11:55:51.739	HistoryCenter: synchronize 'EURUSD5'
0	11:55:52.528	HistoryCenter: 2 bars imported in 'EURUSD5'
0	11:55:53.641	HistoryCenter: synchronize 'EURUSD5'
0	11:55:54.400	HistoryCenter: 2 bars imported in 'EURUSD5'
0	11:55:54.928	HistoryCenter: synchronize 'EURUSD5'
0	11:55:55.684	HistoryCenter: 2 bars imported in 'EURUSD5'
0	11:55:56.744	HistoryCenter: synchronize 'EURUSD5'
0	11:55:57.486	HistoryCenter: 2 bars imported in 'EURUSD5'
0	11:55:58.033	HistoryCenter: synchronize 'EURUSD5'
0	11:55:58.776	HistoryCenter: 2 bars imported in 'EURUSD5'
0	11:55:59.868	HistoryCenter: synchronize 'EURUSD5'
0	11:56:00.652	HistoryCenter: 2 bars imported in 'EURUSD5'
0	11:56:01.754	HistoryCenter: synchronize 'EURUSD5'
0	11:56:02.489	HistoryCenter: 2 bars imported in 'EURUSD5'
0	11:56:03.034	HistoryCenter: synchronize 'EURUSD5'
0	11:56:03.822	HistoryCenter: 2 bars imported in 'EURUSD5'
0	11:56:04.917	HistoryCenter: synchronize 'EURUSD5'
0	11:56:05.687	HistoryCenter: 2 bars imported in 'EURUSD5'
0	11:56:06.786	HistoryCenter: synchronize 'EURUSD5'
0	11:56:07.539	HistoryCenter: 2 bars imported in 'EURUSD5'
0	11:56:08.087	HistoryCenter: synchronize 'EURUSD5'
0	11:56:08.890	HistoryCenter: 2 bars imported in 'EURUSD5'
0	11:56:10.002	HistoryCenter: synchronize 'EURUSD5'
0	11:56:10.744	HistoryCenter: 2 bars imported in 'EURUSD5'
0	11:56:11.840	HistoryCenter: synchronize 'EURUSD5'
0	11:56:12.613	HistoryCenter: 2 bars imported in 'EURUSD5'
0	11:56:12.613	HistoryCenter: synchronize 'USDJPY5'
0	11:56:13.436	HistoryCenter: 2 bars imported in 'USDJPY5'
0	11:56:13.997	HistoryCenter: synchronize 'EURUSD5'
0	11:56:14.738	HistoryCenter: 2 bars imported in 'EURUSD5'
0	11:56:14.738	HistoryCenter: synchronize 'USDJPY5'
0	11:56:15.509	HistoryCenter: 2 bars imported in 'USDJPY5'
0	11:56:16.055	HistoryCenter: synchronize 'EURUSD5'
0	11:56:16.803	HistoryCenter: 2 bars imported in 'EURUSD5'
0	11:56:16.803	HistoryCenter: synchronize 'USDJPY5'
0	11:56:17.560	HistoryCenter: 2 bars imported in 'USDJPY5'
0	11:56:18.111	HistoryCenter: synchronize 'EURUSD5'
0	11:56:18.865	HistoryCenter: 2 bars imported in 'EURUSD5'
0	11:56:18.865	HistoryCenter: synchronize 'USDJPY5'
0	11:56:19.632	HistoryCenter: 2 bars imported in 'USDJPY5'
0	11:56:19.632	HistoryCenter: synchronize 'EURUSD5'
0	11:56:20.378	HistoryCenter: 2 bars imported in 'EURUSD5'
0	11:56:20.378	HistoryCenter: synchronize 'USDJPY5'
0	11:56:21.159	HistoryCenter: 2 bars imported in 'USDJPY5'
0	11:56:21.695	HistoryCenter: synchronize 'EURUSD5'
0	11:56:22.468	HistoryCenter: 2 bars imported in 'EURUSD5'
0	11:56:22.468	HistoryCenter: synchronize 'USDJPY5'
0	11:56:23.259	HistoryCenter: 2 bars imported in 'USDJPY5'
0	11:56:23.793	HistoryCenter: synchronize 'EURUSD5'
0	11:56:24.540	HistoryCenter: 2 bars imported in 'EURUSD5'
0	11:56:24.540	HistoryCenter: synchronize 'USDJPY5'
0	11:56:25.296	HistoryCenter: 2 bars imported in 'USDJPY5'
0	11:56:25.843	HistoryCenter: synchronize 'EURUSD5'
0	11:56:26.629	HistoryCenter: 2 bars imported in 'EURUSD5'
0	11:56:26.629	HistoryCenter: synchronize 'USDJPY5'
0	11:56:27.514	HistoryCenter: 2 bars imported in 'USDJPY5'
0	11:56:28.064	HistoryCenter: synchronize 'EURUSD5'
2	11:56:28.090	Custom indicator fadedbckgrnd2__1 USDJPY,M5: removed
2	11:56:28.091	Custom indicator FixedChartScale USDJPY,M5: removed
2	11:56:28.105	Custom indicator Price Pro Value Chart Profissional - PT-BR USDJPY,M5: removed
0	11:56:28.827	HistoryCenter: 2 bars imported in 'EURUSD5'
0	11:56:28.827	HistoryCenter: synchronize 'USDJPY5'
0	11:56:29.570	HistoryCenter: 2 bars imported in 'USDJPY5'
0	11:56:30.101	HistoryCenter: synchronize 'EURUSD5'
0	11:56:30.894	HistoryCenter: 2 bars imported in 'EURUSD5'
0	11:56:31.986	HistoryCenter: synchronize 'EURUSD5'
0	11:56:32.731	HistoryCenter: 2 bars imported in 'EURUSD5'
0	11:56:33.828	HistoryCenter: synchronize 'EURUSD5'
0	11:56:34.635	HistoryCenter: 2 bars imported in 'EURUSD5'
0	11:56:35.742	HistoryCenter: synchronize 'EURUSD5'
0	11:56:36.506	HistoryCenter: 2 bars imported in 'EURUSD5'
0	11:56:37.051	HistoryCenter: synchronize 'EURUSD5'
0	11:56:37.814	HistoryCenter: 2 bars imported in 'EURUSD5'
0	11:56:38.905	HistoryCenter: synchronize 'EURUSD5'
0	11:56:39.673	HistoryCenter: 2 bars imported in 'EURUSD5'
0	11:56:40.767	HistoryCenter: synchronize 'EURUSD5'
0	11:56:41.540	HistoryCenter: 2 bars imported in 'EURUSD5'
0	11:56:42.092	HistoryCenter: synchronize 'EURUSD5'
0	11:56:42.839	HistoryCenter: 2 bars imported in 'EURUSD5'
0	11:56:43.926	HistoryCenter: synchronize 'EURUSD5'
0	11:56:44.700	HistoryCenter: 2 bars imported in 'EURUSD5'
0	11:56:45.798	HistoryCenter: synchronize 'EURUSD5'
0	11:56:46.555	HistoryCenter: 2 bars imported in 'EURUSD5'
0	11:56:47.102	HistoryCenter: synchronize 'EURUSD5'
0	11:56:47.854	HistoryCenter: 2 bars imported in 'EURUSD5'
0	11:56:48.959	HistoryCenter: synchronize 'EURUSD5'
0	11:56:49.811	HistoryCenter: 2 bars imported in 'EURUSD5'
0	11:56:50.906	HistoryCenter: synchronize 'EURUSD5'
0	11:56:51.719	HistoryCenter: 2 bars imported in 'EURUSD5'
0	11:56:52.271	HistoryCenter: synchronize 'EURUSD5'
2	11:56:52.846	Custom indicator fadedbckgrnd2__1 EURUSD,M5: removed
2	11:56:52.850	Custom indicator FixedChartScale EURUSD,M5: removed
2	11:56:52.870	Custom indicator Price Pro Value Chart Profissional - PT-BR EURUSD,M5: removed
0	11:56:53.051	Alpari MT4 build 1359 stopped
0	11:56:56.148	Alpari MT4 build 1359 started (Alpari International)
0	11:56:56.148	Windows 10 Pro x64, IE 11, UAC, 8 x Intel Core i7-7700HQ  @ 2.80GHz, Memory: 12087 / 16267 Mb, Disk: 389 / 476 Gb, GMT-3
0	11:56:56.148	Data Folder: C:\Users\Administrator\AppData\Roaming\MetaQuotes\Terminal\287469DEA9630EA94D0715D755974F1B
2	11:56:57.229	Custom indicator fadedbckgrnd2__1 EURUSD,M5: loaded successfully
2	11:56:57.237	Custom indicator FixedChartScale EURUSD,M5: loaded successfully
2	11:56:57.354	Custom indicator Price Pro Value Chart Profissional - PT-BR EURUSD,M5: loaded successfully
2	11:56:57.550	Custom indicator Price Pro Value Chart Profissional - PT-BR EURUSD,M5: removed
0	11:56:57.730	HistoryCenter: synchronize 'EURUSD5'
0	11:56:58.704	HistoryCenter: 2 bars imported in 'EURUSD5'
0	11:56:58.791	'15069840': login on Alpari-Demo through Demo.Europe.2:444 (ping: 249.03 ms)
0	11:57:01.249	'15069840': login datacenter on Alpari-Demo through Demo.Europe.2:444 (ping: 249.03 ms)
2	11:57:01.740	Custom indicator fadedbckgrnd2__1 EURUSD,M5: removed
2	11:57:01.744	Custom indicator FixedChartScale EURUSD,M5: removed
2	11:57:01.752	Custom indicator fadedbckgrnd2__1 EURUSD,M5: loaded successfully
2	11:57:01.760	Custom indicator FixedChartScale EURUSD,M5: loaded successfully
2	11:57:01.871	Custom indicator Price Pro Value Chart Profissional - PT-BR EURUSD,M5: loaded successfully
0	11:57:01.879	'15069840': previous successful authorization performed from 177.13.220.109
0	11:57:02.995	HistoryCenter: synchronize 'EURUSD5'
0	11:57:03.756	HistoryCenter: 2 bars imported in 'EURUSD5'
0	11:57:04.295	HistoryCenter: synchronize 'EURUSD5'
0	11:57:05.048	HistoryCenter: 2 bars imported in 'EURUSD5'
0	11:57:05.601	HistoryCenter: synchronize 'EURUSD5'
0	11:57:06.378	HistoryCenter: 2 bars imported in 'EURUSD5'
0	11:57:07.424	HistoryCenter: synchronize 'EURUSD5'
0	11:57:08.172	HistoryCenter: 2 bars imported in 'EURUSD5'
0	11:57:09.236	HistoryCenter: synchronize 'EURUSD5'
0	11:57:10.037	HistoryCenter: 2 bars imported in 'EURUSD5'
0	11:57:10.555	HistoryCenter: synchronize 'EURUSD5'
0	11:57:11.295	HistoryCenter: 2 bars imported in 'EURUSD5'
0	11:57:12.395	HistoryCenter: synchronize 'EURUSD5'
0	11:57:13.196	HistoryCenter: 2 bars imported in 'EURUSD5'
0	11:57:25.131	HistoryCenter: synchronize 'EURUSD5'
0	11:57:26.575	HistoryCenter: 2 bars imported in 'EURUSD5'
0	11:57:27.125	HistoryCenter: synchronize 'EURUSD5'
0	11:57:28.432	HistoryCenter: 2 bars imported in 'EURUSD5'
0	11:57:28.984	HistoryCenter: synchronize 'EURUSD5'
0	11:57:30.676	HistoryCenter: 2 bars imported in 'EURUSD5'
0	11:57:31.753	HistoryCenter: synchronize 'EURUSD5'
0	11:57:32.500	HistoryCenter: 2 bars imported in 'EURUSD5'
0	11:57:33.046	HistoryCenter: synchronize 'EURUSD5'
0	11:57:33.823	HistoryCenter: 2 bars imported in 'EURUSD5'
0	11:57:34.922	HistoryCenter: synchronize 'EURUSD5'
0	11:57:36.084	HistoryCenter: 2 bars imported in 'EURUSD5'
0	11:57:36.627	HistoryCenter: synchronize 'EURUSD5'
0	11:57:37.376	HistoryCenter: 2 bars imported in 'EURUSD5'
0	11:58:25.724	HistoryCenter: synchronize 'EURUSD5'
0	11:58:26.484	HistoryCenter: 2 bars imported in 'EURUSD5'
0	11:58:27.564	HistoryCenter: synchronize 'EURUSD5'
0	11:58:28.331	HistoryCenter: 2 bars imported in 'EURUSD5'
0	11:58:28.861	HistoryCenter: synchronize 'EURUSD5'
0	11:58:29.621	HistoryCenter: 2 bars imported in 'EURUSD5'
0	11:58:30.683	HistoryCenter: synchronize 'EURUSD5'
0	11:58:31.448	HistoryCenter: 2 bars imported in 'EURUSD5'
0	11:58:32.002	HistoryCenter: synchronize 'EURUSD5'
0	11:58:32.780	HistoryCenter: 2 bars imported in 'EURUSD5'
0	11:58:33.884	HistoryCenter: synchronize 'EURUSD5'
0	11:58:34.669	HistoryCenter: 2 bars imported in 'EURUSD5'
0	11:58:35.775	HistoryCenter: synchronize 'EURUSD5'
0	11:58:36.528	HistoryCenter: 2 bars imported in 'EURUSD5'
0	11:58:37.623	HistoryCenter: synchronize 'EURUSD5'
0	11:58:38.418	HistoryCenter: 2 bars imported in 'EURUSD5'
0	11:58:38.966	HistoryCenter: synchronize 'EURUSD5'
0	11:58:39.738	HistoryCenter: 2 bars imported in 'EURUSD5'
0	11:58:40.837	HistoryCenter: synchronize 'EURUSD5'
0	11:58:41.611	HistoryCenter: 2 bars imported in 'EURUSD5'
0	11:58:42.716	HistoryCenter: synchronize 'EURUSD5'
0	11:58:43.475	HistoryCenter: 2 bars imported in 'EURUSD5'
0	11:58:44.015	HistoryCenter: synchronize 'EURUSD5'
0	11:58:44.798	HistoryCenter: 2 bars imported in 'EURUSD5'
0	11:58:45.901	HistoryCenter: synchronize 'EURUSD5'
0	11:58:46.630	HistoryCenter: 2 bars imported in 'EURUSD5'
0	11:58:47.732	HistoryCenter: synchronize 'EURUSD5'
0	11:58:48.477	HistoryCenter: 2 bars imported in 'EURUSD5'
0	11:58:49.026	HistoryCenter: synchronize 'EURUSD5'
0	11:58:49.775	HistoryCenter: 2 bars imported in 'EURUSD5'
0	11:58:50.868	HistoryCenter: synchronize 'EURUSD5'
0	11:58:51.625	HistoryCenter: 2 bars imported in 'EURUSD5'
0	11:58:52.728	HistoryCenter: synchronize 'EURUSD5'
0	11:58:53.519	HistoryCenter: 2 bars imported in 'EURUSD5'
0	11:58:55.166	HistoryCenter: synchronize 'EURUSD5'
0	11:58:55.926	HistoryCenter: 2 bars imported in 'EURUSD5'
0	11:58:56.476	HistoryCenter: synchronize 'EURUSD5'
0	11:58:57.529	HistoryCenter: 2 bars imported in 'EURUSD5'
0	11:58:58.083	HistoryCenter: synchronize 'EURUSD5'
0	11:58:58.898	HistoryCenter: 2 bars imported in 'EURUSD5'
0	11:58:59.455	HistoryCenter: synchronize 'EURUSD5'
0	11:59:00.218	HistoryCenter: 2 bars imported in 'EURUSD5'
0	11:59:01.316	HistoryCenter: synchronize 'EURUSD5'
0	11:59:02.082	HistoryCenter: 2 bars imported in 'EURUSD5'
0	11:59:03.185	HistoryCenter: synchronize 'EURUSD5'
0	11:59:03.943	HistoryCenter: 2 bars imported in 'EURUSD5'
0	11:59:04.494	HistoryCenter: synchronize 'EURUSD5'
0	11:59:05.245	HistoryCenter: 2 bars imported in 'EURUSD5'
0	11:59:05.245	HistoryCenter: synchronize 'USDJPY5'
0	11:59:06.004	HistoryCenter: 2 bars imported in 'USDJPY5'
0	11:59:07.106	HistoryCenter: synchronize 'USDJPY5'
0	11:59:07.849	HistoryCenter: 2 bars imported in 'USDJPY5'
0	11:59:08.401	HistoryCenter: synchronize 'USDJPY5'
0	11:59:09.158	HistoryCenter: 2 bars imported in 'USDJPY5'
0	11:59:10.252	HistoryCenter: synchronize 'USDJPY5'
0	11:59:10.979	HistoryCenter: 2 bars imported in 'USDJPY5'
0	11:59:10.979	HistoryCenter: synchronize 'EURJPY5'
0	11:59:11.732	HistoryCenter: 2 bars imported in 'EURJPY5'
0	11:59:12.832	HistoryCenter: synchronize 'EURJPY5'
0	11:59:13.678	HistoryCenter: 2 bars imported in 'EURJPY5'
0	11:59:14.782	HistoryCenter: synchronize 'EURJPY5'
0	11:59:15.529	HistoryCenter: 2 bars imported in 'EURJPY5'
0	11:59:16.079	HistoryCenter: synchronize 'EURJPY5'
0	11:59:16.824	HistoryCenter: 2 bars imported in 'EURJPY5'
0	11:59:17.917	HistoryCenter: synchronize 'EURJPY5'
0	11:59:18.689	HistoryCenter: 2 bars imported in 'EURJPY5'
0	11:59:19.787	HistoryCenter: synchronize 'EURJPY5'
0	11:59:20.539	HistoryCenter: 2 bars imported in 'EURJPY5'
0	11:59:21.096	HistoryCenter: synchronize 'EURJPY5'
0	11:59:23.110	HistoryCenter: 2 bars imported in 'EURJPY5'
0	11:59:23.659	HistoryCenter: synchronize 'EURJPY5'
0	11:59:24.409	HistoryCenter: 2 bars imported in 'EURJPY5'
0	11:59:24.965	HistoryCenter: synchronize 'EURJPY5'
0	11:59:25.732	HistoryCenter: 2 bars imported in 'EURJPY5'
0	11:59:26.835	HistoryCenter: synchronize 'EURJPY5'
0	11:59:27.615	HistoryCenter: 2 bars imported in 'EURJPY5'
0	11:59:28.140	HistoryCenter: synchronize 'EURJPY5'
0	11:59:28.907	HistoryCenter: 2 bars imported in 'EURJPY5'
0	11:59:29.967	HistoryCenter: synchronize 'EURJPY5'
0	11:59:30.711	HistoryCenter: 2 bars imported in 'EURJPY5'
0	11:59:31.773	HistoryCenter: synchronize 'EURJPY5'
0	11:59:32.550	HistoryCenter: 2 bars imported in 'EURJPY5'
0	11:59:33.092	HistoryCenter: synchronize 'EURJPY5'
0	11:59:33.838	HistoryCenter: 2 bars imported in 'EURJPY5'
0	11:59:34.935	HistoryCenter: synchronize 'EURJPY5'
0	11:59:35.740	HistoryCenter: 2 bars imported in 'EURJPY5'
0	11:59:36.292	HistoryCenter: synchronize 'BTCUSD5'
0	11:59:38.417	HistoryCenter: 7162 bars imported in 'BTCUSD5'
2	12:00:29.775	Custom indicator fadedbckgrnd2__1 BTCUSD,M5: removed
2	12:00:29.776	Custom indicator FixedChartScale BTCUSD,M5: removed
2	12:00:29.791	Custom indicator Price Pro Value Chart Profissional - PT-BR BTCUSD,M5: removed
2	12:00:29.800	Custom indicator fadedbckgrnd2__1 BTCUSD,M5: loaded successfully
2	12:00:29.809	Custom indicator FixedChartScale BTCUSD,M5: loaded successfully
2	12:00:29.919	Custom indicator Price Pro Value Chart Profissional - PT-BR BTCUSD,M5: loaded successfully
0	12:00:30.530	HistoryCenter: synchronize 'BTCUSD5'
0	12:00:31.286	HistoryCenter: 2 bars imported in 'BTCUSD5'
0	12:00:31.820	HistoryCenter: synchronize 'BTCUSD5'
0	12:00:32.561	HistoryCenter: 2 bars imported in 'BTCUSD5'
0	12:00:33.633	HistoryCenter: synchronize 'BTCUSD5'
0	12:00:34.378	HistoryCenter: 2 bars imported in 'BTCUSD5'
0	12:00:35.483	HistoryCenter: synchronize 'BTCUSD5'
0	12:00:36.249	HistoryCenter: 2 bars imported in 'BTCUSD5'
0	12:01:11.085	HistoryCenter: synchronize 'BTCUSD5'
0	12:01:11.884	HistoryCenter: 2 bars imported in 'BTCUSD5'
0	12:01:13.540	HistoryCenter: synchronize 'BTCUSD5'
0	12:01:14.266	HistoryCenter: 2 bars imported in 'BTCUSD5'
0	12:01:15.368	HistoryCenter: synchronize 'BTCUSD5'
0	12:01:16.144	HistoryCenter: 2 bars imported in 'BTCUSD5'
0	12:01:17.252	HistoryCenter: synchronize 'BTCUSD5'
0	12:01:17.991	HistoryCenter: 2 bars imported in 'BTCUSD5'
0	12:01:18.545	HistoryCenter: synchronize 'BTCUSD5'
0	12:01:19.325	HistoryCenter: 2 bars imported in 'BTCUSD5'
0	12:01:20.420	HistoryCenter: synchronize 'BTCUSD5'
0	12:01:21.171	HistoryCenter: 2 bars imported in 'BTCUSD5'
0	12:01:44.836	HistoryCenter: synchronize 'BTCUSD5'
0	12:01:45.589	HistoryCenter: 2 bars imported in 'BTCUSD5'
0	12:01:46.687	HistoryCenter: synchronize 'BTCUSD5'
0	12:01:47.448	HistoryCenter: 2 bars imported in 'BTCUSD5'
0	12:01:47.993	HistoryCenter: synchronize 'BTCUSD5'
0	12:01:48.749	HistoryCenter: 2 bars imported in 'BTCUSD5'
0	12:01:49.849	HistoryCenter: synchronize 'BTCUSD5'
0	12:01:50.606	HistoryCenter: 2 bars imported in 'BTCUSD5'
0	12:01:51.147	HistoryCenter: synchronize 'BTCUSD5'
0	12:01:51.892	HistoryCenter: 2 bars imported in 'BTCUSD5'
0	12:02:16.565	HistoryCenter: synchronize 'BTCUSD5'
0	12:02:17.338	HistoryCenter: 2 bars imported in 'BTCUSD5'
0	12:02:18.445	HistoryCenter: synchronize 'BTCUSD5'
0	12:02:19.210	HistoryCenter: 2 bars imported in 'BTCUSD5'
0	12:02:19.757	HistoryCenter: synchronize 'BTCUSD5'
0	12:02:20.501	HistoryCenter: 2 bars imported in 'BTCUSD5'
0	12:03:30.801	HistoryCenter: synchronize 'BTCUSD5'
0	12:03:31.565	HistoryCenter: 2 bars imported in 'BTCUSD5'
0	12:03:32.671	HistoryCenter: synchronize 'BTCUSD5'
0	12:03:33.438	HistoryCenter: 2 bars imported in 'BTCUSD5'
0	12:03:33.986	HistoryCenter: synchronize 'BTCUSD5'
0	12:03:34.758	HistoryCenter: 2 bars imported in 'BTCUSD5'
0	12:04:14.805	HistoryCenter: synchronize 'BTCUSD5'
0	12:04:15.589	HistoryCenter: 2 bars imported in 'BTCUSD5'
0	12:04:16.700	HistoryCenter: synchronize 'BTCUSD5'
0	12:04:17.475	HistoryCenter: 2 bars imported in 'BTCUSD5'
0	12:04:18.022	HistoryCenter: synchronize 'BTCUSD5'
0	12:04:18.783	HistoryCenter: 2 bars imported in 'BTCUSD5'
0	12:04:19.885	HistoryCenter: synchronize 'BTCUSD5'
0	12:04:20.638	HistoryCenter: 2 bars imported in 'BTCUSD5'
0	12:05:43.674	HistoryCenter: synchronize 'BTCUSD5'
0	12:05:44.419	HistoryCenter: 2 bars imported in 'BTCUSD5'
0	12:05:45.519	HistoryCenter: synchronize 'BTCUSD5'
0	12:05:46.313	HistoryCenter: 2 bars imported in 'BTCUSD5'
0	12:05:46.860	HistoryCenter: synchronize 'BTCUSD5'
0	12:05:47.618	HistoryCenter: 2 bars imported in 'BTCUSD5'
0	12:05:48.717	HistoryCenter: synchronize 'BTCUSD5'
0	12:05:49.449	HistoryCenter: 2 bars imported in 'BTCUSD5'
0	12:05:49.982	HistoryCenter: synchronize 'BTCUSD5'
0	12:05:50.745	HistoryCenter: 2 bars imported in 'BTCUSD5'
0	12:12:20.120	HistoryCenter: synchronize 'BTCUSD5'
0	12:12:20.904	HistoryCenter: 2 bars imported in 'BTCUSD5'
0	12:12:22.548	HistoryCenter: synchronize 'BTCUSD5'
0	12:12:23.286	HistoryCenter: 2 bars imported in 'BTCUSD5'
2	12:13:13.788	Custom indicator fadedbckgrnd2__1 ETHUSD,M5: loaded successfully
2	12:13:13.797	Custom indicator FixedChartScale ETHUSD,M5: loaded successfully
2	12:13:13.907	Custom indicator Price Pro Value Chart Profissional - PT-BR ETHUSD,M5: loaded successfully
0	12:13:14.188	HistoryCenter: synchronize 'ETHUSD5'
0	12:13:15.194	HistoryCenter: 2048 bars imported in 'ETHUSD5'
0	12:13:16.757	HistoryCenter: synchronize 'ETHUSD5'
0	12:13:17.517	HistoryCenter: 2 bars imported in 'ETHUSD5'
0	12:13:18.584	HistoryCenter: synchronize 'ETHUSD5'
0	12:13:19.351	HistoryCenter: 2 bars imported in 'ETHUSD5'
0	12:13:20.420	HistoryCenter: synchronize 'ETHUSD5'
0	12:13:21.166	HistoryCenter: 2 bars imported in 'ETHUSD5'
0	12:13:22.262	HistoryCenter: synchronize 'ETHUSD5'
0	12:13:23.043	HistoryCenter: 2 bars imported in 'ETHUSD5'
2	12:13:48.636	Custom indicator fadedbckgrnd2__1 LTCUSD,M5: loaded successfully
2	12:13:48.645	Custom indicator FixedChartScale LTCUSD,M5: loaded successfully
2	12:13:48.754	Custom indicator Price Pro Value Chart Profissional - PT-BR LTCUSD,M5: loaded successfully
0	12:13:49.035	HistoryCenter: synchronize 'LTCUSD5'
0	12:13:50.304	HistoryCenter: 2048 bars imported in 'LTCUSD5'
0	12:13:50.862	HistoryCenter: synchronize 'LTCUSD5'
0	12:13:51.603	HistoryCenter: 2 bars imported in 'LTCUSD5'
0	12:13:52.153	HistoryCenter: synchronize 'LTCUSD5'
0	12:13:52.887	HistoryCenter: 2 bars imported in 'LTCUSD5'
0	12:13:53.437	HistoryCenter: synchronize 'LTCUSD5'
0	12:13:54.182	HistoryCenter: 2 bars imported in 'LTCUSD5'
0	12:13:55.287	HistoryCenter: synchronize 'LTCUSD5'
0	12:13:56.022	HistoryCenter: 2 bars imported in 'LTCUSD5'
2	12:15:04.487	Custom indicator fadedbckgrnd2__1 ETHUSD,M5: removed
2	12:15:04.488	Custom indicator FixedChartScale ETHUSD,M5: removed
2	12:15:04.503	Custom indicator Price Pro Value Chart Profissional - PT-BR ETHUSD,M5: removed
2	12:15:08.549	Custom indicator fadedbckgrnd2__1 BTCUSD,M5: removed
2	12:15:08.550	Custom indicator FixedChartScale BTCUSD,M5: removed
2	12:15:08.564	Custom indicator Price Pro Value Chart Profissional - PT-BR BTCUSD,M5: removed
2	12:15:08.574	Custom indicator fadedbckgrnd2__1 BTCUSD,M5: loaded successfully
2	12:15:08.582	Custom indicator FixedChartScale BTCUSD,M5: loaded successfully
2	12:15:08.689	Custom indicator Price Pro Value Chart Profissional - PT-BR BTCUSD,M5: loaded successfully
0	12:15:09.002	HistoryCenter: synchronize 'BTCUSD5'
0	12:15:09.769	HistoryCenter: 2 bars imported in 'BTCUSD5'
0	12:15:10.879	HistoryCenter: synchronize 'BTCUSD5'
0	12:15:11.658	HistoryCenter: 2 bars imported in 'BTCUSD5'
0	12:15:12.206	HistoryCenter: synchronize 'BTCUSD5'
0	12:15:12.992	HistoryCenter: 2 bars imported in 'BTCUSD5'
2	12:15:57.264	Custom indicator fadedbckgrnd2__1 BTCUSD,M5: removed
2	12:15:57.265	Custom indicator FixedChartScale BTCUSD,M5: removed
2	12:15:57.280	Custom indicator Price Pro Value Chart Profissional - PT-BR BTCUSD,M5: removed
2	12:15:58.164	Custom indicator fadedbckgrnd2__1 LTCUSD,M5: removed
2	12:15:58.165	Custom indicator FixedChartScale LTCUSD,M5: removed
2	12:15:58.180	Custom indicator Price Pro Value Chart Profissional - PT-BR LTCUSD,M5: removed
2	12:16:20.206	Expert EABiBot_Tick USDCAD,M5: loaded successfully
2	12:17:03.760	Custom indicator fadedbckgrnd2__1 EURUSD-OTC,M5: loaded successfully
2	12:17:03.770	Custom indicator FixedChartScale EURUSD-OTC,M5: loaded successfully
2	12:17:03.877	Custom indicator Price Pro Value Chart Profissional - PT-BR EURUSD-OTC,M5: loaded successfully
2	12:25:57.549	Custom indicator fadedbckgrnd2__1 EURJPY-OTC,M5: loaded successfully
2	12:25:57.558	Custom indicator FixedChartScale EURJPY-OTC,M5: loaded successfully
2	12:25:57.664	Custom indicator Price Pro Value Chart Profissional - PT-BR EURJPY-OTC,M5: loaded successfully
2	12:26:52.925	Custom indicator fadedbckgrnd2__1 USDJPY-OTC,M5: loaded successfully
2	12:26:52.937	Custom indicator FixedChartScale USDJPY-OTC,M5: loaded successfully
2	12:26:53.041	Custom indicator Price Pro Value Chart Profissional - PT-BR USDJPY-OTC,M5: loaded successfully
2	12:48:25.459	Custom indicator fadedbckgrnd2__1 EURJPY-OTC,M5: removed
2	12:48:25.463	Custom indicator FixedChartScale EURJPY-OTC,M5: removed
2	12:48:25.479	Custom indicator Price Pro Value Chart Profissional - PT-BR EURJPY-OTC,M5: removed
2	12:48:25.491	Custom indicator iclock_mod1 EURJPY-OTC,M5: loaded successfully
2	12:48:28.249	Custom indicator iclock_mod1 EURJPY-OTC,M5: removed
2	12:48:28.257	Custom indicator fadedbckgrnd2__1 EURJPY-OTC,M5: loaded successfully
2	12:48:28.265	Custom indicator FixedChartScale EURJPY-OTC,M5: loaded successfully
2	12:48:28.381	Custom indicator Price Pro Value Chart Profissional - PT-BR EURJPY-OTC,M5: loaded successfully
2	12:48:32.459	Custom indicator fadedbckgrnd2__1 USDJPY-OTC,M5: removed
2	12:48:32.459	Custom indicator FixedChartScale USDJPY-OTC,M5: removed
2	12:48:32.475	Custom indicator Price Pro Value Chart Profissional - PT-BR USDJPY-OTC,M5: removed
2	12:48:32.483	Custom indicator fadedbckgrnd2__1 USDJPY-OTC,M5: loaded successfully
2	12:48:32.491	Custom indicator FixedChartScale USDJPY-OTC,M5: loaded successfully
2	12:48:32.600	Custom indicator Price Pro Value Chart Profissional - PT-BR USDJPY-OTC,M5: loaded successfully
2	12:48:50.926	Custom indicator fadedbckgrnd2__1 EURUSD-OTC,M5: removed
2	12:48:50.926	Custom indicator FixedChartScale EURUSD-OTC,M5: removed
2	12:48:50.937	Custom indicator Price Pro Value Chart Profissional - PT-BR EURUSD-OTC,M5: removed
2	12:48:50.949	Custom indicator fadedbckgrnd2__1 EURUSD-OTC,M5: loaded successfully
2	12:48:50.957	Custom indicator FixedChartScale EURUSD-OTC,M5: loaded successfully
2	12:48:51.065	Custom indicator Price Pro Value Chart Profissional - PT-BR EURUSD-OTC,M5: loaded successfully
2	12:50:08.108	Custom indicator fadedbckgrnd2__1 EURJPY-OTC,M5: removed
2	12:50:08.108	Custom indicator FixedChartScale EURJPY-OTC,M5: removed
2	12:50:08.120	Custom indicator Price Pro Value Chart Profissional - PT-BR EURJPY-OTC,M5: removed
2	12:50:08.128	Custom indicator fadedbckgrnd2__1 EURJPY-OTC,M5: loaded successfully
2	12:50:08.136	Custom indicator FixedChartScale EURJPY-OTC,M5: loaded successfully
2	12:50:08.245	Custom indicator Price Pro Value Chart Profissional - PT-BR EURJPY-OTC,M5: loaded successfully
2	12:50:40.775	Custom indicator fadedbckgrnd2__1 USDJPY-OTC,M5: removed
2	12:50:40.775	Custom indicator FixedChartScale USDJPY-OTC,M5: removed
2	12:50:40.791	Custom indicator Price Pro Value Chart Profissional - PT-BR USDJPY-OTC,M5: removed
2	12:50:40.807	Custom indicator fadedbckgrnd2__1 USDJPY-OTC,M5: loaded successfully
2	12:50:40.819	Custom indicator FixedChartScale USDJPY-OTC,M5: loaded successfully
2	12:50:40.955	Custom indicator Price Pro Value Chart Profissional - PT-BR USDJPY-OTC,M5: loaded successfully
2	12:51:02.884	Custom indicator fadedbckgrnd2__1 USDJPY-OTC,M5: removed
2	12:51:02.884	Custom indicator FixedChartScale USDJPY-OTC,M5: removed
2	12:51:02.899	Custom indicator Price Pro Value Chart Profissional - PT-BR USDJPY-OTC,M5: removed
2	12:51:04.779	Custom indicator fadedbckgrnd2__1 EURJPY-OTC,M5: removed
2	12:51:04.779	Custom indicator FixedChartScale EURJPY-OTC,M5: removed
2	12:51:04.795	Custom indicator Price Pro Value Chart Profissional - PT-BR EURJPY-OTC,M5: removed
2	12:52:28.062	Expert EABiBot_Tick USDCAD,M5: removed
2	12:52:28.074	Custom indicator fadedbckgrnd2__1 EURUSD-OTC,M5: removed
2	12:52:28.078	Custom indicator FixedChartScale EURUSD-OTC,M5: removed
2	12:52:28.102	Custom indicator Price Pro Value Chart Profissional - PT-BR EURUSD-OTC,M5: removed
0	12:52:28.310	Alpari MT4 build 1359 stopped
0	13:03:51.312	Alpari MT4 build 1359 started (Alpari International)
0	13:03:51.312	Windows 10 Pro x64, IE 11, UAC, 8 x Intel Core i7-7700HQ  @ 2.80GHz, Memory: 11909 / 16267 Mb, Disk: 389 / 476 Gb, GMT-3
0	13:03:51.312	Data Folder: C:\Users\Administrator\AppData\Roaming\MetaQuotes\Terminal\287469DEA9630EA94D0715D755974F1B
2	13:03:52.568	Expert EABiBot_Tick USDCAD,M5: loaded successfully
2	13:03:52.592	Custom indicator fadedbckgrnd2__1 EURUSD-OTC,M5: loaded successfully
2	13:03:52.600	Custom indicator FixedChartScale EURUSD-OTC,M5: loaded successfully
2	13:03:52.722	Custom indicator Price Pro Value Chart Profissional - PT-BR EURUSD-OTC,M5: loaded successfully
2	13:03:52.930	Custom indicator Price Pro Value Chart Profissional - PT-BR EURUSD-OTC,M5: removed
0	13:03:54.620	'15069840': login on Alpari-Demo through Demo.Europe.2:444 (ping: 249.03 ms)
0	13:03:57.998	'15069840': login datacenter on Alpari-Demo through Demo.Europe.2:444 (ping: 249.03 ms)
0	13:03:58.743	'15069840': previous successful authorization performed from 177.13.220.109
2	13:04:07.089	Custom indicator fadedbckgrnd2__1 EURUSD-OTC,M5: removed
2	13:04:07.089	Custom indicator FixedChartScale EURUSD-OTC,M5: removed
2	13:04:07.101	Custom indicator fadedbckgrnd2__1 EURUSD-OTC,M5: loaded successfully
2	13:04:07.109	Custom indicator FixedChartScale EURUSD-OTC,M5: loaded successfully
2	13:04:07.221	Custom indicator Price Pro Value Chart Profissional - PT-BR EURUSD-OTC,M5: loaded successfully
3	13:04:20.474	HistoryBase: invalid database header for 'EURUSD-OTC5'
3	13:04:20.474	HistoryBase: invalid database header for 'EURUSD-OTC5'
0	13:04:48.649	'15069840': ping to current access point Demo.Europe.2:444 is 253.23 ms
2	13:06:31.298	Custom indicator fadedbckgrnd2__1 EURUSD-OTC,M5: removed
2	13:06:31.300	Custom indicator FixedChartScale EURUSD-OTC,M5: removed
2	13:06:31.312	Custom indicator Price Pro Value Chart Profissional - PT-BR EURUSD-OTC,M5: removed
2	13:06:31.912	Expert EABiBot_Tick USDCAD,M5: removed
2	13:07:16.336	Custom indicator fadedbckgrnd2__1 BTCUSD,M5: loaded successfully
2	13:07:16.344	Custom indicator FixedChartScale BTCUSD,M5: loaded successfully
2	13:07:16.456	Custom indicator Price Pro Value Chart Profissional - PT-BR BTCUSD,M5: loaded successfully
0	13:07:18.516	HistoryCenter: synchronize 'BTCUSD5'
0	13:07:20.290	HistoryCenter: 2 bars imported in 'BTCUSD5'
0	13:07:20.843	HistoryCenter: synchronize 'BTCUSD5'
0	13:07:22.374	HistoryCenter: 2 bars imported in 'BTCUSD5'
0	13:07:22.893	HistoryCenter: synchronize 'BTCUSD5'
0	13:07:25.337	HistoryCenter: 2 bars imported in 'BTCUSD5'
2	13:08:04.409	Custom indicator fadedbckgrnd2__1 AUDUSD,M5: loaded successfully
2	13:08:04.417	Custom indicator FixedChartScale AUDUSD,M5: loaded successfully
2	13:08:04.531	Custom indicator Price Pro Value Chart Profissional - PT-BR AUDUSD,M5: loaded successfully
0	13:08:06.463	HistoryCenter: synchronize 'AUDUSD5'
0	13:08:09.252	HistoryCenter: 2 bars imported in 'AUDUSD5'
0	13:08:09.801	HistoryCenter: synchronize 'AUDUSD5'
0	13:08:11.796	HistoryCenter: 2 bars imported in 'AUDUSD5'
0	13:08:12.879	HistoryCenter: synchronize 'AUDUSD5'
0	13:08:13.717	HistoryCenter: 2 bars imported in 'AUDUSD5'
0	13:08:14.266	HistoryCenter: synchronize 'AUDUSD5'
0	13:08:15.161	HistoryCenter: 2 bars imported in 'AUDUSD5'
0	13:08:16.241	HistoryCenter: synchronize 'AUDUSD5'
0	13:08:17.925	HistoryCenter: 2 bars imported in 'AUDUSD5'
2	13:08:47.239	Custom indicator fadedbckgrnd2__1 EURJPY,M5: loaded successfully
2	13:08:47.251	Custom indicator FixedChartScale EURJPY,M5: loaded successfully
2	13:08:47.363	Custom indicator Price Pro Value Chart Profissional - PT-BR EURJPY,M5: loaded successfully
0	13:08:47.671	HistoryCenter: synchronize 'EURJPY5'
0	13:08:48.441	HistoryCenter: 2 bars imported in 'EURJPY5'
0	13:08:50.041	HistoryCenter: synchronize 'EURJPY5'
0	13:08:50.792	HistoryCenter: 2 bars imported in 'EURJPY5'
0	13:08:51.870	HistoryCenter: synchronize 'EURJPY5'
0	13:08:53.821	HistoryCenter: 2 bars imported in 'EURJPY5'
0	13:08:54.925	HistoryCenter: synchronize 'EURJPY5'
0	13:08:55.961	HistoryCenter: 2 bars imported in 'EURJPY5'
0	13:08:57.026	HistoryCenter: synchronize 'EURJPY5'
0	13:08:58.418	HistoryCenter: 2 bars imported in 'EURJPY5'
0	13:08:58.944	HistoryCenter: synchronize 'EURJPY5'
0	13:08:59.994	HistoryCenter: 2 bars imported in 'EURJPY5'
0	13:09:01.051	HistoryCenter: synchronize 'EURJPY5'
0	13:09:01.812	HistoryCenter: 2 bars imported in 'EURJPY5'
0	13:09:02.911	HistoryCenter: synchronize 'EURJPY5'
0	13:09:03.664	HistoryCenter: 2 bars imported in 'EURJPY5'
0	13:09:04.744	HistoryCenter: synchronize 'EURJPY5'
0	13:09:06.176	HistoryCenter: 2 bars imported in 'EURJPY5'
2	13:09:23.306	Custom indicator fadedbckgrnd2__1 EURGBP,M5: loaded successfully
2	13:09:23.314	Custom indicator FixedChartScale EURGBP,M5: loaded successfully
2	13:09:23.428	Custom indicator Price Pro Value Chart Profissional - PT-BR EURGBP,M5: loaded successfully
0	13:09:23.761	HistoryCenter: synchronize 'EURGBP5'
0	13:09:25.131	HistoryCenter: 2 bars imported in 'EURGBP5'
0	13:09:25.666	HistoryCenter: synchronize 'EURGBP5'
0	13:09:26.428	HistoryCenter: 2 bars imported in 'EURGBP5'
0	13:09:26.980	HistoryCenter: synchronize 'EURGBP5'
0	13:09:28.141	HistoryCenter: 2 bars imported in 'EURGBP5'
0	13:09:28.681	HistoryCenter: synchronize 'EURGBP5'
0	13:09:29.466	HistoryCenter: 2 bars imported in 'EURGBP5'
0	13:09:30.001	HistoryCenter: synchronize 'EURGBP5'
0	13:09:30.783	HistoryCenter: 2 bars imported in 'EURGBP5'
0	13:09:31.850	HistoryCenter: synchronize 'EURGBP5'
0	13:09:32.610	HistoryCenter: 2 bars imported in 'EURGBP5'
0	13:09:33.156	HistoryCenter: synchronize 'EURGBP5'
0	13:09:33.893	HistoryCenter: 2 bars imported in 'EURGBP5'
2	13:09:51.778	Custom indicator fadedbckgrnd2__1 USDJPY,M5: loaded successfully
2	13:09:51.786	Custom indicator FixedChartScale USDJPY,M5: loaded successfully
2	13:09:51.894	Custom indicator Price Pro Value Chart Profissional - PT-BR USDJPY,M5: loaded successfully
0	13:09:52.210	HistoryCenter: synchronize 'USDJPY5'
0	13:09:52.961	HistoryCenter: 2 bars imported in 'USDJPY5'
0	13:09:54.026	HistoryCenter: synchronize 'USDJPY5'
0	13:09:54.765	HistoryCenter: 2 bars imported in 'USDJPY5'
0	13:09:55.293	HistoryCenter: synchronize 'USDJPY5'
0	13:09:56.056	HistoryCenter: 2 bars imported in 'USDJPY5'
0	13:09:56.590	HistoryCenter: synchronize 'USDJPY5'
0	13:09:57.365	HistoryCenter: 2 bars imported in 'USDJPY5'
0	13:09:58.440	HistoryCenter: synchronize 'USDJPY5'
0	13:09:59.288	HistoryCenter: 2 bars imported in 'USDJPY5'
0	13:10:00.350	HistoryCenter: synchronize 'USDJPY5'
0	13:10:01.121	HistoryCenter: 2 bars imported in 'USDJPY5'
2	13:10:22.864	Custom indicator fadedbckgrnd2__1 USDCHF,M5: loaded successfully
2	13:10:22.872	Custom indicator FixedChartScale USDCHF,M5: loaded successfully
2	13:10:22.979	Custom indicator Price Pro Value Chart Profissional - PT-BR USDCHF,M5: loaded successfully
0	13:10:23.443	HistoryCenter: synchronize 'USDCHF5'
0	13:10:24.212	HistoryCenter: 2 bars imported in 'USDCHF5'
0	13:10:25.296	HistoryCenter: synchronize 'USDCHF5'
0	13:10:26.141	HistoryCenter: 2 bars imported in 'USDCHF5'
0	13:10:26.679	HistoryCenter: synchronize 'USDCHF5'
0	13:10:27.820	HistoryCenter: 2 bars imported in 'USDCHF5'
0	13:10:28.368	HistoryCenter: synchronize 'USDCHF5'
0	13:10:29.194	HistoryCenter: 2 bars imported in 'USDCHF5'
0	13:10:30.255	HistoryCenter: synchronize 'USDCHF5'
0	13:10:31.004	HistoryCenter: 2 bars imported in 'USDCHF5'
0	13:10:31.530	HistoryCenter: synchronize 'USDCHF5'
0	13:10:32.496	HistoryCenter: 2 bars imported in 'USDCHF5'
0	13:10:33.560	HistoryCenter: synchronize 'USDCHF5'
0	13:10:34.475	HistoryCenter: 2 bars imported in 'USDCHF5'
2	13:10:50.714	Custom indicator fadedbckgrnd2__1 EURUSD,M5: loaded successfully
2	13:10:50.722	Custom indicator FixedChartScale EURUSD,M5: loaded successfully
2	13:10:50.834	Custom indicator Price Pro Value Chart Profissional - PT-BR EURUSD,M5: loaded successfully
0	13:10:51.138	HistoryCenter: synchronize 'EURUSD5'
0	13:10:51.881	HistoryCenter: 2 bars imported in 'EURUSD5'
0	13:10:52.945	HistoryCenter: synchronize 'EURUSD5'
0	13:10:53.670	HistoryCenter: 2 bars imported in 'EURUSD5'
0	13:10:54.193	HistoryCenter: synchronize 'EURUSD5'
0	13:10:54.926	HistoryCenter: 2 bars imported in 'EURUSD5'
0	13:10:55.456	HistoryCenter: synchronize 'EURUSD5'
0	13:10:56.225	HistoryCenter: 2 bars imported in 'EURUSD5'
0	13:10:57.287	HistoryCenter: synchronize 'EURUSD5'
0	13:10:58.383	HistoryCenter: 2 bars imported in 'EURUSD5'
0	13:11:22.039	HistoryCenter: synchronize 'EURUSD5'
0	13:11:23.583	HistoryCenter: 2 bars imported in 'EURUSD5'
0	13:11:24.641	HistoryCenter: synchronize 'EURUSD5'
0	13:11:26.156	HistoryCenter: 2 bars imported in 'EURUSD5'
0	13:11:27.254	HistoryCenter: synchronize 'EURUSD5'
0	13:11:28.749	HistoryCenter: 2 bars imported in 'EURUSD5'
0	13:11:29.291	HistoryCenter: synchronize 'EURUSD5'
0	13:11:31.254	HistoryCenter: 2 bars imported in 'EURUSD5'
0	13:11:32.323	HistoryCenter: synchronize 'EURUSD5'
0	13:11:33.058	HistoryCenter: 2 bars imported in 'EURUSD5'
0	13:11:34.134	HistoryCenter: synchronize 'EURUSD5'
0	13:11:35.180	HistoryCenter: 2 bars imported in 'EURUSD5'
0	13:11:36.249	HistoryCenter: synchronize 'EURUSD5'
0	13:11:36.996	HistoryCenter: 2 bars imported in 'EURUSD5'
0	13:11:38.101	HistoryCenter: synchronize 'EURUSD5'
0	13:11:38.851	HistoryCenter: 2 bars imported in 'EURUSD5'
2	13:11:39.156	Custom indicator fadedbckgrnd2__1 BTCUSD,M5: removed
2	13:11:39.160	Custom indicator FixedChartScale BTCUSD,M5: removed
2	13:11:39.172	Custom indicator Price Pro Value Chart Profissional - PT-BR BTCUSD,M5: removed
2	13:11:39.180	Custom indicator fadedbckgrnd2__1 BTCUSD,M5: loaded successfully
2	13:11:39.188	Custom indicator FixedChartScale BTCUSD,M5: loaded successfully
2	13:11:39.295	Custom indicator Price Pro Value Chart Profissional - PT-BR BTCUSD,M5: loaded successfully
0	13:11:39.395	HistoryCenter: synchronize 'EURUSD5'
0	13:11:40.136	HistoryCenter: 2 bars imported in 'EURUSD5'
0	13:11:40.136	HistoryCenter: synchronize 'BTCUSD5'
0	13:11:41.000	HistoryCenter: 2 bars imported in 'BTCUSD5'
0	13:11:41.538	HistoryCenter: synchronize 'EURUSD5'
0	13:11:42.309	HistoryCenter: 2 bars imported in 'EURUSD5'
0	13:11:42.309	HistoryCenter: synchronize 'BTCUSD5'
0	13:11:43.123	HistoryCenter: 2 bars imported in 'BTCUSD5'
0	13:11:43.650	HistoryCenter: synchronize 'EURUSD5'
0	13:11:44.660	HistoryCenter: 2 bars imported in 'EURUSD5'
0	13:11:44.660	HistoryCenter: synchronize 'BTCUSD5'
0	13:11:45.426	HistoryCenter: 2 bars imported in 'BTCUSD5'
0	13:11:45.964	HistoryCenter: synchronize 'EURUSD5'
0	13:11:46.743	HistoryCenter: 2 bars imported in 'EURUSD5'
0	13:11:46.743	HistoryCenter: synchronize 'BTCUSD5'
0	13:11:47.910	HistoryCenter: 2 bars imported in 'BTCUSD5'
0	13:11:48.445	HistoryCenter: synchronize 'EURUSD5'
0	13:11:49.465	HistoryCenter: 2 bars imported in 'EURUSD5'
0	13:11:50.001	HistoryCenter: synchronize 'EURUSD5'
0	13:11:50.862	HistoryCenter: 2 bars imported in 'EURUSD5'
0	13:11:51.416	HistoryCenter: synchronize 'EURUSD5'
0	13:11:52.163	HistoryCenter: 2 bars imported in 'EURUSD5'
0	13:11:53.230	HistoryCenter: synchronize 'EURUSD5'
0	13:11:53.982	HistoryCenter: 2 bars imported in 'EURUSD5'
0	13:11:55.053	HistoryCenter: synchronize 'EURUSD5'
0	13:11:55.800	HistoryCenter: 2 bars imported in 'EURUSD5'
0	13:11:56.332	HistoryCenter: synchronize 'EURUSD5'
0	13:11:57.085	HistoryCenter: 2 bars imported in 'EURUSD5'
0	13:11:58.141	HistoryCenter: synchronize 'EURUSD5'
0	13:11:58.943	HistoryCenter: 2 bars imported in 'EURUSD5'
0	13:11:59.465	HistoryCenter: synchronize 'EURUSD5'
0	13:12:00.241	HistoryCenter: 2 bars imported in 'EURUSD5'
0	13:12:01.315	HistoryCenter: synchronize 'EURUSD5'
0	13:12:02.339	HistoryCenter: 2 bars imported in 'EURUSD5'
0	13:12:03.410	HistoryCenter: synchronize 'EURUSD5'
0	13:12:04.163	HistoryCenter: 2 bars imported in 'EURUSD5'
0	13:12:05.230	HistoryCenter: synchronize 'EURUSD5'
0	13:12:05.973	HistoryCenter: 2 bars imported in 'EURUSD5'
0	13:12:06.500	HistoryCenter: synchronize 'EURUSD5'
2	13:12:06.884	Custom indicator fadedbckgrnd2__1 AUDUSD,M5: removed
2	13:12:06.884	Custom indicator FixedChartScale AUDUSD,M5: removed
2	13:12:06.900	Custom indicator Price Pro Value Chart Profissional - PT-BR AUDUSD,M5: removed
2	13:12:06.908	Custom indicator fadedbckgrnd2__1 AUDUSD,M5: loaded successfully
2	13:12:06.916	Custom indicator FixedChartScale AUDUSD,M5: loaded successfully
2	13:12:07.028	Custom indicator Price Pro Value Chart Profissional - PT-BR AUDUSD,M5: loaded successfully
0	13:12:07.252	HistoryCenter: 2 bars imported in 'EURUSD5'
0	13:12:07.785	HistoryCenter: synchronize 'EURUSD5'
0	13:12:08.540	HistoryCenter: 2 bars imported in 'EURUSD5'
0	13:12:08.540	HistoryCenter: synchronize 'AUDUSD5'
0	13:12:09.290	HistoryCenter: 2 bars imported in 'AUDUSD5'
0	13:12:09.825	HistoryCenter: synchronize 'EURUSD5'
0	13:12:10.571	HistoryCenter: 2 bars imported in 'EURUSD5'
0	13:12:10.571	HistoryCenter: synchronize 'AUDUSD5'
0	13:12:11.332	HistoryCenter: 2 bars imported in 'AUDUSD5'
0	13:12:11.868	HistoryCenter: synchronize 'EURUSD5'
0	13:12:12.605	HistoryCenter: 2 bars imported in 'EURUSD5'
0	13:12:12.605	HistoryCenter: synchronize 'AUDUSD5'
0	13:12:13.348	HistoryCenter: 2 bars imported in 'AUDUSD5'
0	13:12:13.890	HistoryCenter: synchronize 'EURUSD5'
0	13:12:14.663	HistoryCenter: 2 bars imported in 'EURUSD5'
0	13:12:14.663	HistoryCenter: synchronize 'AUDUSD5'
0	13:12:15.429	HistoryCenter: 2 bars imported in 'AUDUSD5'
0	13:12:15.970	HistoryCenter: synchronize 'EURUSD5'
0	13:12:16.783	HistoryCenter: 2 bars imported in 'EURUSD5'
0	13:12:16.783	HistoryCenter: synchronize 'AUDUSD5'
0	13:12:17.531	HistoryCenter: 2 bars imported in 'AUDUSD5'
0	13:12:18.065	HistoryCenter: synchronize 'EURUSD5'
0	13:12:18.846	HistoryCenter: 2 bars imported in 'EURUSD5'
0	13:12:18.846	HistoryCenter: synchronize 'AUDUSD5'
0	13:12:20.037	HistoryCenter: 2 bars imported in 'AUDUSD5'
0	13:12:20.570	HistoryCenter: synchronize 'EURUSD5'
0	13:12:21.306	HistoryCenter: 2 bars imported in 'EURUSD5'
0	13:12:21.306	HistoryCenter: synchronize 'AUDUSD5'
0	13:12:22.973	HistoryCenter: 2 bars imported in 'AUDUSD5'
0	13:12:23.505	HistoryCenter: synchronize 'EURUSD5'
2	13:12:23.756	Custom indicator fadedbckgrnd2__1 BTCUSD,M5: removed
2	13:12:23.756	Custom indicator FixedChartScale BTCUSD,M5: removed
2	13:12:23.776	Custom indicator Price Pro Value Chart Profissional - PT-BR BTCUSD,M5: removed
0	13:12:24.360	HistoryCenter: 2 bars imported in 'EURUSD5'
0	13:12:24.360	HistoryCenter: synchronize 'AUDUSD5'
0	13:12:25.116	HistoryCenter: 2 bars imported in 'AUDUSD5'
0	13:12:25.640	HistoryCenter: synchronize 'EURUSD5'
0	13:12:26.400	HistoryCenter: 2 bars imported in 'EURUSD5'
0	13:12:26.400	HistoryCenter: synchronize 'AUDUSD5'
0	13:12:27.682	HistoryCenter: 2 bars imported in 'AUDUSD5'
0	13:12:28.222	HistoryCenter: synchronize 'EURUSD5'
0	13:12:28.971	HistoryCenter: 2 bars imported in 'EURUSD5'
0	13:12:28.971	HistoryCenter: synchronize 'AUDUSD5'
2	13:12:29.032	Custom indicator fadedbckgrnd2__1 USDCHF,M5: removed
2	13:12:29.032	Custom indicator FixedChartScale USDCHF,M5: removed
2	13:12:29.048	Custom indicator Price Pro Value Chart Profissional - PT-BR USDCHF,M5: removed
0	13:12:30.267	HistoryCenter: 2 bars imported in 'AUDUSD5'
0	13:12:30.795	HistoryCenter: synchronize 'EURUSD5'
0	13:12:31.602	HistoryCenter: 2 bars imported in 'EURUSD5'
0	13:12:31.602	HistoryCenter: synchronize 'AUDUSD5'
0	13:12:32.345	HistoryCenter: 2 bars imported in 'AUDUSD5'
0	13:12:32.886	HistoryCenter: synchronize 'EURUSD5'
0	13:12:33.654	HistoryCenter: 2 bars imported in 'EURUSD5'
0	13:12:33.654	HistoryCenter: synchronize 'AUDUSD5'
0	13:12:34.426	HistoryCenter: 2 bars imported in 'AUDUSD5'
0	13:12:34.970	HistoryCenter: synchronize 'EURUSD5'
0	13:12:37.405	HistoryCenter: 2 bars imported in 'EURUSD5'
0	13:12:37.405	HistoryCenter: synchronize 'AUDUSD5'
0	13:12:38.664	HistoryCenter: 2 bars imported in 'AUDUSD5'
0	13:12:39.210	HistoryCenter: synchronize 'EURUSD5'
0	13:12:40.136	HistoryCenter: 2 bars imported in 'EURUSD5'
0	13:12:40.136	HistoryCenter: synchronize 'AUDUSD5'
0	13:12:40.876	HistoryCenter: 2 bars imported in 'AUDUSD5'
0	13:12:41.422	HistoryCenter: synchronize 'EURUSD5'
0	13:12:42.733	HistoryCenter: 2 bars imported in 'EURUSD5'
0	13:12:42.733	HistoryCenter: synchronize 'AUDUSD5'
0	13:12:43.878	HistoryCenter: 2 bars imported in 'AUDUSD5'
0	13:12:44.401	HistoryCenter: synchronize 'EURUSD5'
0	13:12:45.239	HistoryCenter: 2 bars imported in 'EURUSD5'
0	13:12:45.239	HistoryCenter: synchronize 'AUDUSD5'
0	13:12:46.119	HistoryCenter: 2 bars imported in 'AUDUSD5'
0	13:12:46.650	HistoryCenter: synchronize 'EURUSD5'
0	13:12:47.535	HistoryCenter: 2 bars imported in 'EURUSD5'
0	13:12:47.535	HistoryCenter: synchronize 'AUDUSD5'
0	13:12:48.306	HistoryCenter: 2 bars imported in 'AUDUSD5'
0	13:12:48.829	HistoryCenter: synchronize 'EURUSD5'
0	13:12:49.595	HistoryCenter: 2 bars imported in 'EURUSD5'
0	13:12:49.595	HistoryCenter: synchronize 'AUDUSD5'
0	13:12:50.360	HistoryCenter: 2 bars imported in 'AUDUSD5'
0	13:12:50.904	HistoryCenter: synchronize 'EURUSD5'
0	13:12:51.685	HistoryCenter: 2 bars imported in 'EURUSD5'
0	13:12:51.685	HistoryCenter: synchronize 'AUDUSD5'
0	13:12:52.450	HistoryCenter: 2 bars imported in 'AUDUSD5'
0	13:12:52.978	HistoryCenter: synchronize 'EURUSD5'
0	13:12:53.719	HistoryCenter: 2 bars imported in 'EURUSD5'
0	13:12:53.719	HistoryCenter: synchronize 'AUDUSD5'
0	13:12:54.466	HistoryCenter: 2 bars imported in 'AUDUSD5'
0	13:12:55.000	HistoryCenter: synchronize 'EURUSD5'
0	13:12:55.751	HistoryCenter: 2 bars imported in 'EURUSD5'
0	13:12:55.751	HistoryCenter: synchronize 'AUDUSD5'
0	13:12:56.504	HistoryCenter: 2 bars imported in 'AUDUSD5'
0	13:12:57.041	HistoryCenter: synchronize 'EURUSD5'
2	13:12:57.062	Custom indicator fadedbckgrnd2__1 EURGBP,M5: removed
2	13:12:57.062	Custom indicator FixedChartScale EURGBP,M5: removed
2	13:12:57.074	Custom indicator Price Pro Value Chart Profissional - PT-BR EURGBP,M5: removed
2	13:12:57.086	Custom indicator fadedbckgrnd2__1 EURGBP,M5: loaded successfully
2	13:12:57.094	Custom indicator FixedChartScale EURGBP,M5: loaded successfully
2	13:12:57.201	Custom indicator Price Pro Value Chart Profissional - PT-BR EURGBP,M5: loaded successfully
0	13:12:57.820	HistoryCenter: 2 bars imported in 'EURUSD5'
0	13:12:57.820	HistoryCenter: synchronize 'EURGBP5'
0	13:12:58.575	HistoryCenter: 2 bars imported in 'EURGBP5'
0	13:12:58.575	HistoryCenter: synchronize 'AUDUSD5'
0	13:12:59.687	HistoryCenter: 2 bars imported in 'AUDUSD5'
0	13:12:59.687	HistoryCenter: synchronize 'EURGBP5'
0	13:13:01.171	HistoryCenter: 2 bars imported in 'EURGBP5'
0	13:13:01.171	HistoryCenter: synchronize 'AUDUSD5'
0	13:13:02.135	HistoryCenter: 2 bars imported in 'AUDUSD5'
0	13:13:02.658	HistoryCenter: synchronize 'EURUSD5'
0	13:13:03.636	HistoryCenter: 2 bars imported in 'EURUSD5'
0	13:13:03.636	HistoryCenter: synchronize 'EURGBP5'
0	13:13:04.393	HistoryCenter: 2 bars imported in 'EURGBP5'
0	13:13:04.393	HistoryCenter: synchronize 'AUDUSD5'
0	13:13:05.172	HistoryCenter: 2 bars imported in 'AUDUSD5'
0	13:13:05.172	HistoryCenter: synchronize 'EURGBP5'
0	13:13:05.931	HistoryCenter: 2 bars imported in 'EURGBP5'
0	13:13:05.931	HistoryCenter: synchronize 'AUDUSD5'
0	13:13:06.700	HistoryCenter: 2 bars imported in 'AUDUSD5'
0	13:13:07.233	HistoryCenter: synchronize 'EURUSD5'
0	13:13:07.968	HistoryCenter: 2 bars imported in 'EURUSD5'
0	13:13:07.968	HistoryCenter: synchronize 'EURGBP5'
0	13:13:08.716	HistoryCenter: 2 bars imported in 'EURGBP5'
0	13:13:08.716	HistoryCenter: synchronize 'AUDUSD5'
0	13:13:09.462	HistoryCenter: 2 bars imported in 'AUDUSD5'
0	13:13:09.462	HistoryCenter: synchronize 'EURGBP5'
0	13:13:10.228	HistoryCenter: 2 bars imported in 'EURGBP5'
0	13:13:10.771	HistoryCenter: synchronize 'EURUSD5'
0	13:13:11.678	HistoryCenter: 2 bars imported in 'EURUSD5'
0	13:13:11.678	HistoryCenter: synchronize 'EURGBP5'
0	13:13:12.589	HistoryCenter: 2 bars imported in 'EURGBP5'
0	13:13:12.589	HistoryCenter: synchronize 'AUDUSD5'
0	13:13:13.332	HistoryCenter: 2 bars imported in 'AUDUSD5'
0	13:13:13.866	HistoryCenter: synchronize 'EURUSD5'
0	13:13:14.631	HistoryCenter: 2 bars imported in 'EURUSD5'
0	13:13:14.631	HistoryCenter: synchronize 'EURGBP5'
2	13:13:14.796	Custom indicator fadedbckgrnd2__1 EURUSD,M5: removed
2	13:13:14.800	Custom indicator FixedChartScale EURUSD,M5: removed
2	13:13:14.820	Custom indicator Price Pro Value Chart Profissional - PT-BR EURUSD,M5: removed
2	13:13:14.824	Custom indicator fadedbckgrnd2__1 USDJPY,M5: removed
2	13:13:14.828	Custom indicator FixedChartScale USDJPY,M5: removed
2	13:13:14.859	Custom indicator Price Pro Value Chart Profissional - PT-BR USDJPY,M5: removed
2	13:13:14.883	Custom indicator fadedbckgrnd2__1 EURGBP,M5: removed
2	13:13:14.886	Custom indicator FixedChartScale EURGBP,M5: removed
2	13:13:14.938	Custom indicator Price Pro Value Chart Profissional - PT-BR EURGBP,M5: removed
2	13:13:14.962	Custom indicator fadedbckgrnd2__1 EURJPY,M5: removed
2	13:13:14.966	Custom indicator FixedChartScale EURJPY,M5: removed
2	13:13:15.003	Custom indicator Price Pro Value Chart Profissional - PT-BR EURJPY,M5: removed
2	13:13:15.015	Custom indicator fadedbckgrnd2__1 AUDUSD,M5: removed
2	13:13:15.015	Custom indicator FixedChartScale AUDUSD,M5: removed
2	13:13:15.043	Custom indicator Price Pro Value Chart Profissional - PT-BR AUDUSD,M5: removed
0	13:13:15.325	Alpari MT4 build 1359 stopped
