0	06:33:11.781	Alpari MT4 build 1359 started (Alpari International)
0	06:33:11.781	Windows 10 Pro x64, IE 11, UAC, 8 x Intel Core i7-7700HQ  @ 2.80GHz, Memory: 12724 / 16267 Mb, Disk: 388 / 476 Gb, GMT-3
0	06:33:11.781	Data Folder: C:\Users\Administrator\AppData\Roaming\MetaQuotes\Terminal\287469DEA9630EA94D0715D755974F1B
2	06:33:13.078	Custom indicator fadedbckgrnd2__1 GBPUSD,M5: loaded successfully
2	06:33:13.078	Custom indicator FixedChartScale GBPUSD,M5: loaded successfully
2	06:33:13.187	Custom indicator Price Pro Value Chart Profissional - PT-BR GBPUSD,M5: loaded successfully
2	06:33:13.391	Custom indicator Price Pro Value Chart Profissional - PT-BR GBPUSD,M5: removed
2	06:33:13.410	Custom indicator fadedbckgrnd2__1 EURGBP,M5: loaded successfully
2	06:33:13.410	Custom indicator FixedChartScale EURGBP,M5: loaded successfully
2	06:33:13.519	Custom indicator Price Pro Value Chart Profissional - PT-BR EURGBP,M5: loaded successfully
2	06:33:13.691	Custom indicator Price Pro Value Chart Profissional - PT-BR EURGBP,M5: removed
2	06:33:13.724	Custom indicator fadedbckgrnd2__1 EURJPY,M5: loaded successfully
2	06:33:13.739	Custom indicator FixedChartScale EURJPY,M5: loaded successfully
2	06:33:13.833	Custom indicator Price Pro Value Chart Profissional - PT-BR EURJPY,M5: loaded successfully
2	06:33:14.020	Custom indicator Price Pro Value Chart Profissional - PT-BR EURJPY,M5: removed
2	06:33:14.053	Custom indicator fadedbckgrnd2__1 GBPJPY,M5: loaded successfully
2	06:33:14.053	Custom indicator FixedChartScale GBPJPY,M5: loaded successfully
2	06:33:14.162	Custom indicator Price Pro Value Chart Profissional - PT-BR GBPJPY,M5: loaded successfully
2	06:33:14.365	Custom indicator Price Pro Value Chart Profissional - PT-BR GBPJPY,M5: removed
2	06:33:14.389	Custom indicator fadedbckgrnd2__1 EURUSD,M5: loaded successfully
2	06:33:14.405	Custom indicator FixedChartScale EURUSD,M5: loaded successfully
2	06:33:14.498	Custom indicator Price Pro Value Chart Profissional - PT-BR EURUSD,M5: loaded successfully
2	06:33:14.670	Custom indicator Price Pro Value Chart Profissional - PT-BR EURUSD,M5: removed
2	06:33:14.702	Custom indicator fadedbckgrnd2__1 AUDJPY,M5: loaded successfully
2	06:33:14.718	Custom indicator FixedChartScale AUDJPY,M5: loaded successfully
2	06:33:14.811	Custom indicator Price Pro Value Chart Profissional - PT-BR AUDJPY,M5: loaded successfully
2	06:33:14.999	Custom indicator Price Pro Value Chart Profissional - PT-BR AUDJPY,M5: removed
2	06:33:15.051	Custom indicator fadedbckgrnd2__1 USDJPY,M5: loaded successfully
2	06:33:15.067	Custom indicator FixedChartScale USDJPY,M5: loaded successfully
2	06:33:15.176	Custom indicator Price Pro Value Chart Profissional - PT-BR USDJPY,M5: loaded successfully
2	06:33:15.364	Custom indicator Price Pro Value Chart Profissional - PT-BR USDJPY,M5: removed
0	06:33:15.632	HistoryCenter: synchronize 'GBPUSD5'
0	06:33:16.559	'15069840': login on Alpari-Demo through Demo.Europe.2:444 (ping: 247.34 ms)
0	06:33:16.610	HistoryCenter: 182 bars imported in 'GBPUSD5'
0	06:33:16.610	HistoryCenter: synchronize 'AUDJPY5'
0	06:33:17.399	HistoryCenter: 182 bars imported in 'AUDJPY5'
0	06:33:17.399	HistoryCenter: synchronize 'EURUSD5'
0	06:33:18.999	HistoryCenter: 182 bars imported in 'EURUSD5'
0	06:33:18.999	HistoryCenter: synchronize 'GBPJPY5'
0	06:33:20.155	'15069840': login datacenter on Alpari-Demo through Demo.Europe.2:444 (ping: 247.34 ms)
0	06:33:20.655	HistoryCenter: 182 bars imported in 'GBPJPY5'
0	06:33:20.655	HistoryCenter: synchronize 'EURJPY5'
0	06:33:21.349	'15069840': previous successful authorization performed from 177.13.221.68
0	06:33:22.171	HistoryCenter: 182 bars imported in 'EURJPY5'
0	06:33:22.171	HistoryCenter: synchronize 'EURGBP5'
0	06:33:23.542	HistoryCenter: 182 bars imported in 'EURGBP5'
0	06:33:24.105	HistoryCenter: synchronize 'USDJPY5'
0	06:33:25.788	HistoryCenter: 2 bars imported in 'USDJPY5'
2	06:33:28.782	Custom indicator fadedbckgrnd2__1 GBPUSD,M5: removed
2	06:33:28.782	Custom indicator FixedChartScale GBPUSD,M5: removed
2	06:33:28.798	Custom indicator fadedbckgrnd2__1 GBPUSD,M5: loaded successfully
2	06:33:28.798	Custom indicator FixedChartScale GBPUSD,M5: loaded successfully
2	06:33:28.923	Custom indicator Price Pro Value Chart Profissional - PT-BR GBPUSD,M5: loaded successfully
0	06:33:30.188	HistoryCenter: synchronize 'GBPUSD5'
0	06:33:32.184	HistoryCenter: 2 bars imported in 'GBPUSD5'
0	06:33:34.375	HistoryCenter: synchronize 'GBPUSD5'
0	06:33:36.269	HistoryCenter: 2 bars imported in 'GBPUSD5'
0	06:33:37.363	HistoryCenter: synchronize 'GBPUSD5'
0	06:33:38.097	HistoryCenter: 2 bars imported in 'GBPUSD5'
0	06:33:38.659	HistoryCenter: synchronize 'GBPUSD5'
0	06:33:39.378	HistoryCenter: 2 bars imported in 'GBPUSD5'
0	06:33:40.487	HistoryCenter: synchronize 'GBPUSD5'
0	06:33:41.253	HistoryCenter: 2 bars imported in 'GBPUSD5'
0	06:33:42.377	HistoryCenter: synchronize 'GBPUSD5'
0	06:33:43.127	HistoryCenter: 2 bars imported in 'GBPUSD5'
0	06:33:43.674	HistoryCenter: synchronize 'GBPUSD5'
0	06:33:44.409	HistoryCenter: 2 bars imported in 'GBPUSD5'
2	06:33:46.801	Custom indicator fadedbckgrnd2__1 EURJPY,M5: removed
2	06:33:46.801	Custom indicator FixedChartScale EURJPY,M5: removed
2	06:33:46.801	Custom indicator fadedbckgrnd2__1 EURJPY,M5: loaded successfully
2	06:33:46.816	Custom indicator FixedChartScale EURJPY,M5: loaded successfully
2	06:33:46.910	Custom indicator Price Pro Value Chart Profissional - PT-BR EURJPY,M5: loaded successfully
0	06:33:47.708	HistoryCenter: synchronize 'EURJPY5'
0	06:33:48.472	HistoryCenter: 2 bars imported in 'EURJPY5'
0	06:33:49.587	HistoryCenter: synchronize 'EURJPY5'
0	06:33:50.305	HistoryCenter: 2 bars imported in 'EURJPY5'
0	06:33:51.421	HistoryCenter: synchronize 'EURJPY5'
0	06:33:52.196	HistoryCenter: 2 bars imported in 'EURJPY5'
0	06:33:53.289	HistoryCenter: synchronize 'EURJPY5'
0	06:33:54.023	HistoryCenter: 2 bars imported in 'EURJPY5'
0	06:33:54.588	HistoryCenter: synchronize 'EURJPY5'
0	06:33:55.337	HistoryCenter: 2 bars imported in 'EURJPY5'
0	06:33:56.452	HistoryCenter: synchronize 'EURJPY5'
0	06:33:57.218	HistoryCenter: 2 bars imported in 'EURJPY5'
0	06:33:58.317	HistoryCenter: synchronize 'EURJPY5'
0	06:33:59.071	HistoryCenter: 2 bars imported in 'EURJPY5'
0	06:33:59.618	HistoryCenter: synchronize 'EURJPY5'
0	06:34:00.368	HistoryCenter: 2 bars imported in 'EURJPY5'
0	06:34:01.493	HistoryCenter: synchronize 'EURJPY5'
0	06:34:02.226	HistoryCenter: 2 bars imported in 'EURJPY5'
0	06:34:03.335	HistoryCenter: synchronize 'EURJPY5'
0	06:34:04.085	HistoryCenter: 2 bars imported in 'EURJPY5'
0	06:34:04.648	HistoryCenter: synchronize 'EURJPY5'
2	06:34:04.710	Custom indicator fadedbckgrnd2__1 EURUSD,M5: removed
2	06:34:04.710	Custom indicator FixedChartScale EURUSD,M5: removed
2	06:34:04.710	Custom indicator fadedbckgrnd2__1 EURUSD,M5: loaded successfully
2	06:34:04.726	Custom indicator FixedChartScale EURUSD,M5: loaded successfully
2	06:34:04.819	Custom indicator Price Pro Value Chart Profissional - PT-BR EURUSD,M5: loaded successfully
0	06:34:05.410	HistoryCenter: 2 bars imported in 'EURJPY5'
0	06:34:05.410	HistoryCenter: synchronize 'EURUSD5'
0	06:34:06.159	HistoryCenter: 2 bars imported in 'EURUSD5'
0	06:34:07.249	HistoryCenter: synchronize 'EURUSD5'
0	06:34:08.011	HistoryCenter: 2 bars imported in 'EURUSD5'
0	06:34:09.120	HistoryCenter: synchronize 'EURUSD5'
0	06:34:09.870	HistoryCenter: 2 bars imported in 'EURUSD5'
0	06:34:10.431	HistoryCenter: synchronize 'EURUSD5'
0	06:34:11.213	HistoryCenter: 2 bars imported in 'EURUSD5'
0	06:34:12.307	HistoryCenter: synchronize 'EURUSD5'
0	06:34:13.088	HistoryCenter: 2 bars imported in 'EURUSD5'
0	06:34:13.228	'15069840': auto connecting to a better access point Demo.Europe.2 (ping is 252.65 ms)
0	06:34:13.915	'15069840': login on Alpari-Demo through Demo.Europe.2 (ping: 252.65 ms)
0	06:34:14.181	HistoryCenter: synchronize 'EURUSD5'
0	06:34:14.923	HistoryCenter: 2 bars imported in 'EURUSD5'
0	06:34:15.486	HistoryCenter: synchronize 'EURUSD5'
0	06:34:15.751	'15069840': login datacenter on Alpari-Demo through Demo.Europe.2 (ping: 252.65 ms)
0	06:34:16.230	HistoryCenter: 2 bars imported in 'EURUSD5'
0	06:34:16.330	'15069840': previous successful authorization performed from 177.13.221.114
0	06:34:17.369	HistoryCenter: synchronize 'EURUSD5'
0	06:34:18.072	HistoryCenter: 2 bars imported in 'EURUSD5'
0	06:34:19.165	HistoryCenter: synchronize 'EURUSD5'
0	06:34:19.900	HistoryCenter: 2 bars imported in 'EURUSD5'
0	06:34:20.462	HistoryCenter: synchronize 'EURUSD5'
0	06:34:21.212	HistoryCenter: 2 bars imported in 'EURUSD5'
2	06:34:21.571	Custom indicator fadedbckgrnd2__1 AUDJPY,M5: removed
2	06:34:21.571	Custom indicator FixedChartScale AUDJPY,M5: removed
2	06:34:21.586	Custom indicator fadedbckgrnd2__1 AUDJPY,M5: loaded successfully
2	06:34:21.602	Custom indicator FixedChartScale AUDJPY,M5: loaded successfully
2	06:34:21.696	Custom indicator Price Pro Value Chart Profissional - PT-BR AUDJPY,M5: loaded successfully
0	06:34:22.307	HistoryCenter: synchronize 'AUDJPY5'
0	06:34:23.075	HistoryCenter: 2 bars imported in 'AUDJPY5'
0	06:34:24.168	HistoryCenter: synchronize 'AUDJPY5'
0	06:34:24.935	HistoryCenter: 2 bars imported in 'AUDJPY5'
0	06:34:26.056	HistoryCenter: synchronize 'AUDJPY5'
0	06:34:26.805	HistoryCenter: 2 bars imported in 'AUDJPY5'
0	06:34:27.353	HistoryCenter: synchronize 'AUDJPY5'
0	06:34:28.117	HistoryCenter: 2 bars imported in 'AUDJPY5'
0	06:34:29.277	HistoryCenter: synchronize 'AUDJPY5'
0	06:34:30.027	HistoryCenter: 2 bars imported in 'AUDJPY5'
0	06:34:31.136	HistoryCenter: synchronize 'AUDJPY5'
0	06:34:31.917	HistoryCenter: 2 bars imported in 'AUDJPY5'
0	06:34:33.026	HistoryCenter: synchronize 'AUDJPY5'
0	06:34:33.792	HistoryCenter: 2 bars imported in 'AUDJPY5'
0	06:34:34.354	HistoryCenter: synchronize 'AUDJPY5'
0	06:34:35.139	HistoryCenter: 2 bars imported in 'AUDJPY5'
0	06:34:36.248	HistoryCenter: synchronize 'AUDJPY5'
0	06:34:37.014	HistoryCenter: 2 bars imported in 'AUDJPY5'
2	06:34:50.706	Custom indicator fadedbckgrnd2__1 EURGBP,M5: removed
2	06:34:50.706	Custom indicator FixedChartScale EURGBP,M5: removed
2	06:34:50.721	Custom indicator fadedbckgrnd2__1 EURGBP,M5: loaded successfully
2	06:34:50.721	Custom indicator FixedChartScale EURGBP,M5: loaded successfully
2	06:34:50.818	Custom indicator Price Pro Value Chart Profissional - PT-BR EURGBP,M5: loaded successfully
0	06:34:51.400	HistoryCenter: synchronize 'EURGBP5'
0	06:34:52.139	HistoryCenter: 2 bars imported in 'EURGBP5'
0	06:34:53.241	HistoryCenter: synchronize 'EURGBP5'
0	06:34:53.992	HistoryCenter: 2 bars imported in 'EURGBP5'
0	06:34:55.100	HistoryCenter: synchronize 'EURGBP5'
0	06:34:55.834	HistoryCenter: 2 bars imported in 'EURGBP5'
0	06:34:56.397	HistoryCenter: synchronize 'EURGBP5'
0	06:34:57.163	HistoryCenter: 2 bars imported in 'EURGBP5'
0	06:34:58.261	HistoryCenter: synchronize 'EURGBP5'
0	06:34:58.979	HistoryCenter: 2 bars imported in 'EURGBP5'
0	06:34:59.539	HistoryCenter: synchronize 'EURGBP5'
0	06:35:00.285	HistoryCenter: 2 bars imported in 'EURGBP5'
0	06:35:01.410	HistoryCenter: synchronize 'EURGBP5'
0	06:35:02.245	HistoryCenter: 2 bars imported in 'EURGBP5'
0	06:35:03.338	HistoryCenter: synchronize 'EURGBP5'
0	06:35:04.082	HistoryCenter: 2 bars imported in 'EURGBP5'
0	06:35:05.173	HistoryCenter: synchronize 'EURGBP5'
0	06:35:05.924	HistoryCenter: 2 bars imported in 'EURGBP5'
0	06:35:06.486	HistoryCenter: synchronize 'EURGBP5'
0	06:35:07.235	HistoryCenter: 2 bars imported in 'EURGBP5'
0	06:35:08.345	HistoryCenter: synchronize 'EURGBP5'
0	06:35:09.095	HistoryCenter: 2 bars imported in 'EURGBP5'
0	06:35:10.188	HistoryCenter: synchronize 'EURGBP5'
0	06:35:10.969	HistoryCenter: 2 bars imported in 'EURGBP5'
0	06:35:11.516	HistoryCenter: synchronize 'EURGBP5'
0	06:35:12.235	HistoryCenter: 2 bars imported in 'EURGBP5'
2	06:35:26.407	Custom indicator fadedbckgrnd2__1 GBPJPY,M5: removed
2	06:35:26.407	Custom indicator FixedChartScale GBPJPY,M5: removed
2	06:35:26.422	Custom indicator fadedbckgrnd2__1 GBPJPY,M5: loaded successfully
2	06:35:26.422	Custom indicator FixedChartScale GBPJPY,M5: loaded successfully
2	06:35:26.516	Custom indicator Price Pro Value Chart Profissional - PT-BR GBPJPY,M5: loaded successfully
0	06:35:27.125	HistoryCenter: synchronize 'GBPJPY5'
0	06:35:27.890	HistoryCenter: 2 bars imported in 'GBPJPY5'
0	06:35:29.007	HistoryCenter: synchronize 'GBPJPY5'
0	06:35:29.771	HistoryCenter: 2 bars imported in 'GBPJPY5'
2	06:35:34.275	Custom indicator fadedbckgrnd2__1 USDJPY,M5: removed
2	06:35:34.275	Custom indicator FixedChartScale USDJPY,M5: removed
2	06:35:34.290	Custom indicator fadedbckgrnd2__1 USDJPY,M5: loaded successfully
2	06:35:34.290	Custom indicator FixedChartScale USDJPY,M5: loaded successfully
2	06:35:34.400	Custom indicator Price Pro Value Chart Profissional - PT-BR USDJPY,M5: loaded successfully
0	06:35:34.696	HistoryCenter: synchronize 'USDJPY5'
0	06:35:35.431	HistoryCenter: 2 bars imported in 'USDJPY5'
0	06:35:36.540	HistoryCenter: synchronize 'USDJPY5'
0	06:35:37.321	HistoryCenter: 2 bars imported in 'USDJPY5'
0	06:35:37.883	HistoryCenter: synchronize 'USDJPY5'
0	06:35:38.634	HistoryCenter: 2 bars imported in 'USDJPY5'
0	06:35:39.758	HistoryCenter: synchronize 'USDJPY5'
0	06:35:40.477	HistoryCenter: 2 bars imported in 'USDJPY5'
0	06:35:41.039	HistoryCenter: synchronize 'USDJPY5'
0	06:35:41.789	HistoryCenter: 2 bars imported in 'USDJPY5'
0	06:59:59.425	HistoryCenter: synchronize 'EURJPY5'
0	07:00:00.455	HistoryCenter: 2 bars imported in 'EURJPY5'
0	07:00:00.455	HistoryCenter: synchronize 'USDJPY5'
0	07:00:01.252	HistoryCenter: 2 bars imported in 'USDJPY5'
0	07:00:01.811	HistoryCenter: synchronize 'EURJPY5'
0	07:00:02.562	HistoryCenter: 2 bars imported in 'EURJPY5'
0	07:00:03.111	HistoryCenter: synchronize 'GBPUSD5'
0	07:00:04.751	HistoryCenter: 2 bars imported in 'GBPUSD5'
0	07:00:05.305	HistoryCenter: synchronize 'USDJPY5'
0	07:00:06.055	HistoryCenter: 2 bars imported in 'USDJPY5'
0	07:00:06.618	HistoryCenter: synchronize 'GBPJPY5'
0	07:00:07.368	HistoryCenter: 2 bars imported in 'GBPJPY5'
0	07:00:07.383	HistoryCenter: synchronize 'AUDJPY5'
0	07:00:08.117	HistoryCenter: 2 bars imported in 'AUDJPY5'
0	07:00:08.117	HistoryCenter: synchronize 'EURGBP5'
0	07:00:08.899	HistoryCenter: 2 bars imported in 'EURGBP5'
0	07:00:09.445	HistoryCenter: synchronize 'USDJPY5'
0	07:00:10.211	HistoryCenter: 2 bars imported in 'USDJPY5'
0	07:00:10.211	HistoryCenter: synchronize 'AUDJPY5'
0	07:00:10.976	HistoryCenter: 2 bars imported in 'AUDJPY5'
0	07:00:10.991	HistoryCenter: synchronize 'USDJPY5'
0	07:00:11.741	HistoryCenter: 2 bars imported in 'USDJPY5'
0	07:00:11.741	HistoryCenter: synchronize 'AUDJPY5'
0	07:00:12.522	HistoryCenter: 2 bars imported in 'AUDJPY5'
0	07:00:12.522	HistoryCenter: synchronize 'EURUSD5'
0	07:00:13.273	HistoryCenter: 2 bars imported in 'EURUSD5'
0	07:00:13.273	HistoryCenter: synchronize 'EURGBP5'
0	07:00:14.163	HistoryCenter: 2 bars imported in 'EURGBP5'
0	07:00:14.163	HistoryCenter: synchronize 'AUDJPY5'
0	07:00:15.147	HistoryCenter: 2 bars imported in 'AUDJPY5'
0	07:00:15.147	HistoryCenter: synchronize 'EURUSD5'
0	07:00:15.913	HistoryCenter: 2 bars imported in 'EURUSD5'
0	07:00:15.913	HistoryCenter: synchronize 'AUDJPY5'
0	07:00:16.678	HistoryCenter: 2 bars imported in 'AUDJPY5'
0	07:00:16.678	HistoryCenter: synchronize 'EURUSD5'
0	07:00:17.475	HistoryCenter: 2 bars imported in 'EURUSD5'
0	07:00:17.475	HistoryCenter: synchronize 'EURGBP5'
0	07:00:18.208	HistoryCenter: 2 bars imported in 'EURGBP5'
0	07:00:18.208	HistoryCenter: synchronize 'GBPUSD5'
0	07:00:18.989	HistoryCenter: 2 bars imported in 'GBPUSD5'
0	07:00:18.989	HistoryCenter: synchronize 'EURGBP5'
0	07:00:19.755	HistoryCenter: 2 bars imported in 'EURGBP5'
0	07:00:20.301	HistoryCenter: synchronize 'AUDJPY5'
0	07:00:21.661	HistoryCenter: 2 bars imported in 'AUDJPY5'
0	07:00:21.661	HistoryCenter: synchronize 'EURUSD5'
0	07:00:22.864	HistoryCenter: 2 bars imported in 'EURUSD5'
0	07:00:22.864	HistoryCenter: synchronize 'EURGBP5'
0	07:00:23.614	HistoryCenter: 2 bars imported in 'EURGBP5'
0	07:59:59.743	HistoryCenter: synchronize 'GBPUSD5'
0	08:00:00.519	HistoryCenter: 2 bars imported in 'GBPUSD5'
0	08:00:00.519	HistoryCenter: synchronize 'USDJPY5'
0	08:00:01.258	HistoryCenter: 2 bars imported in 'USDJPY5'
0	08:00:01.258	HistoryCenter: synchronize 'AUDJPY5'
0	08:00:01.999	HistoryCenter: 2 bars imported in 'AUDJPY5'
0	08:00:01.999	HistoryCenter: synchronize 'EURUSD5'
0	08:00:02.750	HistoryCenter: 2 bars imported in 'EURUSD5'
0	08:00:02.750	HistoryCenter: synchronize 'GBPJPY5'
0	08:00:03.515	HistoryCenter: 2 bars imported in 'GBPJPY5'
0	08:00:03.515	HistoryCenter: synchronize 'USDJPY5'
0	08:00:04.249	HistoryCenter: 2 bars imported in 'USDJPY5'
0	08:00:04.249	HistoryCenter: synchronize 'EURJPY5'
0	08:00:04.983	HistoryCenter: 2 bars imported in 'EURJPY5'
0	08:00:04.983	HistoryCenter: synchronize 'AUDJPY5'
0	08:00:05.717	HistoryCenter: 2 bars imported in 'AUDJPY5'
0	08:00:05.717	HistoryCenter: synchronize 'EURGBP5'
0	08:00:06.483	HistoryCenter: 2 bars imported in 'EURGBP5'
0	08:00:06.483	HistoryCenter: synchronize 'GBPUSD5'
0	08:00:07.249	HistoryCenter: 2 bars imported in 'GBPUSD5'
0	08:00:07.810	HistoryCenter: synchronize 'EURUSD5'
0	08:00:08.530	HistoryCenter: 2 bars imported in 'EURUSD5'
0	08:00:08.530	HistoryCenter: synchronize 'USDJPY5'
0	08:00:09.279	HistoryCenter: 2 bars imported in 'USDJPY5'
0	08:00:09.279	HistoryCenter: synchronize 'AUDJPY5'
0	08:00:10.045	HistoryCenter: 2 bars imported in 'AUDJPY5'
0	08:00:10.045	HistoryCenter: synchronize 'EURUSD5'
0	08:00:10.779	HistoryCenter: 2 bars imported in 'EURUSD5'
0	08:00:10.779	HistoryCenter: synchronize 'EURJPY5'
0	08:00:11.529	HistoryCenter: 2 bars imported in 'EURJPY5'
0	08:00:11.529	HistoryCenter: synchronize 'AUDJPY5'
0	08:00:12.310	HistoryCenter: 2 bars imported in 'AUDJPY5'
0	08:00:12.310	HistoryCenter: synchronize 'EURUSD5'
0	08:00:13.051	HistoryCenter: 2 bars imported in 'EURUSD5'
0	08:00:13.051	HistoryCenter: synchronize 'AUDJPY5'
0	08:00:13.810	HistoryCenter: 2 bars imported in 'AUDJPY5'
0	08:00:13.810	HistoryCenter: synchronize 'EURJPY5'
0	08:00:14.565	HistoryCenter: 2 bars imported in 'EURJPY5'
0	08:00:14.565	HistoryCenter: synchronize 'EURUSD5'
0	08:00:15.300	HistoryCenter: 2 bars imported in 'EURUSD5'
0	08:00:15.300	HistoryCenter: synchronize 'EURGBP5'
0	08:00:16.050	HistoryCenter: 2 bars imported in 'EURGBP5'
0	08:00:16.050	HistoryCenter: synchronize 'GBPUSD5'
0	08:00:16.831	HistoryCenter: 2 bars imported in 'GBPUSD5'
0	08:00:17.377	HistoryCenter: synchronize 'AUDJPY5'
0	08:00:18.143	HistoryCenter: 2 bars imported in 'AUDJPY5'
0	08:59:59.790	HistoryCenter: synchronize 'GBPUSD5'
0	09:00:00.622	HistoryCenter: 2 bars imported in 'GBPUSD5'
0	09:00:00.622	HistoryCenter: synchronize 'USDJPY5'
0	09:00:01.436	HistoryCenter: 2 bars imported in 'USDJPY5'
0	09:00:01.436	HistoryCenter: synchronize 'AUDJPY5'
0	09:00:02.263	HistoryCenter: 2 bars imported in 'AUDJPY5'
0	09:00:02.263	HistoryCenter: synchronize 'EURUSD5'
0	09:00:03.029	HistoryCenter: 2 bars imported in 'EURUSD5'
0	09:00:03.029	HistoryCenter: synchronize 'GBPJPY5'
0	09:00:03.779	HistoryCenter: 2 bars imported in 'GBPJPY5'
0	09:00:03.779	HistoryCenter: synchronize 'USDJPY5'
0	09:00:04.513	HistoryCenter: 2 bars imported in 'USDJPY5'
0	09:00:04.513	HistoryCenter: synchronize 'GBPJPY5'
0	09:00:05.278	HistoryCenter: 2 bars imported in 'GBPJPY5'
0	09:00:05.278	HistoryCenter: synchronize 'EURJPY5'
0	09:00:06.256	HistoryCenter: 2 bars imported in 'EURJPY5'
0	09:00:06.256	HistoryCenter: synchronize 'AUDJPY5'
0	09:00:07.020	HistoryCenter: 2 bars imported in 'AUDJPY5'
0	09:00:07.020	HistoryCenter: synchronize 'EURGBP5'
0	09:00:07.801	HistoryCenter: 2 bars imported in 'EURGBP5'
0	09:00:07.801	HistoryCenter: synchronize 'GBPUSD5'
0	09:00:08.582	HistoryCenter: 2 bars imported in 'GBPUSD5'
0	09:00:09.129	HistoryCenter: synchronize 'EURUSD5'
0	09:00:09.847	HistoryCenter: 2 bars imported in 'EURUSD5'
0	09:00:09.847	HistoryCenter: synchronize 'USDJPY5'
0	09:00:10.613	HistoryCenter: 2 bars imported in 'USDJPY5'
0	09:00:10.613	HistoryCenter: synchronize 'AUDJPY5'
0	09:00:11.378	HistoryCenter: 2 bars imported in 'AUDJPY5'
0	09:00:11.378	HistoryCenter: synchronize 'EURUSD5'
0	09:00:12.128	HistoryCenter: 2 bars imported in 'EURUSD5'
0	09:00:12.128	HistoryCenter: synchronize 'AUDJPY5'
0	09:00:12.877	HistoryCenter: 2 bars imported in 'AUDJPY5'
0	09:00:12.877	HistoryCenter: synchronize 'EURUSD5'
0	09:00:13.658	HistoryCenter: 2 bars imported in 'EURUSD5'
0	09:00:13.658	HistoryCenter: synchronize 'GBPJPY5'
0	09:00:14.409	HistoryCenter: 2 bars imported in 'GBPJPY5'
0	09:00:14.409	HistoryCenter: synchronize 'EURUSD5'
0	09:00:15.158	HistoryCenter: 2 bars imported in 'EURUSD5'
0	09:00:15.158	HistoryCenter: synchronize 'GBPJPY5'
0	09:00:15.924	HistoryCenter: 2 bars imported in 'GBPJPY5'
0	09:00:15.924	HistoryCenter: synchronize 'EURGBP5'
0	09:00:16.705	HistoryCenter: 2 bars imported in 'EURGBP5'
0	09:00:16.705	HistoryCenter: synchronize 'GBPUSD5'
0	09:00:17.486	HistoryCenter: 2 bars imported in 'GBPUSD5'
0	09:59:59.765	HistoryCenter: synchronize 'GBPUSD5'
0	10:00:00.555	HistoryCenter: 2 bars imported in 'GBPUSD5'
0	10:00:00.555	HistoryCenter: synchronize 'USDJPY5'
0	10:00:01.310	HistoryCenter: 2 bars imported in 'USDJPY5'
0	10:00:01.310	HistoryCenter: synchronize 'AUDJPY5'
0	10:00:02.450	HistoryCenter: 2 bars imported in 'AUDJPY5'
0	10:00:02.450	HistoryCenter: synchronize 'EURUSD5'
0	10:00:03.418	HistoryCenter: 2 bars imported in 'EURUSD5'
0	10:00:03.418	HistoryCenter: synchronize 'GBPJPY5'
0	10:00:04.388	HistoryCenter: 2 bars imported in 'GBPJPY5'
0	10:00:04.388	HistoryCenter: synchronize 'EURJPY5'
0	10:00:05.137	HistoryCenter: 2 bars imported in 'EURJPY5'
0	10:00:05.137	HistoryCenter: synchronize 'EURGBP5'
0	10:00:05.887	HistoryCenter: 2 bars imported in 'EURGBP5'
0	10:00:05.887	HistoryCenter: synchronize 'USDJPY5'
0	10:00:06.636	HistoryCenter: 2 bars imported in 'USDJPY5'
0	10:00:06.636	HistoryCenter: synchronize 'GBPJPY5'
0	10:00:07.387	HistoryCenter: 2 bars imported in 'GBPJPY5'
0	10:00:07.387	HistoryCenter: synchronize 'GBPUSD5'
0	10:00:08.136	HistoryCenter: 2 bars imported in 'GBPUSD5'
0	10:00:08.136	HistoryCenter: synchronize 'GBPJPY5'
0	10:00:08.886	HistoryCenter: 2 bars imported in 'GBPJPY5'
0	10:00:08.886	HistoryCenter: synchronize 'EURGBP5'
0	10:00:09.667	HistoryCenter: 2 bars imported in 'EURGBP5'
0	10:00:09.667	HistoryCenter: synchronize 'GBPUSD5'
0	10:00:10.401	HistoryCenter: 2 bars imported in 'GBPUSD5'
0	10:00:10.964	HistoryCenter: synchronize 'USDJPY5'
0	10:00:11.698	HistoryCenter: 2 bars imported in 'USDJPY5'
0	10:00:11.698	HistoryCenter: synchronize 'AUDJPY5'
0	10:00:12.447	HistoryCenter: 2 bars imported in 'AUDJPY5'
0	10:00:12.447	HistoryCenter: synchronize 'USDJPY5'
0	10:00:13.198	HistoryCenter: 2 bars imported in 'USDJPY5'
0	10:00:13.198	HistoryCenter: synchronize 'AUDJPY5'
0	10:00:13.979	HistoryCenter: 2 bars imported in 'AUDJPY5'
0	10:00:13.979	HistoryCenter: synchronize 'EURUSD5'
0	10:00:14.729	HistoryCenter: 2 bars imported in 'EURUSD5'
0	10:00:14.729	HistoryCenter: synchronize 'EURGBP5'
0	10:00:15.478	HistoryCenter: 2 bars imported in 'EURGBP5'
0	10:00:15.478	HistoryCenter: synchronize 'GBPUSD5'
0	10:00:16.260	HistoryCenter: 2 bars imported in 'GBPUSD5'
0	10:00:16.260	HistoryCenter: synchronize 'EURGBP5'
0	10:00:17.025	HistoryCenter: 2 bars imported in 'EURGBP5'
0	10:59:59.954	HistoryCenter: synchronize 'EURGBP5'
0	11:00:00.773	HistoryCenter: 2 bars imported in 'EURGBP5'
0	11:00:00.773	HistoryCenter: synchronize 'EURUSD5'
0	11:00:01.500	HistoryCenter: 2 bars imported in 'EURUSD5'
0	11:00:01.500	HistoryCenter: synchronize 'EURJPY5'
0	11:00:02.265	HistoryCenter: 2 bars imported in 'EURJPY5'
0	11:00:02.265	HistoryCenter: synchronize 'GBPUSD5'
0	11:00:03.046	HistoryCenter: 2 bars imported in 'GBPUSD5'
0	11:00:03.046	HistoryCenter: synchronize 'USDJPY5'
0	11:00:03.796	HistoryCenter: 2 bars imported in 'USDJPY5'
0	11:00:03.796	HistoryCenter: synchronize 'GBPJPY5'
0	11:00:04.530	HistoryCenter: 2 bars imported in 'GBPJPY5'
0	11:00:05.092	HistoryCenter: synchronize 'AUDJPY5'
0	11:00:05.811	HistoryCenter: 2 bars imported in 'AUDJPY5'
0	11:00:06.357	HistoryCenter: synchronize 'EURGBP5'
0	11:00:07.076	HistoryCenter: 2 bars imported in 'EURGBP5'
0	11:00:07.076	HistoryCenter: synchronize 'EURUSD5'
0	11:00:07.826	HistoryCenter: 2 bars imported in 'EURUSD5'
0	11:00:08.372	HistoryCenter: synchronize 'USDJPY5'
0	11:00:09.123	HistoryCenter: 2 bars imported in 'USDJPY5'
0	11:00:09.123	HistoryCenter: synchronize 'AUDJPY5'
0	11:00:09.856	HistoryCenter: 2 bars imported in 'AUDJPY5'
0	11:00:09.856	HistoryCenter: synchronize 'EURUSD5'
0	11:00:10.559	HistoryCenter: 2 bars imported in 'EURUSD5'
0	11:00:10.559	HistoryCenter: synchronize 'USDJPY5'
0	11:00:11.278	HistoryCenter: 2 bars imported in 'USDJPY5'
0	11:00:11.278	HistoryCenter: synchronize 'AUDJPY5'
0	11:00:12.036	HistoryCenter: 2 bars imported in 'AUDJPY5'
0	11:00:12.036	HistoryCenter: synchronize 'GBPJPY5'
0	11:00:12.768	HistoryCenter: 2 bars imported in 'GBPJPY5'
0	11:00:12.768	HistoryCenter: synchronize 'EURGBP5'
0	11:00:13.815	HistoryCenter: 2 bars imported in 'EURGBP5'
0	11:00:13.815	HistoryCenter: synchronize 'GBPUSD5'
0	11:00:14.721	HistoryCenter: 2 bars imported in 'GBPUSD5'
2	11:48:11.159	Custom indicator fadedbckgrnd2__1 EURGBP,M5: removed
2	11:48:11.159	Custom indicator FixedChartScale EURGBP,M5: removed
2	11:48:11.174	Custom indicator Price Pro Value Chart Profissional - PT-BR EURGBP,M5: removed
2	11:49:35.449	Custom indicator fadedbckgrnd2__1 GBPUSD,M5: removed
2	11:49:35.449	Custom indicator FixedChartScale GBPUSD,M5: removed
2	11:49:35.449	Custom indicator Price Pro Value Chart Profissional - PT-BR GBPUSD,M5: removed
0	12:00:02.456	HistoryCenter: synchronize 'GBPJPY5'
0	12:00:03.253	HistoryCenter: 2 bars imported in 'GBPJPY5'
0	12:00:03.816	HistoryCenter: synchronize 'AUDJPY5'
0	12:00:05.180	HistoryCenter: 2 bars imported in 'AUDJPY5'
0	12:00:05.180	HistoryCenter: synchronize 'EURUSD5'
0	12:00:06.347	HistoryCenter: 2 bars imported in 'EURUSD5'
0	12:00:06.347	HistoryCenter: synchronize 'USDJPY5'
0	12:00:07.112	HistoryCenter: 2 bars imported in 'USDJPY5'
0	12:00:07.112	HistoryCenter: synchronize 'AUDJPY5'
0	12:00:07.909	HistoryCenter: 2 bars imported in 'AUDJPY5'
0	12:00:07.909	HistoryCenter: synchronize 'USDJPY5'
0	12:00:08.628	HistoryCenter: 2 bars imported in 'USDJPY5'
0	12:00:08.628	HistoryCenter: synchronize 'AUDJPY5'
0	12:00:09.377	HistoryCenter: 2 bars imported in 'AUDJPY5'
0	12:00:09.377	HistoryCenter: synchronize 'EURUSD5'
0	12:00:10.143	HistoryCenter: 2 bars imported in 'EURUSD5'
0	12:00:10.143	HistoryCenter: synchronize 'GBPJPY5'
0	12:00:11.330	HistoryCenter: 2 bars imported in 'GBPJPY5'
0	12:00:11.330	HistoryCenter: synchronize 'EURJPY5'
0	12:00:12.643	HistoryCenter: 2 bars imported in 'EURJPY5'
0	12:00:13.204	HistoryCenter: synchronize 'USDJPY5'
0	12:00:13.955	HistoryCenter: 2 bars imported in 'USDJPY5'
0	12:00:13.955	HistoryCenter: synchronize 'AUDJPY5'
0	12:00:14.736	HistoryCenter: 2 bars imported in 'AUDJPY5'
0	12:00:14.736	HistoryCenter: synchronize 'EURUSD5'
0	12:00:15.485	HistoryCenter: 2 bars imported in 'EURUSD5'
0	13:00:02.360	HistoryCenter: synchronize 'GBPJPY5'
0	13:00:03.172	HistoryCenter: 2 bars imported in 'GBPJPY5'
0	13:00:03.702	HistoryCenter: synchronize 'AUDJPY5'
0	13:00:04.467	HistoryCenter: 2 bars imported in 'AUDJPY5'
0	13:00:04.467	HistoryCenter: synchronize 'EURUSD5'
0	13:00:05.186	HistoryCenter: 2 bars imported in 'EURUSD5'
0	13:00:05.748	HistoryCenter: synchronize 'USDJPY5'
0	13:00:06.514	HistoryCenter: 2 bars imported in 'USDJPY5'
0	13:00:06.514	HistoryCenter: synchronize 'AUDJPY5'
0	13:00:07.279	HistoryCenter: 2 bars imported in 'AUDJPY5'
0	13:00:07.279	HistoryCenter: synchronize 'USDJPY5'
0	13:00:08.107	HistoryCenter: 2 bars imported in 'USDJPY5'
0	13:00:08.107	HistoryCenter: synchronize 'EURUSD5'
0	13:00:08.857	HistoryCenter: 2 bars imported in 'EURUSD5'
0	13:00:08.857	HistoryCenter: synchronize 'USDJPY5'
0	13:00:10.685	HistoryCenter: 2 bars imported in 'USDJPY5'
0	13:00:10.685	HistoryCenter: synchronize 'AUDJPY5'
0	13:00:12.919	HistoryCenter: 2 bars imported in 'AUDJPY5'
0	13:00:12.919	HistoryCenter: synchronize 'EURUSD5'
0	13:00:13.966	HistoryCenter: 2 bars imported in 'EURUSD5'
0	13:00:13.966	HistoryCenter: synchronize 'GBPJPY5'
0	13:00:15.169	HistoryCenter: 2 bars imported in 'GBPJPY5'
0	13:00:15.169	HistoryCenter: synchronize 'EURJPY5'
0	13:00:16.230	HistoryCenter: 2 bars imported in 'EURJPY5'
0	13:00:16.777	HistoryCenter: synchronize 'USDJPY5'
0	13:00:17.511	HistoryCenter: 2 bars imported in 'USDJPY5'
0	13:00:17.511	HistoryCenter: synchronize 'AUDJPY5'
0	13:00:18.277	HistoryCenter: 2 bars imported in 'AUDJPY5'
0	13:00:18.277	HistoryCenter: synchronize 'EURUSD5'
0	13:00:19.043	HistoryCenter: 2 bars imported in 'EURUSD5'
0	13:00:19.043	HistoryCenter: synchronize 'GBPJPY5'
0	13:00:19.780	HistoryCenter: 2 bars imported in 'GBPJPY5'
0	13:15:50.836	HistoryCenter: synchronize 'EURJPY5'
0	13:15:51.631	HistoryCenter: 2 bars imported in 'EURJPY5'
0	13:15:53.292	HistoryCenter: synchronize 'EURJPY5'
0	13:15:54.038	HistoryCenter: 2 bars imported in 'EURJPY5'
2	13:16:20.685	Custom indicator fadedbckgrnd2__1 EURUSD,M5: removed
2	13:16:20.687	Custom indicator FixedChartScale EURUSD,M5: removed
2	13:16:20.700	Custom indicator Price Pro Value Chart Profissional - PT-BR EURUSD,M5: removed
2	13:16:20.708	Custom indicator fadedbckgrnd2__1 EURUSD,M5: loaded successfully
2	13:16:20.717	Custom indicator FixedChartScale EURUSD,M5: loaded successfully
2	13:16:20.813	Custom indicator Price Pro Value Chart Profissional - PT-BR EURUSD,M5: loaded successfully
0	13:16:21.100	HistoryCenter: synchronize 'EURUSD5'
0	13:16:21.870	HistoryCenter: 2 bars imported in 'EURUSD5'
0	13:16:22.968	HistoryCenter: synchronize 'EURUSD5'
0	13:16:23.816	HistoryCenter: 2 bars imported in 'EURUSD5'
0	13:16:24.370	HistoryCenter: synchronize 'EURUSD5'
0	13:16:25.472	HistoryCenter: 2 bars imported in 'EURUSD5'
0	13:16:26.016	HistoryCenter: synchronize 'EURUSD5'
2	13:16:26.063	Custom indicator fadedbckgrnd2__1 AUDJPY,M5: removed
2	13:16:26.065	Custom indicator FixedChartScale AUDJPY,M5: removed
2	13:16:26.078	Custom indicator Price Pro Value Chart Profissional - PT-BR AUDJPY,M5: removed
2	13:16:26.086	Custom indicator fadedbckgrnd2__1 AUDJPY,M5: loaded successfully
2	13:16:26.094	Custom indicator FixedChartScale AUDJPY,M5: loaded successfully
2	13:16:26.203	Custom indicator Price Pro Value Chart Profissional - PT-BR AUDJPY,M5: loaded successfully
0	13:16:26.879	HistoryCenter: 2 bars imported in 'EURUSD5'
0	13:16:26.879	HistoryCenter: synchronize 'AUDJPY5'
0	13:16:27.831	HistoryCenter: 2 bars imported in 'AUDJPY5'
0	13:16:27.831	HistoryCenter: synchronize 'EURUSD5'
0	13:16:28.594	HistoryCenter: 2 bars imported in 'EURUSD5'
0	13:16:28.594	HistoryCenter: synchronize 'AUDJPY5'
0	13:16:29.335	HistoryCenter: 2 bars imported in 'AUDJPY5'
0	13:16:29.335	HistoryCenter: synchronize 'EURUSD5'
0	13:16:30.110	HistoryCenter: 2 bars imported in 'EURUSD5'
0	13:16:30.110	HistoryCenter: synchronize 'AUDJPY5'
0	13:16:30.890	HistoryCenter: 2 bars imported in 'AUDJPY5'
2	13:16:31.334	Custom indicator fadedbckgrnd2__1 USDJPY,M5: removed
2	13:16:31.335	Custom indicator FixedChartScale USDJPY,M5: removed
2	13:16:31.349	Custom indicator Price Pro Value Chart Profissional - PT-BR USDJPY,M5: removed
2	13:16:31.357	Custom indicator fadedbckgrnd2__1 USDJPY,M5: loaded successfully
2	13:16:31.365	Custom indicator FixedChartScale USDJPY,M5: loaded successfully
0	13:16:31.445	HistoryCenter: synchronize 'EURUSD5'
2	13:16:31.463	Custom indicator Price Pro Value Chart Profissional - PT-BR USDJPY,M5: loaded successfully
0	13:16:32.190	HistoryCenter: 2 bars imported in 'EURUSD5'
0	13:16:32.190	HistoryCenter: synchronize 'USDJPY5'
0	13:16:32.920	HistoryCenter: 2 bars imported in 'USDJPY5'
0	13:16:32.920	HistoryCenter: synchronize 'AUDJPY5'
0	13:16:33.661	HistoryCenter: 2 bars imported in 'AUDJPY5'
0	13:16:33.661	HistoryCenter: synchronize 'USDJPY5'
0	13:16:34.415	HistoryCenter: 2 bars imported in 'USDJPY5'
0	13:16:34.415	HistoryCenter: synchronize 'AUDJPY5'
0	13:16:35.160	HistoryCenter: 2 bars imported in 'AUDJPY5'
0	13:16:35.160	HistoryCenter: synchronize 'USDJPY5'
0	13:16:35.915	HistoryCenter: 2 bars imported in 'USDJPY5'
0	13:16:35.915	HistoryCenter: synchronize 'AUDJPY5'
0	13:16:36.686	HistoryCenter: 2 bars imported in 'AUDJPY5'
0	13:16:36.686	HistoryCenter: synchronize 'EURUSD5'
0	13:16:37.455	HistoryCenter: 2 bars imported in 'EURUSD5'
0	13:16:38.005	HistoryCenter: synchronize 'USDJPY5'
0	13:16:38.775	HistoryCenter: 2 bars imported in 'USDJPY5'
0	13:16:38.775	HistoryCenter: synchronize 'AUDJPY5'
0	13:16:39.526	HistoryCenter: 2 bars imported in 'AUDJPY5'
0	13:16:40.082	HistoryCenter: synchronize 'USDJPY5'
0	13:16:40.854	HistoryCenter: 2 bars imported in 'USDJPY5'
0	13:16:41.960	HistoryCenter: synchronize 'USDJPY5'
0	13:16:42.701	HistoryCenter: 2 bars imported in 'USDJPY5'
0	13:16:43.808	HistoryCenter: synchronize 'USDJPY5'
0	13:16:44.566	HistoryCenter: 2 bars imported in 'USDJPY5'
0	13:16:45.118	HistoryCenter: synchronize 'USDJPY5'
0	13:16:45.869	HistoryCenter: 2 bars imported in 'USDJPY5'
2	13:16:46.542	Custom indicator fadedbckgrnd2__1 GBPJPY,M5: removed
2	13:16:46.543	Custom indicator FixedChartScale GBPJPY,M5: removed
2	13:16:46.556	Custom indicator Price Pro Value Chart Profissional - PT-BR GBPJPY,M5: removed
2	13:16:46.564	Custom indicator fadedbckgrnd2__1 GBPJPY,M5: loaded successfully
2	13:16:46.572	Custom indicator FixedChartScale GBPJPY,M5: loaded successfully
2	13:16:46.671	Custom indicator Price Pro Value Chart Profissional - PT-BR GBPJPY,M5: loaded successfully
0	13:16:47.514	HistoryCenter: synchronize 'USDJPY5'
0	13:16:48.251	HistoryCenter: 2 bars imported in 'USDJPY5'
0	13:16:48.251	HistoryCenter: synchronize 'GBPJPY5'
0	13:16:49.002	HistoryCenter: 2 bars imported in 'GBPJPY5'
0	13:16:49.002	HistoryCenter: synchronize 'USDJPY5'
0	13:16:49.751	HistoryCenter: 2 bars imported in 'USDJPY5'
0	13:16:50.305	HistoryCenter: synchronize 'GBPJPY5'
0	13:16:51.056	HistoryCenter: 2 bars imported in 'GBPJPY5'
0	13:16:51.056	HistoryCenter: synchronize 'USDJPY5'
0	13:16:51.805	HistoryCenter: 2 bars imported in 'USDJPY5'
0	13:16:52.361	HistoryCenter: synchronize 'GBPJPY5'
0	13:16:53.116	HistoryCenter: 2 bars imported in 'GBPJPY5'
0	13:16:54.227	HistoryCenter: synchronize 'GBPJPY5'
0	13:16:54.955	HistoryCenter: 2 bars imported in 'GBPJPY5'
0	13:16:56.055	HistoryCenter: synchronize 'GBPJPY5'
0	13:16:56.798	HistoryCenter: 2 bars imported in 'GBPJPY5'
0	13:16:57.352	HistoryCenter: synchronize 'GBPJPY5'
0	13:16:58.129	HistoryCenter: 2 bars imported in 'GBPJPY5'
0	13:16:59.227	HistoryCenter: synchronize 'GBPJPY5'
0	13:16:59.997	HistoryCenter: 2 bars imported in 'GBPJPY5'
0	13:17:01.106	HistoryCenter: synchronize 'GBPJPY5'
0	13:17:01.885	HistoryCenter: 2 bars imported in 'GBPJPY5'
0	13:17:02.983	HistoryCenter: synchronize 'GBPJPY5'
0	13:17:03.762	HistoryCenter: 2 bars imported in 'GBPJPY5'
2	13:17:34.141	Custom indicator fadedbckgrnd2__1 GBPUSD,M5: loaded successfully
2	13:17:34.151	Custom indicator FixedChartScale GBPUSD,M5: loaded successfully
2	13:17:34.256	Custom indicator Price Pro Value Chart Profissional - PT-BR GBPUSD,M5: loaded successfully
0	13:17:34.822	HistoryCenter: synchronize 'GBPUSD5'
0	13:17:36.122	HistoryCenter: 2 bars imported in 'GBPUSD5'
0	13:17:37.215	HistoryCenter: synchronize 'GBPUSD5'
0	13:17:37.967	HistoryCenter: 2 bars imported in 'GBPUSD5'
0	13:17:38.519	HistoryCenter: synchronize 'GBPUSD5'
0	13:17:39.289	HistoryCenter: 2 bars imported in 'GBPUSD5'
0	13:17:39.842	HistoryCenter: synchronize 'GBPUSD5'
0	13:17:40.580	HistoryCenter: 2 bars imported in 'GBPUSD5'
0	13:17:41.684	HistoryCenter: synchronize 'GBPUSD5'
0	13:17:42.445	HistoryCenter: 2 bars imported in 'GBPUSD5'
0	13:17:42.994	HistoryCenter: synchronize 'GBPUSD5'
0	13:17:43.780	HistoryCenter: 2 bars imported in 'GBPUSD5'
0	13:17:44.883	HistoryCenter: synchronize 'GBPUSD5'
0	13:17:45.639	HistoryCenter: 2 bars imported in 'GBPUSD5'
0	13:17:46.742	HistoryCenter: synchronize 'GBPUSD5'
0	13:17:47.515	HistoryCenter: 2 bars imported in 'GBPUSD5'
2	13:21:05.671	Custom indicator fadedbckgrnd2__1 GBPUSD,M5: removed
2	13:21:05.672	Custom indicator FixedChartScale GBPUSD,M5: removed
2	13:21:05.685	Custom indicator Price Pro Value Chart Profissional - PT-BR GBPUSD,M5: removed
0	13:39:13.535	HistoryCenter: synchronize 'AUDUSD5'
0	13:39:14.372	HistoryCenter: 359 bars imported in 'AUDUSD5'
0	13:39:16.567	HistoryCenter: synchronize 'AUDUSD5'
0	13:39:17.293	HistoryCenter: 2 bars imported in 'AUDUSD5'
0	13:39:17.835	HistoryCenter: synchronize 'AUDUSD5'
0	13:39:18.583	HistoryCenter: 2 bars imported in 'AUDUSD5'
0	13:39:19.685	HistoryCenter: synchronize 'AUDUSD5'
0	13:39:20.440	HistoryCenter: 2 bars imported in 'AUDUSD5'
0	13:39:21.533	HistoryCenter: synchronize 'AUDUSD5'
0	13:39:22.286	HistoryCenter: 2 bars imported in 'AUDUSD5'
0	13:39:22.840	HistoryCenter: synchronize 'AUDUSD5'
0	13:39:23.588	HistoryCenter: 2 bars imported in 'AUDUSD5'
0	13:39:24.684	HistoryCenter: synchronize 'AUDUSD5'
0	13:39:25.424	HistoryCenter: 2 bars imported in 'AUDUSD5'
0	13:39:25.972	HistoryCenter: synchronize 'AUDUSD5'
0	13:39:26.784	HistoryCenter: 2 bars imported in 'AUDUSD5'
0	13:39:27.880	HistoryCenter: synchronize 'AUDUSD5'
0	13:39:28.633	HistoryCenter: 2 bars imported in 'AUDUSD5'
0	13:39:53.216	HistoryCenter: synchronize 'AUDCAD5'
0	13:39:54.205	HistoryCenter: 884 bars imported in 'AUDCAD5'
0	13:39:55.312	HistoryCenter: synchronize 'AUDCAD5'
0	13:39:56.441	HistoryCenter: 2 bars imported in 'AUDCAD5'
0	13:39:57.540	HistoryCenter: synchronize 'AUDCAD5'
0	13:39:58.394	HistoryCenter: 2 bars imported in 'AUDCAD5'
0	13:39:59.490	HistoryCenter: synchronize 'AUDCAD5'
0	13:40:00.263	HistoryCenter: 2 bars imported in 'AUDCAD5'
0	13:40:01.358	HistoryCenter: synchronize 'AUDCAD5'
0	13:40:02.090	HistoryCenter: 2 bars imported in 'AUDCAD5'
0	13:40:02.631	HistoryCenter: synchronize 'AUDCAD5'
0	13:40:03.382	HistoryCenter: 2 bars imported in 'AUDCAD5'
2	13:49:57.373	Custom indicator fadedbckgrnd2__1 EURJPY,M5: removed
2	13:49:57.375	Custom indicator FixedChartScale EURJPY,M5: removed
2	13:49:57.434	Custom indicator Price Pro Value Chart Profissional - PT-BR EURJPY,M5: removed
2	13:49:57.440	Custom indicator fadedbckgrnd2__1 GBPJPY,M5: removed
2	13:49:57.443	Custom indicator FixedChartScale GBPJPY,M5: removed
2	13:49:57.473	Custom indicator Price Pro Value Chart Profissional - PT-BR GBPJPY,M5: removed
2	13:49:57.482	Custom indicator fadedbckgrnd2__1 EURUSD,M5: removed
2	13:49:57.485	Custom indicator FixedChartScale EURUSD,M5: removed
2	13:49:57.503	Custom indicator Price Pro Value Chart Profissional - PT-BR EURUSD,M5: removed
2	13:49:57.507	Custom indicator fadedbckgrnd2__1 AUDJPY,M5: removed
2	13:49:57.508	Custom indicator FixedChartScale AUDJPY,M5: removed
2	13:49:57.524	Custom indicator Price Pro Value Chart Profissional - PT-BR AUDJPY,M5: removed
2	13:49:57.528	Custom indicator fadedbckgrnd2__1 AUDCAD,M5: removed
2	13:49:57.529	Custom indicator FixedChartScale AUDCAD,M5: removed
2	13:49:57.544	Custom indicator Price Pro Value Chart Profissional - PT-BR AUDCAD,M5: removed
0	13:49:57.794	Alpari MT4 build 1359 stopped
0	13:51:31.589	Alpari MT4 build 1359 started (Alpari International)
0	13:51:31.589	Windows 10 Pro x64, IE 11, UAC, 8 x Intel Core i7-7700HQ  @ 2.80GHz, Memory: 11841 / 16267 Mb, Disk: 389 / 476 Gb, GMT-3
0	13:51:31.589	Data Folder: C:\Users\Administrator\AppData\Roaming\MetaQuotes\Terminal\287469DEA9630EA94D0715D755974F1B
2	13:51:32.722	Custom indicator fadedbckgrnd2__1 EURJPY,M5: loaded successfully
2	13:51:32.730	Custom indicator FixedChartScale EURJPY,M5: loaded successfully
2	13:51:32.830	Custom indicator Price Pro Value Chart Profissional - PT-BR EURJPY,M5: loaded successfully
2	13:51:33.024	Custom indicator Price Pro Value Chart Profissional - PT-BR EURJPY,M5: removed
2	13:51:33.049	Custom indicator fadedbckgrnd2__1 GBPJPY,M5: loaded successfully
2	13:51:33.058	Custom indicator FixedChartScale GBPJPY,M5: loaded successfully
2	13:51:33.176	Custom indicator Price Pro Value Chart Profissional - PT-BR GBPJPY,M5: loaded successfully
2	13:51:33.369	Custom indicator Price Pro Value Chart Profissional - PT-BR GBPJPY,M5: removed
2	13:51:33.396	Custom indicator fadedbckgrnd2__1 EURUSD,M5: loaded successfully
2	13:51:33.405	Custom indicator FixedChartScale EURUSD,M5: loaded successfully
2	13:51:33.516	Custom indicator Price Pro Value Chart Profissional - PT-BR EURUSD,M5: loaded successfully
2	13:51:33.703	Custom indicator Price Pro Value Chart Profissional - PT-BR EURUSD,M5: removed
2	13:51:33.731	Custom indicator fadedbckgrnd2__1 AUDJPY,M5: loaded successfully
2	13:51:33.740	Custom indicator FixedChartScale AUDJPY,M5: loaded successfully
2	13:51:33.874	Custom indicator Price Pro Value Chart Profissional - PT-BR AUDJPY,M5: loaded successfully
2	13:51:34.048	Custom indicator Price Pro Value Chart Profissional - PT-BR AUDJPY,M5: removed
2	13:51:34.071	Custom indicator fadedbckgrnd2__1 AUDCAD,M5: loaded successfully
2	13:51:34.079	Custom indicator FixedChartScale AUDCAD,M5: loaded successfully
2	13:51:34.189	Custom indicator Price Pro Value Chart Profissional - PT-BR AUDCAD,M5: loaded successfully
2	13:51:34.376	Custom indicator Price Pro Value Chart Profissional - PT-BR AUDCAD,M5: removed
0	13:51:34.603	HistoryCenter: synchronize 'EURJPY5'
0	13:51:35.453	HistoryCenter: 2 bars imported in 'EURJPY5'
0	13:51:35.453	HistoryCenter: synchronize 'AUDJPY5'
0	13:51:35.493	'15069840': login on Alpari-Demo through Demo.Europe.2 (ping: 252.65 ms)
0	13:51:36.218	HistoryCenter: 2 bars imported in 'AUDJPY5'
0	13:51:36.218	HistoryCenter: synchronize 'EURUSD5'
0	13:51:37.006	HistoryCenter: 2 bars imported in 'EURUSD5'
0	13:51:37.006	HistoryCenter: synchronize 'GBPJPY5'
0	13:51:37.659	'15069840': login datacenter on Alpari-Demo through Demo.Europe.2 (ping: 252.65 ms)
0	13:51:37.994	HistoryCenter: 2 bars imported in 'GBPJPY5'
0	13:51:38.524	'15069840': previous successful authorization performed from 177.13.221.114
0	13:51:38.546	HistoryCenter: synchronize 'AUDCAD5'
0	13:51:39.328	HistoryCenter: 2 bars imported in 'AUDCAD5'
2	13:52:00.397	Custom indicator fadedbckgrnd2__1 EURJPY,M5: removed
2	13:52:00.398	Custom indicator FixedChartScale EURJPY,M5: removed
2	13:52:00.406	Custom indicator fadedbckgrnd2__1 EURJPY,M5: loaded successfully
2	13:52:00.414	Custom indicator FixedChartScale EURJPY,M5: loaded successfully
2	13:52:00.525	Custom indicator Price Pro Value Chart Profissional - PT-BR EURJPY,M5: loaded successfully
0	13:52:00.869	HistoryCenter: synchronize 'EURJPY5'
0	13:52:01.607	HistoryCenter: 2 bars imported in 'EURJPY5'
0	13:52:03.254	HistoryCenter: synchronize 'EURJPY5'
0	13:52:04.135	HistoryCenter: 2 bars imported in 'EURJPY5'
2	13:52:05.499	Custom indicator fadedbckgrnd2__1 GBPJPY,M5: removed
2	13:52:05.500	Custom indicator FixedChartScale GBPJPY,M5: removed
2	13:52:05.509	Custom indicator fadedbckgrnd2__1 GBPJPY,M5: loaded successfully
2	13:52:05.518	Custom indicator FixedChartScale GBPJPY,M5: loaded successfully
2	13:52:05.622	Custom indicator Price Pro Value Chart Profissional - PT-BR GBPJPY,M5: loaded successfully
0	13:52:06.334	HistoryCenter: synchronize 'GBPJPY5'
0	13:52:07.107	HistoryCenter: 2 bars imported in 'GBPJPY5'
0	13:52:08.217	HistoryCenter: synchronize 'GBPJPY5'
0	13:52:08.982	HistoryCenter: 2 bars imported in 'GBPJPY5'
0	13:52:10.084	HistoryCenter: synchronize 'GBPJPY5'
2	13:52:10.814	Custom indicator fadedbckgrnd2__1 EURUSD,M5: removed
2	13:52:10.815	Custom indicator FixedChartScale EURUSD,M5: removed
2	13:52:10.824	Custom indicator fadedbckgrnd2__1 EURUSD,M5: loaded successfully
2	13:52:10.832	Custom indicator FixedChartScale EURUSD,M5: loaded successfully
0	13:52:10.851	HistoryCenter: 2 bars imported in 'GBPJPY5'
2	13:52:10.930	Custom indicator Price Pro Value Chart Profissional - PT-BR EURUSD,M5: loaded successfully
0	13:52:11.396	HistoryCenter: synchronize 'EURUSD5'
0	13:52:12.215	HistoryCenter: 2 bars imported in 'EURUSD5'
0	13:52:12.215	HistoryCenter: synchronize 'GBPJPY5'
0	13:52:12.967	HistoryCenter: 2 bars imported in 'GBPJPY5'
0	13:52:13.511	HistoryCenter: synchronize 'EURUSD5'
0	13:52:14.257	HistoryCenter: 2 bars imported in 'EURUSD5'
0	13:52:14.257	HistoryCenter: synchronize 'GBPJPY5'
0	13:52:15.013	HistoryCenter: 2 bars imported in 'GBPJPY5'
2	13:52:15.540	Custom indicator fadedbckgrnd2__1 AUDJPY,M5: removed
2	13:52:15.541	Custom indicator FixedChartScale AUDJPY,M5: removed
2	13:52:15.549	Custom indicator fadedbckgrnd2__1 AUDJPY,M5: loaded successfully
2	13:52:15.558	Custom indicator FixedChartScale AUDJPY,M5: loaded successfully
0	13:52:15.558	HistoryCenter: synchronize 'EURUSD5'
2	13:52:15.664	Custom indicator Price Pro Value Chart Profissional - PT-BR AUDJPY,M5: loaded successfully
0	13:52:16.307	HistoryCenter: 2 bars imported in 'EURUSD5'
0	13:52:16.307	HistoryCenter: synchronize 'AUDJPY5'
0	13:52:17.074	HistoryCenter: 2 bars imported in 'AUDJPY5'
0	13:52:17.074	HistoryCenter: synchronize 'GBPJPY5'
0	13:52:17.837	HistoryCenter: 2 bars imported in 'GBPJPY5'
0	13:52:17.837	HistoryCenter: synchronize 'AUDJPY5'
0	13:52:18.579	HistoryCenter: 2 bars imported in 'AUDJPY5'
0	13:52:18.579	HistoryCenter: synchronize 'EURUSD5'
2	13:52:19.292	Custom indicator fadedbckgrnd2__1 AUDCAD,M5: removed
2	13:52:19.293	Custom indicator FixedChartScale AUDCAD,M5: removed
2	13:52:19.302	Custom indicator fadedbckgrnd2__1 AUDCAD,M5: loaded successfully
2	13:52:19.310	Custom indicator FixedChartScale AUDCAD,M5: loaded successfully
0	13:52:19.343	HistoryCenter: 2 bars imported in 'EURUSD5'
0	13:52:19.343	HistoryCenter: synchronize 'AUDJPY5'
2	13:52:19.414	Custom indicator Price Pro Value Chart Profissional - PT-BR AUDCAD,M5: loaded successfully
0	13:52:20.210	HistoryCenter: 2 bars imported in 'AUDJPY5'
0	13:52:20.210	HistoryCenter: synchronize 'EURUSD5'
0	13:52:20.972	HistoryCenter: 2 bars imported in 'EURUSD5'
0	13:52:20.972	HistoryCenter: synchronize 'GBPJPY5'
0	13:52:21.757	HistoryCenter: 2 bars imported in 'GBPJPY5'
0	13:52:22.306	HistoryCenter: synchronize 'AUDCAD5'
0	13:52:23.081	HistoryCenter: 2 bars imported in 'AUDCAD5'
0	13:52:23.081	HistoryCenter: synchronize 'AUDJPY5'
0	13:52:23.848	HistoryCenter: 2 bars imported in 'AUDJPY5'
0	13:52:23.848	HistoryCenter: synchronize 'AUDCAD5'
0	13:52:24.622	HistoryCenter: 2 bars imported in 'AUDCAD5'
0	13:52:24.622	HistoryCenter: synchronize 'EURUSD5'
0	13:52:25.661	HistoryCenter: 2 bars imported in 'EURUSD5'
0	13:52:25.661	HistoryCenter: synchronize 'AUDCAD5'
0	13:52:26.791	'15069840': auto connecting to a better access point Demo.Europe.2:444 (ping is 247.76 ms)
0	13:52:27.333	HistoryCenter: 2 bars imported in 'AUDCAD5'
0	13:52:27.333	HistoryCenter: synchronize 'AUDJPY5'
0	13:52:28.102	'15069840': login on Alpari-Demo through Demo.Europe.2:444 (ping: 247.76 ms)
0	13:52:28.327	HistoryCenter: 2 bars imported in 'AUDJPY5'
0	13:52:28.875	HistoryCenter: synchronize 'AUDCAD5'
0	13:52:30.027	HistoryCenter: 2 bars imported in 'AUDCAD5'
0	13:52:30.027	HistoryCenter: synchronize 'AUDJPY5'
0	13:52:30.524	'15069840': login datacenter on Alpari-Demo through Demo.Europe.2:444 (ping: 247.76 ms)
0	13:52:30.784	HistoryCenter: 2 bars imported in 'AUDJPY5'
0	13:52:30.784	HistoryCenter: synchronize 'AUDCAD5'
0	13:52:31.149	'15069840': previous successful authorization performed from 177.13.221.114
0	13:52:31.563	HistoryCenter: 2 bars imported in 'AUDCAD5'
0	13:52:31.563	HistoryCenter: synchronize 'AUDJPY5'
0	13:52:32.382	HistoryCenter: 2 bars imported in 'AUDJPY5'
2	13:53:04.875	Custom indicator fadedbckgrnd2__1 AUDJPY,M5: removed
2	13:53:04.877	Custom indicator FixedChartScale AUDJPY,M5: removed
2	13:53:04.890	Custom indicator Price Pro Value Chart Profissional - PT-BR AUDJPY,M5: removed
2	13:53:04.898	Custom indicator fadedbckgrnd2__1 AUDJPY,M5: loaded successfully
2	13:53:04.907	Custom indicator FixedChartScale AUDJPY,M5: loaded successfully
2	13:53:05.006	Custom indicator Price Pro Value Chart Profissional - PT-BR AUDJPY,M5: loaded successfully
0	13:53:05.632	HistoryCenter: synchronize 'AUDJPY5'
0	13:53:06.906	HistoryCenter: 2 bars imported in 'AUDJPY5'
0	13:53:07.997	HistoryCenter: synchronize 'AUDJPY5'
0	13:53:09.098	HistoryCenter: 2 bars imported in 'AUDJPY5'
0	13:53:09.650	HistoryCenter: synchronize 'AUDJPY5'
0	13:53:11.177	HistoryCenter: 2 bars imported in 'AUDJPY5'
0	13:53:11.723	HistoryCenter: synchronize 'AUDJPY5'
0	13:53:12.552	HistoryCenter: 2 bars imported in 'AUDJPY5'
2	13:53:13.637	Custom indicator fadedbckgrnd2__1 GBPJPY,M5: removed
2	13:53:13.638	Custom indicator FixedChartScale GBPJPY,M5: removed
2	13:53:13.651	Custom indicator Price Pro Value Chart Profissional - PT-BR GBPJPY,M5: removed
2	13:53:13.659	Custom indicator fadedbckgrnd2__1 GBPJPY,M5: loaded successfully
0	13:53:13.665	HistoryCenter: synchronize 'AUDJPY5'
2	13:53:13.668	Custom indicator FixedChartScale GBPJPY,M5: loaded successfully
2	13:53:13.767	Custom indicator Price Pro Value Chart Profissional - PT-BR GBPJPY,M5: loaded successfully
0	13:53:14.424	HistoryCenter: 2 bars imported in 'AUDJPY5'
0	13:53:17.190	HistoryCenter: synchronize 'AUDJPY5'
0	13:53:18.128	HistoryCenter: 2 bars imported in 'AUDJPY5'
0	13:53:18.128	HistoryCenter: synchronize 'GBPJPY5'
0	13:53:19.298	HistoryCenter: 2 bars imported in 'GBPJPY5'
0	13:53:19.298	HistoryCenter: synchronize 'AUDJPY5'
0	13:53:20.087	HistoryCenter: 2 bars imported in 'AUDJPY5'
0	13:53:20.087	HistoryCenter: synchronize 'GBPJPY5'
0	13:53:21.604	HistoryCenter: 2 bars imported in 'GBPJPY5'
0	13:53:21.604	HistoryCenter: synchronize 'AUDJPY5'
0	13:53:23.883	HistoryCenter: 2 bars imported in 'AUDJPY5'
0	13:53:23.883	HistoryCenter: synchronize 'GBPJPY5'
0	13:53:26.264	HistoryCenter: 2 bars imported in 'GBPJPY5'
0	13:53:26.264	HistoryCenter: synchronize 'AUDJPY5'
0	13:53:27.670	HistoryCenter: 2 bars imported in 'AUDJPY5'
0	13:53:27.670	HistoryCenter: synchronize 'GBPJPY5'
0	13:53:28.434	HistoryCenter: 2 bars imported in 'GBPJPY5'
0	13:53:28.976	HistoryCenter: synchronize 'GBPJPY5'
0	13:53:29.828	HistoryCenter: 2 bars imported in 'GBPJPY5'
0	13:53:30.382	HistoryCenter: synchronize 'GBPJPY5'
0	13:53:31.293	HistoryCenter: 2 bars imported in 'GBPJPY5'
0	14:00:02.685	HistoryCenter: synchronize 'EURJPY5'
0	14:00:03.469	HistoryCenter: 2 bars imported in 'EURJPY5'
0	14:00:04.018	HistoryCenter: synchronize 'GBPJPY5'
0	14:00:04.826	HistoryCenter: 2 bars imported in 'GBPJPY5'
0	14:00:04.826	HistoryCenter: synchronize 'EURUSD5'
0	14:00:05.649	HistoryCenter: 2 bars imported in 'EURUSD5'
0	14:00:06.208	HistoryCenter: synchronize 'AUDCAD5'
0	14:00:06.980	HistoryCenter: 2 bars imported in 'AUDCAD5'
0	14:00:06.980	HistoryCenter: synchronize 'AUDJPY5'
0	14:00:08.318	HistoryCenter: 2 bars imported in 'AUDJPY5'
0	14:00:08.320	HistoryCenter: synchronize 'AUDCAD5'
0	14:00:09.090	HistoryCenter: 2 bars imported in 'AUDCAD5'
0	14:00:09.090	HistoryCenter: synchronize 'AUDJPY5'
0	14:00:09.817	HistoryCenter: 2 bars imported in 'AUDJPY5'
0	14:00:09.817	HistoryCenter: synchronize 'EURUSD5'
0	14:00:10.568	HistoryCenter: 2 bars imported in 'EURUSD5'
0	14:00:10.568	HistoryCenter: synchronize 'AUDCAD5'
0	14:00:11.325	HistoryCenter: 2 bars imported in 'AUDCAD5'
0	14:00:11.325	HistoryCenter: synchronize 'AUDJPY5'
0	14:00:12.068	HistoryCenter: 2 bars imported in 'AUDJPY5'
0	14:00:12.068	HistoryCenter: synchronize 'EURUSD5'
0	14:00:12.856	HistoryCenter: 2 bars imported in 'EURUSD5'
0	14:00:12.856	HistoryCenter: synchronize 'GBPJPY5'
0	14:00:13.676	HistoryCenter: 2 bars imported in 'GBPJPY5'
0	14:00:13.676	HistoryCenter: synchronize 'EURJPY5'
0	14:00:14.442	HistoryCenter: 2 bars imported in 'EURJPY5'
0	14:00:14.993	HistoryCenter: synchronize 'AUDCAD5'
0	14:00:15.868	HistoryCenter: 2 bars imported in 'AUDCAD5'
0	14:00:15.868	HistoryCenter: synchronize 'AUDJPY5'
0	14:00:16.648	HistoryCenter: 2 bars imported in 'AUDJPY5'
0	14:00:16.648	HistoryCenter: synchronize 'EURUSD5'
0	14:00:17.427	HistoryCenter: 2 bars imported in 'EURUSD5'
0	14:00:17.427	HistoryCenter: synchronize 'AUDJPY5'
0	14:00:18.176	HistoryCenter: 2 bars imported in 'AUDJPY5'
0	14:00:18.176	HistoryCenter: synchronize 'EURUSD5'
0	14:00:18.908	HistoryCenter: 2 bars imported in 'EURUSD5'
0	14:00:18.908	HistoryCenter: synchronize 'AUDJPY5'
0	14:00:19.648	HistoryCenter: 2 bars imported in 'AUDJPY5'
0	14:00:19.648	HistoryCenter: synchronize 'GBPJPY5'
0	14:00:20.392	HistoryCenter: 2 bars imported in 'GBPJPY5'
0	14:00:20.948	HistoryCenter: synchronize 'AUDJPY5'
0	14:00:21.736	HistoryCenter: 2 bars imported in 'AUDJPY5'
2	14:31:32.212	Custom indicator fadedbckgrnd2__1 EURUSD,M5: removed
2	14:31:32.213	Custom indicator FixedChartScale EURUSD,M5: removed
2	14:31:32.227	Custom indicator Price Pro Value Chart Profissional - PT-BR EURUSD,M5: removed
2	14:31:32.235	Custom indicator fadedbckgrnd2__1 EURUSD,M5: loaded successfully
2	14:31:32.243	Custom indicator FixedChartScale EURUSD,M5: loaded successfully
2	14:31:32.352	Custom indicator Price Pro Value Chart Profissional - PT-BR EURUSD,M5: loaded successfully
0	14:31:32.776	HistoryCenter: synchronize 'EURUSD5'
0	14:31:33.925	HistoryCenter: 2 bars imported in 'EURUSD5'
0	14:31:35.578	HistoryCenter: synchronize 'EURUSD5'
0	14:31:36.442	HistoryCenter: 2 bars imported in 'EURUSD5'
0	14:31:36.993	HistoryCenter: synchronize 'EURUSD5'
0	14:31:37.934	HistoryCenter: 2 bars imported in 'EURUSD5'
0	14:31:39.029	HistoryCenter: synchronize 'EURUSD5'
0	14:31:39.809	HistoryCenter: 2 bars imported in 'EURUSD5'
0	14:31:40.908	HistoryCenter: synchronize 'EURUSD5'
0	14:31:41.704	HistoryCenter: 2 bars imported in 'EURUSD5'
0	14:31:42.804	HistoryCenter: synchronize 'EURUSD5'
0	14:31:44.419	HistoryCenter: 2 bars imported in 'EURUSD5'
0	14:31:44.972	HistoryCenter: synchronize 'EURUSD5'
0	14:31:45.789	HistoryCenter: 2 bars imported in 'EURUSD5'
0	14:31:46.898	HistoryCenter: synchronize 'EURUSD5'
0	14:31:48.450	HistoryCenter: 2 bars imported in 'EURUSD5'
2	14:32:08.492	Custom indicator fadedbckgrnd2__1 AUDCAD,M5: removed
2	14:32:08.494	Custom indicator FixedChartScale AUDCAD,M5: removed
2	14:32:08.506	Custom indicator Price Pro Value Chart Profissional - PT-BR AUDCAD,M5: removed
2	14:32:08.515	Custom indicator fadedbckgrnd2__1 AUDCAD,M5: loaded successfully
2	14:32:08.523	Custom indicator FixedChartScale AUDCAD,M5: loaded successfully
2	14:32:08.626	Custom indicator Price Pro Value Chart Profissional - PT-BR AUDCAD,M5: loaded successfully
0	14:32:09.037	HistoryCenter: synchronize 'AUDCAD5'
0	14:32:09.853	HistoryCenter: 2 bars imported in 'AUDCAD5'
0	14:32:10.962	HistoryCenter: synchronize 'AUDCAD5'
0	14:32:11.717	HistoryCenter: 2 bars imported in 'AUDCAD5'
0	14:32:12.261	HistoryCenter: synchronize 'AUDCAD5'
0	14:32:13.014	HistoryCenter: 2 bars imported in 'AUDCAD5'
0	14:32:14.113	HistoryCenter: synchronize 'AUDCAD5'
0	14:32:14.966	HistoryCenter: 2 bars imported in 'AUDCAD5'
0	14:32:16.066	HistoryCenter: synchronize 'AUDCAD5'
0	14:32:16.856	HistoryCenter: 2 bars imported in 'AUDCAD5'
0	14:32:17.954	HistoryCenter: synchronize 'AUDCAD5'
0	14:32:18.691	HistoryCenter: 2 bars imported in 'AUDCAD5'
0	14:32:19.242	HistoryCenter: synchronize 'AUDCAD5'
0	14:32:20.005	HistoryCenter: 2 bars imported in 'AUDCAD5'
0	14:33:45.476	HistoryCenter: synchronize 'EURUSD1'
0	14:33:46.785	HistoryCenter: 2651 bars imported in 'EURUSD1'
0	14:33:47.333	HistoryCenter: synchronize 'EURUSD1'
0	14:33:48.099	HistoryCenter: 2 bars imported in 'EURUSD1'
0	14:33:48.646	HistoryCenter: synchronize 'EURUSD1'
0	14:33:49.444	HistoryCenter: 2 bars imported in 'EURUSD1'
0	14:33:50.548	HistoryCenter: synchronize 'EURUSD1'
2	14:33:51.142	Custom indicator fadedbckgrnd2__1 EURUSD,M1: removed
2	14:33:51.144	Custom indicator FixedChartScale EURUSD,M1: removed
2	14:33:51.158	Custom indicator Price Pro Value Chart Profissional - PT-BR EURUSD,M1: removed
2	14:33:51.169	Custom indicator fadedbckgrnd2__1 EURUSD,M1: loaded successfully
2	14:33:51.179	Custom indicator FixedChartScale EURUSD,M1: loaded successfully
2	14:33:51.190	Custom indicator iclock_mod1 EURUSD,M1: loaded successfully
2	14:33:51.300	Custom indicator Price Pro Value Chart Profissional - PT-BR EURUSD,M1: loaded successfully
0	14:33:51.502	HistoryCenter: 2 bars imported in 'EURUSD1'
0	14:33:53.149	HistoryCenter: synchronize 'EURUSD1'
0	14:33:53.898	HistoryCenter: 2 bars imported in 'EURUSD1'
0	14:33:56.106	HistoryCenter: synchronize 'EURUSD1'
0	14:33:56.874	HistoryCenter: 2 bars imported in 'EURUSD1'
2	14:34:09.614	Custom indicator iclock_mod1 EURUSD,M1: removed
0	14:36:14.522	HistoryCenter: synchronize 'EURUSD1'
0	14:36:15.299	HistoryCenter: 2 bars imported in 'EURUSD1'
0	14:36:16.962	HistoryCenter: synchronize 'EURUSD1'
0	14:36:17.742	HistoryCenter: 2 bars imported in 'EURUSD1'
0	14:36:18.840	HistoryCenter: synchronize 'EURUSD1'
0	14:36:19.611	HistoryCenter: 2 bars imported in 'EURUSD1'
0	14:36:20.711	HistoryCenter: synchronize 'EURUSD1'
0	14:36:21.519	HistoryCenter: 2 bars imported in 'EURUSD1'
0	14:36:22.627	HistoryCenter: synchronize 'EURUSD1'
0	14:36:23.393	HistoryCenter: 2 bars imported in 'EURUSD1'
0	14:36:23.949	HistoryCenter: synchronize 'EURUSD1'
0	14:36:24.791	HistoryCenter: 2 bars imported in 'EURUSD1'
0	14:36:25.893	HistoryCenter: synchronize 'EURUSD1'
0	14:36:26.638	HistoryCenter: 2 bars imported in 'EURUSD1'
0	14:36:27.744	HistoryCenter: synchronize 'EURUSD1'
0	14:36:28.549	HistoryCenter: 2 bars imported in 'EURUSD1'
0	14:36:29.659	HistoryCenter: synchronize 'EURUSD1'
0	14:36:30.638	HistoryCenter: 2 bars imported in 'EURUSD1'
0	14:36:31.745	HistoryCenter: synchronize 'EURUSD1'
0	14:36:32.605	HistoryCenter: 2 bars imported in 'EURUSD1'
0	14:36:58.344	HistoryCenter: synchronize 'EURJPY1'
0	14:36:59.117	HistoryCenter: 2 bars imported in 'EURJPY1'
0	14:37:00.783	HistoryCenter: synchronize 'EURJPY1'
0	14:37:01.529	HistoryCenter: 2 bars imported in 'EURJPY1'
2	14:37:02.349	Custom indicator fadedbckgrnd2__1 EURJPY,M1: removed
2	14:37:02.350	Custom indicator FixedChartScale EURJPY,M1: removed
2	14:37:02.364	Custom indicator Price Pro Value Chart Profissional - PT-BR EURJPY,M1: removed
2	14:37:02.373	Custom indicator fadedbckgrnd2__1 EURJPY,M1: loaded successfully
2	14:37:02.383	Custom indicator FixedChartScale EURJPY,M1: loaded successfully
2	14:37:02.493	Custom indicator Price Pro Value Chart Profissional - PT-BR EURJPY,M1: loaded successfully
0	14:37:02.628	HistoryCenter: synchronize 'EURJPY1'
0	14:37:03.393	HistoryCenter: 2 bars imported in 'EURJPY1'
0	14:37:05.038	HistoryCenter: synchronize 'EURJPY1'
0	14:37:05.803	HistoryCenter: 2 bars imported in 'EURJPY1'
0	14:37:06.907	HistoryCenter: synchronize 'EURJPY1'
0	14:37:07.662	HistoryCenter: 2 bars imported in 'EURJPY1'
0	14:37:08.217	HistoryCenter: synchronize 'EURJPY1'
0	14:37:08.977	HistoryCenter: 2 bars imported in 'EURJPY1'
0	14:37:10.079	HistoryCenter: synchronize 'EURJPY1'
2	14:37:10.419	Custom indicator fadedbckgrnd2__1 GBPJPY,M5: removed
2	14:37:10.420	Custom indicator FixedChartScale GBPJPY,M5: removed
2	14:37:10.435	Custom indicator Price Pro Value Chart Profissional - PT-BR GBPJPY,M5: removed
2	14:37:10.444	Custom indicator fadedbckgrnd2__1 GBPJPY,M5: loaded successfully
2	14:37:10.452	Custom indicator FixedChartScale GBPJPY,M5: loaded successfully
2	14:37:10.558	Custom indicator Price Pro Value Chart Profissional - PT-BR GBPJPY,M5: loaded successfully
0	14:37:10.886	HistoryCenter: 2 bars imported in 'EURJPY1'
0	14:37:10.886	HistoryCenter: synchronize 'GBPJPY5'
0	14:37:11.662	HistoryCenter: 2 bars imported in 'GBPJPY5'
0	14:37:12.215	HistoryCenter: synchronize 'EURJPY1'
0	14:37:13.017	HistoryCenter: 2 bars imported in 'EURJPY1'
0	14:37:13.017	HistoryCenter: synchronize 'GBPJPY5'
0	14:37:14.015	HistoryCenter: 2 bars imported in 'GBPJPY5'
0	14:37:14.554	HistoryCenter: synchronize 'GBPJPY1'
0	14:37:15.321	HistoryCenter: 2 bars imported in 'GBPJPY1'
0	14:37:15.876	HistoryCenter: synchronize 'GBPJPY1'
0	14:37:16.684	HistoryCenter: 2 bars imported in 'GBPJPY1'
0	14:37:17.779	HistoryCenter: synchronize 'GBPJPY1'
0	14:37:18.577	HistoryCenter: 2 bars imported in 'GBPJPY1'
0	14:37:19.674	HistoryCenter: synchronize 'GBPJPY1'
0	14:37:20.408	HistoryCenter: 2 bars imported in 'GBPJPY1'
0	14:37:20.962	HistoryCenter: synchronize 'GBPJPY1'
2	14:37:21.213	Custom indicator fadedbckgrnd2__1 AUDJPY,M5: removed
2	14:37:21.214	Custom indicator FixedChartScale AUDJPY,M5: removed
2	14:37:21.227	Custom indicator Price Pro Value Chart Profissional - PT-BR AUDJPY,M5: removed
0	14:37:21.927	HistoryCenter: 2 bars imported in 'GBPJPY1'
0	14:37:23.016	HistoryCenter: synchronize 'GBPJPY1'
0	14:37:23.764	HistoryCenter: 2 bars imported in 'GBPJPY1'
2	14:37:24.420	Custom indicator fadedbckgrnd2__1 AUDCAD,M5: removed
2	14:37:24.422	Custom indicator FixedChartScale AUDCAD,M5: removed
2	14:37:24.435	Custom indicator Price Pro Value Chart Profissional - PT-BR AUDCAD,M5: removed
0	14:37:24.852	HistoryCenter: synchronize 'GBPJPY1'
0	14:37:25.605	HistoryCenter: 2 bars imported in 'GBPJPY1'
0	14:37:59.552	HistoryCenter: synchronize 'GBPUSD1'
0	14:38:00.349	HistoryCenter: 3 bars imported in 'GBPUSD1'
0	14:38:02.014	HistoryCenter: synchronize 'GBPUSD1'
0	14:38:02.840	HistoryCenter: 2 bars imported in 'GBPUSD1'
0	14:38:03.938	HistoryCenter: synchronize 'GBPUSD1'
0	14:38:06.363	HistoryCenter: 2 bars imported in 'GBPUSD1'
0	14:38:06.914	HistoryCenter: synchronize 'GBPUSD1'
0	14:38:07.706	HistoryCenter: 2 bars imported in 'GBPUSD1'
0	14:38:08.807	HistoryCenter: synchronize 'GBPUSD1'
0	14:38:10.304	HistoryCenter: 2 bars imported in 'GBPUSD1'
0	14:38:10.854	HistoryCenter: synchronize 'GBPUSD1'
0	14:38:11.673	HistoryCenter: 2 bars imported in 'GBPUSD1'
0	14:38:12.777	HistoryCenter: synchronize 'GBPUSD1'
0	14:38:14.541	HistoryCenter: 2 bars imported in 'GBPUSD1'
0	14:38:15.640	HistoryCenter: synchronize 'GBPUSD1'
0	14:38:17.109	HistoryCenter: 2 bars imported in 'GBPUSD1'
0	14:38:17.653	HistoryCenter: synchronize 'GBPUSD1'
0	14:38:18.581	HistoryCenter: 2 bars imported in 'GBPUSD1'
0	14:38:19.686	HistoryCenter: synchronize 'GBPUSD1'
0	14:38:20.454	HistoryCenter: 2 bars imported in 'GBPUSD1'
0	14:38:51.147	HistoryCenter: synchronize 'GBPUSD1'
0	14:38:51.908	HistoryCenter: 2 bars imported in 'GBPUSD1'
0	14:38:53.560	HistoryCenter: synchronize 'GBPUSD1'
0	14:38:54.304	HistoryCenter: 2 bars imported in 'GBPUSD1'
0	14:38:55.411	HistoryCenter: synchronize 'GBPUSD1'
0	14:38:56.222	HistoryCenter: 2 bars imported in 'GBPUSD1'
0	14:38:57.318	HistoryCenter: synchronize 'GBPUSD1'
0	14:38:58.089	HistoryCenter: 2 bars imported in 'GBPUSD1'
0	14:38:59.198	HistoryCenter: synchronize 'GBPUSD1'
0	14:38:59.947	HistoryCenter: 2 bars imported in 'GBPUSD1'
0	14:39:00.481	HistoryCenter: synchronize 'GBPUSD1'
0	14:39:01.247	HistoryCenter: 2 bars imported in 'GBPUSD1'
0	14:39:02.359	HistoryCenter: synchronize 'GBPUSD1'
0	14:39:03.134	HistoryCenter: 2 bars imported in 'GBPUSD1'
0	14:39:04.233	HistoryCenter: synchronize 'GBPUSD1'
0	14:39:05.021	HistoryCenter: 2 bars imported in 'GBPUSD1'
0	14:39:05.568	HistoryCenter: synchronize 'GBPUSD1'
0	14:39:06.310	HistoryCenter: 2 bars imported in 'GBPUSD1'
0	14:39:07.419	HistoryCenter: synchronize 'GBPUSD1'
0	14:39:08.165	HistoryCenter: 2 bars imported in 'GBPUSD1'
2	14:40:38.435	Custom indicator fadedbckgrnd2__1 EURUSD,M1: removed
2	14:40:38.437	Custom indicator FixedChartScale EURUSD,M1: removed
2	14:40:38.451	Custom indicator Price Pro Value Chart Profissional - PT-BR EURUSD,M1: removed
2	14:40:38.461	Custom indicator fadedbckgrnd2__1 EURUSD,M1: loaded successfully
2	14:40:38.469	Custom indicator FixedChartScale EURUSD,M1: loaded successfully
2	14:40:38.579	Custom indicator Price Pro Value Chart Profissional - PT-BR EURUSD,M1: loaded successfully
0	14:40:38.935	HistoryCenter: synchronize 'EURUSD1'
0	14:40:39.707	HistoryCenter: 2 bars imported in 'EURUSD1'
0	14:40:41.360	HistoryCenter: synchronize 'EURUSD1'
0	14:40:42.129	HistoryCenter: 2 bars imported in 'EURUSD1'
0	14:40:43.236	HistoryCenter: synchronize 'EURUSD1'
0	14:40:44.024	HistoryCenter: 2 bars imported in 'EURUSD1'
2	14:40:44.105	Custom indicator fadedbckgrnd2__1 EURJPY,M1: removed
2	14:40:44.106	Custom indicator FixedChartScale EURJPY,M1: removed
2	14:40:44.119	Custom indicator Price Pro Value Chart Profissional - PT-BR EURJPY,M1: removed
2	14:40:44.128	Custom indicator fadedbckgrnd2__1 EURJPY,M1: loaded successfully
2	14:40:44.136	Custom indicator FixedChartScale EURJPY,M1: loaded successfully
2	14:40:44.247	Custom indicator Price Pro Value Chart Profissional - PT-BR EURJPY,M1: loaded successfully
0	14:40:44.577	HistoryCenter: synchronize 'EURJPY1'
0	14:40:45.368	HistoryCenter: 2 bars imported in 'EURJPY1'
0	14:40:45.368	HistoryCenter: synchronize 'EURUSD1'
0	14:40:46.194	HistoryCenter: 2 bars imported in 'EURUSD1'
0	14:40:46.740	HistoryCenter: synchronize 'EURJPY1'
0	14:40:47.479	HistoryCenter: 2 bars imported in 'EURJPY1'
0	14:40:47.480	HistoryCenter: synchronize 'EURUSD1'
0	14:40:48.241	HistoryCenter: 2 bars imported in 'EURUSD1'
0	14:40:48.783	HistoryCenter: synchronize 'EURJPY1'
0	14:40:49.585	HistoryCenter: 2 bars imported in 'EURJPY1'
0	14:40:49.585	HistoryCenter: synchronize 'EURUSD1'
0	14:40:50.701	HistoryCenter: 2 bars imported in 'EURUSD1'
0	14:40:50.701	HistoryCenter: synchronize 'EURJPY1'
0	14:40:51.455	HistoryCenter: 2 bars imported in 'EURJPY1'
0	14:40:51.455	HistoryCenter: synchronize 'EURUSD1'
0	14:40:52.212	HistoryCenter: 2 bars imported in 'EURUSD1'
0	14:40:52.763	HistoryCenter: synchronize 'EURJPY1'
0	14:40:53.756	HistoryCenter: 2 bars imported in 'EURJPY1'
0	14:40:53.756	HistoryCenter: synchronize 'EURUSD1'
0	14:40:54.522	HistoryCenter: 2 bars imported in 'EURUSD1'
0	14:40:55.071	HistoryCenter: synchronize 'EURUSD1'
0	14:40:55.866	HistoryCenter: 2 bars imported in 'EURUSD1'
0	14:40:56.969	HistoryCenter: synchronize 'EURUSD1'
0	14:40:57.725	HistoryCenter: 2 bars imported in 'EURUSD1'
0	14:40:58.283	HistoryCenter: synchronize 'EURUSD1'
0	14:40:59.048	HistoryCenter: 2 bars imported in 'EURUSD1'
2	14:41:13.443	Custom indicator fadedbckgrnd2__1 EURGBP,M1: loaded successfully
2	14:41:13.451	Custom indicator FixedChartScale EURGBP,M1: loaded successfully
2	14:41:13.561	Custom indicator Price Pro Value Chart Profissional - PT-BR EURGBP,M1: loaded successfully
0	14:41:14.450	HistoryCenter: synchronize 'EURGBP1'
0	14:41:15.195	HistoryCenter: 2 bars imported in 'EURGBP1'
0	14:41:15.743	HistoryCenter: synchronize 'EURGBP1'
0	14:41:16.583	HistoryCenter: 2 bars imported in 'EURGBP1'
0	14:41:17.130	HistoryCenter: synchronize 'EURGBP1'
0	14:41:17.899	HistoryCenter: 2 bars imported in 'EURGBP1'
0	14:41:19.011	HistoryCenter: synchronize 'EURGBP1'
0	14:41:19.768	HistoryCenter: 2 bars imported in 'EURGBP1'
0	14:41:20.872	HistoryCenter: synchronize 'EURGBP1'
0	14:41:21.614	HistoryCenter: 2 bars imported in 'EURGBP1'
0	14:41:22.166	HistoryCenter: synchronize 'EURGBP1'
0	14:41:23.195	HistoryCenter: 2 bars imported in 'EURGBP1'
0	14:41:24.299	HistoryCenter: synchronize 'EURGBP1'
0	14:41:25.027	HistoryCenter: 2 bars imported in 'EURGBP1'
0	14:41:26.131	HistoryCenter: synchronize 'EURGBP1'
0	14:41:26.919	HistoryCenter: 2 bars imported in 'EURGBP1'
0	14:41:28.021	HistoryCenter: synchronize 'EURGBP1'
0	14:41:28.788	HistoryCenter: 2 bars imported in 'EURGBP1'
0	14:41:29.890	HistoryCenter: synchronize 'EURGBP1'
0	14:41:30.720	HistoryCenter: 2 bars imported in 'EURGBP1'
0	14:41:31.266	HistoryCenter: synchronize 'EURGBP1'
0	14:41:32.032	HistoryCenter: 2 bars imported in 'EURGBP1'
2	14:41:58.188	Custom indicator fadedbckgrnd2__1 AUDUSD,M1: loaded successfully
2	14:41:58.197	Custom indicator FixedChartScale AUDUSD,M1: loaded successfully
2	14:41:58.301	Custom indicator Price Pro Value Chart Profissional - PT-BR AUDUSD,M1: loaded successfully
0	14:41:58.615	HistoryCenter: synchronize 'AUDUSD1'
0	14:41:59.427	HistoryCenter: 2 bars imported in 'AUDUSD1'
0	14:42:01.074	HistoryCenter: synchronize 'AUDUSD1'
0	14:42:01.815	HistoryCenter: 2 bars imported in 'AUDUSD1'
0	14:42:02.907	HistoryCenter: synchronize 'AUDUSD1'
0	14:42:03.645	HistoryCenter: 2 bars imported in 'AUDUSD1'
0	14:42:04.741	HistoryCenter: synchronize 'AUDUSD1'
0	14:42:05.488	HistoryCenter: 2 bars imported in 'AUDUSD1'
2	14:42:06.715	Custom indicator fadedbckgrnd2__1 USDJPY,M1: loaded successfully
2	14:42:06.724	Custom indicator FixedChartScale USDJPY,M1: loaded successfully
2	14:42:06.823	Custom indicator Price Pro Value Chart Profissional - PT-BR USDJPY,M1: loaded successfully
0	14:42:07.689	HistoryCenter: synchronize 'USDJPY1'
0	14:42:08.439	HistoryCenter: 2 bars imported in 'USDJPY1'
0	14:42:09.535	HistoryCenter: synchronize 'USDJPY1'
0	14:42:10.304	HistoryCenter: 2 bars imported in 'USDJPY1'
0	14:42:11.397	HistoryCenter: synchronize 'USDJPY1'
0	14:42:12.134	HistoryCenter: 2 bars imported in 'USDJPY1'
0	14:42:13.232	HistoryCenter: synchronize 'USDJPY1'
0	14:42:13.949	HistoryCenter: 2 bars imported in 'USDJPY1'
0	14:42:14.492	HistoryCenter: synchronize 'USDJPY1'
0	14:42:15.237	HistoryCenter: 2 bars imported in 'USDJPY1'
0	14:42:16.340	HistoryCenter: synchronize 'USDJPY1'
0	14:42:17.095	HistoryCenter: 2 bars imported in 'USDJPY1'
0	14:42:18.202	HistoryCenter: synchronize 'USDJPY1'
0	14:42:18.962	HistoryCenter: 2 bars imported in 'USDJPY1'
0	14:42:19.518	HistoryCenter: synchronize 'USDJPY1'
0	14:42:20.252	HistoryCenter: 2 bars imported in 'USDJPY1'
0	14:42:21.361	HistoryCenter: synchronize 'USDJPY1'
0	14:42:22.122	HistoryCenter: 2 bars imported in 'USDJPY1'
0	14:42:23.231	HistoryCenter: synchronize 'USDJPY1'
0	14:42:23.996	HistoryCenter: 2 bars imported in 'USDJPY1'
0	14:42:24.543	HistoryCenter: synchronize 'USDJPY1'
0	14:42:25.578	HistoryCenter: 2 bars imported in 'USDJPY1'
0	14:42:26.132	HistoryCenter: synchronize 'USDJPY1'
0	14:42:26.873	HistoryCenter: 2 bars imported in 'USDJPY1'
0	14:42:27.418	HistoryCenter: synchronize 'USDJPY1'
0	14:42:28.213	HistoryCenter: 2 bars imported in 'USDJPY1'
2	14:42:39.894	Custom indicator fadedbckgrnd2__1 AUDUSD,M1: removed
2	14:42:39.895	Custom indicator FixedChartScale AUDUSD,M1: removed
2	14:42:39.908	Custom indicator Price Pro Value Chart Profissional - PT-BR AUDUSD,M1: removed
2	14:45:16.121	Custom indicator fadedbckgrnd2__1 GBPJPY,M1: loaded successfully
2	14:45:16.130	Custom indicator FixedChartScale GBPJPY,M1: loaded successfully
2	14:45:16.235	Custom indicator Price Pro Value Chart Profissional - PT-BR GBPJPY,M1: loaded successfully
0	14:45:16.538	HistoryCenter: synchronize 'GBPJPY1'
0	14:45:17.643	HistoryCenter: 2 bars imported in 'GBPJPY1'
0	14:45:18.744	HistoryCenter: synchronize 'GBPJPY1'
0	14:45:19.489	HistoryCenter: 2 bars imported in 'GBPJPY1'
0	14:45:20.581	HistoryCenter: synchronize 'GBPJPY1'
0	14:45:21.356	HistoryCenter: 2 bars imported in 'GBPJPY1'
0	14:45:21.898	HistoryCenter: synchronize 'GBPJPY1'
0	14:45:22.655	HistoryCenter: 2 bars imported in 'GBPJPY1'
0	14:45:23.761	HistoryCenter: synchronize 'GBPJPY1'
0	14:45:24.507	HistoryCenter: 2 bars imported in 'GBPJPY1'
0	14:45:25.602	HistoryCenter: synchronize 'GBPJPY1'
0	14:45:26.370	HistoryCenter: 2 bars imported in 'GBPJPY1'
0	14:45:26.919	HistoryCenter: synchronize 'GBPJPY1'
0	14:45:27.670	HistoryCenter: 2 bars imported in 'GBPJPY1'
0	14:45:28.780	HistoryCenter: synchronize 'GBPJPY1'
0	14:45:30.063	HistoryCenter: 2 bars imported in 'GBPJPY1'
0	15:00:02.660	HistoryCenter: synchronize 'EURUSD1'
0	15:00:03.577	HistoryCenter: 2 bars imported in 'EURUSD1'
0	15:00:04.123	HistoryCenter: synchronize 'USDJPY1'
0	15:00:04.868	HistoryCenter: 2 bars imported in 'USDJPY1'
0	15:00:05.415	HistoryCenter: synchronize 'GBPUSD1'
0	15:00:06.163	HistoryCenter: 2 bars imported in 'GBPUSD1'
0	15:00:06.712	HistoryCenter: synchronize 'GBPJPY1'
0	15:00:07.460	HistoryCenter: 2 bars imported in 'GBPJPY1'
0	15:00:08.005	HistoryCenter: synchronize 'EURJPY1'
0	15:00:08.780	HistoryCenter: 2 bars imported in 'EURJPY1'
0	15:00:08.780	HistoryCenter: synchronize 'USDJPY1'
0	15:00:09.612	HistoryCenter: 2 bars imported in 'USDJPY1'
0	15:00:09.612	HistoryCenter: synchronize 'EURGBP1'
0	15:00:10.389	HistoryCenter: 2 bars imported in 'EURGBP1'
0	15:00:10.389	HistoryCenter: synchronize 'GBPUSD1'
0	15:00:11.165	HistoryCenter: 2 bars imported in 'GBPUSD1'
0	15:00:11.165	HistoryCenter: synchronize 'EURJPY1'
0	15:00:11.927	HistoryCenter: 2 bars imported in 'EURJPY1'
0	15:00:11.927	HistoryCenter: synchronize 'GBPUSD1'
0	15:00:12.683	HistoryCenter: 2 bars imported in 'GBPUSD1'
0	15:00:12.683	HistoryCenter: synchronize 'EURJPY1'
0	15:00:13.425	HistoryCenter: 2 bars imported in 'EURJPY1'
0	15:00:13.425	HistoryCenter: synchronize 'EURUSD1'
0	15:00:14.186	HistoryCenter: 2 bars imported in 'EURUSD1'
0	15:00:14.743	HistoryCenter: synchronize 'GBPJPY1'
0	15:00:15.486	HistoryCenter: 2 bars imported in 'GBPJPY1'
0	15:00:15.486	HistoryCenter: synchronize 'USDJPY1'
0	15:00:16.331	HistoryCenter: 2 bars imported in 'USDJPY1'
0	15:00:16.331	HistoryCenter: synchronize 'EURGBP1'
0	15:00:17.199	HistoryCenter: 2 bars imported in 'EURGBP1'
0	15:00:17.199	HistoryCenter: synchronize 'GBPUSD1'
0	15:00:17.981	HistoryCenter: 2 bars imported in 'GBPUSD1'
0	15:00:17.981	HistoryCenter: synchronize 'EURGBP1'
0	15:00:18.807	HistoryCenter: 2 bars imported in 'EURGBP1'
0	15:00:18.807	HistoryCenter: synchronize 'EURJPY1'
0	15:00:19.580	HistoryCenter: 2 bars imported in 'EURJPY1'
0	15:00:19.580	HistoryCenter: synchronize 'EURUSD1'
0	15:00:20.346	HistoryCenter: 2 bars imported in 'EURUSD1'
0	15:00:20.893	HistoryCenter: synchronize 'USDJPY1'
0	15:00:21.633	HistoryCenter: 2 bars imported in 'USDJPY1'
2	15:13:20.301	Custom indicator fadedbckgrnd2__1 EURGBP,M1: removed
2	15:13:20.302	Custom indicator FixedChartScale EURGBP,M1: removed
2	15:13:20.316	Custom indicator Price Pro Value Chart Profissional - PT-BR EURGBP,M1: removed
0	15:16:01.934	HistoryCenter: synchronize 'EURJPY1'
0	15:16:02.792	HistoryCenter: 2 bars imported in 'EURJPY1'
0	15:16:04.445	HistoryCenter: synchronize 'EURJPY1'
0	15:16:05.404	HistoryCenter: 2 bars imported in 'EURJPY1'
0	15:16:05.956	HistoryCenter: synchronize 'EURJPY1'
0	15:16:06.710	HistoryCenter: 2 bars imported in 'EURJPY1'
0	15:16:07.815	HistoryCenter: synchronize 'EURJPY1'
0	15:16:08.598	HistoryCenter: 2 bars imported in 'EURJPY1'
0	15:16:09.150	HistoryCenter: synchronize 'EURJPY1'
0	15:16:09.928	HistoryCenter: 2 bars imported in 'EURJPY1'
0	15:16:11.027	HistoryCenter: synchronize 'EURJPY1'
0	15:16:11.834	HistoryCenter: 2 bars imported in 'EURJPY1'
2	15:16:14.843	Custom indicator fadedbckgrnd2__1 EURUSD,M1: removed
2	15:16:14.844	Custom indicator FixedChartScale EURUSD,M1: removed
2	15:16:14.858	Custom indicator Price Pro Value Chart Profissional - PT-BR EURUSD,M1: removed
2	15:16:14.867	Custom indicator fadedbckgrnd2__1 EURUSD,M1: loaded successfully
2	15:16:14.877	Custom indicator FixedChartScale EURUSD,M1: loaded successfully
2	15:16:14.988	Custom indicator Price Pro Value Chart Profissional - PT-BR EURUSD,M1: loaded successfully
0	15:16:15.684	HistoryCenter: synchronize 'EURUSD1'
0	15:16:16.753	HistoryCenter: 2 bars imported in 'EURUSD1'
0	15:16:17.859	HistoryCenter: synchronize 'EURUSD1'
0	15:16:19.630	HistoryCenter: 2 bars imported in 'EURUSD1'
0	15:16:20.727	HistoryCenter: synchronize 'EURUSD1'
0	15:16:21.488	HistoryCenter: 2 bars imported in 'EURUSD1'
0	15:16:22.594	HistoryCenter: synchronize 'EURUSD1'
0	15:16:23.444	HistoryCenter: 2 bars imported in 'EURUSD1'
2	15:16:23.670	Custom indicator fadedbckgrnd2__1 USDJPY,M1: removed
2	15:16:23.671	Custom indicator FixedChartScale USDJPY,M1: removed
2	15:16:23.684	Custom indicator Price Pro Value Chart Profissional - PT-BR USDJPY,M1: removed
2	15:16:23.693	Custom indicator fadedbckgrnd2__1 USDJPY,M1: loaded successfully
2	15:16:23.702	Custom indicator FixedChartScale USDJPY,M1: loaded successfully
2	15:16:23.804	Custom indicator Price Pro Value Chart Profissional - PT-BR USDJPY,M1: loaded successfully
0	15:16:24.552	HistoryCenter: synchronize 'USDJPY1'
0	15:16:25.348	HistoryCenter: 2 bars imported in 'USDJPY1'
0	15:16:25.348	HistoryCenter: synchronize 'EURUSD1'
0	15:16:26.094	HistoryCenter: 2 bars imported in 'EURUSD1'
0	15:16:26.094	HistoryCenter: synchronize 'USDJPY1'
0	15:16:26.852	HistoryCenter: 2 bars imported in 'USDJPY1'
0	15:16:26.852	HistoryCenter: synchronize 'EURUSD1'
0	15:16:27.592	HistoryCenter: 2 bars imported in 'EURUSD1'
0	15:16:28.150	HistoryCenter: synchronize 'USDJPY1'
2	15:16:28.732	Custom indicator fadedbckgrnd2__1 GBPJPY,M1: removed
2	15:16:28.733	Custom indicator FixedChartScale GBPJPY,M1: removed
2	15:16:28.747	Custom indicator Price Pro Value Chart Profissional - PT-BR GBPJPY,M1: removed
2	15:16:28.759	Custom indicator fadedbckgrnd2__1 GBPJPY,M1: loaded successfully
2	15:16:28.768	Custom indicator FixedChartScale GBPJPY,M1: loaded successfully
2	15:16:28.875	Custom indicator Price Pro Value Chart Profissional - PT-BR GBPJPY,M1: loaded successfully
0	15:16:28.900	HistoryCenter: 2 bars imported in 'USDJPY1'
0	15:16:28.900	HistoryCenter: synchronize 'EURUSD1'
0	15:16:29.651	HistoryCenter: 2 bars imported in 'EURUSD1'
0	15:16:29.651	HistoryCenter: synchronize 'USDJPY1'
0	15:16:30.408	HistoryCenter: 2 bars imported in 'USDJPY1'
0	15:16:30.961	HistoryCenter: synchronize 'GBPJPY1'
0	15:16:31.757	HistoryCenter: 2 bars imported in 'GBPJPY1'
0	15:16:31.757	HistoryCenter: synchronize 'USDJPY1'
0	15:16:32.736	HistoryCenter: 2 bars imported in 'USDJPY1'
0	15:16:32.736	HistoryCenter: synchronize 'EURUSD1'
0	15:16:34.144	HistoryCenter: 2 bars imported in 'EURUSD1'
2	15:16:34.524	Custom indicator fadedbckgrnd2__1 GBPUSD,M1: removed
2	15:16:34.525	Custom indicator FixedChartScale GBPUSD,M1: removed
2	15:16:34.539	Custom indicator Price Pro Value Chart Profissional - PT-BR GBPUSD,M1: removed
2	15:16:34.549	Custom indicator fadedbckgrnd2__1 GBPUSD,M1: loaded successfully
2	15:16:34.557	Custom indicator FixedChartScale GBPUSD,M1: loaded successfully
2	15:16:34.667	Custom indicator Price Pro Value Chart Profissional - PT-BR GBPUSD,M1: loaded successfully
0	15:16:34.685	HistoryCenter: synchronize 'GBPJPY1'
0	15:16:35.474	HistoryCenter: 2 bars imported in 'GBPJPY1'
0	15:16:35.474	HistoryCenter: synchronize 'USDJPY1'
0	15:16:36.204	HistoryCenter: 2 bars imported in 'USDJPY1'
0	15:16:36.204	HistoryCenter: synchronize 'GBPUSD1'
0	15:16:36.939	HistoryCenter: 2 bars imported in 'GBPUSD1'
0	15:16:37.493	HistoryCenter: synchronize 'GBPJPY1'
0	15:16:38.339	HistoryCenter: 2 bars imported in 'GBPJPY1'
0	15:16:38.339	HistoryCenter: synchronize 'USDJPY1'
0	15:16:39.106	HistoryCenter: 2 bars imported in 'USDJPY1'
0	15:16:39.106	HistoryCenter: synchronize 'GBPUSD1'
0	15:16:39.856	HistoryCenter: 2 bars imported in 'GBPUSD1'
0	15:16:40.411	HistoryCenter: synchronize 'GBPJPY1'
0	15:16:41.168	HistoryCenter: 2 bars imported in 'GBPJPY1'
0	15:16:41.168	HistoryCenter: synchronize 'USDJPY1'
0	15:16:41.935	HistoryCenter: 2 bars imported in 'USDJPY1'
0	15:16:41.935	HistoryCenter: synchronize 'GBPUSD1'
0	15:16:42.714	HistoryCenter: 2 bars imported in 'GBPUSD1'
0	15:16:43.271	HistoryCenter: synchronize 'GBPJPY1'
0	15:16:44.030	HistoryCenter: 2 bars imported in 'GBPJPY1'
0	15:16:44.030	HistoryCenter: synchronize 'USDJPY1'
0	15:16:44.776	HistoryCenter: 2 bars imported in 'USDJPY1'
0	15:16:44.776	HistoryCenter: synchronize 'GBPUSD1'
0	15:16:45.545	HistoryCenter: 2 bars imported in 'GBPUSD1'
0	15:16:46.092	HistoryCenter: synchronize 'GBPUSD1'
0	15:16:46.860	HistoryCenter: 2 bars imported in 'GBPUSD1'
0	15:16:47.406	HistoryCenter: synchronize 'GBPUSD1'
0	15:16:48.249	HistoryCenter: 2 bars imported in 'GBPUSD1'
0	15:16:49.339	HistoryCenter: synchronize 'GBPUSD1'
0	15:16:50.128	HistoryCenter: 2 bars imported in 'GBPUSD1'
0	15:17:45.906	HistoryCenter: synchronize 'AUDUSD1'
0	15:17:46.649	HistoryCenter: 36 bars imported in 'AUDUSD1'
0	15:17:48.301	HistoryCenter: synchronize 'AUDUSD1'
0	15:17:49.104	HistoryCenter: 2 bars imported in 'AUDUSD1'
0	15:17:50.212	HistoryCenter: synchronize 'AUDUSD1'
0	15:17:50.946	HistoryCenter: 2 bars imported in 'AUDUSD1'
2	15:18:04.034	Custom indicator fadedbckgrnd2__1 AUDUSD,M1: removed
2	15:18:04.035	Custom indicator FixedChartScale AUDUSD,M1: removed
2	15:18:04.049	Custom indicator Price Pro Value Chart Profissional - PT-BR AUDUSD,M1: removed
2	15:18:04.059	Custom indicator fadedbckgrnd2__1 AUDUSD,M1: loaded successfully
2	15:18:04.068	Custom indicator FixedChartScale AUDUSD,M1: loaded successfully
2	15:18:04.175	Custom indicator Price Pro Value Chart Profissional - PT-BR AUDUSD,M1: loaded successfully
0	15:18:04.720	HistoryCenter: synchronize 'AUDUSD1'
0	15:18:05.503	HistoryCenter: 2 bars imported in 'AUDUSD1'
0	15:18:06.615	HistoryCenter: synchronize 'AUDUSD1'
0	15:18:07.370	HistoryCenter: 2 bars imported in 'AUDUSD1'
0	15:18:08.476	HistoryCenter: synchronize 'AUDUSD1'
0	15:18:09.224	HistoryCenter: 2 bars imported in 'AUDUSD1'
0	15:18:09.775	HistoryCenter: synchronize 'AUDUSD1'
0	15:18:10.547	HistoryCenter: 2 bars imported in 'AUDUSD1'
2	15:22:47.601	Custom indicator fadedbckgrnd2__1 AUDUSD,M1: removed
2	15:22:47.602	Custom indicator FixedChartScale AUDUSD,M1: removed
2	15:22:47.616	Custom indicator Price Pro Value Chart Profissional - PT-BR AUDUSD,M1: removed
0	15:25:14.924	'15069840': login on Alpari-Demo through Demo.Europe.2:444 (ping: 247.76 ms)
0	15:25:23.428	'15069840': login datacenter on Alpari-Demo through Demo.Europe.2:444 (ping: 247.76 ms)
0	15:25:25.047	'15069840': previous successful authorization performed from 177.13.221.114
0	15:26:31.227	'15069840': ping to current access point Demo.Europe.2:444 is 260.11 ms
2	15:47:41.508	Custom indicator fadedbckgrnd2__1 GBPJPY,M1: removed
2	15:47:41.509	Custom indicator FixedChartScale GBPJPY,M1: removed
2	15:47:41.522	Custom indicator Price Pro Value Chart Profissional - PT-BR GBPJPY,M1: removed
2	15:47:43.424	Custom indicator fadedbckgrnd2__1 EURJPY,M1: removed
2	15:47:43.426	Custom indicator FixedChartScale EURJPY,M1: removed
2	15:47:43.439	Custom indicator Price Pro Value Chart Profissional - PT-BR EURJPY,M1: removed
2	15:48:21.314	Custom indicator fadedbckgrnd2__1 GBPUSD,M1: removed
2	15:48:21.316	Custom indicator FixedChartScale GBPUSD,M1: removed
2	15:48:21.330	Custom indicator Price Pro Value Chart Profissional - PT-BR GBPUSD,M1: removed
2	15:49:22.311	Custom indicator fadedbckgrnd2__1 EURUSD,M1: removed
2	15:49:22.314	Custom indicator FixedChartScale EURUSD,M1: removed
2	15:49:22.332	Custom indicator Price Pro Value Chart Profissional - PT-BR EURUSD,M1: removed
0	15:49:22.551	Alpari MT4 build 1359 stopped
