0	08:08:51.539	Alpari MT4 build 1359 started (Alpari International)
0	08:08:51.540	Windows 10 Pro x64, IE 11, UAC, 8 x Intel Core i7-7700HQ  @ 2.80GHz, Memory: 12861 / 16267 Mb, Disk: 392 / 476 Gb, GMT-3
0	08:08:51.540	Data Folder: C:\Users\Administrator\AppData\Roaming\MetaQuotes\Terminal\287469DEA9630EA94D0715D755974F1B
2	08:08:53.078	Custom indicator iclock_mod1 EURUSD,M5: loaded successfully
2	08:08:53.085	Custom indicator fadedbckgrnd2__1 EURUSD,M5: loaded successfully
2	08:08:53.216	Custom indicator Price Pro Value Chart Profissional - PT-BR EURUSD,M5: loaded successfully
2	08:08:53.423	Custom indicator Price Pro Value Chart Profissional - PT-BR EURUSD,M5: removed
2	08:08:53.463	Custom indicator iclock_mod1 GBPUSD,M5: loaded successfully
2	08:08:53.473	Custom indicator fadedbckgrnd2__1 GBPUSD,M5: loaded successfully
2	08:08:53.538	Custom indicator iclock_mod1 EURGBP,M5: loaded successfully
2	08:08:53.546	Custom indicator fadedbckgrnd2__1 EURGBP,M5: loaded successfully
2	08:08:53.617	Custom indicator iclock_mod1 AUDUSD,M5: loaded successfully
2	08:08:53.627	Custom indicator fadedbckgrnd2__1 AUDUSD,M5: loaded successfully
2	08:08:53.701	Custom indicator iclock_mod1 EURJPY,M5: loaded successfully
2	08:08:53.709	Custom indicator fadedbckgrnd2__1 EURJPY,M5: loaded successfully
2	08:08:53.790	Custom indicator iclock_mod1 GBPJPY,M5: loaded successfully
2	08:08:53.801	Custom indicator fadedbckgrnd2__1 GBPJPY,M5: loaded successfully
0	08:08:54.175	HistoryCenter: synchronize 'EURUSD5'
0	08:08:55.030	HistoryCenter: 2 bars imported in 'EURUSD5'
0	08:08:55.205	'15069840': login on Alpari-Demo through Demo.Europe.9:1119 (ping: 254.08 ms)
0	08:08:57.434	'15069840': login datacenter on Alpari-Demo through Demo.Europe.9:1119 (ping: 254.08 ms)
0	08:08:58.107	'15069840': previous successful authorization performed from 177.13.221.111
0	08:09:50.071	'15069840': auto connecting to a better access point Demo.Europe.2:444 (ping is 255.70 ms)
0	08:09:51.771	'15069840': login on Alpari-Demo through Demo.Europe.2:444 (ping: 255.70 ms)
0	08:09:53.557	'15069840': login datacenter on Alpari-Demo through Demo.Europe.2:444 (ping: 255.70 ms)
0	08:09:54.718	'15069840': previous successful authorization performed from 177.13.221.111
2	08:11:22.541	Expert EABiBot_Tick EURUSD,M5: loaded successfully
2	08:12:33.022	Custom indicator iclock_mod1 EURJPY-OTC,M5: loaded successfully
2	08:12:33.029	Custom indicator fadedbckgrnd2__1 EURJPY-OTC,M5: loaded successfully
2	08:12:33.133	Custom indicator Price Pro Value Chart Profissional - PT-BR EURJPY-OTC,M5: loaded successfully
2	08:12:59.937	Custom indicator iclock_mod1 EURUSD-OTC,M5: loaded successfully
2	08:12:59.946	Custom indicator fadedbckgrnd2__1 EURUSD-OTC,M5: loaded successfully
2	08:13:00.051	Custom indicator Price Pro Value Chart Profissional - PT-BR EURUSD-OTC,M5: loaded successfully
2	08:14:59.108	Custom indicator iclock_mod1 EURJPY-OTC,M5: removed
2	08:14:59.109	Custom indicator fadedbckgrnd2__1 EURJPY-OTC,M5: removed
2	08:14:59.122	Custom indicator Price Pro Value Chart Profissional - PT-BR EURJPY-OTC,M5: removed
2	08:14:59.131	Custom indicator iclock_mod1 EURJPY-OTC,M5: loaded successfully
2	08:14:59.139	Custom indicator fadedbckgrnd2__1 EURJPY-OTC,M5: loaded successfully
2	08:14:59.240	Custom indicator Price Pro Value Chart Profissional - PT-BR EURJPY-OTC,M5: loaded successfully
2	08:19:48.145	Custom indicator Thor Rs1 EURUSD-OTC,M5: loaded successfully
2	08:19:56.930	Custom indicator Thor Rs1 EURUSD-OTC,M5: removed
2	08:22:26.190	Custom indicator FixedChartScale EURJPY-OTC,M5: loaded successfully
2	08:22:42.996	Custom indicator iclock_mod1 EURUSD-OTC,M5: removed
2	08:22:42.998	Custom indicator fadedbckgrnd2__1 EURUSD-OTC,M5: removed
2	08:22:43.012	Custom indicator Price Pro Value Chart Profissional - PT-BR EURUSD-OTC,M5: removed
2	08:22:43.023	Custom indicator iclock_mod1 EURUSD-OTC,M5: loaded successfully
2	08:22:43.032	Custom indicator fadedbckgrnd2__1 EURUSD-OTC,M5: loaded successfully
2	08:22:43.041	Custom indicator FixedChartScale EURUSD-OTC,M5: loaded successfully
2	08:22:43.155	Custom indicator Price Pro Value Chart Profissional - PT-BR EURUSD-OTC,M5: loaded successfully
2	08:23:11.889	Custom indicator DIAMANTE V3 TELEGRAM @COMUNIDADGRATIS V3 EURUSD-OTC,M5: loaded successfully
2	08:23:45.524	Custom indicator iclock_mod1 EURUSD-OTC,M5: removed
2	08:23:45.526	Custom indicator fadedbckgrnd2__1 EURUSD-OTC,M5: removed
2	08:23:45.528	Custom indicator FixedChartScale EURUSD-OTC,M5: removed
2	08:23:45.535	Custom indicator DIAMANTE V3 TELEGRAM @COMUNIDADGRATIS V3 EURUSD-OTC,M5: removed
2	08:23:45.549	Custom indicator Price Pro Value Chart Profissional - PT-BR EURUSD-OTC,M5: removed
2	08:23:45.559	Custom indicator iclock_mod1 EURUSD-OTC,M5: loaded successfully
2	08:23:45.561	Custom indicator fadedbckgrnd2__1 EURUSD-OTC,M5: loaded successfully
2	08:23:45.570	Custom indicator FixedChartScale EURUSD-OTC,M5: loaded successfully
2	08:23:45.690	Custom indicator Price Pro Value Chart Profissional - PT-BR EURUSD-OTC,M5: loaded successfully
2	08:28:45.793	Custom indicator iclock_mod1 GBPUSD,M5: removed
2	08:28:45.793	Custom indicator fadedbckgrnd2__1 GBPUSD,M5: removed
2	08:28:45.793	Custom indicator iclock_mod1 GBPUSD,M5: loaded successfully
2	08:28:45.808	Custom indicator fadedbckgrnd2__1 GBPUSD,M5: loaded successfully
2	08:28:45.808	Custom indicator FixedChartScale GBPUSD,M5: loaded successfully
2	08:28:45.918	Custom indicator Price Pro Value Chart Profissional - PT-BR GBPUSD,M5: loaded successfully
0	08:28:46.215	HistoryCenter: synchronize 'GBPUSD5'
0	08:28:47.043	HistoryCenter: 2 bars imported in 'GBPUSD5'
0	08:28:48.699	HistoryCenter: synchronize 'GBPUSD5'
0	08:28:49.448	HistoryCenter: 2 bars imported in 'GBPUSD5'
0	08:28:50.557	HistoryCenter: synchronize 'GBPUSD5'
0	08:28:51.307	HistoryCenter: 2 bars imported in 'GBPUSD5'
0	08:28:52.431	HistoryCenter: synchronize 'GBPUSD5'
0	08:28:53.213	HistoryCenter: 2 bars imported in 'GBPUSD5'
0	08:28:54.322	HistoryCenter: synchronize 'GBPUSD5'
0	08:28:55.056	HistoryCenter: 2 bars imported in 'GBPUSD5'
0	08:28:55.602	HistoryCenter: synchronize 'GBPUSD5'
0	08:28:56.384	HistoryCenter: 2 bars imported in 'GBPUSD5'
0	08:28:57.481	HistoryCenter: synchronize 'GBPUSD5'
0	08:28:58.247	HistoryCenter: 2 bars imported in 'GBPUSD5'
0	08:28:59.340	HistoryCenter: synchronize 'GBPUSD5'
0	08:29:00.090	HistoryCenter: 2 bars imported in 'GBPUSD5'
0	08:29:01.199	HistoryCenter: synchronize 'GBPUSD5'
0	08:29:01.995	HistoryCenter: 2 bars imported in 'GBPUSD5'
0	08:29:02.569	HistoryCenter: synchronize 'GBPUSD5'
0	08:29:03.338	HistoryCenter: 2 bars imported in 'GBPUSD5'
0	08:29:04.431	HistoryCenter: synchronize 'GBPUSD5'
0	08:29:05.180	HistoryCenter: 2 bars imported in 'GBPUSD5'
0	08:29:06.280	HistoryCenter: synchronize 'GBPUSD5'
0	08:29:07.061	HistoryCenter: 2 bars imported in 'GBPUSD5'
0	08:29:07.609	HistoryCenter: synchronize 'GBPUSD5'
0	08:29:08.332	HistoryCenter: 2 bars imported in 'GBPUSD5'
0	08:29:09.441	HistoryCenter: synchronize 'GBPUSD5'
0	08:29:10.195	HistoryCenter: 2 bars imported in 'GBPUSD5'
0	08:29:11.288	HistoryCenter: synchronize 'GBPUSD5'
0	08:29:12.038	HistoryCenter: 2 bars imported in 'GBPUSD5'
0	08:29:12.600	HistoryCenter: synchronize 'GBPUSD5'
0	08:29:13.678	HistoryCenter: 2 bars imported in 'GBPUSD5'
0	08:29:14.241	HistoryCenter: synchronize 'GBPUSD5'
0	08:29:15.229	HistoryCenter: 2 bars imported in 'GBPUSD5'
0	08:29:16.338	HistoryCenter: synchronize 'GBPUSD5'
0	08:29:17.228	HistoryCenter: 2 bars imported in 'GBPUSD5'
0	08:29:18.353	HistoryCenter: synchronize 'GBPUSD5'
0	08:29:19.119	HistoryCenter: 2 bars imported in 'GBPUSD5'
0	08:29:20.212	HistoryCenter: synchronize 'GBPUSD5'
0	08:29:20.969	HistoryCenter: 2 bars imported in 'GBPUSD5'
0	08:29:22.078	HistoryCenter: synchronize 'GBPUSD5'
0	08:29:22.812	HistoryCenter: 2 bars imported in 'GBPUSD5'
0	08:29:23.897	HistoryCenter: synchronize 'GBPUSD5'
0	08:29:24.647	HistoryCenter: 2 bars imported in 'GBPUSD5'
0	08:29:25.741	HistoryCenter: synchronize 'GBPUSD5'
0	08:29:26.491	HistoryCenter: 2 bars imported in 'GBPUSD5'
0	08:29:27.584	HistoryCenter: synchronize 'GBPUSD5'
0	08:29:28.353	HistoryCenter: 2 bars imported in 'GBPUSD5'
0	08:29:28.916	HistoryCenter: synchronize 'GBPUSD5'
0	08:29:29.666	HistoryCenter: 2 bars imported in 'GBPUSD5'
0	08:29:30.790	HistoryCenter: synchronize 'GBPUSD5'
0	08:29:31.556	HistoryCenter: 2 bars imported in 'GBPUSD5'
2	08:30:12.514	Custom indicator iclock_mod1 EURGBP,M5: removed
2	08:30:12.514	Custom indicator fadedbckgrnd2__1 EURGBP,M5: removed
2	08:30:12.530	Custom indicator iclock_mod1 EURGBP,M5: loaded successfully
2	08:30:12.530	Custom indicator fadedbckgrnd2__1 EURGBP,M5: loaded successfully
2	08:30:12.545	Custom indicator FixedChartScale EURGBP,M5: loaded successfully
2	08:30:12.639	Custom indicator Price Pro Value Chart Profissional - PT-BR EURGBP,M5: loaded successfully
0	08:30:12.951	HistoryCenter: synchronize 'EURGBP5'
0	08:30:13.717	HistoryCenter: 2 bars imported in 'EURGBP5'
0	08:30:14.810	HistoryCenter: synchronize 'EURGBP5'
0	08:30:15.607	HistoryCenter: 2 bars imported in 'EURGBP5'
0	08:30:16.154	HistoryCenter: synchronize 'EURGBP5'
0	08:30:16.920	HistoryCenter: 2 bars imported in 'EURGBP5'
0	08:30:18.032	HistoryCenter: synchronize 'EURGBP5'
0	08:30:18.766	HistoryCenter: 2 bars imported in 'EURGBP5'
0	08:30:19.329	HistoryCenter: synchronize 'EURGBP5'
0	08:30:20.109	HistoryCenter: 2 bars imported in 'EURGBP5'
0	08:30:21.203	HistoryCenter: synchronize 'EURGBP5'
0	08:30:22.516	HistoryCenter: 2 bars imported in 'EURGBP5'
0	08:30:23.062	HistoryCenter: synchronize 'EURGBP5'
0	08:30:23.827	HistoryCenter: 2 bars imported in 'EURGBP5'
0	08:30:24.937	HistoryCenter: synchronize 'EURGBP5'
0	08:30:25.687	HistoryCenter: 2 bars imported in 'EURGBP5'
0	08:30:26.233	HistoryCenter: synchronize 'EURGBP5'
0	08:30:26.983	HistoryCenter: 2 bars imported in 'EURGBP5'
0	08:30:28.108	HistoryCenter: synchronize 'EURGBP5'
0	08:30:28.873	HistoryCenter: 2 bars imported in 'EURGBP5'
0	08:30:29.980	HistoryCenter: synchronize 'EURGBP5'
0	08:30:30.761	HistoryCenter: 2 bars imported in 'EURGBP5'
2	10:16:41.773	Custom indicator iclock_mod1 EURUSD-OTC,M5: removed
2	10:16:41.773	Custom indicator fadedbckgrnd2__1 EURUSD-OTC,M5: removed
2	10:16:41.773	Custom indicator FixedChartScale EURUSD-OTC,M5: removed
2	10:16:41.789	Custom indicator Price Pro Value Chart Profissional - PT-BR EURUSD-OTC,M5: removed
2	10:16:41.789	Custom indicator iclock_mod1 EURUSD-OTC,M5: loaded successfully
2	10:16:41.804	Custom indicator fadedbckgrnd2__1 EURUSD-OTC,M5: loaded successfully
2	10:16:41.804	Custom indicator FixedChartScale EURUSD-OTC,M5: loaded successfully
2	10:16:41.898	Custom indicator Price Pro Value Chart Profissional - PT-BR EURUSD-OTC,M5: loaded successfully
2	10:16:48.936	Custom indicator iclock_mod1 EURJPY-OTC,M5: removed
2	10:16:48.936	Custom indicator fadedbckgrnd2__1 EURJPY-OTC,M5: removed
2	10:16:48.936	Custom indicator FixedChartScale EURJPY-OTC,M5: removed
2	10:16:48.951	Custom indicator Price Pro Value Chart Profissional - PT-BR EURJPY-OTC,M5: removed
2	10:16:48.966	Custom indicator iclock_mod1 EURJPY-OTC,M5: loaded successfully
2	10:16:48.966	Custom indicator fadedbckgrnd2__1 EURJPY-OTC,M5: loaded successfully
2	10:16:48.982	Custom indicator FixedChartScale EURJPY-OTC,M5: loaded successfully
2	10:16:49.076	Custom indicator Price Pro Value Chart Profissional - PT-BR EURJPY-OTC,M5: loaded successfully
2	10:21:29.341	Custom indicator iclock_mod1 USDJPY-OTC,M5: loaded successfully
2	10:21:29.350	Custom indicator fadedbckgrnd2__1 USDJPY-OTC,M5: loaded successfully
2	10:21:29.360	Custom indicator FixedChartScale USDJPY-OTC,M5: loaded successfully
2	10:21:29.485	Custom indicator Price Pro Value Chart Profissional - PT-BR USDJPY-OTC,M5: loaded successfully
1	10:51:48.066	'15069840': connect failed [Sem conexão]
3	10:54:47.201	Main pumping: timeout on stop
3	10:54:50.213	Main pumping: timeout on stop
3	10:54:53.220	Main pumping: timeout on stop
3	10:54:56.224	Main pumping: timeout on stop
2	10:54:56.896	Expert EABiBot_Tick EURUSD,M5: removed
2	10:54:56.898	Custom indicator iclock_mod1 EURUSD,M5: removed
2	10:54:56.899	Custom indicator fadedbckgrnd2__1 EURUSD,M5: removed
2	10:54:56.904	Custom indicator iclock_mod1 GBPUSD,M5: removed
2	10:54:56.905	Custom indicator fadedbckgrnd2__1 GBPUSD,M5: removed
2	10:54:56.906	Custom indicator FixedChartScale GBPUSD,M5: removed
2	10:54:56.921	Custom indicator Price Pro Value Chart Profissional - PT-BR GBPUSD,M5: removed
2	10:54:56.929	Custom indicator iclock_mod1 EURGBP,M5: removed
2	10:54:56.930	Custom indicator fadedbckgrnd2__1 EURGBP,M5: removed
2	10:54:56.931	Custom indicator FixedChartScale EURGBP,M5: removed
2	10:54:56.946	Custom indicator Price Pro Value Chart Profissional - PT-BR EURGBP,M5: removed
2	10:54:56.951	Custom indicator iclock_mod1 AUDUSD,M5: removed
2	10:54:56.952	Custom indicator fadedbckgrnd2__1 AUDUSD,M5: removed
2	10:54:56.956	Custom indicator iclock_mod1 EURJPY,M5: removed
2	10:54:56.958	Custom indicator fadedbckgrnd2__1 EURJPY,M5: removed
2	10:54:56.962	Custom indicator iclock_mod1 GBPJPY,M5: removed
2	10:54:56.963	Custom indicator fadedbckgrnd2__1 GBPJPY,M5: removed
2	10:54:56.975	Custom indicator iclock_mod1 EURJPY-OTC,M5: removed
2	10:54:56.976	Custom indicator fadedbckgrnd2__1 EURJPY-OTC,M5: removed
2	10:54:56.977	Custom indicator FixedChartScale EURJPY-OTC,M5: removed
2	10:54:56.991	Custom indicator Price Pro Value Chart Profissional - PT-BR EURJPY-OTC,M5: removed
2	10:54:56.996	Custom indicator iclock_mod1 EURUSD-OTC,M5: removed
2	10:54:56.997	Custom indicator fadedbckgrnd2__1 EURUSD-OTC,M5: removed
2	10:54:56.998	Custom indicator FixedChartScale EURUSD-OTC,M5: removed
2	10:54:57.014	Custom indicator Price Pro Value Chart Profissional - PT-BR EURUSD-OTC,M5: removed
2	10:54:57.021	Custom indicator iclock_mod1 USDJPY-OTC,M5: removed
2	10:54:57.023	Custom indicator fadedbckgrnd2__1 USDJPY-OTC,M5: removed
2	10:54:57.024	Custom indicator FixedChartScale USDJPY-OTC,M5: removed
2	10:54:57.039	Custom indicator Price Pro Value Chart Profissional - PT-BR USDJPY-OTC,M5: removed
0	10:54:57.238	Alpari MT4 build 1359 stopped
0	11:08:52.527	Alpari MT4 build 1359 started (Alpari International)
0	11:08:52.527	Windows 10 Pro x64, IE 11, UAC, 8 x Intel Core i7-7700HQ  @ 2.80GHz, Memory: 12097 / 16267 Mb, Disk: 392 / 476 Gb, GMT-3
0	11:08:52.527	Data Folder: C:\Users\Administrator\AppData\Roaming\MetaQuotes\Terminal\287469DEA9630EA94D0715D755974F1B
2	11:08:53.843	Custom indicator iclock_mod1 EURUSD,M5: loaded successfully
2	11:08:53.851	Custom indicator fadedbckgrnd2__1 EURUSD,M5: loaded successfully
2	11:08:53.864	Expert EABiBot_Tick EURUSD,M5: loaded successfully
2	11:08:53.918	Custom indicator iclock_mod1 GBPUSD,M5: loaded successfully
2	11:08:53.926	Custom indicator fadedbckgrnd2__1 GBPUSD,M5: loaded successfully
2	11:08:53.935	Custom indicator FixedChartScale GBPUSD,M5: loaded successfully
2	11:08:54.043	Custom indicator Price Pro Value Chart Profissional - PT-BR GBPUSD,M5: loaded successfully
2	11:08:54.294	Custom indicator Price Pro Value Chart Profissional - PT-BR GBPUSD,M5: removed
2	11:08:54.317	Custom indicator iclock_mod1 EURGBP,M5: loaded successfully
2	11:08:54.325	Custom indicator fadedbckgrnd2__1 EURGBP,M5: loaded successfully
2	11:08:54.336	Custom indicator FixedChartScale EURGBP,M5: loaded successfully
2	11:08:54.445	Custom indicator Price Pro Value Chart Profissional - PT-BR EURGBP,M5: loaded successfully
2	11:08:54.679	Custom indicator Price Pro Value Chart Profissional - PT-BR EURGBP,M5: removed
2	11:08:54.702	Custom indicator iclock_mod1 AUDUSD,M5: loaded successfully
2	11:08:54.713	Custom indicator fadedbckgrnd2__1 AUDUSD,M5: loaded successfully
2	11:08:54.771	Custom indicator iclock_mod1 EURJPY,M5: loaded successfully
2	11:08:54.782	Custom indicator fadedbckgrnd2__1 EURJPY,M5: loaded successfully
2	11:08:54.841	Custom indicator iclock_mod1 GBPJPY,M5: loaded successfully
2	11:08:54.852	Custom indicator fadedbckgrnd2__1 GBPJPY,M5: loaded successfully
2	11:08:54.909	Custom indicator iclock_mod1 EURJPY-OTC,M5: loaded successfully
2	11:08:54.918	Custom indicator fadedbckgrnd2__1 EURJPY-OTC,M5: loaded successfully
2	11:08:54.929	Custom indicator FixedChartScale EURJPY-OTC,M5: loaded successfully
2	11:08:55.046	Custom indicator Price Pro Value Chart Profissional - PT-BR EURJPY-OTC,M5: loaded successfully
2	11:08:55.287	Custom indicator Price Pro Value Chart Profissional - PT-BR EURJPY-OTC,M5: removed
2	11:08:55.301	Custom indicator iclock_mod1 EURUSD-OTC,M5: loaded successfully
2	11:08:55.317	Custom indicator fadedbckgrnd2__1 EURUSD-OTC,M5: loaded successfully
2	11:08:55.332	Custom indicator FixedChartScale EURUSD-OTC,M5: loaded successfully
2	11:08:55.448	Custom indicator Price Pro Value Chart Profissional - PT-BR EURUSD-OTC,M5: loaded successfully
2	11:08:55.702	Custom indicator Price Pro Value Chart Profissional - PT-BR EURUSD-OTC,M5: removed
2	11:08:55.717	Custom indicator iclock_mod1 USDJPY-OTC,M5: loaded successfully
2	11:08:55.733	Custom indicator fadedbckgrnd2__1 USDJPY-OTC,M5: loaded successfully
2	11:08:55.749	Custom indicator FixedChartScale USDJPY-OTC,M5: loaded successfully
2	11:08:55.874	Custom indicator Price Pro Value Chart Profissional - PT-BR USDJPY-OTC,M5: loaded successfully
2	11:08:56.102	Custom indicator Price Pro Value Chart Profissional - PT-BR USDJPY-OTC,M5: removed
0	11:08:56.451	HistoryCenter: synchronize 'GBPUSD5'
0	11:08:58.168	HistoryCenter: 2 bars imported in 'GBPUSD5'
0	11:08:58.168	HistoryCenter: synchronize 'EURGBP5'
0	11:08:58.430	'15069840': login on Alpari-Demo through Demo.Europe.2:444 (ping: 255.70 ms)
0	11:09:00.041	HistoryCenter: 2 bars imported in 'EURGBP5'
0	11:09:03.029	'15069840': login datacenter on Alpari-Demo through Demo.Europe.2:444 (ping: 255.70 ms)
0	11:09:03.933	'15069840': previous successful authorization performed from 177.13.221.111
2	11:09:31.436	Custom indicator iclock_mod1 EURJPY-OTC,M5: removed
2	11:09:31.437	Custom indicator fadedbckgrnd2__1 EURJPY-OTC,M5: removed
2	11:09:31.438	Custom indicator FixedChartScale EURJPY-OTC,M5: removed
2	11:09:31.449	Custom indicator iclock_mod1 EURJPY-OTC,M5: loaded successfully
2	11:09:31.457	Custom indicator fadedbckgrnd2__1 EURJPY-OTC,M5: loaded successfully
2	11:09:31.466	Custom indicator FixedChartScale EURJPY-OTC,M5: loaded successfully
2	11:09:31.579	Custom indicator Price Pro Value Chart Profissional - PT-BR EURJPY-OTC,M5: loaded successfully
2	11:09:37.555	Custom indicator iclock_mod1 EURUSD-OTC,M5: removed
2	11:09:37.557	Custom indicator fadedbckgrnd2__1 EURUSD-OTC,M5: removed
2	11:09:37.558	Custom indicator FixedChartScale EURUSD-OTC,M5: removed
2	11:09:37.569	Custom indicator iclock_mod1 EURUSD-OTC,M5: loaded successfully
2	11:09:37.577	Custom indicator fadedbckgrnd2__1 EURUSD-OTC,M5: loaded successfully
2	11:09:37.585	Custom indicator FixedChartScale EURUSD-OTC,M5: loaded successfully
2	11:09:37.690	Custom indicator Price Pro Value Chart Profissional - PT-BR EURUSD-OTC,M5: loaded successfully
2	11:09:42.987	Custom indicator iclock_mod1 USDJPY-OTC,M5: removed
2	11:09:42.988	Custom indicator fadedbckgrnd2__1 USDJPY-OTC,M5: removed
2	11:09:42.989	Custom indicator FixedChartScale USDJPY-OTC,M5: removed
2	11:09:42.999	Custom indicator iclock_mod1 USDJPY-OTC,M5: loaded successfully
2	11:09:43.010	Custom indicator fadedbckgrnd2__1 USDJPY-OTC,M5: loaded successfully
2	11:09:43.018	Custom indicator FixedChartScale USDJPY-OTC,M5: loaded successfully
2	11:09:43.123	Custom indicator Price Pro Value Chart Profissional - PT-BR USDJPY-OTC,M5: loaded successfully
2	11:09:54.683	Custom indicator iclock_mod1 EURUSD-OTC,M5: removed
2	11:09:54.685	Custom indicator fadedbckgrnd2__1 EURUSD-OTC,M5: removed
2	11:09:54.686	Custom indicator FixedChartScale EURUSD-OTC,M5: removed
2	11:09:54.700	Custom indicator Price Pro Value Chart Profissional - PT-BR EURUSD-OTC,M5: removed
2	11:09:54.709	Custom indicator iclock_mod1 EURUSD-OTC,M5: loaded successfully
2	11:09:54.717	Custom indicator fadedbckgrnd2__1 EURUSD-OTC,M5: loaded successfully
2	11:09:54.728	Custom indicator FixedChartScale EURUSD-OTC,M5: loaded successfully
2	11:09:54.828	Custom indicator Price Pro Value Chart Profissional - PT-BR EURUSD-OTC,M5: loaded successfully
0	11:10:14.865	'15069840': ping to current access point Demo.Europe.2:444 is 281.38 ms
2	15:34:27.632	Expert EABiBot_Tick EURUSD,M5: removed
2	15:34:27.635	Custom indicator iclock_mod1 EURUSD,M5: removed
2	15:34:27.636	Custom indicator fadedbckgrnd2__1 EURUSD,M5: removed
2	15:34:27.642	Custom indicator iclock_mod1 GBPUSD,M5: removed
2	15:34:27.643	Custom indicator fadedbckgrnd2__1 GBPUSD,M5: removed
2	15:34:27.644	Custom indicator FixedChartScale GBPUSD,M5: removed
2	15:34:27.648	Custom indicator iclock_mod1 EURGBP,M5: removed
2	15:34:27.649	Custom indicator fadedbckgrnd2__1 EURGBP,M5: removed
2	15:34:27.651	Custom indicator FixedChartScale EURGBP,M5: removed
2	15:34:27.654	Custom indicator iclock_mod1 AUDUSD,M5: removed
2	15:34:27.656	Custom indicator fadedbckgrnd2__1 AUDUSD,M5: removed
2	15:34:27.660	Custom indicator iclock_mod1 EURJPY,M5: removed
2	15:34:27.662	Custom indicator fadedbckgrnd2__1 EURJPY,M5: removed
2	15:34:27.665	Custom indicator iclock_mod1 GBPJPY,M5: removed
2	15:34:27.666	Custom indicator fadedbckgrnd2__1 GBPJPY,M5: removed
2	15:34:27.671	Custom indicator iclock_mod1 EURJPY-OTC,M5: removed
2	15:34:27.672	Custom indicator fadedbckgrnd2__1 EURJPY-OTC,M5: removed
2	15:34:27.673	Custom indicator FixedChartScale EURJPY-OTC,M5: removed
2	15:34:27.686	Custom indicator Price Pro Value Chart Profissional - PT-BR EURJPY-OTC,M5: removed
2	15:34:27.691	Custom indicator iclock_mod1 EURUSD-OTC,M5: removed
2	15:34:27.693	Custom indicator fadedbckgrnd2__1 EURUSD-OTC,M5: removed
2	15:34:27.694	Custom indicator FixedChartScale EURUSD-OTC,M5: removed
2	15:34:27.705	Custom indicator Price Pro Value Chart Profissional - PT-BR EURUSD-OTC,M5: removed
2	15:34:27.705	Custom indicator iclock_mod1 USDJPY-OTC,M5: removed
2	15:34:27.705	Custom indicator fadedbckgrnd2__1 USDJPY-OTC,M5: removed
2	15:34:27.705	Custom indicator FixedChartScale USDJPY-OTC,M5: removed
2	15:34:27.720	Custom indicator Price Pro Value Chart Profissional - PT-BR USDJPY-OTC,M5: removed
0	15:34:27.892	Alpari MT4 build 1359 stopped
0	20:48:56.053	Alpari MT4 build 1359 started (Alpari International)
0	20:48:56.053	Windows 10 Pro x64, IE 11, UAC, 8 x Intel Core i7-7700HQ  @ 2.80GHz, Memory: 13126 / 16267 Mb, Disk: 392 / 476 Gb, GMT-3
0	20:48:56.053	Data Folder: C:\Users\Administrator\AppData\Roaming\MetaQuotes\Terminal\287469DEA9630EA94D0715D755974F1B
2	20:48:57.478	Custom indicator iclock_mod1 EURUSD,M5: loaded successfully
2	20:48:57.478	Custom indicator fadedbckgrnd2__1 EURUSD,M5: loaded successfully
2	20:48:57.494	Expert EABiBot_Tick EURUSD,M5: loaded successfully
2	20:48:57.557	Custom indicator iclock_mod1 GBPUSD,M5: loaded successfully
2	20:48:57.557	Custom indicator fadedbckgrnd2__1 GBPUSD,M5: loaded successfully
2	20:48:57.573	Custom indicator FixedChartScale GBPUSD,M5: loaded successfully
2	20:48:57.641	Custom indicator iclock_mod1 EURGBP,M5: loaded successfully
2	20:48:57.641	Custom indicator fadedbckgrnd2__1 EURGBP,M5: loaded successfully
2	20:48:57.657	Custom indicator FixedChartScale EURGBP,M5: loaded successfully
2	20:48:57.714	Custom indicator iclock_mod1 AUDUSD,M5: loaded successfully
2	20:48:57.735	Custom indicator fadedbckgrnd2__1 AUDUSD,M5: loaded successfully
2	20:48:57.788	Custom indicator iclock_mod1 EURJPY,M5: loaded successfully
2	20:48:57.788	Custom indicator fadedbckgrnd2__1 EURJPY,M5: loaded successfully
2	20:48:57.842	Custom indicator iclock_mod1 GBPJPY,M5: loaded successfully
2	20:48:57.857	Custom indicator fadedbckgrnd2__1 GBPJPY,M5: loaded successfully
2	20:48:57.910	Custom indicator iclock_mod1 EURJPY-OTC,M5: loaded successfully
2	20:48:57.910	Custom indicator fadedbckgrnd2__1 EURJPY-OTC,M5: loaded successfully
2	20:48:57.925	Custom indicator FixedChartScale EURJPY-OTC,M5: loaded successfully
2	20:48:58.040	Custom indicator Price Pro Value Chart Profissional - PT-BR EURJPY-OTC,M5: loaded successfully
2	20:48:58.244	Custom indicator Price Pro Value Chart Profissional - PT-BR EURJPY-OTC,M5: removed
2	20:48:58.275	Custom indicator iclock_mod1 EURUSD-OTC,M5: loaded successfully
2	20:48:58.285	Custom indicator fadedbckgrnd2__1 EURUSD-OTC,M5: loaded successfully
2	20:48:58.295	Custom indicator FixedChartScale EURUSD-OTC,M5: loaded successfully
2	20:48:58.399	Custom indicator Price Pro Value Chart Profissional - PT-BR EURUSD-OTC,M5: loaded successfully
2	20:48:58.600	Custom indicator Price Pro Value Chart Profissional - PT-BR EURUSD-OTC,M5: removed
2	20:48:58.631	Custom indicator iclock_mod1 USDJPY-OTC,M5: loaded successfully
2	20:48:58.639	Custom indicator fadedbckgrnd2__1 USDJPY-OTC,M5: loaded successfully
2	20:48:58.649	Custom indicator FixedChartScale USDJPY-OTC,M5: loaded successfully
2	20:48:58.755	Custom indicator Price Pro Value Chart Profissional - PT-BR USDJPY-OTC,M5: loaded successfully
2	20:48:58.965	Custom indicator Price Pro Value Chart Profissional - PT-BR USDJPY-OTC,M5: removed
0	20:49:01.124	'15069840': login on Alpari-Demo through Demo.Europe.2:444 (ping: 281.38 ms)
0	20:49:04.058	'15069840': login datacenter on Alpari-Demo through Demo.Europe.2:444 (ping: 281.38 ms)
0	20:49:04.723	'15069840': previous successful authorization performed from 177.13.223.155
2	20:49:06.254	Custom indicator iclock_mod1 USDJPY-OTC,M5: removed
2	20:49:06.254	Custom indicator fadedbckgrnd2__1 USDJPY-OTC,M5: removed
2	20:49:06.254	Custom indicator FixedChartScale USDJPY-OTC,M5: removed
2	20:49:06.269	Custom indicator iclock_mod1 USDJPY-OTC,M5: loaded successfully
2	20:49:06.269	Custom indicator fadedbckgrnd2__1 USDJPY-OTC,M5: loaded successfully
2	20:49:06.285	Custom indicator FixedChartScale USDJPY-OTC,M5: loaded successfully
2	20:49:06.401	Custom indicator Price Pro Value Chart Profissional - PT-BR USDJPY-OTC,M5: loaded successfully
2	20:49:14.759	Custom indicator iclock_mod1 EURUSD-OTC,M5: removed
2	20:49:14.763	Custom indicator fadedbckgrnd2__1 EURUSD-OTC,M5: removed
2	20:49:14.763	Custom indicator FixedChartScale EURUSD-OTC,M5: removed
2	20:49:14.775	Custom indicator iclock_mod1 EURUSD-OTC,M5: loaded successfully
2	20:49:14.783	Custom indicator fadedbckgrnd2__1 EURUSD-OTC,M5: loaded successfully
2	20:49:14.791	Custom indicator FixedChartScale EURUSD-OTC,M5: loaded successfully
2	20:49:14.906	Custom indicator Price Pro Value Chart Profissional - PT-BR EURUSD-OTC,M5: loaded successfully
3	20:49:28.632	HistoryBase: invalid database header for 'USDJPY-OTC5'
3	20:49:28.632	HistoryBase: invalid database header for 'USDJPY-OTC5'
3	20:49:29.626	HistoryBase: invalid database header for 'USDJPY-OTC5'
3	20:49:29.626	HistoryBase: invalid database header for 'USDJPY-OTC5'
3	20:49:29.627	HistoryBase: invalid database header for 'USDJPY-OTC5'
3	20:49:30.111	HistoryBase: invalid database header for 'EURUSD-OTC5'
3	20:49:30.111	HistoryBase: invalid database header for 'EURUSD-OTC5'
2	20:49:36.265	Custom indicator iclock_mod1 EURJPY-OTC,M5: removed
2	20:49:36.265	Custom indicator fadedbckgrnd2__1 EURJPY-OTC,M5: removed
2	20:49:36.265	Custom indicator FixedChartScale EURJPY-OTC,M5: removed
2	20:49:36.281	Custom indicator iclock_mod1 EURJPY-OTC,M5: loaded successfully
2	20:49:36.281	Custom indicator fadedbckgrnd2__1 EURJPY-OTC,M5: loaded successfully
2	20:49:36.297	Custom indicator FixedChartScale EURJPY-OTC,M5: loaded successfully
2	20:49:36.381	Custom indicator Price Pro Value Chart Profissional - PT-BR EURJPY-OTC,M5: loaded successfully
2	20:49:56.674	Custom indicator iclock_mod1 EURUSD-OTC,M5: removed
2	20:49:56.674	Custom indicator fadedbckgrnd2__1 EURUSD-OTC,M5: removed
2	20:49:56.674	Custom indicator FixedChartScale EURUSD-OTC,M5: removed
2	20:49:56.689	Custom indicator Price Pro Value Chart Profissional - PT-BR EURUSD-OTC,M5: removed
2	20:49:56.705	Custom indicator iclock_mod1 EURUSD-OTC,M5: loaded successfully
2	20:49:56.705	Custom indicator fadedbckgrnd2__1 EURUSD-OTC,M5: loaded successfully
2	20:49:56.720	Custom indicator FixedChartScale EURUSD-OTC,M5: loaded successfully
2	20:49:56.815	Custom indicator Price Pro Value Chart Profissional - PT-BR EURUSD-OTC,M5: loaded successfully
0	20:50:16.573	'15069840': ping to current access point Demo.Europe.2:444 is 250.28 ms
2	20:50:21.910	Custom indicator iclock_mod1 USDJPY-OTC,M5: removed
2	20:50:21.910	Custom indicator fadedbckgrnd2__1 USDJPY-OTC,M5: removed
2	20:50:21.910	Custom indicator FixedChartScale USDJPY-OTC,M5: removed
2	20:50:21.926	Custom indicator Price Pro Value Chart Profissional - PT-BR USDJPY-OTC,M5: removed
2	20:50:21.941	Custom indicator iclock_mod1 USDJPY-OTC,M5: loaded successfully
2	20:50:21.941	Custom indicator fadedbckgrnd2__1 USDJPY-OTC,M5: loaded successfully
2	20:50:21.957	Custom indicator FixedChartScale USDJPY-OTC,M5: loaded successfully
2	20:50:22.052	Custom indicator Price Pro Value Chart Profissional - PT-BR USDJPY-OTC,M5: loaded successfully
0	21:46:17.368	'15069840': login on Alpari-Demo through Demo.Europe.9:1119 (ping: 285.68 ms)
0	21:46:19.509	'15069840': login datacenter on Alpari-Demo through Demo.Europe.9:1119 (ping: 285.68 ms)
0	21:46:20.205	'15069840': previous successful authorization performed from 177.13.223.155
