2	07:02:16.711	Custom indicator R2 Combiner EURUSD,M1: removed
2	07:06:08.742	Custom indicator Price Pro Combiner Premium GBPUSD,M1: loaded successfully
2	07:06:08.751	Custom indicator FixedChartScale GBPUSD,M1: loaded successfully
2	07:06:08.760	Custom indicator GOLDX01 GBPUSD,M1: loaded successfully
2	07:06:21.565	Custom indicator Price Pro Combiner Premium EURGBP,M1: loaded successfully
2	07:06:21.574	Custom indicator FixedChartScale EURGBP,M1: loaded successfully
2	07:06:21.583	Custom indicator GOLDX01 EURGBP,M1: loaded successfully
1	10:00:23.466	'15069840': connect failed [Sem conexão]
1	10:00:23.467	MQL5.community: authorization failed
0	10:03:16.395	'15069840': login on Alpari-Demo through Demo.Europe.9:1119 (ping: n/a)
0	10:03:18.212	'15069840': login datacenter on Alpari-Demo through Demo.Europe.9:1119 (ping: n/a)
0	10:03:18.782	'15069840': previous successful authorization performed from 191.248.132.129
0	10:04:05.460	'15069840': ping to current access point Demo.Europe.9:1119 is 239.76 ms
1	10:04:42.402	'15069840': datacenter connecting failed [6]
1	10:04:42.459	'15069840': connect failed [Sem conexão]
0	10:05:14.305	'15069840': login on Alpari-Demo through Demo.Europe.9:1119 (ping: 239.76 ms)
0	10:05:16.080	'15069840': login datacenter on Alpari-Demo through Demo.Europe.9:1119 (ping: 239.76 ms)
0	10:05:16.671	'15069840': previous successful authorization performed from 177.99.125.228
2	15:47:55.303	Custom indicator Price Pro Combiner Premium GBPUSD,M1: removed
2	15:47:55.304	Custom indicator FixedChartScale GBPUSD,M1: removed
2	15:47:55.306	Custom indicator GOLDX01 GBPUSD,M1: removed
2	15:47:57.033	Custom indicator Price Pro Combiner Premium EURGBP,M1: removed
2	15:47:57.034	Custom indicator FixedChartScale EURGBP,M1: removed
2	15:47:57.034	Custom indicator GOLDX01 EURGBP,M1: removed
2	15:49:22.600	Custom indicator Bob03 EURUSD,M1: loaded successfully
2	15:49:30.426	Custom indicator Bob04 EURUSD,M1: loaded successfully
2	15:50:11.554	Custom indicator Bob05 EURUSD,M1: loaded successfully
2	15:50:27.520	Custom indicator Bob04 EURUSD,M1: removed
2	15:51:16.155	Custom indicator GOLDX02 EURUSD,M1: loaded successfully
2	15:54:19.050	Custom indicator Bob05 EURUSD,M1: removed
2	15:54:20.516	Custom indicator Bob03 EURUSD,M1: removed
2	15:55:22.561	Custom indicator Price Pro Combiner Premium EURUSD,M1: removed
2	15:55:22.562	Custom indicator FixedChartScale EURUSD,M1: removed
2	15:55:22.563	Custom indicator GOLDX01 EURUSD,M1: removed
2	15:55:22.564	Custom indicator GOLDX02 EURUSD,M1: removed
2	15:55:22.579	Custom indicator Price Pro Combiner Premium EURUSD,M1: loaded successfully
2	15:55:22.587	Custom indicator FixedChartScale EURUSD,M1: loaded successfully
2	15:55:22.596	Custom indicator GOLDX01 EURUSD,M1: loaded successfully
2	15:55:26.512	Custom indicator GOLDX02 EURUSD,M1: loaded successfully
2	15:59:35.874	Custom indicator Price Pro Combiner Premium EURGBP,M5: loaded successfully
2	15:59:35.879	Custom indicator FixedChartScale EURGBP,M5: loaded successfully
2	15:59:35.889	Custom indicator GOLDX01 EURGBP,M5: loaded successfully
2	15:59:35.894	Custom indicator GOLDX02 EURGBP,M5: loaded successfully
2	15:59:43.139	Custom indicator Price Pro Combiner Premium GBPUSD,M5: loaded successfully
2	15:59:43.147	Custom indicator FixedChartScale GBPUSD,M5: loaded successfully
2	15:59:43.156	Custom indicator GOLDX01 GBPUSD,M5: loaded successfully
2	15:59:43.165	Custom indicator GOLDX02 GBPUSD,M5: loaded successfully
2	19:59:56.512	Custom indicator GOLDX02 EURGBP,M5: removed
0	20:04:27.751	HistoryCenter: synchronize 'EURGBP5'
0	20:04:28.749	HistoryCenter: 2097 bars imported in 'EURGBP5'
2	20:04:37.294	Custom indicator GOLDX02 GBPUSD,M5: removed
2	20:05:06.747	Custom indicator Price Pro Combiner Premium EURGBP,M5: removed
2	20:05:06.750	Custom indicator FixedChartScale EURGBP,M5: removed
2	20:05:06.751	Custom indicator GOLDX01 EURGBP,M5: removed
2	20:05:06.766	Custom indicator Price Pro Combiner Premium EURGBP,M5: loaded successfully
2	20:05:06.775	Custom indicator FixedChartScale EURGBP,M5: loaded successfully
2	20:05:06.784	Custom indicator GOLDX01 EURGBP,M5: loaded successfully
2	20:05:13.419	Custom indicator Price Pro Combiner Premium EURUSD,M5: removed
2	20:05:13.420	Custom indicator FixedChartScale EURUSD,M5: removed
2	20:05:13.421	Custom indicator GOLDX01 EURUSD,M5: removed
2	20:05:13.423	Custom indicator GOLDX02 EURUSD,M5: removed
2	20:05:13.441	Custom indicator Price Pro Combiner Premium EURUSD,M5: loaded successfully
2	20:05:13.450	Custom indicator FixedChartScale EURUSD,M5: loaded successfully
2	20:05:13.460	Custom indicator GOLDX01 EURUSD,M5: loaded successfully
2	20:09:09.273	Custom indicator Price Pro Combiner Premium GBPUSD,M5: removed
2	20:09:09.274	Custom indicator FixedChartScale GBPUSD,M5: removed
2	20:09:09.275	Custom indicator GOLDX01 GBPUSD,M5: removed
2	20:09:09.291	Custom indicator Price Pro Combiner Premium GBPUSD,M5: loaded successfully
2	20:09:09.301	Custom indicator FixedChartScale GBPUSD,M5: loaded successfully
2	20:09:09.310	Custom indicator GOLDX01 GBPUSD,M5: loaded successfully
2	20:09:14.010	Custom indicator Price Pro Combiner Premium EURGBP,M5: removed
2	20:09:14.011	Custom indicator FixedChartScale EURGBP,M5: removed
2	20:09:14.013	Custom indicator GOLDX01 EURGBP,M5: removed
2	20:09:14.029	Custom indicator Price Pro Combiner Premium EURGBP,M5: loaded successfully
2	20:09:14.038	Custom indicator FixedChartScale EURGBP,M5: loaded successfully
2	20:09:14.047	Custom indicator GOLDX01 EURGBP,M5: loaded successfully
0	21:30:48.018	'15069840': login on Alpari-Demo through Demo.Europe.9:1119 (ping: 239.76 ms)
0	21:30:49.787	'15069840': login datacenter on Alpari-Demo through Demo.Europe.9:1119 (ping: 239.76 ms)
0	21:30:50.364	'15069840': previous successful authorization performed from 177.99.125.228
0	21:31:32.905	'15069840': ping to current access point Demo.Europe.9:1119 is 240.69 ms
1	22:14:32.523	'15069840': ping failed
0	22:14:33.358	'15069840': login on Alpari-Demo through Demo.Europe.9:1119 (ping: 240.69 ms)
0	22:14:35.091	'15069840': login datacenter on Alpari-Demo through Demo.Europe.9:1119 (ping: 240.69 ms)
0	22:14:35.660	'15069840': previous successful authorization performed from 177.99.125.228
