0	06:53:59.596	Alpari MT4 build 1359 started (Alpari International)
0	06:53:59.597	Windows 10 Pro x64, IE 11, UAC, 8 x Intel Core i7-7700HQ  @ 2.80GHz, Memory: 12603 / 16267 Mb, Disk: 381 / 476 Gb, GMT-3
0	06:53:59.597	Data Folder: C:\Users\Administrator\AppData\Roaming\MetaQuotes\Terminal\287469DEA9630EA94D0715D755974F1B
2	06:54:01.104	Custom indicator fadedbckgrnd2__1 EURUSD,M1: loaded successfully
2	06:54:01.115	Custom indicator FixedChartScale EURUSD,M1: loaded successfully
2	06:54:01.252	Custom indicator Price Pro Value Chart Profissional - PT-BR EURUSD,M1: loaded successfully
2	06:54:01.532	Custom indicator Price Pro Value Chart Profissional - PT-BR EURUSD,M1: removed
0	06:54:01.771	HistoryCenter: synchronize 'EURUSD1'
0	06:54:02.845	'15069840': login on Alpari-Demo through Demo.Europe.2:444 (ping: 260.11 ms)
0	06:54:03.251	HistoryCenter: 904 bars imported in 'EURUSD1'
0	06:54:06.188	'15069840': login datacenter on Alpari-Demo through Demo.Europe.2:444 (ping: 260.11 ms)
0	06:54:06.997	'15069840': previous successful authorization performed from 177.13.218.196
0	06:55:06.478	'15069840': auto connecting to a better access point Demo.Europe.1 (ping is 242.34 ms)
0	06:55:07.411	'15069840': login on Alpari-Demo through Demo.Europe.1 (ping: 242.34 ms)
0	06:55:09.995	'15069840': login datacenter on Alpari-Demo through Demo.Europe.1 (ping: 242.34 ms)
0	06:55:10.888	'15069840': previous successful authorization performed from 177.13.218.196
2	06:55:12.199	Custom indicator fadedbckgrnd2__1 EURUSD,M1: removed
2	06:55:12.199	Custom indicator FixedChartScale EURUSD,M1: removed
2	06:55:12.199	Custom indicator fadedbckgrnd2__1 EURUSD,M1: loaded successfully
2	06:55:12.215	Custom indicator FixedChartScale EURUSD,M1: loaded successfully
2	06:55:12.308	Custom indicator Price Pro Value Chart Profissional - PT-BR EURUSD,M1: loaded successfully
0	06:55:12.886	HistoryCenter: synchronize 'EURUSD1'
0	06:55:14.167	HistoryCenter: 2 bars imported in 'EURUSD1'
0	06:55:15.823	HistoryCenter: synchronize 'EURUSD1'
0	06:55:16.851	HistoryCenter: 2 bars imported in 'EURUSD1'
0	06:55:17.944	HistoryCenter: synchronize 'EURUSD1'
0	06:55:19.241	HistoryCenter: 2 bars imported in 'EURUSD1'
0	06:55:19.788	HistoryCenter: synchronize 'EURUSD1'
0	06:55:20.975	HistoryCenter: 2 bars imported in 'EURUSD1'
0	06:55:21.537	HistoryCenter: synchronize 'EURUSD1'
0	06:55:23.042	HistoryCenter: 2 bars imported in 'EURUSD1'
0	06:55:23.604	HistoryCenter: synchronize 'EURUSD1'
0	06:55:24.885	HistoryCenter: 2 bars imported in 'EURUSD1'
2	06:55:46.070	Custom indicator fadedbckgrnd2__1 GBPUSD,M1: loaded successfully
2	06:55:46.070	Custom indicator FixedChartScale GBPUSD,M1: loaded successfully
2	06:55:46.179	Custom indicator Price Pro Value Chart Profissional - PT-BR GBPUSD,M1: loaded successfully
0	06:55:46.757	HistoryCenter: synchronize 'GBPUSD1'
0	06:55:48.382	HistoryCenter: 2 bars imported in 'GBPUSD1'
0	06:55:49.507	HistoryCenter: synchronize 'GBPUSD1'
0	06:55:50.943	HistoryCenter: 2 bars imported in 'GBPUSD1'
0	06:55:51.491	HistoryCenter: synchronize 'GBPUSD1'
0	06:55:53.043	HistoryCenter: 2 bars imported in 'GBPUSD1'
0	06:55:53.594	HistoryCenter: synchronize 'GBPUSD1'
2	06:55:54.078	Custom indicator fadedbckgrnd2__1 EURGBP,M1: loaded successfully
2	06:55:54.078	Custom indicator FixedChartScale EURGBP,M1: loaded successfully
2	06:55:54.171	Custom indicator Price Pro Value Chart Profissional - PT-BR EURGBP,M1: loaded successfully
0	06:55:55.639	HistoryCenter: 2 bars imported in 'GBPUSD1'
0	06:55:55.639	HistoryCenter: synchronize 'EURGBP1'
0	06:55:57.179	HistoryCenter: 2 bars imported in 'EURGBP1'
0	06:55:57.749	HistoryCenter: synchronize 'GBPUSD1'
0	06:55:58.794	HistoryCenter: 2 bars imported in 'GBPUSD1'
0	06:55:58.794	HistoryCenter: synchronize 'EURGBP1'
0	06:56:00.585	HistoryCenter: 2 bars imported in 'EURGBP1'
0	06:56:01.130	HistoryCenter: synchronize 'GBPUSD1'
0	06:56:02.827	HistoryCenter: 2 bars imported in 'GBPUSD1'
0	06:56:02.827	HistoryCenter: synchronize 'EURGBP1'
0	06:56:04.326	HistoryCenter: 2 bars imported in 'EURGBP1'
0	06:56:04.880	HistoryCenter: synchronize 'EURGBP1'
0	06:56:06.497	HistoryCenter: 2 bars imported in 'EURGBP1'
0	06:56:07.633	HistoryCenter: synchronize 'EURGBP1'
0	06:56:08.982	HistoryCenter: 2 bars imported in 'EURGBP1'
0	07:00:03.580	HistoryCenter: synchronize 'EURGBP1'
0	07:00:04.846	HistoryCenter: 2 bars imported in 'EURGBP1'
0	07:00:05.391	HistoryCenter: synchronize 'EURUSD1'
0	07:00:06.415	HistoryCenter: 2 bars imported in 'EURUSD1'
0	07:00:06.415	HistoryCenter: synchronize 'GBPUSD1'
0	07:00:07.685	HistoryCenter: 2 bars imported in 'GBPUSD1'
0	07:00:07.685	HistoryCenter: synchronize 'EURGBP1'
0	07:00:09.169	HistoryCenter: 2 bars imported in 'EURGBP1'
0	07:00:09.169	HistoryCenter: synchronize 'EURUSD1'
0	07:00:10.591	HistoryCenter: 2 bars imported in 'EURUSD1'
0	07:00:11.153	HistoryCenter: synchronize 'GBPUSD1'
0	07:00:12.356	HistoryCenter: 2 bars imported in 'GBPUSD1'
0	07:00:12.356	HistoryCenter: synchronize 'EURGBP1'
0	07:00:13.528	HistoryCenter: 2 bars imported in 'EURGBP1'
0	07:00:13.528	HistoryCenter: synchronize 'EURUSD1'
0	07:00:14.934	HistoryCenter: 2 bars imported in 'EURUSD1'
0	07:00:14.934	HistoryCenter: synchronize 'EURGBP1'
0	07:00:16.371	HistoryCenter: 2 bars imported in 'EURGBP1'
0	07:00:16.371	HistoryCenter: synchronize 'EURUSD1'
0	07:00:17.871	HistoryCenter: 2 bars imported in 'EURUSD1'
0	07:00:18.433	HistoryCenter: synchronize 'GBPUSD1'
0	07:00:20.120	HistoryCenter: 2 bars imported in 'GBPUSD1'
0	07:00:20.120	HistoryCenter: synchronize 'EURGBP1'
0	07:00:21.698	HistoryCenter: 2 bars imported in 'EURGBP1'
0	07:00:21.698	HistoryCenter: synchronize 'EURUSD1'
0	07:00:22.526	HistoryCenter: 2 bars imported in 'EURUSD1'
0	07:00:23.072	HistoryCenter: synchronize 'GBPUSD1'
0	07:00:24.260	HistoryCenter: 2 bars imported in 'GBPUSD1'
0	07:53:54.660	HistoryCenter: synchronize 'AUDUSD1'
0	07:53:55.744	HistoryCenter: 991 bars imported in 'AUDUSD1'
0	07:53:56.837	HistoryCenter: synchronize 'AUDUSD1'
0	07:53:57.690	HistoryCenter: 2 bars imported in 'AUDUSD1'
0	07:53:58.783	HistoryCenter: synchronize 'AUDUSD1'
0	07:53:59.548	HistoryCenter: 2 bars imported in 'AUDUSD1'
0	07:54:00.658	HistoryCenter: synchronize 'AUDUSD1'
0	07:54:01.438	HistoryCenter: 2 bars imported in 'AUDUSD1'
0	07:54:02.017	HistoryCenter: synchronize 'AUDUSD1'
0	07:54:02.751	HistoryCenter: 2 bars imported in 'AUDUSD1'
0	07:54:03.844	HistoryCenter: synchronize 'AUDUSD1'
0	07:54:04.610	HistoryCenter: 2 bars imported in 'AUDUSD1'
0	08:00:03.566	HistoryCenter: synchronize 'EURUSD1'
0	08:00:04.392	HistoryCenter: 2 bars imported in 'EURUSD1'
0	08:00:04.954	HistoryCenter: synchronize 'AUDUSD1'
0	08:00:05.688	HistoryCenter: 2 bars imported in 'AUDUSD1'
0	08:00:05.688	HistoryCenter: synchronize 'GBPUSD1'
0	08:00:06.423	HistoryCenter: 2 bars imported in 'GBPUSD1'
0	08:00:06.423	HistoryCenter: synchronize 'EURUSD1'
0	08:00:07.154	HistoryCenter: 2 bars imported in 'EURUSD1'
0	08:00:07.716	HistoryCenter: synchronize 'AUDUSD1'
0	08:00:08.450	HistoryCenter: 2 bars imported in 'AUDUSD1'
0	08:00:08.450	HistoryCenter: synchronize 'GBPUSD1'
0	08:00:09.294	HistoryCenter: 2 bars imported in 'GBPUSD1'
0	08:00:09.294	HistoryCenter: synchronize 'EURUSD1'
0	08:00:10.200	HistoryCenter: 2 bars imported in 'EURUSD1'
0	08:00:10.746	HistoryCenter: synchronize 'GBPUSD1'
0	08:00:11.496	HistoryCenter: 2 bars imported in 'GBPUSD1'
0	08:00:11.496	HistoryCenter: synchronize 'EURUSD1'
0	08:00:12.230	HistoryCenter: 2 bars imported in 'EURUSD1'
0	08:00:12.230	HistoryCenter: synchronize 'GBPUSD1'
0	08:00:12.949	HistoryCenter: 2 bars imported in 'GBPUSD1'
0	08:00:12.949	HistoryCenter: synchronize 'EURUSD1'
0	08:00:13.699	HistoryCenter: 2 bars imported in 'EURUSD1'
0	08:00:14.246	HistoryCenter: synchronize 'GBPUSD1'
0	08:00:15.012	HistoryCenter: 2 bars imported in 'GBPUSD1'
0	08:00:15.012	HistoryCenter: synchronize 'EURUSD1'
0	08:00:15.792	HistoryCenter: 2 bars imported in 'EURUSD1'
0	08:00:16.339	HistoryCenter: synchronize 'GBPUSD1'
0	08:00:17.105	HistoryCenter: 2 bars imported in 'GBPUSD1'
0	08:00:18.198	HistoryCenter: synchronize 'GBPUSD1'
0	08:00:18.948	HistoryCenter: 2 bars imported in 'GBPUSD1'
0	09:00:03.095	HistoryCenter: synchronize 'EURUSD1'
0	09:00:03.907	HistoryCenter: 2 bars imported in 'EURUSD1'
0	09:00:05.000	HistoryCenter: synchronize 'AUDUSD1'
0	09:00:05.750	HistoryCenter: 2 bars imported in 'AUDUSD1'
0	09:00:05.750	HistoryCenter: synchronize 'GBPUSD1'
0	09:00:07.531	HistoryCenter: 2 bars imported in 'GBPUSD1'
0	09:00:07.531	HistoryCenter: synchronize 'EURUSD1'
0	09:00:08.281	HistoryCenter: 2 bars imported in 'EURUSD1'
0	09:00:08.843	HistoryCenter: synchronize 'AUDUSD1'
0	09:00:09.593	HistoryCenter: 2 bars imported in 'AUDUSD1'
0	09:00:09.593	HistoryCenter: synchronize 'GBPUSD1'
0	09:00:10.327	HistoryCenter: 2 bars imported in 'GBPUSD1'
0	09:00:10.327	HistoryCenter: synchronize 'EURUSD1'
0	09:00:11.093	HistoryCenter: 2 bars imported in 'EURUSD1'
0	09:00:11.640	HistoryCenter: synchronize 'AUDUSD1'
0	09:00:12.436	HistoryCenter: 2 bars imported in 'AUDUSD1'
0	09:00:12.436	HistoryCenter: synchronize 'GBPUSD1'
0	09:00:13.171	HistoryCenter: 2 bars imported in 'GBPUSD1'
0	09:00:13.171	HistoryCenter: synchronize 'EURUSD1'
0	09:00:13.905	HistoryCenter: 2 bars imported in 'EURUSD1'
0	09:43:15.166	HistoryCenter: synchronize 'EURJPY1'
0	09:43:15.930	HistoryCenter: 2 bars imported in 'EURJPY1'
0	09:43:17.573	HistoryCenter: synchronize 'EURJPY1'
0	09:43:18.339	HistoryCenter: 2 bars imported in 'EURJPY1'
2	09:43:34.669	Custom indicator fadedbckgrnd2__1 EURUSD,M1: removed
2	09:43:34.669	Custom indicator FixedChartScale EURUSD,M1: removed
2	09:43:34.684	Custom indicator Price Pro Value Chart Profissional - PT-BR EURUSD,M1: removed
2	09:43:34.699	Custom indicator fadedbckgrnd2__1 EURUSD,M1: loaded successfully
2	09:43:34.699	Custom indicator FixedChartScale EURUSD,M1: loaded successfully
2	09:43:34.793	Custom indicator Price Pro Value Chart Profissional - PT-BR EURUSD,M1: loaded successfully
0	09:43:36.831	HistoryCenter: synchronize 'EURUSD1'
0	09:43:37.606	HistoryCenter: 2 bars imported in 'EURUSD1'
0	09:43:38.153	HistoryCenter: synchronize 'EURUSD1'
0	09:43:38.927	HistoryCenter: 2 bars imported in 'EURUSD1'
0	09:43:39.478	HistoryCenter: synchronize 'EURUSD1'
0	09:43:40.228	HistoryCenter: 2 bars imported in 'EURUSD1'
2	09:43:41.842	Custom indicator fadedbckgrnd2__1 EURJPY,M1: removed
2	09:43:41.842	Custom indicator FixedChartScale EURJPY,M1: removed
2	09:43:41.857	Custom indicator Price Pro Value Chart Profissional - PT-BR EURJPY,M1: removed
2	09:43:41.873	Custom indicator fadedbckgrnd2__1 EURJPY,M1: loaded successfully
2	09:43:41.873	Custom indicator FixedChartScale EURJPY,M1: loaded successfully
2	09:43:41.982	Custom indicator Price Pro Value Chart Profissional - PT-BR EURJPY,M1: loaded successfully
0	09:43:42.435	HistoryCenter: synchronize 'EURJPY1'
0	09:43:43.201	HistoryCenter: 2 bars imported in 'EURJPY1'
0	09:43:47.060	HistoryCenter: synchronize 'EURJPY1'
0	09:43:47.809	HistoryCenter: 2 bars imported in 'EURJPY1'
0	10:00:02.372	HistoryCenter: synchronize 'EURJPY1'
0	10:00:03.185	HistoryCenter: 2 bars imported in 'EURJPY1'
0	10:00:03.731	HistoryCenter: synchronize 'GBPUSD1'
0	10:00:04.450	HistoryCenter: 2 bars imported in 'GBPUSD1'
0	10:00:04.450	HistoryCenter: synchronize 'EURJPY1'
0	10:00:05.200	HistoryCenter: 2 bars imported in 'EURJPY1'
0	10:00:05.200	HistoryCenter: synchronize 'GBPUSD1'
0	10:00:05.949	HistoryCenter: 2 bars imported in 'GBPUSD1'
0	10:00:05.949	HistoryCenter: synchronize 'EURUSD1'
0	10:00:06.668	HistoryCenter: 2 bars imported in 'EURUSD1'
0	10:00:07.215	HistoryCenter: synchronize 'EURJPY1'
0	10:00:07.933	HistoryCenter: 2 bars imported in 'EURJPY1'
0	10:00:07.933	HistoryCenter: synchronize 'GBPUSD1'
0	10:00:08.683	HistoryCenter: 2 bars imported in 'GBPUSD1'
0	10:00:09.792	HistoryCenter: synchronize 'GBPUSD1'
0	10:00:10.511	HistoryCenter: 2 bars imported in 'GBPUSD1'
0	11:00:02.610	HistoryCenter: synchronize 'GBPUSD1'
0	11:00:03.438	HistoryCenter: 2 bars imported in 'GBPUSD1'
0	11:00:03.985	HistoryCenter: synchronize 'EURUSD1'
0	11:00:04.734	HistoryCenter: 2 bars imported in 'EURUSD1'
0	11:00:04.734	HistoryCenter: synchronize 'EURJPY1'
0	11:00:05.515	HistoryCenter: 2 bars imported in 'EURJPY1'
0	11:00:05.515	HistoryCenter: synchronize 'GBPUSD1'
0	11:00:06.282	HistoryCenter: 2 bars imported in 'GBPUSD1'
0	11:00:06.282	HistoryCenter: synchronize 'EURUSD1'
0	11:00:07.062	HistoryCenter: 2 bars imported in 'EURUSD1'
0	11:00:07.609	HistoryCenter: synchronize 'GBPUSD1'
0	11:00:09.171	HistoryCenter: 2 bars imported in 'GBPUSD1'
0	11:00:09.171	HistoryCenter: synchronize 'EURUSD1'
0	11:00:09.921	HistoryCenter: 2 bars imported in 'EURUSD1'
0	11:00:10.483	HistoryCenter: synchronize 'GBPUSD1'
0	11:00:11.233	HistoryCenter: 2 bars imported in 'GBPUSD1'
0	11:00:12.342	HistoryCenter: synchronize 'GBPUSD1'
0	11:00:13.076	HistoryCenter: 2 bars imported in 'GBPUSD1'
0	12:00:03.228	HistoryCenter: synchronize 'EURJPY1'
0	12:00:04.057	HistoryCenter: 2 bars imported in 'EURJPY1'
0	12:00:04.603	HistoryCenter: synchronize 'GBPUSD1'
0	12:00:05.368	HistoryCenter: 2 bars imported in 'GBPUSD1'
0	12:00:05.368	HistoryCenter: synchronize 'EURJPY1'
0	12:00:06.134	HistoryCenter: 2 bars imported in 'EURJPY1'
0	12:00:06.134	HistoryCenter: synchronize 'GBPUSD1'
0	12:00:06.899	HistoryCenter: 2 bars imported in 'GBPUSD1'
0	12:00:06.899	HistoryCenter: synchronize 'EURUSD1'
0	12:00:07.665	HistoryCenter: 2 bars imported in 'EURUSD1'
0	12:00:08.211	HistoryCenter: synchronize 'EURJPY1'
0	12:00:08.945	HistoryCenter: 2 bars imported in 'EURJPY1'
0	12:00:08.945	HistoryCenter: synchronize 'GBPUSD1'
0	12:00:09.680	HistoryCenter: 2 bars imported in 'GBPUSD1'
0	12:00:09.680	HistoryCenter: synchronize 'EURUSD1'
0	12:00:10.430	HistoryCenter: 2 bars imported in 'EURUSD1'
0	12:00:10.992	HistoryCenter: synchronize 'GBPUSD1'
0	12:00:11.710	HistoryCenter: 2 bars imported in 'GBPUSD1'
0	12:00:11.710	HistoryCenter: synchronize 'EURUSD1'
0	12:00:12.476	HistoryCenter: 2 bars imported in 'EURUSD1'
0	12:00:12.476	HistoryCenter: synchronize 'GBPUSD1'
0	12:00:13.210	HistoryCenter: 2 bars imported in 'GBPUSD1'
0	12:00:14.335	HistoryCenter: synchronize 'GBPUSD1'
0	12:00:15.054	HistoryCenter: 2 bars imported in 'GBPUSD1'
0	13:00:03.548	HistoryCenter: synchronize 'EURJPY1'
0	13:00:04.329	HistoryCenter: 2 bars imported in 'EURJPY1'
0	13:00:04.891	HistoryCenter: synchronize 'EURJPY1'
0	13:00:05.626	HistoryCenter: 2 bars imported in 'EURJPY1'
0	13:00:05.626	HistoryCenter: synchronize 'GBPUSD1'
0	13:00:06.391	HistoryCenter: 2 bars imported in 'GBPUSD1'
0	13:00:06.391	HistoryCenter: synchronize 'EURUSD1'
0	13:00:07.141	HistoryCenter: 2 bars imported in 'EURUSD1'
0	13:00:07.704	HistoryCenter: synchronize 'EURJPY1'
0	13:00:08.406	HistoryCenter: 2 bars imported in 'EURJPY1'
0	13:00:08.406	HistoryCenter: synchronize 'GBPUSD1'
0	13:00:09.359	HistoryCenter: 2 bars imported in 'GBPUSD1'
0	13:00:09.359	HistoryCenter: synchronize 'EURUSD1'
0	13:00:10.078	HistoryCenter: 2 bars imported in 'EURUSD1'
0	13:00:10.648	HistoryCenter: synchronize 'EURJPY1'
0	13:00:11.414	HistoryCenter: 2 bars imported in 'EURJPY1'
0	13:00:11.414	HistoryCenter: synchronize 'GBPUSD1'
0	13:00:12.184	HistoryCenter: 2 bars imported in 'GBPUSD1'
0	13:00:12.184	HistoryCenter: synchronize 'EURUSD1'
0	13:00:12.926	HistoryCenter: 2 bars imported in 'EURUSD1'
0	13:00:13.472	HistoryCenter: synchronize 'GBPUSD1'
0	13:00:14.223	HistoryCenter: 2 bars imported in 'GBPUSD1'
0	13:00:14.223	HistoryCenter: synchronize 'EURUSD1'
0	13:00:14.957	HistoryCenter: 2 bars imported in 'EURUSD1'
0	13:00:14.957	HistoryCenter: synchronize 'GBPUSD1'
0	13:00:15.706	HistoryCenter: 2 bars imported in 'GBPUSD1'
0	13:00:15.706	HistoryCenter: synchronize 'EURUSD1'
0	13:00:16.441	HistoryCenter: 2 bars imported in 'EURUSD1'
0	13:00:17.535	HistoryCenter: synchronize 'EURUSD1'
0	13:00:18.253	HistoryCenter: 2 bars imported in 'EURUSD1'
0	13:16:00.146	HistoryCenter: synchronize 'EURUSD1'
0	13:16:00.942	HistoryCenter: 2 bars imported in 'EURUSD1'
0	13:16:03.138	HistoryCenter: synchronize 'EURUSD1'
0	13:16:03.857	HistoryCenter: 2 bars imported in 'EURUSD1'
0	13:16:04.403	HistoryCenter: synchronize 'EURUSD1'
0	13:16:05.153	HistoryCenter: 2 bars imported in 'EURUSD1'
0	13:16:06.278	HistoryCenter: synchronize 'EURUSD1'
0	13:16:07.028	HistoryCenter: 2 bars imported in 'EURUSD1'
0	13:16:07.590	HistoryCenter: synchronize 'EURUSD1'
0	13:16:08.329	HistoryCenter: 2 bars imported in 'EURUSD1'
0	13:16:09.440	HistoryCenter: synchronize 'EURUSD1'
0	13:16:10.175	HistoryCenter: 2 bars imported in 'EURUSD1'
0	13:16:11.283	HistoryCenter: synchronize 'EURUSD1'
0	13:16:12.033	HistoryCenter: 2 bars imported in 'EURUSD1'
0	13:16:12.580	HistoryCenter: synchronize 'EURUSD1'
0	13:16:13.330	HistoryCenter: 2 bars imported in 'EURUSD1'
0	13:16:14.424	HistoryCenter: synchronize 'EURUSD1'
0	13:16:15.157	HistoryCenter: 2 bars imported in 'EURUSD1'
0	13:16:16.313	HistoryCenter: synchronize 'EURUSD1'
0	13:16:17.079	HistoryCenter: 2 bars imported in 'EURUSD1'
0	13:16:18.172	HistoryCenter: synchronize 'EURUSD1'
0	13:16:18.907	HistoryCenter: 2 bars imported in 'EURUSD1'
0	13:16:19.453	HistoryCenter: synchronize 'EURUSD1'
0	13:16:20.203	HistoryCenter: 2 bars imported in 'EURUSD1'
2	13:16:36.946	Custom indicator fadedbckgrnd2__1 EURUSD,M1: removed
2	13:16:36.962	Custom indicator FixedChartScale EURUSD,M1: removed
2	13:16:36.962	Custom indicator Price Pro Value Chart Profissional - PT-BR EURUSD,M1: removed
2	13:16:36.977	Custom indicator fadedbckgrnd2__1 EURUSD,M1: loaded successfully
2	13:16:36.977	Custom indicator FixedChartScale EURUSD,M1: loaded successfully
2	13:16:37.087	Custom indicator Price Pro Value Chart Profissional - PT-BR EURUSD,M1: loaded successfully
0	13:16:37.462	HistoryCenter: synchronize 'EURUSD1'
0	13:16:38.399	HistoryCenter: 2 bars imported in 'EURUSD1'
0	13:16:40.059	HistoryCenter: synchronize 'EURUSD1'
0	13:16:40.777	HistoryCenter: 2 bars imported in 'EURUSD1'
0	13:16:41.324	HistoryCenter: synchronize 'EURUSD1'
0	13:16:42.074	HistoryCenter: 2 bars imported in 'EURUSD1'
0	13:16:42.639	HistoryCenter: synchronize 'EURUSD1'
0	13:16:43.341	HistoryCenter: 2 bars imported in 'EURUSD1'
0	13:16:44.435	HistoryCenter: synchronize 'EURUSD1'
0	13:16:45.272	HistoryCenter: 2 bars imported in 'EURUSD1'
0	13:16:46.381	HistoryCenter: synchronize 'EURUSD1'
0	13:16:47.084	HistoryCenter: 2 bars imported in 'EURUSD1'
0	13:16:47.647	HistoryCenter: synchronize 'EURUSD1'
0	13:16:48.372	HistoryCenter: 2 bars imported in 'EURUSD1'
0	13:16:49.467	HistoryCenter: synchronize 'EURUSD1'
0	13:16:50.189	HistoryCenter: 2 bars imported in 'EURUSD1'
0	13:16:50.736	HistoryCenter: synchronize 'EURUSD1'
0	13:16:51.486	HistoryCenter: 2 bars imported in 'EURUSD1'
2	13:17:06.184	Custom indicator fadedbckgrnd2__1 EURJPY,M1: removed
2	13:17:06.184	Custom indicator FixedChartScale EURJPY,M1: removed
2	13:17:06.199	Custom indicator Price Pro Value Chart Profissional - PT-BR EURJPY,M1: removed
2	13:17:06.199	Custom indicator fadedbckgrnd2__1 EURJPY,M1: loaded successfully
2	13:17:06.215	Custom indicator FixedChartScale EURJPY,M1: loaded successfully
2	13:17:06.309	Custom indicator Price Pro Value Chart Profissional - PT-BR EURJPY,M1: loaded successfully
0	13:17:06.934	HistoryCenter: synchronize 'EURJPY1'
0	13:17:07.652	HistoryCenter: 2 bars imported in 'EURJPY1'
0	13:17:08.746	HistoryCenter: synchronize 'EURJPY1'
0	13:17:09.464	HistoryCenter: 2 bars imported in 'EURJPY1'
0	13:17:10.011	HistoryCenter: synchronize 'EURJPY1'
0	13:17:10.755	HistoryCenter: 2 bars imported in 'EURJPY1'
0	13:17:11.869	HistoryCenter: synchronize 'EURJPY1'
0	13:17:12.563	HistoryCenter: 2 bars imported in 'EURJPY1'
0	13:17:13.672	HistoryCenter: synchronize 'EURJPY1'
2	13:17:13.719	Custom indicator fadedbckgrnd2__1 GBPUSD,M1: removed
2	13:17:13.719	Custom indicator FixedChartScale GBPUSD,M1: removed
2	13:17:13.734	Custom indicator Price Pro Value Chart Profissional - PT-BR GBPUSD,M1: removed
2	13:17:13.749	Custom indicator fadedbckgrnd2__1 GBPUSD,M1: loaded successfully
2	13:17:13.749	Custom indicator FixedChartScale GBPUSD,M1: loaded successfully
2	13:17:13.843	Custom indicator Price Pro Value Chart Profissional - PT-BR GBPUSD,M1: loaded successfully
0	13:17:14.402	HistoryCenter: 2 bars imported in 'EURJPY1'
0	13:17:14.402	HistoryCenter: synchronize 'GBPUSD1'
0	13:17:15.136	HistoryCenter: 2 bars imported in 'GBPUSD1'
0	13:17:15.687	HistoryCenter: synchronize 'EURJPY1'
0	13:17:16.404	HistoryCenter: 2 bars imported in 'EURJPY1'
0	13:17:16.404	HistoryCenter: synchronize 'GBPUSD1'
0	13:17:17.169	HistoryCenter: 2 bars imported in 'GBPUSD1'
0	13:17:18.275	HistoryCenter: synchronize 'GBPUSD1'
0	13:17:19.023	HistoryCenter: 2 bars imported in 'GBPUSD1'
0	13:17:20.117	HistoryCenter: synchronize 'GBPUSD1'
0	13:17:20.832	HistoryCenter: 2 bars imported in 'GBPUSD1'
0	13:17:21.378	HistoryCenter: synchronize 'GBPUSD1'
0	13:17:22.097	HistoryCenter: 2 bars imported in 'GBPUSD1'
0	13:17:23.210	HistoryCenter: synchronize 'GBPUSD1'
0	13:17:23.964	HistoryCenter: 2 bars imported in 'GBPUSD1'
0	13:17:24.526	HistoryCenter: synchronize 'GBPUSD1'
0	13:17:25.260	HistoryCenter: 2 bars imported in 'GBPUSD1'
0	13:17:26.370	HistoryCenter: synchronize 'GBPUSD1'
0	13:17:27.103	HistoryCenter: 2 bars imported in 'GBPUSD1'
0	13:20:10.413	HistoryCenter: synchronize 'EURGBP1'
0	13:20:11.169	HistoryCenter: 327 bars imported in 'EURGBP1'
0	13:20:12.825	HistoryCenter: synchronize 'EURGBP1'
0	13:20:13.547	HistoryCenter: 2 bars imported in 'EURGBP1'
0	13:20:14.641	HistoryCenter: synchronize 'EURGBP1'
0	13:20:15.359	HistoryCenter: 2 bars imported in 'EURGBP1'
0	13:20:16.452	HistoryCenter: synchronize 'EURGBP1'
0	13:20:17.217	HistoryCenter: 2 bars imported in 'EURGBP1'
0	13:20:17.796	HistoryCenter: synchronize 'EURGBP1'
0	13:20:18.514	HistoryCenter: 2 bars imported in 'EURGBP1'
0	13:20:19.639	HistoryCenter: synchronize 'EURGBP1'
0	13:20:20.373	HistoryCenter: 2 bars imported in 'EURGBP1'
0	13:20:21.498	HistoryCenter: synchronize 'EURGBP1'
0	13:20:22.232	HistoryCenter: 2 bars imported in 'EURGBP1'
0	13:20:22.795	HistoryCenter: synchronize 'EURGBP1'
0	13:20:23.529	HistoryCenter: 2 bars imported in 'EURGBP1'
0	13:20:24.622	HistoryCenter: synchronize 'EURGBP1'
0	13:20:25.326	HistoryCenter: 2 bars imported in 'EURGBP1'
0	13:20:26.434	HistoryCenter: synchronize 'EURGBP1'
0	13:20:27.169	HistoryCenter: 2 bars imported in 'EURGBP1'
0	13:20:27.715	HistoryCenter: synchronize 'EURGBP1'
0	13:20:28.434	HistoryCenter: 2 bars imported in 'EURGBP1'
0	13:20:47.582	HistoryCenter: synchronize 'USDJPY1'
0	13:20:48.566	HistoryCenter: 1322 bars imported in 'USDJPY1'
0	13:20:49.676	HistoryCenter: synchronize 'USDJPY1'
0	13:20:50.446	HistoryCenter: 2 bars imported in 'USDJPY1'
0	13:20:51.563	HistoryCenter: synchronize 'USDJPY1'
0	13:20:52.283	HistoryCenter: 2 bars imported in 'USDJPY1'
0	13:20:52.830	HistoryCenter: synchronize 'USDJPY1'
0	13:20:53.533	HistoryCenter: 2 bars imported in 'USDJPY1'
0	13:20:54.642	HistoryCenter: synchronize 'USDJPY1'
0	13:20:55.377	HistoryCenter: 2 bars imported in 'USDJPY1'
0	13:20:55.938	HistoryCenter: synchronize 'USDJPY1'
0	13:20:56.688	HistoryCenter: 2 bars imported in 'USDJPY1'
0	13:20:57.797	HistoryCenter: synchronize 'USDJPY1'
0	13:20:58.516	HistoryCenter: 2 bars imported in 'USDJPY1'
0	13:21:21.318	HistoryCenter: synchronize 'EURGBP1'
0	13:21:22.068	HistoryCenter: 2 bars imported in 'EURGBP1'
0	13:21:23.727	HistoryCenter: synchronize 'EURGBP1'
0	13:21:24.512	HistoryCenter: 2 bars imported in 'EURGBP1'
0	13:21:25.606	HistoryCenter: synchronize 'EURGBP1'
0	13:21:26.340	HistoryCenter: 2 bars imported in 'EURGBP1'
0	13:21:27.465	HistoryCenter: synchronize 'EURGBP1'
0	13:21:28.215	HistoryCenter: 2 bars imported in 'EURGBP1'
0	13:21:29.340	HistoryCenter: synchronize 'EURGBP1'
0	13:21:30.105	HistoryCenter: 2 bars imported in 'EURGBP1'
0	13:21:30.652	HistoryCenter: synchronize 'EURGBP1'
0	13:21:31.355	HistoryCenter: 2 bars imported in 'EURGBP1'
0	13:21:32.464	HistoryCenter: synchronize 'EURGBP1'
0	13:21:33.182	HistoryCenter: 2 bars imported in 'EURGBP1'
0	13:21:33.745	HistoryCenter: synchronize 'EURGBP1'
0	13:21:34.494	HistoryCenter: 2 bars imported in 'EURGBP1'
0	13:21:35.604	HistoryCenter: synchronize 'EURGBP1'
0	13:21:36.353	HistoryCenter: 2 bars imported in 'EURGBP1'
0	13:21:37.462	HistoryCenter: synchronize 'EURGBP1'
0	13:21:38.213	HistoryCenter: 2 bars imported in 'EURGBP1'
0	13:21:38.759	HistoryCenter: synchronize 'EURGBP1'
0	13:21:39.493	HistoryCenter: 2 bars imported in 'EURGBP1'
0	13:26:07.787	HistoryCenter: synchronize 'EURUSD1'
0	13:26:08.568	HistoryCenter: 2 bars imported in 'EURUSD1'
0	13:26:10.208	HistoryCenter: synchronize 'EURUSD1'
0	13:26:10.962	HistoryCenter: 2 bars imported in 'EURUSD1'
0	13:26:12.081	HistoryCenter: synchronize 'EURUSD1'
0	13:26:12.846	HistoryCenter: 2 bars imported in 'EURUSD1'
2	13:26:13.831	Custom indicator 2Trend EURUSD,M1: loaded successfully
0	13:26:13.942	HistoryCenter: synchronize 'EURUSD1'
0	13:26:14.692	HistoryCenter: 2 bars imported in 'EURUSD1'
0	13:26:15.786	HistoryCenter: synchronize 'EURUSD1'
0	13:26:16.544	HistoryCenter: 2 bars imported in 'EURUSD1'
2	13:26:48.385	Custom indicator fadedbckgrnd2__1 EURGBP,M1: removed
2	13:26:48.385	Custom indicator FixedChartScale EURGBP,M1: removed
2	13:26:48.401	Custom indicator Price Pro Value Chart Profissional - PT-BR EURGBP,M1: removed
2	13:26:48.401	Custom indicator fadedbckgrnd2__1 EURGBP,M1: loaded successfully
2	13:26:48.417	Custom indicator FixedChartScale EURGBP,M1: loaded successfully
2	13:26:48.510	Custom indicator Price Pro Value Chart Profissional - PT-BR EURGBP,M1: loaded successfully
2	13:26:48.526	Custom indicator 2Trend EURGBP,M1: loaded successfully
0	13:26:48.916	HistoryCenter: synchronize 'EURGBP1'
0	13:26:49.619	HistoryCenter: 2 bars imported in 'EURGBP1'
0	13:26:51.260	HistoryCenter: synchronize 'EURGBP1'
0	13:26:51.978	HistoryCenter: 2 bars imported in 'EURGBP1'
0	13:26:53.119	HistoryCenter: synchronize 'EURGBP1'
0	13:26:53.853	HistoryCenter: 2 bars imported in 'EURGBP1'
0	13:26:54.947	HistoryCenter: synchronize 'EURGBP1'
0	13:26:55.665	HistoryCenter: 2 bars imported in 'EURGBP1'
0	13:26:56.227	HistoryCenter: synchronize 'EURGBP1'
0	13:26:56.946	HistoryCenter: 2 bars imported in 'EURGBP1'
0	13:26:58.056	HistoryCenter: synchronize 'EURGBP1'
0	13:26:58.774	HistoryCenter: 2 bars imported in 'EURGBP1'
0	13:26:59.883	HistoryCenter: synchronize 'EURGBP1'
0	13:27:00.632	HistoryCenter: 2 bars imported in 'EURGBP1'
0	13:27:01.180	HistoryCenter: synchronize 'EURGBP1'
0	13:27:01.914	HistoryCenter: 2 bars imported in 'EURGBP1'
0	13:27:03.023	HistoryCenter: synchronize 'EURGBP1'
0	13:27:03.772	HistoryCenter: 2 bars imported in 'EURGBP1'
2	13:27:12.221	Custom indicator fadedbckgrnd2__1 GBPUSD,M1: removed
2	13:27:12.221	Custom indicator FixedChartScale GBPUSD,M1: removed
2	13:27:12.237	Custom indicator Price Pro Value Chart Profissional - PT-BR GBPUSD,M1: removed
2	13:27:12.252	Custom indicator fadedbckgrnd2__1 GBPUSD,M1: loaded successfully
2	13:27:12.252	Custom indicator FixedChartScale GBPUSD,M1: loaded successfully
2	13:27:12.346	Custom indicator Price Pro Value Chart Profissional - PT-BR GBPUSD,M1: loaded successfully
2	13:27:12.362	Custom indicator 2Trend GBPUSD,M1: loaded successfully
0	13:27:13.159	HistoryCenter: synchronize 'GBPUSD1'
0	13:27:13.909	HistoryCenter: 2 bars imported in 'GBPUSD1'
0	13:27:15.002	HistoryCenter: synchronize 'GBPUSD1'
0	13:27:15.767	HistoryCenter: 2 bars imported in 'GBPUSD1'
0	13:27:16.892	HistoryCenter: synchronize 'GBPUSD1'
0	13:27:17.642	HistoryCenter: 2 bars imported in 'GBPUSD1'
0	13:27:18.752	HistoryCenter: synchronize 'GBPUSD1'
0	13:27:19.517	HistoryCenter: 2 bars imported in 'GBPUSD1'
0	13:27:20.079	HistoryCenter: synchronize 'GBPUSD1'
0	13:27:20.876	HistoryCenter: 2 bars imported in 'GBPUSD1'
2	13:29:55.414	Custom indicator 2Trend GBPUSD,M1: removed
0	13:30:43.030	HistoryCenter: synchronize 'GBPUSD1'
0	13:30:43.780	HistoryCenter: 2 bars imported in 'GBPUSD1'
0	13:30:45.435	HistoryCenter: synchronize 'GBPUSD1'
0	13:30:46.123	HistoryCenter: 2 bars imported in 'GBPUSD1'
0	13:30:47.224	HistoryCenter: synchronize 'GBPUSD1'
0	13:30:47.958	HistoryCenter: 2 bars imported in 'GBPUSD1'
0	13:30:49.052	HistoryCenter: synchronize 'GBPUSD1'
0	13:30:49.755	HistoryCenter: 2 bars imported in 'GBPUSD1'
0	13:30:50.317	HistoryCenter: synchronize 'GBPUSD1'
0	13:30:51.020	HistoryCenter: 2 bars imported in 'GBPUSD1'
0	13:30:52.130	HistoryCenter: synchronize 'GBPUSD1'
0	13:30:52.863	HistoryCenter: 2 bars imported in 'GBPUSD1'
0	13:31:42.499	HistoryCenter: synchronize 'GBPUSD1'
0	13:31:43.218	HistoryCenter: 2 bars imported in 'GBPUSD1'
0	13:31:44.850	HistoryCenter: synchronize 'GBPUSD1'
0	13:31:45.603	HistoryCenter: 2 bars imported in 'GBPUSD1'
0	13:31:46.703	HistoryCenter: synchronize 'GBPUSD1'
0	13:31:47.459	HistoryCenter: 2 bars imported in 'GBPUSD1'
0	13:31:48.568	HistoryCenter: synchronize 'GBPUSD1'
0	13:31:49.281	HistoryCenter: 2 bars imported in 'GBPUSD1'
0	13:31:49.841	HistoryCenter: synchronize 'GBPUSD1'
0	13:31:50.561	HistoryCenter: 2 bars imported in 'GBPUSD1'
0	13:31:52.794	HistoryCenter: synchronize 'GBPUSD5'
0	13:31:53.558	HistoryCenter: 291 bars imported in 'GBPUSD5'
0	13:31:55.192	HistoryCenter: synchronize 'GBPUSD5'
0	13:31:55.932	HistoryCenter: 2 bars imported in 'GBPUSD5'
0	13:31:57.030	HistoryCenter: synchronize 'EURGBP5'
0	13:31:57.789	HistoryCenter: 2 bars imported in 'EURGBP5'
0	13:31:57.789	HistoryCenter: synchronize 'GBPUSD5'
0	13:31:58.570	HistoryCenter: 2 bars imported in 'GBPUSD5'
0	13:31:59.121	HistoryCenter: synchronize 'EURGBP5'
0	13:31:59.870	HistoryCenter: 2 bars imported in 'EURGBP5'
0	13:31:59.870	HistoryCenter: synchronize 'GBPUSD5'
0	13:32:00.605	HistoryCenter: 2 bars imported in 'GBPUSD5'
0	13:32:01.148	HistoryCenter: synchronize 'EURUSD5'
0	13:32:01.891	HistoryCenter: 2 bars imported in 'EURUSD5'
0	13:32:01.891	HistoryCenter: synchronize 'EURGBP5'
0	13:32:02.636	HistoryCenter: 2 bars imported in 'EURGBP5'
0	13:32:02.636	HistoryCenter: synchronize 'GBPUSD5'
0	13:32:03.387	HistoryCenter: 2 bars imported in 'GBPUSD5'
0	13:32:03.937	HistoryCenter: synchronize 'EURUSD5'
0	13:32:04.635	HistoryCenter: 2 bars imported in 'EURUSD5'
0	13:32:04.635	HistoryCenter: synchronize 'EURGBP5'
0	13:32:05.421	HistoryCenter: 2 bars imported in 'EURGBP5'
2	13:32:05.498	Custom indicator fadedbckgrnd2__1 EURUSD,M5: removed
2	13:32:05.514	Custom indicator FixedChartScale EURUSD,M5: removed
2	13:32:05.514	Custom indicator Price Pro Value Chart Profissional - PT-BR EURUSD,M5: removed
2	13:32:05.514	Custom indicator 2Trend EURUSD,M5: removed
2	13:32:05.529	Custom indicator fadedbckgrnd2__1 EURUSD,M5: loaded successfully
2	13:32:05.545	Custom indicator FixedChartScale EURUSD,M5: loaded successfully
2	13:32:05.639	Custom indicator Price Pro Value Chart Profissional - PT-BR EURUSD,M5: loaded successfully
0	13:32:05.982	HistoryCenter: synchronize 'EURUSD5'
0	13:32:06.733	HistoryCenter: 2 bars imported in 'EURUSD5'
0	13:32:06.733	HistoryCenter: synchronize 'EURGBP5'
0	13:32:07.451	HistoryCenter: 2 bars imported in 'EURGBP5'
0	13:32:07.997	HistoryCenter: synchronize 'EURUSD5'
0	13:32:08.720	HistoryCenter: 2 bars imported in 'EURUSD5'
0	13:32:09.270	HistoryCenter: synchronize 'EURUSD5'
0	13:32:10.005	HistoryCenter: 2 bars imported in 'EURUSD5'
0	13:32:11.113	HistoryCenter: synchronize 'EURUSD5'
0	13:32:11.833	HistoryCenter: 2 bars imported in 'EURUSD5'
0	13:32:12.929	HistoryCenter: synchronize 'EURUSD5'
0	13:32:13.648	HistoryCenter: 2 bars imported in 'EURUSD5'
0	13:32:14.195	HistoryCenter: synchronize 'EURUSD5'
0	13:32:14.907	HistoryCenter: 2 bars imported in 'EURUSD5'
0	13:32:16.008	HistoryCenter: synchronize 'EURUSD5'
0	13:32:16.743	HistoryCenter: 2 bars imported in 'EURUSD5'
0	13:32:17.290	HistoryCenter: synchronize 'EURUSD5'
0	13:32:18.039	HistoryCenter: 2 bars imported in 'EURUSD5'
2	13:32:18.539	Custom indicator 2Trend EURUSD,M5: loaded successfully
0	13:32:51.451	HistoryCenter: synchronize 'EURUSD5'
0	13:32:52.154	HistoryCenter: 2 bars imported in 'EURUSD5'
0	13:32:53.838	HistoryCenter: synchronize 'EURUSD5'
0	13:32:54.604	HistoryCenter: 2 bars imported in 'EURUSD5'
0	13:32:55.698	HistoryCenter: synchronize 'EURUSD5'
0	13:32:56.479	HistoryCenter: 2 bars imported in 'EURUSD5'
0	13:32:57.577	HistoryCenter: synchronize 'EURUSD5'
0	13:32:58.285	HistoryCenter: 2 bars imported in 'EURUSD5'
0	13:32:58.848	HistoryCenter: synchronize 'EURUSD5'
0	13:32:59.812	HistoryCenter: 2 bars imported in 'EURUSD5'
0	13:33:00.374	HistoryCenter: synchronize 'EURUSD5'
0	13:33:01.281	HistoryCenter: 2 bars imported in 'EURUSD5'
0	13:33:01.843	HistoryCenter: synchronize 'EURUSD5'
0	13:33:02.592	HistoryCenter: 2 bars imported in 'EURUSD5'
2	13:33:45.430	Custom indicator fadedbckgrnd2__1 EURGBP,M5: removed
2	13:33:45.430	Custom indicator FixedChartScale EURGBP,M5: removed
2	13:33:45.445	Custom indicator Price Pro Value Chart Profissional - PT-BR EURGBP,M5: removed
2	13:33:45.445	Custom indicator 2Trend EURGBP,M5: removed
2	13:33:45.461	Custom indicator fadedbckgrnd2__1 EURGBP,M5: loaded successfully
2	13:33:45.461	Custom indicator FixedChartScale EURGBP,M5: loaded successfully
2	13:33:45.570	Custom indicator Price Pro Value Chart Profissional - PT-BR EURGBP,M5: loaded successfully
2	13:33:45.586	Custom indicator 2Trend EURGBP,M5: loaded successfully
0	13:33:45.929	HistoryCenter: synchronize 'EURGBP5'
0	13:33:46.651	HistoryCenter: 2 bars imported in 'EURGBP5'
0	13:33:47.763	HistoryCenter: synchronize 'EURGBP5'
0	13:33:48.482	HistoryCenter: 2 bars imported in 'EURGBP5'
0	13:33:49.031	HistoryCenter: synchronize 'EURGBP5'
0	13:33:49.784	HistoryCenter: 2 bars imported in 'EURGBP5'
0	13:33:50.912	HistoryCenter: synchronize 'EURGBP5'
0	13:33:51.653	HistoryCenter: 2 bars imported in 'EURGBP5'
0	13:33:52.220	HistoryCenter: synchronize 'EURGBP5'
0	13:33:52.954	HistoryCenter: 2 bars imported in 'EURGBP5'
2	13:33:53.032	Custom indicator fadedbckgrnd2__1 GBPUSD,M5: removed
2	13:33:53.047	Custom indicator FixedChartScale GBPUSD,M5: removed
2	13:33:53.047	Custom indicator Price Pro Value Chart Profissional - PT-BR GBPUSD,M5: removed
2	13:33:53.063	Custom indicator fadedbckgrnd2__1 GBPUSD,M5: loaded successfully
2	13:33:53.063	Custom indicator FixedChartScale GBPUSD,M5: loaded successfully
2	13:33:53.172	Custom indicator Price Pro Value Chart Profissional - PT-BR GBPUSD,M5: loaded successfully
2	13:33:53.188	Custom indicator 2Trend GBPUSD,M5: loaded successfully
0	13:33:54.063	HistoryCenter: synchronize 'EURGBP5'
0	13:33:54.798	HistoryCenter: 2 bars imported in 'EURGBP5'
0	13:33:54.798	HistoryCenter: synchronize 'GBPUSD5'
0	13:33:55.531	HistoryCenter: 2 bars imported in 'GBPUSD5'
0	13:33:56.110	HistoryCenter: synchronize 'EURGBP5'
0	13:33:56.813	HistoryCenter: 2 bars imported in 'EURGBP5'
0	13:33:56.813	HistoryCenter: synchronize 'GBPUSD5'
0	13:33:57.563	HistoryCenter: 2 bars imported in 'GBPUSD5'
0	13:33:58.656	HistoryCenter: synchronize 'GBPUSD5'
0	13:33:59.390	HistoryCenter: 2 bars imported in 'GBPUSD5'
0	13:34:00.499	HistoryCenter: synchronize 'GBPUSD5'
0	13:34:01.264	HistoryCenter: 2 bars imported in 'GBPUSD5'
0	13:34:01.858	HistoryCenter: synchronize 'GBPUSD5'
0	13:34:02.592	HistoryCenter: 2 bars imported in 'GBPUSD5'
2	13:38:07.588	Custom indicator 2Trend EURUSD,M5: loaded successfully
2	13:41:48.386	Custom indicator Trend direction & force index eMOD EURUSD,M5: loaded successfully
2	13:42:04.939	Custom indicator Trend direction & force index eMOD EURUSD,M5: removed
2	13:42:08.028	Custom indicator 2Trend EURUSD,M5: removed
2	13:42:09.618	Custom indicator 2Trend EURUSD,M5: removed
0	13:42:36.106	HistoryCenter: synchronize 'EURUSD5'
0	13:42:36.897	HistoryCenter: 2 bars imported in 'EURUSD5'
0	13:42:37.459	HistoryCenter: synchronize 'EURUSD5'
0	13:42:38.193	HistoryCenter: 2 bars imported in 'EURUSD5'
0	13:42:38.759	HistoryCenter: synchronize 'EURUSD5'
0	13:42:39.528	HistoryCenter: 2 bars imported in 'EURUSD5'
0	13:42:40.091	HistoryCenter: synchronize 'EURUSD5'
0	13:42:40.841	HistoryCenter: 2 bars imported in 'EURUSD5'
0	13:42:41.934	HistoryCenter: synchronize 'EURUSD5'
0	13:42:42.668	HistoryCenter: 2 bars imported in 'EURUSD5'
0	13:42:43.792	HistoryCenter: synchronize 'EURUSD5'
0	13:42:44.527	HistoryCenter: 2 bars imported in 'EURUSD5'
0	13:42:45.105	HistoryCenter: synchronize 'EURUSD5'
0	13:42:45.855	HistoryCenter: 2 bars imported in 'EURUSD5'
0	13:42:46.979	HistoryCenter: synchronize 'EURUSD5'
0	13:42:48.964	HistoryCenter: 2 bars imported in 'EURUSD5'
0	13:42:50.073	HistoryCenter: synchronize 'EURUSD5'
0	13:42:50.823	HistoryCenter: 2 bars imported in 'EURUSD5'
0	13:42:51.932	HistoryCenter: synchronize 'EURUSD5'
0	13:42:52.650	HistoryCenter: 2 bars imported in 'EURUSD5'
2	13:43:18.482	Custom indicator fadedbckgrnd2__1 EURGBP,M5: removed
2	13:43:18.482	Custom indicator FixedChartScale EURGBP,M5: removed
2	13:43:18.498	Custom indicator Price Pro Value Chart Profissional - PT-BR EURGBP,M5: removed
2	13:43:18.498	Custom indicator 2Trend EURGBP,M5: removed
2	13:43:18.513	Custom indicator fadedbckgrnd2__1 EURGBP,M5: loaded successfully
2	13:43:18.513	Custom indicator FixedChartScale EURGBP,M5: loaded successfully
2	13:43:18.607	Custom indicator Price Pro Value Chart Profissional - PT-BR EURGBP,M5: loaded successfully
0	13:43:18.888	HistoryCenter: synchronize 'EURGBP5'
0	13:43:19.828	HistoryCenter: 2 bars imported in 'EURGBP5'
0	13:43:20.917	HistoryCenter: synchronize 'EURGBP5'
0	13:43:21.641	HistoryCenter: 2 bars imported in 'EURGBP5'
0	13:43:22.192	HistoryCenter: synchronize 'EURGBP5'
2	13:43:22.801	Custom indicator fadedbckgrnd2__1 GBPUSD,M5: removed
2	13:43:22.801	Custom indicator FixedChartScale GBPUSD,M5: removed
2	13:43:22.817	Custom indicator Price Pro Value Chart Profissional - PT-BR GBPUSD,M5: removed
2	13:43:22.817	Custom indicator 2Trend GBPUSD,M5: removed
2	13:43:22.832	Custom indicator fadedbckgrnd2__1 GBPUSD,M5: loaded successfully
2	13:43:22.832	Custom indicator FixedChartScale GBPUSD,M5: loaded successfully
0	13:43:22.926	HistoryCenter: 2 bars imported in 'EURGBP5'
2	13:43:22.926	Custom indicator Price Pro Value Chart Profissional - PT-BR GBPUSD,M5: loaded successfully
0	13:43:23.488	HistoryCenter: synchronize 'GBPUSD5'
0	13:43:24.239	HistoryCenter: 2 bars imported in 'GBPUSD5'
0	13:43:24.239	HistoryCenter: synchronize 'EURGBP5'
0	13:43:24.942	HistoryCenter: 2 bars imported in 'EURGBP5'
0	13:43:25.504	HistoryCenter: synchronize 'EURGBP5'
0	13:43:26.270	HistoryCenter: 2 bars imported in 'EURGBP5'
0	13:43:26.270	HistoryCenter: synchronize 'GBPUSD5'
0	13:43:27.035	HistoryCenter: 2 bars imported in 'GBPUSD5'
0	13:43:27.597	HistoryCenter: synchronize 'EURGBP5'
0	13:43:28.316	HistoryCenter: 2 bars imported in 'EURGBP5'
0	13:43:28.316	HistoryCenter: synchronize 'GBPUSD5'
0	13:43:29.050	HistoryCenter: 2 bars imported in 'GBPUSD5'
0	13:43:29.597	HistoryCenter: synchronize 'EURGBP5'
0	13:43:30.315	HistoryCenter: 2 bars imported in 'EURGBP5'
0	13:43:30.315	HistoryCenter: synchronize 'GBPUSD5'
0	13:43:31.049	HistoryCenter: 2 bars imported in 'GBPUSD5'
0	13:43:31.597	HistoryCenter: synchronize 'EURGBP5'
0	13:43:32.299	HistoryCenter: 2 bars imported in 'EURGBP5'
0	13:43:32.299	HistoryCenter: synchronize 'GBPUSD5'
0	13:43:33.049	HistoryCenter: 2 bars imported in 'GBPUSD5'
0	13:43:33.612	HistoryCenter: synchronize 'GBPUSD5'
0	13:43:34.314	HistoryCenter: 2 bars imported in 'GBPUSD5'
0	13:44:22.466	HistoryCenter: synchronize 'GBPUSD15'
0	13:44:23.187	HistoryCenter: 2 bars imported in 'GBPUSD15'
0	13:44:24.864	HistoryCenter: synchronize 'GBPUSD15'
0	13:44:25.603	HistoryCenter: 2 bars imported in 'GBPUSD15'
0	13:44:26.700	HistoryCenter: synchronize 'GBPUSD15'
0	13:44:27.403	HistoryCenter: 2 bars imported in 'GBPUSD15'
0	13:44:28.497	HistoryCenter: synchronize 'GBPUSD15'
0	13:44:29.184	HistoryCenter: 2 bars imported in 'GBPUSD15'
0	13:44:29.748	HistoryCenter: synchronize 'GBPUSD15'
0	13:44:30.787	HistoryCenter: 2 bars imported in 'GBPUSD15'
0	13:44:31.880	HistoryCenter: synchronize 'GBPUSD15'
0	13:44:32.583	HistoryCenter: 2 bars imported in 'GBPUSD15'
0	13:44:33.692	HistoryCenter: synchronize 'GBPUSD15'
0	13:44:34.426	HistoryCenter: 2 bars imported in 'GBPUSD15'
0	13:45:12.029	HistoryCenter: synchronize 'GBPUSD15'
0	13:45:12.788	HistoryCenter: 2 bars imported in 'GBPUSD15'
0	13:45:14.439	HistoryCenter: synchronize 'GBPUSD15'
0	13:45:15.189	HistoryCenter: 2 bars imported in 'GBPUSD15'
0	13:46:43.146	HistoryCenter: synchronize 'EURGBP15'
0	13:46:44.952	HistoryCenter: 2 bars imported in 'EURGBP15'
0	13:46:46.604	HistoryCenter: synchronize 'EURGBP15'
0	13:46:47.462	HistoryCenter: 2 bars imported in 'EURGBP15'
0	13:46:48.005	HistoryCenter: synchronize 'EURGBP15'
0	13:46:48.731	HistoryCenter: 2 bars imported in 'EURGBP15'
0	13:46:49.279	HistoryCenter: synchronize 'EURGBP15'
0	13:46:50.011	HistoryCenter: 2 bars imported in 'EURGBP15'
0	13:46:51.125	HistoryCenter: synchronize 'EURGBP15'
2	13:46:51.437	Custom indicator fadedbckgrnd2__1 EURGBP,M15: removed
2	13:46:51.437	Custom indicator FixedChartScale EURGBP,M15: removed
2	13:46:51.452	Custom indicator Price Pro Value Chart Profissional - PT-BR EURGBP,M15: removed
2	13:46:51.468	Custom indicator fadedbckgrnd2__1 EURGBP,M15: loaded successfully
2	13:46:51.468	Custom indicator FixedChartScale EURGBP,M15: loaded successfully
2	13:46:51.577	Custom indicator Price Pro Value Chart Profissional - PT-BR EURGBP,M15: loaded successfully
0	13:46:51.827	HistoryCenter: 2 bars imported in 'EURGBP15'
0	13:46:52.374	HistoryCenter: synchronize 'EURGBP15'
0	13:46:53.420	HistoryCenter: 2 bars imported in 'EURGBP15'
0	13:46:53.967	HistoryCenter: synchronize 'EURGBP15'
0	13:46:54.926	HistoryCenter: 2 bars imported in 'EURGBP15'
0	13:46:56.017	HistoryCenter: synchronize 'EURGBP15'
0	13:46:56.737	HistoryCenter: 2 bars imported in 'EURGBP15'
0	13:46:57.844	HistoryCenter: synchronize 'EURGBP15'
0	13:46:58.594	HistoryCenter: 2 bars imported in 'EURGBP15'
0	13:46:59.165	HistoryCenter: synchronize 'EURGBP15'
0	13:46:59.878	HistoryCenter: 2 bars imported in 'EURGBP15'
0	13:47:01.005	HistoryCenter: synchronize 'EURGBP15'
0	13:47:01.775	HistoryCenter: 2 bars imported in 'EURGBP15'
0	13:47:02.884	HistoryCenter: synchronize 'EURGBP15'
0	13:47:03.790	HistoryCenter: 2 bars imported in 'EURGBP15'
0	13:47:04.883	HistoryCenter: synchronize 'EURGBP15'
0	13:47:05.711	HistoryCenter: 2 bars imported in 'EURGBP15'
2	13:47:38.586	Custom indicator fadedbckgrnd2__1 EURUSD,M5: removed
2	13:47:38.586	Custom indicator FixedChartScale EURUSD,M5: removed
2	13:47:38.601	Custom indicator Price Pro Value Chart Profissional - PT-BR EURUSD,M5: removed
2	13:47:38.601	Custom indicator fadedbckgrnd2__1 EURUSD,M5: loaded successfully
2	13:47:38.617	Custom indicator FixedChartScale EURUSD,M5: loaded successfully
2	13:47:38.711	Custom indicator Price Pro Value Chart Profissional - PT-BR EURUSD,M5: loaded successfully
0	13:47:39.498	HistoryCenter: synchronize 'EURUSD5'
0	13:47:40.433	HistoryCenter: 2 bars imported in 'EURUSD5'
0	13:47:41.591	HistoryCenter: synchronize 'EURUSD5'
0	13:47:42.716	HistoryCenter: 2 bars imported in 'EURUSD5'
0	13:48:03.817	HistoryCenter: synchronize 'EURUSD5'
0	13:48:04.752	HistoryCenter: 2 bars imported in 'EURUSD5'
0	13:48:05.339	HistoryCenter: synchronize 'EURUSD5'
0	13:48:06.065	HistoryCenter: 2 bars imported in 'EURUSD5'
0	13:48:06.612	HistoryCenter: synchronize 'EURUSD5'
0	13:48:07.360	HistoryCenter: 2 bars imported in 'EURUSD5'
0	13:48:13.978	HistoryCenter: synchronize 'EURUSD15'
0	13:48:14.712	HistoryCenter: 2 bars imported in 'EURUSD15'
0	13:48:15.820	HistoryCenter: synchronize 'EURUSD15'
0	13:48:16.542	HistoryCenter: 2 bars imported in 'EURUSD15'
0	13:48:17.104	HistoryCenter: synchronize 'EURUSD15'
0	13:48:17.831	HistoryCenter: 2 bars imported in 'EURUSD15'
0	13:48:18.933	HistoryCenter: synchronize 'EURUSD15'
0	13:48:20.234	HistoryCenter: 2 bars imported in 'EURUSD15'
2	13:48:20.484	Custom indicator fadedbckgrnd2__1 EURGBP,M15: removed
2	13:48:20.484	Custom indicator FixedChartScale EURGBP,M15: removed
2	13:48:20.500	Custom indicator Price Pro Value Chart Profissional - PT-BR EURGBP,M15: removed
2	13:48:20.500	Custom indicator fadedbckgrnd2__1 EURGBP,M15: loaded successfully
2	13:48:20.515	Custom indicator FixedChartScale EURGBP,M15: loaded successfully
2	13:48:20.609	Custom indicator Price Pro Value Chart Profissional - PT-BR EURGBP,M15: loaded successfully
0	13:48:21.359	HistoryCenter: synchronize 'EURUSD15'
0	13:48:22.328	HistoryCenter: 2 bars imported in 'EURUSD15'
0	13:48:22.328	HistoryCenter: synchronize 'EURGBP15'
0	13:48:23.070	HistoryCenter: 2 bars imported in 'EURGBP15'
0	13:48:23.631	HistoryCenter: synchronize 'EURUSD15'
0	13:48:24.350	HistoryCenter: 2 bars imported in 'EURUSD15'
0	13:48:24.350	HistoryCenter: synchronize 'EURGBP15'
0	13:48:25.100	HistoryCenter: 2 bars imported in 'EURGBP15'
0	13:48:26.745	HistoryCenter: synchronize 'EURGBP15'
2	13:48:28.806	Custom indicator fadedbckgrnd2__1 GBPUSD,M15: removed
2	13:48:28.806	Custom indicator FixedChartScale GBPUSD,M15: removed
2	13:48:28.806	Custom indicator Price Pro Value Chart Profissional - PT-BR GBPUSD,M15: removed
2	13:48:28.821	Custom indicator fadedbckgrnd2__1 GBPUSD,M15: loaded successfully
2	13:48:28.837	Custom indicator FixedChartScale GBPUSD,M15: loaded successfully
2	13:48:28.946	Custom indicator Price Pro Value Chart Profissional - PT-BR GBPUSD,M15: loaded successfully
0	13:48:29.056	HistoryCenter: 2 bars imported in 'EURGBP15'
0	13:48:30.165	HistoryCenter: synchronize 'EURGBP15'
0	13:48:32.149	HistoryCenter: 2 bars imported in 'EURGBP15'
0	13:48:32.149	HistoryCenter: synchronize 'GBPUSD15'
0	13:48:33.592	HistoryCenter: 2 bars imported in 'GBPUSD15'
0	13:48:33.592	HistoryCenter: synchronize 'EURGBP15'
0	13:48:34.476	HistoryCenter: 2 bars imported in 'EURGBP15'
0	13:48:36.164	HistoryCenter: synchronize 'EURGBP15'
0	13:48:36.899	HistoryCenter: 2 bars imported in 'EURGBP15'
0	13:48:38.011	HistoryCenter: synchronize 'EURGBP15'
0	13:48:38.699	HistoryCenter: 2 bars imported in 'EURGBP15'
0	13:48:39.261	HistoryCenter: synchronize 'EURGBP15'
0	13:48:40.010	HistoryCenter: 2 bars imported in 'EURGBP15'
2	13:48:48.924	Custom indicator fadedbckgrnd2__1 USDJPY,M15: loaded successfully
2	13:48:48.940	Custom indicator FixedChartScale USDJPY,M15: loaded successfully
2	13:48:49.034	Custom indicator Price Pro Value Chart Profissional - PT-BR USDJPY,M15: loaded successfully
0	13:48:49.362	HistoryCenter: synchronize 'USDJPY15'
0	13:48:50.635	HistoryCenter: 3659 bars imported in 'USDJPY15'
0	13:48:51.169	HistoryCenter: synchronize 'USDJPY15'
0	13:48:52.061	HistoryCenter: 2 bars imported in 'USDJPY15'
0	13:48:52.623	HistoryCenter: synchronize 'USDJPY15'
0	13:48:53.700	HistoryCenter: 2 bars imported in 'USDJPY15'
0	13:48:54.278	HistoryCenter: synchronize 'USDJPY15'
0	13:48:55.505	HistoryCenter: 2 bars imported in 'USDJPY15'
0	13:48:56.618	HistoryCenter: synchronize 'USDJPY15'
2	13:48:56.773	Custom indicator fadedbckgrnd2__1 AUDUSD,M15: loaded successfully
2	13:48:56.789	Custom indicator FixedChartScale AUDUSD,M15: loaded successfully
2	13:48:56.883	Custom indicator Price Pro Value Chart Profissional - PT-BR AUDUSD,M15: loaded successfully
0	13:48:57.367	HistoryCenter: 2 bars imported in 'USDJPY15'
0	13:48:57.367	HistoryCenter: synchronize 'AUDUSD15'
0	13:48:58.398	HistoryCenter: 2048 bars imported in 'AUDUSD15'
0	13:48:58.976	HistoryCenter: synchronize 'AUDUSD15'
0	13:48:59.695	HistoryCenter: 2 bars imported in 'AUDUSD15'
0	13:48:59.695	HistoryCenter: synchronize 'USDJPY15'
0	13:49:00.476	HistoryCenter: 2 bars imported in 'USDJPY15'
0	13:49:01.013	HistoryCenter: synchronize 'AUDUSD15'
0	13:49:01.782	HistoryCenter: 2 bars imported in 'AUDUSD15'
0	13:49:02.376	HistoryCenter: synchronize 'AUDUSD15'
0	13:49:03.290	HistoryCenter: 2 bars imported in 'AUDUSD15'
0	13:49:04.414	HistoryCenter: synchronize 'AUDUSD15'
0	13:49:05.467	HistoryCenter: 2 bars imported in 'AUDUSD15'
0	13:49:06.592	HistoryCenter: synchronize 'AUDUSD15'
0	13:49:07.327	HistoryCenter: 2 bars imported in 'AUDUSD15'
0	13:49:08.420	HistoryCenter: synchronize 'AUDUSD15'
2	13:49:08.857	Custom indicator fadedbckgrnd2__1 EURJPY,M15: loaded successfully
2	13:49:08.857	Custom indicator FixedChartScale EURJPY,M15: loaded successfully
2	13:49:08.966	Custom indicator Price Pro Value Chart Profissional - PT-BR EURJPY,M15: loaded successfully
0	13:49:09.139	HistoryCenter: 2 bars imported in 'AUDUSD15'
0	13:49:09.701	HistoryCenter: synchronize 'EURJPY15'
0	13:49:10.685	HistoryCenter: 2048 bars imported in 'EURJPY15'
0	13:49:10.685	HistoryCenter: synchronize 'AUDUSD15'
0	13:49:11.466	HistoryCenter: 2 bars imported in 'AUDUSD15'
0	13:49:12.028	HistoryCenter: synchronize 'EURJPY15'
0	13:49:13.113	HistoryCenter: 2 bars imported in 'EURJPY15'
0	13:49:14.244	HistoryCenter: synchronize 'EURJPY15'
0	13:49:15.054	HistoryCenter: 2 bars imported in 'EURJPY15'
0	13:49:15.617	HistoryCenter: synchronize 'EURJPY15'
0	13:49:16.631	HistoryCenter: 2 bars imported in 'EURJPY15'
0	13:49:17.198	HistoryCenter: synchronize 'EURJPY15'
0	13:49:17.905	HistoryCenter: 2 bars imported in 'EURJPY15'
0	13:49:18.452	HistoryCenter: synchronize 'EURJPY15'
0	13:49:19.198	HistoryCenter: 2 bars imported in 'EURJPY15'
2	13:49:24.393	Custom indicator fadedbckgrnd2__1 GBPJPY,M15: loaded successfully
2	13:49:24.409	Custom indicator FixedChartScale GBPJPY,M15: loaded successfully
2	13:49:24.503	Custom indicator Price Pro Value Chart Profissional - PT-BR GBPJPY,M15: loaded successfully
0	13:49:25.240	HistoryCenter: synchronize 'GBPJPY15'
0	13:49:27.665	HistoryCenter: 3421 bars imported in 'GBPJPY15'
0	13:49:28.212	HistoryCenter: synchronize 'GBPJPY15'
0	13:49:29.774	HistoryCenter: 2 bars imported in 'GBPJPY15'
0	13:49:30.860	HistoryCenter: synchronize 'GBPJPY15'
0	13:49:31.779	HistoryCenter: 2 bars imported in 'GBPJPY15'
0	13:49:32.885	HistoryCenter: synchronize 'GBPJPY15'
0	13:49:33.792	HistoryCenter: 2 bars imported in 'GBPJPY15'
2	13:49:38.929	Custom indicator fadedbckgrnd2__1 AUDJPY,M15: loaded successfully
2	13:49:38.945	Custom indicator FixedChartScale AUDJPY,M15: loaded successfully
2	13:49:39.070	Custom indicator Price Pro Value Chart Profissional - PT-BR AUDJPY,M15: loaded successfully
0	13:49:40.367	HistoryCenter: synchronize 'AUDJPY15'
0	13:49:42.675	HistoryCenter: 3421 bars imported in 'AUDJPY15'
0	13:49:43.269	HistoryCenter: synchronize 'AUDJPY15'
0	13:49:44.310	HistoryCenter: 2 bars imported in 'AUDJPY15'
0	13:49:45.399	HistoryCenter: synchronize 'AUDJPY15'
0	13:49:46.487	HistoryCenter: 2 bars imported in 'AUDJPY15'
2	13:49:52.346	Custom indicator fadedbckgrnd2__1 AUDCAD,M15: loaded successfully
2	13:49:52.362	Custom indicator FixedChartScale AUDCAD,M15: loaded successfully
2	13:49:52.455	Custom indicator Price Pro Value Chart Profissional - PT-BR AUDCAD,M15: loaded successfully
0	13:49:53.653	HistoryCenter: synchronize 'AUDCAD15'
0	13:49:56.104	HistoryCenter: 2048 bars imported in 'AUDCAD15'
0	13:49:56.665	HistoryCenter: synchronize 'AUDCAD15'
0	13:49:59.038	HistoryCenter: 2 bars imported in 'AUDCAD15'
0	13:50:00.151	HistoryCenter: synchronize 'AUDCAD15'
0	13:50:01.784	HistoryCenter: 2 bars imported in 'AUDCAD15'
0	13:50:02.893	HistoryCenter: synchronize 'AUDCAD15'
0	13:50:03.929	HistoryCenter: 2 bars imported in 'AUDCAD15'
0	13:50:05.043	HistoryCenter: synchronize 'AUDCAD15'
0	13:50:06.496	HistoryCenter: 2 bars imported in 'AUDCAD15'
0	13:50:07.058	HistoryCenter: synchronize 'AUDCAD15'
0	13:50:08.724	HistoryCenter: 2 bars imported in 'AUDCAD15'
0	14:00:05.841	HistoryCenter: synchronize 'AUDJPY15'
0	14:00:07.318	HistoryCenter: 2 bars imported in 'AUDJPY15'
0	14:00:08.411	HistoryCenter: synchronize 'USDJPY15'
0	14:00:09.958	HistoryCenter: 2 bars imported in 'USDJPY15'
0	14:00:09.958	HistoryCenter: synchronize 'AUDCAD15'
0	14:00:11.123	HistoryCenter: 2 bars imported in 'AUDCAD15'
0	14:00:13.872	HistoryCenter: synchronize 'GBPJPY15'
0	14:00:15.091	HistoryCenter: 2 bars imported in 'GBPJPY15'
0	14:00:17.285	HistoryCenter: synchronize 'EURUSD15'
0	14:00:19.057	HistoryCenter: 2 bars imported in 'EURUSD15'
0	14:00:21.259	HistoryCenter: synchronize 'EURGBP15'
0	14:00:21.978	HistoryCenter: 2 bars imported in 'EURGBP15'
0	14:00:22.525	HistoryCenter: synchronize 'AUDUSD15'
0	14:00:23.243	HistoryCenter: 2 bars imported in 'AUDUSD15'
0	14:00:23.790	HistoryCenter: synchronize 'AUDCAD15'
0	14:00:24.506	HistoryCenter: 2 bars imported in 'AUDCAD15'
0	14:00:24.506	HistoryCenter: synchronize 'AUDJPY15'
0	14:00:25.240	HistoryCenter: 2 bars imported in 'AUDJPY15'
0	14:00:25.240	HistoryCenter: synchronize 'GBPJPY15'
0	14:00:26.007	HistoryCenter: 2 bars imported in 'GBPJPY15'
0	14:00:26.007	HistoryCenter: synchronize 'EURJPY15'
0	14:00:26.774	HistoryCenter: 2 bars imported in 'EURJPY15'
0	14:00:26.774	HistoryCenter: synchronize 'AUDJPY15'
0	14:00:27.540	HistoryCenter: 2 bars imported in 'AUDJPY15'
0	14:00:27.540	HistoryCenter: synchronize 'GBPJPY15'
0	14:00:28.243	HistoryCenter: 2 bars imported in 'GBPJPY15'
0	14:00:28.243	HistoryCenter: synchronize 'AUDUSD15'
0	14:00:28.973	HistoryCenter: 2 bars imported in 'AUDUSD15'
0	14:00:28.973	HistoryCenter: synchronize 'USDJPY15'
0	14:00:29.739	HistoryCenter: 2 bars imported in 'USDJPY15'
0	14:00:29.739	HistoryCenter: synchronize 'AUDUSD15'
0	14:00:30.504	HistoryCenter: 2 bars imported in 'AUDUSD15'
0	14:00:30.504	HistoryCenter: synchronize 'EURUSD15'
0	14:00:31.239	HistoryCenter: 2 bars imported in 'EURUSD15'
0	14:00:31.239	HistoryCenter: synchronize 'AUDUSD15'
0	14:00:31.958	HistoryCenter: 2 bars imported in 'AUDUSD15'
0	14:00:31.958	HistoryCenter: synchronize 'EURGBP15'
0	14:00:32.682	HistoryCenter: 2 bars imported in 'EURGBP15'
0	14:00:33.229	HistoryCenter: synchronize 'AUDCAD15'
0	14:00:34.010	HistoryCenter: 2 bars imported in 'AUDCAD15'
0	14:00:34.010	HistoryCenter: synchronize 'AUDJPY15'
0	14:00:34.788	HistoryCenter: 2 bars imported in 'AUDJPY15'
2	14:01:46.180	Custom indicator fadedbckgrnd2__1 AUDCAD,M15: removed
2	14:01:46.180	Custom indicator FixedChartScale AUDCAD,M15: removed
2	14:01:46.195	Custom indicator Price Pro Value Chart Profissional - PT-BR AUDCAD,M15: removed
2	14:01:51.499	Custom indicator fadedbckgrnd2__1 AUDJPY,M15: removed
2	14:01:51.499	Custom indicator FixedChartScale AUDJPY,M15: removed
2	14:01:51.515	Custom indicator Price Pro Value Chart Profissional - PT-BR AUDJPY,M15: removed
2	14:02:14.802	Custom indicator fadedbckgrnd2__1 USDJPY,M15: removed
2	14:02:14.802	Custom indicator FixedChartScale USDJPY,M15: removed
2	14:02:14.818	Custom indicator Price Pro Value Chart Profissional - PT-BR USDJPY,M15: removed
0	15:00:02.507	HistoryCenter: synchronize 'EURUSD15'
0	15:00:06.349	HistoryCenter: 2 bars imported in 'EURUSD15'
0	15:00:06.349	HistoryCenter: synchronize 'EURGBP15'
1	15:00:12.348	HistoryCenter: '15069840' cannot login to: Alpari-Demo
0	15:00:17.852	HistoryCenter: synchronize 'AUDUSD15'
0	15:00:24.725	HistoryCenter: 2 bars imported in 'AUDUSD15'
0	15:00:24.725	HistoryCenter: synchronize 'EURGBP15'
0	15:00:32.052	HistoryCenter: 2 bars imported in 'EURGBP15'
0	15:00:32.052	HistoryCenter: synchronize 'EURJPY15'
1	15:00:36.457	HistoryCenter: '15069840' cannot login to: Alpari-Demo
0	15:00:41.987	HistoryCenter: synchronize 'AUDUSD15'
1	15:00:48.017	HistoryCenter: '15069840' cannot login to: Alpari-Demo
0	15:00:53.546	HistoryCenter: synchronize 'AUDUSD15'
1	15:00:58.218	HistoryCenter: '15069840' cannot login to: Alpari-Demo
0	15:01:03.732	HistoryCenter: synchronize 'AUDUSD15'
1	15:01:09.011	HistoryCenter: '15069840' cannot login to: Alpari-Demo
0	15:01:14.542	HistoryCenter: synchronize 'EURUSD15'
1	15:01:18.009	HistoryCenter: '15069840' cannot login to: Alpari-Demo
0	15:01:23.539	HistoryCenter: synchronize 'EURUSD15'
1	15:01:28.523	HistoryCenter: '15069840' cannot login to: Alpari-Demo
0	15:01:34.068	HistoryCenter: synchronize 'EURGBP15'
0	15:01:36.567	HistoryCenter: 2 bars imported in 'EURGBP15'
0	15:01:36.567	HistoryCenter: synchronize 'GBPUSD15'
0	15:01:38.505	HistoryCenter: 2 bars imported in 'GBPUSD15'
0	15:01:39.052	HistoryCenter: synchronize 'GBPJPY15'
0	15:01:40.879	HistoryCenter: 2 bars imported in 'GBPJPY15'
0	15:01:40.879	HistoryCenter: synchronize 'EURJPY15'
0	15:01:42.956	HistoryCenter: 2 bars imported in 'EURJPY15'
0	15:01:42.956	HistoryCenter: synchronize 'AUDUSD15'
0	15:01:43.987	HistoryCenter: 2 bars imported in 'AUDUSD15'
0	15:01:43.987	HistoryCenter: synchronize 'EURUSD15'
0	15:01:45.659	HistoryCenter: 2 bars imported in 'EURUSD15'
2	15:28:45.427	Custom indicator fadedbckgrnd2__1 EURUSD,M15: removed
2	15:28:45.428	Custom indicator FixedChartScale EURUSD,M15: removed
2	15:28:45.428	Custom indicator Price Pro Value Chart Profissional - PT-BR EURUSD,M15: removed
2	15:28:45.444	Custom indicator fadedbckgrnd2__1 EURGBP,M15: removed
2	15:28:45.444	Custom indicator FixedChartScale EURGBP,M15: removed
2	15:28:45.459	Custom indicator Price Pro Value Chart Profissional - PT-BR EURGBP,M15: removed
2	15:28:45.459	Custom indicator fadedbckgrnd2__1 GBPUSD,M15: removed
2	15:28:45.459	Custom indicator FixedChartScale GBPUSD,M15: removed
2	15:28:45.475	Custom indicator Price Pro Value Chart Profissional - PT-BR GBPUSD,M15: removed
2	15:28:45.491	Custom indicator fadedbckgrnd2__1 AUDUSD,M15: removed
2	15:28:45.491	Custom indicator FixedChartScale AUDUSD,M15: removed
2	15:28:45.506	Custom indicator Price Pro Value Chart Profissional - PT-BR AUDUSD,M15: removed
2	15:28:45.506	Custom indicator fadedbckgrnd2__1 EURJPY,M15: removed
2	15:28:45.522	Custom indicator FixedChartScale EURJPY,M15: removed
2	15:28:45.522	Custom indicator Price Pro Value Chart Profissional - PT-BR EURJPY,M15: removed
2	15:28:45.538	Custom indicator fadedbckgrnd2__1 GBPJPY,M15: removed
2	15:28:45.538	Custom indicator FixedChartScale GBPJPY,M15: removed
2	15:28:45.553	Custom indicator Price Pro Value Chart Profissional - PT-BR GBPJPY,M15: removed
0	15:28:45.756	Alpari MT4 build 1359 stopped
