2	07:11:42.246	Custom indicator DOT-ITM-RACHAM EURGBP,M5: loaded successfully
2	07:16:14.647	Custom indicator DOT-ITM-RACHAM EURUSD,M5: loaded successfully
2	07:16:33.286	Custom indicator $_NVC Light_new EURUSD,M5: loaded successfully
0	07:16:34.600	HistoryCenter: synchronize 'EURUSD5'
0	07:16:35.814	HistoryCenter: 2684 bars imported in 'EURUSD5'
2	07:17:30.991	Custom indicator $_NVC Light_new EURGBP,M5: loaded successfully
0	07:17:32.226	HistoryCenter: synchronize 'EURGBP5'
0	07:17:32.938	HistoryCenter: 2 bars imported in 'EURGBP5'
0	07:18:56.902	HistoryCenter: synchronize 'EURGBP1'
0	07:18:58.093	HistoryCenter: 4286 bars imported in 'EURGBP1'
0	07:22:35.266	HistoryCenter: synchronize 'EURUSD1'
0	07:22:36.493	HistoryCenter: 4941 bars imported in 'EURUSD1'
2	07:22:53.231	Custom indicator $_NVC Light_new EURUSD,M1: removed
2	07:23:03.133	Custom indicator Price Pro Value Chart Premium 8 EURUSD,M1: loaded successfully
0	07:23:04.672	HistoryCenter: synchronize 'EURUSD1'
0	07:23:05.373	HistoryCenter: 2 bars imported in 'EURUSD1'
2	07:23:13.207	Custom indicator Price Pro Value Chart Premium 8 EURUSD,M1: removed
2	07:23:18.662	Custom indicator Price Pro Value Chart Premium 12-8 Mantem Pre Alerta EURUSD,M1: loaded successfully
0	07:23:20.179	HistoryCenter: synchronize 'EURUSD1'
0	07:23:20.933	HistoryCenter: 2 bars imported in 'EURUSD1'
2	07:23:32.980	Custom indicator Price Pro Value Chart Premium 12-8 Mantem Pre Alerta EURUSD,M1: removed
2	07:23:34.917	Custom indicator Price Pro Value Chart Premium - 9 Mantem Pre Alerta EURUSD,M1: loaded successfully
0	07:23:36.331	HistoryCenter: synchronize 'EURUSD1'
0	07:23:37.001	HistoryCenter: 2 bars imported in 'EURUSD1'
2	07:23:43.606	Custom indicator Price Pro Value Chart Premium - 9 Mantem Pre Alerta EURUSD,M1: removed
2	07:24:12.477	Custom indicator rafa super2 EURUSD,M1: loaded successfully
2	07:24:16.922	Custom indicator rafa super2 EURUSD,M1: removed
2	07:24:21.301	Custom indicator rafa trend binary EURUSD,M1: loaded successfully
2	07:24:28.420	Custom indicator rafa trend binary EURUSD,M1: removed
2	07:24:32.933	Custom indicator 2 Binary Kikos EURUSD,M1: loaded successfully
2	07:27:56.160	Custom indicator DOT-ITM-RACHAM EURUSD,M1: removed
2	07:27:58.409	Custom indicator Price Pro Combiner Premium GBPUSD,M5: removed
2	07:27:58.410	Custom indicator FixedChartScale GBPUSD,M5: removed
2	07:27:58.411	Custom indicator GOLDX01 GBPUSD,M5: removed
2	07:28:00.670	Custom indicator Price Pro Combiner Premium EURGBP,M1: removed
2	07:28:00.672	Custom indicator FixedChartScale EURGBP,M1: removed
2	07:28:00.673	Custom indicator GOLDX01 EURGBP,M1: removed
2	07:28:00.674	Custom indicator DOT-ITM-RACHAM EURGBP,M1: removed
2	07:28:00.675	Custom indicator $_NVC Light_new EURGBP,M1: removed
2	07:28:04.811	Custom indicator Price Pro Combiner Premium EURUSD,M1: removed
2	07:28:04.812	Custom indicator FixedChartScale EURUSD,M1: removed
2	07:28:04.814	Custom indicator 2 Binary Kikos EURUSD,M1: removed
2	07:28:04.815	Custom indicator GOLDX01 EURUSD,M1: removed
2	07:28:04.830	Custom indicator Price Pro Combiner Premium EURUSD,M1: loaded successfully
2	07:28:04.839	Custom indicator FixedChartScale EURUSD,M1: loaded successfully
2	07:28:04.846	Custom indicator GOLDX01 EURUSD,M1: loaded successfully
2	07:28:08.257	Custom indicator Price Pro Combiner Premium EURUSD,M1: removed
2	07:28:08.259	Custom indicator FixedChartScale EURUSD,M1: removed
2	07:28:08.260	Custom indicator GOLDX01 EURUSD,M1: removed
2	07:28:08.275	Custom indicator Price Pro Combiner Premium EURUSD,M1: loaded successfully
2	07:28:08.284	Custom indicator FixedChartScale EURUSD,M1: loaded successfully
2	07:28:08.293	Custom indicator GOLDX01 EURUSD,M1: loaded successfully
2	07:28:08.301	Custom indicator GOLDX02 EURUSD,M1: loaded successfully
2	07:28:11.430	Custom indicator GOLDX02 EURUSD,M1: removed
2	07:28:18.818	Custom indicator Price Pro Combiner Premium EURUSD,M1: removed
2	07:28:18.820	Custom indicator FixedChartScale EURUSD,M1: removed
2	07:28:18.821	Custom indicator GOLDX01 EURUSD,M1: removed
2	07:28:18.836	Custom indicator Price Pro Combiner Premium EURUSD,M1: loaded successfully
2	07:28:18.845	Custom indicator FixedChartScale EURUSD,M1: loaded successfully
2	07:28:18.855	Custom indicator GOLDX01 EURUSD,M1: loaded successfully
2	07:28:18.863	Custom indicator GOLDX02 EURUSD,M1: loaded successfully
2	07:37:29.876	Custom indicator Bob03 EURUSD,M1: loaded successfully
2	07:37:39.228	Custom indicator GOLDX02 EURUSD,M1: removed
2	07:37:41.276	Custom indicator FixedChartScale EURUSD,M1: removed
2	07:42:24.332	Custom indicator DOT-ITM-RACHAM EURUSD,M1: loaded successfully
2	07:42:29.279	Custom indicator GOLDX01 EURUSD,M1: removed
2	07:42:36.238	Custom indicator Price Pro Combiner Premium EURUSD,M1: removed
2	07:42:51.573	Custom indicator $_NVC Light_new EURUSD,M1: loaded successfully
0	07:42:52.684	HistoryCenter: synchronize 'EURUSD1'
0	07:42:53.369	HistoryCenter: 2 bars imported in 'EURUSD1'
2	07:44:47.631	Custom indicator $_NVC Light_new EURUSD,M1: removed
2	07:45:27.485	Custom indicator DOT-ITM-RACHAM EURUSD,M1: removed
2	07:47:40.635	Custom indicator DOT-ITM-RACHAM EURUSD,M1: loaded successfully
2	07:54:33.294	Custom indicator DOT-ITM-RACHAM EURUSD,M1: removed
2	07:58:16.786	Custom indicator Bob03 EURUSD,M1: removed
2	07:58:21.175	Custom indicator iclock_mod1 EURUSD,M1: loaded successfully
2	07:58:32.804	Custom indicator Bob05 EURUSD,M1: loaded successfully
2	08:01:01.333	Custom indicator Bob05 EURUSD,M1: removed
2	08:01:08.458	Custom indicator Bob03 EURUSD,M1: loaded successfully
2	08:13:47.338	Custom indicator GOLDX01 EURUSD,M1: loaded successfully
2	08:14:38.220	Custom indicator GOLDX01 EURUSD,M1: removed
2	08:18:00.708	Custom indicator Bob03 EURUSD,M1: removed
2	08:18:01.572	Custom indicator Bob03 EURUSD,M1: loaded successfully
2	08:18:03.809	Custom indicator Bob04 EURUSD,M1: loaded successfully
2	08:18:05.812	Custom indicator Bob05 EURUSD,M1: loaded successfully
2	08:20:14.663	Custom indicator Bob04 EURUSD,M1: removed
2	08:20:20.841	Custom indicator Thor Rs1 EURUSD,M1: loaded successfully
2	08:28:30.339	Custom indicator Bob03 EURUSD,M1: removed
2	08:28:31.987	Custom indicator Bob05 EURUSD,M1: removed
2	08:29:46.855	Custom indicator Price Pro Combiner Premium EURUSD,M1: loaded successfully
2	08:35:40.280	Custom indicator Bob03 EURUSD,M1: loaded successfully
2	09:20:34.790	Custom indicator iclock_mod1 EURUSD,M1: removed
2	09:20:34.792	Custom indicator Price Pro Combiner Premium EURUSD,M1: removed
2	09:20:34.793	Custom indicator Thor Rs1 EURUSD,M1: removed
2	09:20:34.794	Custom indicator Bob03 EURUSD,M1: removed
2	09:20:34.800	Custom indicator iclock_mod1 EURUSD,M1: loaded successfully
2	09:20:41.128	Custom indicator DiamanteIA Pro  TELEGRAM@INDICADORESGRATIS EURUSD,M1: loaded successfully
2	09:27:29.703	Custom indicator iclock_mod1 EURUSD,M1: removed
2	17:39:16.228	Custom indicator DiamanteIA Pro  TELEGRAM@INDICADORESGRATIS EURUSD,M5: removed
0	17:39:16.438	Alpari MT4 build 1359 stopped
