0	06:41:22.596	Alpari MT4 build 1359 started (Alpari International)
0	06:41:22.597	Windows 10 Pro x64, IE 11, UAC, 8 x Intel Core i7-7700HQ  @ 2.80GHz, Memory: 13164 / 16267 Mb, Disk: 391 / 476 Gb, GMT-3
0	06:41:22.597	Data Folder: C:\Users\Administrator\AppData\Roaming\MetaQuotes\Terminal\287469DEA9630EA94D0715D755974F1B
2	06:41:24.442	Custom indicator iclock_mod1 EURUSD,M5: loaded successfully
2	06:41:24.452	Custom indicator fadedbckgrnd2__1 EURUSD,M5: loaded successfully
2	06:41:24.461	Custom indicator FixedChartScale EURUSD,M5: loaded successfully
2	06:41:24.582	Custom indicator Price Pro Value Chart Profissional - PT-BR EURUSD,M5: loaded successfully
2	06:41:24.818	Custom indicator Price Pro Value Chart Profissional - PT-BR EURUSD,M5: removed
2	06:41:24.852	Custom indicator iclock_mod1 GBPUSD,M5: loaded successfully
2	06:41:24.861	Custom indicator fadedbckgrnd2__1 GBPUSD,M5: loaded successfully
2	06:41:24.870	Custom indicator FixedChartScale GBPUSD,M5: loaded successfully
2	06:41:24.982	Custom indicator Price Pro Value Chart Profissional - PT-BR GBPUSD,M5: loaded successfully
2	06:41:25.193	Custom indicator Price Pro Value Chart Profissional - PT-BR GBPUSD,M5: removed
2	06:41:25.226	Custom indicator iclock_mod1 GBPJPY,M5: loaded successfully
2	06:41:25.234	Custom indicator fadedbckgrnd2__1 GBPJPY,M5: loaded successfully
2	06:41:25.244	Custom indicator FixedChartScale GBPJPY,M5: loaded successfully
2	06:41:25.356	Custom indicator Price Pro Value Chart Profissional - PT-BR GBPJPY,M5: loaded successfully
2	06:41:25.569	Custom indicator Price Pro Value Chart Profissional - PT-BR GBPJPY,M5: removed
2	06:41:25.603	Custom indicator iclock_mod1 AUDJPY,M5: loaded successfully
2	06:41:25.611	Custom indicator fadedbckgrnd2__1 AUDJPY,M5: loaded successfully
2	06:41:25.620	Custom indicator FixedChartScale AUDJPY,M5: loaded successfully
2	06:41:25.722	Custom indicator Price Pro Value Chart Profissional - PT-BR AUDJPY,M5: loaded successfully
2	06:41:25.936	Custom indicator Price Pro Value Chart Profissional - PT-BR AUDJPY,M5: removed
0	06:41:26.226	HistoryCenter: synchronize 'EURUSD5'
0	06:41:27.758	'15069840': login on Alpari-Demo through Demo.Europe.9:1119 (ping: 259.72 ms)
0	06:41:28.137	HistoryCenter: 164 bars imported in 'EURUSD5'
0	06:41:28.137	HistoryCenter: synchronize 'GBPJPY5'
0	06:41:29.678	HistoryCenter: 164 bars imported in 'GBPJPY5'
0	06:41:29.678	HistoryCenter: synchronize 'GBPUSD5'
0	06:41:31.185	HistoryCenter: 164 bars imported in 'GBPUSD5'
0	06:41:31.733	HistoryCenter: synchronize 'AUDJPY5'
0	06:41:31.887	'15069840': login datacenter on Alpari-Demo through Demo.Europe.9:1119 (ping: 259.72 ms)
0	06:41:33.582	'15069840': previous successful authorization performed from 177.13.220.164
0	06:41:34.363	HistoryCenter: 164 bars imported in 'AUDJPY5'
2	06:42:04.055	Custom indicator iclock_mod1 AUDJPY,M5: removed
2	06:42:04.056	Custom indicator fadedbckgrnd2__1 AUDJPY,M5: removed
2	06:42:04.058	Custom indicator FixedChartScale AUDJPY,M5: removed
2	06:42:16.057	Custom indicator iclock_mod1 USDJPY,M5: removed
2	06:42:16.059	Custom indicator fadedbckgrnd2__1 USDJPY,M5: removed
2	06:42:16.060	Custom indicator FixedChartScale USDJPY,M5: removed
2	06:42:16.070	Custom indicator iclock_mod1 USDJPY,M5: loaded successfully
2	06:42:16.071	Custom indicator fadedbckgrnd2__1 USDJPY,M5: loaded successfully
2	06:42:16.071	Custom indicator FixedChartScale USDJPY,M5: loaded successfully
2	06:42:16.181	Custom indicator Price Pro Value Chart Profissional - PT-BR USDJPY,M5: loaded successfully
0	06:42:16.540	HistoryCenter: synchronize 'USDJPY5'
0	06:42:17.290	HistoryCenter: 2 bars imported in 'USDJPY5'
0	06:42:18.428	HistoryCenter: synchronize 'USDJPY5'
0	06:42:19.131	'15069840': ping to current access point Demo.Europe.9:1119 is 254.92 ms
0	06:42:19.194	HistoryCenter: 2 bars imported in 'USDJPY5'
0	06:42:19.750	HistoryCenter: synchronize 'USDJPY5'
0	06:42:20.472	HistoryCenter: 2 bars imported in 'USDJPY5'
2	06:42:22.791	Custom indicator iclock_mod1 GBPUSD,M5: removed
2	06:42:22.806	Custom indicator fadedbckgrnd2__1 GBPUSD,M5: removed
2	06:42:22.806	Custom indicator FixedChartScale GBPUSD,M5: removed
2	06:42:22.806	Custom indicator iclock_mod1 GBPUSD,M5: loaded successfully
2	06:42:22.822	Custom indicator fadedbckgrnd2__1 GBPUSD,M5: loaded successfully
2	06:42:22.822	Custom indicator FixedChartScale GBPUSD,M5: loaded successfully
2	06:42:22.933	Custom indicator Price Pro Value Chart Profissional - PT-BR GBPUSD,M5: loaded successfully
0	06:42:23.761	HistoryCenter: synchronize 'GBPUSD5'
0	06:42:24.480	HistoryCenter: 2 bars imported in 'GBPUSD5'
0	06:42:25.019	HistoryCenter: synchronize 'GBPUSD5'
0	06:42:25.754	HistoryCenter: 2 bars imported in 'GBPUSD5'
0	06:42:26.312	HistoryCenter: synchronize 'GBPUSD5'
0	06:42:27.111	HistoryCenter: 2 bars imported in 'GBPUSD5'
0	06:42:27.678	HistoryCenter: synchronize 'GBPUSD5'
0	06:42:28.415	HistoryCenter: 2 bars imported in 'GBPUSD5'
0	06:42:29.544	HistoryCenter: synchronize 'GBPUSD5'
0	06:42:30.287	HistoryCenter: 2 bars imported in 'GBPUSD5'
0	06:42:31.390	HistoryCenter: synchronize 'GBPUSD5'
0	06:42:32.233	HistoryCenter: 2 bars imported in 'GBPUSD5'
0	06:42:33.332	HistoryCenter: synchronize 'GBPUSD5'
0	06:42:34.066	HistoryCenter: 2 bars imported in 'GBPUSD5'
0	06:42:34.626	HistoryCenter: synchronize 'GBPUSD5'
0	06:42:35.347	HistoryCenter: 2 bars imported in 'GBPUSD5'
2	06:43:01.686	Custom indicator iclock_mod1 EURUSD,M5: removed
2	06:43:01.686	Custom indicator fadedbckgrnd2__1 EURUSD,M5: removed
2	06:43:01.686	Custom indicator FixedChartScale EURUSD,M5: removed
2	06:43:01.701	Custom indicator iclock_mod1 EURUSD,M5: loaded successfully
2	06:43:01.716	Custom indicator fadedbckgrnd2__1 EURUSD,M5: loaded successfully
2	06:43:01.716	Custom indicator FixedChartScale EURUSD,M5: loaded successfully
2	06:43:01.810	Custom indicator Price Pro Value Chart Profissional - PT-BR EURUSD,M5: loaded successfully
0	06:43:02.107	HistoryCenter: synchronize 'EURUSD5'
0	06:43:02.842	HistoryCenter: 2 bars imported in 'EURUSD5'
0	06:43:03.951	HistoryCenter: synchronize 'EURUSD5'
0	06:43:04.669	HistoryCenter: 2 bars imported in 'EURUSD5'
0	06:43:05.231	HistoryCenter: synchronize 'EURUSD5'
0	06:43:05.934	HistoryCenter: 2 bars imported in 'EURUSD5'
0	06:43:06.513	HistoryCenter: synchronize 'EURUSD5'
0	06:43:07.247	HistoryCenter: 2 bars imported in 'EURUSD5'
0	06:43:08.340	HistoryCenter: synchronize 'EURUSD5'
0	06:43:09.340	HistoryCenter: 2 bars imported in 'EURUSD5'
0	06:43:10.434	HistoryCenter: synchronize 'EURUSD5'
0	06:43:11.167	HistoryCenter: 2 bars imported in 'EURUSD5'
0	06:43:12.277	HistoryCenter: synchronize 'EURUSD5'
0	06:43:13.011	HistoryCenter: 2 bars imported in 'EURUSD5'
0	06:43:14.120	HistoryCenter: synchronize 'EURUSD5'
0	06:43:14.886	HistoryCenter: 2 bars imported in 'EURUSD5'
0	06:43:15.447	HistoryCenter: synchronize 'EURUSD5'
0	06:43:16.713	HistoryCenter: 2 bars imported in 'EURUSD5'
0	06:43:17.259	HistoryCenter: synchronize 'EURUSD5'
0	06:43:18.009	HistoryCenter: 2 bars imported in 'EURUSD5'
0	06:43:19.103	HistoryCenter: synchronize 'EURUSD5'
0	06:43:19.853	HistoryCenter: 2 bars imported in 'EURUSD5'
2	06:43:51.986	Custom indicator iclock_mod1 GBPUSD,M5: removed
2	06:43:51.986	Custom indicator fadedbckgrnd2__1 GBPUSD,M5: removed
2	06:43:51.986	Custom indicator FixedChartScale GBPUSD,M5: removed
2	06:43:52.001	Custom indicator Price Pro Value Chart Profissional - PT-BR GBPUSD,M5: removed
2	06:43:52.017	Custom indicator iclock_mod1 GBPUSD,M5: loaded successfully
2	06:43:52.017	Custom indicator fadedbckgrnd2__1 GBPUSD,M5: loaded successfully
2	06:43:52.032	Custom indicator FixedChartScale GBPUSD,M5: loaded successfully
2	06:43:52.126	Custom indicator Price Pro Value Chart Profissional - PT-BR GBPUSD,M5: loaded successfully
0	06:43:52.434	HistoryCenter: synchronize 'GBPUSD5'
0	06:43:53.168	HistoryCenter: 2 bars imported in 'GBPUSD5'
0	06:43:54.260	HistoryCenter: synchronize 'GBPUSD5'
0	06:43:55.010	HistoryCenter: 2 bars imported in 'GBPUSD5'
0	06:43:55.572	HistoryCenter: synchronize 'GBPUSD5'
0	06:43:56.306	HistoryCenter: 2 bars imported in 'GBPUSD5'
0	06:43:56.853	HistoryCenter: synchronize 'GBPUSD5'
0	06:43:57.634	HistoryCenter: 2 bars imported in 'GBPUSD5'
0	06:43:58.758	HistoryCenter: synchronize 'GBPUSD5'
0	06:43:59.524	HistoryCenter: 2 bars imported in 'GBPUSD5'
0	06:44:00.649	HistoryCenter: synchronize 'GBPUSD5'
0	06:44:01.383	HistoryCenter: 2 bars imported in 'GBPUSD5'
2	06:44:12.630	Custom indicator iclock_mod1 USDJPY,M5: removed
2	06:44:12.630	Custom indicator fadedbckgrnd2__1 USDJPY,M5: removed
2	06:44:12.646	Custom indicator FixedChartScale USDJPY,M5: removed
2	06:44:12.646	Custom indicator Price Pro Value Chart Profissional - PT-BR USDJPY,M5: removed
2	06:44:12.661	Custom indicator iclock_mod1 USDJPY,M5: loaded successfully
2	06:44:12.661	Custom indicator fadedbckgrnd2__1 USDJPY,M5: loaded successfully
2	06:44:12.677	Custom indicator FixedChartScale USDJPY,M5: loaded successfully
2	06:44:12.786	Custom indicator Price Pro Value Chart Profissional - PT-BR USDJPY,M5: loaded successfully
0	06:44:13.490	HistoryCenter: synchronize 'USDJPY5'
0	06:44:14.334	HistoryCenter: 2 bars imported in 'USDJPY5'
0	06:44:14.892	HistoryCenter: synchronize 'USDJPY5'
0	06:44:15.913	HistoryCenter: 2 bars imported in 'USDJPY5'
0	06:44:16.447	HistoryCenter: synchronize 'USDJPY5'
0	06:44:17.385	HistoryCenter: 2 bars imported in 'USDJPY5'
2	15:47:18.610	Custom indicator iclock_mod1 USDJPY,M5: removed
2	15:47:18.610	Custom indicator fadedbckgrnd2__1 USDJPY,M5: removed
2	15:47:18.610	Custom indicator FixedChartScale USDJPY,M5: removed
2	15:47:18.626	Custom indicator Price Pro Value Chart Profissional - PT-BR USDJPY,M5: removed
2	16:06:13.333	Custom indicator iclock_mod1 EURUSD,M5: removed
2	16:06:13.336	Custom indicator fadedbckgrnd2__1 EURUSD,M5: removed
2	16:06:13.338	Custom indicator FixedChartScale EURUSD,M5: removed
2	16:06:13.366	Custom indicator Price Pro Value Chart Profissional - PT-BR EURUSD,M5: removed
2	16:06:13.372	Custom indicator iclock_mod1 GBPUSD,M5: removed
2	16:06:13.372	Custom indicator fadedbckgrnd2__1 GBPUSD,M5: removed
2	16:06:13.372	Custom indicator FixedChartScale GBPUSD,M5: removed
2	16:06:13.388	Custom indicator Price Pro Value Chart Profissional - PT-BR GBPUSD,M5: removed
0	16:06:13.886	Alpari MT4 build 1359 stopped
0	18:32:39.177	Alpari MT4 build 1359 started (Alpari International)
0	18:32:39.177	Windows 10 Pro x64, IE 11, UAC, 8 x Intel Core i7-7700HQ  @ 2.80GHz, Memory: 12730 / 16267 Mb, Disk: 392 / 476 Gb, GMT-3
0	18:32:39.177	Data Folder: C:\Users\Administrator\AppData\Roaming\MetaQuotes\Terminal\287469DEA9630EA94D0715D755974F1B
2	18:32:40.358	Custom indicator iclock_mod1 EURUSD,M5: loaded successfully
2	18:32:40.366	Custom indicator fadedbckgrnd2__1 EURUSD,M5: loaded successfully
2	18:32:40.375	Custom indicator FixedChartScale EURUSD,M5: loaded successfully
2	18:32:40.482	Custom indicator Price Pro Value Chart Profissional - PT-BR EURUSD,M5: loaded successfully
2	18:32:40.683	Custom indicator Price Pro Value Chart Profissional - PT-BR EURUSD,M5: removed
2	18:32:40.704	Custom indicator iclock_mod1 GBPUSD,M5: loaded successfully
2	18:32:40.713	Custom indicator fadedbckgrnd2__1 GBPUSD,M5: loaded successfully
2	18:32:40.721	Custom indicator FixedChartScale GBPUSD,M5: loaded successfully
2	18:32:40.825	Custom indicator Price Pro Value Chart Profissional - PT-BR GBPUSD,M5: loaded successfully
2	18:32:41.014	Custom indicator Price Pro Value Chart Profissional - PT-BR GBPUSD,M5: removed
0	18:32:41.196	HistoryCenter: synchronize 'EURUSD5'
0	18:32:42.070	'15069840': login on Alpari-Demo through Demo.Europe.9:1119 (ping: 254.92 ms)
0	18:32:42.101	HistoryCenter: 30 bars imported in 'EURUSD5'
0	18:32:42.646	HistoryCenter: synchronize 'GBPUSD5'
0	18:32:43.615	HistoryCenter: 30 bars imported in 'GBPUSD5'
0	18:32:44.334	'15069840': login datacenter on Alpari-Demo through Demo.Europe.9:1119 (ping: 254.92 ms)
0	18:32:44.984	'15069840': previous successful authorization performed from 177.13.216.19
2	18:33:31.715	Custom indicator iclock_mod1 EURUSD,M5: removed
2	18:33:31.717	Custom indicator fadedbckgrnd2__1 EURUSD,M5: removed
2	18:33:31.718	Custom indicator FixedChartScale EURUSD,M5: removed
2	18:33:31.728	Custom indicator iclock_mod1 EURUSD,M5: loaded successfully
0	18:33:33.356	'15069840': ping to current access point Demo.Europe.9:1119 is 253.80 ms
2	18:33:40.594	Custom indicator RCS EURUSD,M5: loaded successfully
1	18:34:02.191	'15069840': connect failed [Sem conexão]
2	18:36:22.273	Expert PriceProCharts EURUSD,M5: loaded successfully
0	18:36:35.138	HistoryCenter: synchronize 'EURUSD5'
0	18:36:35.138	HistoryCenter: synchronize 'EURUSD5'
0	18:36:35.689	HistoryCenter: synchronize 'EURUSD5'
0	18:36:35.689	HistoryCenter: synchronize 'EURUSD5'
0	18:36:36.245	HistoryCenter: synchronize 'EURUSD5'
0	18:36:36.245	HistoryCenter: synchronize 'EURUSD5'
0	18:36:36.801	HistoryCenter: synchronize 'EURUSD5'
0	18:36:36.801	HistoryCenter: synchronize 'EURUSD5'
0	18:36:36.801	HistoryCenter: synchronize 'EURUSD5'
0	18:36:37.355	HistoryCenter: synchronize 'EURUSD5'
0	18:36:37.355	HistoryCenter: synchronize 'EURUSD5'
0	18:36:37.355	HistoryCenter: synchronize 'EURUSD5'
0	18:36:37.912	HistoryCenter: synchronize 'EURUSD5'
0	18:36:37.912	HistoryCenter: synchronize 'EURUSD5'
0	18:36:37.912	HistoryCenter: synchronize 'EURUSD5'
0	18:36:38.468	HistoryCenter: synchronize 'EURUSD5'
0	18:36:38.468	HistoryCenter: synchronize 'EURUSD5'
0	18:36:38.468	HistoryCenter: synchronize 'EURUSD5'
0	18:36:39.025	HistoryCenter: synchronize 'EURUSD5'
0	18:36:39.025	HistoryCenter: synchronize 'EURUSD5'
0	18:36:39.025	HistoryCenter: synchronize 'EURUSD5'
0	18:36:39.586	HistoryCenter: synchronize 'EURUSD5'
0	18:36:39.586	HistoryCenter: synchronize 'EURUSD5'
0	18:36:39.586	HistoryCenter: synchronize 'EURUSD5'
0	18:36:40.143	HistoryCenter: synchronize 'EURUSD5'
0	18:36:40.143	HistoryCenter: synchronize 'EURUSD5'
0	18:36:40.143	HistoryCenter: synchronize 'EURUSD5'
0	18:36:40.702	HistoryCenter: synchronize 'EURUSD5'
0	18:36:40.702	HistoryCenter: synchronize 'EURUSD5'
0	18:36:40.702	HistoryCenter: synchronize 'EURUSD5'
0	18:36:41.257	HistoryCenter: synchronize 'EURUSD5'
0	18:36:41.257	HistoryCenter: synchronize 'EURUSD5'
0	18:36:41.257	HistoryCenter: synchronize 'EURUSD5'
0	18:36:41.817	HistoryCenter: synchronize 'EURUSD5'
0	18:36:41.817	HistoryCenter: synchronize 'EURUSD5'
0	18:36:41.817	HistoryCenter: synchronize 'EURUSD5'
0	18:36:42.370	HistoryCenter: synchronize 'EURUSD5'
0	18:36:42.370	HistoryCenter: synchronize 'EURUSD5'
0	18:36:42.370	HistoryCenter: synchronize 'EURUSD5'
0	18:36:42.923	HistoryCenter: synchronize 'EURUSD5'
0	18:36:42.923	HistoryCenter: synchronize 'EURUSD5'
0	18:36:42.923	HistoryCenter: synchronize 'EURUSD5'
0	18:36:43.474	HistoryCenter: synchronize 'EURUSD5'
0	18:36:43.474	HistoryCenter: synchronize 'EURUSD5'
0	18:36:43.474	HistoryCenter: synchronize 'EURUSD5'
0	18:36:44.031	HistoryCenter: synchronize 'EURUSD5'
0	18:36:44.031	HistoryCenter: synchronize 'EURUSD5'
0	18:36:44.031	HistoryCenter: synchronize 'EURUSD5'
0	18:36:44.585	HistoryCenter: synchronize 'EURUSD5'
0	18:36:44.585	HistoryCenter: synchronize 'EURUSD5'
0	18:36:44.585	HistoryCenter: synchronize 'EURUSD5'
0	18:36:45.139	HistoryCenter: synchronize 'EURUSD5'
0	18:36:45.139	HistoryCenter: synchronize 'EURUSD5'
0	18:36:45.139	HistoryCenter: synchronize 'EURUSD5'
0	18:36:45.692	HistoryCenter: synchronize 'EURUSD5'
0	18:36:45.692	HistoryCenter: synchronize 'EURUSD5'
0	18:36:45.692	HistoryCenter: synchronize 'EURUSD5'
0	18:36:46.250	HistoryCenter: synchronize 'EURUSD5'
0	18:36:46.250	HistoryCenter: synchronize 'EURUSD5'
0	18:36:46.250	HistoryCenter: synchronize 'EURUSD5'
0	18:36:46.805	HistoryCenter: synchronize 'EURUSD5'
0	18:36:46.805	HistoryCenter: synchronize 'EURUSD5'
0	18:36:46.805	HistoryCenter: synchronize 'EURUSD5'
2	18:36:47.062	Custom indicator iclock_mod1 EURUSDiqo,M5: loaded successfully
2	18:36:47.069	Custom indicator fadedbckgrnd2__1 EURUSDiqo,M5: loaded successfully
2	18:36:47.077	Custom indicator FixedChartScale EURUSDiqo,M5: loaded successfully
2	18:36:47.177	Custom indicator Price Pro Value Chart Profissional - PT-BR EURUSDiqo,M5: loaded successfully
0	18:36:47.362	HistoryCenter: synchronize 'EURUSD5'
0	18:36:47.362	HistoryCenter: synchronize 'EURUSD5'
0	18:36:47.362	HistoryCenter: synchronize 'EURUSD5'
2	18:36:47.419	Custom indicator Price Pro Value Chart Profissional - PT-BR EURUSDiqo,M5: removed
0	18:36:47.919	HistoryCenter: synchronize 'EURUSD5'
0	18:36:47.919	HistoryCenter: synchronize 'EURUSD5'
0	18:36:47.919	HistoryCenter: synchronize 'EURUSD5'
0	18:36:47.919	HistoryCenter: synchronize 'EURUSD5'
0	18:36:48.472	HistoryCenter: synchronize 'EURUSD5'
0	18:36:48.472	HistoryCenter: synchronize 'EURUSD5'
0	18:36:48.472	HistoryCenter: synchronize 'EURUSD5'
0	18:36:48.472	HistoryCenter: synchronize 'EURUSD5'
0	18:36:49.027	HistoryCenter: synchronize 'EURUSD5'
0	18:36:49.027	HistoryCenter: synchronize 'EURUSD5'
0	18:36:49.027	HistoryCenter: synchronize 'EURUSD5'
0	18:36:49.028	HistoryCenter: synchronize 'EURUSD5'
0	18:36:49.580	HistoryCenter: synchronize 'EURUSD5'
0	18:36:49.580	HistoryCenter: synchronize 'EURUSD5'
0	18:36:49.580	HistoryCenter: synchronize 'EURUSD5'
0	18:36:49.580	HistoryCenter: synchronize 'EURUSD5'
0	18:36:50.139	HistoryCenter: synchronize 'EURUSD5'
0	18:36:50.139	HistoryCenter: synchronize 'EURUSD5'
0	18:36:50.139	HistoryCenter: synchronize 'EURUSD5'
0	18:36:50.139	HistoryCenter: synchronize 'EURUSD5'
0	18:36:50.695	HistoryCenter: synchronize 'EURUSD5'
0	18:36:50.695	HistoryCenter: synchronize 'EURUSD5'
0	18:36:50.695	HistoryCenter: synchronize 'EURUSD5'
0	18:36:50.695	HistoryCenter: synchronize 'EURUSD5'
0	18:36:51.248	HistoryCenter: synchronize 'EURUSD5'
0	18:36:51.248	HistoryCenter: synchronize 'EURUSD5'
0	18:36:51.248	HistoryCenter: synchronize 'EURUSD5'
0	18:36:51.248	HistoryCenter: synchronize 'EURUSD5'
0	18:36:51.805	HistoryCenter: synchronize 'EURUSD5'
0	18:36:51.805	HistoryCenter: synchronize 'EURUSD5'
0	18:36:51.805	HistoryCenter: synchronize 'EURUSD5'
0	18:36:51.805	HistoryCenter: synchronize 'EURUSD5'
0	18:36:52.361	HistoryCenter: synchronize 'EURUSD5'
0	18:36:52.361	HistoryCenter: synchronize 'EURUSD5'
0	18:36:52.361	HistoryCenter: synchronize 'EURUSD5'
0	18:36:52.361	HistoryCenter: synchronize 'EURUSD5'
0	18:36:52.919	HistoryCenter: synchronize 'EURUSD5'
0	18:36:52.919	HistoryCenter: synchronize 'EURUSD5'
0	18:36:52.919	HistoryCenter: synchronize 'EURUSD5'
0	18:36:52.919	HistoryCenter: synchronize 'EURUSD5'
0	18:36:53.478	HistoryCenter: synchronize 'EURUSD5'
0	18:36:53.478	HistoryCenter: synchronize 'EURUSD5'
0	18:36:53.478	HistoryCenter: synchronize 'EURUSD5'
0	18:36:53.478	HistoryCenter: synchronize 'EURUSD5'
0	18:36:54.033	HistoryCenter: synchronize 'EURUSD5'
0	18:36:54.033	HistoryCenter: synchronize 'EURUSD5'
0	18:36:54.033	HistoryCenter: synchronize 'EURUSD5'
0	18:36:54.033	HistoryCenter: synchronize 'EURUSD5'
0	18:36:54.591	HistoryCenter: synchronize 'EURUSD5'
0	18:36:54.591	HistoryCenter: synchronize 'EURUSD5'
0	18:36:54.591	HistoryCenter: synchronize 'EURUSD5'
0	18:36:54.591	HistoryCenter: synchronize 'EURUSD5'
0	18:36:55.148	HistoryCenter: synchronize 'EURUSD5'
0	18:36:55.148	HistoryCenter: synchronize 'EURUSD5'
0	18:36:55.148	HistoryCenter: synchronize 'EURUSD5'
0	18:36:55.148	HistoryCenter: synchronize 'EURUSD5'
0	18:36:55.705	HistoryCenter: synchronize 'EURUSD5'
0	18:36:55.705	HistoryCenter: synchronize 'EURUSD5'
0	18:36:55.705	HistoryCenter: synchronize 'EURUSD5'
0	18:36:55.705	HistoryCenter: synchronize 'EURUSD5'
0	18:36:56.257	HistoryCenter: synchronize 'EURUSD5'
0	18:36:56.257	HistoryCenter: synchronize 'EURUSD5'
0	18:36:56.257	HistoryCenter: synchronize 'EURUSD5'
0	18:36:56.257	HistoryCenter: synchronize 'EURUSD5'
0	18:36:56.814	HistoryCenter: synchronize 'EURUSD5'
0	18:36:56.814	HistoryCenter: synchronize 'EURUSD5'
0	18:36:56.814	HistoryCenter: synchronize 'EURUSD5'
0	18:36:56.814	HistoryCenter: synchronize 'EURUSD5'
0	18:36:57.367	HistoryCenter: synchronize 'EURUSD5'
0	18:36:57.367	HistoryCenter: synchronize 'EURUSD5'
0	18:36:57.367	HistoryCenter: synchronize 'EURUSD5'
0	18:36:57.367	HistoryCenter: synchronize 'EURUSD5'
0	18:36:57.924	HistoryCenter: synchronize 'EURUSD5'
0	18:36:57.924	HistoryCenter: synchronize 'EURUSD5'
0	18:36:57.924	HistoryCenter: synchronize 'EURUSD5'
0	18:36:58.477	HistoryCenter: synchronize 'EURUSD5'
0	18:36:58.477	HistoryCenter: synchronize 'EURUSD5'
0	18:36:58.477	HistoryCenter: synchronize 'EURUSD5'
0	18:36:59.033	HistoryCenter: synchronize 'EURUSD5'
0	18:36:59.033	HistoryCenter: synchronize 'EURUSD5'
0	18:36:59.033	HistoryCenter: synchronize 'EURUSD5'
0	18:36:59.582	HistoryCenter: synchronize 'EURUSD5'
0	18:36:59.582	HistoryCenter: synchronize 'EURUSD5'
0	18:36:59.582	HistoryCenter: synchronize 'EURUSD5'
0	18:37:00.140	HistoryCenter: synchronize 'EURUSD5'
0	18:37:00.140	HistoryCenter: synchronize 'EURUSD5'
0	18:37:00.140	HistoryCenter: synchronize 'EURUSD5'
0	18:37:00.699	HistoryCenter: synchronize 'EURUSD5'
0	18:37:00.699	HistoryCenter: synchronize 'EURUSD5'
0	18:37:00.699	HistoryCenter: synchronize 'EURUSD5'
0	18:37:01.258	HistoryCenter: synchronize 'EURUSD5'
0	18:37:01.258	HistoryCenter: synchronize 'EURUSD5'
0	18:37:01.258	HistoryCenter: synchronize 'EURUSD5'
0	18:37:01.812	HistoryCenter: synchronize 'EURUSD5'
0	18:37:01.812	HistoryCenter: synchronize 'EURUSD5'
0	18:37:01.812	HistoryCenter: synchronize 'EURUSD5'
0	18:37:02.368	HistoryCenter: synchronize 'EURUSD5'
0	18:37:02.368	HistoryCenter: synchronize 'EURUSD5'
0	18:37:02.368	HistoryCenter: synchronize 'EURUSD5'
0	18:37:02.923	HistoryCenter: synchronize 'EURUSD5'
0	18:37:02.923	HistoryCenter: synchronize 'EURUSD5'
0	18:37:02.923	HistoryCenter: synchronize 'EURUSD5'
0	18:37:03.477	HistoryCenter: synchronize 'EURUSD5'
0	18:37:03.477	HistoryCenter: synchronize 'EURUSD5'
0	18:37:03.477	HistoryCenter: synchronize 'EURUSD5'
0	18:37:04.033	HistoryCenter: synchronize 'EURUSD5'
0	18:37:04.033	HistoryCenter: synchronize 'EURUSD5'
0	18:37:04.033	HistoryCenter: synchronize 'EURUSD5'
0	18:37:04.588	HistoryCenter: synchronize 'EURUSD5'
0	18:37:04.588	HistoryCenter: synchronize 'EURUSD5'
0	18:37:04.588	HistoryCenter: synchronize 'EURUSD5'
0	18:37:05.145	HistoryCenter: synchronize 'EURUSD5'
0	18:37:05.145	HistoryCenter: synchronize 'EURUSD5'
0	18:37:05.145	HistoryCenter: synchronize 'EURUSD5'
0	18:37:05.699	HistoryCenter: synchronize 'EURUSD5'
0	18:37:05.699	HistoryCenter: synchronize 'EURUSD5'
0	18:37:05.699	HistoryCenter: synchronize 'EURUSD5'
0	18:37:06.259	HistoryCenter: synchronize 'EURUSD5'
0	18:37:06.259	HistoryCenter: synchronize 'EURUSD5'
0	18:37:06.259	HistoryCenter: synchronize 'EURUSD5'
0	18:37:06.810	HistoryCenter: synchronize 'EURUSD5'
0	18:37:06.810	HistoryCenter: synchronize 'EURUSD5'
0	18:37:06.810	HistoryCenter: synchronize 'EURUSD5'
0	18:37:07.369	HistoryCenter: synchronize 'EURUSD5'
0	18:37:07.369	HistoryCenter: synchronize 'EURUSD5'
0	18:37:07.369	HistoryCenter: synchronize 'EURUSD5'
0	18:37:07.919	HistoryCenter: synchronize 'EURUSD5'
0	18:37:07.919	HistoryCenter: synchronize 'EURUSD5'
0	18:37:07.919	HistoryCenter: synchronize 'EURUSD5'
0	18:37:08.473	HistoryCenter: synchronize 'EURUSD5'
0	18:37:08.473	HistoryCenter: synchronize 'EURUSD5'
0	18:37:08.473	HistoryCenter: synchronize 'EURUSD5'
0	18:37:09.025	HistoryCenter: synchronize 'EURUSD5'
0	18:37:09.025	HistoryCenter: synchronize 'EURUSD5'
0	18:37:09.025	HistoryCenter: synchronize 'EURUSD5'
0	18:37:09.580	HistoryCenter: synchronize 'EURUSD5'
0	18:37:09.580	HistoryCenter: synchronize 'EURUSD5'
0	18:37:09.580	HistoryCenter: synchronize 'EURUSD5'
0	18:37:10.132	HistoryCenter: synchronize 'EURUSD5'
0	18:37:10.132	HistoryCenter: synchronize 'EURUSD5'
0	18:37:10.132	HistoryCenter: synchronize 'EURUSD5'
0	18:37:10.689	HistoryCenter: synchronize 'EURUSD5'
0	18:37:10.689	HistoryCenter: synchronize 'EURUSD5'
0	18:37:10.689	HistoryCenter: synchronize 'EURUSD5'
0	18:37:11.244	HistoryCenter: synchronize 'EURUSD5'
0	18:37:11.244	HistoryCenter: synchronize 'EURUSD5'
0	18:37:11.244	HistoryCenter: synchronize 'EURUSD5'
0	18:37:11.801	HistoryCenter: synchronize 'EURUSD5'
0	18:37:11.801	HistoryCenter: synchronize 'EURUSD5'
0	18:37:11.801	HistoryCenter: synchronize 'EURUSD5'
0	18:37:12.355	HistoryCenter: synchronize 'EURUSD5'
0	18:37:12.355	HistoryCenter: synchronize 'EURUSD5'
0	18:37:12.355	HistoryCenter: synchronize 'EURUSD5'
2	18:37:12.777	Custom indicator iclock_mod1 EURUSDiqo,M5: removed
2	18:37:12.779	Custom indicator fadedbckgrnd2__1 EURUSDiqo,M5: removed
2	18:37:12.780	Custom indicator FixedChartScale EURUSDiqo,M5: removed
2	18:37:12.790	Custom indicator iclock_mod1 EURUSDiqo,M5: loaded successfully
0	18:37:12.907	HistoryCenter: synchronize 'EURUSD5'
0	18:37:12.907	HistoryCenter: synchronize 'EURUSD5'
0	18:37:12.907	HistoryCenter: synchronize 'EURUSD5'
0	18:37:13.459	HistoryCenter: synchronize 'EURUSD5'
0	18:37:13.459	HistoryCenter: synchronize 'EURUSD5'
0	18:37:13.459	HistoryCenter: synchronize 'EURUSD5'
0	18:37:14.018	HistoryCenter: synchronize 'EURUSD5'
0	18:37:14.018	HistoryCenter: synchronize 'EURUSD5'
0	18:37:14.018	HistoryCenter: synchronize 'EURUSD5'
0	18:37:14.571	HistoryCenter: synchronize 'EURUSD5'
0	18:37:14.571	HistoryCenter: synchronize 'EURUSD5'
0	18:37:14.571	HistoryCenter: synchronize 'EURUSD5'
0	18:37:15.130	HistoryCenter: synchronize 'EURUSD5'
0	18:37:15.130	HistoryCenter: synchronize 'EURUSD5'
0	18:37:15.130	HistoryCenter: synchronize 'EURUSD5'
0	18:37:15.688	HistoryCenter: synchronize 'EURUSD5'
0	18:37:15.688	HistoryCenter: synchronize 'EURUSD5'
0	18:37:15.688	HistoryCenter: synchronize 'EURUSD5'
0	18:37:16.248	HistoryCenter: synchronize 'EURUSD5'
0	18:37:16.248	HistoryCenter: synchronize 'EURUSD5'
0	18:37:16.248	HistoryCenter: synchronize 'EURUSD5'
0	18:37:16.804	HistoryCenter: synchronize 'EURUSD5'
0	18:37:16.804	HistoryCenter: synchronize 'EURUSD5'
0	18:37:16.804	HistoryCenter: synchronize 'EURUSD5'
0	18:37:17.361	HistoryCenter: synchronize 'EURUSD5'
0	18:37:17.361	HistoryCenter: synchronize 'EURUSD5'
0	18:37:17.361	HistoryCenter: synchronize 'EURUSD5'
0	18:37:17.915	HistoryCenter: synchronize 'EURUSD5'
0	18:37:17.915	HistoryCenter: synchronize 'EURUSD5'
0	18:37:17.915	HistoryCenter: synchronize 'EURUSD5'
0	18:37:18.469	HistoryCenter: synchronize 'EURUSD5'
0	18:37:18.469	HistoryCenter: synchronize 'EURUSD5'
0	18:37:18.469	HistoryCenter: synchronize 'EURUSD5'
2	18:37:18.817	Custom indicator RCS EURUSDiqo,M5: loaded successfully
0	18:37:19.020	HistoryCenter: synchronize 'EURUSD5'
0	18:37:19.020	HistoryCenter: synchronize 'EURUSD5'
0	18:37:19.020	HistoryCenter: synchronize 'EURUSD5'
0	18:37:19.572	HistoryCenter: synchronize 'EURUSD5'
0	18:37:19.572	HistoryCenter: synchronize 'EURUSD5'
0	18:37:19.572	HistoryCenter: synchronize 'EURUSD5'
0	18:37:20.128	HistoryCenter: synchronize 'EURUSD5'
0	18:37:20.128	HistoryCenter: synchronize 'EURUSD5'
0	18:37:20.128	HistoryCenter: synchronize 'EURUSD5'
0	18:37:20.683	HistoryCenter: synchronize 'EURUSD5'
0	18:37:20.683	HistoryCenter: synchronize 'EURUSD5'
0	18:37:20.683	HistoryCenter: synchronize 'EURUSD5'
0	18:37:21.236	HistoryCenter: synchronize 'EURUSD5'
0	18:37:21.236	HistoryCenter: synchronize 'EURUSD5'
0	18:37:21.236	HistoryCenter: synchronize 'EURUSD5'
0	18:37:21.791	HistoryCenter: synchronize 'EURUSD5'
0	18:37:21.791	HistoryCenter: synchronize 'EURUSD5'
0	18:37:21.791	HistoryCenter: synchronize 'EURUSD5'
0	18:37:22.351	HistoryCenter: synchronize 'EURUSD5'
0	18:37:22.351	HistoryCenter: synchronize 'EURUSD5'
0	18:37:22.351	HistoryCenter: synchronize 'EURUSD5'
0	18:37:22.902	HistoryCenter: synchronize 'EURUSD5'
0	18:37:22.902	HistoryCenter: synchronize 'EURUSD5'
0	18:37:22.902	HistoryCenter: synchronize 'EURUSD5'
0	18:37:23.460	HistoryCenter: synchronize 'EURUSD5'
0	18:37:23.460	HistoryCenter: synchronize 'EURUSD5'
0	18:37:23.460	HistoryCenter: synchronize 'EURUSD5'
0	18:37:24.013	HistoryCenter: synchronize 'EURUSD5'
0	18:37:24.013	HistoryCenter: synchronize 'EURUSD5'
0	18:37:24.013	HistoryCenter: synchronize 'EURUSD5'
0	18:37:24.571	HistoryCenter: synchronize 'EURUSD5'
0	18:37:24.571	HistoryCenter: synchronize 'EURUSD5'
0	18:37:24.571	HistoryCenter: synchronize 'EURUSD5'
0	18:37:25.126	HistoryCenter: synchronize 'EURUSD5'
0	18:37:25.126	HistoryCenter: synchronize 'EURUSD5'
0	18:37:25.126	HistoryCenter: synchronize 'EURUSD5'
0	18:37:25.687	HistoryCenter: synchronize 'EURUSD5'
0	18:37:25.687	HistoryCenter: synchronize 'EURUSD5'
0	18:37:25.687	HistoryCenter: synchronize 'EURUSD5'
0	18:37:26.242	HistoryCenter: synchronize 'EURUSD5'
0	18:37:26.242	HistoryCenter: synchronize 'EURUSD5'
0	18:37:26.242	HistoryCenter: synchronize 'EURUSD5'
0	18:37:26.799	HistoryCenter: synchronize 'EURUSD5'
0	18:37:26.799	HistoryCenter: synchronize 'EURUSD5'
0	18:37:26.799	HistoryCenter: synchronize 'EURUSD5'
0	18:37:27.352	HistoryCenter: synchronize 'EURUSD5'
0	18:37:27.352	HistoryCenter: synchronize 'EURUSD5'
0	18:37:27.352	HistoryCenter: synchronize 'EURUSD5'
0	18:37:27.910	HistoryCenter: synchronize 'EURUSD5'
0	18:37:27.910	HistoryCenter: synchronize 'EURUSD5'
0	18:37:27.910	HistoryCenter: synchronize 'EURUSD5'
0	18:37:28.468	HistoryCenter: synchronize 'EURUSD5'
0	18:37:28.468	HistoryCenter: synchronize 'EURUSD5'
0	18:37:28.468	HistoryCenter: synchronize 'EURUSD5'
0	18:37:29.019	HistoryCenter: synchronize 'EURUSD5'
0	18:37:29.019	HistoryCenter: synchronize 'EURUSD5'
0	18:37:29.019	HistoryCenter: synchronize 'EURUSD5'
0	18:37:29.571	HistoryCenter: synchronize 'EURUSD5'
0	18:37:29.571	HistoryCenter: synchronize 'EURUSD5'
0	18:37:29.571	HistoryCenter: synchronize 'EURUSD5'
0	18:37:30.131	HistoryCenter: synchronize 'EURUSD5'
0	18:37:30.131	HistoryCenter: synchronize 'EURUSD5'
0	18:37:30.131	HistoryCenter: synchronize 'EURUSD5'
0	18:37:30.687	HistoryCenter: synchronize 'EURUSD5'
0	18:37:30.687	HistoryCenter: synchronize 'EURUSD5'
0	18:37:30.687	HistoryCenter: synchronize 'EURUSD5'
0	18:37:31.240	HistoryCenter: synchronize 'EURUSD5'
0	18:37:31.240	HistoryCenter: synchronize 'EURUSD5'
0	18:37:31.240	HistoryCenter: synchronize 'EURUSD5'
0	18:37:31.798	HistoryCenter: synchronize 'EURUSD5'
0	18:37:31.798	HistoryCenter: synchronize 'EURUSD5'
0	18:37:31.798	HistoryCenter: synchronize 'EURUSD5'
0	18:37:32.355	HistoryCenter: synchronize 'EURUSD5'
0	18:37:32.355	HistoryCenter: synchronize 'EURUSD5'
0	18:37:32.355	HistoryCenter: synchronize 'EURUSD5'
0	18:37:32.907	HistoryCenter: synchronize 'EURUSD5'
0	18:37:32.907	HistoryCenter: synchronize 'EURUSD5'
0	18:37:32.907	HistoryCenter: synchronize 'EURUSD5'
0	18:37:33.461	HistoryCenter: synchronize 'EURUSD5'
0	18:37:33.461	HistoryCenter: synchronize 'EURUSD5'
0	18:37:33.461	HistoryCenter: synchronize 'EURUSD5'
0	18:37:34.017	HistoryCenter: synchronize 'EURUSD5'
0	18:37:34.017	HistoryCenter: synchronize 'EURUSD5'
0	18:37:34.017	HistoryCenter: synchronize 'EURUSD5'
0	18:37:34.573	HistoryCenter: synchronize 'EURUSD5'
0	18:37:34.573	HistoryCenter: synchronize 'EURUSD5'
0	18:37:34.573	HistoryCenter: synchronize 'EURUSD5'
0	18:37:35.126	HistoryCenter: synchronize 'EURUSD5'
0	18:37:35.126	HistoryCenter: synchronize 'EURUSD5'
0	18:37:35.126	HistoryCenter: synchronize 'EURUSD5'
0	18:37:35.679	HistoryCenter: synchronize 'EURUSD5'
0	18:37:35.679	HistoryCenter: synchronize 'EURUSD5'
0	18:37:35.679	HistoryCenter: synchronize 'EURUSD5'
0	18:37:36.231	HistoryCenter: synchronize 'EURUSD5'
0	18:37:36.231	HistoryCenter: synchronize 'EURUSD5'
0	18:37:36.231	HistoryCenter: synchronize 'EURUSD5'
0	18:37:36.783	HistoryCenter: synchronize 'EURUSD5'
0	18:37:36.783	HistoryCenter: synchronize 'EURUSD5'
0	18:37:36.783	HistoryCenter: synchronize 'EURUSD5'
0	18:37:37.342	HistoryCenter: synchronize 'EURUSD5'
0	18:37:37.342	HistoryCenter: synchronize 'EURUSD5'
0	18:37:37.342	HistoryCenter: synchronize 'EURUSD5'
0	18:37:37.897	HistoryCenter: synchronize 'EURUSD5'
0	18:37:37.897	HistoryCenter: synchronize 'EURUSD5'
0	18:37:37.897	HistoryCenter: synchronize 'EURUSD5'
0	18:37:38.457	HistoryCenter: synchronize 'EURUSD5'
0	18:37:38.457	HistoryCenter: synchronize 'EURUSD5'
0	18:37:38.457	HistoryCenter: synchronize 'EURUSD5'
0	18:37:39.010	HistoryCenter: synchronize 'EURUSD5'
0	18:37:39.010	HistoryCenter: synchronize 'EURUSD5'
0	18:37:39.010	HistoryCenter: synchronize 'EURUSD5'
0	18:37:39.567	HistoryCenter: synchronize 'EURUSD5'
0	18:37:39.567	HistoryCenter: synchronize 'EURUSD5'
0	18:37:39.567	HistoryCenter: synchronize 'EURUSD5'
0	18:37:40.121	HistoryCenter: synchronize 'EURUSD5'
0	18:37:40.121	HistoryCenter: synchronize 'EURUSD5'
0	18:37:40.121	HistoryCenter: synchronize 'EURUSD5'
0	18:37:40.683	HistoryCenter: synchronize 'EURUSD5'
0	18:37:40.683	HistoryCenter: synchronize 'EURUSD5'
0	18:37:40.683	HistoryCenter: synchronize 'EURUSD5'
0	18:37:41.239	HistoryCenter: synchronize 'EURUSD5'
0	18:37:41.239	HistoryCenter: synchronize 'EURUSD5'
0	18:37:41.239	HistoryCenter: synchronize 'EURUSD5'
0	18:37:41.795	HistoryCenter: synchronize 'EURUSD5'
0	18:37:41.795	HistoryCenter: synchronize 'EURUSD5'
0	18:37:41.795	HistoryCenter: synchronize 'EURUSD5'
0	18:37:42.343	HistoryCenter: synchronize 'EURUSD5'
0	18:37:42.343	HistoryCenter: synchronize 'EURUSD5'
0	18:37:42.343	HistoryCenter: synchronize 'EURUSD5'
0	18:37:42.898	HistoryCenter: synchronize 'EURUSD5'
0	18:37:42.898	HistoryCenter: synchronize 'EURUSD5'
0	18:37:42.898	HistoryCenter: synchronize 'EURUSD5'
0	18:37:43.457	HistoryCenter: synchronize 'EURUSD5'
0	18:37:43.457	HistoryCenter: synchronize 'EURUSD5'
0	18:37:43.457	HistoryCenter: synchronize 'EURUSD5'
0	18:37:44.015	HistoryCenter: synchronize 'EURUSD5'
0	18:37:44.015	HistoryCenter: synchronize 'EURUSD5'
0	18:37:44.015	HistoryCenter: synchronize 'EURUSD5'
0	18:37:44.572	HistoryCenter: synchronize 'EURUSD5'
0	18:37:44.572	HistoryCenter: synchronize 'EURUSD5'
0	18:37:44.572	HistoryCenter: synchronize 'EURUSD5'
0	18:37:45.128	HistoryCenter: synchronize 'EURUSD5'
0	18:37:45.128	HistoryCenter: synchronize 'EURUSD5'
0	18:37:45.128	HistoryCenter: synchronize 'EURUSD5'
0	18:37:45.685	HistoryCenter: synchronize 'EURUSD5'
0	18:37:45.685	HistoryCenter: synchronize 'EURUSD5'
0	18:37:45.685	HistoryCenter: synchronize 'EURUSD5'
0	18:37:46.239	HistoryCenter: synchronize 'EURUSD5'
0	18:37:46.239	HistoryCenter: synchronize 'EURUSD5'
0	18:37:46.239	HistoryCenter: synchronize 'EURUSD5'
0	18:37:46.796	HistoryCenter: synchronize 'EURUSD5'
0	18:37:46.796	HistoryCenter: synchronize 'EURUSD5'
0	18:37:46.796	HistoryCenter: synchronize 'EURUSD5'
0	18:37:47.349	HistoryCenter: synchronize 'EURUSD5'
0	18:37:47.349	HistoryCenter: synchronize 'EURUSD5'
0	18:37:47.349	HistoryCenter: synchronize 'EURUSD5'
0	18:37:47.906	HistoryCenter: synchronize 'EURUSD5'
0	18:37:47.906	HistoryCenter: synchronize 'EURUSD5'
0	18:37:47.906	HistoryCenter: synchronize 'EURUSD5'
0	18:37:48.459	HistoryCenter: synchronize 'EURUSD5'
0	18:37:48.459	HistoryCenter: synchronize 'EURUSD5'
0	18:37:48.459	HistoryCenter: synchronize 'EURUSD5'
0	18:37:49.011	HistoryCenter: synchronize 'EURUSD5'
0	18:37:49.011	HistoryCenter: synchronize 'EURUSD5'
0	18:37:49.011	HistoryCenter: synchronize 'EURUSD5'
0	18:37:49.566	HistoryCenter: synchronize 'EURUSD5'
0	18:37:49.566	HistoryCenter: synchronize 'EURUSD5'
0	18:37:49.566	HistoryCenter: synchronize 'EURUSD5'
0	18:37:50.124	HistoryCenter: synchronize 'EURUSD5'
0	18:37:50.124	HistoryCenter: synchronize 'EURUSD5'
0	18:37:50.124	HistoryCenter: synchronize 'EURUSD5'
0	18:37:50.677	HistoryCenter: synchronize 'EURUSD5'
0	18:37:50.677	HistoryCenter: synchronize 'EURUSD5'
0	18:37:50.677	HistoryCenter: synchronize 'EURUSD5'
0	18:37:51.235	HistoryCenter: synchronize 'EURUSD5'
0	18:37:51.235	HistoryCenter: synchronize 'EURUSD5'
0	18:37:51.235	HistoryCenter: synchronize 'EURUSD5'
0	18:37:51.785	HistoryCenter: synchronize 'EURUSD5'
0	18:37:51.785	HistoryCenter: synchronize 'EURUSD5'
0	18:37:51.785	HistoryCenter: synchronize 'EURUSD5'
0	18:37:52.335	HistoryCenter: synchronize 'EURUSD5'
0	18:37:52.335	HistoryCenter: synchronize 'EURUSD5'
0	18:37:52.335	HistoryCenter: synchronize 'EURUSD5'
0	18:37:52.885	HistoryCenter: synchronize 'EURUSD5'
0	18:37:52.885	HistoryCenter: synchronize 'EURUSD5'
0	18:37:52.885	HistoryCenter: synchronize 'EURUSD5'
0	18:37:53.445	HistoryCenter: synchronize 'EURUSD5'
0	18:37:53.445	HistoryCenter: synchronize 'EURUSD5'
0	18:37:53.445	HistoryCenter: synchronize 'EURUSD5'
0	18:37:54.000	HistoryCenter: synchronize 'EURUSD5'
0	18:37:54.000	HistoryCenter: synchronize 'EURUSD5'
0	18:37:54.000	HistoryCenter: synchronize 'EURUSD5'
0	18:37:54.559	HistoryCenter: synchronize 'EURUSD5'
0	18:37:54.559	HistoryCenter: synchronize 'EURUSD5'
0	18:37:54.559	HistoryCenter: synchronize 'EURUSD5'
0	18:37:55.113	HistoryCenter: synchronize 'EURUSD5'
0	18:37:55.113	HistoryCenter: synchronize 'EURUSD5'
0	18:37:55.113	HistoryCenter: synchronize 'EURUSD5'
0	18:37:55.671	HistoryCenter: synchronize 'EURUSD5'
0	18:37:55.671	HistoryCenter: synchronize 'EURUSD5'
0	18:37:55.671	HistoryCenter: synchronize 'EURUSD5'
0	18:37:56.222	HistoryCenter: synchronize 'EURUSD5'
0	18:37:56.222	HistoryCenter: synchronize 'EURUSD5'
0	18:37:56.222	HistoryCenter: synchronize 'EURUSD5'
0	18:37:56.778	HistoryCenter: synchronize 'EURUSD5'
0	18:37:56.778	HistoryCenter: synchronize 'EURUSD5'
0	18:37:56.778	HistoryCenter: synchronize 'EURUSD5'
0	18:37:57.330	HistoryCenter: synchronize 'EURUSD5'
0	18:37:58.108	HistoryCenter: 2 bars imported in 'EURUSD5'
0	18:37:58.866	'15069840': login on Alpari-Demo through Demo.Europe.9:1119 (ping: 253.80 ms)
2	18:38:00.079	Custom indicator iclock_mod1 EURUSDiqo,M5: removed
2	18:38:00.087	Custom indicator RCS EURUSDiqo,M5: removed
0	18:38:01.354	'15069840': login datacenter on Alpari-Demo through Demo.Europe.9:1119 (ping: 253.80 ms)
0	18:38:02.978	'15069840': previous successful authorization performed from 177.13.217.70
2	18:38:12.641	Expert PriceProCharts EURUSD,M5: removed
2	18:38:12.643	Custom indicator iclock_mod1 EURUSD,M5: removed
2	18:38:12.651	Custom indicator RCS EURUSD,M5: removed
2	18:38:12.660	Custom indicator iclock_mod1 EURUSD,M5: loaded successfully
2	18:38:14.535	Expert PriceProCharts EURUSD,M5: loaded successfully
0	18:38:15.757	HistoryCenter: synchronize 'EURUSD5'
0	18:38:16.509	HistoryCenter: 2 bars imported in 'EURUSD5'
2	18:38:33.682	Custom indicator iclock_mod1 EURUSDiqo,M5: loaded successfully
2	18:38:33.735	Custom indicator RCS EURUSDiqo,M5: loaded successfully
2	18:38:59.768	Custom indicator iclock_mod1 EURUSDiqo,M5: removed
2	18:38:59.776	Custom indicator RCS EURUSDiqo,M5: removed
2	18:39:05.869	Expert PriceProCharts EURUSD,M5: removed
2	18:39:05.871	Custom indicator iclock_mod1 EURUSD,M5: removed
2	18:39:05.881	Custom indicator iclock_mod1 EURUSD,M5: loaded successfully
2	18:39:05.934	Custom indicator RCS EURUSD,M5: loaded successfully
2	18:39:15.780	Custom indicator iclock_mod1 EURUSD,M5: removed
2	18:39:15.788	Custom indicator RCS EURUSD,M5: removed
2	18:39:15.797	Custom indicator iclock_mod1 EURUSD,M5: loaded successfully
2	18:39:15.805	Custom indicator fadedbckgrnd2__1 EURUSD,M5: loaded successfully
2	18:39:15.814	Custom indicator FixedChartScale EURUSD,M5: loaded successfully
2	18:39:15.917	Custom indicator Price Pro Value Chart Profissional - PT-BR EURUSD,M5: loaded successfully
0	18:39:16.348	HistoryCenter: synchronize 'EURUSD5'
0	18:39:17.174	HistoryCenter: 2 bars imported in 'EURUSD5'
0	18:39:18.837	HistoryCenter: synchronize 'EURUSD5'
0	18:39:19.622	HistoryCenter: 2 bars imported in 'EURUSD5'
0	18:39:20.163	HistoryCenter: synchronize 'EURUSD5'
0	18:39:20.950	HistoryCenter: 2 bars imported in 'EURUSD5'
0	18:39:21.494	HistoryCenter: synchronize 'EURUSD5'
0	18:39:22.245	HistoryCenter: 2 bars imported in 'EURUSD5'
0	18:39:23.353	HistoryCenter: synchronize 'EURUSD5'
0	18:39:24.161	HistoryCenter: 2 bars imported in 'EURUSD5'
0	18:39:25.269	HistoryCenter: synchronize 'EURUSD5'
0	18:39:26.038	HistoryCenter: 2 bars imported in 'EURUSD5'
0	18:39:26.583	HistoryCenter: synchronize 'EURUSD5'
0	18:39:27.420	HistoryCenter: 2 bars imported in 'EURUSD5'
0	18:39:28.527	HistoryCenter: synchronize 'EURUSD5'
0	18:39:29.330	HistoryCenter: 2 bars imported in 'EURUSD5'
0	18:39:30.434	HistoryCenter: synchronize 'EURUSD5'
0	18:39:31.380	HistoryCenter: 2 bars imported in 'EURUSD5'
0	18:39:32.496	HistoryCenter: synchronize 'EURUSD5'
0	18:39:33.318	HistoryCenter: 2 bars imported in 'EURUSD5'
0	18:39:34.428	HistoryCenter: synchronize 'EURUSD5'
0	18:39:35.268	HistoryCenter: 2 bars imported in 'EURUSD5'
0	18:39:36.384	HistoryCenter: synchronize 'EURUSD5'
0	18:39:37.210	HistoryCenter: 2 bars imported in 'EURUSD5'
0	18:39:38.321	HistoryCenter: synchronize 'EURUSD5'
0	18:39:39.140	HistoryCenter: 2 bars imported in 'EURUSD5'
0	18:39:40.246	HistoryCenter: synchronize 'EURUSD5'
0	18:39:41.057	HistoryCenter: 2 bars imported in 'EURUSD5'
2	18:39:41.293	Custom indicator RCS EURUSD,M5: loaded successfully
2	18:40:19.890	Custom indicator iclock_mod1 EURUSD,M5: removed
2	18:40:19.891	Custom indicator fadedbckgrnd2__1 EURUSD,M5: removed
2	18:40:19.892	Custom indicator FixedChartScale EURUSD,M5: removed
2	18:40:19.900	Custom indicator RCS EURUSD,M5: removed
2	18:40:19.913	Custom indicator Price Pro Value Chart Profissional - PT-BR EURUSD,M5: removed
2	18:40:19.922	Custom indicator iclock_mod1 EURUSD,M5: loaded successfully
2	18:40:19.930	Custom indicator fadedbckgrnd2__1 EURUSD,M5: loaded successfully
2	18:40:19.937	Custom indicator FixedChartScale EURUSD,M5: loaded successfully
2	18:40:20.033	Custom indicator Price Pro Value Chart Profissional - PT-BR EURUSD,M5: loaded successfully
0	18:40:20.424	HistoryCenter: synchronize 'EURUSD5'
0	18:40:21.186	HistoryCenter: 2 bars imported in 'EURUSD5'
0	18:40:22.287	HistoryCenter: synchronize 'EURUSD5'
0	18:40:23.289	HistoryCenter: 2 bars imported in 'EURUSD5'
0	18:40:24.400	HistoryCenter: synchronize 'EURUSD5'
0	18:40:25.314	HistoryCenter: 2 bars imported in 'EURUSD5'
0	18:40:26.420	HistoryCenter: synchronize 'EURUSD5'
0	18:40:27.183	HistoryCenter: 2 bars imported in 'EURUSD5'
0	18:40:27.738	HistoryCenter: synchronize 'EURUSD5'
0	18:40:28.832	HistoryCenter: 2 bars imported in 'EURUSD5'
0	18:40:29.379	HistoryCenter: synchronize 'EURUSD5'
0	18:40:30.146	HistoryCenter: 2 bars imported in 'EURUSD5'
0	18:40:30.700	HistoryCenter: synchronize 'EURUSD5'
0	18:40:31.509	HistoryCenter: 2 bars imported in 'EURUSD5'
0	18:40:32.629	HistoryCenter: synchronize 'EURUSD5'
0	18:40:33.356	HistoryCenter: 2 bars imported in 'EURUSD5'
0	18:40:34.463	HistoryCenter: synchronize 'EURUSD5'
0	18:40:35.262	HistoryCenter: 2 bars imported in 'EURUSD5'
0	18:40:36.367	HistoryCenter: synchronize 'EURUSD5'
0	18:40:37.150	HistoryCenter: 2 bars imported in 'EURUSD5'
0	18:40:37.704	HistoryCenter: synchronize 'EURUSD5'
0	18:40:38.616	HistoryCenter: 2 bars imported in 'EURUSD5'
0	18:40:39.716	HistoryCenter: synchronize 'EURUSD5'
0	18:40:41.291	HistoryCenter: 2 bars imported in 'EURUSD5'
0	18:40:42.398	HistoryCenter: synchronize 'EURUSD5'
0	18:40:43.467	HistoryCenter: 2 bars imported in 'EURUSD5'
0	18:40:44.572	HistoryCenter: synchronize 'EURUSD5'
0	18:40:45.409	HistoryCenter: 2 bars imported in 'EURUSD5'
0	18:40:46.520	HistoryCenter: synchronize 'EURUSD5'
0	18:40:47.455	HistoryCenter: 2 bars imported in 'EURUSD5'
0	18:40:48.551	HistoryCenter: synchronize 'EURUSD5'
0	18:40:49.353	HistoryCenter: 2 bars imported in 'EURUSD5'
2	18:41:32.072	Custom indicator RCS EURUSD,M5: loaded successfully
0	18:43:08.010	HistoryCenter: synchronize 'EURUSD1'
0	18:43:08.994	HistoryCenter: 1534 bars imported in 'EURUSD1'
0	18:43:10.106	HistoryCenter: synchronize 'EURUSD1'
0	18:43:11.441	HistoryCenter: 2 bars imported in 'EURUSD1'
0	18:43:11.990	HistoryCenter: synchronize 'EURUSD1'
0	18:43:12.766	HistoryCenter: 2 bars imported in 'EURUSD1'
0	18:43:13.317	HistoryCenter: synchronize 'EURUSD1'
0	18:43:14.407	HistoryCenter: 2 bars imported in 'EURUSD1'
0	18:43:14.957	HistoryCenter: synchronize 'EURUSD1'
0	18:43:15.779	HistoryCenter: 2 bars imported in 'EURUSD1'
0	18:43:16.333	HistoryCenter: synchronize 'EURUSD1'
0	18:43:17.142	HistoryCenter: 2 bars imported in 'EURUSD1'
0	18:43:18.242	HistoryCenter: synchronize 'EURUSD1'
0	18:43:18.987	HistoryCenter: 2 bars imported in 'EURUSD1'
0	18:43:20.096	HistoryCenter: synchronize 'EURUSD1'
2	18:43:20.663	Custom indicator iclock_mod1 EURUSD,M1: removed
2	18:43:20.664	Custom indicator fadedbckgrnd2__1 EURUSD,M1: removed
2	18:43:20.666	Custom indicator FixedChartScale EURUSD,M1: removed
2	18:43:20.674	Custom indicator RCS EURUSD,M1: removed
2	18:43:20.687	Custom indicator Price Pro Value Chart Profissional - PT-BR EURUSD,M1: removed
2	18:43:20.699	Custom indicator iclock_mod1 EURUSD,M1: loaded successfully
2	18:43:20.707	Custom indicator fadedbckgrnd2__1 EURUSD,M1: loaded successfully
2	18:43:20.716	Custom indicator FixedChartScale EURUSD,M1: loaded successfully
2	18:43:20.816	Custom indicator Price Pro Value Chart Profissional - PT-BR EURUSD,M1: loaded successfully
0	18:43:20.874	HistoryCenter: 2 bars imported in 'EURUSD1'
0	18:43:21.427	HistoryCenter: synchronize 'EURUSD1'
0	18:43:22.191	HistoryCenter: 2 bars imported in 'EURUSD1'
0	18:43:22.744	HistoryCenter: synchronize 'EURUSD1'
0	18:43:23.458	HistoryCenter: 2 bars imported in 'EURUSD1'
0	18:43:24.015	HistoryCenter: synchronize 'EURUSD1'
0	18:43:24.781	HistoryCenter: 2 bars imported in 'EURUSD1'
0	18:43:25.335	HistoryCenter: synchronize 'EURUSD1'
0	18:43:26.081	HistoryCenter: 2 bars imported in 'EURUSD1'
0	18:43:27.192	HistoryCenter: synchronize 'EURUSD1'
0	18:43:28.046	HistoryCenter: 2 bars imported in 'EURUSD1'
0	18:43:29.151	HistoryCenter: synchronize 'EURUSD1'
0	18:43:29.955	HistoryCenter: 2 bars imported in 'EURUSD1'
2	18:44:48.586	Custom indicator iclock_mod1 GBPUSD,M1: removed
2	18:44:48.587	Custom indicator fadedbckgrnd2__1 GBPUSD,M1: removed
2	18:44:48.589	Custom indicator FixedChartScale GBPUSD,M1: removed
2	18:44:48.601	Custom indicator iclock_mod1 GBPUSD,M1: loaded successfully
2	18:44:48.608	Custom indicator fadedbckgrnd2__1 GBPUSD,M1: loaded successfully
2	18:44:48.616	Custom indicator FixedChartScale GBPUSD,M1: loaded successfully
2	18:44:48.714	Custom indicator Price Pro Value Chart Profissional - PT-BR GBPUSD,M1: loaded successfully
0	18:44:49.142	HistoryCenter: synchronize 'GBPUSD1'
0	18:44:49.909	HistoryCenter: 2 bars imported in 'GBPUSD1'
0	18:44:51.017	HistoryCenter: synchronize 'GBPUSD1'
0	18:44:51.793	HistoryCenter: 2 bars imported in 'GBPUSD1'
0	18:44:52.350	HistoryCenter: synchronize 'GBPUSD1'
0	18:44:53.096	HistoryCenter: 2 bars imported in 'GBPUSD1'
0	18:44:54.198	HistoryCenter: synchronize 'GBPUSD1'
0	18:44:54.966	HistoryCenter: 2 bars imported in 'GBPUSD1'
0	18:44:56.068	HistoryCenter: synchronize 'GBPUSD1'
0	18:44:56.809	HistoryCenter: 2 bars imported in 'GBPUSD1'
0	18:44:57.364	HistoryCenter: synchronize 'GBPUSD1'
0	18:44:58.144	HistoryCenter: 2 bars imported in 'GBPUSD1'
0	18:44:59.249	HistoryCenter: synchronize 'GBPUSD1'
0	18:45:00.004	HistoryCenter: 2 bars imported in 'GBPUSD1'
0	18:45:01.115	HistoryCenter: synchronize 'GBPUSD1'
0	18:45:01.856	HistoryCenter: 2 bars imported in 'GBPUSD1'
0	18:45:02.417	HistoryCenter: synchronize 'GBPUSD1'
0	18:45:03.160	HistoryCenter: 2 bars imported in 'GBPUSD1'
2	18:47:41.285	Custom indicator iclock_mod1 USDJPY,M1: loaded successfully
2	18:47:41.294	Custom indicator fadedbckgrnd2__1 USDJPY,M1: loaded successfully
2	18:47:41.302	Custom indicator FixedChartScale USDJPY,M1: loaded successfully
2	18:47:41.407	Custom indicator Price Pro Value Chart Profissional - PT-BR USDJPY,M1: loaded successfully
0	18:47:41.928	HistoryCenter: synchronize 'USDJPY1'
0	18:47:42.724	HistoryCenter: 2 bars imported in 'USDJPY1'
0	18:47:43.278	HistoryCenter: synchronize 'USDJPY1'
0	18:47:44.069	HistoryCenter: 2 bars imported in 'USDJPY1'
0	18:47:44.620	HistoryCenter: synchronize 'USDJPY1'
2	18:47:45.106	Custom indicator iclock_mod1 USDJPY,M1: removed
2	18:47:45.107	Custom indicator fadedbckgrnd2__1 USDJPY,M1: removed
2	18:47:45.108	Custom indicator FixedChartScale USDJPY,M1: removed
2	18:47:45.121	Custom indicator Price Pro Value Chart Profissional - PT-BR USDJPY,M1: removed
2	18:47:45.132	Custom indicator iclock_mod1 USDJPY,M1: loaded successfully
2	18:47:45.139	Custom indicator fadedbckgrnd2__1 USDJPY,M1: loaded successfully
2	18:47:45.147	Custom indicator FixedChartScale USDJPY,M1: loaded successfully
2	18:47:45.242	Custom indicator Price Pro Value Chart Profissional - PT-BR USDJPY,M1: loaded successfully
0	18:47:45.358	HistoryCenter: 2 bars imported in 'USDJPY1'
0	18:47:45.905	HistoryCenter: synchronize 'USDJPY1'
0	18:47:46.689	HistoryCenter: 2 bars imported in 'USDJPY1'
0	18:47:47.793	HistoryCenter: synchronize 'USDJPY1'
0	18:47:48.530	HistoryCenter: 2 bars imported in 'USDJPY1'
0	18:47:49.632	HistoryCenter: synchronize 'USDJPY1'
0	18:47:50.375	HistoryCenter: 2 bars imported in 'USDJPY1'
0	18:47:50.933	HistoryCenter: synchronize 'USDJPY1'
0	18:47:52.228	HistoryCenter: 2 bars imported in 'USDJPY1'
0	18:47:52.790	HistoryCenter: synchronize 'USDJPY1'
0	18:47:53.617	HistoryCenter: 2 bars imported in 'USDJPY1'
0	18:47:54.729	HistoryCenter: synchronize 'USDJPY1'
0	18:47:55.545	HistoryCenter: 2 bars imported in 'USDJPY1'
0	18:47:56.652	HistoryCenter: synchronize 'USDJPY1'
0	18:47:57.485	HistoryCenter: 2 bars imported in 'USDJPY1'
0	18:47:58.591	HistoryCenter: synchronize 'USDJPY1'
0	18:47:59.346	HistoryCenter: 2 bars imported in 'USDJPY1'
0	18:47:59.897	HistoryCenter: synchronize 'USDJPY1'
0	18:48:00.639	HistoryCenter: 2 bars imported in 'USDJPY1'
0	18:48:01.762	HistoryCenter: synchronize 'USDJPY1'
0	18:48:03.147	HistoryCenter: 2 bars imported in 'USDJPY1'
0	18:48:03.701	HistoryCenter: synchronize 'USDJPY1'
0	18:48:04.506	HistoryCenter: 2 bars imported in 'USDJPY1'
2	18:51:53.374	Custom indicator iclock_mod1 USDJPY,M1: removed
2	18:51:53.376	Custom indicator fadedbckgrnd2__1 USDJPY,M1: removed
2	18:51:53.377	Custom indicator FixedChartScale USDJPY,M1: removed
2	18:51:53.390	Custom indicator Price Pro Value Chart Profissional - PT-BR USDJPY,M1: removed
2	18:51:58.464	Custom indicator iclock_mod1 GBPUSD,M1: removed
2	18:51:58.465	Custom indicator fadedbckgrnd2__1 GBPUSD,M1: removed
2	18:51:58.467	Custom indicator FixedChartScale GBPUSD,M1: removed
2	18:51:58.479	Custom indicator Price Pro Value Chart Profissional - PT-BR GBPUSD,M1: removed
2	18:51:58.488	Custom indicator iclock_mod1 GBPUSD,M1: loaded successfully
2	18:52:01.983	Custom indicator iclock_mod1 EURUSD,M1: removed
2	18:52:01.984	Custom indicator fadedbckgrnd2__1 EURUSD,M1: removed
2	18:52:01.985	Custom indicator FixedChartScale EURUSD,M1: removed
2	18:52:01.998	Custom indicator Price Pro Value Chart Profissional - PT-BR EURUSD,M1: removed
2	18:52:02.007	Custom indicator iclock_mod1 EURUSD,M1: loaded successfully
2	18:52:10.285	Expert PriceProCharts EURUSD,M1: loaded successfully
0	18:52:11.612	HistoryCenter: synchronize 'EURUSD1'
0	18:52:12.362	HistoryCenter: 2 bars imported in 'EURUSD1'
2	18:52:39.379	Custom indicator iclock_mod1 GBPUSDiqo,M1: loaded successfully
2	18:52:39.387	Custom indicator fadedbckgrnd2__1 GBPUSDiqo,M1: loaded successfully
2	18:52:39.394	Custom indicator FixedChartScale GBPUSDiqo,M1: loaded successfully
2	18:52:39.489	Custom indicator Price Pro Value Chart Profissional - PT-BR GBPUSDiqo,M1: loaded successfully
2	18:52:48.491	Custom indicator iclock_mod1 EURUSDiqo,M1: loaded successfully
2	18:52:48.498	Custom indicator fadedbckgrnd2__1 EURUSDiqo,M1: loaded successfully
2	18:52:48.507	Custom indicator FixedChartScale EURUSDiqo,M1: loaded successfully
2	18:52:48.608	Custom indicator Price Pro Value Chart Profissional - PT-BR EURUSDiqo,M1: loaded successfully
2	18:54:46.203	Custom indicator iclock_mod1 EURUSDiqo,M1: removed
2	18:54:57.907	Custom indicator iclock_mod1 GBPUSDiqo,M1: removed
1	19:03:52.574	'15069840': connect failed [Sem conexão]
2	19:04:08.487	Custom indicator iclock_mod1 GBPUSD,M1: removed
0	19:04:49.742	'15069840': login on Alpari-Demo through Demo.Europe.9:1119 (ping: 253.80 ms)
0	19:04:51.629	'15069840': login datacenter on Alpari-Demo through Demo.Europe.9:1119 (ping: 253.80 ms)
0	19:04:52.258	'15069840': previous successful authorization performed from 177.13.221.212
2	21:38:58.427	Custom indicator fadedbckgrnd2__1 EURUSDiqo,M1: removed
2	21:38:58.427	Custom indicator FixedChartScale EURUSDiqo,M1: removed
2	21:38:58.442	Custom indicator Price Pro Value Chart Profissional - PT-BR EURUSDiqo,M1: removed
2	21:39:01.020	Custom indicator fadedbckgrnd2__1 GBPUSDiqo,M1: removed
2	21:39:01.020	Custom indicator FixedChartScale GBPUSDiqo,M1: removed
2	21:39:01.035	Custom indicator Price Pro Value Chart Profissional - PT-BR GBPUSDiqo,M1: removed
2	21:39:01.973	Expert PriceProCharts EURUSD,M1: removed
2	21:39:01.973	Custom indicator iclock_mod1 EURUSD,M1: removed
0	21:39:02.196	Alpari MT4 build 1359 stopped
0	21:39:20.326	Alpari MT4 build 1359 started (Alpari International)
0	21:39:20.326	Windows 10 Pro x64, IE 11, UAC, 8 x Intel Core i7-7700HQ  @ 2.80GHz, Memory: 13443 / 16267 Mb, Disk: 392 / 476 Gb, GMT-3
0	21:39:20.326	Data Folder: C:\Users\Administrator\AppData\Roaming\MetaQuotes\Terminal\287469DEA9630EA94D0715D755974F1B
2	21:39:21.481	Custom indicator iclock_mod1 EURUSD,M1: loaded successfully
2	21:39:21.497	Expert PriceProCharts EURUSD,M1: loaded successfully
0	21:39:22.528	'15069840': login on Alpari-Demo through Demo.Europe.9:1119 (ping: 253.80 ms)
2	21:39:23.934	Custom indicator iclock_mod1 EURUSD,M1: removed
0	21:39:24.653	'15069840': login datacenter on Alpari-Demo through Demo.Europe.9:1119 (ping: 253.80 ms)
0	21:39:25.248	'15069840': previous successful authorization performed from 177.13.216.47
2	21:40:02.568	Custom indicator fadedbckgrnd2__1 EURUSD,M1: loaded successfully
2	21:40:02.568	Custom indicator FixedChartScale EURUSD,M1: loaded successfully
2	21:40:02.661	Custom indicator Price Pro Value Chart Profissional - PT-BR EURUSD,M1: loaded successfully
0	21:40:03.034	HistoryCenter: synchronize 'EURUSD1'
0	21:40:03.799	HistoryCenter: 2 bars imported in 'EURUSD1'
0	21:40:04.911	HistoryCenter: synchronize 'EURUSD1'
0	21:40:05.678	HistoryCenter: 2 bars imported in 'EURUSD1'
0	21:40:06.224	HistoryCenter: synchronize 'EURUSD1'
0	21:40:06.974	HistoryCenter: 2 bars imported in 'EURUSD1'
0	21:40:08.068	HistoryCenter: synchronize 'EURUSD1'
0	21:40:08.802	HistoryCenter: 2 bars imported in 'EURUSD1'
0	21:40:09.364	HistoryCenter: synchronize 'EURUSD1'
0	21:40:10.098	HistoryCenter: 2 bars imported in 'EURUSD1'
2	21:40:13.019	Custom indicator fadedbckgrnd2__1 EURGBP,M1: loaded successfully
2	21:40:13.019	Custom indicator FixedChartScale EURGBP,M1: loaded successfully
2	21:40:13.113	Custom indicator Price Pro Value Chart Profissional - PT-BR EURGBP,M1: loaded successfully
0	21:40:13.972	HistoryCenter: synchronize 'EURGBP1'
0	21:40:14.769	HistoryCenter: 2 bars imported in 'EURGBP1'
0	21:40:15.331	HistoryCenter: synchronize 'EURGBP1'
0	21:40:15.882	'15069840': ping to current access point Demo.Europe.9:1119 is 252.20 ms
0	21:40:16.072	HistoryCenter: 2 bars imported in 'EURGBP1'
0	21:40:16.627	HistoryCenter: synchronize 'EURGBP1'
0	21:40:17.374	HistoryCenter: 2 bars imported in 'EURGBP1'
0	21:40:18.468	HistoryCenter: synchronize 'EURGBP1'
0	21:40:19.218	HistoryCenter: 2 bars imported in 'EURGBP1'
0	21:40:19.780	HistoryCenter: synchronize 'EURGBP1'
0	21:40:20.764	HistoryCenter: 2 bars imported in 'EURGBP1'
2	21:40:21.295	Custom indicator fadedbckgrnd2__1 EURJPY,H1: loaded successfully
2	21:40:21.295	Custom indicator FixedChartScale EURJPY,H1: loaded successfully
2	21:40:21.404	Custom indicator Price Pro Value Chart Profissional - PT-BR EURJPY,H1: loaded successfully
0	21:40:21.878	HistoryCenter: synchronize 'EURJPY60'
0	21:40:23.248	HistoryCenter: 2108 bars imported in 'EURJPY60'
0	21:40:23.248	HistoryCenter: synchronize 'EURGBP1'
0	21:40:24.060	HistoryCenter: 2 bars imported in 'EURGBP1'
0	21:40:24.607	HistoryCenter: synchronize 'EURJPY60'
0	21:40:25.385	HistoryCenter: 2 bars imported in 'EURJPY60'
0	21:40:25.385	HistoryCenter: synchronize 'EURGBP1'
0	21:40:26.136	HistoryCenter: 2 bars imported in 'EURGBP1'
0	21:40:26.699	HistoryCenter: synchronize 'EURJPY1'
0	21:40:28.245	HistoryCenter: 8533 bars imported in 'EURJPY1'
0	21:40:28.245	HistoryCenter: synchronize 'EURGBP1'
0	21:40:28.996	HistoryCenter: 2 bars imported in 'EURGBP1'
0	21:40:29.542	HistoryCenter: synchronize 'EURJPY1'
0	21:40:30.307	HistoryCenter: 2 bars imported in 'EURJPY1'
0	21:40:30.307	HistoryCenter: synchronize 'EURGBP1'
0	21:40:31.058	HistoryCenter: 2 bars imported in 'EURGBP1'
0	21:40:31.604	HistoryCenter: synchronize 'EURJPY1'
0	21:40:32.510	HistoryCenter: 2 bars imported in 'EURJPY1'
0	21:40:33.073	HistoryCenter: synchronize 'EURJPY1'
0	21:40:33.869	HistoryCenter: 2 bars imported in 'EURJPY1'
0	21:40:34.963	HistoryCenter: synchronize 'EURJPY1'
0	21:40:35.869	HistoryCenter: 2 bars imported in 'EURJPY1'
2	22:06:14.484	Custom indicator fadedbckgrnd2__1 EURUSD,M1: removed
2	22:06:14.484	Custom indicator FixedChartScale EURUSD,M1: removed
2	22:06:14.500	Custom indicator Price Pro Value Chart Profissional - PT-BR EURUSD,M1: removed
2	22:06:14.515	Custom indicator fadedbckgrnd2__1 EURGBP,M1: removed
2	22:06:14.515	Custom indicator FixedChartScale EURGBP,M1: removed
2	22:06:14.531	Custom indicator Price Pro Value Chart Profissional - PT-BR EURGBP,M1: removed
2	22:06:14.531	Custom indicator fadedbckgrnd2__1 EURJPY,M1: removed
2	22:06:14.531	Custom indicator FixedChartScale EURJPY,M1: removed
2	22:06:14.547	Custom indicator Price Pro Value Chart Profissional - PT-BR EURJPY,M1: removed
0	22:06:14.734	Alpari MT4 build 1359 stopped
