0	06:34:44.596	Alpari MT4 build 1359 started (Alpari International)
0	06:34:44.596	Windows 10 Pro x64, IE 11, UAC, 8 x Intel Core i7-7700HQ  @ 2.80GHz, Memory: 13967 / 16267 Mb, Disk: 390 / 476 Gb, GMT-3
0	06:34:44.596	Data Folder: C:\Users\Administrator\AppData\Roaming\MetaQuotes\Terminal\287469DEA9630EA94D0715D755974F1B
2	06:34:45.791	Custom indicator fadedbckgrnd2__1 EURUSD,M5: loaded successfully
2	06:34:45.798	Custom indicator FixedChartScale EURUSD,M5: loaded successfully
2	06:34:45.901	Custom indicator Price Pro Value Chart Profissional - PT-BR EURUSD,M5: loaded successfully
2	06:34:46.084	Custom indicator Price Pro Value Chart Profissional - PT-BR EURUSD,M5: removed
2	06:34:46.115	Custom indicator fadedbckgrnd2__1 EURGBP,M5: loaded successfully
2	06:34:46.115	Custom indicator FixedChartScale EURGBP,M5: loaded successfully
2	06:34:46.225	Custom indicator Price Pro Value Chart Profissional - PT-BR EURGBP,M5: loaded successfully
2	06:34:46.396	Custom indicator Price Pro Value Chart Profissional - PT-BR EURGBP,M5: removed
2	06:34:46.428	Custom indicator fadedbckgrnd2__1 GBPUSD,M5: loaded successfully
2	06:34:46.443	Custom indicator FixedChartScale GBPUSD,M5: loaded successfully
2	06:34:46.537	Custom indicator Price Pro Value Chart Profissional - PT-BR GBPUSD,M5: loaded successfully
2	06:34:46.724	Custom indicator Price Pro Value Chart Profissional - PT-BR GBPUSD,M5: removed
0	06:34:46.943	HistoryCenter: synchronize 'EURUSD5'
0	06:34:47.758	'15069840': login on Alpari-Demo through Demo.Europe.2:444 (ping: 242.18 ms)
0	06:34:47.767	HistoryCenter: 151 bars imported in 'EURUSD5'
0	06:34:47.767	HistoryCenter: synchronize 'EURGBP5'
0	06:34:48.571	HistoryCenter: 151 bars imported in 'EURGBP5'
0	06:34:49.118	HistoryCenter: synchronize 'GBPUSD5'
0	06:34:49.852	HistoryCenter: 151 bars imported in 'GBPUSD5'
0	06:34:49.868	'15069840': login datacenter on Alpari-Demo through Demo.Europe.2:444 (ping: 242.18 ms)
0	06:34:50.495	'15069840': previous successful authorization performed from 177.13.216.215
2	06:34:55.420	Custom indicator fadedbckgrnd2__1 EURUSD,M5: removed
2	06:34:55.422	Custom indicator FixedChartScale EURUSD,M5: removed
2	06:34:55.442	Custom indicator fadedbckgrnd2__1 EURUSD,M5: loaded successfully
2	06:34:55.462	Custom indicator FixedChartScale EURUSD,M5: loaded successfully
2	06:34:55.644	Custom indicator Price Pro Value Chart Profissional - PT-BR EURUSD,M5: loaded successfully
0	06:34:56.524	HistoryCenter: synchronize 'EURUSD5'
0	06:34:57.332	HistoryCenter: 2 bars imported in 'EURUSD5'
0	06:34:59.549	HistoryCenter: synchronize 'EURUSD5'
0	06:35:00.332	HistoryCenter: 2 bars imported in 'EURUSD5'
0	06:35:01.425	HistoryCenter: synchronize 'EURUSD5'
0	06:35:02.190	HistoryCenter: 2 bars imported in 'EURUSD5'
0	06:35:03.283	HistoryCenter: synchronize 'EURUSD5'
0	06:35:04.025	HistoryCenter: 2 bars imported in 'EURUSD5'
0	06:35:05.144	HistoryCenter: synchronize 'EURUSD5'
0	06:35:06.160	HistoryCenter: 2 bars imported in 'EURUSD5'
0	06:35:07.253	HistoryCenter: synchronize 'EURUSD5'
0	06:35:08.121	HistoryCenter: 2 bars imported in 'EURUSD5'
0	06:35:22.046	HistoryCenter: synchronize 'EURUSD30'
0	06:35:23.254	HistoryCenter: 2 bars imported in 'EURUSD30'
0	06:35:23.795	HistoryCenter: synchronize 'EURUSD30'
0	06:35:25.136	HistoryCenter: 2 bars imported in 'EURUSD30'
0	06:35:25.684	HistoryCenter: synchronize 'EURUSD30'
0	06:35:27.153	HistoryCenter: 2 bars imported in 'EURUSD30'
0	06:35:27.699	HistoryCenter: synchronize 'EURUSD30'
0	06:35:29.113	HistoryCenter: 2 bars imported in 'EURUSD30'
0	06:35:29.660	HistoryCenter: synchronize 'EURUSD30'
0	06:35:30.902	HistoryCenter: 2 bars imported in 'EURUSD30'
0	06:35:31.469	HistoryCenter: synchronize 'EURUSD30'
0	06:35:32.761	HistoryCenter: 2 bars imported in 'EURUSD30'
0	06:35:33.322	HistoryCenter: synchronize 'EURUSD15'
0	06:35:34.527	HistoryCenter: 2 bars imported in 'EURUSD15'
0	06:35:35.065	HistoryCenter: synchronize 'EURUSD15'
0	06:35:36.314	HistoryCenter: 2 bars imported in 'EURUSD15'
0	06:35:36.867	HistoryCenter: synchronize 'EURUSD15'
0	06:35:38.148	HistoryCenter: 2 bars imported in 'EURUSD15'
0	06:35:39.242	HistoryCenter: synchronize 'EURUSD15'
0	06:35:40.606	HistoryCenter: 2 bars imported in 'EURUSD15'
0	06:35:41.150	HistoryCenter: synchronize 'EURUSD15'
0	06:35:41.888	'15069840': ping to current access point Demo.Europe.2:444 is 241.11 ms
0	06:35:42.199	HistoryCenter: 2 bars imported in 'EURUSD15'
0	06:35:43.286	HistoryCenter: synchronize 'EURUSD15'
0	06:35:44.212	HistoryCenter: 2 bars imported in 'EURUSD15'
0	06:35:44.749	HistoryCenter: synchronize 'EURUSD15'
0	06:35:46.001	HistoryCenter: 2 bars imported in 'EURUSD15'
0	06:36:12.400	HistoryCenter: synchronize 'EURUSD15'
0	06:36:13.900	HistoryCenter: 2 bars imported in 'EURUSD15'
0	06:36:14.453	HistoryCenter: synchronize 'EURUSD15'
0	06:36:15.265	HistoryCenter: 2 bars imported in 'EURUSD15'
0	06:36:16.357	HistoryCenter: synchronize 'EURUSD15'
0	06:36:17.667	HistoryCenter: 2 bars imported in 'EURUSD15'
0	06:36:18.214	HistoryCenter: synchronize 'EURUSD15'
0	06:36:19.897	HistoryCenter: 2 bars imported in 'EURUSD15'
0	06:36:20.475	HistoryCenter: synchronize 'EURUSD15'
0	06:36:22.045	HistoryCenter: 2 bars imported in 'EURUSD15'
0	06:36:22.612	HistoryCenter: synchronize 'EURUSD15'
0	06:36:24.439	HistoryCenter: 2 bars imported in 'EURUSD15'
0	06:36:25.579	HistoryCenter: synchronize 'EURUSD15'
0	06:36:27.220	HistoryCenter: 2 bars imported in 'EURUSD15'
0	06:36:28.348	HistoryCenter: synchronize 'EURUSD15'
0	06:36:30.163	HistoryCenter: 2 bars imported in 'EURUSD15'
0	06:36:30.725	HistoryCenter: synchronize 'EURUSD15'
0	06:36:32.383	HistoryCenter: 2 bars imported in 'EURUSD15'
0	06:36:33.493	HistoryCenter: synchronize 'EURUSD15'
0	06:36:35.383	HistoryCenter: 2 bars imported in 'EURUSD15'
0	06:36:51.954	HistoryCenter: synchronize 'EURUSD15'
0	06:36:53.488	HistoryCenter: 2 bars imported in 'EURUSD15'
0	06:36:54.600	HistoryCenter: synchronize 'EURUSD15'
0	06:36:56.180	HistoryCenter: 2 bars imported in 'EURUSD15'
0	06:36:56.727	HistoryCenter: synchronize 'EURUSD15'
0	06:36:58.403	HistoryCenter: 2 bars imported in 'EURUSD15'
0	06:36:58.950	HistoryCenter: synchronize 'EURUSD15'
0	06:37:00.605	HistoryCenter: 2 bars imported in 'EURUSD15'
0	06:37:01.714	HistoryCenter: synchronize 'EURUSD15'
0	06:37:03.507	HistoryCenter: 2 bars imported in 'EURUSD15'
0	06:37:04.600	HistoryCenter: synchronize 'EURUSD15'
0	06:37:06.202	HistoryCenter: 2 bars imported in 'EURUSD15'
0	06:37:06.747	HistoryCenter: synchronize 'EURUSD15'
0	06:37:07.621	HistoryCenter: 2 bars imported in 'EURUSD15'
0	06:37:08.713	HistoryCenter: synchronize 'EURUSD15'
0	06:37:09.790	HistoryCenter: 2 bars imported in 'EURUSD15'
0	06:37:10.912	HistoryCenter: synchronize 'EURUSD15'
0	06:37:12.258	HistoryCenter: 2 bars imported in 'EURUSD15'
0	06:37:12.801	HistoryCenter: synchronize 'EURUSD15'
0	06:37:13.598	HistoryCenter: 2 bars imported in 'EURUSD15'
0	06:37:21.893	HistoryCenter: synchronize 'EURUSD5'
0	06:37:23.066	HistoryCenter: 2 bars imported in 'EURUSD5'
0	06:37:23.614	HistoryCenter: synchronize 'EURUSD5'
0	06:37:24.695	HistoryCenter: 2 bars imported in 'EURUSD5'
0	06:37:25.257	HistoryCenter: synchronize 'EURUSD5'
0	06:37:26.007	HistoryCenter: 2 bars imported in 'EURUSD5'
0	06:37:26.554	HistoryCenter: synchronize 'EURUSD5'
0	06:37:27.319	HistoryCenter: 2 bars imported in 'EURUSD5'
0	06:37:28.415	HistoryCenter: synchronize 'EURUSD5'
0	06:37:29.180	HistoryCenter: 2 bars imported in 'EURUSD5'
0	06:37:29.743	HistoryCenter: synchronize 'EURUSD5'
0	06:37:30.519	HistoryCenter: 2 bars imported in 'EURUSD5'
0	06:37:31.617	HistoryCenter: synchronize 'EURUSD5'
0	06:37:32.351	HistoryCenter: 2 bars imported in 'EURUSD5'
0	06:37:33.460	HistoryCenter: synchronize 'EURUSD5'
0	06:37:34.225	HistoryCenter: 2 bars imported in 'EURUSD5'
0	06:37:35.334	HistoryCenter: synchronize 'EURUSD5'
0	06:37:36.130	HistoryCenter: 2 bars imported in 'EURUSD5'
0	06:37:36.693	HistoryCenter: synchronize 'EURUSD5'
0	06:37:37.474	HistoryCenter: 2 bars imported in 'EURUSD5'
0	06:37:38.583	HistoryCenter: synchronize 'EURUSD5'
0	06:37:39.318	HistoryCenter: 2 bars imported in 'EURUSD5'
2	06:37:51.235	Custom indicator fadedbckgrnd2__1 EURUSD,M5: removed
2	06:37:51.235	Custom indicator FixedChartScale EURUSD,M5: removed
2	06:37:51.251	Custom indicator Price Pro Value Chart Profissional - PT-BR EURUSD,M5: removed
2	06:37:51.266	Custom indicator fadedbckgrnd2__1 EURUSD,M5: loaded successfully
2	06:37:51.266	Custom indicator FixedChartScale EURUSD,M5: loaded successfully
2	06:37:51.376	Custom indicator Price Pro Value Chart Profissional - PT-BR EURUSD,M5: loaded successfully
0	06:37:51.986	HistoryCenter: synchronize 'EURUSD5'
0	06:37:52.724	HistoryCenter: 2 bars imported in 'EURUSD5'
0	06:37:53.271	HistoryCenter: synchronize 'EURUSD5'
0	06:37:53.989	HistoryCenter: 2 bars imported in 'EURUSD5'
0	06:37:55.098	HistoryCenter: synchronize 'EURUSD5'
0	06:37:55.848	HistoryCenter: 2 bars imported in 'EURUSD5'
0	06:37:56.942	HistoryCenter: synchronize 'EURUSD5'
0	06:37:57.645	HistoryCenter: 2 bars imported in 'EURUSD5'
0	06:37:58.769	HistoryCenter: synchronize 'EURUSD5'
0	06:37:59.535	HistoryCenter: 2 bars imported in 'EURUSD5'
0	06:38:00.081	HistoryCenter: synchronize 'EURUSD5'
0	06:38:00.815	HistoryCenter: 2 bars imported in 'EURUSD5'
2	06:38:10.489	Custom indicator fadedbckgrnd2__1 EURGBP,M5: removed
2	06:38:10.489	Custom indicator FixedChartScale EURGBP,M5: removed
2	06:38:10.504	Custom indicator fadedbckgrnd2__1 EURGBP,M5: loaded successfully
2	06:38:10.504	Custom indicator FixedChartScale EURGBP,M5: loaded successfully
2	06:38:10.598	Custom indicator Price Pro Value Chart Profissional - PT-BR EURGBP,M5: loaded successfully
0	06:38:11.302	HistoryCenter: synchronize 'EURGBP5'
0	06:38:12.035	HistoryCenter: 2 bars imported in 'EURGBP5'
0	06:38:12.598	HistoryCenter: synchronize 'EURGBP5'
0	06:38:13.364	HistoryCenter: 2 bars imported in 'EURGBP5'
0	06:38:13.925	HistoryCenter: synchronize 'EURGBP5'
0	06:38:14.676	HistoryCenter: 2 bars imported in 'EURGBP5'
0	06:38:15.222	HistoryCenter: synchronize 'EURGBP5'
0	06:38:15.972	HistoryCenter: 2 bars imported in 'EURGBP5'
0	06:38:17.105	HistoryCenter: synchronize 'EURGBP5'
0	06:38:17.871	HistoryCenter: 2 bars imported in 'EURGBP5'
0	06:38:18.980	HistoryCenter: synchronize 'EURGBP5'
0	06:38:19.730	HistoryCenter: 2 bars imported in 'EURGBP5'
0	06:38:20.292	HistoryCenter: synchronize 'EURGBP5'
0	06:38:21.058	HistoryCenter: 2 bars imported in 'EURGBP5'
0	06:38:22.183	HistoryCenter: synchronize 'EURGBP5'
0	06:38:22.932	HistoryCenter: 2 bars imported in 'EURGBP5'
0	06:38:24.057	HistoryCenter: synchronize 'EURGBP5'
0	06:38:24.775	HistoryCenter: 2 bars imported in 'EURGBP5'
0	06:38:25.323	HistoryCenter: synchronize 'EURGBP5'
0	06:38:26.072	HistoryCenter: 2 bars imported in 'EURGBP5'
0	06:38:27.181	HistoryCenter: synchronize 'EURGBP5'
0	06:38:27.931	HistoryCenter: 2 bars imported in 'EURGBP5'
0	06:38:29.024	HistoryCenter: synchronize 'EURGBP5'
0	06:38:29.775	HistoryCenter: 2 bars imported in 'EURGBP5'
0	06:38:30.337	HistoryCenter: synchronize 'EURGBP5'
0	06:38:31.102	HistoryCenter: 2 bars imported in 'EURGBP5'
2	06:38:48.156	Custom indicator fadedbckgrnd2__1 GBPUSD,M5: removed
2	06:38:48.156	Custom indicator FixedChartScale GBPUSD,M5: removed
2	06:38:48.171	Custom indicator fadedbckgrnd2__1 GBPUSD,M5: loaded successfully
2	06:38:48.171	Custom indicator FixedChartScale GBPUSD,M5: loaded successfully
2	06:38:48.281	Custom indicator Price Pro Value Chart Profissional - PT-BR GBPUSD,M5: loaded successfully
0	06:38:48.562	HistoryCenter: synchronize 'GBPUSD5'
0	06:38:49.280	HistoryCenter: 2 bars imported in 'GBPUSD5'
0	06:38:50.389	HistoryCenter: synchronize 'GBPUSD5'
0	06:38:51.171	HistoryCenter: 2 bars imported in 'GBPUSD5'
0	06:38:51.733	HistoryCenter: synchronize 'GBPUSD5'
0	06:38:52.498	HistoryCenter: 2 bars imported in 'GBPUSD5'
0	06:38:53.607	HistoryCenter: synchronize 'GBPUSD5'
0	06:38:54.373	HistoryCenter: 2 bars imported in 'GBPUSD5'
0	06:38:54.935	HistoryCenter: synchronize 'GBPUSD5'
0	06:38:55.638	HistoryCenter: 2 bars imported in 'GBPUSD5'
0	06:38:56.763	HistoryCenter: synchronize 'GBPUSD5'
0	06:38:57.482	HistoryCenter: 2 bars imported in 'GBPUSD5'
0	06:38:58.044	HistoryCenter: synchronize 'GBPUSD5'
0	06:38:58.809	HistoryCenter: 2 bars imported in 'GBPUSD5'
0	06:38:59.903	HistoryCenter: synchronize 'GBPUSD5'
0	06:39:00.716	HistoryCenter: 2 bars imported in 'GBPUSD5'
0	06:39:01.809	HistoryCenter: synchronize 'GBPUSD5'
0	06:39:02.543	HistoryCenter: 2 bars imported in 'GBPUSD5'
0	06:39:03.637	HistoryCenter: synchronize 'GBPUSD5'
0	06:39:04.386	HistoryCenter: 2 bars imported in 'GBPUSD5'
2	06:39:15.014	Custom indicator fadedbckgrnd2__1 GBPUSD,M5: removed
2	06:39:15.014	Custom indicator FixedChartScale GBPUSD,M5: removed
2	06:39:15.029	Custom indicator Price Pro Value Chart Profissional - PT-BR GBPUSD,M5: removed
2	06:39:15.045	Custom indicator fadedbckgrnd2__1 GBPUSD,M5: loaded successfully
2	06:39:15.045	Custom indicator FixedChartScale GBPUSD,M5: loaded successfully
2	06:39:15.154	Custom indicator Price Pro Value Chart Profissional - PT-BR GBPUSD,M5: loaded successfully
0	06:39:15.982	HistoryCenter: synchronize 'GBPUSD5'
0	06:39:16.733	HistoryCenter: 2 bars imported in 'GBPUSD5'
0	06:39:17.279	HistoryCenter: synchronize 'GBPUSD5'
0	06:39:18.014	HistoryCenter: 2 bars imported in 'GBPUSD5'
0	06:39:18.592	HistoryCenter: synchronize 'GBPUSD5'
0	06:39:19.341	HistoryCenter: 2 bars imported in 'GBPUSD5'
0	06:39:20.450	HistoryCenter: synchronize 'GBPUSD5'
0	06:39:21.263	HistoryCenter: 2 bars imported in 'GBPUSD5'
0	06:39:21.825	HistoryCenter: synchronize 'GBPUSD5'
0	06:39:22.575	HistoryCenter: 2 bars imported in 'GBPUSD5'
0	06:39:23.699	HistoryCenter: synchronize 'GBPUSD5'
0	06:39:24.449	HistoryCenter: 2 bars imported in 'GBPUSD5'
0	06:39:25.559	HistoryCenter: synchronize 'GBPUSD5'
0	06:39:26.277	HistoryCenter: 2 bars imported in 'GBPUSD5'
0	06:39:26.839	HistoryCenter: synchronize 'GBPUSD5'
0	06:39:27.558	HistoryCenter: 2 bars imported in 'GBPUSD5'
0	06:39:28.652	HistoryCenter: synchronize 'GBPUSD5'
0	06:39:29.402	HistoryCenter: 2 bars imported in 'GBPUSD5'
0	06:39:30.495	HistoryCenter: synchronize 'GBPUSD5'
0	06:39:31.260	HistoryCenter: 2 bars imported in 'GBPUSD5'
0	06:39:31.823	HistoryCenter: synchronize 'GBPUSD5'
0	06:39:32.572	HistoryCenter: 2 bars imported in 'GBPUSD5'
2	06:40:01.681	Custom indicator fadedbckgrnd2__1 EURGBP,M5: removed
2	06:40:01.682	Custom indicator FixedChartScale EURGBP,M5: removed
2	06:40:01.683	Custom indicator Price Pro Value Chart Profissional - PT-BR EURGBP,M5: removed
0	06:40:14.862	HistoryCenter: synchronize 'GBPUSD1'
0	06:40:15.867	HistoryCenter: 819 bars imported in 'GBPUSD1'
0	06:40:16.980	HistoryCenter: synchronize 'GBPUSD1'
0	06:40:17.714	HistoryCenter: 2 bars imported in 'GBPUSD1'
0	06:40:18.277	HistoryCenter: synchronize 'GBPUSD1'
0	06:40:19.089	HistoryCenter: 2 bars imported in 'GBPUSD1'
0	06:40:34.507	HistoryCenter: synchronize 'GBPUSD1'
0	06:40:35.234	HistoryCenter: 2 bars imported in 'GBPUSD1'
0	06:40:35.795	HistoryCenter: synchronize 'GBPUSD1'
0	06:40:36.559	HistoryCenter: 2 bars imported in 'GBPUSD1'
0	06:40:37.158	HistoryCenter: synchronize 'GBPUSD1'
0	06:40:37.919	HistoryCenter: 2 bars imported in 'GBPUSD1'
0	06:40:38.509	HistoryCenter: synchronize 'GBPUSD1'
0	06:40:39.283	HistoryCenter: 2 bars imported in 'GBPUSD1'
0	06:41:54.053	HistoryCenter: synchronize 'GBPUSD1'
0	06:41:54.830	HistoryCenter: 2 bars imported in 'GBPUSD1'
0	06:41:55.397	HistoryCenter: synchronize 'GBPUSD1'
0	06:41:56.188	HistoryCenter: 2 bars imported in 'GBPUSD1'
0	06:41:56.742	HistoryCenter: synchronize 'GBPUSD1'
0	06:41:57.499	HistoryCenter: 2 bars imported in 'GBPUSD1'
0	06:43:07.531	HistoryCenter: synchronize 'EURUSD1'
0	06:43:08.289	HistoryCenter: 821 bars imported in 'EURUSD1'
0	06:43:09.409	HistoryCenter: synchronize 'EURUSD1'
0	06:43:10.111	HistoryCenter: 2 bars imported in 'EURUSD1'
0	06:43:10.673	HistoryCenter: synchronize 'EURUSD1'
0	06:43:11.412	HistoryCenter: 2 bars imported in 'EURUSD1'
2	06:43:12.146	Custom indicator fadedbckgrnd2__1 EURUSD,M1: removed
2	06:43:12.146	Custom indicator FixedChartScale EURUSD,M1: removed
2	06:43:12.146	Custom indicator Price Pro Value Chart Profissional - PT-BR EURUSD,M1: removed
2	06:43:12.162	Custom indicator fadedbckgrnd2__1 EURUSD,M1: loaded successfully
2	06:43:12.177	Custom indicator FixedChartScale EURUSD,M1: loaded successfully
2	06:43:12.271	Custom indicator Price Pro Value Chart Profissional - PT-BR EURUSD,M1: loaded successfully
0	06:43:13.053	HistoryCenter: synchronize 'EURUSD1'
0	06:43:13.779	HistoryCenter: 2 bars imported in 'EURUSD1'
0	06:43:14.339	HistoryCenter: synchronize 'EURUSD1'
0	06:43:15.105	HistoryCenter: 2 bars imported in 'EURUSD1'
0	06:43:15.652	HistoryCenter: synchronize 'EURUSD1'
0	06:43:16.386	HistoryCenter: 2 bars imported in 'EURUSD1'
0	06:43:16.932	HistoryCenter: synchronize 'EURUSD1'
0	06:43:17.658	HistoryCenter: 2 bars imported in 'EURUSD1'
0	06:43:18.785	HistoryCenter: synchronize 'EURUSD1'
0	06:43:19.503	HistoryCenter: 2 bars imported in 'EURUSD1'
2	06:44:10.290	Custom indicator fadedbckgrnd2__1 EURGBP,M1: loaded successfully
2	06:44:10.290	Custom indicator FixedChartScale EURGBP,M1: loaded successfully
2	06:44:10.384	Custom indicator Price Pro Value Chart Profissional - PT-BR EURGBP,M1: loaded successfully
0	06:44:10.712	HistoryCenter: synchronize 'EURGBP1'
0	06:44:11.457	HistoryCenter: 2 bars imported in 'EURGBP1'
0	06:44:12.556	HistoryCenter: synchronize 'EURGBP1'
0	06:44:13.324	HistoryCenter: 2 bars imported in 'EURGBP1'
0	06:44:13.877	HistoryCenter: synchronize 'EURGBP1'
0	06:44:14.595	HistoryCenter: 2 bars imported in 'EURGBP1'
0	06:44:15.701	HistoryCenter: synchronize 'EURGBP1'
0	06:44:16.436	HistoryCenter: 2 bars imported in 'EURGBP1'
0	06:44:16.982	HistoryCenter: synchronize 'EURGBP1'
0	06:44:17.748	HistoryCenter: 2 bars imported in 'EURGBP1'
0	06:44:18.857	HistoryCenter: synchronize 'EURGBP1'
0	06:44:19.591	HistoryCenter: 2 bars imported in 'EURGBP1'
0	06:44:53.406	HistoryCenter: synchronize 'EURUSD5'
0	06:44:54.443	HistoryCenter: 2 bars imported in 'EURUSD5'
0	06:44:55.023	HistoryCenter: synchronize 'EURUSD5'
0	06:44:55.744	HistoryCenter: 2 bars imported in 'EURUSD5'
0	06:44:56.837	HistoryCenter: synchronize 'GBPUSD5'
0	06:44:57.608	HistoryCenter: 2 bars imported in 'GBPUSD5'
0	06:44:57.608	HistoryCenter: synchronize 'EURUSD5'
0	06:44:58.330	HistoryCenter: 2 bars imported in 'EURUSD5'
0	06:44:58.878	HistoryCenter: synchronize 'GBPUSD5'
0	06:44:59.611	HistoryCenter: 2 bars imported in 'GBPUSD5'
0	06:44:59.611	HistoryCenter: synchronize 'EURUSD5'
0	06:45:00.361	HistoryCenter: 2 bars imported in 'EURUSD5'
0	06:45:00.923	HistoryCenter: synchronize 'GBPUSD5'
0	06:45:01.674	HistoryCenter: 2 bars imported in 'GBPUSD5'
0	06:45:01.674	HistoryCenter: synchronize 'EURUSD5'
0	06:45:02.439	HistoryCenter: 2 bars imported in 'EURUSD5'
0	06:45:03.556	HistoryCenter: synchronize 'EURUSD5'
0	06:45:04.276	HistoryCenter: 2 bars imported in 'EURUSD5'
0	06:45:04.838	HistoryCenter: synchronize 'EURUSD5'
0	06:45:05.604	HistoryCenter: 2 bars imported in 'EURUSD5'
0	06:45:06.691	HistoryCenter: synchronize 'EURGBP5'
0	06:45:07.453	HistoryCenter: 2 bars imported in 'EURGBP5'
0	06:45:07.453	HistoryCenter: synchronize 'EURUSD5'
0	06:45:08.190	HistoryCenter: 2 bars imported in 'EURUSD5'
0	06:45:08.756	HistoryCenter: synchronize 'EURGBP5'
0	06:45:09.506	HistoryCenter: 2 bars imported in 'EURGBP5'
0	06:45:09.506	HistoryCenter: synchronize 'EURUSD5'
0	06:45:10.802	HistoryCenter: 2 bars imported in 'EURUSD5'
0	06:45:11.364	HistoryCenter: synchronize 'EURGBP5'
0	06:45:12.114	HistoryCenter: 2 bars imported in 'EURGBP5'
0	06:45:13.239	HistoryCenter: synchronize 'EURGBP5'
0	06:45:14.005	HistoryCenter: 2 bars imported in 'EURGBP5'
0	06:45:14.551	HistoryCenter: synchronize 'EURGBP5'
0	06:45:15.301	HistoryCenter: 2 bars imported in 'EURGBP5'
0	06:45:16.414	HistoryCenter: synchronize 'EURGBP5'
0	06:45:17.194	HistoryCenter: 2 bars imported in 'EURGBP5'
0	06:45:18.295	HistoryCenter: synchronize 'EURGBP5'
2	06:45:18.779	Custom indicator fadedbckgrnd2__1 EURGBP,M5: removed
2	06:45:18.779	Custom indicator FixedChartScale EURGBP,M5: removed
2	06:45:18.795	Custom indicator Price Pro Value Chart Profissional - PT-BR EURGBP,M5: removed
2	06:45:18.810	Custom indicator iclock_mod1 EURGBP,M5: loaded successfully
2	06:45:18.873	Custom indicator RCS EURGBP,M5: loaded successfully
0	06:45:19.029	HistoryCenter: 2 bars imported in 'EURGBP5'
2	06:45:22.148	Custom indicator iclock_mod1 EURGBP,M5: removed
2	06:45:22.164	Custom indicator RCS EURGBP,M5: removed
2	06:45:22.164	Custom indicator fadedbckgrnd2__1 EURGBP,M5: loaded successfully
2	06:45:22.179	Custom indicator FixedChartScale EURGBP,M5: loaded successfully
2	06:45:22.273	Custom indicator Price Pro Value Chart Profissional - PT-BR EURGBP,M5: loaded successfully
0	06:45:22.898	HistoryCenter: synchronize 'EURGBP5'
0	06:45:23.632	HistoryCenter: 2 bars imported in 'EURGBP5'
0	06:45:24.726	HistoryCenter: synchronize 'EURGBP5'
0	06:45:25.488	HistoryCenter: 2 bars imported in 'EURGBP5'
0	06:45:26.599	HistoryCenter: synchronize 'EURGBP5'
0	06:45:27.385	HistoryCenter: 2 bars imported in 'EURGBP5'
2	06:45:27.870	Custom indicator fadedbckgrnd2__1 GBPUSD,M5: removed
2	06:45:27.870	Custom indicator FixedChartScale GBPUSD,M5: removed
2	06:45:27.885	Custom indicator Price Pro Value Chart Profissional - PT-BR GBPUSD,M5: removed
2	06:45:27.900	Custom indicator fadedbckgrnd2__1 GBPUSD,M5: loaded successfully
2	06:45:27.900	Custom indicator FixedChartScale GBPUSD,M5: loaded successfully
0	06:45:27.932	HistoryCenter: synchronize 'EURGBP5'
2	06:45:27.994	Custom indicator Price Pro Value Chart Profissional - PT-BR GBPUSD,M5: loaded successfully
0	06:45:28.651	HistoryCenter: 2 bars imported in 'EURGBP5'
0	06:45:28.651	HistoryCenter: synchronize 'GBPUSD5'
0	06:45:29.389	HistoryCenter: 2 bars imported in 'GBPUSD5'
0	06:45:29.949	HistoryCenter: synchronize 'GBPUSD5'
0	06:45:30.671	HistoryCenter: 2 bars imported in 'GBPUSD5'
0	06:45:31.223	HistoryCenter: synchronize 'EURGBP5'
0	06:45:31.941	HistoryCenter: 2 bars imported in 'EURGBP5'
0	06:45:31.941	HistoryCenter: synchronize 'GBPUSD5'
2	06:45:32.690	Custom indicator fadedbckgrnd2__1 EURUSD,M5: removed
2	06:45:32.690	Custom indicator FixedChartScale EURUSD,M5: removed
2	06:45:32.706	Custom indicator Price Pro Value Chart Profissional - PT-BR EURUSD,M5: removed
0	06:45:32.706	HistoryCenter: 2 bars imported in 'GBPUSD5'
2	06:45:32.706	Custom indicator fadedbckgrnd2__1 EURUSD,M5: loaded successfully
2	06:45:32.722	Custom indicator FixedChartScale EURUSD,M5: loaded successfully
2	06:45:32.815	Custom indicator Price Pro Value Chart Profissional - PT-BR EURUSD,M5: loaded successfully
0	06:45:33.285	HistoryCenter: synchronize 'EURGBP5'
0	06:45:34.003	HistoryCenter: 2 bars imported in 'EURGBP5'
0	06:45:34.003	HistoryCenter: synchronize 'GBPUSD5'
0	06:45:34.765	HistoryCenter: 2 bars imported in 'GBPUSD5'
0	06:45:34.765	HistoryCenter: synchronize 'EURUSD5'
0	06:45:35.515	HistoryCenter: 2 bars imported in 'EURUSD5'
0	06:45:36.061	HistoryCenter: synchronize 'EURGBP5'
0	06:45:36.780	HistoryCenter: 2 bars imported in 'EURGBP5'
0	06:45:36.780	HistoryCenter: synchronize 'GBPUSD5'
0	06:45:37.515	HistoryCenter: 2 bars imported in 'GBPUSD5'
0	06:45:37.515	HistoryCenter: synchronize 'EURUSD5'
0	06:45:38.280	HistoryCenter: 2 bars imported in 'EURUSD5'
0	06:45:39.374	HistoryCenter: synchronize 'EURUSD5'
0	06:45:40.108	HistoryCenter: 2 bars imported in 'EURUSD5'
2	06:45:50.716	Custom indicator fadedbckgrnd2__1 GBPUSD,M5: removed
2	06:45:50.716	Custom indicator FixedChartScale GBPUSD,M5: removed
2	06:45:50.731	Custom indicator Price Pro Value Chart Profissional - PT-BR GBPUSD,M5: removed
2	06:45:50.747	Custom indicator fadedbckgrnd2__1 GBPUSD,M5: loaded successfully
2	06:45:50.747	Custom indicator FixedChartScale GBPUSD,M5: loaded successfully
2	06:45:50.840	Custom indicator Price Pro Value Chart Profissional - PT-BR GBPUSD,M5: loaded successfully
0	06:45:51.689	HistoryCenter: synchronize 'GBPUSD5'
0	06:45:52.444	HistoryCenter: 2 bars imported in 'GBPUSD5'
0	06:45:52.989	HistoryCenter: synchronize 'GBPUSD5'
0	06:45:53.750	HistoryCenter: 2 bars imported in 'GBPUSD5'
0	06:45:54.312	HistoryCenter: synchronize 'GBPUSD5'
0	06:45:55.047	HistoryCenter: 2 bars imported in 'GBPUSD5'
0	06:45:56.156	HistoryCenter: synchronize 'GBPUSD5'
0	06:45:56.890	HistoryCenter: 2 bars imported in 'GBPUSD5'
0	06:45:57.453	HistoryCenter: synchronize 'GBPUSD5'
0	06:45:58.202	HistoryCenter: 2 bars imported in 'GBPUSD5'
0	06:45:59.343	HistoryCenter: synchronize 'GBPUSD5'
0	06:46:00.076	HistoryCenter: 2 bars imported in 'GBPUSD5'
2	06:46:07.449	Custom indicator fadedbckgrnd2__1 EURUSD,M5: removed
2	06:46:07.449	Custom indicator FixedChartScale EURUSD,M5: removed
2	06:46:07.472	Custom indicator Price Pro Value Chart Profissional - PT-BR EURUSD,M5: removed
2	06:46:07.483	Custom indicator fadedbckgrnd2__1 GBPUSD,M5: removed
2	06:46:07.484	Custom indicator FixedChartScale GBPUSD,M5: removed
2	06:46:07.498	Custom indicator Price Pro Value Chart Profissional - PT-BR GBPUSD,M5: removed
2	06:46:07.505	Custom indicator fadedbckgrnd2__1 EURGBP,M5: removed
2	06:46:07.507	Custom indicator FixedChartScale EURGBP,M5: removed
2	06:46:07.507	Custom indicator Price Pro Value Chart Profissional - PT-BR EURGBP,M5: removed
0	06:46:07.773	Alpari MT4 build 1359 stopped
0	06:46:10.245	Alpari MT4 build 1359 started (Alpari International)
0	06:46:10.246	Windows 10 Pro x64, IE 11, UAC, 8 x Intel Core i7-7700HQ  @ 2.80GHz, Memory: 13395 / 16267 Mb, Disk: 390 / 476 Gb, GMT-3
0	06:46:10.246	Data Folder: C:\Users\Administrator\AppData\Roaming\MetaQuotes\Terminal\287469DEA9630EA94D0715D755974F1B
2	06:46:11.238	Custom indicator fadedbckgrnd2__1 EURUSD,M5: loaded successfully
2	06:46:11.246	Custom indicator FixedChartScale EURUSD,M5: loaded successfully
2	06:46:11.353	Custom indicator Price Pro Value Chart Profissional - PT-BR EURUSD,M5: loaded successfully
2	06:46:11.558	Custom indicator Price Pro Value Chart Profissional - PT-BR EURUSD,M5: removed
2	06:46:11.580	Custom indicator fadedbckgrnd2__1 GBPUSD,M5: loaded successfully
2	06:46:11.580	Custom indicator FixedChartScale GBPUSD,M5: loaded successfully
2	06:46:11.690	Custom indicator Price Pro Value Chart Profissional - PT-BR GBPUSD,M5: loaded successfully
2	06:46:11.861	Custom indicator Price Pro Value Chart Profissional - PT-BR GBPUSD,M5: removed
2	06:46:11.907	Custom indicator fadedbckgrnd2__1 EURGBP,M5: loaded successfully
2	06:46:11.913	Custom indicator FixedChartScale EURGBP,M5: loaded successfully
2	06:46:12.007	Custom indicator Price Pro Value Chart Profissional - PT-BR EURGBP,M5: loaded successfully
2	06:46:12.163	Custom indicator Price Pro Value Chart Profissional - PT-BR EURGBP,M5: removed
0	06:46:12.384	HistoryCenter: synchronize 'EURUSD5'
0	06:46:13.169	HistoryCenter: 2 bars imported in 'EURUSD5'
0	06:46:13.169	HistoryCenter: synchronize 'GBPUSD5'
0	06:46:13.246	'15069840': login on Alpari-Demo through Demo.Europe.2:444 (ping: 241.11 ms)
0	06:46:13.879	HistoryCenter: 2 bars imported in 'GBPUSD5'
0	06:46:14.446	HistoryCenter: synchronize 'EURGBP5'
0	06:46:15.207	HistoryCenter: 2 bars imported in 'EURGBP5'
0	06:46:15.316	'15069840': login datacenter on Alpari-Demo through Demo.Europe.2:444 (ping: 241.11 ms)
0	06:46:15.928	'15069840': previous successful authorization performed from 177.13.216.215
2	06:46:17.820	Custom indicator fadedbckgrnd2__1 GBPUSD,M5: removed
2	06:46:17.820	Custom indicator FixedChartScale GBPUSD,M5: removed
2	06:46:17.820	Custom indicator fadedbckgrnd2__1 GBPUSD,M5: loaded successfully
2	06:46:17.836	Custom indicator FixedChartScale GBPUSD,M5: loaded successfully
2	06:46:17.929	Custom indicator Price Pro Value Chart Profissional - PT-BR GBPUSD,M5: loaded successfully
0	06:46:18.531	HistoryCenter: synchronize 'GBPUSD5'
0	06:46:19.323	HistoryCenter: 2 bars imported in 'GBPUSD5'
0	06:46:20.450	HistoryCenter: synchronize 'GBPUSD5'
0	06:46:21.168	HistoryCenter: 2 bars imported in 'GBPUSD5'
0	06:46:22.277	HistoryCenter: synchronize 'GBPUSD5'
0	06:46:23.074	HistoryCenter: 2 bars imported in 'GBPUSD5'
0	06:46:23.636	HistoryCenter: synchronize 'GBPUSD5'
0	06:46:24.355	HistoryCenter: 2 bars imported in 'GBPUSD5'
0	06:46:25.479	HistoryCenter: synchronize 'GBPUSD5'
0	06:46:26.230	HistoryCenter: 2 bars imported in 'GBPUSD5'
0	06:46:27.323	HistoryCenter: synchronize 'GBPUSD5'
0	06:46:28.073	HistoryCenter: 2 bars imported in 'GBPUSD5'
0	06:46:28.651	HistoryCenter: synchronize 'GBPUSD5'
0	06:46:29.354	HistoryCenter: 2 bars imported in 'GBPUSD5'
2	06:46:39.582	Custom indicator fadedbckgrnd2__1 EURUSD,M5: removed
2	06:46:39.582	Custom indicator FixedChartScale EURUSD,M5: removed
2	06:46:39.597	Custom indicator fadedbckgrnd2__1 EURUSD,M5: loaded successfully
2	06:46:39.597	Custom indicator FixedChartScale EURUSD,M5: loaded successfully
2	06:46:39.707	Custom indicator Price Pro Value Chart Profissional - PT-BR EURUSD,M5: loaded successfully
0	06:46:40.394	HistoryCenter: synchronize 'EURUSD5'
0	06:46:41.144	HistoryCenter: 2 bars imported in 'EURUSD5'
0	06:46:41.692	HistoryCenter: synchronize 'EURUSD5'
0	06:46:42.417	HistoryCenter: 2 bars imported in 'EURUSD5'
0	06:46:42.958	HistoryCenter: synchronize 'EURUSD5'
0	06:46:43.684	HistoryCenter: 2 bars imported in 'EURUSD5'
0	06:46:44.278	HistoryCenter: synchronize 'EURUSD5'
2	06:46:44.560	Custom indicator fadedbckgrnd2__1 EURGBP,M5: removed
2	06:46:44.560	Custom indicator FixedChartScale EURGBP,M5: removed
2	06:46:44.575	Custom indicator fadedbckgrnd2__1 EURGBP,M5: loaded successfully
2	06:46:44.575	Custom indicator FixedChartScale EURGBP,M5: loaded successfully
2	06:46:44.668	Custom indicator Price Pro Value Chart Profissional - PT-BR EURGBP,M5: loaded successfully
0	06:46:45.028	HistoryCenter: 2 bars imported in 'EURUSD5'
0	06:46:45.028	HistoryCenter: synchronize 'EURGBP5'
0	06:46:45.771	HistoryCenter: 2 bars imported in 'EURGBP5'
0	06:46:46.941	HistoryCenter: synchronize 'EURGBP5'
0	06:46:47.660	HistoryCenter: 2 bars imported in 'EURGBP5'
0	06:46:47.660	HistoryCenter: synchronize 'EURUSD5'
0	06:46:48.943	HistoryCenter: 2 bars imported in 'EURUSD5'
0	06:46:48.943	HistoryCenter: synchronize 'EURGBP5'
0	06:46:49.677	HistoryCenter: 2 bars imported in 'EURGBP5'
0	06:46:50.230	HistoryCenter: synchronize 'EURGBP5'
0	06:46:50.980	HistoryCenter: 2 bars imported in 'EURGBP5'
0	06:46:50.980	HistoryCenter: synchronize 'EURUSD5'
0	06:46:51.711	HistoryCenter: 2 bars imported in 'EURUSD5'
0	06:46:52.257	HistoryCenter: synchronize 'EURGBP5'
0	06:46:52.994	HistoryCenter: 2 bars imported in 'EURGBP5'
0	06:46:54.091	HistoryCenter: synchronize 'EURGBP5'
0	06:46:54.810	HistoryCenter: 2 bars imported in 'EURGBP5'
0	06:46:55.357	HistoryCenter: synchronize 'EURGBP5'
0	06:46:56.091	HistoryCenter: 2 bars imported in 'EURGBP5'
0	06:46:57.216	HistoryCenter: synchronize 'EURGBP5'
0	06:46:57.981	HistoryCenter: 2 bars imported in 'EURGBP5'
0	06:46:59.090	HistoryCenter: synchronize 'EURGBP5'
0	06:46:59.793	HistoryCenter: 2 bars imported in 'EURGBP5'
0	07:00:02.387	HistoryCenter: synchronize 'EURGBP5'
0	07:00:03.449	HistoryCenter: 2 bars imported in 'EURGBP5'
0	07:00:03.449	HistoryCenter: synchronize 'GBPUSD5'
0	07:00:04.174	HistoryCenter: 2 bars imported in 'GBPUSD5'
0	07:00:04.174	HistoryCenter: synchronize 'EURGBP5'
0	07:00:04.940	HistoryCenter: 2 bars imported in 'EURGBP5'
0	07:00:04.940	HistoryCenter: synchronize 'GBPUSD5'
0	07:00:05.706	HistoryCenter: 2 bars imported in 'GBPUSD5'
0	07:00:05.706	HistoryCenter: synchronize 'EURUSD5'
0	07:00:06.440	HistoryCenter: 2 bars imported in 'EURUSD5'
0	07:00:06.986	HistoryCenter: synchronize 'EURGBP5'
0	07:00:08.658	HistoryCenter: 2 bars imported in 'EURGBP5'
0	07:00:08.658	HistoryCenter: synchronize 'GBPUSD5'
0	07:00:10.454	HistoryCenter: 2 bars imported in 'GBPUSD5'
0	07:00:10.454	HistoryCenter: synchronize 'EURGBP5'
0	07:00:11.251	HistoryCenter: 2 bars imported in 'EURGBP5'
0	07:00:11.251	HistoryCenter: synchronize 'EURUSD5'
0	07:00:12.064	HistoryCenter: 2 bars imported in 'EURUSD5'
0	08:00:02.490	HistoryCenter: synchronize 'EURUSD5'
0	08:00:03.302	HistoryCenter: 2 bars imported in 'EURUSD5'
0	08:00:04.411	HistoryCenter: synchronize 'EURGBP5'
0	08:00:05.161	HistoryCenter: 2 bars imported in 'EURGBP5'
0	08:00:05.161	HistoryCenter: synchronize 'GBPUSD5'
0	08:00:05.880	HistoryCenter: 2 bars imported in 'GBPUSD5'
0	08:00:05.880	HistoryCenter: synchronize 'EURGBP5'
0	08:00:06.677	HistoryCenter: 2 bars imported in 'EURGBP5'
0	08:00:06.677	HistoryCenter: synchronize 'EURUSD5'
0	08:00:07.426	HistoryCenter: 2 bars imported in 'EURUSD5'
0	08:00:07.988	HistoryCenter: synchronize 'EURGBP5'
0	08:00:08.707	HistoryCenter: 2 bars imported in 'EURGBP5'
0	08:00:08.707	HistoryCenter: synchronize 'EURUSD5'
0	08:00:09.457	HistoryCenter: 2 bars imported in 'EURUSD5'
0	08:00:09.457	HistoryCenter: synchronize 'EURGBP5'
0	08:00:10.228	HistoryCenter: 2 bars imported in 'EURGBP5'
0	08:00:10.790	HistoryCenter: synchronize 'EURGBP5'
0	08:00:11.539	HistoryCenter: 2 bars imported in 'EURGBP5'
0	08:00:11.539	HistoryCenter: synchronize 'EURUSD5'
0	08:00:12.305	HistoryCenter: 2 bars imported in 'EURUSD5'
0	09:00:03.861	HistoryCenter: synchronize 'EURGBP5'
0	09:00:04.641	HistoryCenter: 2 bars imported in 'EURGBP5'
0	09:00:04.641	HistoryCenter: synchronize 'EURUSD5'
0	09:00:05.485	HistoryCenter: 2 bars imported in 'EURUSD5'
0	09:00:05.485	HistoryCenter: synchronize 'GBPUSD5'
0	09:00:06.235	HistoryCenter: 2 bars imported in 'GBPUSD5'
0	09:00:06.235	HistoryCenter: synchronize 'EURGBP5'
0	09:00:06.985	HistoryCenter: 2 bars imported in 'EURGBP5'
0	09:00:06.985	HistoryCenter: synchronize 'GBPUSD5'
0	09:00:07.719	HistoryCenter: 2 bars imported in 'GBPUSD5'
0	09:00:07.719	HistoryCenter: synchronize 'EURUSD5'
0	09:00:08.437	HistoryCenter: 2 bars imported in 'EURUSD5'
0	09:00:08.985	HistoryCenter: synchronize 'EURGBP5'
0	09:00:09.765	HistoryCenter: 2 bars imported in 'EURGBP5'
0	09:00:09.765	HistoryCenter: synchronize 'EURUSD5'
0	09:00:10.516	HistoryCenter: 2 bars imported in 'EURUSD5'
0	09:00:11.078	HistoryCenter: synchronize 'EURUSD5'
0	09:00:11.968	HistoryCenter: 2 bars imported in 'EURUSD5'
0	10:00:02.282	HistoryCenter: synchronize 'EURGBP5'
0	10:00:03.110	HistoryCenter: 2 bars imported in 'EURGBP5'
0	10:00:03.110	HistoryCenter: synchronize 'EURUSD5'
0	10:00:03.859	HistoryCenter: 2 bars imported in 'EURUSD5'
0	10:00:03.859	HistoryCenter: synchronize 'GBPUSD5'
0	10:00:04.625	HistoryCenter: 2 bars imported in 'GBPUSD5'
0	10:00:04.625	HistoryCenter: synchronize 'EURGBP5'
0	10:00:05.359	HistoryCenter: 2 bars imported in 'EURGBP5'
0	10:00:05.359	HistoryCenter: synchronize 'GBPUSD5'
0	10:00:06.109	HistoryCenter: 2 bars imported in 'GBPUSD5'
0	10:00:06.109	HistoryCenter: synchronize 'EURUSD5'
0	10:00:06.843	HistoryCenter: 2 bars imported in 'EURUSD5'
0	10:00:07.405	HistoryCenter: synchronize 'EURGBP5'
0	10:00:08.124	HistoryCenter: 2 bars imported in 'EURGBP5'
0	10:00:08.124	HistoryCenter: synchronize 'EURUSD5'
0	10:00:08.858	HistoryCenter: 2 bars imported in 'EURUSD5'
0	10:00:08.858	HistoryCenter: synchronize 'EURGBP5'
0	10:00:09.593	HistoryCenter: 2 bars imported in 'EURGBP5'
0	10:00:10.154	HistoryCenter: synchronize 'EURGBP5'
0	10:00:10.889	HistoryCenter: 2 bars imported in 'EURGBP5'
0	10:00:10.889	HistoryCenter: synchronize 'EURUSD5'
0	10:00:11.655	HistoryCenter: 2 bars imported in 'EURUSD5'
0	10:00:12.201	HistoryCenter: synchronize 'EURUSD5'
0	10:00:12.920	HistoryCenter: 2 bars imported in 'EURUSD5'
0	10:00:14.045	HistoryCenter: synchronize 'EURUSD5'
0	10:00:14.794	HistoryCenter: 2 bars imported in 'EURUSD5'
0	11:00:01.952	HistoryCenter: synchronize 'EURUSD5'
0	11:00:02.749	HistoryCenter: 2 bars imported in 'EURUSD5'
0	11:00:03.311	HistoryCenter: synchronize 'EURGBP5'
0	11:00:04.092	HistoryCenter: 2 bars imported in 'EURGBP5'
0	11:00:04.092	HistoryCenter: synchronize 'GBPUSD5'
0	11:00:04.857	HistoryCenter: 2 bars imported in 'GBPUSD5'
0	11:00:04.857	HistoryCenter: synchronize 'EURGBP5'
0	11:00:05.607	HistoryCenter: 2 bars imported in 'EURGBP5'
0	11:00:05.607	HistoryCenter: synchronize 'EURUSD5'
0	11:00:06.357	HistoryCenter: 2 bars imported in 'EURUSD5'
0	11:00:06.919	HistoryCenter: synchronize 'EURGBP5'
0	11:00:07.654	HistoryCenter: 2 bars imported in 'EURGBP5'
0	11:00:07.654	HistoryCenter: synchronize 'EURUSD5'
0	11:00:08.387	HistoryCenter: 2 bars imported in 'EURUSD5'
0	12:00:01.631	HistoryCenter: synchronize 'EURGBP5'
0	12:00:02.412	HistoryCenter: 2 bars imported in 'EURGBP5'
0	12:00:02.975	HistoryCenter: synchronize 'EURUSD5'
0	12:00:03.710	HistoryCenter: 2 bars imported in 'EURUSD5'
0	12:00:03.710	HistoryCenter: synchronize 'EURGBP5'
0	12:00:04.474	HistoryCenter: 2 bars imported in 'EURGBP5'
0	12:00:04.474	HistoryCenter: synchronize 'GBPUSD5'
0	12:00:05.194	HistoryCenter: 2 bars imported in 'GBPUSD5'
0	12:00:05.194	HistoryCenter: synchronize 'EURGBP5'
0	12:00:05.958	HistoryCenter: 2 bars imported in 'EURGBP5'
0	12:00:05.958	HistoryCenter: synchronize 'GBPUSD5'
0	12:00:06.708	HistoryCenter: 2 bars imported in 'GBPUSD5'
0	12:00:06.708	HistoryCenter: synchronize 'EURUSD5'
0	12:00:07.474	HistoryCenter: 2 bars imported in 'EURUSD5'
0	12:00:08.052	HistoryCenter: synchronize 'EURGBP5'
0	12:00:08.801	HistoryCenter: 2 bars imported in 'EURGBP5'
0	12:00:08.801	HistoryCenter: synchronize 'GBPUSD5'
0	12:00:09.552	HistoryCenter: 2 bars imported in 'GBPUSD5'
0	13:00:03.368	HistoryCenter: synchronize 'EURUSD5'
0	13:00:04.149	HistoryCenter: 2 bars imported in 'EURUSD5'
0	13:00:04.149	HistoryCenter: synchronize 'EURGBP5'
0	13:00:04.915	HistoryCenter: 2 bars imported in 'EURGBP5'
0	13:00:04.915	HistoryCenter: synchronize 'GBPUSD5'
0	13:00:05.649	HistoryCenter: 2 bars imported in 'GBPUSD5'
0	13:00:05.649	HistoryCenter: synchronize 'EURGBP5'
0	13:00:06.383	HistoryCenter: 2 bars imported in 'EURGBP5'
0	13:00:06.383	HistoryCenter: synchronize 'GBPUSD5'
0	13:00:07.118	HistoryCenter: 2 bars imported in 'GBPUSD5'
0	13:00:07.118	HistoryCenter: synchronize 'EURUSD5'
0	13:00:07.851	HistoryCenter: 2 bars imported in 'EURUSD5'
0	13:00:08.398	HistoryCenter: synchronize 'EURGBP5'
0	13:00:09.164	HistoryCenter: 2 bars imported in 'EURGBP5'
0	13:00:09.164	HistoryCenter: synchronize 'EURUSD5'
0	13:00:10.038	HistoryCenter: 2 bars imported in 'EURUSD5'
0	13:00:10.585	HistoryCenter: synchronize 'EURGBP5'
0	13:00:11.523	HistoryCenter: 2 bars imported in 'EURGBP5'
0	13:00:12.632	HistoryCenter: synchronize 'EURGBP5'
0	13:00:13.507	HistoryCenter: 2 bars imported in 'EURGBP5'
2	13:45:38.046	Custom indicator fadedbckgrnd2__1 EURGBP,M5: removed
2	13:45:38.047	Custom indicator FixedChartScale EURGBP,M5: removed
2	13:45:38.052	Custom indicator Price Pro Value Chart Profissional - PT-BR EURGBP,M5: removed
2	13:45:42.819	Custom indicator fadedbckgrnd2__1 GBPUSD,M5: removed
2	13:45:42.820	Custom indicator FixedChartScale GBPUSD,M5: removed
2	13:45:42.826	Custom indicator Price Pro Value Chart Profissional - PT-BR GBPUSD,M5: removed
2	13:46:08.745	Custom indicator fadedbckgrnd2__1 EURUSD,M5: removed
2	13:46:08.745	Custom indicator FixedChartScale EURUSD,M5: removed
2	13:46:08.760	Custom indicator Price Pro Value Chart Profissional - PT-BR EURUSD,M5: removed
2	13:46:08.760	Custom indicator fadedbckgrnd2__1 EURUSD,M5: loaded successfully
2	13:46:08.776	Custom indicator FixedChartScale EURUSD,M5: loaded successfully
2	13:46:08.870	Custom indicator Price Pro Value Chart Profissional - PT-BR EURUSD,M5: loaded successfully
0	13:46:09.182	HistoryCenter: synchronize 'EURUSD5'
0	13:46:09.952	HistoryCenter: 2 bars imported in 'EURUSD5'
0	13:46:11.045	HistoryCenter: synchronize 'EURUSD5'
0	13:46:11.780	HistoryCenter: 2 bars imported in 'EURUSD5'
0	13:46:12.343	HistoryCenter: synchronize 'EURUSD5'
0	13:46:13.092	HistoryCenter: 2 bars imported in 'EURUSD5'
0	13:46:14.216	HistoryCenter: synchronize 'EURUSD5'
0	13:46:14.966	HistoryCenter: 2 bars imported in 'EURUSD5'
0	13:46:15.529	HistoryCenter: synchronize 'EURUSD5'
0	13:46:16.279	HistoryCenter: 2 bars imported in 'EURUSD5'
0	13:46:17.388	HistoryCenter: synchronize 'EURUSD5'
0	13:46:18.169	HistoryCenter: 2 bars imported in 'EURUSD5'
0	13:46:59.757	HistoryCenter: synchronize 'EURUSD1'
0	13:47:00.543	HistoryCenter: 422 bars imported in 'EURUSD1'
0	13:47:01.661	HistoryCenter: synchronize 'EURUSD1'
0	13:47:02.381	HistoryCenter: 2 bars imported in 'EURUSD1'
0	13:47:02.937	HistoryCenter: synchronize 'EURUSD1'
0	13:47:03.707	HistoryCenter: 2 bars imported in 'EURUSD1'
0	13:47:04.800	HistoryCenter: synchronize 'EURUSD1'
2	13:47:05.019	Custom indicator fadedbckgrnd2__1 EURUSD,M1: removed
2	13:47:05.019	Custom indicator FixedChartScale EURUSD,M1: removed
2	13:47:05.019	Custom indicator Price Pro Value Chart Profissional - PT-BR EURUSD,M1: removed
2	13:47:05.034	Custom indicator fadedbckgrnd2__1 EURUSD,M1: loaded successfully
2	13:47:05.050	Custom indicator FixedChartScale EURUSD,M1: loaded successfully
2	13:47:05.128	Custom indicator Price Pro Value Chart Profissional - PT-BR EURUSD,M1: loaded successfully
0	13:47:05.527	HistoryCenter: 2 bars imported in 'EURUSD1'
0	13:47:07.163	HistoryCenter: synchronize 'EURUSD1'
0	13:47:07.897	HistoryCenter: 2 bars imported in 'EURUSD1'
0	13:47:08.444	HistoryCenter: synchronize 'EURUSD1'
0	13:47:09.178	HistoryCenter: 2 bars imported in 'EURUSD1'
0	13:47:09.740	HistoryCenter: synchronize 'EURUSD1'
0	13:47:10.490	HistoryCenter: 2 bars imported in 'EURUSD1'
0	13:47:11.584	HistoryCenter: synchronize 'EURUSD1'
0	13:47:12.302	HistoryCenter: 2 bars imported in 'EURUSD1'
2	13:48:14.133	Custom indicator Price Pro Value Chart Profissional - PT-BR EURUSD,M1: removed
2	13:48:22.956	Custom indicator BOT Diamond + PricePRO EURUSD,M1: loaded successfully
2	13:49:32.534	Custom indicator fadedbckgrnd2__1 EURUSD,M1: removed
2	13:49:32.534	Custom indicator FixedChartScale EURUSD,M1: removed
2	13:49:32.549	Custom indicator BOT Diamond + PricePRO EURUSD,M1: removed
2	13:49:32.549	Custom indicator fadedbckgrnd2__1 EURUSD,M1: loaded successfully
2	13:49:32.565	Custom indicator FixedChartScale EURUSD,M1: loaded successfully
2	13:49:32.659	Custom indicator Price Pro Value Chart Profissional - PT-BR EURUSD,M1: loaded successfully
0	13:49:32.955	HistoryCenter: synchronize 'EURUSD1'
0	13:49:33.701	HistoryCenter: 2 bars imported in 'EURUSD1'
0	13:49:34.811	HistoryCenter: synchronize 'EURUSD1'
0	13:49:35.561	HistoryCenter: 2 bars imported in 'EURUSD1'
0	13:49:36.115	HistoryCenter: synchronize 'EURUSD1'
0	13:49:36.849	HistoryCenter: 2 bars imported in 'EURUSD1'
0	13:49:37.949	HistoryCenter: synchronize 'EURUSD1'
0	13:49:38.731	HistoryCenter: 2 bars imported in 'EURUSD1'
0	13:49:39.277	HistoryCenter: synchronize 'EURUSD1'
0	13:49:40.027	HistoryCenter: 2 bars imported in 'EURUSD1'
0	13:52:28.147	HistoryCenter: synchronize 'EURUSD1'
0	13:52:28.923	HistoryCenter: 2 bars imported in 'EURUSD1'
0	13:52:30.613	HistoryCenter: synchronize 'EURUSD1'
0	13:52:31.488	HistoryCenter: 2 bars imported in 'EURUSD1'
0	13:52:32.581	HistoryCenter: synchronize 'EURUSD1'
0	13:52:33.393	HistoryCenter: 2 bars imported in 'EURUSD1'
2	13:52:49.097	Custom indicator fadedbckgrnd2__1 EURUSD,M1: removed
2	13:52:49.097	Custom indicator FixedChartScale EURUSD,M1: removed
2	13:52:49.097	Custom indicator Price Pro Value Chart Profissional - PT-BR EURUSD,M1: removed
2	13:52:49.113	Custom indicator fadedbckgrnd2__1 EURUSD,M1: loaded successfully
2	13:52:49.128	Custom indicator FixedChartScale EURUSD,M1: loaded successfully
2	13:52:49.222	Custom indicator Price Pro Value Chart Profissional - PT-BR EURUSD,M1: loaded successfully
0	13:52:49.937	HistoryCenter: synchronize 'EURUSD1'
0	13:52:50.688	HistoryCenter: 2 bars imported in 'EURUSD1'
0	13:52:51.239	HistoryCenter: synchronize 'EURUSD1'
0	13:52:51.999	HistoryCenter: 2 bars imported in 'EURUSD1'
0	13:52:52.545	HistoryCenter: synchronize 'EURUSD1'
0	13:52:53.311	HistoryCenter: 2 bars imported in 'EURUSD1'
0	13:52:53.858	HistoryCenter: synchronize 'EURUSD1'
0	13:52:54.654	HistoryCenter: 2 bars imported in 'EURUSD1'
0	13:52:55.779	HistoryCenter: synchronize 'EURUSD1'
0	13:52:57.107	HistoryCenter: 2 bars imported in 'EURUSD1'
0	13:54:07.182	HistoryCenter: synchronize 'EURUSD1'
0	13:54:07.931	HistoryCenter: 2 bars imported in 'EURUSD1'
0	13:54:09.067	HistoryCenter: synchronize 'EURUSD1'
0	13:54:09.835	HistoryCenter: 2 bars imported in 'EURUSD1'
0	13:54:10.384	HistoryCenter: synchronize 'EURUSD1'
0	13:54:11.150	HistoryCenter: 2 bars imported in 'EURUSD1'
0	13:59:46.786	HistoryCenter: synchronize 'EURGBP1'
0	13:59:47.597	HistoryCenter: 435 bars imported in 'EURGBP1'
0	13:59:48.722	HistoryCenter: synchronize 'EURGBP1'
0	13:59:49.460	HistoryCenter: 2 bars imported in 'EURGBP1'
0	13:59:50.023	HistoryCenter: synchronize 'EURGBP1'
0	13:59:50.775	HistoryCenter: 2 bars imported in 'EURGBP1'
0	13:59:51.868	HistoryCenter: synchronize 'EURGBP1'
0	13:59:52.618	HistoryCenter: 2 bars imported in 'EURGBP1'
0	13:59:53.197	HistoryCenter: synchronize 'EURGBP1'
0	13:59:53.930	HistoryCenter: 2 bars imported in 'EURGBP1'
0	13:59:58.919	HistoryCenter: synchronize 'GBPUSD1'
0	13:59:59.780	HistoryCenter: 2 bars imported in 'GBPUSD1'
0	14:00:00.350	HistoryCenter: synchronize 'GBPUSD1'
0	14:00:01.083	HistoryCenter: 2 bars imported in 'GBPUSD1'
0	14:00:01.646	HistoryCenter: synchronize 'GBPUSD1'
0	14:00:02.404	HistoryCenter: 2 bars imported in 'GBPUSD1'
0	14:00:02.967	HistoryCenter: synchronize 'GBPUSD1'
0	14:00:03.724	HistoryCenter: 2 bars imported in 'GBPUSD1'
0	14:00:04.846	HistoryCenter: synchronize 'GBPUSD1'
0	14:00:05.580	HistoryCenter: 2 bars imported in 'GBPUSD1'
0	14:00:09.985	HistoryCenter: synchronize 'EURUSD1'
0	14:00:10.739	HistoryCenter: 2 bars imported in 'EURUSD1'
0	14:00:11.869	HistoryCenter: synchronize 'EURUSD1'
0	14:00:12.690	HistoryCenter: 2 bars imported in 'EURUSD1'
0	14:00:13.779	HistoryCenter: synchronize 'EURUSD1'
0	14:00:14.513	HistoryCenter: 2 bars imported in 'EURUSD1'
0	14:00:15.060	HistoryCenter: synchronize 'EURUSD1'
0	14:00:15.778	HistoryCenter: 2 bars imported in 'EURUSD1'
0	15:00:01.272	HistoryCenter: synchronize 'EURUSD1'
0	15:00:02.100	HistoryCenter: 2 bars imported in 'EURUSD1'
0	15:00:02.647	HistoryCenter: synchronize 'EURUSD1'
0	15:00:03.443	HistoryCenter: 2 bars imported in 'EURUSD1'
0	15:00:04.553	HistoryCenter: synchronize 'EURUSD1'
0	15:00:05.334	HistoryCenter: 2 bars imported in 'EURUSD1'
0	15:00:06.443	HistoryCenter: synchronize 'EURUSD1'
0	15:00:07.224	HistoryCenter: 2 bars imported in 'EURUSD1'
2	15:55:23.265	Custom indicator fadedbckgrnd2__1 EURUSD,M1: removed
2	15:55:23.266	Custom indicator FixedChartScale EURUSD,M1: removed
2	15:55:23.279	Custom indicator Price Pro Value Chart Profissional - PT-BR EURUSD,M1: removed
2	15:55:23.328	Custom indicator DiamanteIA Pro  TELEGRAM@INDICADORESGRATIS EURUSD,M1: loaded successfully
2	15:55:23.335	Custom indicator FixedChartScale EURUSD,M1: loaded successfully
2	16:38:44.646	Custom indicator DiamanteIA Pro  TELEGRAM@INDICADORESGRATIS EURUSD,M1: removed
2	16:38:44.649	Custom indicator FixedChartScale EURUSD,M1: removed
0	16:38:44.893	Alpari MT4 build 1359 stopped
0	17:22:49.484	Alpari MT4 build 1359 started (Alpari International)
0	17:22:49.484	Windows 10 Pro x64, IE 11, UAC, 8 x Intel Core i7-7700HQ  @ 2.80GHz, Memory: 9994 / 16267 Mb, Disk: 390 / 476 Gb, GMT-3
0	17:22:49.484	Data Folder: C:\Users\Administrator\AppData\Roaming\MetaQuotes\Terminal\287469DEA9630EA94D0715D755974F1B
2	17:22:50.655	Custom indicator DiamanteIA Pro  TELEGRAM@INDICADORESGRATIS EURUSD,M1: loaded successfully
2	17:22:50.664	Custom indicator FixedChartScale EURUSD,M1: loaded successfully
0	17:22:51.874	'15069840': login on Alpari-Demo through Demo.Europe.2:444 (ping: 241.11 ms)
0	17:22:54.040	'15069840': login datacenter on Alpari-Demo through Demo.Europe.2:444 (ping: 241.11 ms)
0	17:22:54.647	'15069840': previous successful authorization performed from 177.13.216.215
2	17:23:00.743	Expert EABiBot_Tick EURUSD,M1: loaded successfully
2	17:23:03.544	Expert EABiBot_Tick EURUSD,M1: removed
2	17:23:04.890	Expert EABiBot_Tick EURUSD,M1: loaded successfully
0	17:23:37.630	'15069840': auto connecting to a better access point Demo.Europe.9:1119 (ping is 250.53 ms)
0	17:23:38.384	'15069840': login on Alpari-Demo through Demo.Europe.9:1119 (ping: 250.53 ms)
0	17:23:40.208	'15069840': login datacenter on Alpari-Demo through Demo.Europe.9:1119 (ping: 250.53 ms)
0	17:23:40.828	'15069840': previous successful authorization performed from 177.13.216.215
2	17:23:40.997	Custom indicator DiamanteIA Pro  TELEGRAM@INDICADORESGRATIS EURUSD,M1: loaded successfully
2	17:23:41.008	Custom indicator FixedChartScale EURUSD,M1: loaded successfully
2	17:23:54.387	Custom indicator DiamanteIA Pro  TELEGRAM@INDICADORESGRATIS EURUSD,M1: removed
2	17:23:54.389	Custom indicator FixedChartScale EURUSD,M1: removed
2	17:24:09.068	Custom indicator DiamanteIA Pro  TELEGRAM@INDICADORESGRATIS EURUSD-OTC,M1: loaded successfully
2	17:24:09.078	Custom indicator FixedChartScale EURUSD-OTC,M1: loaded successfully
1	17:28:16.376	'15069840': datacenter connecting failed [6]
1	17:28:16.953	'15069840': connect failed [Sem conexão]
0	17:37:38.957	'15069840': login on Alpari-Demo through Demo.Europe.9:1119 (ping: n/a)
0	17:37:40.954	'15069840': login datacenter on Alpari-Demo through Demo.Europe.9:1119 (ping: n/a)
0	17:37:41.653	'15069840': previous successful authorization performed from 177.13.216.215
0	17:38:34.431	'15069840': ping to current access point Demo.Europe.9:1119 is 270.41 ms
2	17:39:57.543	Custom indicator DiamanteIA Pro  TELEGRAM@INDICADORESGRATIS EURUSD-OTC,M1: removed
2	17:39:57.543	Custom indicator FixedChartScale EURUSD-OTC,M1: removed
2	17:39:57.590	Custom indicator DiamanteIA Pro  TELEGRAM@INDICADORESGRATIS EURUSD-OTC,M1: loaded successfully
2	17:39:57.606	Custom indicator FixedChartScale EURUSD-OTC,M1: loaded successfully
0	17:40:37.315	'15069840': login on Alpari-Demo through Demo.Europe.9:1119 (ping: 270.41 ms)
0	17:40:39.330	'15069840': login datacenter on Alpari-Demo through Demo.Europe.9:1119 (ping: 270.41 ms)
0	17:40:39.981	'15069840': previous successful authorization performed from 177.13.217.183
1	18:29:56.714	'15069840': datacenter connecting failed [6]
0	18:29:57.542	'15069840': login on Alpari-Demo through Demo.Europe.9:1119 (ping: 270.41 ms)
0	18:29:59.501	'15069840': login datacenter on Alpari-Demo through Demo.Europe.9:1119 (ping: 270.41 ms)
0	18:30:00.170	'15069840': previous successful authorization performed from 177.13.217.183
2	19:18:20.546	Expert EABiBot_Tick EURUSD,M1: removed
2	19:18:20.561	Custom indicator DiamanteIA Pro  TELEGRAM@INDICADORESGRATIS EURUSD,M1: removed
2	19:18:20.561	Custom indicator FixedChartScale EURUSD,M1: removed
2	19:18:20.577	Custom indicator DiamanteIA Pro  TELEGRAM@INDICADORESGRATIS EURUSD-OTC,M1: removed
2	19:18:20.577	Custom indicator FixedChartScale EURUSD-OTC,M1: removed
0	19:18:20.733	Alpari MT4 build 1359 stopped
0	21:40:56.176	Alpari MT4 build 1359 started (Alpari International)
0	21:40:56.176	Windows 10 Pro x64, IE 11, UAC, 8 x Intel Core i7-7700HQ  @ 2.80GHz, Memory: 11626 / 16267 Mb, Disk: 390 / 476 Gb, GMT-3
0	21:40:56.176	Data Folder: C:\Users\Administrator\AppData\Roaming\MetaQuotes\Terminal\287469DEA9630EA94D0715D755974F1B
2	21:40:57.460	Custom indicator DiamanteIA Pro  TELEGRAM@INDICADORESGRATIS EURUSD,M1: loaded successfully
2	21:40:57.468	Custom indicator FixedChartScale EURUSD,M1: loaded successfully
2	21:40:57.481	Expert EABiBot_Tick EURUSD,M1: loaded successfully
2	21:40:57.742	Custom indicator DiamanteIA Pro  TELEGRAM@INDICADORESGRATIS EURUSD-OTC,M1: loaded successfully
2	21:40:57.753	Custom indicator FixedChartScale EURUSD-OTC,M1: loaded successfully
2	21:41:00.638	Custom indicator DiamanteIA Pro  TELEGRAM@INDICADORESGRATIS EURUSD-OTC,M1: removed
2	21:41:00.640	Custom indicator FixedChartScale EURUSD-OTC,M1: removed
0	21:41:00.677	'15069840': login on Alpari-Demo through Demo.Europe.9:1119 (ping: 270.41 ms)
2	21:41:01.054	Expert EABiBot_Tick EURUSD,M1: removed
2	21:41:01.063	Custom indicator DiamanteIA Pro  TELEGRAM@INDICADORESGRATIS EURUSD,M1: removed
2	21:41:01.065	Custom indicator FixedChartScale EURUSD,M1: removed
0	21:41:03.503	'15069840': login datacenter on Alpari-Demo through Demo.Europe.9:1119 (ping: 270.41 ms)
0	21:41:04.204	'15069840': previous successful authorization performed from 177.13.217.20
2	21:41:13.695	Custom indicator fadedbckgrnd2__1 EURUSD,M5: loaded successfully
2	21:41:13.705	Custom indicator FixedChartScale EURUSD,M5: loaded successfully
2	21:41:13.803	Custom indicator Price Pro Value Chart Profissional - PT-BR EURUSD,M5: loaded successfully
0	21:41:14.262	HistoryCenter: synchronize 'EURUSD5'
0	21:41:15.139	HistoryCenter: 2 bars imported in 'EURUSD5'
0	21:41:16.796	HistoryCenter: synchronize 'EURUSD5'
0	21:41:17.636	HistoryCenter: 2 bars imported in 'EURUSD5'
0	21:41:18.192	HistoryCenter: synchronize 'EURUSD5'
0	21:41:19.712	HistoryCenter: 2 bars imported in 'EURUSD5'
0	21:41:20.265	HistoryCenter: synchronize 'EURUSD5'
0	21:41:21.683	HistoryCenter: 2 bars imported in 'EURUSD5'
0	21:41:22.234	HistoryCenter: synchronize 'EURUSD5'
0	21:41:23.182	HistoryCenter: 2 bars imported in 'EURUSD5'
0	21:41:52.397	'15069840': auto connecting to a better access point Demo.Europe.2:444 (ping is 247.11 ms)
0	21:41:53.191	'15069840': login on Alpari-Demo through Demo.Europe.2:444 (ping: 247.11 ms)
0	21:41:55.177	'15069840': login datacenter on Alpari-Demo through Demo.Europe.2:444 (ping: 247.11 ms)
0	21:41:55.832	'15069840': previous successful authorization performed from 177.13.217.91
0	21:42:00.579	HistoryCenter: synchronize 'EURUSD5'
0	21:42:01.695	HistoryCenter: 2 bars imported in 'EURUSD5'
0	21:42:02.239	HistoryCenter: synchronize 'EURUSD5'
0	21:42:03.145	HistoryCenter: 2 bars imported in 'EURUSD5'
0	21:42:03.695	HistoryCenter: synchronize 'EURUSD5'
0	21:42:04.486	HistoryCenter: 2 bars imported in 'EURUSD5'
0	21:42:05.602	HistoryCenter: synchronize 'EURUSD5'
0	21:42:06.761	HistoryCenter: 2 bars imported in 'EURUSD5'
0	21:42:07.869	HistoryCenter: synchronize 'EURUSD5'
0	21:42:08.665	HistoryCenter: 2 bars imported in 'EURUSD5'
0	21:42:09.778	HistoryCenter: synchronize 'EURUSD5'
0	21:42:10.601	HistoryCenter: 2 bars imported in 'EURUSD5'
0	21:42:11.711	HistoryCenter: synchronize 'EURUSD5'
0	21:42:12.597	HistoryCenter: 2 bars imported in 'EURUSD5'
2	21:42:48.627	Custom indicator fadedbckgrnd2__1 EURUSD,M5: removed
2	21:42:48.628	Custom indicator FixedChartScale EURUSD,M5: removed
2	21:42:48.641	Custom indicator Price Pro Value Chart Profissional - PT-BR EURUSD,M5: removed
2	21:42:48.649	Custom indicator fadedbckgrnd2__1 EURUSD,M5: loaded successfully
2	21:42:48.657	Custom indicator FixedChartScale EURUSD,M5: loaded successfully
2	21:42:48.759	Custom indicator Price Pro Value Chart Profissional - PT-BR EURUSD,M5: loaded successfully
0	21:42:49.165	HistoryCenter: synchronize 'EURUSD5'
0	21:42:49.987	HistoryCenter: 2 bars imported in 'EURUSD5'
0	21:42:51.098	HistoryCenter: synchronize 'EURUSD5'
0	21:42:51.928	HistoryCenter: 2 bars imported in 'EURUSD5'
0	21:42:52.480	HistoryCenter: synchronize 'EURUSD5'
0	21:42:53.373	HistoryCenter: 2 bars imported in 'EURUSD5'
0	21:42:54.480	HistoryCenter: synchronize 'EURUSD5'
0	21:42:55.282	HistoryCenter: 2 bars imported in 'EURUSD5'
0	21:42:56.379	HistoryCenter: synchronize 'EURUSD5'
0	21:42:57.257	HistoryCenter: 2 bars imported in 'EURUSD5'
0	22:00:01.918	HistoryCenter: synchronize 'EURUSD5'
0	22:00:03.480	HistoryCenter: 2 bars imported in 'EURUSD5'
0	22:00:04.028	HistoryCenter: synchronize 'EURUSD5'
0	22:00:05.119	HistoryCenter: 2 bars imported in 'EURUSD5'
0	22:00:06.211	HistoryCenter: synchronize 'EURUSD5'
0	22:00:07.466	HistoryCenter: 2 bars imported in 'EURUSD5'
0	23:00:03.152	HistoryCenter: synchronize 'EURUSD5'
0	23:00:04.012	HistoryCenter: 2 bars imported in 'EURUSD5'
0	23:00:05.105	HistoryCenter: synchronize 'EURUSD5'
0	23:00:05.995	HistoryCenter: 2 bars imported in 'EURUSD5'
0	23:00:07.105	HistoryCenter: synchronize 'EURUSD5'
0	23:00:08.558	HistoryCenter: 2 bars imported in 'EURUSD5'
0	23:00:09.151	HistoryCenter: synchronize 'EURUSD5'
0	23:00:10.026	HistoryCenter: 2 bars imported in 'EURUSD5'
0	23:00:11.150	HistoryCenter: synchronize 'EURUSD5'
0	23:00:11.963	HistoryCenter: 2 bars imported in 'EURUSD5'
