0	01:00:01.662	HistoryCenter: synchronize 'EURUSD1'
0	01:00:02.475	HistoryCenter: 2 bars imported in 'EURUSD1'
0	01:00:03.568	HistoryCenter: synchronize 'EURUSD1'
0	01:00:04.303	HistoryCenter: 2 bars imported in 'EURUSD1'
0	01:00:04.865	HistoryCenter: synchronize 'EURUSD1'
0	01:00:05.599	HistoryCenter: 2 bars imported in 'EURUSD1'
0	01:00:06.708	HistoryCenter: synchronize 'EURUSD1'
0	01:00:07.520	HistoryCenter: 2 bars imported in 'EURUSD1'
0	01:00:08.614	HistoryCenter: synchronize 'EURUSD1'
0	01:00:09.395	HistoryCenter: 2 bars imported in 'EURUSD1'
0	02:00:01.223	HistoryCenter: synchronize 'EURUSD1'
0	02:00:02.035	HistoryCenter: 2 bars imported in 'EURUSD1'
0	02:00:03.125	HistoryCenter: synchronize 'EURUSD1'
0	02:00:03.890	HistoryCenter: 2 bars imported in 'EURUSD1'
0	02:00:04.437	HistoryCenter: synchronize 'EURUSD1'
0	02:00:05.187	HistoryCenter: 2 bars imported in 'EURUSD1'
0	02:00:06.296	HistoryCenter: synchronize 'EURUSD1'
0	02:00:07.077	HistoryCenter: 2 bars imported in 'EURUSD1'
0	02:00:08.170	HistoryCenter: synchronize 'EURUSD1'
0	02:00:08.952	HistoryCenter: 2 bars imported in 'EURUSD1'
0	02:00:09.514	HistoryCenter: synchronize 'EURUSD1'
0	02:00:10.295	HistoryCenter: 2 bars imported in 'EURUSD1'
0	02:00:11.388	HistoryCenter: synchronize 'EURUSD1'
0	02:00:12.123	HistoryCenter: 2 bars imported in 'EURUSD1'
0	02:00:13.217	HistoryCenter: synchronize 'EURUSD1'
0	02:00:13.920	HistoryCenter: 2 bars imported in 'EURUSD1'
0	02:00:14.497	HistoryCenter: synchronize 'EURUSD1'
0	02:00:15.232	HistoryCenter: 2 bars imported in 'EURUSD1'
0	02:00:16.341	HistoryCenter: synchronize 'EURUSD1'
0	02:00:17.075	HistoryCenter: 2 bars imported in 'EURUSD1'
0	03:00:05.490	HistoryCenter: synchronize 'EURUSD1'
0	03:00:06.272	HistoryCenter: 2 bars imported in 'EURUSD1'
0	03:00:07.381	HistoryCenter: synchronize 'EURUSD1'
0	03:00:08.099	HistoryCenter: 2 bars imported in 'EURUSD1'
0	03:00:08.646	HistoryCenter: synchronize 'EURUSD1'
0	03:00:09.381	HistoryCenter: 2 bars imported in 'EURUSD1'
0	03:00:10.521	HistoryCenter: synchronize 'EURUSD1'
0	03:00:11.271	HistoryCenter: 2 bars imported in 'EURUSD1'
0	03:00:12.380	HistoryCenter: synchronize 'EURUSD1'
0	03:00:13.114	HistoryCenter: 2 bars imported in 'EURUSD1'
0	03:00:13.661	HistoryCenter: synchronize 'EURUSD1'
0	03:00:14.380	HistoryCenter: 2 bars imported in 'EURUSD1'
0	04:00:02.061	HistoryCenter: synchronize 'EURUSD1'
0	04:00:02.827	HistoryCenter: 2 bars imported in 'EURUSD1'
0	04:00:03.967	HistoryCenter: synchronize 'EURUSD1'
0	04:00:04.717	HistoryCenter: 2 bars imported in 'EURUSD1'
0	04:00:05.264	HistoryCenter: synchronize 'EURUSD1'
0	04:00:05.998	HistoryCenter: 2 bars imported in 'EURUSD1'
0	04:00:07.092	HistoryCenter: synchronize 'EURUSD1'
0	04:00:07.810	HistoryCenter: 2 bars imported in 'EURUSD1'
0	05:00:01.730	HistoryCenter: synchronize 'EURUSD1'
0	05:00:02.542	HistoryCenter: 2 bars imported in 'EURUSD1'
0	05:00:03.651	HistoryCenter: synchronize 'EURUSD1'
0	05:00:04.401	HistoryCenter: 2 bars imported in 'EURUSD1'
0	05:00:04.949	HistoryCenter: synchronize 'EURUSD1'
0	05:00:05.683	HistoryCenter: 2 bars imported in 'EURUSD1'
0	05:00:06.807	HistoryCenter: synchronize 'EURUSD1'
0	05:00:07.572	HistoryCenter: 2 bars imported in 'EURUSD1'
0	05:00:08.681	HistoryCenter: synchronize 'EURUSD1'
0	05:00:09.401	HistoryCenter: 2 bars imported in 'EURUSD1'
0	05:00:09.947	HistoryCenter: synchronize 'EURUSD1'
0	05:00:10.697	HistoryCenter: 2 bars imported in 'EURUSD1'
0	06:00:02.143	HistoryCenter: synchronize 'EURUSD1'
0	06:00:02.941	HistoryCenter: 2 bars imported in 'EURUSD1'
0	06:00:03.502	HistoryCenter: synchronize 'EURUSD1'
0	06:00:04.253	HistoryCenter: 2 bars imported in 'EURUSD1'
0	06:00:05.393	HistoryCenter: synchronize 'EURUSD1'
0	06:00:06.143	HistoryCenter: 2 bars imported in 'EURUSD1'
0	06:00:06.705	HistoryCenter: synchronize 'EURUSD1'
0	06:00:07.455	HistoryCenter: 2 bars imported in 'EURUSD1'
0	06:00:08.580	HistoryCenter: synchronize 'EURUSD1'
0	06:00:09.330	HistoryCenter: 2 bars imported in 'EURUSD1'
0	06:00:10.439	HistoryCenter: synchronize 'EURUSD1'
0	06:00:11.157	HistoryCenter: 2 bars imported in 'EURUSD1'
0	06:00:12.266	HistoryCenter: synchronize 'EURUSD1'
0	06:00:13.016	HistoryCenter: 2 bars imported in 'EURUSD1'
0	06:00:13.562	HistoryCenter: synchronize 'EURUSD1'
0	06:00:14.312	HistoryCenter: 2 bars imported in 'EURUSD1'
2	06:39:31.979	Custom indicator fadedbckgrnd2__1 GBPUSD,M1: loaded successfully
2	06:39:31.995	Custom indicator FixedChartScale GBPUSD,M1: loaded successfully
2	06:39:32.011	Custom indicator iclock_mod1 GBPUSD,M1: loaded successfully
2	06:39:32.120	Custom indicator Price Pro Value Chart Profissional - PT-BR GBPUSD,M1: loaded successfully
0	06:39:33.463	HistoryCenter: synchronize 'GBPUSD1'
0	06:39:34.237	HistoryCenter: 2 bars imported in 'GBPUSD1'
0	06:39:34.831	HistoryCenter: synchronize 'GBPUSD1'
0	06:39:35.580	HistoryCenter: 2 bars imported in 'GBPUSD1'
0	06:39:36.700	HistoryCenter: synchronize 'GBPUSD1'
0	06:39:37.450	HistoryCenter: 2 bars imported in 'GBPUSD1'
0	07:00:04.271	HistoryCenter: synchronize 'EURUSD1'
0	07:00:05.036	HistoryCenter: 2 bars imported in 'EURUSD1'
0	07:00:05.036	HistoryCenter: synchronize 'GBPUSD1'
0	07:00:05.786	HistoryCenter: 2 bars imported in 'GBPUSD1'
0	07:00:06.349	HistoryCenter: synchronize 'EURUSD1'
0	07:00:07.098	HistoryCenter: 2 bars imported in 'EURUSD1'
0	07:00:07.098	HistoryCenter: synchronize 'GBPUSD1'
0	07:00:07.848	HistoryCenter: 2 bars imported in 'GBPUSD1'
0	07:00:08.426	HistoryCenter: synchronize 'EURUSD1'
0	07:00:09.160	HistoryCenter: 2 bars imported in 'EURUSD1'
0	07:00:10.253	HistoryCenter: synchronize 'EURUSD1'
0	07:00:11.003	HistoryCenter: 2 bars imported in 'EURUSD1'
0	07:00:12.113	HistoryCenter: synchronize 'EURUSD1'
0	07:00:12.815	HistoryCenter: 2 bars imported in 'EURUSD1'
0	07:00:13.362	HistoryCenter: synchronize 'EURUSD1'
0	07:00:14.081	HistoryCenter: 2 bars imported in 'EURUSD1'
0	07:00:15.190	HistoryCenter: synchronize 'EURUSD1'
0	07:00:15.971	HistoryCenter: 2 bars imported in 'EURUSD1'
0	07:00:17.096	HistoryCenter: synchronize 'EURUSD1'
0	07:00:17.846	HistoryCenter: 2 bars imported in 'EURUSD1'
0	07:00:18.408	HistoryCenter: synchronize 'EURUSD1'
0	07:00:19.174	HistoryCenter: 2 bars imported in 'EURUSD1'
0	07:03:57.396	HistoryCenter: synchronize 'EURUSD1'
0	07:03:58.130	HistoryCenter: 2 bars imported in 'EURUSD1'
0	07:03:59.771	HistoryCenter: synchronize 'EURUSD1'
0	07:04:00.516	HistoryCenter: 2 bars imported in 'EURUSD1'
0	07:04:01.625	HistoryCenter: synchronize 'EURUSD1'
0	07:04:02.353	HistoryCenter: 2 bars imported in 'EURUSD1'
0	07:04:03.436	HistoryCenter: synchronize 'EURUSD1'
0	07:04:04.218	HistoryCenter: 2 bars imported in 'EURUSD1'
0	07:04:04.784	HistoryCenter: synchronize 'EURUSD1'
0	07:04:05.534	HistoryCenter: 2 bars imported in 'EURUSD1'
0	07:04:06.673	HistoryCenter: synchronize 'EURUSD1'
0	07:04:07.437	HistoryCenter: 2 bars imported in 'EURUSD1'
0	07:04:08.538	HistoryCenter: synchronize 'EURUSD1'
0	07:04:09.272	HistoryCenter: 2 bars imported in 'EURUSD1'
0	07:04:09.834	HistoryCenter: synchronize 'EURUSD1'
2	07:04:10.319	Custom indicator fadedbckgrnd2__1 GBPUSD,M1: removed
2	07:04:10.319	Custom indicator FixedChartScale GBPUSD,M1: removed
2	07:04:10.319	Custom indicator iclock_mod1 GBPUSD,M1: removed
2	07:04:10.334	Custom indicator Price Pro Value Chart Profissional - PT-BR GBPUSD,M1: removed
2	07:04:10.350	Custom indicator fadedbckgrnd2__1 GBPUSD,M1: loaded successfully
2	07:04:10.365	Custom indicator FixedChartScale GBPUSD,M1: loaded successfully
2	07:04:10.365	Custom indicator iclock_mod1 GBPUSD,M1: loaded successfully
2	07:04:10.475	Custom indicator Price Pro Value Chart Profissional - PT-BR GBPUSD,M1: loaded successfully
0	07:04:10.600	HistoryCenter: 2 bars imported in 'EURUSD1'
0	07:04:12.251	HistoryCenter: synchronize 'GBPUSD1'
0	07:04:13.016	HistoryCenter: 2 bars imported in 'GBPUSD1'
0	07:04:13.016	HistoryCenter: synchronize 'EURUSD1'
0	07:04:13.750	HistoryCenter: 2 bars imported in 'EURUSD1'
0	07:04:13.750	HistoryCenter: synchronize 'GBPUSD1'
0	07:04:14.479	HistoryCenter: 2 bars imported in 'GBPUSD1'
0	08:00:02.435	HistoryCenter: synchronize 'EURUSD1'
0	08:00:03.294	HistoryCenter: 2 bars imported in 'EURUSD1'
0	08:00:03.294	HistoryCenter: synchronize 'GBPUSD1'
0	08:00:04.044	HistoryCenter: 2 bars imported in 'GBPUSD1'
0	08:00:04.591	HistoryCenter: synchronize 'GBPUSD1'
0	08:00:05.340	HistoryCenter: 2 bars imported in 'GBPUSD1'
0	08:00:05.340	HistoryCenter: synchronize 'EURUSD1'
0	08:00:06.122	HistoryCenter: 2 bars imported in 'EURUSD1'
0	08:00:06.122	HistoryCenter: synchronize 'GBPUSD1'
0	08:00:06.872	HistoryCenter: 2 bars imported in 'GBPUSD1'
0	08:00:06.872	HistoryCenter: synchronize 'EURUSD1'
0	08:00:07.637	HistoryCenter: 2 bars imported in 'EURUSD1'
0	08:00:07.637	HistoryCenter: synchronize 'GBPUSD1'
0	08:00:08.403	HistoryCenter: 2 bars imported in 'GBPUSD1'
0	08:00:08.403	HistoryCenter: synchronize 'EURUSD1'
0	08:00:09.152	HistoryCenter: 2 bars imported in 'EURUSD1'
0	08:00:09.152	HistoryCenter: synchronize 'GBPUSD1'
0	08:00:09.918	HistoryCenter: 2 bars imported in 'GBPUSD1'
0	08:00:09.918	HistoryCenter: synchronize 'EURUSD1'
0	08:00:10.761	HistoryCenter: 2 bars imported in 'EURUSD1'
0	08:00:10.761	HistoryCenter: synchronize 'GBPUSD1'
0	08:00:11.542	HistoryCenter: 2 bars imported in 'GBPUSD1'
0	08:00:12.652	HistoryCenter: synchronize 'GBPUSD1'
0	08:00:13.354	HistoryCenter: 2 bars imported in 'GBPUSD1'
0	08:00:14.448	HistoryCenter: synchronize 'GBPUSD1'
0	08:00:15.166	HistoryCenter: 2 bars imported in 'GBPUSD1'
0	09:00:04.824	HistoryCenter: synchronize 'EURUSD1'
0	09:00:06.515	HistoryCenter: 2 bars imported in 'EURUSD1'
0	09:00:06.515	HistoryCenter: synchronize 'GBPUSD1'
0	09:00:07.703	HistoryCenter: 2 bars imported in 'GBPUSD1'
0	09:00:07.703	HistoryCenter: synchronize 'EURUSD1'
0	09:00:08.827	HistoryCenter: 2 bars imported in 'EURUSD1'
0	09:00:08.827	HistoryCenter: synchronize 'GBPUSD1'
0	09:00:10.311	HistoryCenter: 2 bars imported in 'GBPUSD1'
0	09:00:10.311	HistoryCenter: synchronize 'EURUSD1'
0	09:00:11.999	HistoryCenter: 2 bars imported in 'EURUSD1'
0	09:00:11.999	HistoryCenter: synchronize 'GBPUSD1'
0	09:00:13.357	HistoryCenter: 2 bars imported in 'GBPUSD1'
0	09:00:13.357	HistoryCenter: synchronize 'EURUSD1'
0	09:00:14.727	HistoryCenter: 2 bars imported in 'EURUSD1'
0	09:00:14.727	HistoryCenter: synchronize 'GBPUSD1'
0	09:00:16.038	HistoryCenter: 2 bars imported in 'GBPUSD1'
0	10:00:01.998	HistoryCenter: synchronize 'GBPUSD1'
0	10:00:02.827	HistoryCenter: 2 bars imported in 'GBPUSD1'
0	10:00:03.389	HistoryCenter: synchronize 'EURUSD1'
0	10:00:04.170	HistoryCenter: 2 bars imported in 'EURUSD1'
0	10:00:04.170	HistoryCenter: synchronize 'GBPUSD1'
0	10:00:04.951	HistoryCenter: 2 bars imported in 'GBPUSD1'
0	10:00:04.951	HistoryCenter: synchronize 'EURUSD1'
0	10:00:05.716	HistoryCenter: 2 bars imported in 'EURUSD1'
0	10:00:06.263	HistoryCenter: synchronize 'GBPUSD1'
0	10:00:07.013	HistoryCenter: 2 bars imported in 'GBPUSD1'
0	10:00:07.013	HistoryCenter: synchronize 'EURUSD1'
0	10:00:07.748	HistoryCenter: 2 bars imported in 'EURUSD1'
0	10:00:08.294	HistoryCenter: synchronize 'GBPUSD1'
0	10:00:09.044	HistoryCenter: 2 bars imported in 'GBPUSD1'
0	10:00:09.044	HistoryCenter: synchronize 'EURUSD1'
0	10:00:09.794	HistoryCenter: 2 bars imported in 'EURUSD1'
0	10:00:09.794	HistoryCenter: synchronize 'GBPUSD1'
0	10:00:10.574	HistoryCenter: 2 bars imported in 'GBPUSD1'
0	10:00:11.121	HistoryCenter: synchronize 'GBPUSD1'
0	10:00:11.871	HistoryCenter: 2 bars imported in 'GBPUSD1'
0	11:00:02.084	HistoryCenter: synchronize 'GBPUSD1'
0	11:00:02.880	HistoryCenter: 2 bars imported in 'GBPUSD1'
0	11:00:03.426	HistoryCenter: synchronize 'EURUSD1'
0	11:00:04.161	HistoryCenter: 2 bars imported in 'EURUSD1'
0	11:00:04.161	HistoryCenter: synchronize 'GBPUSD1'
0	11:00:04.910	HistoryCenter: 2 bars imported in 'GBPUSD1'
0	11:00:06.035	HistoryCenter: synchronize 'GBPUSD1'
0	11:00:06.754	HistoryCenter: 2 bars imported in 'GBPUSD1'
0	12:00:01.702	HistoryCenter: synchronize 'EURUSD1'
0	12:00:02.483	HistoryCenter: 2 bars imported in 'EURUSD1'
0	12:00:03.029	HistoryCenter: synchronize 'GBPUSD1'
0	12:00:03.780	HistoryCenter: 2 bars imported in 'GBPUSD1'
0	12:00:03.780	HistoryCenter: synchronize 'EURUSD1'
0	12:00:04.591	HistoryCenter: 2 bars imported in 'EURUSD1'
0	12:00:05.700	HistoryCenter: synchronize 'EURUSD1'
0	12:00:06.435	HistoryCenter: 2 bars imported in 'EURUSD1'
0	12:00:07.528	HistoryCenter: synchronize 'EURUSD1'
0	12:00:08.247	HistoryCenter: 2 bars imported in 'EURUSD1'
2	12:59:22.043	Custom indicator iclock_mod1 USDJPY,M1: loaded successfully
2	12:59:49.391	Custom indicator Guns Catalogador USDJPY,M1: loaded successfully
0	13:00:04.460	HistoryCenter: synchronize 'EURUSD1'
0	13:00:05.234	HistoryCenter: 2 bars imported in 'EURUSD1'
0	13:00:05.234	HistoryCenter: synchronize 'GBPUSD1'
0	13:00:05.952	HistoryCenter: 2 bars imported in 'GBPUSD1'
0	13:00:05.952	HistoryCenter: synchronize 'EURUSD1'
0	13:00:06.709	HistoryCenter: 2 bars imported in 'EURUSD1'
0	13:00:07.271	HistoryCenter: synchronize 'EURUSD1'
0	13:00:08.005	HistoryCenter: 2 bars imported in 'EURUSD1'
0	13:00:09.107	HistoryCenter: synchronize 'EURUSD1'
0	13:00:09.841	HistoryCenter: 2 bars imported in 'EURUSD1'
0	13:00:10.934	HistoryCenter: synchronize 'EURUSD1'
0	13:00:11.669	HistoryCenter: 2 bars imported in 'EURUSD1'
0	13:00:12.232	HistoryCenter: synchronize 'EURUSD1'
0	13:00:12.981	HistoryCenter: 2 bars imported in 'EURUSD1'
2	13:00:31.117	Custom indicator GUNS Value Chart USDJPY,M1: loaded successfully
2	13:31:32.949	Custom indicator fadedbckgrnd2__1 EURUSD,M1: removed
2	13:31:32.949	Custom indicator FixedChartScale EURUSD,M1: removed
2	13:31:32.949	Custom indicator iclock_mod1 EURUSD,M1: removed
2	13:31:32.964	Custom indicator Price Pro Value Chart Profissional - PT-BR EURUSD,M1: removed
2	13:31:32.980	Custom indicator fadedbckgrnd2__1 EURUSD,M1: loaded successfully
2	13:31:32.980	Custom indicator FixedChartScale EURUSD,M1: loaded successfully
2	13:31:32.996	Custom indicator iclock_mod1 EURUSD,M1: loaded successfully
2	13:31:33.105	Custom indicator Price Pro Value Chart Profissional - PT-BR EURUSD,M1: loaded successfully
0	13:31:34.370	HistoryCenter: synchronize 'EURUSD1'
0	13:31:35.123	HistoryCenter: 2 bars imported in 'EURUSD1'
0	13:31:36.265	HistoryCenter: synchronize 'EURUSD1'
0	13:31:37.099	HistoryCenter: 2 bars imported in 'EURUSD1'
0	13:31:37.662	HistoryCenter: synchronize 'EURUSD1'
0	13:31:38.395	HistoryCenter: 2 bars imported in 'EURUSD1'
0	13:31:39.504	HistoryCenter: synchronize 'EURUSD1'
0	13:31:40.239	HistoryCenter: 2 bars imported in 'EURUSD1'
0	13:31:40.786	HistoryCenter: synchronize 'EURUSD1'
0	13:31:41.504	HistoryCenter: 2 bars imported in 'EURUSD1'
0	13:31:42.613	HistoryCenter: synchronize 'EURUSD1'
0	13:31:43.566	HistoryCenter: 2 bars imported in 'EURUSD1'
2	13:36:03.306	Custom indicator iclock_mod1 USDJPY,M1: removed
2	13:36:03.306	Custom indicator Guns Catalogador USDJPY,M1: removed
2	13:36:03.321	Custom indicator GUNS Value Chart USDJPY,M1: removed
2	13:36:03.321	Custom indicator iclock_mod1 USDJPY,M1: loaded successfully
2	13:36:06.952	Custom indicator Guns Catalogador USDJPY,M1: loaded successfully
2	13:36:09.442	Custom indicator GUNS SUP-RES USDJPY,M1: loaded successfully
2	13:36:11.806	Custom indicator GUNS TENDENCIA USDJPY,M1: loaded successfully
2	13:36:14.554	Custom indicator GUNS TIMER USDJPY,M1: loaded successfully
2	13:36:18.908	Custom indicator GUNS Value Chart USDJPY,M1: loaded successfully
2	13:36:23.611	Custom indicator Guns Value Combiner USDJPY,M1: loaded successfully
2	13:36:33.365	Custom indicator GUNS Value Chart USDJPY,M1: removed
2	13:36:34.650	Custom indicator Guns Value Combiner USDJPY,M1: removed
2	13:36:35.775	Custom indicator Guns Value Combiner USDJPY,M1: loaded successfully
2	13:37:09.793	Custom indicator iclock_mod1 USDJPY,M1: removed
2	13:51:27.524	Custom indicator Guns Catalogador USDJPY,M1: removed
2	13:51:27.524	Custom indicator GUNS SUP-RES USDJPY,M1: removed
2	13:51:27.524	Custom indicator GUNS TENDENCIA USDJPY,M1: removed
2	13:51:27.524	Custom indicator GUNS TIMER USDJPY,M1: removed
2	13:51:27.524	Custom indicator Guns Value Combiner USDJPY,M1: removed
2	13:51:27.540	Custom indicator fadedbckgrnd2__1 USDJPY,M1: loaded successfully
2	13:51:27.540	Custom indicator FixedChartScale USDJPY,M1: loaded successfully
2	13:51:27.555	Custom indicator iclock_mod1 USDJPY,M1: loaded successfully
2	13:51:27.649	Custom indicator Price Pro Value Chart Profissional - PT-BR USDJPY,M1: loaded successfully
0	13:51:28.946	HistoryCenter: synchronize 'USDJPY1'
0	13:51:29.724	HistoryCenter: 2 bars imported in 'USDJPY1'
0	13:51:30.287	HistoryCenter: synchronize 'USDJPY1'
0	13:51:31.036	HistoryCenter: 2 bars imported in 'USDJPY1'
0	13:51:32.141	HistoryCenter: synchronize 'USDJPY1'
0	13:51:32.906	HistoryCenter: 2 bars imported in 'USDJPY1'
0	13:51:34.015	HistoryCenter: synchronize 'USDJPY1'
0	13:51:34.765	HistoryCenter: 2 bars imported in 'USDJPY1'
0	13:51:35.343	HistoryCenter: synchronize 'USDJPY1'
0	13:51:36.108	HistoryCenter: 2 bars imported in 'USDJPY1'
0	13:51:37.249	HistoryCenter: synchronize 'USDJPY1'
0	13:51:38.015	HistoryCenter: 2 bars imported in 'USDJPY1'
2	13:52:09.935	Custom indicator fadedbckgrnd2__1 USDJPY,M1: removed
2	13:52:09.935	Custom indicator FixedChartScale USDJPY,M1: removed
2	13:52:09.935	Custom indicator iclock_mod1 USDJPY,M1: removed
2	13:52:09.935	Custom indicator Price Pro Value Chart Profissional - PT-BR USDJPY,M1: removed
0	14:00:02.588	HistoryCenter: synchronize 'GBPUSD1'
0	14:00:03.342	HistoryCenter: 2 bars imported in 'GBPUSD1'
0	14:00:03.342	HistoryCenter: synchronize 'EURUSD1'
0	14:00:04.068	HistoryCenter: 2 bars imported in 'EURUSD1'
0	14:00:04.068	HistoryCenter: synchronize 'GBPUSD1'
0	14:00:04.792	HistoryCenter: 2 bars imported in 'GBPUSD1'
0	14:00:04.792	HistoryCenter: synchronize 'EURUSD1'
0	14:00:05.526	HistoryCenter: 2 bars imported in 'EURUSD1'
0	14:00:06.590	HistoryCenter: synchronize 'EURUSD1'
0	14:00:07.676	HistoryCenter: 2 bars imported in 'EURUSD1'
0	14:00:08.195	HistoryCenter: synchronize 'EURUSD1'
0	14:00:08.965	HistoryCenter: 2 bars imported in 'EURUSD1'
0	14:00:09.515	HistoryCenter: synchronize 'EURUSD1'
0	14:00:10.380	HistoryCenter: 2 bars imported in 'EURUSD1'
2	14:07:49.815	Custom indicator fadedbckgrnd2__1 EURUSD,M1: removed
2	14:07:49.815	Custom indicator FixedChartScale EURUSD,M1: removed
2	14:07:49.819	Custom indicator iclock_mod1 EURUSD,M1: removed
2	14:07:49.834	Custom indicator Price Pro Value Chart Profissional - PT-BR EURUSD,M1: removed
2	14:07:49.846	Custom indicator fadedbckgrnd2__1 GBPUSD,M1: removed
2	14:07:49.850	Custom indicator FixedChartScale GBPUSD,M1: removed
2	14:07:49.850	Custom indicator iclock_mod1 GBPUSD,M1: removed
2	14:07:49.870	Custom indicator Price Pro Value Chart Profissional - PT-BR GBPUSD,M1: removed
0	14:07:50.164	Alpari MT4 build 1359 stopped
0	20:24:14.132	Alpari MT4 build 1359 started (Alpari International)
0	20:24:14.132	Windows 10 Pro x64, IE 11, UAC, 8 x Intel Core i7-7700HQ  @ 2.80GHz, Memory: 11655 / 16267 Mb, Disk: 392 / 476 Gb, GMT-3
0	20:24:14.132	Data Folder: C:\Users\Administrator\AppData\Roaming\MetaQuotes\Terminal\287469DEA9630EA94D0715D755974F1B
2	20:24:15.557	Custom indicator fadedbckgrnd2__1 EURUSD,M1: loaded successfully
2	20:24:15.565	Custom indicator FixedChartScale EURUSD,M1: loaded successfully
2	20:24:15.577	Custom indicator iclock_mod1 EURUSD,M1: loaded successfully
2	20:24:15.709	Custom indicator Price Pro Value Chart Profissional - PT-BR EURUSD,M1: loaded successfully
2	20:24:15.937	Custom indicator Price Pro Value Chart Profissional - PT-BR EURUSD,M1: removed
2	20:24:15.972	Custom indicator fadedbckgrnd2__1 GBPUSD,M1: loaded successfully
2	20:24:15.978	Custom indicator FixedChartScale GBPUSD,M1: loaded successfully
2	20:24:15.990	Custom indicator iclock_mod1 GBPUSD,M1: loaded successfully
2	20:24:16.101	Custom indicator Price Pro Value Chart Profissional - PT-BR GBPUSD,M1: loaded successfully
2	20:24:16.346	Custom indicator Price Pro Value Chart Profissional - PT-BR GBPUSD,M1: removed
0	20:24:16.576	HistoryCenter: synchronize 'EURUSD1'
0	20:24:18.793	'15069840': login on Alpari-Demo through Demo.Europe.2:444 (ping: 240.84 ms)
0	20:24:18.797	HistoryCenter: 228 bars imported in 'EURUSD1'
0	20:24:19.350	HistoryCenter: synchronize 'GBPUSD1'
0	20:24:20.105	HistoryCenter: 228 bars imported in 'GBPUSD1'
0	20:24:21.612	'15069840': login datacenter on Alpari-Demo through Demo.Europe.2:444 (ping: 240.84 ms)
0	20:24:22.645	'15069840': previous successful authorization performed from 177.13.218.138
2	20:24:35.116	Custom indicator fadedbckgrnd2__1 EURUSD,M1: removed
2	20:24:35.120	Custom indicator FixedChartScale EURUSD,M1: removed
2	20:24:35.120	Custom indicator iclock_mod1 EURUSD,M1: removed
2	20:24:35.130	Custom indicator iclock_mod1 EURUSD,M1: loaded successfully
2	20:24:42.936	Custom indicator V5 BOOT_fix(3) EURUSD,M1: loaded successfully
2	20:24:49.161	Custom indicator V5 BOOT_fix(3) EURUSD,M1: removed
2	20:24:54.737	Custom indicator Guns Catalogador EURUSD,M1: loaded successfully
2	20:25:19.050	Custom indicator Guns Value Combiner EURUSD,M1: loaded successfully
0	20:25:25.617	'15069840': auto connecting to a better access point Demo.Europe.9:1119 (ping is 263.70 ms)
0	20:25:26.480	'15069840': login on Alpari-Demo through Demo.Europe.9:1119 (ping: 263.70 ms)
0	20:25:28.465	'15069840': login datacenter on Alpari-Demo through Demo.Europe.9:1119 (ping: 263.70 ms)
0	20:25:29.106	'15069840': previous successful authorization performed from 177.13.219.146
2	20:25:48.076	Custom indicator fadedbckgrnd2__1 GBPUSD,M1: removed
2	20:25:48.076	Custom indicator FixedChartScale GBPUSD,M1: removed
2	20:25:48.076	Custom indicator iclock_mod1 GBPUSD,M1: removed
2	20:25:48.089	Custom indicator iclock_mod1 GBPUSD,M1: loaded successfully
2	20:25:48.101	Custom indicator Guns Catalogador GBPUSD,M1: loaded successfully
2	20:25:48.109	Custom indicator Guns Value Combiner GBPUSD,M1: loaded successfully
2	20:27:42.961	Custom indicator iclock_mod1 GBPUSD,M1: removed
2	20:27:42.961	Custom indicator Guns Catalogador GBPUSD,M1: removed
2	20:27:42.961	Custom indicator Guns Value Combiner GBPUSD,M1: removed
2	20:27:42.973	Custom indicator iclock_mod1 GBPUSD,M1: loaded successfully
2	20:27:42.985	Custom indicator Guns Catalogador GBPUSD,M1: loaded successfully
2	20:27:42.993	Custom indicator Guns Value Combiner GBPUSD,M1: loaded successfully
2	20:28:23.649	Custom indicator iclock_mod1 GBPUSD,M1: removed
2	20:28:23.649	Custom indicator Guns Catalogador GBPUSD,M1: removed
2	20:28:23.649	Custom indicator Guns Value Combiner GBPUSD,M1: removed
2	20:28:23.661	Custom indicator fadedbckgrnd2__1 GBPUSD,M1: loaded successfully
2	20:28:23.669	Custom indicator FixedChartScale GBPUSD,M1: loaded successfully
2	20:28:23.681	Custom indicator iclock_mod1 GBPUSD,M1: loaded successfully
2	20:28:23.789	Custom indicator Price Pro Value Chart Profissional - PT-BR GBPUSD,M1: loaded successfully
0	20:28:27.735	HistoryCenter: synchronize 'GBPUSD1'
0	20:28:28.513	HistoryCenter: 2 bars imported in 'GBPUSD1'
0	20:28:29.588	HistoryCenter: synchronize 'GBPUSD1'
0	20:28:30.352	HistoryCenter: 2 bars imported in 'GBPUSD1'
0	20:28:31.425	HistoryCenter: synchronize 'GBPUSD1'
0	20:28:32.181	HistoryCenter: 2 bars imported in 'GBPUSD1'
0	20:28:33.246	HistoryCenter: synchronize 'GBPUSD1'
0	20:28:34.020	HistoryCenter: 2 bars imported in 'GBPUSD1'
0	20:28:35.085	HistoryCenter: synchronize 'GBPUSD1'
0	20:28:35.852	HistoryCenter: 2 bars imported in 'GBPUSD1'
0	20:28:36.381	HistoryCenter: synchronize 'GBPUSD1'
0	20:28:37.172	HistoryCenter: 2 bars imported in 'GBPUSD1'
0	20:28:38.236	HistoryCenter: synchronize 'GBPUSD1'
0	20:28:38.999	HistoryCenter: 2 bars imported in 'GBPUSD1'
0	20:28:39.528	HistoryCenter: synchronize 'GBPUSD1'
0	20:28:40.264	HistoryCenter: 2 bars imported in 'GBPUSD1'
0	20:28:41.340	HistoryCenter: synchronize 'GBPUSD1'
0	20:28:42.092	HistoryCenter: 2 bars imported in 'GBPUSD1'
0	20:28:43.155	HistoryCenter: synchronize 'GBPUSD1'
0	20:28:43.927	HistoryCenter: 2 bars imported in 'GBPUSD1'
0	20:28:44.464	HistoryCenter: synchronize 'GBPUSD1'
0	20:28:45.205	HistoryCenter: 2 bars imported in 'GBPUSD1'
0	20:28:46.272	HistoryCenter: synchronize 'GBPUSD1'
0	20:28:47.013	HistoryCenter: 2 bars imported in 'GBPUSD1'
0	20:28:47.536	HistoryCenter: synchronize 'GBPUSD1'
0	20:28:48.288	HistoryCenter: 2 bars imported in 'GBPUSD1'
2	20:29:17.428	Custom indicator Guns Catalogador GBPUSD,M1: loaded successfully
2	20:34:30.559	Custom indicator iclock_mod1 EURUSD,M1: removed
2	20:34:30.563	Custom indicator Guns Catalogador EURUSD,M1: removed
2	20:34:30.563	Custom indicator Guns Value Combiner EURUSD,M1: removed
2	20:34:30.571	Custom indicator fadedbckgrnd2__1 EURUSD,M1: loaded successfully
2	20:34:30.579	Custom indicator FixedChartScale EURUSD,M1: loaded successfully
2	20:34:30.587	Custom indicator iclock_mod1 EURUSD,M1: loaded successfully
2	20:34:30.698	Custom indicator Price Pro Value Chart Profissional - PT-BR EURUSD,M1: loaded successfully
0	20:34:34.964	HistoryCenter: synchronize 'EURUSD1'
0	20:34:40.063	HistoryCenter: 2 bars imported in 'EURUSD1'
0	20:34:42.195	HistoryCenter: synchronize 'EURUSD1'
0	20:34:46.070	HistoryCenter: 2 bars imported in 'EURUSD1'
0	20:34:47.169	HistoryCenter: synchronize 'EURUSD1'
2	20:34:47.574	Custom indicator Guns Catalogador EURUSD,M1: loaded successfully
0	20:34:50.305	HistoryCenter: 2 bars imported in 'EURUSD1'
0	20:34:51.393	HistoryCenter: synchronize 'EURUSD1'
0	20:34:53.792	HistoryCenter: 2 bars imported in 'EURUSD1'
0	20:34:54.340	HistoryCenter: synchronize 'EURUSD1'
0	20:34:56.591	HistoryCenter: 2 bars imported in 'EURUSD1'
0	20:34:57.144	HistoryCenter: synchronize 'EURUSD1'
0	20:34:59.122	HistoryCenter: 2 bars imported in 'EURUSD1'
0	20:35:00.218	HistoryCenter: synchronize 'EURUSD1'
0	20:35:01.986	HistoryCenter: 2 bars imported in 'EURUSD1'
0	20:36:39.566	HistoryCenter: synchronize 'EURUSD1'
0	20:36:40.314	HistoryCenter: 2 bars imported in 'EURUSD1'
0	20:36:41.944	HistoryCenter: synchronize 'EURUSD1'
0	20:36:42.686	HistoryCenter: 2 bars imported in 'EURUSD1'
0	20:36:43.786	HistoryCenter: synchronize 'EURUSD1'
0	20:36:44.532	HistoryCenter: 2 bars imported in 'EURUSD1'
0	20:36:45.632	HistoryCenter: synchronize 'EURUSD1'
0	20:36:46.488	HistoryCenter: 2 bars imported in 'EURUSD1'
0	20:36:47.029	HistoryCenter: synchronize 'EURUSD1'
0	20:36:47.801	HistoryCenter: 2 bars imported in 'EURUSD1'
0	20:36:48.901	HistoryCenter: synchronize 'EURUSD1'
0	20:36:49.654	HistoryCenter: 2 bars imported in 'EURUSD1'
0	20:36:50.752	HistoryCenter: synchronize 'EURUSD1'
0	20:36:51.495	HistoryCenter: 2 bars imported in 'EURUSD1'
0	20:38:16.418	HistoryCenter: synchronize 'GBPUSD1'
0	20:38:17.181	HistoryCenter: 2 bars imported in 'GBPUSD1'
0	20:38:18.832	HistoryCenter: synchronize 'GBPUSD1'
0	20:38:19.579	HistoryCenter: 2 bars imported in 'GBPUSD1'
0	20:38:20.701	HistoryCenter: synchronize 'GBPUSD1'
0	20:38:21.442	HistoryCenter: 2 bars imported in 'GBPUSD1'
0	20:38:22.528	HistoryCenter: synchronize 'GBPUSD1'
0	20:38:23.290	HistoryCenter: 2 bars imported in 'GBPUSD1'
0	20:38:23.830	HistoryCenter: synchronize 'GBPUSD1'
0	20:38:24.635	HistoryCenter: 2 bars imported in 'GBPUSD1'
0	20:38:25.727	HistoryCenter: synchronize 'GBPUSD1'
0	20:38:26.501	HistoryCenter: 2 bars imported in 'GBPUSD1'
0	20:38:27.630	HistoryCenter: synchronize 'GBPUSD1'
0	20:38:28.385	HistoryCenter: 2 bars imported in 'GBPUSD1'
2	20:56:23.071	Custom indicator fadedbckgrnd2__1 GBPUSD,M1: removed
2	20:56:23.072	Custom indicator FixedChartScale GBPUSD,M1: removed
2	20:56:23.073	Custom indicator iclock_mod1 GBPUSD,M1: removed
2	20:56:23.075	Custom indicator Guns Catalogador GBPUSD,M1: removed
2	20:56:23.089	Custom indicator Price Pro Value Chart Profissional - PT-BR GBPUSD,M1: removed
2	20:56:23.259	Custom indicator fadedbckgrnd2__1 EURUSD,M1: removed
2	20:56:23.261	Custom indicator FixedChartScale EURUSD,M1: removed
2	20:56:23.262	Custom indicator iclock_mod1 EURUSD,M1: removed
2	20:56:23.264	Custom indicator Guns Catalogador EURUSD,M1: removed
2	20:56:23.279	Custom indicator Price Pro Value Chart Profissional - PT-BR EURUSD,M1: removed
2	20:56:33.092	Expert EABiBot_Tick GBPUSD,M1: loaded successfully
2	20:58:17.354	Custom indicator fadedbckgrnd2__1 USDJPY-OTC,M1: loaded successfully
2	20:58:17.364	Custom indicator FixedChartScale USDJPY-OTC,M1: loaded successfully
2	20:58:17.373	Custom indicator iclock_mod1 USDJPY-OTC,M1: loaded successfully
2	20:58:17.483	Custom indicator Price Pro Value Chart Profissional - PT-BR USDJPY-OTC,M1: loaded successfully
2	20:58:41.253	Custom indicator fadedbckgrnd2__1 EURUSD-OTC,M1: loaded successfully
2	20:58:41.263	Custom indicator FixedChartScale EURUSD-OTC,M1: loaded successfully
2	20:58:41.273	Custom indicator iclock_mod1 EURUSD-OTC,M1: loaded successfully
2	20:58:41.380	Custom indicator Price Pro Value Chart Profissional - PT-BR EURUSD-OTC,M1: loaded successfully
2	20:58:45.932	Custom indicator fadedbckgrnd2__1 EURJPY-OTC,M1: loaded successfully
2	20:58:45.941	Custom indicator FixedChartScale EURJPY-OTC,M1: loaded successfully
2	20:58:45.950	Custom indicator iclock_mod1 EURJPY-OTC,M1: loaded successfully
2	20:58:46.055	Custom indicator Price Pro Value Chart Profissional - PT-BR EURJPY-OTC,M1: loaded successfully
2	20:59:18.659	Custom indicator fadedbckgrnd2__1 USDJPY-OTC,M1: removed
2	20:59:18.660	Custom indicator FixedChartScale USDJPY-OTC,M1: removed
2	20:59:18.662	Custom indicator iclock_mod1 USDJPY-OTC,M1: removed
2	20:59:18.676	Custom indicator Price Pro Value Chart Profissional - PT-BR USDJPY-OTC,M1: removed
2	21:07:18.276	Custom indicator fadedbckgrnd2__1 EURJPY-OTC,M1: removed
2	21:07:18.277	Custom indicator FixedChartScale EURJPY-OTC,M1: removed
2	21:07:18.278	Custom indicator iclock_mod1 EURJPY-OTC,M1: removed
2	21:07:18.294	Custom indicator Price Pro Value Chart Profissional - PT-BR EURJPY-OTC,M1: removed
2	21:07:18.303	Custom indicator fadedbckgrnd2__1 EURJPY-OTC,M1: loaded successfully
2	21:07:18.311	Custom indicator FixedChartScale EURJPY-OTC,M1: loaded successfully
2	21:07:18.320	Custom indicator iclock_mod1 EURJPY-OTC,M1: loaded successfully
2	21:07:18.430	Custom indicator Price Pro Value Chart Profissional - PT-BR EURJPY-OTC,M1: loaded successfully
2	21:07:57.791	Custom indicator fadedbckgrnd2__1 EURUSD-OTC,M1: removed
2	21:07:57.792	Custom indicator FixedChartScale EURUSD-OTC,M1: removed
2	21:07:57.793	Custom indicator iclock_mod1 EURUSD-OTC,M1: removed
2	21:07:57.806	Custom indicator Price Pro Value Chart Profissional - PT-BR EURUSD-OTC,M1: removed
2	21:07:57.814	Custom indicator fadedbckgrnd2__1 EURUSD-OTC,M1: loaded successfully
2	21:07:57.822	Custom indicator FixedChartScale EURUSD-OTC,M1: loaded successfully
2	21:07:57.832	Custom indicator iclock_mod1 EURUSD-OTC,M1: loaded successfully
2	21:07:57.932	Custom indicator Price Pro Value Chart Profissional - PT-BR EURUSD-OTC,M1: loaded successfully
2	21:10:14.166	Custom indicator fadedbckgrnd2__1 EURUSD-OTC,M1: removed
2	21:10:14.168	Custom indicator FixedChartScale EURUSD-OTC,M1: removed
2	21:10:14.169	Custom indicator iclock_mod1 EURUSD-OTC,M1: removed
2	21:10:14.182	Custom indicator Price Pro Value Chart Profissional - PT-BR EURUSD-OTC,M1: removed
2	21:10:14.190	Custom indicator fadedbckgrnd2__1 EURUSD-OTC,M1: loaded successfully
2	21:10:14.199	Custom indicator FixedChartScale EURUSD-OTC,M1: loaded successfully
2	21:10:14.207	Custom indicator iclock_mod1 EURUSD-OTC,M1: loaded successfully
2	21:10:14.316	Custom indicator Price Pro Value Chart Profissional - PT-BR EURUSD-OTC,M1: loaded successfully
2	21:14:54.531	Custom indicator fadedbckgrnd2__1 EURJPY-OTC,M1: removed
2	21:14:54.533	Custom indicator FixedChartScale EURJPY-OTC,M1: removed
2	21:14:54.534	Custom indicator iclock_mod1 EURJPY-OTC,M1: removed
2	21:14:54.546	Custom indicator Price Pro Value Chart Profissional - PT-BR EURJPY-OTC,M1: removed
2	21:14:54.555	Custom indicator fadedbckgrnd2__1 EURJPY-OTC,M1: loaded successfully
2	21:14:54.563	Custom indicator FixedChartScale EURJPY-OTC,M1: loaded successfully
2	21:14:54.571	Custom indicator iclock_mod1 EURJPY-OTC,M1: loaded successfully
2	21:14:54.674	Custom indicator Price Pro Value Chart Profissional - PT-BR EURJPY-OTC,M1: loaded successfully
2	21:21:38.918	Custom indicator fadedbckgrnd2__1 EURJPY-OTC,M1: removed
2	21:21:38.919	Custom indicator FixedChartScale EURJPY-OTC,M1: removed
2	21:21:38.920	Custom indicator iclock_mod1 EURJPY-OTC,M1: removed
2	21:21:38.933	Custom indicator Price Pro Value Chart Profissional - PT-BR EURJPY-OTC,M1: removed
2	21:21:38.942	Custom indicator fadedbckgrnd2__1 EURJPY-OTC,M1: loaded successfully
2	21:21:38.952	Custom indicator FixedChartScale EURJPY-OTC,M1: loaded successfully
2	21:21:38.961	Custom indicator iclock_mod1 EURJPY-OTC,M1: loaded successfully
2	21:21:39.063	Custom indicator Price Pro Value Chart Profissional - PT-BR EURJPY-OTC,M1: loaded successfully
2	21:22:22.125	Custom indicator fadedbckgrnd2__1 EURUSD-OTC,M1: removed
2	21:22:22.126	Custom indicator FixedChartScale EURUSD-OTC,M1: removed
2	21:22:22.127	Custom indicator iclock_mod1 EURUSD-OTC,M1: removed
2	21:22:22.140	Custom indicator Price Pro Value Chart Profissional - PT-BR EURUSD-OTC,M1: removed
2	21:22:22.150	Custom indicator iclock_mod1 EURUSD-OTC,M1: loaded successfully
2	21:22:29.021	Custom indicator V5 BOOT_fix(3) EURUSD-OTC,M1: loaded successfully
2	21:23:23.514	Custom indicator iclock_mod1 EURUSD-OTC,M1: removed
2	21:23:23.515	Custom indicator V5 BOOT_fix(3) EURUSD-OTC,M1: removed
2	21:23:23.523	Custom indicator fadedbckgrnd2__1 EURUSD-OTC,M1: loaded successfully
2	21:23:23.532	Custom indicator FixedChartScale EURUSD-OTC,M1: loaded successfully
2	21:23:23.541	Custom indicator iclock_mod1 EURUSD-OTC,M1: loaded successfully
2	21:23:23.649	Custom indicator Price Pro Value Chart Profissional - PT-BR EURUSD-OTC,M1: loaded successfully
2	21:26:55.259	Custom indicator fadedbckgrnd2__1 EURJPY-OTC,M1: removed
2	21:26:55.260	Custom indicator FixedChartScale EURJPY-OTC,M1: removed
2	21:26:55.261	Custom indicator iclock_mod1 EURJPY-OTC,M1: removed
2	21:26:55.274	Custom indicator Price Pro Value Chart Profissional - PT-BR EURJPY-OTC,M1: removed
2	21:26:55.282	Custom indicator fadedbckgrnd2__1 EURJPY-OTC,M1: loaded successfully
2	21:26:55.290	Custom indicator FixedChartScale EURJPY-OTC,M1: loaded successfully
2	21:26:55.299	Custom indicator iclock_mod1 EURJPY-OTC,M1: loaded successfully
2	21:26:55.401	Custom indicator Price Pro Value Chart Profissional - PT-BR EURJPY-OTC,M1: loaded successfully
2	21:26:58.418	Expert EABiBot_Tick GBPUSD,M1: removed
2	21:26:58.429	Custom indicator fadedbckgrnd2__1 EURJPY-OTC,M1: removed
2	21:26:58.430	Custom indicator FixedChartScale EURJPY-OTC,M1: removed
2	21:26:58.432	Custom indicator iclock_mod1 EURJPY-OTC,M1: removed
2	21:26:58.449	Custom indicator Price Pro Value Chart Profissional - PT-BR EURJPY-OTC,M1: removed
2	21:26:58.458	Custom indicator fadedbckgrnd2__1 EURUSD-OTC,M1: removed
2	21:26:58.459	Custom indicator FixedChartScale EURUSD-OTC,M1: removed
2	21:26:58.461	Custom indicator iclock_mod1 EURUSD-OTC,M1: removed
2	21:26:58.474	Custom indicator Price Pro Value Chart Profissional - PT-BR EURUSD-OTC,M1: removed
0	21:26:58.683	Alpari MT4 build 1359 stopped
