2	03:46:18.233	Custom indicator iclock_mod1 EURUSD,M5: removed
2	03:46:18.233	Custom indicator fadedbckgrnd2__1 EURUSD,M5: removed
2	03:46:18.233	Custom indicator iclock_mod1 GBPUSD,M5: removed
2	03:46:18.233	Custom indicator fadedbckgrnd2__1 GBPUSD,M5: removed
2	03:46:18.233	Custom indicator FixedChartScale GBPUSD,M5: removed
2	03:46:18.249	Custom indicator iclock_mod1 EURGBP,M5: removed
2	03:46:18.249	Custom indicator fadedbckgrnd2__1 EURGBP,M5: removed
2	03:46:18.249	Custom indicator FixedChartScale EURGBP,M5: removed
2	03:46:18.249	Custom indicator iclock_mod1 AUDUSD,M5: removed
2	03:46:18.249	Custom indicator fadedbckgrnd2__1 AUDUSD,M5: removed
2	03:46:18.264	Custom indicator iclock_mod1 EURJPY,M5: removed
2	03:46:18.264	Custom indicator fadedbckgrnd2__1 EURJPY,M5: removed
2	03:46:18.264	Custom indicator iclock_mod1 GBPJPY,M5: removed
2	03:46:18.264	Custom indicator fadedbckgrnd2__1 GBPJPY,M5: removed
2	03:46:18.264	Custom indicator iclock_mod1 EURJPY-OTC,M5: removed
2	03:46:18.264	Custom indicator fadedbckgrnd2__1 EURJPY-OTC,M5: removed
2	03:46:18.280	Custom indicator FixedChartScale EURJPY-OTC,M5: removed
2	03:46:18.280	Custom indicator Price Pro Value Chart Profissional - PT-BR EURJPY-OTC,M5: removed
2	03:46:18.295	Custom indicator iclock_mod1 EURUSD-OTC,M5: removed
2	03:46:18.295	Custom indicator fadedbckgrnd2__1 EURUSD-OTC,M5: removed
2	03:46:18.295	Custom indicator FixedChartScale EURUSD-OTC,M5: removed
2	03:46:18.311	Custom indicator Price Pro Value Chart Profissional - PT-BR EURUSD-OTC,M5: removed
2	03:46:18.327	Custom indicator iclock_mod1 USDJPY-OTC,M5: removed
2	03:46:18.327	Custom indicator fadedbckgrnd2__1 USDJPY-OTC,M5: removed
2	03:46:18.327	Custom indicator FixedChartScale USDJPY-OTC,M5: removed
2	03:46:18.342	Custom indicator Price Pro Value Chart Profissional - PT-BR USDJPY-OTC,M5: removed
0	03:46:18.537	Alpari MT4 build 1359 stopped
0	03:48:55.207	Alpari MT4 build 1359 started (Alpari International)
0	03:48:55.207	Windows 10 Pro x64, IE 11, UAC, 8 x Intel Core i7-7700HQ  @ 2.80GHz, Memory: 12291 / 16267 Mb, Disk: 392 / 476 Gb, GMT-3
0	03:48:55.207	Data Folder: C:\Users\Administrator\AppData\Roaming\MetaQuotes\Terminal\287469DEA9630EA94D0715D755974F1B
2	03:48:56.485	Custom indicator iclock_mod1 EURUSD,M5: loaded successfully
2	03:48:56.497	Custom indicator fadedbckgrnd2__1 EURUSD,M5: loaded successfully
2	03:48:56.509	Expert EABiBot_Tick EURUSD,M5: loaded successfully
2	03:48:56.563	Custom indicator iclock_mod1 GBPUSD,M5: loaded successfully
2	03:48:56.570	Custom indicator fadedbckgrnd2__1 GBPUSD,M5: loaded successfully
2	03:48:56.583	Custom indicator FixedChartScale GBPUSD,M5: loaded successfully
2	03:48:56.655	Custom indicator iclock_mod1 EURGBP,M5: loaded successfully
2	03:48:56.663	Custom indicator fadedbckgrnd2__1 EURGBP,M5: loaded successfully
2	03:48:56.671	Custom indicator FixedChartScale EURGBP,M5: loaded successfully
2	03:48:56.746	Custom indicator iclock_mod1 AUDUSD,M5: loaded successfully
2	03:48:56.756	Custom indicator fadedbckgrnd2__1 AUDUSD,M5: loaded successfully
2	03:48:56.809	Custom indicator iclock_mod1 EURJPY,M5: loaded successfully
2	03:48:56.821	Custom indicator fadedbckgrnd2__1 EURJPY,M5: loaded successfully
2	03:48:56.880	Custom indicator iclock_mod1 GBPJPY,M5: loaded successfully
2	03:48:56.889	Custom indicator fadedbckgrnd2__1 GBPJPY,M5: loaded successfully
2	03:48:56.951	Custom indicator iclock_mod1 EURJPY-OTC,M5: loaded successfully
2	03:48:56.959	Custom indicator fadedbckgrnd2__1 EURJPY-OTC,M5: loaded successfully
2	03:48:56.967	Custom indicator FixedChartScale EURJPY-OTC,M5: loaded successfully
2	03:48:57.080	Custom indicator Price Pro Value Chart Profissional - PT-BR EURJPY-OTC,M5: loaded successfully
2	03:48:57.314	Custom indicator Price Pro Value Chart Profissional - PT-BR EURJPY-OTC,M5: removed
2	03:48:57.340	Custom indicator iclock_mod1 EURUSD-OTC,M5: loaded successfully
2	03:48:57.352	Custom indicator fadedbckgrnd2__1 EURUSD-OTC,M5: loaded successfully
2	03:48:57.360	Custom indicator FixedChartScale EURUSD-OTC,M5: loaded successfully
2	03:48:57.483	Custom indicator Price Pro Value Chart Profissional - PT-BR EURUSD-OTC,M5: loaded successfully
2	03:48:57.699	Custom indicator Price Pro Value Chart Profissional - PT-BR EURUSD-OTC,M5: removed
2	03:48:57.736	Custom indicator iclock_mod1 USDJPY-OTC,M5: loaded successfully
2	03:48:57.745	Custom indicator fadedbckgrnd2__1 USDJPY-OTC,M5: loaded successfully
2	03:48:57.753	Custom indicator FixedChartScale USDJPY-OTC,M5: loaded successfully
2	03:48:57.860	Custom indicator Price Pro Value Chart Profissional - PT-BR USDJPY-OTC,M5: loaded successfully
2	03:48:58.086	Custom indicator Price Pro Value Chart Profissional - PT-BR USDJPY-OTC,M5: removed
0	03:48:59.474	'15069840': login on Alpari-Demo through Demo.Europe.9:1119 (ping: 285.68 ms)
0	03:49:01.862	'15069840': login datacenter on Alpari-Demo through Demo.Europe.9:1119 (ping: 285.68 ms)
0	03:49:02.608	'15069840': previous successful authorization performed from 177.13.223.155
2	03:49:03.562	Custom indicator iclock_mod1 EURUSD-OTC,M5: removed
2	03:49:03.566	Custom indicator fadedbckgrnd2__1 EURUSD-OTC,M5: removed
2	03:49:03.566	Custom indicator FixedChartScale EURUSD-OTC,M5: removed
2	03:49:05.097	Custom indicator iclock_mod1 EURJPY-OTC,M5: removed
2	03:49:05.101	Custom indicator fadedbckgrnd2__1 EURJPY-OTC,M5: removed
2	03:49:05.101	Custom indicator FixedChartScale EURJPY-OTC,M5: removed
2	03:49:06.819	Custom indicator iclock_mod1 USDJPY-OTC,M5: removed
2	03:49:06.819	Custom indicator fadedbckgrnd2__1 USDJPY-OTC,M5: removed
2	03:49:06.819	Custom indicator FixedChartScale USDJPY-OTC,M5: removed
2	03:49:18.107	Expert EABiBot_Tick EURUSD,M5: removed
2	03:49:18.112	Custom indicator iclock_mod1 EURUSD,M5: removed
2	03:49:18.112	Custom indicator fadedbckgrnd2__1 EURUSD,M5: removed
2	03:49:28.555	Custom indicator iclock_mod1 GBPJPY,M5: removed
2	03:49:28.559	Custom indicator fadedbckgrnd2__1 GBPJPY,M5: removed
2	03:49:28.568	Custom indicator iclock_mod1 GBPJPY,M5: loaded successfully
2	03:49:28.574	Custom indicator fadedbckgrnd2__1 GBPJPY,M5: loaded successfully
2	03:49:28.583	Custom indicator FixedChartScale GBPJPY,M5: loaded successfully
2	03:49:28.695	Custom indicator Price Pro Value Chart Profissional - PT-BR GBPJPY,M5: loaded successfully
0	03:49:29.283	HistoryCenter: synchronize 'GBPJPY5'
0	03:49:30.061	HistoryCenter: 2 bars imported in 'GBPJPY5'
0	03:49:31.665	HistoryCenter: synchronize 'GBPJPY5'
0	03:49:32.421	HistoryCenter: 2 bars imported in 'GBPJPY5'
0	03:49:32.951	HistoryCenter: synchronize 'GBPJPY5'
0	03:49:34.287	HistoryCenter: 2 bars imported in 'GBPJPY5'
0	03:49:35.335	HistoryCenter: synchronize 'GBPJPY5'
0	03:49:36.119	HistoryCenter: 2 bars imported in 'GBPJPY5'
0	03:49:37.168	HistoryCenter: synchronize 'GBPJPY5'
0	03:49:37.934	HistoryCenter: 2 bars imported in 'GBPJPY5'
0	03:49:39.016	HistoryCenter: synchronize 'GBPJPY5'
0	03:49:39.807	HistoryCenter: 2 bars imported in 'GBPJPY5'
0	03:49:40.346	HistoryCenter: synchronize 'GBPJPY5'
0	03:49:41.100	HistoryCenter: 2 bars imported in 'GBPJPY5'
0	03:49:42.164	HistoryCenter: synchronize 'GBPJPY5'
0	03:49:42.959	HistoryCenter: 2 bars imported in 'GBPJPY5'
0	03:49:44.031	HistoryCenter: synchronize 'GBPJPY5'
0	03:49:44.831	HistoryCenter: 2 bars imported in 'GBPJPY5'
0	03:49:45.368	HistoryCenter: synchronize 'GBPJPY5'
0	03:49:46.165	HistoryCenter: 2 bars imported in 'GBPJPY5'
0	03:49:47.241	HistoryCenter: synchronize 'GBPJPY5'
0	03:49:48.051	HistoryCenter: 2 bars imported in 'GBPJPY5'
0	03:49:49.121	HistoryCenter: synchronize 'GBPJPY5'
0	03:49:49.908	HistoryCenter: 2 bars imported in 'GBPJPY5'
0	03:49:50.454	HistoryCenter: synchronize 'GBPJPY5'
0	03:49:51.235	HistoryCenter: 2 bars imported in 'GBPJPY5'
0	03:49:52.305	HistoryCenter: synchronize 'GBPJPY5'
0	03:49:53.067	HistoryCenter: 2 bars imported in 'GBPJPY5'
0	03:49:59.602	'15069840': auto connecting to a better access point Demo.Europe.2:444 (ping is 247.48 ms)
0	03:50:00.466	'15069840': login on Alpari-Demo through Demo.Europe.2:444 (ping: 247.48 ms)
0	03:50:02.311	'15069840': login datacenter on Alpari-Demo through Demo.Europe.2:444 (ping: 247.48 ms)
0	03:50:02.936	'15069840': previous successful authorization performed from 177.13.223.155
2	03:50:06.780	Custom indicator iclock_mod1 EURJPY,M5: removed
2	03:50:06.784	Custom indicator fadedbckgrnd2__1 EURJPY,M5: removed
2	03:50:06.794	Custom indicator iclock_mod1 EURJPY,M5: loaded successfully
2	03:50:06.802	Custom indicator fadedbckgrnd2__1 EURJPY,M5: loaded successfully
2	03:50:06.815	Custom indicator FixedChartScale EURJPY,M5: loaded successfully
2	03:50:06.919	Custom indicator Price Pro Value Chart Profissional - PT-BR EURJPY,M5: loaded successfully
0	03:50:07.461	HistoryCenter: synchronize 'EURJPY5'
0	03:50:08.234	HistoryCenter: 2 bars imported in 'EURJPY5'
0	03:50:09.301	HistoryCenter: synchronize 'EURJPY5'
0	03:50:10.057	HistoryCenter: 2 bars imported in 'EURJPY5'
0	03:50:10.596	HistoryCenter: synchronize 'EURJPY5'
0	03:50:11.391	HistoryCenter: 2 bars imported in 'EURJPY5'
0	03:50:12.443	HistoryCenter: synchronize 'EURJPY5'
0	03:50:13.169	HistoryCenter: 2 bars imported in 'EURJPY5'
0	03:50:14.241	HistoryCenter: synchronize 'EURJPY5'
0	03:50:14.983	HistoryCenter: 2 bars imported in 'EURJPY5'
0	03:50:15.515	HistoryCenter: synchronize 'EURJPY5'
0	03:50:16.256	HistoryCenter: 2 bars imported in 'EURJPY5'
0	03:50:17.315	HistoryCenter: synchronize 'EURJPY5'
0	03:50:18.073	HistoryCenter: 2 bars imported in 'EURJPY5'
0	03:50:18.598	HistoryCenter: synchronize 'EURJPY5'
0	03:50:19.341	HistoryCenter: 2 bars imported in 'EURJPY5'
0	03:50:20.416	HistoryCenter: synchronize 'EURJPY5'
0	03:50:21.506	HistoryCenter: 2 bars imported in 'EURJPY5'
0	03:50:22.591	HistoryCenter: synchronize 'EURJPY5'
0	03:50:23.324	HistoryCenter: 2 bars imported in 'EURJPY5'
0	03:50:24.393	HistoryCenter: synchronize 'EURJPY5'
0	03:50:25.175	HistoryCenter: 2 bars imported in 'EURJPY5'
0	03:50:25.689	HistoryCenter: synchronize 'EURJPY5'
0	03:50:26.448	HistoryCenter: 2 bars imported in 'EURJPY5'
0	03:50:27.511	HistoryCenter: synchronize 'EURJPY5'
0	03:50:28.280	HistoryCenter: 2 bars imported in 'EURJPY5'
0	03:50:29.333	HistoryCenter: synchronize 'EURJPY5'
0	03:50:30.092	HistoryCenter: 2 bars imported in 'EURJPY5'
0	03:50:30.633	HistoryCenter: synchronize 'EURJPY5'
0	03:50:31.391	HistoryCenter: 2 bars imported in 'EURJPY5'
0	03:50:32.463	HistoryCenter: synchronize 'EURJPY5'
0	03:50:33.234	HistoryCenter: 2 bars imported in 'EURJPY5'
0	03:50:34.295	HistoryCenter: synchronize 'EURJPY5'
0	03:50:35.606	HistoryCenter: 2 bars imported in 'EURJPY5'
2	03:50:58.534	Custom indicator iclock_mod1 AUDUSD,M5: removed
2	03:50:58.534	Custom indicator fadedbckgrnd2__1 AUDUSD,M5: removed
2	03:50:58.542	Custom indicator iclock_mod1 AUDUSD,M5: loaded successfully
2	03:50:58.551	Custom indicator fadedbckgrnd2__1 AUDUSD,M5: loaded successfully
2	03:50:58.561	Custom indicator FixedChartScale AUDUSD,M5: loaded successfully
2	03:50:58.672	Custom indicator Price Pro Value Chart Profissional - PT-BR AUDUSD,M5: loaded successfully
0	03:50:59.023	HistoryCenter: synchronize 'AUDUSD5'
0	03:50:59.774	HistoryCenter: 2 bars imported in 'AUDUSD5'
0	03:51:00.844	HistoryCenter: synchronize 'AUDUSD5'
0	03:51:01.605	HistoryCenter: 2 bars imported in 'AUDUSD5'
0	03:51:02.135	HistoryCenter: synchronize 'AUDUSD5'
0	03:51:02.895	HistoryCenter: 2 bars imported in 'AUDUSD5'
0	03:51:03.978	HistoryCenter: synchronize 'AUDUSD5'
0	03:51:04.733	HistoryCenter: 2 bars imported in 'AUDUSD5'
0	03:51:05.266	HistoryCenter: synchronize 'AUDUSD5'
0	03:51:06.017	HistoryCenter: 2 bars imported in 'AUDUSD5'
0	03:51:07.109	HistoryCenter: synchronize 'AUDUSD5'
0	03:51:07.854	HistoryCenter: 2 bars imported in 'AUDUSD5'
2	03:51:48.558	Custom indicator iclock_mod1 EURGBP,M5: removed
2	03:51:48.558	Custom indicator fadedbckgrnd2__1 EURGBP,M5: removed
2	03:51:48.562	Custom indicator FixedChartScale EURGBP,M5: removed
2	03:51:48.570	Custom indicator iclock_mod1 EURGBP,M5: loaded successfully
2	03:51:48.578	Custom indicator fadedbckgrnd2__1 EURGBP,M5: loaded successfully
2	03:51:48.587	Custom indicator FixedChartScale EURGBP,M5: loaded successfully
2	03:51:48.694	Custom indicator Price Pro Value Chart Profissional - PT-BR EURGBP,M5: loaded successfully
0	03:51:49.041	HistoryCenter: synchronize 'EURGBP5'
0	03:51:49.775	HistoryCenter: 2 bars imported in 'EURGBP5'
0	03:51:50.826	HistoryCenter: synchronize 'EURGBP5'
0	03:51:51.576	HistoryCenter: 2 bars imported in 'EURGBP5'
0	03:51:52.131	HistoryCenter: synchronize 'EURGBP5'
0	03:51:52.890	HistoryCenter: 2 bars imported in 'EURGBP5'
0	03:51:53.430	HistoryCenter: synchronize 'EURGBP5'
0	03:51:54.183	HistoryCenter: 2 bars imported in 'EURGBP5'
0	03:51:55.252	HistoryCenter: synchronize 'EURGBP5'
0	03:51:56.035	HistoryCenter: 2 bars imported in 'EURGBP5'
0	03:51:57.078	HistoryCenter: synchronize 'EURGBP5'
0	03:51:57.836	HistoryCenter: 2 bars imported in 'EURGBP5'
0	03:51:58.362	HistoryCenter: synchronize 'EURGBP5'
0	03:51:59.137	HistoryCenter: 2 bars imported in 'EURGBP5'
0	03:52:00.206	HistoryCenter: synchronize 'EURGBP5'
0	03:52:00.981	HistoryCenter: 2 bars imported in 'EURGBP5'
0	03:52:02.053	HistoryCenter: synchronize 'EURGBP5'
0	03:52:02.856	HistoryCenter: 2 bars imported in 'EURGBP5'
0	03:52:03.396	HistoryCenter: synchronize 'EURGBP5'
0	03:52:04.136	HistoryCenter: 2 bars imported in 'EURGBP5'
0	03:52:05.198	HistoryCenter: synchronize 'EURGBP5'
0	03:52:05.973	HistoryCenter: 2 bars imported in 'EURGBP5'
2	03:52:34.053	Custom indicator iclock_mod1 GBPUSD,M5: removed
2	03:52:34.053	Custom indicator fadedbckgrnd2__1 GBPUSD,M5: removed
2	03:52:34.057	Custom indicator FixedChartScale GBPUSD,M5: removed
2	03:52:34.065	Custom indicator iclock_mod1 GBPUSD,M5: loaded successfully
2	03:52:34.070	Custom indicator fadedbckgrnd2__1 GBPUSD,M5: loaded successfully
2	03:52:34.080	Custom indicator FixedChartScale GBPUSD,M5: loaded successfully
2	03:52:34.189	Custom indicator Price Pro Value Chart Profissional - PT-BR GBPUSD,M5: loaded successfully
0	03:52:34.551	HistoryCenter: synchronize 'GBPUSD5'
0	03:52:35.298	HistoryCenter: 2 bars imported in 'GBPUSD5'
0	03:52:36.344	HistoryCenter: synchronize 'GBPUSD5'
0	03:52:37.127	HistoryCenter: 2 bars imported in 'GBPUSD5'
0	03:52:37.666	HistoryCenter: synchronize 'GBPUSD5'
0	03:52:38.434	HistoryCenter: 2 bars imported in 'GBPUSD5'
0	03:52:38.955	HistoryCenter: synchronize 'GBPUSD5'
0	03:52:39.719	HistoryCenter: 2 bars imported in 'GBPUSD5'
0	03:52:40.765	HistoryCenter: synchronize 'GBPUSD5'
0	03:52:41.565	HistoryCenter: 2 bars imported in 'GBPUSD5'
0	03:52:42.622	HistoryCenter: synchronize 'GBPUSD5'
0	03:52:43.360	HistoryCenter: 2 bars imported in 'GBPUSD5'
0	03:52:43.901	HistoryCenter: synchronize 'GBPUSD5'
0	03:52:45.195	HistoryCenter: 2 bars imported in 'GBPUSD5'
2	03:54:41.223	Custom indicator iclock_mod1 EURUSD,M5: loaded successfully
2	03:54:41.232	Custom indicator fadedbckgrnd2__1 EURUSD,M5: loaded successfully
2	03:54:41.237	Custom indicator FixedChartScale EURUSD,M5: loaded successfully
2	03:54:41.345	Custom indicator Price Pro Value Chart Profissional - PT-BR EURUSD,M5: loaded successfully
0	03:54:41.690	HistoryCenter: synchronize 'EURUSD5'
0	03:54:42.457	HistoryCenter: 2 bars imported in 'EURUSD5'
0	03:54:43.514	HistoryCenter: synchronize 'EURUSD5'
0	03:54:44.231	HistoryCenter: 2 bars imported in 'EURUSD5'
0	03:54:44.771	HistoryCenter: synchronize 'EURUSD5'
0	03:54:45.542	HistoryCenter: 2 bars imported in 'EURUSD5'
0	03:54:46.079	HistoryCenter: synchronize 'EURUSD5'
0	03:54:46.842	HistoryCenter: 2 bars imported in 'EURUSD5'
0	03:54:47.913	HistoryCenter: synchronize 'EURUSD5'
0	03:54:48.684	HistoryCenter: 2 bars imported in 'EURUSD5'
2	03:55:26.441	Custom indicator Price Pro Canal DonChian EURUSD,M5: loaded successfully
2	03:56:28.823	Custom indicator iclock_mod1 EURUSD,M5: removed
2	03:56:28.823	Custom indicator fadedbckgrnd2__1 EURUSD,M5: removed
2	03:56:28.827	Custom indicator FixedChartScale EURUSD,M5: removed
2	03:56:28.827	Custom indicator Price Pro Canal DonChian EURUSD,M5: removed
2	03:56:28.841	Custom indicator Price Pro Value Chart Profissional - PT-BR EURUSD,M5: removed
2	03:56:28.853	Custom indicator iclock_mod1 EURUSD,M5: loaded successfully
2	03:56:28.859	Custom indicator fadedbckgrnd2__1 EURUSD,M5: loaded successfully
2	03:56:28.871	Custom indicator FixedChartScale EURUSD,M5: loaded successfully
2	03:56:28.974	Custom indicator Price Pro Value Chart Profissional - PT-BR EURUSD,M5: loaded successfully
0	03:56:29.330	HistoryCenter: synchronize 'EURUSD5'
0	03:56:30.084	HistoryCenter: 2 bars imported in 'EURUSD5'
0	03:56:32.228	HistoryCenter: synchronize 'EURUSD5'
0	03:56:32.987	HistoryCenter: 2 bars imported in 'EURUSD5'
0	03:56:33.514	HistoryCenter: synchronize 'EURUSD5'
0	03:56:34.313	HistoryCenter: 2 bars imported in 'EURUSD5'
0	03:56:35.381	HistoryCenter: synchronize 'EURUSD5'
0	03:56:36.152	HistoryCenter: 2 bars imported in 'EURUSD5'
0	03:56:36.692	HistoryCenter: synchronize 'EURUSD5'
0	03:56:37.468	HistoryCenter: 2 bars imported in 'EURUSD5'
2	03:57:11.142	Expert PriceProCharts EURGBP,M5: loaded successfully
2	03:57:55.848	Expert PriceProCharts EURGBP,M5: removed
2	03:58:05.918	Expert PriceProCharts EURGBP,M5: loaded successfully
0	03:58:07.284	HistoryCenter: synchronize 'EURGBP5'
0	03:58:08.016	HistoryCenter: 2 bars imported in 'EURGBP5'
2	03:58:56.021	Custom indicator iclock_mod1 EURUSDiqo,M5: loaded successfully
2	03:58:56.030	Custom indicator fadedbckgrnd2__1 EURUSDiqo,M5: loaded successfully
2	03:58:56.042	Custom indicator FixedChartScale EURUSDiqo,M5: loaded successfully
2	03:58:56.145	Custom indicator Price Pro Value Chart Profissional - PT-BR EURUSDiqo,M5: loaded successfully
2	04:01:09.842	Custom indicator iclock_mod1 GBPUSDiqo,M5: loaded successfully
2	04:01:09.850	Custom indicator fadedbckgrnd2__1 GBPUSDiqo,M5: loaded successfully
2	04:01:09.861	Custom indicator FixedChartScale GBPUSDiqo,M5: loaded successfully
2	04:01:09.987	Custom indicator Price Pro Value Chart Profissional - PT-BR GBPUSDiqo,M5: loaded successfully
2	04:05:35.573	Custom indicator Xtreme Binary Robot Ultimate Edition GBPUSDiqo,M5: loaded successfully
2	04:05:39.011	Custom indicator Xtreme Binary Robot Ultimate Edition GBPUSDiqo,M5: removed
2	04:06:00.371	Custom indicator Solar Winds GBPUSDiqo,M5: loaded successfully
2	04:06:09.859	Custom indicator Solar Winds GBPUSDiqo,M5: removed
2	04:06:20.743	Custom indicator RenkoMaker_Confirm GBPUSDiqo,M5: loaded successfully
2	04:08:00.989	Custom indicator RenkoMaker_Confirm GBPUSDiqo,M5: removed
2	04:08:08.717	Custom indicator SETUP PTIBITOCA FLUXO2 GBPUSDiqo,M5: loaded successfully
2	04:08:12.741	Custom indicator SETUP PTIBITOCA FLUXO2 GBPUSDiqo,M5: removed
2	04:08:42.658	Custom indicator Reversal Diamond V3 GBPUSDiqo,M5: loaded successfully
2	04:08:48.462	Custom indicator Reversal Diamond V3 GBPUSDiqo,M5: removed
2	04:09:13.538	Custom indicator iclock_mod1 EURUSDiqo,M5: removed
2	04:09:13.538	Custom indicator fadedbckgrnd2__1 EURUSDiqo,M5: removed
2	04:09:13.538	Custom indicator FixedChartScale EURUSDiqo,M5: removed
2	04:09:13.554	Custom indicator Price Pro Value Chart Profissional - PT-BR EURUSDiqo,M5: removed
2	04:09:13.562	Custom indicator iclock_mod1 EURUSDiqo,M5: loaded successfully
2	04:09:13.570	Custom indicator fadedbckgrnd2__1 EURUSDiqo,M5: loaded successfully
2	04:09:13.578	Custom indicator FixedChartScale EURUSDiqo,M5: loaded successfully
2	04:09:13.684	Custom indicator Price Pro Value Chart Profissional - PT-BR EURUSDiqo,M5: loaded successfully
2	04:19:50.551	Custom indicator iclock_mod1 GBPUSDiqo,M5: removed
2	04:19:50.551	Custom indicator fadedbckgrnd2__1 GBPUSDiqo,M5: removed
2	04:19:50.551	Custom indicator FixedChartScale GBPUSDiqo,M5: removed
2	04:19:50.567	Custom indicator Price Pro Value Chart Profissional - PT-BR GBPUSDiqo,M5: removed
2	04:19:50.575	Custom indicator iclock_mod1 GBPUSDiqo,M5: loaded successfully
2	04:19:50.584	Custom indicator fadedbckgrnd2__1 GBPUSDiqo,M5: loaded successfully
2	04:19:50.592	Custom indicator FixedChartScale GBPUSDiqo,M5: loaded successfully
2	04:19:50.700	Custom indicator Price Pro Value Chart Profissional - PT-BR GBPUSDiqo,M5: loaded successfully
2	04:21:22.248	Custom indicator PJ-fx System - Alert Signal GBPUSDiqo,M5: loaded successfully
2	04:21:29.851	Custom indicator PJ-fx System - Alert Signal GBPUSDiqo,M5: removed
2	04:22:26.093	Custom indicator fxr_sr_zones_3.31 GBPUSDiqo,M5: loaded successfully
2	04:22:49.228	Custom indicator fxr_sr_zones_3.31 GBPUSDiqo,M5: removed
2	04:23:45.224	Custom indicator iclock_mod1 GBPUSD,M5: removed
2	04:23:45.228	Custom indicator fadedbckgrnd2__1 GBPUSD,M5: removed
2	04:23:45.228	Custom indicator FixedChartScale GBPUSD,M5: removed
2	04:23:45.240	Custom indicator Price Pro Value Chart Profissional - PT-BR GBPUSD,M5: removed
2	04:23:45.253	Custom indicator iclock_mod1 GBPUSD,M5: loaded successfully
2	04:23:45.261	Custom indicator fadedbckgrnd2__1 GBPUSD,M5: loaded successfully
2	04:23:45.269	Custom indicator FixedChartScale GBPUSD,M5: loaded successfully
2	04:23:45.374	Custom indicator Price Pro Value Chart Profissional - PT-BR GBPUSD,M5: loaded successfully
0	04:23:45.703	HistoryCenter: synchronize 'GBPUSD5'
0	04:23:46.495	HistoryCenter: 2 bars imported in 'GBPUSD5'
0	04:23:47.575	HistoryCenter: synchronize 'GBPUSD5'
0	04:23:48.340	HistoryCenter: 2 bars imported in 'GBPUSD5'
0	04:23:48.870	HistoryCenter: synchronize 'GBPUSD5'
0	04:23:49.890	HistoryCenter: 2 bars imported in 'GBPUSD5'
0	04:23:50.960	HistoryCenter: synchronize 'GBPUSD5'
0	04:23:51.710	HistoryCenter: 2 bars imported in 'GBPUSD5'
0	04:23:52.756	HistoryCenter: synchronize 'GBPUSD5'
0	04:23:53.508	HistoryCenter: 2 bars imported in 'GBPUSD5'
0	04:23:54.030	HistoryCenter: synchronize 'GBPUSD5'
0	04:23:54.773	HistoryCenter: 2 bars imported in 'GBPUSD5'
0	04:23:55.827	HistoryCenter: synchronize 'GBPUSD5'
0	04:23:56.568	HistoryCenter: 2 bars imported in 'GBPUSD5'
2	04:25:20.889	Custom indicator iclock_mod1 AUDUSD,M5: removed
2	04:25:20.889	Custom indicator fadedbckgrnd2__1 AUDUSD,M5: removed
2	04:25:20.889	Custom indicator FixedChartScale AUDUSD,M5: removed
2	04:25:20.905	Custom indicator Price Pro Value Chart Profissional - PT-BR AUDUSD,M5: removed
2	04:25:20.917	Custom indicator iclock_mod1 AUDUSD,M5: loaded successfully
2	04:25:20.925	Custom indicator fadedbckgrnd2__1 AUDUSD,M5: loaded successfully
2	04:25:20.933	Custom indicator FixedChartScale AUDUSD,M5: loaded successfully
2	04:25:21.044	Custom indicator Price Pro Value Chart Profissional - PT-BR AUDUSD,M5: loaded successfully
0	04:25:21.395	HistoryCenter: synchronize 'AUDUSD5'
0	04:25:22.137	HistoryCenter: 2 bars imported in 'AUDUSD5'
0	04:25:24.814	HistoryCenter: synchronize 'AUDUSD5'
0	04:25:25.578	HistoryCenter: 2 bars imported in 'AUDUSD5'
0	04:25:26.639	HistoryCenter: synchronize 'AUDUSD5'
0	04:25:27.371	HistoryCenter: 2 bars imported in 'AUDUSD5'
0	04:25:28.451	HistoryCenter: synchronize 'AUDUSD5'
0	04:25:29.217	HistoryCenter: 2 bars imported in 'AUDUSD5'
0	04:25:29.739	HistoryCenter: synchronize 'AUDUSD5'
0	04:25:30.489	HistoryCenter: 2 bars imported in 'AUDUSD5'
0	04:25:31.545	HistoryCenter: synchronize 'AUDUSD5'
0	04:25:32.609	HistoryCenter: 2 bars imported in 'AUDUSD5'
2	04:31:14.378	Custom indicator iclock_mod1 GBPUSDiqo,M5: removed
2	04:31:14.378	Custom indicator fadedbckgrnd2__1 GBPUSDiqo,M5: removed
2	04:31:14.378	Custom indicator FixedChartScale GBPUSDiqo,M5: removed
2	04:31:14.393	Custom indicator Price Pro Value Chart Profissional - PT-BR GBPUSDiqo,M5: removed
2	04:31:14.405	Custom indicator iclock_mod1 GBPUSDiqo,M5: loaded successfully
2	04:31:14.413	Custom indicator fadedbckgrnd2__1 GBPUSDiqo,M5: loaded successfully
2	04:31:14.423	Custom indicator FixedChartScale GBPUSDiqo,M5: loaded successfully
2	04:31:14.529	Custom indicator Price Pro Value Chart Profissional - PT-BR GBPUSDiqo,M5: loaded successfully
2	08:58:39.481	Custom indicator iclock_mod1 GBPUSD,M5: removed
2	08:58:39.496	Custom indicator fadedbckgrnd2__1 GBPUSD,M5: removed
2	08:58:39.496	Custom indicator FixedChartScale GBPUSD,M5: removed
2	08:58:39.512	Custom indicator Price Pro Value Chart Profissional - PT-BR GBPUSD,M5: removed
2	08:58:39.512	Expert PriceProCharts EURGBP,M5: removed
2	08:58:39.512	Custom indicator iclock_mod1 EURGBP,M5: removed
2	08:58:39.512	Custom indicator fadedbckgrnd2__1 EURGBP,M5: removed
2	08:58:39.512	Custom indicator FixedChartScale EURGBP,M5: removed
2	08:58:39.535	Custom indicator Price Pro Value Chart Profissional - PT-BR EURGBP,M5: removed
2	08:58:39.535	Custom indicator iclock_mod1 AUDUSD,M5: removed
2	08:58:39.535	Custom indicator fadedbckgrnd2__1 AUDUSD,M5: removed
2	08:58:39.535	Custom indicator FixedChartScale AUDUSD,M5: removed
2	08:58:39.567	Custom indicator Price Pro Value Chart Profissional - PT-BR AUDUSD,M5: removed
2	08:58:39.567	Custom indicator iclock_mod1 EURJPY,M5: removed
2	08:58:39.567	Custom indicator fadedbckgrnd2__1 EURJPY,M5: removed
2	08:58:39.567	Custom indicator FixedChartScale EURJPY,M5: removed
2	08:58:39.582	Custom indicator Price Pro Value Chart Profissional - PT-BR EURJPY,M5: removed
2	08:58:39.598	Custom indicator iclock_mod1 GBPJPY,M5: removed
2	08:58:39.598	Custom indicator fadedbckgrnd2__1 GBPJPY,M5: removed
2	08:58:39.598	Custom indicator FixedChartScale GBPJPY,M5: removed
2	08:58:39.614	Custom indicator Price Pro Value Chart Profissional - PT-BR GBPJPY,M5: removed
2	08:58:39.629	Custom indicator iclock_mod1 EURUSD,M5: removed
2	08:58:39.629	Custom indicator fadedbckgrnd2__1 EURUSD,M5: removed
2	08:58:39.629	Custom indicator FixedChartScale EURUSD,M5: removed
2	08:58:39.645	Custom indicator Price Pro Value Chart Profissional - PT-BR EURUSD,M5: removed
2	08:58:39.660	Custom indicator iclock_mod1 EURUSDiqo,M5: removed
2	08:58:39.660	Custom indicator fadedbckgrnd2__1 EURUSDiqo,M5: removed
2	08:58:39.660	Custom indicator FixedChartScale EURUSDiqo,M5: removed
2	08:58:39.692	Custom indicator Price Pro Value Chart Profissional - PT-BR EURUSDiqo,M5: removed
2	08:58:39.692	Custom indicator iclock_mod1 GBPUSDiqo,M5: removed
2	08:58:39.692	Custom indicator fadedbckgrnd2__1 GBPUSDiqo,M5: removed
2	08:58:39.692	Custom indicator FixedChartScale GBPUSDiqo,M5: removed
2	08:58:39.723	Custom indicator Price Pro Value Chart Profissional - PT-BR GBPUSDiqo,M5: removed
0	08:58:39.973	Alpari MT4 build 1359 stopped
0	15:13:04.751	Alpari MT4 build 1359 started (Alpari International)
0	15:13:04.751	Windows 10 Pro x64, IE 11, UAC, 8 x Intel Core i7-7700HQ  @ 2.80GHz, Memory: 11784 / 16267 Mb, Disk: 392 / 476 Gb, GMT-3
0	15:13:04.751	Data Folder: C:\Users\Administrator\AppData\Roaming\MetaQuotes\Terminal\287469DEA9630EA94D0715D755974F1B
2	15:13:06.496	Custom indicator iclock_mod1 GBPUSD,M5: loaded successfully
2	15:13:06.504	Custom indicator fadedbckgrnd2__1 GBPUSD,M5: loaded successfully
2	15:13:06.514	Custom indicator FixedChartScale GBPUSD,M5: loaded successfully
2	15:13:06.628	Custom indicator Price Pro Value Chart Profissional - PT-BR GBPUSD,M5: loaded successfully
2	15:13:06.866	Custom indicator Price Pro Value Chart Profissional - PT-BR GBPUSD,M5: removed
2	15:13:06.899	Custom indicator iclock_mod1 EURGBP,M5: loaded successfully
2	15:13:06.911	Custom indicator fadedbckgrnd2__1 EURGBP,M5: loaded successfully
2	15:13:06.927	Custom indicator FixedChartScale EURGBP,M5: loaded successfully
2	15:13:07.049	Custom indicator Price Pro Value Chart Profissional - PT-BR EURGBP,M5: loaded successfully
2	15:13:07.064	Expert PriceProCharts EURGBP,M5: loaded successfully
2	15:13:07.296	Custom indicator Price Pro Value Chart Profissional - PT-BR EURGBP,M5: removed
2	15:13:07.322	Custom indicator iclock_mod1 AUDUSD,M5: loaded successfully
2	15:13:07.331	Custom indicator fadedbckgrnd2__1 AUDUSD,M5: loaded successfully
2	15:13:07.340	Custom indicator FixedChartScale AUDUSD,M5: loaded successfully
2	15:13:07.463	Custom indicator Price Pro Value Chart Profissional - PT-BR AUDUSD,M5: loaded successfully
2	15:13:07.694	Custom indicator Price Pro Value Chart Profissional - PT-BR AUDUSD,M5: removed
2	15:13:07.724	Custom indicator iclock_mod1 EURJPY,M5: loaded successfully
2	15:13:07.734	Custom indicator fadedbckgrnd2__1 EURJPY,M5: loaded successfully
2	15:13:07.743	Custom indicator FixedChartScale EURJPY,M5: loaded successfully
2	15:13:07.855	Custom indicator Price Pro Value Chart Profissional - PT-BR EURJPY,M5: loaded successfully
2	15:13:08.076	Custom indicator Price Pro Value Chart Profissional - PT-BR EURJPY,M5: removed
2	15:13:08.101	Custom indicator iclock_mod1 GBPJPY,M5: loaded successfully
2	15:13:08.110	Custom indicator fadedbckgrnd2__1 GBPJPY,M5: loaded successfully
2	15:13:08.119	Custom indicator FixedChartScale GBPJPY,M5: loaded successfully
2	15:13:08.234	Custom indicator Price Pro Value Chart Profissional - PT-BR GBPJPY,M5: loaded successfully
2	15:13:08.471	Custom indicator Price Pro Value Chart Profissional - PT-BR GBPJPY,M5: removed
2	15:13:08.503	Custom indicator iclock_mod1 EURUSD,M5: loaded successfully
2	15:13:08.511	Custom indicator fadedbckgrnd2__1 EURUSD,M5: loaded successfully
2	15:13:08.520	Custom indicator FixedChartScale EURUSD,M5: loaded successfully
2	15:13:08.639	Custom indicator Price Pro Value Chart Profissional - PT-BR EURUSD,M5: loaded successfully
2	15:13:08.857	Custom indicator Price Pro Value Chart Profissional - PT-BR EURUSD,M5: removed
2	15:13:08.886	Custom indicator iclock_mod1 EURUSDiqo,M5: loaded successfully
2	15:13:08.893	Custom indicator fadedbckgrnd2__1 EURUSDiqo,M5: loaded successfully
2	15:13:08.901	Custom indicator FixedChartScale EURUSDiqo,M5: loaded successfully
2	15:13:09.007	Custom indicator Price Pro Value Chart Profissional - PT-BR EURUSDiqo,M5: loaded successfully
2	15:13:09.225	Custom indicator Price Pro Value Chart Profissional - PT-BR EURUSDiqo,M5: removed
2	15:13:09.261	Custom indicator iclock_mod1 GBPUSDiqo,M5: loaded successfully
2	15:13:09.270	Custom indicator fadedbckgrnd2__1 GBPUSDiqo,M5: loaded successfully
2	15:13:09.280	Custom indicator FixedChartScale GBPUSDiqo,M5: loaded successfully
2	15:13:09.398	Custom indicator Price Pro Value Chart Profissional - PT-BR GBPUSDiqo,M5: loaded successfully
2	15:13:09.625	Custom indicator Price Pro Value Chart Profissional - PT-BR GBPUSDiqo,M5: removed
0	15:13:09.980	HistoryCenter: synchronize 'GBPUSD5'
0	15:13:11.051	HistoryCenter: 2 bars imported in 'GBPUSD5'
0	15:13:11.051	HistoryCenter: synchronize 'EURUSD5'
0	15:13:11.128	'15069840': login on Alpari-Demo through Demo.Europe.2:444 (ping: 247.48 ms)
0	15:13:11.876	HistoryCenter: 2 bars imported in 'EURUSD5'
0	15:13:11.876	HistoryCenter: synchronize 'GBPJPY5'
0	15:13:12.764	HistoryCenter: 2 bars imported in 'GBPJPY5'
0	15:13:12.764	HistoryCenter: synchronize 'EURJPY5'
0	15:13:13.404	'15069840': login datacenter on Alpari-Demo through Demo.Europe.2:444 (ping: 247.48 ms)
0	15:13:13.534	HistoryCenter: 2 bars imported in 'EURJPY5'
0	15:13:13.534	HistoryCenter: synchronize 'AUDUSD5'
0	15:13:13.998	'15069840': previous successful authorization performed from 177.13.223.155
0	15:13:14.280	HistoryCenter: 2 bars imported in 'AUDUSD5'
0	15:13:14.280	HistoryCenter: synchronize 'EURGBP5'
0	15:13:15.063	HistoryCenter: 2 bars imported in 'EURGBP5'
2	15:13:18.985	Custom indicator iclock_mod1 EURUSDiqo,M5: removed
2	15:13:18.986	Custom indicator fadedbckgrnd2__1 EURUSDiqo,M5: removed
2	15:13:18.987	Custom indicator FixedChartScale EURUSDiqo,M5: removed
2	15:13:18.998	Custom indicator iclock_mod1 EURUSDiqo,M5: loaded successfully
2	15:13:19.005	Custom indicator fadedbckgrnd2__1 EURUSDiqo,M5: loaded successfully
2	15:13:19.014	Custom indicator FixedChartScale EURUSDiqo,M5: loaded successfully
2	15:13:19.117	Custom indicator Price Pro Value Chart Profissional - PT-BR EURUSDiqo,M5: loaded successfully
2	15:14:02.294	Custom indicator Support_and_Resistance__TLB_OC_v02 EURUSDiqo,M5: loaded successfully
0	15:14:10.528	'15069840': ping to current access point Demo.Europe.2:444 is 242.10 ms
2	15:15:14.766	Custom indicator SS_SupportResistance_v04c-original-mod EURUSDiqo,M5: loaded successfully
2	15:15:49.884	Custom indicator SS_SupportResistance_v04c-original-mod EURUSDiqo,M5: removed
2	15:16:17.561	Custom indicator iclock_mod1 EURUSD,M5: removed
2	15:16:17.562	Custom indicator fadedbckgrnd2__1 EURUSD,M5: removed
2	15:16:17.564	Custom indicator FixedChartScale EURUSD,M5: removed
2	15:16:17.574	Custom indicator iclock_mod1 EURUSD,M5: loaded successfully
2	15:16:17.583	Custom indicator fadedbckgrnd2__1 EURUSD,M5: loaded successfully
2	15:16:17.591	Custom indicator FixedChartScale EURUSD,M5: loaded successfully
2	15:16:17.600	Custom indicator Support_and_Resistance__TLB_OC_v02 EURUSD,M5: loaded successfully
2	15:16:17.710	Custom indicator Price Pro Value Chart Profissional - PT-BR EURUSD,M5: loaded successfully
0	15:16:18.639	HistoryCenter: synchronize 'EURUSD5'
0	15:16:20.002	HistoryCenter: 2 bars imported in 'EURUSD5'
0	15:16:20.554	HistoryCenter: synchronize 'EURUSD5'
0	15:16:22.634	HistoryCenter: 2 bars imported in 'EURUSD5'
0	15:16:23.179	HistoryCenter: synchronize 'EURUSD5'
0	15:16:24.784	HistoryCenter: 2 bars imported in 'EURUSD5'
2	15:26:20.962	Custom indicator iclock_mod1 GBPUSD,M5: removed
2	15:26:20.964	Custom indicator fadedbckgrnd2__1 GBPUSD,M5: removed
2	15:26:20.965	Custom indicator FixedChartScale GBPUSD,M5: removed
2	15:26:20.968	Expert PriceProCharts EURGBP,M5: removed
2	15:26:20.975	Custom indicator iclock_mod1 EURGBP,M5: removed
2	15:26:20.978	Custom indicator fadedbckgrnd2__1 EURGBP,M5: removed
2	15:26:20.980	Custom indicator FixedChartScale EURGBP,M5: removed
2	15:26:20.984	Custom indicator iclock_mod1 AUDUSD,M5: removed
2	15:26:20.985	Custom indicator fadedbckgrnd2__1 AUDUSD,M5: removed
2	15:26:20.987	Custom indicator FixedChartScale AUDUSD,M5: removed
2	15:26:20.991	Custom indicator iclock_mod1 EURJPY,M5: removed
2	15:26:20.993	Custom indicator fadedbckgrnd2__1 EURJPY,M5: removed
2	15:26:20.995	Custom indicator FixedChartScale EURJPY,M5: removed
2	15:26:21.001	Custom indicator iclock_mod1 GBPJPY,M5: removed
2	15:26:21.002	Custom indicator fadedbckgrnd2__1 GBPJPY,M5: removed
2	15:26:21.004	Custom indicator FixedChartScale GBPJPY,M5: removed
2	15:26:21.009	Custom indicator iclock_mod1 EURUSD,M5: removed
2	15:26:21.011	Custom indicator fadedbckgrnd2__1 EURUSD,M5: removed
2	15:26:21.013	Custom indicator FixedChartScale EURUSD,M5: removed
2	15:26:21.015	Custom indicator Support_and_Resistance__TLB_OC_v02 EURUSD,M5: removed
2	15:26:21.032	Custom indicator Price Pro Value Chart Profissional - PT-BR EURUSD,M5: removed
2	15:26:21.045	Custom indicator iclock_mod1 EURUSDiqo,M5: removed
2	15:26:21.046	Custom indicator fadedbckgrnd2__1 EURUSDiqo,M5: removed
2	15:26:21.048	Custom indicator FixedChartScale EURUSDiqo,M5: removed
2	15:26:21.050	Custom indicator Support_and_Resistance__TLB_OC_v02 EURUSDiqo,M5: removed
2	15:26:21.073	Custom indicator Price Pro Value Chart Profissional - PT-BR EURUSDiqo,M5: removed
2	15:26:21.082	Custom indicator iclock_mod1 GBPUSDiqo,M5: removed
2	15:26:21.084	Custom indicator fadedbckgrnd2__1 GBPUSDiqo,M5: removed
2	15:26:21.085	Custom indicator FixedChartScale GBPUSDiqo,M5: removed
0	15:26:21.351	Alpari MT4 build 1359 stopped
