0	06:37:21.279	Alpari MT4 build 1359 started (Alpari International)
0	06:37:21.279	Windows 10 Pro x64, IE 11, UAC, 8 x Intel Core i7-7700HQ  @ 2.80GHz, Memory: 13427 / 16267 Mb, Disk: 392 / 476 Gb, GMT-3
0	06:37:21.279	Data Folder: C:\Users\Administrator\AppData\Roaming\MetaQuotes\Terminal\287469DEA9630EA94D0715D755974F1B
2	06:37:22.787	Custom indicator iclock_mod1 EURUSD,M5: loaded successfully
2	06:37:22.787	Custom indicator fadedbckgrnd2__1 EURUSD,M5: loaded successfully
2	06:37:22.802	Custom indicator FixedChartScale EURUSD,M5: loaded successfully
2	06:37:22.912	Custom indicator Price Pro Value Chart Profissional - PT-BR EURUSD,M5: loaded successfully
2	06:37:23.115	Custom indicator Price Pro Value Chart Profissional - PT-BR EURUSD,M5: removed
2	06:37:23.148	Custom indicator iclock_mod1 GBPUSD,M5: loaded successfully
2	06:37:23.163	Custom indicator fadedbckgrnd2__1 GBPUSD,M5: loaded successfully
2	06:37:23.163	Custom indicator FixedChartScale GBPUSD,M5: loaded successfully
2	06:37:23.273	Custom indicator Price Pro Value Chart Profissional - PT-BR GBPUSD,M5: loaded successfully
2	06:37:23.476	Custom indicator Price Pro Value Chart Profissional - PT-BR GBPUSD,M5: removed
0	06:37:23.695	HistoryCenter: synchronize 'EURUSD5'
0	06:37:24.798	HistoryCenter: 205 bars imported in 'EURUSD5'
0	06:37:24.803	'15069840': login on Alpari-Demo through Demo.Europe.2:444 (ping: 245.89 ms)
0	06:37:25.358	HistoryCenter: synchronize 'GBPUSD5'
0	06:37:26.119	HistoryCenter: 205 bars imported in 'GBPUSD5'
0	06:37:26.853	'15069840': login datacenter on Alpari-Demo through Demo.Europe.2:444 (ping: 245.89 ms)
0	06:37:27.468	'15069840': previous successful authorization performed from 177.13.216.47
0	06:38:15.834	'15069840': ping to current access point Demo.Europe.2:444 is 246.28 ms
2	06:39:18.272	Custom indicator iclock_mod1 EURUSD,M5: removed
2	06:39:18.272	Custom indicator fadedbckgrnd2__1 EURUSD,M5: removed
2	06:39:18.272	Custom indicator FixedChartScale EURUSD,M5: removed
2	06:39:18.288	Custom indicator iclock_mod1 EURUSD,M5: loaded successfully
2	06:39:18.303	Custom indicator fadedbckgrnd2__1 EURUSD,M5: loaded successfully
2	06:39:18.303	Custom indicator FixedChartScale EURUSD,M5: loaded successfully
2	06:39:18.412	Custom indicator Price Pro Value Chart Profissional - PT-BR EURUSD,M5: loaded successfully
0	06:39:18.803	HistoryCenter: synchronize 'EURUSD5'
0	06:39:19.553	HistoryCenter: 2 bars imported in 'EURUSD5'
0	06:39:20.673	HistoryCenter: synchronize 'EURUSD5'
0	06:39:21.469	HistoryCenter: 2 bars imported in 'EURUSD5'
0	06:39:22.016	HistoryCenter: synchronize 'EURUSD5'
0	06:39:22.765	HistoryCenter: 2 bars imported in 'EURUSD5'
0	06:39:23.859	HistoryCenter: synchronize 'EURUSD5'
0	06:39:24.577	HistoryCenter: 2 bars imported in 'EURUSD5'
0	06:39:25.140	HistoryCenter: synchronize 'EURUSD5'
0	06:39:25.858	HistoryCenter: 2 bars imported in 'EURUSD5'
0	06:39:26.952	HistoryCenter: synchronize 'EURUSD5'
0	06:39:27.686	HistoryCenter: 2 bars imported in 'EURUSD5'
0	06:39:28.795	HistoryCenter: synchronize 'EURUSD5'
0	06:39:29.514	HistoryCenter: 2 bars imported in 'EURUSD5'
0	06:39:30.060	HistoryCenter: synchronize 'EURUSD5'
2	06:39:30.076	Custom indicator iclock_mod1 GBPUSD,M5: removed
2	06:39:30.076	Custom indicator fadedbckgrnd2__1 GBPUSD,M5: removed
2	06:39:30.076	Custom indicator FixedChartScale GBPUSD,M5: removed
2	06:39:30.092	Custom indicator iclock_mod1 GBPUSD,M5: loaded successfully
2	06:39:30.092	Custom indicator fadedbckgrnd2__1 GBPUSD,M5: loaded successfully
2	06:39:30.107	Custom indicator FixedChartScale GBPUSD,M5: loaded successfully
2	06:39:30.217	Custom indicator Price Pro Value Chart Profissional - PT-BR GBPUSD,M5: loaded successfully
0	06:39:30.826	HistoryCenter: 2 bars imported in 'EURUSD5'
0	06:39:30.826	HistoryCenter: synchronize 'GBPUSD5'
0	06:39:31.545	HistoryCenter: 2 bars imported in 'GBPUSD5'
0	06:39:32.107	HistoryCenter: synchronize 'GBPUSD5'
0	06:39:32.841	HistoryCenter: 2 bars imported in 'GBPUSD5'
0	06:39:32.841	HistoryCenter: synchronize 'EURUSD5'
0	06:39:33.560	HistoryCenter: 2 bars imported in 'EURUSD5'
0	06:39:33.560	HistoryCenter: synchronize 'GBPUSD5'
0	06:39:34.294	HistoryCenter: 2 bars imported in 'GBPUSD5'
0	06:39:34.294	HistoryCenter: synchronize 'EURUSD5'
0	06:39:35.044	HistoryCenter: 2 bars imported in 'EURUSD5'
0	06:39:35.044	HistoryCenter: synchronize 'GBPUSD5'
0	06:39:35.778	HistoryCenter: 2 bars imported in 'GBPUSD5'
0	06:39:36.903	HistoryCenter: synchronize 'GBPUSD5'
0	06:39:37.637	HistoryCenter: 2 bars imported in 'GBPUSD5'
2	06:39:38.277	Custom indicator iclock_mod1 EURGBP,M5: loaded successfully
2	06:39:38.293	Custom indicator fadedbckgrnd2__1 EURGBP,M5: loaded successfully
2	06:39:38.293	Custom indicator FixedChartScale EURGBP,M5: loaded successfully
2	06:39:38.402	Custom indicator Price Pro Value Chart Profissional - PT-BR EURGBP,M5: loaded successfully
0	06:39:39.277	HistoryCenter: synchronize 'EURGBP5'
0	06:39:39.996	HistoryCenter: 2 bars imported in 'EURGBP5'
0	06:39:39.996	HistoryCenter: synchronize 'GBPUSD5'
0	06:39:40.730	HistoryCenter: 2 bars imported in 'GBPUSD5'
0	06:39:40.730	HistoryCenter: synchronize 'EURGBP5'
0	06:39:41.527	HistoryCenter: 2 bars imported in 'EURGBP5'
0	06:39:41.527	HistoryCenter: synchronize 'GBPUSD5'
0	06:39:42.261	HistoryCenter: 2 bars imported in 'GBPUSD5'
0	06:39:42.261	HistoryCenter: synchronize 'EURGBP5'
0	06:39:42.995	HistoryCenter: 2 bars imported in 'EURGBP5'
0	06:39:42.995	HistoryCenter: synchronize 'GBPUSD5'
0	06:39:43.745	HistoryCenter: 2 bars imported in 'GBPUSD5'
0	06:39:43.745	HistoryCenter: synchronize 'EURGBP5'
0	06:39:44.510	HistoryCenter: 2 bars imported in 'EURGBP5'
0	06:39:45.057	HistoryCenter: synchronize 'EURGBP5'
0	06:39:45.760	HistoryCenter: 2 bars imported in 'EURGBP5'
0	06:39:46.869	HistoryCenter: synchronize 'EURGBP5'
0	06:39:47.603	HistoryCenter: 2 bars imported in 'EURGBP5'
0	06:39:48.713	HistoryCenter: synchronize 'EURGBP5'
0	06:39:49.447	HistoryCenter: 2 bars imported in 'EURGBP5'
0	06:39:49.994	HistoryCenter: synchronize 'EURGBP5'
0	06:39:50.727	HistoryCenter: 2 bars imported in 'EURGBP5'
0	06:39:51.821	HistoryCenter: synchronize 'EURGBP5'
0	06:39:52.571	HistoryCenter: 2 bars imported in 'EURGBP5'
0	06:39:53.133	HistoryCenter: synchronize 'EURGBP5'
0	06:39:53.867	HistoryCenter: 2 bars imported in 'EURGBP5'
0	06:39:54.977	HistoryCenter: synchronize 'EURGBP5'
0	06:39:55.711	HistoryCenter: 2 bars imported in 'EURGBP5'
0	06:39:56.820	HistoryCenter: synchronize 'EURGBP5'
0	06:39:57.554	HistoryCenter: 2 bars imported in 'EURGBP5'
0	06:39:58.101	HistoryCenter: synchronize 'EURGBP5'
0	06:39:58.835	HistoryCenter: 2 bars imported in 'EURGBP5'
2	06:40:09.168	Custom indicator iclock_mod1 EURJPY,M5: loaded successfully
2	06:40:09.183	Custom indicator fadedbckgrnd2__1 EURJPY,M5: loaded successfully
2	06:40:09.183	Custom indicator FixedChartScale EURJPY,M5: loaded successfully
2	06:40:09.293	Custom indicator Price Pro Value Chart Profissional - PT-BR EURJPY,M5: loaded successfully
0	06:40:09.824	HistoryCenter: synchronize 'EURJPY5'
0	06:40:10.558	HistoryCenter: 2 bars imported in 'EURJPY5'
0	06:40:11.652	HistoryCenter: synchronize 'EURJPY5'
0	06:40:12.370	HistoryCenter: 2 bars imported in 'EURJPY5'
0	06:40:12.917	HistoryCenter: synchronize 'EURJPY5'
0	06:40:13.651	HistoryCenter: 2 bars imported in 'EURJPY5'
0	06:40:14.760	HistoryCenter: synchronize 'EURJPY5'
0	06:40:15.494	HistoryCenter: 2 bars imported in 'EURJPY5'
0	06:40:16.603	HistoryCenter: synchronize 'EURJPY5'
0	06:40:17.369	HistoryCenter: 2 bars imported in 'EURJPY5'
0	06:40:17.916	HistoryCenter: synchronize 'EURJPY5'
2	06:40:18.556	Custom indicator iclock_mod1 GBPJPY,M5: loaded successfully
2	06:40:18.556	Custom indicator fadedbckgrnd2__1 GBPJPY,M5: loaded successfully
2	06:40:18.572	Custom indicator FixedChartScale GBPJPY,M5: loaded successfully
2	06:40:18.681	Custom indicator Price Pro Value Chart Profissional - PT-BR GBPJPY,M5: loaded successfully
0	06:40:19.493	HistoryCenter: 2 bars imported in 'EURJPY5'
0	06:40:19.493	HistoryCenter: synchronize 'GBPJPY5'
0	06:40:20.274	HistoryCenter: 2 bars imported in 'GBPJPY5'
0	06:40:20.821	HistoryCenter: synchronize 'GBPJPY5'
0	06:40:21.571	HistoryCenter: 2 bars imported in 'GBPJPY5'
0	06:40:21.571	HistoryCenter: synchronize 'EURJPY5'
0	06:40:22.321	HistoryCenter: 2 bars imported in 'EURJPY5'
0	06:40:22.321	HistoryCenter: synchronize 'GBPJPY5'
0	06:40:23.055	HistoryCenter: 2 bars imported in 'GBPJPY5'
0	06:40:23.055	HistoryCenter: synchronize 'EURJPY5'
0	06:40:23.820	HistoryCenter: 2 bars imported in 'EURJPY5'
0	06:40:24.367	HistoryCenter: synchronize 'GBPJPY5'
0	06:40:25.117	HistoryCenter: 2 bars imported in 'GBPJPY5'
0	06:40:25.117	HistoryCenter: synchronize 'EURJPY5'
0	06:40:25.851	HistoryCenter: 2 bars imported in 'EURJPY5'
0	06:40:26.398	HistoryCenter: synchronize 'GBPJPY5'
0	06:40:27.132	HistoryCenter: 2 bars imported in 'GBPJPY5'
0	06:40:28.226	HistoryCenter: synchronize 'GBPJPY5'
0	06:40:28.976	HistoryCenter: 2 bars imported in 'GBPJPY5'
0	06:40:30.069	HistoryCenter: synchronize 'GBPJPY5'
0	06:40:30.788	HistoryCenter: 2 bars imported in 'GBPJPY5'
0	06:40:31.351	HistoryCenter: synchronize 'GBPJPY5'
0	06:40:32.069	HistoryCenter: 2 bars imported in 'GBPJPY5'
2	06:40:47.705	Custom indicator iclock_mod1 EURUSD,M5: removed
0	06:41:17.448	HistoryCenter: synchronize 'EURUSD5'
0	06:41:18.214	HistoryCenter: 2 bars imported in 'EURUSD5'
0	06:41:19.356	HistoryCenter: synchronize 'EURUSD5'
0	06:41:20.090	HistoryCenter: 2 bars imported in 'EURUSD5'
0	06:41:20.637	HistoryCenter: synchronize 'EURUSD5'
0	06:41:21.386	HistoryCenter: 2 bars imported in 'EURUSD5'
0	06:41:22.496	HistoryCenter: synchronize 'EURUSD5'
0	06:41:23.245	HistoryCenter: 2 bars imported in 'EURUSD5'
0	06:41:23.792	HistoryCenter: synchronize 'EURUSD5'
0	06:41:24.511	HistoryCenter: 2 bars imported in 'EURUSD5'
0	06:41:25.620	HistoryCenter: synchronize 'EURUSD5'
0	06:41:26.338	HistoryCenter: 2 bars imported in 'EURUSD5'
0	06:41:26.885	HistoryCenter: synchronize 'EURUSD5'
0	06:41:27.604	HistoryCenter: 2 bars imported in 'EURUSD5'
0	06:41:28.696	HistoryCenter: synchronize 'EURUSD5'
0	06:41:29.436	HistoryCenter: 2 bars imported in 'EURUSD5'
0	06:41:30.536	HistoryCenter: synchronize 'EURUSD5'
0	06:41:31.244	HistoryCenter: 2 bars imported in 'EURUSD5'
0	06:41:31.791	HistoryCenter: synchronize 'EURUSD5'
0	06:41:32.525	HistoryCenter: 2 bars imported in 'EURUSD5'
0	06:41:33.634	HistoryCenter: synchronize 'EURUSD5'
0	06:41:34.368	HistoryCenter: 2 bars imported in 'EURUSD5'
0	06:41:34.931	HistoryCenter: synchronize 'EURUSD5'
0	06:41:35.649	HistoryCenter: 2 bars imported in 'EURUSD5'
2	06:41:44.100	Custom indicator iclock_mod1 EURGBP,M5: removed
2	06:41:44.100	Custom indicator fadedbckgrnd2__1 EURGBP,M5: removed
2	06:41:44.100	Custom indicator FixedChartScale EURGBP,M5: removed
2	06:41:44.116	Custom indicator Price Pro Value Chart Profissional - PT-BR EURGBP,M5: removed
2	06:41:44.131	Custom indicator fadedbckgrnd2__1 EURGBP,M5: loaded successfully
2	06:41:44.131	Custom indicator FixedChartScale EURGBP,M5: loaded successfully
2	06:41:44.241	Custom indicator Price Pro Value Chart Profissional - PT-BR EURGBP,M5: loaded successfully
0	06:41:44.960	HistoryCenter: synchronize 'EURGBP5'
0	06:41:45.678	HistoryCenter: 2 bars imported in 'EURGBP5'
0	06:41:46.241	HistoryCenter: synchronize 'EURGBP5'
0	06:41:46.959	HistoryCenter: 2 bars imported in 'EURGBP5'
0	06:41:47.506	HistoryCenter: synchronize 'EURGBP5'
0	06:41:48.271	HistoryCenter: 2 bars imported in 'EURGBP5'
0	06:41:48.833	HistoryCenter: synchronize 'EURGBP5'
0	06:41:49.567	HistoryCenter: 2 bars imported in 'EURGBP5'
0	06:41:50.661	HistoryCenter: synchronize 'EURGBP5'
0	06:41:51.411	HistoryCenter: 2 bars imported in 'EURGBP5'
0	06:41:51.974	HistoryCenter: synchronize 'EURGBP5'
0	06:41:52.708	HistoryCenter: 2 bars imported in 'EURGBP5'
0	06:41:53.816	HistoryCenter: synchronize 'EURGBP5'
0	06:41:54.566	HistoryCenter: 2 bars imported in 'EURGBP5'
0	06:41:55.675	HistoryCenter: synchronize 'EURGBP5'
0	06:41:56.394	HistoryCenter: 2 bars imported in 'EURGBP5'
0	06:41:56.941	HistoryCenter: synchronize 'EURGBP5'
0	06:41:57.675	HistoryCenter: 2 bars imported in 'EURGBP5'
0	06:41:58.784	HistoryCenter: synchronize 'EURGBP5'
0	06:41:59.565	HistoryCenter: 2 bars imported in 'EURGBP5'
0	06:42:00.659	HistoryCenter: synchronize 'EURGBP5'
0	06:42:01.377	HistoryCenter: 2 bars imported in 'EURGBP5'
0	06:42:01.924	HistoryCenter: synchronize 'EURGBP5'
0	06:42:02.705	HistoryCenter: 2 bars imported in 'EURGBP5'
0	06:42:03.798	HistoryCenter: synchronize 'EURGBP5'
0	06:42:04.548	HistoryCenter: 2 bars imported in 'EURGBP5'
2	06:42:11.015	Custom indicator iclock_mod1 GBPJPY,M5: removed
2	06:42:11.015	Custom indicator fadedbckgrnd2__1 GBPJPY,M5: removed
2	06:42:11.031	Custom indicator FixedChartScale GBPJPY,M5: removed
2	06:42:11.031	Custom indicator Price Pro Value Chart Profissional - PT-BR GBPJPY,M5: removed
2	06:42:11.047	Custom indicator fadedbckgrnd2__1 GBPJPY,M5: loaded successfully
2	06:42:11.062	Custom indicator FixedChartScale GBPJPY,M5: loaded successfully
2	06:42:11.172	Custom indicator Price Pro Value Chart Profissional - PT-BR GBPJPY,M5: loaded successfully
0	06:42:11.656	HistoryCenter: synchronize 'GBPJPY5'
0	06:42:12.375	HistoryCenter: 2 bars imported in 'GBPJPY5'
0	06:42:13.484	HistoryCenter: synchronize 'GBPJPY5'
0	06:42:14.218	HistoryCenter: 2 bars imported in 'GBPJPY5'
0	06:42:14.780	HistoryCenter: synchronize 'GBPJPY5'
0	06:42:15.530	HistoryCenter: 2 bars imported in 'GBPJPY5'
0	06:42:16.623	HistoryCenter: synchronize 'GBPJPY5'
0	06:42:17.326	HistoryCenter: 2 bars imported in 'GBPJPY5'
0	06:42:17.873	HistoryCenter: synchronize 'GBPJPY5'
0	06:42:18.592	HistoryCenter: 2 bars imported in 'GBPJPY5'
0	06:42:19.685	HistoryCenter: synchronize 'GBPJPY5'
0	06:42:20.419	HistoryCenter: 2 bars imported in 'GBPJPY5'
0	06:42:21.529	HistoryCenter: synchronize 'GBPJPY5'
0	06:42:22.278	HistoryCenter: 2 bars imported in 'GBPJPY5'
0	06:42:22.825	HistoryCenter: synchronize 'GBPJPY5'
0	06:42:23.559	HistoryCenter: 2 bars imported in 'GBPJPY5'
0	06:42:24.653	HistoryCenter: synchronize 'GBPJPY5'
0	06:42:25.403	HistoryCenter: 2 bars imported in 'GBPJPY5'
2	06:42:30.667	Custom indicator iclock_mod1 GBPUSD,M5: removed
2	06:42:30.667	Custom indicator fadedbckgrnd2__1 GBPUSD,M5: removed
2	06:42:30.667	Custom indicator FixedChartScale GBPUSD,M5: removed
2	06:42:30.683	Custom indicator Price Pro Value Chart Profissional - PT-BR GBPUSD,M5: removed
2	06:42:30.683	Custom indicator fadedbckgrnd2__1 GBPUSD,M5: loaded successfully
2	06:42:30.698	Custom indicator FixedChartScale GBPUSD,M5: loaded successfully
2	06:42:30.792	Custom indicator Price Pro Value Chart Profissional - PT-BR GBPUSD,M5: loaded successfully
0	06:42:31.417	HistoryCenter: synchronize 'GBPUSD5'
0	06:42:32.167	HistoryCenter: 2 bars imported in 'GBPUSD5'
0	06:42:32.713	HistoryCenter: synchronize 'GBPUSD5'
0	06:42:33.432	HistoryCenter: 2 bars imported in 'GBPUSD5'
0	06:42:33.995	HistoryCenter: synchronize 'GBPUSD5'
0	06:42:34.729	HistoryCenter: 2 bars imported in 'GBPUSD5'
0	06:42:35.276	HistoryCenter: synchronize 'GBPUSD5'
0	06:42:36.026	HistoryCenter: 2 bars imported in 'GBPUSD5'
0	06:42:37.134	HistoryCenter: synchronize 'GBPUSD5'
0	06:42:37.900	HistoryCenter: 2 bars imported in 'GBPUSD5'
0	06:42:38.462	HistoryCenter: synchronize 'GBPUSD5'
0	06:42:39.181	HistoryCenter: 2 bars imported in 'GBPUSD5'
0	06:42:40.275	HistoryCenter: synchronize 'GBPUSD5'
0	06:42:41.008	HistoryCenter: 2 bars imported in 'GBPUSD5'
0	06:42:42.133	HistoryCenter: synchronize 'GBPUSD5'
0	06:42:42.868	HistoryCenter: 2 bars imported in 'GBPUSD5'
0	06:42:43.414	HistoryCenter: synchronize 'GBPUSD5'
0	06:42:44.195	HistoryCenter: 2 bars imported in 'GBPUSD5'
0	06:42:45.320	HistoryCenter: synchronize 'GBPUSD5'
0	06:42:46.055	HistoryCenter: 2 bars imported in 'GBPUSD5'
0	06:42:47.163	HistoryCenter: synchronize 'GBPUSD5'
0	06:42:47.897	HistoryCenter: 2 bars imported in 'GBPUSD5'
0	06:42:48.475	HistoryCenter: synchronize 'GBPUSD5'
0	06:42:49.194	HistoryCenter: 2 bars imported in 'GBPUSD5'
2	06:42:54.161	Custom indicator iclock_mod1 EURJPY,M5: removed
2	06:42:54.161	Custom indicator fadedbckgrnd2__1 EURJPY,M5: removed
2	06:42:54.161	Custom indicator FixedChartScale EURJPY,M5: removed
2	06:42:54.177	Custom indicator Price Pro Value Chart Profissional - PT-BR EURJPY,M5: removed
2	06:42:54.193	Custom indicator fadedbckgrnd2__1 EURJPY,M5: loaded successfully
2	06:42:54.193	Custom indicator FixedChartScale EURJPY,M5: loaded successfully
2	06:42:54.302	Custom indicator Price Pro Value Chart Profissional - PT-BR EURJPY,M5: loaded successfully
0	06:42:54.693	HistoryCenter: synchronize 'EURJPY5'
0	06:42:55.474	HistoryCenter: 2 bars imported in 'EURJPY5'
0	06:42:56.583	HistoryCenter: synchronize 'EURJPY5'
0	06:42:57.333	HistoryCenter: 2 bars imported in 'EURJPY5'
0	06:42:57.895	HistoryCenter: synchronize 'EURJPY5'
0	06:42:58.629	HistoryCenter: 2 bars imported in 'EURJPY5'
0	06:42:59.723	HistoryCenter: synchronize 'EURJPY5'
0	06:43:00.441	HistoryCenter: 2 bars imported in 'EURJPY5'
0	06:43:00.988	HistoryCenter: synchronize 'EURJPY5'
0	06:43:01.722	HistoryCenter: 2 bars imported in 'EURJPY5'
0	06:43:02.816	HistoryCenter: synchronize 'EURJPY5'
0	06:43:03.535	HistoryCenter: 2 bars imported in 'EURJPY5'
0	06:43:04.643	HistoryCenter: synchronize 'EURJPY5'
0	06:43:05.347	HistoryCenter: 2 bars imported in 'EURJPY5'
0	06:43:05.909	HistoryCenter: synchronize 'EURJPY5'
0	06:43:06.643	HistoryCenter: 2 bars imported in 'EURJPY5'
0	06:43:07.736	HistoryCenter: synchronize 'EURJPY5'
0	06:43:08.471	HistoryCenter: 2 bars imported in 'EURJPY5'
0	06:43:09.033	HistoryCenter: synchronize 'EURJPY5'
0	06:43:09.767	HistoryCenter: 2 bars imported in 'EURJPY5'
0	06:43:10.876	HistoryCenter: synchronize 'EURJPY5'
0	06:43:11.595	HistoryCenter: 2 bars imported in 'EURJPY5'
0	06:43:12.688	HistoryCenter: synchronize 'EURJPY5'
0	06:43:13.423	HistoryCenter: 2 bars imported in 'EURJPY5'
2	06:43:23.889	Custom indicator fadedbckgrnd2__1 USDJPY,M5: loaded successfully
2	06:43:23.889	Custom indicator FixedChartScale USDJPY,M5: loaded successfully
2	06:43:23.998	Custom indicator Price Pro Value Chart Profissional - PT-BR USDJPY,M5: loaded successfully
0	06:43:24.357	HistoryCenter: synchronize 'USDJPY5'
0	06:43:25.092	HistoryCenter: 2 bars imported in 'USDJPY5'
0	06:43:26.201	HistoryCenter: synchronize 'USDJPY5'
0	06:43:26.935	HistoryCenter: 2 bars imported in 'USDJPY5'
0	06:43:27.482	HistoryCenter: synchronize 'USDJPY5'
0	06:43:28.216	HistoryCenter: 2 bars imported in 'USDJPY5'
0	06:43:29.310	HistoryCenter: synchronize 'USDJPY5'
0	06:43:30.044	HistoryCenter: 2 bars imported in 'USDJPY5'
0	06:43:30.591	HistoryCenter: synchronize 'USDJPY5'
0	06:43:31.309	HistoryCenter: 2 bars imported in 'USDJPY5'
0	06:43:32.419	HistoryCenter: synchronize 'USDJPY5'
0	06:43:33.183	HistoryCenter: 2 bars imported in 'USDJPY5'
0	06:43:34.277	HistoryCenter: synchronize 'USDJPY5'
0	06:43:35.011	HistoryCenter: 2 bars imported in 'USDJPY5'
0	06:43:35.574	HistoryCenter: synchronize 'USDJPY5'
0	06:43:36.324	HistoryCenter: 2 bars imported in 'USDJPY5'
0	06:43:37.417	HistoryCenter: synchronize 'USDJPY5'
0	06:43:38.182	HistoryCenter: 2 bars imported in 'USDJPY5'
0	06:43:39.291	HistoryCenter: synchronize 'USDJPY5'
0	06:43:40.026	HistoryCenter: 2 bars imported in 'USDJPY5'
0	06:43:40.573	HistoryCenter: synchronize 'USDJPY5'
0	06:43:41.291	HistoryCenter: 2 bars imported in 'USDJPY5'
2	10:51:11.675	Custom indicator fadedbckgrnd2__1 EURJPY,M5: removed
2	10:51:11.675	Custom indicator FixedChartScale EURJPY,M5: removed
2	10:51:11.691	Custom indicator Price Pro Value Chart Profissional - PT-BR EURJPY,M5: removed
2	10:51:13.066	Custom indicator fadedbckgrnd2__1 USDJPY,M5: removed
2	10:51:13.066	Custom indicator FixedChartScale USDJPY,M5: removed
2	10:51:13.081	Custom indicator Price Pro Value Chart Profissional - PT-BR USDJPY,M5: removed
2	10:51:14.003	Custom indicator fadedbckgrnd2__1 GBPJPY,M5: removed
2	10:51:14.003	Custom indicator FixedChartScale GBPJPY,M5: removed
2	10:51:14.019	Custom indicator Price Pro Value Chart Profissional - PT-BR GBPJPY,M5: removed
2	10:56:20.318	Custom indicator fadedbckgrnd2__1 EURUSD,M5: removed
2	10:56:20.319	Custom indicator FixedChartScale EURUSD,M5: removed
2	10:56:20.335	Custom indicator Price Pro Value Chart Profissional - PT-BR EURUSD,M5: removed
2	10:56:20.343	Custom indicator fadedbckgrnd2__1 EURUSD,M5: loaded successfully
2	10:56:20.351	Custom indicator FixedChartScale EURUSD,M5: loaded successfully
2	10:56:20.460	Custom indicator Price Pro Value Chart Profissional - PT-BR EURUSD,M5: loaded successfully
0	10:56:27.270	HistoryCenter: synchronize 'EURUSD5'
0	10:56:35.262	HistoryCenter: 2 bars imported in 'EURUSD5'
0	10:56:38.026	HistoryCenter: synchronize 'EURUSD5'
1	10:56:42.030	HistoryCenter: '15069840' cannot login to: Alpari-Demo
0	10:56:47.536	HistoryCenter: synchronize 'EURUSD5'
0	10:56:52.704	HistoryCenter: 2 bars imported in 'EURUSD5'
2	10:56:59.147	Custom indicator fadedbckgrnd2__1 EURUSD,M5: removed
2	10:56:59.148	Custom indicator FixedChartScale EURUSD,M5: removed
2	10:56:59.161	Custom indicator Price Pro Value Chart Profissional - PT-BR EURUSD,M5: removed
2	10:56:59.174	Custom indicator fadedbckgrnd2__1 EURUSD,M5: loaded successfully
2	10:56:59.186	Custom indicator FixedChartScale EURUSD,M5: loaded successfully
2	10:56:59.288	Custom indicator Price Pro Value Chart Profissional - PT-BR EURUSD,M5: loaded successfully
0	10:57:03.756	HistoryCenter: synchronize 'EURUSD5'
0	10:57:08.527	HistoryCenter: 2 bars imported in 'EURUSD5'
0	10:57:09.621	HistoryCenter: synchronize 'EURUSD5'
0	10:57:15.681	HistoryCenter: 2 bars imported in 'EURUSD5'
0	10:57:16.783	HistoryCenter: synchronize 'EURUSD5'
1	10:57:20.923	HistoryCenter: '15069840' cannot login to: Alpari-Demo
2	10:57:21.465	Custom indicator fadedbckgrnd2__1 GBPUSD,M5: removed
2	10:57:21.466	Custom indicator FixedChartScale GBPUSD,M5: removed
2	10:57:21.480	Custom indicator Price Pro Value Chart Profissional - PT-BR GBPUSD,M5: removed
2	10:57:21.491	Custom indicator fadedbckgrnd2__1 GBPUSD,M5: loaded successfully
2	10:57:21.503	Custom indicator FixedChartScale GBPUSD,M5: loaded successfully
2	10:57:21.605	Custom indicator Price Pro Value Chart Profissional - PT-BR GBPUSD,M5: loaded successfully
0	10:57:26.447	HistoryCenter: synchronize 'GBPUSD5'
1	10:57:30.582	HistoryCenter: '15069840' cannot login to: Alpari-Demo
0	10:57:36.108	HistoryCenter: synchronize 'GBPUSD5'
0	10:57:40.643	HistoryCenter: 2 bars imported in 'GBPUSD5'
0	10:57:40.643	HistoryCenter: synchronize 'EURUSD5'
2	10:57:46.453	Custom indicator fadedbckgrnd2__1 EURGBP,M5: removed
2	10:57:46.455	Custom indicator FixedChartScale EURGBP,M5: removed
2	10:57:46.473	Custom indicator Price Pro Value Chart Profissional - PT-BR EURGBP,M5: removed
2	10:57:46.481	Custom indicator fadedbckgrnd2__1 EURGBP,M5: loaded successfully
2	10:57:46.488	Custom indicator FixedChartScale EURGBP,M5: loaded successfully
2	10:57:46.594	Custom indicator Price Pro Value Chart Profissional - PT-BR EURGBP,M5: loaded successfully
0	10:57:46.870	HistoryCenter: 2 bars imported in 'EURUSD5'
0	10:57:50.734	HistoryCenter: synchronize 'EURGBP5'
0	10:57:56.382	HistoryCenter: 2 bars imported in 'EURGBP5'
0	10:57:56.929	HistoryCenter: synchronize 'EURGBP5'
0	10:58:02.918	HistoryCenter: 2 bars imported in 'EURGBP5'
0	10:58:04.043	HistoryCenter: synchronize 'EURGBP5'
0	10:58:09.307	HistoryCenter: 2 bars imported in 'EURGBP5'
0	10:58:09.869	HistoryCenter: synchronize 'EURGBP5'
0	10:58:16.086	HistoryCenter: 2 bars imported in 'EURGBP5'
1	16:29:05.305	'15069840': datacenter connecting failed [6]
0	16:29:06.227	'15069840': login on Alpari-Demo through Demo.Europe.2:444 (ping: 246.28 ms)
0	16:29:11.676	'15069840': login datacenter on Alpari-Demo through Demo.Europe.2:444 (ping: 246.28 ms)
0	16:29:12.525	'15069840': previous successful authorization performed from 177.13.221.113
0	16:29:58.766	'15069840': auto connecting to a better access point Demo.Europe.9:1119 (ping is 260.02 ms)
0	16:29:59.623	'15069840': login on Alpari-Demo through Demo.Europe.9:1119 (ping: 260.02 ms)
0	16:30:01.578	'15069840': login datacenter on Alpari-Demo through Demo.Europe.9:1119 (ping: 260.02 ms)
0	16:30:02.203	'15069840': previous successful authorization performed from 177.13.221.113
2	17:06:37.273	Custom indicator fadedbckgrnd2__1 GBPUSD,M5: removed
2	17:06:37.273	Custom indicator FixedChartScale GBPUSD,M5: removed
2	17:06:37.289	Custom indicator Price Pro Value Chart Profissional - PT-BR GBPUSD,M5: removed
2	17:13:47.179	Custom indicator fadedbckgrnd2__1 EURUSD,M5: removed
2	17:13:47.183	Custom indicator FixedChartScale EURUSD,M5: removed
2	17:13:47.205	Custom indicator Price Pro Value Chart Profissional - PT-BR EURUSD,M5: removed
2	17:13:47.214	Custom indicator fadedbckgrnd2__1 EURGBP,M5: removed
2	17:13:47.216	Custom indicator FixedChartScale EURGBP,M5: removed
2	17:13:47.239	Custom indicator Price Pro Value Chart Profissional - PT-BR EURGBP,M5: removed
0	17:13:47.579	Alpari MT4 build 1359 stopped
0	17:16:33.166	Alpari MT4 build 1359 started (Alpari International)
0	17:16:33.167	Windows 10 Pro x64, IE 11, UAC, 8 x Intel Core i7-7700HQ  @ 2.80GHz, Memory: 12116 / 16267 Mb, Disk: 392 / 476 Gb, GMT-3
0	17:16:33.167	Data Folder: C:\Users\Administrator\AppData\Roaming\MetaQuotes\Terminal\287469DEA9630EA94D0715D755974F1B
2	17:16:34.664	Custom indicator fadedbckgrnd2__1 EURUSD,M5: loaded successfully
2	17:16:34.673	Custom indicator FixedChartScale EURUSD,M5: loaded successfully
2	17:16:34.804	Custom indicator Price Pro Value Chart Profissional - PT-BR EURUSD,M5: loaded successfully
2	17:16:35.047	Custom indicator Price Pro Value Chart Profissional - PT-BR EURUSD,M5: removed
2	17:16:35.071	Custom indicator fadedbckgrnd2__1 EURGBP,M5: loaded successfully
2	17:16:35.080	Custom indicator FixedChartScale EURGBP,M5: loaded successfully
2	17:16:35.212	Custom indicator Price Pro Value Chart Profissional - PT-BR EURGBP,M5: loaded successfully
2	17:16:35.449	Custom indicator Price Pro Value Chart Profissional - PT-BR EURGBP,M5: removed
0	17:16:35.670	HistoryCenter: synchronize 'EURUSD5'
0	17:16:36.462	HistoryCenter: 2 bars imported in 'EURUSD5'
0	17:16:36.654	'15069840': login on Alpari-Demo through Demo.Europe.9:1119 (ping: 260.02 ms)
0	17:16:37.012	HistoryCenter: synchronize 'EURGBP5'
0	17:16:37.753	HistoryCenter: 2 bars imported in 'EURGBP5'
0	17:16:38.802	'15069840': login datacenter on Alpari-Demo through Demo.Europe.9:1119 (ping: 260.02 ms)
0	17:16:39.442	'15069840': previous successful authorization performed from 177.13.221.113
2	17:16:41.553	Custom indicator fadedbckgrnd2__1 EURUSD,M5: removed
2	17:16:41.554	Custom indicator FixedChartScale EURUSD,M5: removed
2	17:16:41.564	Custom indicator fadedbckgrnd2__1 EURUSD,M5: loaded successfully
2	17:16:41.573	Custom indicator FixedChartScale EURUSD,M5: loaded successfully
2	17:16:41.713	Custom indicator Price Pro Value Chart Profissional - PT-BR EURUSD,M5: loaded successfully
0	17:16:43.227	HistoryCenter: synchronize 'EURUSD5'
0	17:16:43.971	HistoryCenter: 2 bars imported in 'EURUSD5'
0	17:16:44.526	HistoryCenter: synchronize 'EURUSD5'
0	17:16:45.282	HistoryCenter: 2 bars imported in 'EURUSD5'
0	17:16:46.364	HistoryCenter: synchronize 'EURUSD5'
0	17:16:47.119	HistoryCenter: 2 bars imported in 'EURUSD5'
0	17:16:48.211	HistoryCenter: synchronize 'EURUSD5'
0	17:16:48.924	HistoryCenter: 2 bars imported in 'EURUSD5'
2	17:16:49.244	Custom indicator fadedbckgrnd2__1 EURGBP,M5: removed
2	17:16:49.245	Custom indicator FixedChartScale EURGBP,M5: removed
2	17:16:49.262	Custom indicator fadedbckgrnd2__1 EURGBP,M5: loaded successfully
2	17:16:49.271	Custom indicator FixedChartScale EURGBP,M5: loaded successfully
2	17:16:49.394	Custom indicator Price Pro Value Chart Profissional - PT-BR EURGBP,M5: loaded successfully
0	17:16:49.470	HistoryCenter: synchronize 'EURUSD5'
0	17:16:50.257	HistoryCenter: 2 bars imported in 'EURUSD5'
0	17:16:50.257	HistoryCenter: synchronize 'EURGBP5'
0	17:16:51.002	HistoryCenter: 2 bars imported in 'EURGBP5'
0	17:16:51.551	HistoryCenter: synchronize 'EURGBP5'
0	17:16:52.284	HistoryCenter: 2 bars imported in 'EURGBP5'
0	17:16:52.284	HistoryCenter: synchronize 'EURUSD5'
0	17:16:53.027	HistoryCenter: 2 bars imported in 'EURUSD5'
0	17:16:53.027	HistoryCenter: synchronize 'EURGBP5'
0	17:16:53.783	HistoryCenter: 2 bars imported in 'EURGBP5'
0	17:16:54.324	HistoryCenter: synchronize 'EURUSD5'
0	17:16:55.102	HistoryCenter: 2 bars imported in 'EURUSD5'
0	17:16:55.102	HistoryCenter: synchronize 'EURGBP5'
0	17:16:55.848	HistoryCenter: 2 bars imported in 'EURGBP5'
0	17:16:56.388	HistoryCenter: synchronize 'EURUSD5'
0	17:16:57.129	HistoryCenter: 2 bars imported in 'EURUSD5'
0	17:16:57.129	HistoryCenter: synchronize 'EURGBP5'
0	17:16:57.852	HistoryCenter: 2 bars imported in 'EURGBP5'
0	17:16:58.402	HistoryCenter: synchronize 'EURUSD5'
0	17:16:59.168	HistoryCenter: 2 bars imported in 'EURUSD5'
0	17:16:59.168	HistoryCenter: synchronize 'EURGBP5'
0	17:16:59.903	HistoryCenter: 2 bars imported in 'EURGBP5'
0	17:17:00.447	HistoryCenter: synchronize 'EURUSD5'
0	17:17:01.210	HistoryCenter: 2 bars imported in 'EURUSD5'
0	17:17:01.210	HistoryCenter: synchronize 'EURGBP5'
0	17:17:01.947	HistoryCenter: 2 bars imported in 'EURGBP5'
0	17:17:03.043	HistoryCenter: synchronize 'EURGBP5'
0	17:17:03.933	HistoryCenter: 2 bars imported in 'EURGBP5'
0	17:17:05.036	HistoryCenter: synchronize 'EURGBP5'
0	17:17:05.780	HistoryCenter: 2 bars imported in 'EURGBP5'
0	17:17:06.882	HistoryCenter: synchronize 'EURGBP5'
0	17:17:07.607	HistoryCenter: 2 bars imported in 'EURGBP5'
0	17:17:08.151	HistoryCenter: synchronize 'EURGBP5'
0	17:17:08.912	HistoryCenter: 2 bars imported in 'EURGBP5'
2	17:27:46.329	Custom indicator Accumulation EURGBP,M5: loaded successfully
2	17:27:52.756	Custom indicator Accumulation EURGBP,M5: removed
2	17:30:35.018	Custom indicator !@Ventsel_Puchok EURUSD,M5: loaded successfully
2	17:31:00.056	Custom indicator !@Ventsel_Puchok EURUSD,M5: removed
2	17:31:02.170	Custom indicator !koral EURUSD,M5: loaded successfully
2	17:31:04.395	Custom indicator !koral EURUSD,M5: removed
2	17:31:07.498	Custom indicator !koral EURUSD,M5: loaded successfully
2	17:31:17.122	Custom indicator !koral EURUSD,M5: removed
2	17:31:58.289	Custom indicator !TPO EURUSD,M5: loaded successfully
2	17:35:52.625	Custom indicator !TPO EURUSD,M5: removed
2	17:35:56.168	Custom indicator !TPO-Range EURUSD,M5: loaded successfully
0	17:39:15.064	HistoryCenter: synchronize 'USDJPY5'
0	17:39:15.804	HistoryCenter: 82 bars imported in 'USDJPY5'
0	17:39:17.418	HistoryCenter: synchronize 'USDJPY5'
0	17:39:18.168	HistoryCenter: 2 bars imported in 'USDJPY5'
0	17:39:19.231	HistoryCenter: synchronize 'USDJPY5'
0	17:39:20.223	HistoryCenter: 2 bars imported in 'USDJPY5'
0	17:39:21.271	HistoryCenter: synchronize 'USDJPY5'
0	17:39:22.055	HistoryCenter: 2 bars imported in 'USDJPY5'
0	17:39:23.128	HistoryCenter: synchronize 'USDJPY5'
0	17:39:23.902	HistoryCenter: 2 bars imported in 'USDJPY5'
0	17:39:24.441	HistoryCenter: synchronize 'USDJPY5'
0	17:39:25.168	HistoryCenter: 2 bars imported in 'USDJPY5'
0	17:39:26.219	HistoryCenter: synchronize 'USDJPY5'
0	17:39:26.957	HistoryCenter: 2 bars imported in 'USDJPY5'
0	17:39:27.490	HistoryCenter: synchronize 'USDJPY5'
0	17:39:28.252	HistoryCenter: 2 bars imported in 'USDJPY5'
0	17:39:29.316	HistoryCenter: synchronize 'USDJPY5'
0	17:39:30.206	HistoryCenter: 2 bars imported in 'USDJPY5'
0	17:39:31.253	HistoryCenter: synchronize 'USDJPY5'
0	17:39:32.000	HistoryCenter: 2 bars imported in 'USDJPY5'
0	17:39:33.069	HistoryCenter: synchronize 'USDJPY5'
0	17:39:33.826	HistoryCenter: 2 bars imported in 'USDJPY5'
0	17:39:34.348	HistoryCenter: synchronize 'USDJPY5'
0	17:39:35.108	HistoryCenter: 2 bars imported in 'USDJPY5'
0	17:39:36.184	HistoryCenter: synchronize 'USDJPY5'
0	17:39:36.906	HistoryCenter: 2 bars imported in 'USDJPY5'
0	17:39:37.417	HistoryCenter: synchronize 'USDJPY5'
0	17:39:38.597	HistoryCenter: 2 bars imported in 'USDJPY5'
0	17:41:34.088	HistoryCenter: synchronize 'USDJPY1'
0	17:41:34.850	HistoryCenter: 2 bars imported in 'USDJPY1'
0	17:41:35.928	HistoryCenter: synchronize 'USDJPY1'
0	17:41:36.674	HistoryCenter: 2 bars imported in 'USDJPY1'
0	17:41:37.207	HistoryCenter: synchronize 'USDJPY1'
0	17:41:37.946	HistoryCenter: 2 bars imported in 'USDJPY1'
0	17:41:38.482	HistoryCenter: synchronize 'USDJPY1'
0	17:41:39.206	HistoryCenter: 2 bars imported in 'USDJPY1'
0	17:41:40.287	HistoryCenter: synchronize 'USDJPY1'
0	17:41:41.031	HistoryCenter: 2 bars imported in 'USDJPY1'
0	17:41:42.113	HistoryCenter: synchronize 'USDJPY1'
0	17:41:42.871	HistoryCenter: 2 bars imported in 'USDJPY1'
0	17:41:42.871	HistoryCenter: synchronize 'GBPUSD1'
0	17:41:43.630	HistoryCenter: 2 bars imported in 'GBPUSD1'
0	17:41:44.163	HistoryCenter: synchronize 'GBPUSD1'
0	17:41:44.883	HistoryCenter: 2 bars imported in 'GBPUSD1'
0	17:41:45.424	HistoryCenter: synchronize 'GBPUSD1'
0	17:41:46.187	HistoryCenter: 2 bars imported in 'GBPUSD1'
0	17:41:46.741	HistoryCenter: synchronize 'GBPUSD1'
0	17:41:47.485	HistoryCenter: 2 bars imported in 'GBPUSD1'
0	17:41:48.558	HistoryCenter: synchronize 'GBPUSD1'
0	17:41:49.306	HistoryCenter: 2 bars imported in 'GBPUSD1'
0	17:41:49.853	HistoryCenter: synchronize 'GBPUSD1'
0	17:41:50.610	HistoryCenter: 2 bars imported in 'GBPUSD1'
0	17:42:01.235	HistoryCenter: synchronize 'USDJPY1'
0	17:42:02.012	HistoryCenter: 2 bars imported in 'USDJPY1'
0	17:42:03.104	HistoryCenter: synchronize 'USDJPY1'
0	17:42:03.844	HistoryCenter: 2 bars imported in 'USDJPY1'
0	17:42:04.373	HistoryCenter: synchronize 'USDJPY1'
0	17:42:05.127	HistoryCenter: 2 bars imported in 'USDJPY1'
0	17:42:06.180	HistoryCenter: synchronize 'USDJPY1'
0	17:42:06.904	HistoryCenter: 2 bars imported in 'USDJPY1'
0	17:42:07.450	HistoryCenter: synchronize 'USDJPY1'
0	17:42:08.226	HistoryCenter: 2 bars imported in 'USDJPY1'
0	17:42:09.281	HistoryCenter: synchronize 'USDJPY1'
0	17:42:10.016	HistoryCenter: 2 bars imported in 'USDJPY1'
0	17:42:10.542	HistoryCenter: synchronize 'USDJPY1'
0	17:42:11.262	HistoryCenter: 2 bars imported in 'USDJPY1'
0	17:42:12.308	HistoryCenter: synchronize 'USDJPY1'
0	17:42:13.051	HistoryCenter: 2 bars imported in 'USDJPY1'
2	17:42:23.051	Custom indicator !TPO-Range USDJPY,M1: removed
0	17:42:26.880	HistoryCenter: synchronize 'USDJPY5'
0	17:42:27.646	HistoryCenter: 2 bars imported in 'USDJPY5'
0	17:42:28.180	HistoryCenter: synchronize 'USDJPY5'
0	17:42:28.930	HistoryCenter: 2 bars imported in 'USDJPY5'
0	17:42:29.463	HistoryCenter: synchronize 'USDJPY5'
0	17:42:30.218	HistoryCenter: 2 bars imported in 'USDJPY5'
0	17:42:30.765	HistoryCenter: synchronize 'USDJPY5'
0	17:42:31.488	HistoryCenter: 2 bars imported in 'USDJPY5'
0	17:42:32.543	HistoryCenter: synchronize 'USDJPY5'
0	17:42:33.334	HistoryCenter: 2 bars imported in 'USDJPY5'
0	17:42:34.399	HistoryCenter: synchronize 'USDJPY5'
0	17:42:35.145	HistoryCenter: 2 bars imported in 'USDJPY5'
0	17:42:35.666	HistoryCenter: synchronize 'USDJPY5'
0	17:42:36.430	HistoryCenter: 2 bars imported in 'USDJPY5'
0	17:42:37.503	HistoryCenter: synchronize 'USDJPY5'
0	17:42:38.228	HistoryCenter: 2 bars imported in 'USDJPY5'
0	17:42:38.784	HistoryCenter: synchronize 'USDJPY5'
0	17:42:39.845	HistoryCenter: 2 bars imported in 'USDJPY5'
0	17:42:40.375	HistoryCenter: synchronize 'USDJPY5'
0	17:42:41.130	HistoryCenter: 2 bars imported in 'USDJPY5'
0	17:42:41.668	HistoryCenter: synchronize 'USDJPY5'
0	17:42:42.432	HistoryCenter: 2 bars imported in 'USDJPY5'
0	17:42:43.489	HistoryCenter: synchronize 'USDJPY5'
0	17:42:44.225	HistoryCenter: 2 bars imported in 'USDJPY5'
0	17:42:44.750	HistoryCenter: synchronize 'USDJPY5'
0	17:42:45.485	HistoryCenter: 2 bars imported in 'USDJPY5'
0	17:42:46.549	HistoryCenter: synchronize 'USDJPY5'
0	17:42:47.318	HistoryCenter: 2 bars imported in 'USDJPY5'
0	17:42:47.868	HistoryCenter: synchronize 'USDJPY5'
0	17:42:48.645	HistoryCenter: 2 bars imported in 'USDJPY5'
0	17:42:49.699	HistoryCenter: synchronize 'USDJPY5'
0	17:42:50.455	HistoryCenter: 2 bars imported in 'USDJPY5'
0	17:42:51.520	HistoryCenter: synchronize 'USDJPY5'
0	17:42:52.283	HistoryCenter: 2 bars imported in 'USDJPY5'
0	17:42:52.809	HistoryCenter: synchronize 'USDJPY5'
0	17:42:53.565	HistoryCenter: 2 bars imported in 'USDJPY5'
0	17:43:09.489	HistoryCenter: synchronize 'EURUSD5'
0	17:43:10.305	HistoryCenter: 2 bars imported in 'EURUSD5'
0	17:43:10.845	HistoryCenter: synchronize 'EURUSD5'
0	17:43:11.600	HistoryCenter: 2 bars imported in 'EURUSD5'
0	17:43:12.112	HistoryCenter: synchronize 'EURUSD5'
0	17:43:12.849	HistoryCenter: 2 bars imported in 'EURUSD5'
0	17:43:13.393	HistoryCenter: synchronize 'EURUSD5'
0	17:43:14.385	HistoryCenter: 2 bars imported in 'EURUSD5'
0	17:43:15.440	HistoryCenter: synchronize 'EURUSD5'
0	17:43:16.191	HistoryCenter: 2 bars imported in 'EURUSD5'
0	17:43:17.245	HistoryCenter: synchronize 'EURUSD5'
0	17:43:18.014	HistoryCenter: 2 bars imported in 'EURUSD5'
0	17:43:19.074	HistoryCenter: synchronize 'EURUSD5'
0	17:43:19.822	HistoryCenter: 2 bars imported in 'EURUSD5'
0	17:43:20.380	HistoryCenter: synchronize 'EURUSD5'
0	17:43:21.124	HistoryCenter: 2 bars imported in 'EURUSD5'
0	17:43:22.192	HistoryCenter: synchronize 'EURUSD5'
0	17:43:22.929	HistoryCenter: 2 bars imported in 'EURUSD5'
0	17:43:23.454	HistoryCenter: synchronize 'EURUSD5'
0	17:43:24.433	HistoryCenter: 2 bars imported in 'EURUSD5'
0	17:43:25.515	HistoryCenter: synchronize 'EURUSD5'
0	17:43:26.234	HistoryCenter: 2 bars imported in 'EURUSD5'
0	17:43:27.298	HistoryCenter: synchronize 'EURUSD5'
0	17:43:28.054	HistoryCenter: 2 bars imported in 'EURUSD5'
0	17:43:29.114	HistoryCenter: synchronize 'EURUSD5'
0	17:43:29.857	HistoryCenter: 2 bars imported in 'EURUSD5'
0	17:43:30.385	HistoryCenter: synchronize 'EURUSD5'
0	17:43:31.118	HistoryCenter: 2 bars imported in 'EURUSD5'
2	17:47:14.912	Custom indicator #MT TrendLine EURUSD,M5: loaded successfully
2	17:47:21.990	Custom indicator #MT TrendLine EURUSD,M5: removed
2	17:47:25.749	Custom indicator #Signal_Bars_v6 EURUSD,M5: loaded successfully
2	17:47:32.381	Custom indicator #Signal_Bars_v6 EURUSD,M5: removed
2	17:47:45.359	Custom indicator $_NVC Light_new EURUSD,M5: loaded successfully
0	17:47:46.583	HistoryCenter: synchronize 'EURUSD5'
0	17:47:47.377	HistoryCenter: 2 bars imported in 'EURUSD5'
2	17:48:51.864	Custom indicator $_NVC Light_new EURUSD,M5: removed
2	17:49:00.592	Custom indicator 0i Trend_RonsSite EURUSD,M5: loaded successfully
2	17:49:08.055	Custom indicator 0i Trend_RonsSite EURUSD,M5: removed
2	17:49:14.510	Custom indicator 1Ultimate-Trend-Signals-v2-600 EURUSD,M5: loaded successfully
2	17:50:16.391	Custom indicator fadedbckgrnd2__1 EURUSD,M5: removed
2	17:50:16.392	Custom indicator FixedChartScale EURUSD,M5: removed
2	17:50:16.393	Custom indicator 1Ultimate-Trend-Signals-v2-600 EURUSD,M5: removed
2	17:50:16.407	Custom indicator Price Pro Value Chart Profissional - PT-BR EURUSD,M5: removed
2	17:50:16.418	Custom indicator iclock_mod1 EURUSD,M5: loaded successfully
2	17:50:21.466	Expert PriceProCharts EURUSD,M5: loaded successfully
0	17:50:23.389	HistoryCenter: synchronize 'EURUSD5'
0	17:50:24.148	HistoryCenter: 2 bars imported in 'EURUSD5'
2	17:50:43.237	Custom indicator DIAMANTE V3 TELEGRAM @COMUNIDADGRATIS V3 EURUSDiqo,M1: loaded successfully
2	17:51:50.984	Custom indicator DIAMANTE V3 TELEGRAM @COMUNIDADGRATIS V3 EURUSDiqo,M1: removed
2	17:51:50.995	Custom indicator iclock_mod1 EURUSDiqo,M1: loaded successfully
2	17:51:56.645	Custom indicator iclock_mod1 EURUSDiqo,M1: removed
2	17:52:00.901	Custom indicator DIAMANTE V3 TELEGRAM @COMUNIDADGRATIS V3 EURUSDiqo,M1: loaded successfully
2	17:52:49.456	Custom indicator DIAMANTE V3 TELEGRAM @COMUNIDADGRATIS V3 EURUSDiqo,M1: removed
2	17:52:49.514	Custom indicator DIAMANTE V3 TELEGRAM @COMUNIDADGRATIS V3 EURUSDiqo,M1: loaded successfully
2	17:52:58.651	Custom indicator DIAMANTE V3 TELEGRAM @COMUNIDADGRATIS V3 EURUSDiqo,M1: removed
2	17:53:07.079	Expert PriceProCharts EURUSD,M5: removed
2	17:53:07.083	Custom indicator iclock_mod1 EURUSD,M5: removed
2	17:53:07.091	Custom indicator iclock_mod1 EURUSD,M5: loaded successfully
2	17:53:13.851	Expert EABiBot_Tick EURUSD,M5: loaded successfully
2	17:54:00.783	Custom indicator DIAMANTE V3 TELEGRAM @COMUNIDADGRATIS V3 EURUSD-OTC,M1: loaded successfully
2	18:03:52.534	Custom indicator DIAMANTE V3 TELEGRAM @COMUNIDADGRATIS V3 EURUSD-OTC,M1: removed
2	18:03:52.546	Custom indicator iclock_mod1 EURUSD-OTC,M1: loaded successfully
2	18:04:00.840	Custom indicator DiamanteIA EURUSD-OTC,M1: loaded successfully
2	18:04:03.960	Custom indicator DiamanteIA EURUSD-OTC,M1: removed
2	18:04:05.046	Custom indicator DiamanteIA Pro  TELEGRAM@INDICADORESGRATIS EURUSD-OTC,M1: loaded successfully
2	18:05:08.043	Custom indicator iclock_mod1 EURUSD-OTC,M1: removed
2	18:10:27.813	Custom indicator 1x5 warning systemNoReDraw EURGBP,M5: loaded successfully
2	18:10:35.820	Custom indicator 1x5 warning systemNoReDraw EURGBP,M5: removed
2	18:11:54.341	Custom indicator 6) PVSRA Volumes Set v2 (Black) EURGBP,M5: loaded successfully
2	18:15:24.317	Custom indicator 6) PVSRA Volumes Set v2 (Black) EURGBP,M5: removed
2	18:15:30.093	Custom indicator [FXI]TrendFinder EURGBP,M5: loaded successfully
2	18:15:40.926	Custom indicator [FXI]TrendFinder EURGBP,M5: removed
2	18:16:02.406	Custom indicator AM_TREND_INDICATOR EURGBP,M5: loaded successfully
2	18:16:21.299	Custom indicator AM_TREND_INDICATOR EURGBP,M5: removed
2	18:17:10.561	Custom indicator fadedbckgrnd2__1 EURGBP,M5: removed
2	18:17:10.561	Custom indicator FixedChartScale EURGBP,M5: removed
2	18:17:10.578	Custom indicator Price Pro Value Chart Profissional - PT-BR EURGBP,M5: removed
2	18:17:10.590	Custom indicator fadedbckgrnd2__1 EURGBP,M5: loaded successfully
2	18:17:10.602	Custom indicator FixedChartScale EURGBP,M5: loaded successfully
2	18:17:10.726	Custom indicator Price Pro Value Chart Profissional - PT-BR EURGBP,M5: loaded successfully
0	18:17:11.326	HistoryCenter: synchronize 'EURGBP5'
0	18:17:12.076	HistoryCenter: 2 bars imported in 'EURGBP5'
0	18:17:13.154	HistoryCenter: synchronize 'EURGBP5'
0	18:17:14.173	HistoryCenter: 2 bars imported in 'EURGBP5'
0	18:17:15.237	HistoryCenter: synchronize 'EURGBP5'
2	18:17:15.960	Custom indicator fadedbckgrnd2__1 EURGBP,M5: removed
2	18:17:15.960	Custom indicator FixedChartScale EURGBP,M5: removed
2	18:17:15.976	Custom indicator Price Pro Value Chart Profissional - PT-BR EURGBP,M5: removed
0	18:17:15.992	HistoryCenter: 2 bars imported in 'EURGBP5'
1	18:26:02.793	'15069840': ping failed
1	18:26:02.856	'15069840': connect failed [Sem conexão]
0	18:27:11.192	'15069840': login on Alpari-Demo through Demo.Europe.4 (ping: n/a)
1	18:27:19.447	'15069840': datacenter connecting failed [6]
0	18:27:19.477	'15069840': auto connecting to a better access point Demo.Europe.9:1119 (ping is n/a)
0	18:27:26.052	'15069840': login on Alpari-Demo through Demo.Europe.9:1119 (ping: n/a)
0	18:27:28.522	'15069840': login datacenter on Alpari-Demo through Demo.Europe.9:1119 (ping: n/a)
0	18:27:29.362	'15069840': previous successful authorization performed from 177.13.217.201
0	18:28:15.707	'15069840': ping to current access point Demo.Europe.9:1119 is 267.94 ms
2	18:51:06.834	Custom indicator DiamanteIA Pro  TELEGRAM@INDICADORESGRATIS EURUSD-OTC,M1: removed
2	18:51:11.685	Expert EABiBot_Tick EURUSD,M5: removed
2	18:51:11.688	Custom indicator iclock_mod1 EURUSD,M5: removed
0	18:51:13.989	Alpari MT4 build 1359 stopped
0	19:36:12.579	Alpari MT4 build 1359 started (Alpari International)
0	19:36:12.580	Windows 10 Pro x64, IE 11, UAC, 8 x Intel Core i7-7700HQ  @ 2.80GHz, Memory: 11601 / 16267 Mb, Disk: 391 / 476 Gb, GMT-3
0	19:36:12.580	Data Folder: C:\Users\Administrator\AppData\Roaming\MetaQuotes\Terminal\287469DEA9630EA94D0715D755974F1B
0	19:36:15.343	'15069840': login on Alpari-Demo through Demo.Europe.9:1119 (ping: 267.94 ms)
0	19:36:17.877	'15069840': login datacenter on Alpari-Demo through Demo.Europe.9:1119 (ping: 267.94 ms)
0	19:36:18.887	'15069840': previous successful authorization performed from 177.13.217.201
2	19:37:09.067	Custom indicator fadedbckgrnd2__1 EURUSD,M5: loaded successfully
2	19:37:09.076	Custom indicator FixedChartScale EURUSD,M5: loaded successfully
2	19:37:09.204	Custom indicator Price Pro Value Chart Profissional - PT-BR EURUSD,M5: loaded successfully
0	19:37:09.905	HistoryCenter: synchronize 'EURUSD5'
0	19:37:10.736	HistoryCenter: 2 bars imported in 'EURUSD5'
0	19:37:12.328	HistoryCenter: synchronize 'EURUSD5'
0	19:37:13.342	HistoryCenter: 2 bars imported in 'EURUSD5'
0	19:37:13.868	HistoryCenter: synchronize 'EURUSD5'
0	19:37:14.906	HistoryCenter: 2 bars imported in 'EURUSD5'
0	19:37:15.442	HistoryCenter: synchronize 'EURUSD5'
0	19:37:16.207	HistoryCenter: 2 bars imported in 'EURUSD5'
0	19:37:16.223	'15069840': auto connecting to a better access point Demo.Europe.2:444 (ping is 260.83 ms)
0	19:37:16.739	HistoryCenter: synchronize 'EURUSD5'
0	19:37:17.078	'15069840': login on Alpari-Demo through Demo.Europe.2:444 (ping: 260.83 ms)
0	19:37:17.478	HistoryCenter: 2 bars imported in 'EURUSD5'
0	19:37:18.533	HistoryCenter: synchronize 'EURUSD5'
0	19:37:20.035	'15069840': login datacenter on Alpari-Demo through Demo.Europe.2:444 (ping: 260.83 ms)
0	19:37:20.088	HistoryCenter: 2 bars imported in 'EURUSD5'
0	19:37:20.634	HistoryCenter: synchronize 'EURUSD5'
0	19:37:20.682	'15069840': previous successful authorization performed from 177.13.217.201
0	19:37:21.388	HistoryCenter: 2 bars imported in 'EURUSD5'
0	19:37:21.916	HistoryCenter: synchronize 'EURUSD5'
0	19:37:22.676	HistoryCenter: 2 bars imported in 'EURUSD5'
0	19:37:23.742	HistoryCenter: synchronize 'EURUSD5'
0	19:37:24.475	HistoryCenter: 2 bars imported in 'EURUSD5'
0	19:37:25.559	HistoryCenter: synchronize 'EURUSD5'
0	19:37:26.307	HistoryCenter: 2 bars imported in 'EURUSD5'
0	19:37:26.850	HistoryCenter: synchronize 'EURUSD5'
0	19:37:29.457	HistoryCenter: 2 bars imported in 'EURUSD5'
0	19:40:18.882	HistoryCenter: synchronize 'EURUSD5'
0	19:40:20.109	HistoryCenter: 2 bars imported in 'EURUSD5'
0	19:40:20.646	HistoryCenter: synchronize 'EURUSD5'
0	19:40:22.564	HistoryCenter: 2 bars imported in 'EURUSD5'
0	19:40:23.093	HistoryCenter: synchronize 'EURUSD5'
0	19:40:23.849	HistoryCenter: 2 bars imported in 'EURUSD5'
0	19:40:24.393	HistoryCenter: synchronize 'EURUSD5'
0	19:40:25.655	HistoryCenter: 2 bars imported in 'EURUSD5'
2	19:41:00.994	Custom indicator fadedbckgrnd2__1 EURUSD,M5: removed
2	19:41:00.994	Custom indicator FixedChartScale EURUSD,M5: removed
2	19:41:01.009	Custom indicator Price Pro Value Chart Profissional - PT-BR EURUSD,M5: removed
2	19:41:01.019	Custom indicator fadedbckgrnd2__1 EURUSD,M5: loaded successfully
2	19:41:01.029	Custom indicator FixedChartScale EURUSD,M5: loaded successfully
2	19:41:01.146	Custom indicator Price Pro Value Chart Profissional - PT-BR EURUSD,M5: loaded successfully
0	19:41:02.488	HistoryCenter: synchronize 'EURUSD5'
0	19:41:03.248	HistoryCenter: 2 bars imported in 'EURUSD5'
0	19:41:03.787	HistoryCenter: synchronize 'EURUSD5'
0	19:41:04.629	HistoryCenter: 2 bars imported in 'EURUSD5'
0	19:41:05.728	HistoryCenter: synchronize 'EURUSD5'
0	19:41:07.069	HistoryCenter: 2 bars imported in 'EURUSD5'
0	19:41:07.622	HistoryCenter: synchronize 'EURUSD5'
0	19:41:09.450	HistoryCenter: 2 bars imported in 'EURUSD5'
0	19:41:10.530	HistoryCenter: synchronize 'EURUSD5'
0	19:41:13.211	HistoryCenter: 2 bars imported in 'EURUSD5'
0	19:41:13.735	HistoryCenter: synchronize 'EURUSD5'
0	19:41:15.386	HistoryCenter: 2 bars imported in 'EURUSD5'
0	19:41:16.433	HistoryCenter: synchronize 'EURUSD5'
0	19:41:17.184	HistoryCenter: 2 bars imported in 'EURUSD5'
0	19:41:17.730	HistoryCenter: synchronize 'EURUSD5'
0	19:41:19.218	HistoryCenter: 2 bars imported in 'EURUSD5'
2	19:41:56.228	Custom indicator fadedbckgrnd2__1 EURUSD,M5: removed
2	19:41:56.228	Custom indicator FixedChartScale EURUSD,M5: removed
2	19:41:56.244	Custom indicator Price Pro Value Chart Profissional - PT-BR EURUSD,M5: removed
2	19:41:56.255	Custom indicator fadedbckgrnd2__1 EURUSD,M5: loaded successfully
2	19:41:56.263	Custom indicator FixedChartScale EURUSD,M5: loaded successfully
2	19:41:56.383	Custom indicator Price Pro Value Chart Profissional - PT-BR EURUSD,M5: loaded successfully
0	19:41:56.711	HistoryCenter: synchronize 'EURUSD5'
0	19:41:57.483	HistoryCenter: 2 bars imported in 'EURUSD5'
0	19:41:59.081	HistoryCenter: synchronize 'EURUSD5'
0	19:41:59.819	HistoryCenter: 2 bars imported in 'EURUSD5'
0	19:42:00.893	HistoryCenter: synchronize 'EURUSD5'
0	19:42:01.703	HistoryCenter: 2 bars imported in 'EURUSD5'
0	19:42:02.776	HistoryCenter: synchronize 'EURUSD5'
0	19:42:03.935	HistoryCenter: 2 bars imported in 'EURUSD5'
0	19:42:05.002	HistoryCenter: synchronize 'EURUSD5'
0	19:42:06.818	HistoryCenter: 2 bars imported in 'EURUSD5'
0	19:42:07.883	HistoryCenter: synchronize 'EURUSD5'
0	19:42:10.069	HistoryCenter: 2 bars imported in 'EURUSD5'
0	19:42:11.135	HistoryCenter: synchronize 'EURUSD5'
0	19:42:12.408	HistoryCenter: 2 bars imported in 'EURUSD5'
0	19:42:12.937	HistoryCenter: synchronize 'EURUSD5'
0	19:42:15.259	HistoryCenter: 2 bars imported in 'EURUSD5'
0	19:42:15.783	HistoryCenter: synchronize 'EURUSD5'
0	19:42:17.358	HistoryCenter: 2 bars imported in 'EURUSD5'
0	19:42:17.888	HistoryCenter: synchronize 'EURUSD5'
0	19:42:19.362	HistoryCenter: 2 bars imported in 'EURUSD5'
2	19:44:56.998	Custom indicator iclock_mod1 EURGBP,M5: loaded successfully
2	19:45:00.858	Custom indicator iclock_mod1 EURGBP,M5: removed
2	19:45:00.866	Custom indicator fadedbckgrnd2__1 EURGBP,M5: loaded successfully
2	19:45:00.878	Custom indicator FixedChartScale EURGBP,M5: loaded successfully
2	19:45:00.999	Custom indicator Price Pro Value Chart Profissional - PT-BR EURGBP,M5: loaded successfully
0	19:45:02.043	HistoryCenter: synchronize 'EURGBP5'
0	19:45:02.864	HistoryCenter: 2 bars imported in 'EURGBP5'
0	19:45:03.408	HistoryCenter: synchronize 'EURGBP5'
0	19:45:04.153	HistoryCenter: 2 bars imported in 'EURGBP5'
0	19:45:04.688	HistoryCenter: synchronize 'EURGBP5'
0	19:45:05.486	HistoryCenter: 2 bars imported in 'EURGBP5'
0	19:45:06.578	HistoryCenter: synchronize 'EURGBP5'
0	19:45:08.978	HistoryCenter: 2 bars imported in 'EURGBP5'
0	19:45:09.499	HistoryCenter: synchronize 'EURGBP5'
0	19:45:10.754	HistoryCenter: 2 bars imported in 'EURGBP5'
0	19:45:11.286	HistoryCenter: synchronize 'EURGBP5'
0	19:45:12.256	HistoryCenter: 2 bars imported in 'EURGBP5'
0	19:45:13.325	HistoryCenter: synchronize 'EURGBP5'
0	19:45:15.100	HistoryCenter: 2 bars imported in 'EURGBP5'
0	19:45:15.635	HistoryCenter: synchronize 'EURGBP5'
0	19:45:16.448	HistoryCenter: 2 bars imported in 'EURGBP5'
0	19:45:17.503	HistoryCenter: synchronize 'EURGBP5'
0	19:45:18.288	HistoryCenter: 2 bars imported in 'EURGBP5'
0	19:45:19.377	HistoryCenter: synchronize 'EURGBP5'
0	19:45:20.523	HistoryCenter: 2 bars imported in 'EURGBP5'
0	19:45:21.592	HistoryCenter: synchronize 'EURGBP5'
0	19:45:22.323	HistoryCenter: 2 bars imported in 'EURGBP5'
0	19:45:23.392	HistoryCenter: synchronize 'EURGBP5'
0	19:45:24.776	HistoryCenter: 2 bars imported in 'EURGBP5'
0	19:47:06.347	HistoryCenter: synchronize 'EURUSD5'
0	19:47:07.178	HistoryCenter: 2 bars imported in 'EURUSD5'
0	19:48:38.608	HistoryCenter: synchronize 'EURUSD5'
0	19:48:39.668	HistoryCenter: 2 bars imported in 'EURUSD5'
0	19:48:40.193	HistoryCenter: synchronize 'EURUSD5'
0	19:48:41.100	HistoryCenter: 2 bars imported in 'EURUSD5'
0	19:48:41.630	HistoryCenter: synchronize 'EURUSD5'
0	19:48:42.703	HistoryCenter: 2 bars imported in 'EURUSD5'
0	19:48:43.765	HistoryCenter: synchronize 'EURUSD5'
0	19:48:44.851	HistoryCenter: 2 bars imported in 'EURUSD5'
0	19:48:45.398	HistoryCenter: synchronize 'EURUSD5'
0	19:48:46.352	HistoryCenter: 2 bars imported in 'EURUSD5'
0	19:48:47.413	HistoryCenter: synchronize 'EURUSD5'
0	19:48:48.164	HistoryCenter: 2 bars imported in 'EURUSD5'
0	19:48:48.702	HistoryCenter: synchronize 'EURUSD5'
0	19:48:50.418	HistoryCenter: 2 bars imported in 'EURUSD5'
0	19:48:51.488	HistoryCenter: synchronize 'EURUSD5'
0	19:48:52.264	HistoryCenter: 2 bars imported in 'EURUSD5'
0	19:48:52.802	HistoryCenter: synchronize 'EURUSD5'
0	19:48:53.631	HistoryCenter: 2 bars imported in 'EURUSD5'
0	19:48:54.698	HistoryCenter: synchronize 'EURUSD5'
0	19:48:55.451	HistoryCenter: 2 bars imported in 'EURUSD5'
0	19:48:56.533	HistoryCenter: synchronize 'EURUSD5'
0	19:48:57.282	HistoryCenter: 2 bars imported in 'EURUSD5'
0	19:48:57.812	HistoryCenter: synchronize 'EURUSD5'
0	19:48:58.601	HistoryCenter: 2 bars imported in 'EURUSD5'
0	19:48:59.658	HistoryCenter: synchronize 'EURUSD5'
0	19:49:00.529	HistoryCenter: 2 bars imported in 'EURUSD5'
2	19:49:01.603	Custom indicator fadedbckgrnd2__1 EURGBP,M5: removed
2	19:49:01.607	Custom indicator FixedChartScale EURGBP,M5: removed
2	19:49:01.623	Custom indicator Price Pro Value Chart Profissional - PT-BR EURGBP,M5: removed
2	19:49:01.635	Custom indicator fadedbckgrnd2__1 EURGBP,M5: loaded successfully
2	19:49:01.643	Custom indicator FixedChartScale EURGBP,M5: loaded successfully
2	19:49:01.767	Custom indicator Price Pro Value Chart Profissional - PT-BR EURGBP,M5: loaded successfully
0	19:49:02.681	HistoryCenter: synchronize 'EURGBP5'
0	19:49:03.421	HistoryCenter: 2 bars imported in 'EURGBP5'
0	19:49:03.945	HistoryCenter: synchronize 'EURGBP5'
0	19:49:04.663	HistoryCenter: 2 bars imported in 'EURGBP5'
0	19:49:05.193	HistoryCenter: synchronize 'EURGBP5'
0	19:49:06.037	HistoryCenter: 2 bars imported in 'EURGBP5'
0	19:49:07.088	HistoryCenter: synchronize 'EURGBP5'
0	19:49:07.813	HistoryCenter: 2 bars imported in 'EURGBP5'
0	19:49:08.355	HistoryCenter: synchronize 'EURGBP5'
0	19:49:09.687	HistoryCenter: 2 bars imported in 'EURGBP5'
0	19:49:10.232	HistoryCenter: synchronize 'EURGBP5'
0	19:49:11.533	HistoryCenter: 2 bars imported in 'EURGBP5'
0	19:49:12.065	HistoryCenter: synchronize 'EURGBP5'
0	19:49:12.807	HistoryCenter: 2 bars imported in 'EURGBP5'
0	19:49:13.352	HistoryCenter: synchronize 'EURGBP5'
0	19:49:14.084	HistoryCenter: 2 bars imported in 'EURGBP5'
0	19:49:15.177	HistoryCenter: synchronize 'EURGBP5'
0	19:49:16.058	HistoryCenter: 2 bars imported in 'EURGBP5'
0	19:49:17.132	HistoryCenter: synchronize 'EURGBP5'
0	19:49:17.899	HistoryCenter: 2 bars imported in 'EURGBP5'
0	19:49:18.421	HistoryCenter: synchronize 'EURGBP5'
0	19:49:19.143	HistoryCenter: 2 bars imported in 'EURGBP5'
0	19:49:20.202	HistoryCenter: synchronize 'EURGBP5'
0	19:49:21.147	HistoryCenter: 2 bars imported in 'EURGBP5'
0	19:49:22.197	HistoryCenter: synchronize 'EURGBP5'
0	19:49:22.972	HistoryCenter: 2 bars imported in 'EURGBP5'
0	19:49:23.505	HistoryCenter: synchronize 'EURGBP5'
0	19:49:24.245	HistoryCenter: 2 bars imported in 'EURGBP5'
0	19:49:25.312	HistoryCenter: synchronize 'EURGBP5'
0	19:49:26.236	HistoryCenter: 2 bars imported in 'EURGBP5'
